[2024-03-09T04:56:26.228+0000] {processor.py:161} INFO - Started process (PID=2630) to work on /opt/airflow/dags/weather.zip
[2024-03-09T04:56:26.235+0000] {processor.py:830} INFO - Processing file /opt/airflow/dags/weather.zip for tasks to queue
[2024-03-09T04:56:26.268+0000] {logging_mixin.py:188} INFO - [2024-03-09T04:56:26.266+0000] {dagbag.py:540} INFO - Filling up the DagBag from /opt/airflow/dags/weather.zip
[2024-03-09T04:56:26.455+0000] {processor.py:842} WARNING - No viable dags retrieved from /opt/airflow/dags/weather.zip
[2024-03-09T04:56:26.555+0000] {processor.py:183} INFO - Processing /opt/airflow/dags/weather.zip took 0.376 seconds
[2024-03-09T04:57:00.416+0000] {processor.py:161} INFO - Started process (PID=2688) to work on /opt/airflow/dags/weather.zip
[2024-03-09T04:57:00.427+0000] {processor.py:830} INFO - Processing file /opt/airflow/dags/weather.zip for tasks to queue
[2024-03-09T04:57:00.445+0000] {logging_mixin.py:188} INFO - [2024-03-09T04:57:00.443+0000] {dagbag.py:540} INFO - Filling up the DagBag from /opt/airflow/dags/weather.zip
[2024-03-09T04:57:00.651+0000] {processor.py:842} WARNING - No viable dags retrieved from /opt/airflow/dags/weather.zip
[2024-03-09T04:57:00.833+0000] {processor.py:183} INFO - Processing /opt/airflow/dags/weather.zip took 0.466 seconds
[2024-03-09T04:57:33.003+0000] {processor.py:161} INFO - Started process (PID=2744) to work on /opt/airflow/dags/weather.zip
[2024-03-09T04:57:33.007+0000] {processor.py:830} INFO - Processing file /opt/airflow/dags/weather.zip for tasks to queue
[2024-03-09T04:57:33.019+0000] {logging_mixin.py:188} INFO - [2024-03-09T04:57:33.016+0000] {dagbag.py:540} INFO - Filling up the DagBag from /opt/airflow/dags/weather.zip
[2024-03-09T04:57:33.063+0000] {processor.py:842} WARNING - No viable dags retrieved from /opt/airflow/dags/weather.zip
[2024-03-09T04:57:33.153+0000] {processor.py:183} INFO - Processing /opt/airflow/dags/weather.zip took 0.172 seconds
[2024-03-09T04:58:05.514+0000] {processor.py:161} INFO - Started process (PID=2802) to work on /opt/airflow/dags/weather.zip
[2024-03-09T04:58:05.517+0000] {processor.py:830} INFO - Processing file /opt/airflow/dags/weather.zip for tasks to queue
[2024-03-09T04:58:05.527+0000] {logging_mixin.py:188} INFO - [2024-03-09T04:58:05.525+0000] {dagbag.py:540} INFO - Filling up the DagBag from /opt/airflow/dags/weather.zip
[2024-03-09T04:58:05.553+0000] {processor.py:842} WARNING - No viable dags retrieved from /opt/airflow/dags/weather.zip
[2024-03-09T04:58:05.605+0000] {processor.py:183} INFO - Processing /opt/airflow/dags/weather.zip took 0.098 seconds
[2024-03-09T04:58:37.707+0000] {processor.py:161} INFO - Started process (PID=2860) to work on /opt/airflow/dags/weather.zip
[2024-03-09T04:58:37.711+0000] {processor.py:830} INFO - Processing file /opt/airflow/dags/weather.zip for tasks to queue
[2024-03-09T04:58:37.717+0000] {logging_mixin.py:188} INFO - [2024-03-09T04:58:37.716+0000] {dagbag.py:540} INFO - Filling up the DagBag from /opt/airflow/dags/weather.zip
[2024-03-09T04:58:37.751+0000] {processor.py:842} WARNING - No viable dags retrieved from /opt/airflow/dags/weather.zip
[2024-03-09T04:58:37.811+0000] {processor.py:183} INFO - Processing /opt/airflow/dags/weather.zip took 0.115 seconds
[2024-03-09T04:59:09.480+0000] {processor.py:161} INFO - Started process (PID=2918) to work on /opt/airflow/dags/weather.zip
[2024-03-09T04:59:09.483+0000] {processor.py:830} INFO - Processing file /opt/airflow/dags/weather.zip for tasks to queue
[2024-03-09T04:59:09.488+0000] {logging_mixin.py:188} INFO - [2024-03-09T04:59:09.487+0000] {dagbag.py:540} INFO - Filling up the DagBag from /opt/airflow/dags/weather.zip
[2024-03-09T04:59:09.507+0000] {processor.py:842} WARNING - No viable dags retrieved from /opt/airflow/dags/weather.zip
[2024-03-09T04:59:09.548+0000] {processor.py:183} INFO - Processing /opt/airflow/dags/weather.zip took 0.077 seconds
[2024-03-09T04:59:41.470+0000] {processor.py:161} INFO - Started process (PID=2976) to work on /opt/airflow/dags/weather.zip
[2024-03-09T04:59:41.473+0000] {processor.py:830} INFO - Processing file /opt/airflow/dags/weather.zip for tasks to queue
[2024-03-09T04:59:41.484+0000] {logging_mixin.py:188} INFO - [2024-03-09T04:59:41.483+0000] {dagbag.py:540} INFO - Filling up the DagBag from /opt/airflow/dags/weather.zip
[2024-03-09T04:59:41.518+0000] {processor.py:842} WARNING - No viable dags retrieved from /opt/airflow/dags/weather.zip
[2024-03-09T04:59:41.568+0000] {processor.py:183} INFO - Processing /opt/airflow/dags/weather.zip took 0.104 seconds
[2024-03-09T05:00:13.346+0000] {processor.py:161} INFO - Started process (PID=3034) to work on /opt/airflow/dags/weather.zip
[2024-03-09T05:00:13.350+0000] {processor.py:830} INFO - Processing file /opt/airflow/dags/weather.zip for tasks to queue
[2024-03-09T05:00:13.359+0000] {logging_mixin.py:188} INFO - [2024-03-09T05:00:13.357+0000] {dagbag.py:540} INFO - Filling up the DagBag from /opt/airflow/dags/weather.zip
[2024-03-09T05:00:13.383+0000] {processor.py:842} WARNING - No viable dags retrieved from /opt/airflow/dags/weather.zip
[2024-03-09T05:00:13.427+0000] {processor.py:183} INFO - Processing /opt/airflow/dags/weather.zip took 0.091 seconds
[2024-03-09T05:00:45.940+0000] {processor.py:161} INFO - Started process (PID=3092) to work on /opt/airflow/dags/weather.zip
[2024-03-09T05:00:45.944+0000] {processor.py:830} INFO - Processing file /opt/airflow/dags/weather.zip for tasks to queue
[2024-03-09T05:00:45.960+0000] {logging_mixin.py:188} INFO - [2024-03-09T05:00:45.953+0000] {dagbag.py:540} INFO - Filling up the DagBag from /opt/airflow/dags/weather.zip
[2024-03-09T05:00:45.987+0000] {processor.py:842} WARNING - No viable dags retrieved from /opt/airflow/dags/weather.zip
[2024-03-09T05:00:46.039+0000] {processor.py:183} INFO - Processing /opt/airflow/dags/weather.zip took 0.114 seconds
[2024-03-09T05:03:57.136+0000] {processor.py:161} INFO - Started process (PID=45) to work on /opt/airflow/dags/weather.zip
[2024-03-09T05:03:57.237+0000] {processor.py:830} INFO - Processing file /opt/airflow/dags/weather.zip for tasks to queue
[2024-03-09T05:03:57.295+0000] {logging_mixin.py:188} INFO - [2024-03-09T05:03:57.287+0000] {dagbag.py:540} INFO - Filling up the DagBag from /opt/airflow/dags/weather.zip
[2024-03-09T05:03:57.358+0000] {processor.py:842} WARNING - No viable dags retrieved from /opt/airflow/dags/weather.zip
[2024-03-09T05:03:57.604+0000] {processor.py:183} INFO - Processing /opt/airflow/dags/weather.zip took 0.486 seconds
[2024-03-09T05:04:30.066+0000] {processor.py:161} INFO - Started process (PID=102) to work on /opt/airflow/dags/weather.zip
[2024-03-09T05:04:30.078+0000] {processor.py:830} INFO - Processing file /opt/airflow/dags/weather.zip for tasks to queue
[2024-03-09T05:04:30.085+0000] {logging_mixin.py:188} INFO - [2024-03-09T05:04:30.084+0000] {dagbag.py:540} INFO - Filling up the DagBag from /opt/airflow/dags/weather.zip
[2024-03-09T05:04:30.131+0000] {processor.py:842} WARNING - No viable dags retrieved from /opt/airflow/dags/weather.zip
[2024-03-09T05:04:30.172+0000] {processor.py:183} INFO - Processing /opt/airflow/dags/weather.zip took 0.114 seconds
[2024-03-09T05:05:02.445+0000] {processor.py:161} INFO - Started process (PID=160) to work on /opt/airflow/dags/weather.zip
[2024-03-09T05:05:02.449+0000] {processor.py:830} INFO - Processing file /opt/airflow/dags/weather.zip for tasks to queue
[2024-03-09T05:05:02.457+0000] {logging_mixin.py:188} INFO - [2024-03-09T05:05:02.456+0000] {dagbag.py:540} INFO - Filling up the DagBag from /opt/airflow/dags/weather.zip
[2024-03-09T05:05:02.480+0000] {processor.py:842} WARNING - No viable dags retrieved from /opt/airflow/dags/weather.zip
[2024-03-09T05:05:02.528+0000] {processor.py:183} INFO - Processing /opt/airflow/dags/weather.zip took 0.089 seconds
[2024-03-09T05:05:34.016+0000] {processor.py:161} INFO - Started process (PID=218) to work on /opt/airflow/dags/weather.zip
[2024-03-09T05:05:34.019+0000] {processor.py:830} INFO - Processing file /opt/airflow/dags/weather.zip for tasks to queue
[2024-03-09T05:05:34.025+0000] {logging_mixin.py:188} INFO - [2024-03-09T05:05:34.024+0000] {dagbag.py:540} INFO - Filling up the DagBag from /opt/airflow/dags/weather.zip
[2024-03-09T05:05:34.050+0000] {processor.py:842} WARNING - No viable dags retrieved from /opt/airflow/dags/weather.zip
[2024-03-09T05:05:34.101+0000] {processor.py:183} INFO - Processing /opt/airflow/dags/weather.zip took 0.094 seconds
[2024-03-09T05:06:06.068+0000] {processor.py:161} INFO - Started process (PID=276) to work on /opt/airflow/dags/weather.zip
[2024-03-09T05:06:06.071+0000] {processor.py:830} INFO - Processing file /opt/airflow/dags/weather.zip for tasks to queue
[2024-03-09T05:06:06.077+0000] {logging_mixin.py:188} INFO - [2024-03-09T05:06:06.076+0000] {dagbag.py:540} INFO - Filling up the DagBag from /opt/airflow/dags/weather.zip
[2024-03-09T05:06:06.097+0000] {processor.py:842} WARNING - No viable dags retrieved from /opt/airflow/dags/weather.zip
[2024-03-09T05:06:06.132+0000] {processor.py:183} INFO - Processing /opt/airflow/dags/weather.zip took 0.072 seconds
[2024-03-09T05:06:37.811+0000] {processor.py:161} INFO - Started process (PID=334) to work on /opt/airflow/dags/weather.zip
[2024-03-09T05:06:37.814+0000] {processor.py:830} INFO - Processing file /opt/airflow/dags/weather.zip for tasks to queue
[2024-03-09T05:06:37.820+0000] {logging_mixin.py:188} INFO - [2024-03-09T05:06:37.819+0000] {dagbag.py:540} INFO - Filling up the DagBag from /opt/airflow/dags/weather.zip
[2024-03-09T05:06:37.841+0000] {processor.py:842} WARNING - No viable dags retrieved from /opt/airflow/dags/weather.zip
[2024-03-09T05:06:37.882+0000] {processor.py:183} INFO - Processing /opt/airflow/dags/weather.zip took 0.083 seconds
[2024-03-09T05:07:09.323+0000] {processor.py:161} INFO - Started process (PID=392) to work on /opt/airflow/dags/weather.zip
[2024-03-09T05:07:09.326+0000] {processor.py:830} INFO - Processing file /opt/airflow/dags/weather.zip for tasks to queue
[2024-03-09T05:07:09.332+0000] {logging_mixin.py:188} INFO - [2024-03-09T05:07:09.330+0000] {dagbag.py:540} INFO - Filling up the DagBag from /opt/airflow/dags/weather.zip
[2024-03-09T05:07:09.352+0000] {processor.py:842} WARNING - No viable dags retrieved from /opt/airflow/dags/weather.zip
[2024-03-09T05:07:09.391+0000] {processor.py:183} INFO - Processing /opt/airflow/dags/weather.zip took 0.074 seconds
[2024-03-09T05:07:41.435+0000] {processor.py:161} INFO - Started process (PID=451) to work on /opt/airflow/dags/weather.zip
[2024-03-09T05:07:41.437+0000] {processor.py:830} INFO - Processing file /opt/airflow/dags/weather.zip for tasks to queue
[2024-03-09T05:07:41.444+0000] {logging_mixin.py:188} INFO - [2024-03-09T05:07:41.442+0000] {dagbag.py:540} INFO - Filling up the DagBag from /opt/airflow/dags/weather.zip
[2024-03-09T05:07:41.463+0000] {processor.py:842} WARNING - No viable dags retrieved from /opt/airflow/dags/weather.zip
[2024-03-09T05:07:41.499+0000] {processor.py:183} INFO - Processing /opt/airflow/dags/weather.zip took 0.072 seconds
[2024-03-09T05:08:13.582+0000] {processor.py:161} INFO - Started process (PID=509) to work on /opt/airflow/dags/weather.zip
[2024-03-09T05:08:13.585+0000] {processor.py:830} INFO - Processing file /opt/airflow/dags/weather.zip for tasks to queue
[2024-03-09T05:08:13.593+0000] {logging_mixin.py:188} INFO - [2024-03-09T05:08:13.592+0000] {dagbag.py:540} INFO - Filling up the DagBag from /opt/airflow/dags/weather.zip
[2024-03-09T05:08:13.611+0000] {processor.py:842} WARNING - No viable dags retrieved from /opt/airflow/dags/weather.zip
[2024-03-09T05:08:13.647+0000] {processor.py:183} INFO - Processing /opt/airflow/dags/weather.zip took 0.074 seconds
[2024-03-09T05:08:45.366+0000] {processor.py:161} INFO - Started process (PID=567) to work on /opt/airflow/dags/weather.zip
[2024-03-09T05:08:45.369+0000] {processor.py:830} INFO - Processing file /opt/airflow/dags/weather.zip for tasks to queue
[2024-03-09T05:08:45.375+0000] {logging_mixin.py:188} INFO - [2024-03-09T05:08:45.374+0000] {dagbag.py:540} INFO - Filling up the DagBag from /opt/airflow/dags/weather.zip
[2024-03-09T05:08:45.399+0000] {processor.py:842} WARNING - No viable dags retrieved from /opt/airflow/dags/weather.zip
[2024-03-09T05:08:45.437+0000] {processor.py:183} INFO - Processing /opt/airflow/dags/weather.zip took 0.080 seconds
[2024-03-09T05:09:17.833+0000] {processor.py:161} INFO - Started process (PID=625) to work on /opt/airflow/dags/weather.zip
[2024-03-09T05:09:17.837+0000] {processor.py:830} INFO - Processing file /opt/airflow/dags/weather.zip for tasks to queue
[2024-03-09T05:09:17.858+0000] {logging_mixin.py:188} INFO - [2024-03-09T05:09:17.856+0000] {dagbag.py:540} INFO - Filling up the DagBag from /opt/airflow/dags/weather.zip
[2024-03-09T05:09:17.882+0000] {processor.py:842} WARNING - No viable dags retrieved from /opt/airflow/dags/weather.zip
[2024-03-09T05:09:17.916+0000] {processor.py:183} INFO - Processing /opt/airflow/dags/weather.zip took 0.101 seconds
[2024-03-09T05:09:49.588+0000] {processor.py:161} INFO - Started process (PID=684) to work on /opt/airflow/dags/weather.zip
[2024-03-09T05:09:49.591+0000] {processor.py:830} INFO - Processing file /opt/airflow/dags/weather.zip for tasks to queue
[2024-03-09T05:09:49.596+0000] {logging_mixin.py:188} INFO - [2024-03-09T05:09:49.595+0000] {dagbag.py:540} INFO - Filling up the DagBag from /opt/airflow/dags/weather.zip
[2024-03-09T05:09:49.620+0000] {processor.py:842} WARNING - No viable dags retrieved from /opt/airflow/dags/weather.zip
[2024-03-09T05:09:49.659+0000] {processor.py:183} INFO - Processing /opt/airflow/dags/weather.zip took 0.078 seconds
[2024-03-09T05:10:21.499+0000] {processor.py:161} INFO - Started process (PID=742) to work on /opt/airflow/dags/weather.zip
[2024-03-09T05:10:21.502+0000] {processor.py:830} INFO - Processing file /opt/airflow/dags/weather.zip for tasks to queue
[2024-03-09T05:10:21.507+0000] {logging_mixin.py:188} INFO - [2024-03-09T05:10:21.506+0000] {dagbag.py:540} INFO - Filling up the DagBag from /opt/airflow/dags/weather.zip
[2024-03-09T05:10:21.525+0000] {processor.py:842} WARNING - No viable dags retrieved from /opt/airflow/dags/weather.zip
[2024-03-09T05:10:21.565+0000] {processor.py:183} INFO - Processing /opt/airflow/dags/weather.zip took 0.076 seconds
[2024-03-09T05:10:54.882+0000] {processor.py:161} INFO - Started process (PID=804) to work on /opt/airflow/dags/weather.zip
[2024-03-09T05:10:54.896+0000] {processor.py:830} INFO - Processing file /opt/airflow/dags/weather.zip for tasks to queue
[2024-03-09T05:10:54.912+0000] {logging_mixin.py:188} INFO - [2024-03-09T05:10:54.911+0000] {dagbag.py:540} INFO - Filling up the DagBag from /opt/airflow/dags/weather.zip
[2024-03-09T05:10:54.965+0000] {processor.py:842} WARNING - No viable dags retrieved from /opt/airflow/dags/weather.zip
[2024-03-09T05:10:55.083+0000] {processor.py:183} INFO - Processing /opt/airflow/dags/weather.zip took 0.230 seconds
[2024-03-09T05:11:27.628+0000] {processor.py:161} INFO - Started process (PID=862) to work on /opt/airflow/dags/weather.zip
[2024-03-09T05:11:27.631+0000] {processor.py:830} INFO - Processing file /opt/airflow/dags/weather.zip for tasks to queue
[2024-03-09T05:11:27.638+0000] {logging_mixin.py:188} INFO - [2024-03-09T05:11:27.637+0000] {dagbag.py:540} INFO - Filling up the DagBag from /opt/airflow/dags/weather.zip
[2024-03-09T05:11:27.672+0000] {processor.py:842} WARNING - No viable dags retrieved from /opt/airflow/dags/weather.zip
[2024-03-09T05:11:27.738+0000] {processor.py:183} INFO - Processing /opt/airflow/dags/weather.zip took 0.119 seconds
[2024-03-09T05:12:00.418+0000] {processor.py:161} INFO - Started process (PID=920) to work on /opt/airflow/dags/weather.zip
[2024-03-09T05:12:00.424+0000] {processor.py:830} INFO - Processing file /opt/airflow/dags/weather.zip for tasks to queue
[2024-03-09T05:12:00.439+0000] {logging_mixin.py:188} INFO - [2024-03-09T05:12:00.435+0000] {dagbag.py:540} INFO - Filling up the DagBag from /opt/airflow/dags/weather.zip
[2024-03-09T05:12:00.476+0000] {processor.py:842} WARNING - No viable dags retrieved from /opt/airflow/dags/weather.zip
[2024-03-09T05:12:00.547+0000] {processor.py:183} INFO - Processing /opt/airflow/dags/weather.zip took 0.143 seconds
[2024-03-09T05:12:33.396+0000] {processor.py:161} INFO - Started process (PID=978) to work on /opt/airflow/dags/weather.zip
[2024-03-09T05:12:33.400+0000] {processor.py:830} INFO - Processing file /opt/airflow/dags/weather.zip for tasks to queue
[2024-03-09T05:12:33.409+0000] {logging_mixin.py:188} INFO - [2024-03-09T05:12:33.407+0000] {dagbag.py:540} INFO - Filling up the DagBag from /opt/airflow/dags/weather.zip
[2024-03-09T05:12:33.442+0000] {processor.py:842} WARNING - No viable dags retrieved from /opt/airflow/dags/weather.zip
[2024-03-09T05:12:33.493+0000] {processor.py:183} INFO - Processing /opt/airflow/dags/weather.zip took 0.114 seconds
[2024-03-09T05:13:05.492+0000] {processor.py:161} INFO - Started process (PID=1037) to work on /opt/airflow/dags/weather.zip
[2024-03-09T05:13:05.495+0000] {processor.py:830} INFO - Processing file /opt/airflow/dags/weather.zip for tasks to queue
[2024-03-09T05:13:05.501+0000] {logging_mixin.py:188} INFO - [2024-03-09T05:13:05.500+0000] {dagbag.py:540} INFO - Filling up the DagBag from /opt/airflow/dags/weather.zip
[2024-03-09T05:13:05.530+0000] {processor.py:842} WARNING - No viable dags retrieved from /opt/airflow/dags/weather.zip
[2024-03-09T05:13:05.574+0000] {processor.py:183} INFO - Processing /opt/airflow/dags/weather.zip took 0.094 seconds
[2024-03-09T05:13:38.352+0000] {processor.py:161} INFO - Started process (PID=1095) to work on /opt/airflow/dags/weather.zip
[2024-03-09T05:13:38.361+0000] {processor.py:830} INFO - Processing file /opt/airflow/dags/weather.zip for tasks to queue
[2024-03-09T05:13:38.372+0000] {logging_mixin.py:188} INFO - [2024-03-09T05:13:38.370+0000] {dagbag.py:540} INFO - Filling up the DagBag from /opt/airflow/dags/weather.zip
[2024-03-09T05:13:38.401+0000] {processor.py:842} WARNING - No viable dags retrieved from /opt/airflow/dags/weather.zip
[2024-03-09T05:13:38.452+0000] {processor.py:183} INFO - Processing /opt/airflow/dags/weather.zip took 0.115 seconds
[2024-03-09T05:14:10.883+0000] {processor.py:161} INFO - Started process (PID=1153) to work on /opt/airflow/dags/weather.zip
[2024-03-09T05:14:10.889+0000] {processor.py:830} INFO - Processing file /opt/airflow/dags/weather.zip for tasks to queue
[2024-03-09T05:14:10.904+0000] {logging_mixin.py:188} INFO - [2024-03-09T05:14:10.902+0000] {dagbag.py:540} INFO - Filling up the DagBag from /opt/airflow/dags/weather.zip
[2024-03-09T05:14:10.956+0000] {processor.py:842} WARNING - No viable dags retrieved from /opt/airflow/dags/weather.zip
[2024-03-09T05:14:11.074+0000] {processor.py:183} INFO - Processing /opt/airflow/dags/weather.zip took 0.210 seconds
[2024-03-09T05:14:43.148+0000] {processor.py:161} INFO - Started process (PID=1212) to work on /opt/airflow/dags/weather.zip
[2024-03-09T05:14:43.151+0000] {processor.py:830} INFO - Processing file /opt/airflow/dags/weather.zip for tasks to queue
[2024-03-09T05:14:43.158+0000] {logging_mixin.py:188} INFO - [2024-03-09T05:14:43.156+0000] {dagbag.py:540} INFO - Filling up the DagBag from /opt/airflow/dags/weather.zip
[2024-03-09T05:14:43.179+0000] {processor.py:842} WARNING - No viable dags retrieved from /opt/airflow/dags/weather.zip
[2024-03-09T05:14:43.227+0000] {processor.py:183} INFO - Processing /opt/airflow/dags/weather.zip took 0.089 seconds
[2024-03-09T05:15:15.544+0000] {processor.py:161} INFO - Started process (PID=1269) to work on /opt/airflow/dags/weather.zip
[2024-03-09T05:15:15.548+0000] {processor.py:830} INFO - Processing file /opt/airflow/dags/weather.zip for tasks to queue
[2024-03-09T05:15:15.555+0000] {logging_mixin.py:188} INFO - [2024-03-09T05:15:15.553+0000] {dagbag.py:540} INFO - Filling up the DagBag from /opt/airflow/dags/weather.zip
[2024-03-09T05:15:15.604+0000] {processor.py:842} WARNING - No viable dags retrieved from /opt/airflow/dags/weather.zip
[2024-03-09T05:15:15.667+0000] {processor.py:183} INFO - Processing /opt/airflow/dags/weather.zip took 0.135 seconds
[2024-03-09T05:15:50.521+0000] {processor.py:161} INFO - Started process (PID=1327) to work on /opt/airflow/dags/weather.zip
[2024-03-09T05:15:50.563+0000] {processor.py:830} INFO - Processing file /opt/airflow/dags/weather.zip for tasks to queue
[2024-03-09T05:15:50.575+0000] {logging_mixin.py:188} INFO - [2024-03-09T05:15:50.573+0000] {dagbag.py:540} INFO - Filling up the DagBag from /opt/airflow/dags/weather.zip
[2024-03-09T05:15:50.867+0000] {processor.py:842} WARNING - No viable dags retrieved from /opt/airflow/dags/weather.zip
[2024-03-09T05:15:50.998+0000] {processor.py:183} INFO - Processing /opt/airflow/dags/weather.zip took 0.485 seconds
[2024-03-09T05:16:23.362+0000] {processor.py:161} INFO - Started process (PID=1385) to work on /opt/airflow/dags/weather.zip
[2024-03-09T05:16:23.366+0000] {processor.py:830} INFO - Processing file /opt/airflow/dags/weather.zip for tasks to queue
[2024-03-09T05:16:23.375+0000] {logging_mixin.py:188} INFO - [2024-03-09T05:16:23.373+0000] {dagbag.py:540} INFO - Filling up the DagBag from /opt/airflow/dags/weather.zip
[2024-03-09T05:16:23.403+0000] {processor.py:842} WARNING - No viable dags retrieved from /opt/airflow/dags/weather.zip
[2024-03-09T05:16:23.459+0000] {processor.py:183} INFO - Processing /opt/airflow/dags/weather.zip took 0.108 seconds
[2024-03-09T05:16:55.555+0000] {processor.py:161} INFO - Started process (PID=1443) to work on /opt/airflow/dags/weather.zip
[2024-03-09T05:16:55.558+0000] {processor.py:830} INFO - Processing file /opt/airflow/dags/weather.zip for tasks to queue
[2024-03-09T05:16:55.565+0000] {logging_mixin.py:188} INFO - [2024-03-09T05:16:55.563+0000] {dagbag.py:540} INFO - Filling up the DagBag from /opt/airflow/dags/weather.zip
[2024-03-09T05:16:55.607+0000] {processor.py:842} WARNING - No viable dags retrieved from /opt/airflow/dags/weather.zip
[2024-03-09T05:16:55.691+0000] {processor.py:183} INFO - Processing /opt/airflow/dags/weather.zip took 0.144 seconds
[2024-03-09T05:17:31.291+0000] {processor.py:161} INFO - Started process (PID=1508) to work on /opt/airflow/dags/weather.zip
[2024-03-09T05:17:31.295+0000] {processor.py:830} INFO - Processing file /opt/airflow/dags/weather.zip for tasks to queue
[2024-03-09T05:17:31.308+0000] {logging_mixin.py:188} INFO - [2024-03-09T05:17:31.307+0000] {dagbag.py:540} INFO - Filling up the DagBag from /opt/airflow/dags/weather.zip
[2024-03-09T05:17:31.362+0000] {processor.py:842} WARNING - No viable dags retrieved from /opt/airflow/dags/weather.zip
[2024-03-09T05:17:31.446+0000] {processor.py:183} INFO - Processing /opt/airflow/dags/weather.zip took 0.181 seconds
[2024-03-09T05:18:04.622+0000] {processor.py:161} INFO - Started process (PID=1566) to work on /opt/airflow/dags/weather.zip
[2024-03-09T05:18:04.637+0000] {processor.py:830} INFO - Processing file /opt/airflow/dags/weather.zip for tasks to queue
[2024-03-09T05:18:04.656+0000] {logging_mixin.py:188} INFO - [2024-03-09T05:18:04.654+0000] {dagbag.py:540} INFO - Filling up the DagBag from /opt/airflow/dags/weather.zip
[2024-03-09T05:18:04.702+0000] {processor.py:842} WARNING - No viable dags retrieved from /opt/airflow/dags/weather.zip
[2024-03-09T05:18:04.810+0000] {processor.py:183} INFO - Processing /opt/airflow/dags/weather.zip took 0.205 seconds
[2024-03-09T05:18:36.641+0000] {processor.py:161} INFO - Started process (PID=1624) to work on /opt/airflow/dags/weather.zip
[2024-03-09T05:18:36.644+0000] {processor.py:830} INFO - Processing file /opt/airflow/dags/weather.zip for tasks to queue
[2024-03-09T05:18:36.648+0000] {logging_mixin.py:188} INFO - [2024-03-09T05:18:36.647+0000] {dagbag.py:540} INFO - Filling up the DagBag from /opt/airflow/dags/weather.zip
[2024-03-09T05:18:36.674+0000] {processor.py:842} WARNING - No viable dags retrieved from /opt/airflow/dags/weather.zip
[2024-03-09T05:18:36.727+0000] {processor.py:183} INFO - Processing /opt/airflow/dags/weather.zip took 0.092 seconds
[2024-03-09T05:19:08.180+0000] {processor.py:161} INFO - Started process (PID=1682) to work on /opt/airflow/dags/weather.zip
[2024-03-09T05:19:08.182+0000] {processor.py:830} INFO - Processing file /opt/airflow/dags/weather.zip for tasks to queue
[2024-03-09T05:19:08.188+0000] {logging_mixin.py:188} INFO - [2024-03-09T05:19:08.186+0000] {dagbag.py:540} INFO - Filling up the DagBag from /opt/airflow/dags/weather.zip
[2024-03-09T05:19:08.205+0000] {processor.py:842} WARNING - No viable dags retrieved from /opt/airflow/dags/weather.zip
[2024-03-09T05:19:08.240+0000] {processor.py:183} INFO - Processing /opt/airflow/dags/weather.zip took 0.066 seconds
[2024-03-09T05:19:39.763+0000] {processor.py:161} INFO - Started process (PID=1740) to work on /opt/airflow/dags/weather.zip
[2024-03-09T05:19:39.767+0000] {processor.py:830} INFO - Processing file /opt/airflow/dags/weather.zip for tasks to queue
[2024-03-09T05:19:39.772+0000] {logging_mixin.py:188} INFO - [2024-03-09T05:19:39.771+0000] {dagbag.py:540} INFO - Filling up the DagBag from /opt/airflow/dags/weather.zip
[2024-03-09T05:19:39.792+0000] {processor.py:842} WARNING - No viable dags retrieved from /opt/airflow/dags/weather.zip
[2024-03-09T05:19:39.834+0000] {processor.py:183} INFO - Processing /opt/airflow/dags/weather.zip took 0.077 seconds
[2024-03-09T05:23:13.603+0000] {processor.py:161} INFO - Started process (PID=44) to work on /opt/airflow/dags/weather.zip
[2024-03-09T05:23:13.621+0000] {processor.py:830} INFO - Processing file /opt/airflow/dags/weather.zip for tasks to queue
[2024-03-09T05:23:13.625+0000] {logging_mixin.py:188} INFO - [2024-03-09T05:23:13.625+0000] {dagbag.py:540} INFO - Filling up the DagBag from /opt/airflow/dags/weather.zip
[2024-03-09T05:23:13.660+0000] {processor.py:842} WARNING - No viable dags retrieved from /opt/airflow/dags/weather.zip
[2024-03-09T05:23:13.720+0000] {processor.py:183} INFO - Processing /opt/airflow/dags/weather.zip took 0.123 seconds
[2024-03-09T05:23:47.297+0000] {processor.py:161} INFO - Started process (PID=100) to work on /opt/airflow/dags/weather.zip
[2024-03-09T05:23:47.311+0000] {processor.py:830} INFO - Processing file /opt/airflow/dags/weather.zip for tasks to queue
[2024-03-09T05:23:47.333+0000] {logging_mixin.py:188} INFO - [2024-03-09T05:23:47.331+0000] {dagbag.py:540} INFO - Filling up the DagBag from /opt/airflow/dags/weather.zip
[2024-03-09T05:23:47.444+0000] {processor.py:842} WARNING - No viable dags retrieved from /opt/airflow/dags/weather.zip
[2024-03-09T05:23:47.550+0000] {processor.py:183} INFO - Processing /opt/airflow/dags/weather.zip took 0.291 seconds
[2024-03-09T05:26:44.254+0000] {processor.py:161} INFO - Started process (PID=37) to work on /opt/airflow/dags/weather.zip
[2024-03-09T05:26:44.973+0000] {processor.py:830} INFO - Processing file /opt/airflow/dags/weather.zip for tasks to queue
[2024-03-09T05:26:44.994+0000] {logging_mixin.py:188} INFO - [2024-03-09T05:26:44.993+0000] {dagbag.py:540} INFO - Filling up the DagBag from /opt/airflow/dags/weather.zip
[2024-03-09T05:26:45.043+0000] {processor.py:842} WARNING - No viable dags retrieved from /opt/airflow/dags/weather.zip
[2024-03-09T05:26:45.126+0000] {processor.py:183} INFO - Processing /opt/airflow/dags/weather.zip took 0.887 seconds
[2024-03-09T05:27:17.460+0000] {processor.py:161} INFO - Started process (PID=94) to work on /opt/airflow/dags/weather.zip
[2024-03-09T05:27:17.552+0000] {processor.py:830} INFO - Processing file /opt/airflow/dags/weather.zip for tasks to queue
[2024-03-09T05:27:17.559+0000] {logging_mixin.py:188} INFO - [2024-03-09T05:27:17.557+0000] {dagbag.py:540} INFO - Filling up the DagBag from /opt/airflow/dags/weather.zip
[2024-03-09T05:27:17.591+0000] {processor.py:842} WARNING - No viable dags retrieved from /opt/airflow/dags/weather.zip
[2024-03-09T05:27:17.644+0000] {processor.py:183} INFO - Processing /opt/airflow/dags/weather.zip took 0.195 seconds
[2024-03-09T05:27:49.219+0000] {processor.py:161} INFO - Started process (PID=152) to work on /opt/airflow/dags/weather.zip
[2024-03-09T05:27:49.222+0000] {processor.py:830} INFO - Processing file /opt/airflow/dags/weather.zip for tasks to queue
[2024-03-09T05:27:49.227+0000] {logging_mixin.py:188} INFO - [2024-03-09T05:27:49.226+0000] {dagbag.py:540} INFO - Filling up the DagBag from /opt/airflow/dags/weather.zip
[2024-03-09T05:27:49.254+0000] {processor.py:842} WARNING - No viable dags retrieved from /opt/airflow/dags/weather.zip
[2024-03-09T05:27:49.309+0000] {processor.py:183} INFO - Processing /opt/airflow/dags/weather.zip took 0.096 seconds
[2024-03-09T05:28:22.612+0000] {processor.py:161} INFO - Started process (PID=216) to work on /opt/airflow/dags/weather.zip
[2024-03-09T05:28:22.619+0000] {processor.py:830} INFO - Processing file /opt/airflow/dags/weather.zip for tasks to queue
[2024-03-09T05:28:22.624+0000] {logging_mixin.py:188} INFO - [2024-03-09T05:28:22.623+0000] {dagbag.py:540} INFO - Filling up the DagBag from /opt/airflow/dags/weather.zip
[2024-03-09T05:28:22.655+0000] {processor.py:842} WARNING - No viable dags retrieved from /opt/airflow/dags/weather.zip
[2024-03-09T05:28:22.704+0000] {processor.py:183} INFO - Processing /opt/airflow/dags/weather.zip took 0.109 seconds
[2024-03-09T05:28:54.721+0000] {processor.py:161} INFO - Started process (PID=273) to work on /opt/airflow/dags/weather.zip
[2024-03-09T05:28:54.723+0000] {processor.py:830} INFO - Processing file /opt/airflow/dags/weather.zip for tasks to queue
[2024-03-09T05:28:54.728+0000] {logging_mixin.py:188} INFO - [2024-03-09T05:28:54.727+0000] {dagbag.py:540} INFO - Filling up the DagBag from /opt/airflow/dags/weather.zip
[2024-03-09T05:28:54.750+0000] {processor.py:842} WARNING - No viable dags retrieved from /opt/airflow/dags/weather.zip
[2024-03-09T05:28:54.782+0000] {processor.py:183} INFO - Processing /opt/airflow/dags/weather.zip took 0.066 seconds
[2024-03-09T05:29:26.713+0000] {processor.py:161} INFO - Started process (PID=331) to work on /opt/airflow/dags/weather.zip
[2024-03-09T05:29:26.715+0000] {processor.py:830} INFO - Processing file /opt/airflow/dags/weather.zip for tasks to queue
[2024-03-09T05:29:26.720+0000] {logging_mixin.py:188} INFO - [2024-03-09T05:29:26.719+0000] {dagbag.py:540} INFO - Filling up the DagBag from /opt/airflow/dags/weather.zip
[2024-03-09T05:29:26.744+0000] {processor.py:842} WARNING - No viable dags retrieved from /opt/airflow/dags/weather.zip
[2024-03-09T05:29:26.781+0000] {processor.py:183} INFO - Processing /opt/airflow/dags/weather.zip took 0.083 seconds
[2024-03-09T05:29:58.388+0000] {processor.py:161} INFO - Started process (PID=389) to work on /opt/airflow/dags/weather.zip
[2024-03-09T05:29:58.391+0000] {processor.py:830} INFO - Processing file /opt/airflow/dags/weather.zip for tasks to queue
[2024-03-09T05:29:58.396+0000] {logging_mixin.py:188} INFO - [2024-03-09T05:29:58.396+0000] {dagbag.py:540} INFO - Filling up the DagBag from /opt/airflow/dags/weather.zip
[2024-03-09T05:29:58.426+0000] {processor.py:842} WARNING - No viable dags retrieved from /opt/airflow/dags/weather.zip
[2024-03-09T05:29:58.502+0000] {processor.py:183} INFO - Processing /opt/airflow/dags/weather.zip took 0.121 seconds
[2024-03-09T05:33:07.207+0000] {processor.py:161} INFO - Started process (PID=38) to work on /opt/airflow/dags/weather.zip
[2024-03-09T05:33:07.229+0000] {processor.py:830} INFO - Processing file /opt/airflow/dags/weather.zip for tasks to queue
[2024-03-09T05:33:07.235+0000] {logging_mixin.py:188} INFO - [2024-03-09T05:33:07.233+0000] {dagbag.py:540} INFO - Filling up the DagBag from /opt/airflow/dags/weather.zip
[2024-03-09T05:33:07.258+0000] {processor.py:842} WARNING - No viable dags retrieved from /opt/airflow/dags/weather.zip
[2024-03-09T05:33:07.297+0000] {processor.py:183} INFO - Processing /opt/airflow/dags/weather.zip took 0.095 seconds
[2024-03-09T05:33:40.194+0000] {processor.py:161} INFO - Started process (PID=94) to work on /opt/airflow/dags/weather.zip
[2024-03-09T05:33:40.201+0000] {processor.py:830} INFO - Processing file /opt/airflow/dags/weather.zip for tasks to queue
[2024-03-09T05:33:40.205+0000] {logging_mixin.py:188} INFO - [2024-03-09T05:33:40.204+0000] {dagbag.py:540} INFO - Filling up the DagBag from /opt/airflow/dags/weather.zip
[2024-03-09T05:33:40.228+0000] {processor.py:842} WARNING - No viable dags retrieved from /opt/airflow/dags/weather.zip
[2024-03-09T05:33:40.269+0000] {processor.py:183} INFO - Processing /opt/airflow/dags/weather.zip took 0.080 seconds
[2024-03-09T05:34:11.733+0000] {processor.py:161} INFO - Started process (PID=152) to work on /opt/airflow/dags/weather.zip
[2024-03-09T05:34:11.735+0000] {processor.py:830} INFO - Processing file /opt/airflow/dags/weather.zip for tasks to queue
[2024-03-09T05:34:11.740+0000] {logging_mixin.py:188} INFO - [2024-03-09T05:34:11.739+0000] {dagbag.py:540} INFO - Filling up the DagBag from /opt/airflow/dags/weather.zip
[2024-03-09T05:34:11.765+0000] {processor.py:842} WARNING - No viable dags retrieved from /opt/airflow/dags/weather.zip
[2024-03-09T05:34:11.802+0000] {processor.py:183} INFO - Processing /opt/airflow/dags/weather.zip took 0.075 seconds
[2024-03-09T05:34:43.479+0000] {processor.py:161} INFO - Started process (PID=209) to work on /opt/airflow/dags/weather.zip
[2024-03-09T05:34:43.481+0000] {processor.py:830} INFO - Processing file /opt/airflow/dags/weather.zip for tasks to queue
[2024-03-09T05:34:43.487+0000] {logging_mixin.py:188} INFO - [2024-03-09T05:34:43.486+0000] {dagbag.py:540} INFO - Filling up the DagBag from /opt/airflow/dags/weather.zip
[2024-03-09T05:34:43.511+0000] {processor.py:842} WARNING - No viable dags retrieved from /opt/airflow/dags/weather.zip
[2024-03-09T05:34:43.552+0000] {processor.py:183} INFO - Processing /opt/airflow/dags/weather.zip took 0.079 seconds
[2024-03-09T05:35:15.357+0000] {processor.py:161} INFO - Started process (PID=267) to work on /opt/airflow/dags/weather.zip
[2024-03-09T05:35:15.361+0000] {processor.py:830} INFO - Processing file /opt/airflow/dags/weather.zip for tasks to queue
[2024-03-09T05:35:15.368+0000] {logging_mixin.py:188} INFO - [2024-03-09T05:35:15.367+0000] {dagbag.py:540} INFO - Filling up the DagBag from /opt/airflow/dags/weather.zip
[2024-03-09T05:35:15.395+0000] {processor.py:842} WARNING - No viable dags retrieved from /opt/airflow/dags/weather.zip
[2024-03-09T05:35:15.427+0000] {processor.py:183} INFO - Processing /opt/airflow/dags/weather.zip took 0.080 seconds
[2024-03-09T05:35:46.887+0000] {processor.py:161} INFO - Started process (PID=325) to work on /opt/airflow/dags/weather.zip
[2024-03-09T05:35:46.889+0000] {processor.py:830} INFO - Processing file /opt/airflow/dags/weather.zip for tasks to queue
[2024-03-09T05:35:46.897+0000] {logging_mixin.py:188} INFO - [2024-03-09T05:35:46.895+0000] {dagbag.py:540} INFO - Filling up the DagBag from /opt/airflow/dags/weather.zip
[2024-03-09T05:35:46.928+0000] {processor.py:842} WARNING - No viable dags retrieved from /opt/airflow/dags/weather.zip
[2024-03-09T05:35:47.000+0000] {processor.py:183} INFO - Processing /opt/airflow/dags/weather.zip took 0.120 seconds
[2024-03-09T05:40:32.282+0000] {processor.py:161} INFO - Started process (PID=38) to work on /opt/airflow/dags/weather.zip
[2024-03-09T05:40:32.295+0000] {processor.py:830} INFO - Processing file /opt/airflow/dags/weather.zip for tasks to queue
[2024-03-09T05:40:32.302+0000] {logging_mixin.py:188} INFO - [2024-03-09T05:40:32.300+0000] {dagbag.py:540} INFO - Filling up the DagBag from /opt/airflow/dags/weather.zip
[2024-03-09T05:40:32.403+0000] {processor.py:842} WARNING - No viable dags retrieved from /opt/airflow/dags/weather.zip
[2024-03-09T05:40:32.507+0000] {processor.py:183} INFO - Processing /opt/airflow/dags/weather.zip took 0.236 seconds
[2024-03-09T05:41:04.573+0000] {processor.py:161} INFO - Started process (PID=94) to work on /opt/airflow/dags/weather.zip
[2024-03-09T05:41:04.576+0000] {processor.py:830} INFO - Processing file /opt/airflow/dags/weather.zip for tasks to queue
[2024-03-09T05:41:04.583+0000] {logging_mixin.py:188} INFO - [2024-03-09T05:41:04.582+0000] {dagbag.py:540} INFO - Filling up the DagBag from /opt/airflow/dags/weather.zip
[2024-03-09T05:41:04.621+0000] {processor.py:842} WARNING - No viable dags retrieved from /opt/airflow/dags/weather.zip
[2024-03-09T05:41:04.672+0000] {processor.py:183} INFO - Processing /opt/airflow/dags/weather.zip took 0.109 seconds
[2024-03-09T05:41:37.771+0000] {processor.py:161} INFO - Started process (PID=152) to work on /opt/airflow/dags/weather.zip
[2024-03-09T05:41:37.791+0000] {processor.py:830} INFO - Processing file /opt/airflow/dags/weather.zip for tasks to queue
[2024-03-09T05:41:37.798+0000] {logging_mixin.py:188} INFO - [2024-03-09T05:41:37.797+0000] {dagbag.py:540} INFO - Filling up the DagBag from /opt/airflow/dags/weather.zip
[2024-03-09T05:41:37.823+0000] {processor.py:842} WARNING - No viable dags retrieved from /opt/airflow/dags/weather.zip
[2024-03-09T05:41:37.858+0000] {processor.py:183} INFO - Processing /opt/airflow/dags/weather.zip took 0.094 seconds
[2024-03-09T05:42:10.996+0000] {processor.py:161} INFO - Started process (PID=217) to work on /opt/airflow/dags/weather.zip
[2024-03-09T05:42:11.022+0000] {processor.py:830} INFO - Processing file /opt/airflow/dags/weather.zip for tasks to queue
[2024-03-09T05:42:11.049+0000] {logging_mixin.py:188} INFO - [2024-03-09T05:42:11.047+0000] {dagbag.py:540} INFO - Filling up the DagBag from /opt/airflow/dags/weather.zip
[2024-03-09T05:42:11.228+0000] {processor.py:842} WARNING - No viable dags retrieved from /opt/airflow/dags/weather.zip
[2024-03-09T05:42:11.348+0000] {processor.py:183} INFO - Processing /opt/airflow/dags/weather.zip took 0.392 seconds
[2024-03-09T05:42:44.143+0000] {processor.py:161} INFO - Started process (PID=275) to work on /opt/airflow/dags/weather.zip
[2024-03-09T05:42:44.155+0000] {processor.py:830} INFO - Processing file /opt/airflow/dags/weather.zip for tasks to queue
[2024-03-09T05:42:44.159+0000] {logging_mixin.py:188} INFO - [2024-03-09T05:42:44.158+0000] {dagbag.py:540} INFO - Filling up the DagBag from /opt/airflow/dags/weather.zip
[2024-03-09T05:42:44.182+0000] {processor.py:842} WARNING - No viable dags retrieved from /opt/airflow/dags/weather.zip
[2024-03-09T05:42:44.227+0000] {processor.py:183} INFO - Processing /opt/airflow/dags/weather.zip took 0.091 seconds
[2024-03-09T05:43:16.161+0000] {processor.py:161} INFO - Started process (PID=333) to work on /opt/airflow/dags/weather.zip
[2024-03-09T05:43:16.164+0000] {processor.py:830} INFO - Processing file /opt/airflow/dags/weather.zip for tasks to queue
[2024-03-09T05:43:16.170+0000] {logging_mixin.py:188} INFO - [2024-03-09T05:43:16.169+0000] {dagbag.py:540} INFO - Filling up the DagBag from /opt/airflow/dags/weather.zip
[2024-03-09T05:43:16.216+0000] {processor.py:842} WARNING - No viable dags retrieved from /opt/airflow/dags/weather.zip
[2024-03-09T05:43:16.263+0000] {processor.py:183} INFO - Processing /opt/airflow/dags/weather.zip took 0.110 seconds
[2024-03-09T05:43:47.863+0000] {processor.py:161} INFO - Started process (PID=392) to work on /opt/airflow/dags/weather.zip
[2024-03-09T05:43:47.866+0000] {processor.py:830} INFO - Processing file /opt/airflow/dags/weather.zip for tasks to queue
[2024-03-09T05:43:47.871+0000] {logging_mixin.py:188} INFO - [2024-03-09T05:43:47.870+0000] {dagbag.py:540} INFO - Filling up the DagBag from /opt/airflow/dags/weather.zip
[2024-03-09T05:43:47.900+0000] {processor.py:842} WARNING - No viable dags retrieved from /opt/airflow/dags/weather.zip
[2024-03-09T05:43:47.939+0000] {processor.py:183} INFO - Processing /opt/airflow/dags/weather.zip took 0.080 seconds
[2024-03-09T05:44:19.652+0000] {processor.py:161} INFO - Started process (PID=450) to work on /opt/airflow/dags/weather.zip
[2024-03-09T05:44:19.655+0000] {processor.py:830} INFO - Processing file /opt/airflow/dags/weather.zip for tasks to queue
[2024-03-09T05:44:19.659+0000] {logging_mixin.py:188} INFO - [2024-03-09T05:44:19.658+0000] {dagbag.py:540} INFO - Filling up the DagBag from /opt/airflow/dags/weather.zip
[2024-03-09T05:44:19.683+0000] {processor.py:842} WARNING - No viable dags retrieved from /opt/airflow/dags/weather.zip
[2024-03-09T05:44:19.722+0000] {processor.py:183} INFO - Processing /opt/airflow/dags/weather.zip took 0.075 seconds
[2024-03-09T05:44:51.415+0000] {processor.py:161} INFO - Started process (PID=508) to work on /opt/airflow/dags/weather.zip
[2024-03-09T05:44:51.417+0000] {processor.py:830} INFO - Processing file /opt/airflow/dags/weather.zip for tasks to queue
[2024-03-09T05:44:51.421+0000] {logging_mixin.py:188} INFO - [2024-03-09T05:44:51.420+0000] {dagbag.py:540} INFO - Filling up the DagBag from /opt/airflow/dags/weather.zip
[2024-03-09T05:44:51.444+0000] {processor.py:842} WARNING - No viable dags retrieved from /opt/airflow/dags/weather.zip
[2024-03-09T05:44:51.475+0000] {processor.py:183} INFO - Processing /opt/airflow/dags/weather.zip took 0.066 seconds
[2024-03-09T05:45:23.615+0000] {processor.py:161} INFO - Started process (PID=566) to work on /opt/airflow/dags/weather.zip
[2024-03-09T05:45:23.618+0000] {processor.py:830} INFO - Processing file /opt/airflow/dags/weather.zip for tasks to queue
[2024-03-09T05:45:23.622+0000] {logging_mixin.py:188} INFO - [2024-03-09T05:45:23.621+0000] {dagbag.py:540} INFO - Filling up the DagBag from /opt/airflow/dags/weather.zip
[2024-03-09T05:45:23.641+0000] {processor.py:842} WARNING - No viable dags retrieved from /opt/airflow/dags/weather.zip
[2024-03-09T05:45:23.698+0000] {processor.py:183} INFO - Processing /opt/airflow/dags/weather.zip took 0.087 seconds
[2024-03-09T05:48:37.461+0000] {processor.py:161} INFO - Started process (PID=38) to work on /opt/airflow/dags/weather.zip
[2024-03-09T05:48:37.468+0000] {processor.py:830} INFO - Processing file /opt/airflow/dags/weather.zip for tasks to queue
[2024-03-09T05:48:37.477+0000] {logging_mixin.py:188} INFO - [2024-03-09T05:48:37.475+0000] {dagbag.py:540} INFO - Filling up the DagBag from /opt/airflow/dags/weather.zip
[2024-03-09T05:48:37.526+0000] {processor.py:842} WARNING - No viable dags retrieved from /opt/airflow/dags/weather.zip
[2024-03-09T05:48:37.607+0000] {processor.py:183} INFO - Processing /opt/airflow/dags/weather.zip took 0.152 seconds
[2024-03-09T05:49:09.993+0000] {processor.py:161} INFO - Started process (PID=94) to work on /opt/airflow/dags/weather.zip
[2024-03-09T05:49:09.997+0000] {processor.py:830} INFO - Processing file /opt/airflow/dags/weather.zip for tasks to queue
[2024-03-09T05:49:10.003+0000] {logging_mixin.py:188} INFO - [2024-03-09T05:49:10.001+0000] {dagbag.py:540} INFO - Filling up the DagBag from /opt/airflow/dags/weather.zip
[2024-03-09T05:49:10.065+0000] {processor.py:842} WARNING - No viable dags retrieved from /opt/airflow/dags/weather.zip
[2024-03-09T05:49:10.109+0000] {processor.py:183} INFO - Processing /opt/airflow/dags/weather.zip took 0.126 seconds
[2024-03-09T05:49:41.570+0000] {processor.py:161} INFO - Started process (PID=153) to work on /opt/airflow/dags/weather.zip
[2024-03-09T05:49:41.574+0000] {processor.py:830} INFO - Processing file /opt/airflow/dags/weather.zip for tasks to queue
[2024-03-09T05:49:41.580+0000] {logging_mixin.py:188} INFO - [2024-03-09T05:49:41.579+0000] {dagbag.py:540} INFO - Filling up the DagBag from /opt/airflow/dags/weather.zip
[2024-03-09T05:49:41.607+0000] {processor.py:842} WARNING - No viable dags retrieved from /opt/airflow/dags/weather.zip
[2024-03-09T05:49:41.646+0000] {processor.py:183} INFO - Processing /opt/airflow/dags/weather.zip took 0.082 seconds
[2024-03-09T05:50:15.087+0000] {processor.py:161} INFO - Started process (PID=211) to work on /opt/airflow/dags/weather.zip
[2024-03-09T05:50:15.092+0000] {processor.py:830} INFO - Processing file /opt/airflow/dags/weather.zip for tasks to queue
[2024-03-09T05:50:15.106+0000] {logging_mixin.py:188} INFO - [2024-03-09T05:50:15.102+0000] {dagbag.py:540} INFO - Filling up the DagBag from /opt/airflow/dags/weather.zip
[2024-03-09T05:50:15.134+0000] {processor.py:842} WARNING - No viable dags retrieved from /opt/airflow/dags/weather.zip
[2024-03-09T05:50:15.243+0000] {processor.py:183} INFO - Processing /opt/airflow/dags/weather.zip took 0.165 seconds
[2024-03-09T05:50:47.044+0000] {processor.py:161} INFO - Started process (PID=274) to work on /opt/airflow/dags/weather.zip
[2024-03-09T05:50:47.051+0000] {processor.py:830} INFO - Processing file /opt/airflow/dags/weather.zip for tasks to queue
[2024-03-09T05:50:47.066+0000] {logging_mixin.py:188} INFO - [2024-03-09T05:50:47.065+0000] {dagbag.py:540} INFO - Filling up the DagBag from /opt/airflow/dags/weather.zip
[2024-03-09T05:50:47.122+0000] {processor.py:842} WARNING - No viable dags retrieved from /opt/airflow/dags/weather.zip
[2024-03-09T05:50:47.155+0000] {processor.py:183} INFO - Processing /opt/airflow/dags/weather.zip took 0.132 seconds
[2024-03-09T05:51:19.921+0000] {processor.py:161} INFO - Started process (PID=332) to work on /opt/airflow/dags/weather.zip
[2024-03-09T05:51:19.924+0000] {processor.py:830} INFO - Processing file /opt/airflow/dags/weather.zip for tasks to queue
[2024-03-09T05:51:19.928+0000] {logging_mixin.py:188} INFO - [2024-03-09T05:51:19.927+0000] {dagbag.py:540} INFO - Filling up the DagBag from /opt/airflow/dags/weather.zip
[2024-03-09T05:51:19.964+0000] {processor.py:842} WARNING - No viable dags retrieved from /opt/airflow/dags/weather.zip
[2024-03-09T05:51:20.007+0000] {processor.py:183} INFO - Processing /opt/airflow/dags/weather.zip took 0.093 seconds
[2024-03-09T05:51:51.545+0000] {processor.py:161} INFO - Started process (PID=390) to work on /opt/airflow/dags/weather.zip
[2024-03-09T05:51:51.548+0000] {processor.py:830} INFO - Processing file /opt/airflow/dags/weather.zip for tasks to queue
[2024-03-09T05:51:51.554+0000] {logging_mixin.py:188} INFO - [2024-03-09T05:51:51.552+0000] {dagbag.py:540} INFO - Filling up the DagBag from /opt/airflow/dags/weather.zip
[2024-03-09T05:51:51.584+0000] {processor.py:842} WARNING - No viable dags retrieved from /opt/airflow/dags/weather.zip
[2024-03-09T05:51:51.625+0000] {processor.py:183} INFO - Processing /opt/airflow/dags/weather.zip took 0.088 seconds
[2024-03-09T05:52:23.333+0000] {processor.py:161} INFO - Started process (PID=448) to work on /opt/airflow/dags/weather.zip
[2024-03-09T05:52:23.335+0000] {processor.py:830} INFO - Processing file /opt/airflow/dags/weather.zip for tasks to queue
[2024-03-09T05:52:23.339+0000] {logging_mixin.py:188} INFO - [2024-03-09T05:52:23.339+0000] {dagbag.py:540} INFO - Filling up the DagBag from /opt/airflow/dags/weather.zip
[2024-03-09T05:52:23.359+0000] {processor.py:842} WARNING - No viable dags retrieved from /opt/airflow/dags/weather.zip
[2024-03-09T05:52:23.388+0000] {processor.py:183} INFO - Processing /opt/airflow/dags/weather.zip took 0.062 seconds
[2024-03-09T05:52:54.831+0000] {processor.py:161} INFO - Started process (PID=507) to work on /opt/airflow/dags/weather.zip
[2024-03-09T05:52:54.835+0000] {processor.py:830} INFO - Processing file /opt/airflow/dags/weather.zip for tasks to queue
[2024-03-09T05:52:54.840+0000] {logging_mixin.py:188} INFO - [2024-03-09T05:52:54.839+0000] {dagbag.py:540} INFO - Filling up the DagBag from /opt/airflow/dags/weather.zip
[2024-03-09T05:52:54.862+0000] {processor.py:842} WARNING - No viable dags retrieved from /opt/airflow/dags/weather.zip
[2024-03-09T05:52:54.893+0000] {processor.py:183} INFO - Processing /opt/airflow/dags/weather.zip took 0.068 seconds
[2024-03-09T05:53:26.526+0000] {processor.py:161} INFO - Started process (PID=566) to work on /opt/airflow/dags/weather.zip
[2024-03-09T05:53:26.529+0000] {processor.py:830} INFO - Processing file /opt/airflow/dags/weather.zip for tasks to queue
[2024-03-09T05:53:26.535+0000] {logging_mixin.py:188} INFO - [2024-03-09T05:53:26.534+0000] {dagbag.py:540} INFO - Filling up the DagBag from /opt/airflow/dags/weather.zip
[2024-03-09T05:53:26.558+0000] {processor.py:842} WARNING - No viable dags retrieved from /opt/airflow/dags/weather.zip
[2024-03-09T05:53:26.595+0000] {processor.py:183} INFO - Processing /opt/airflow/dags/weather.zip took 0.076 seconds
[2024-03-09T05:53:58.976+0000] {processor.py:161} INFO - Started process (PID=624) to work on /opt/airflow/dags/weather.zip
[2024-03-09T05:53:58.978+0000] {processor.py:830} INFO - Processing file /opt/airflow/dags/weather.zip for tasks to queue
[2024-03-09T05:53:58.986+0000] {logging_mixin.py:188} INFO - [2024-03-09T05:53:58.985+0000] {dagbag.py:540} INFO - Filling up the DagBag from /opt/airflow/dags/weather.zip
[2024-03-09T05:53:59.027+0000] {processor.py:842} WARNING - No viable dags retrieved from /opt/airflow/dags/weather.zip
[2024-03-09T05:53:59.065+0000] {processor.py:183} INFO - Processing /opt/airflow/dags/weather.zip took 0.096 seconds
[2024-03-09T05:54:30.941+0000] {processor.py:161} INFO - Started process (PID=682) to work on /opt/airflow/dags/weather.zip
[2024-03-09T05:54:30.947+0000] {processor.py:830} INFO - Processing file /opt/airflow/dags/weather.zip for tasks to queue
[2024-03-09T05:54:30.954+0000] {logging_mixin.py:188} INFO - [2024-03-09T05:54:30.953+0000] {dagbag.py:540} INFO - Filling up the DagBag from /opt/airflow/dags/weather.zip
[2024-03-09T05:54:30.993+0000] {processor.py:842} WARNING - No viable dags retrieved from /opt/airflow/dags/weather.zip
[2024-03-09T05:54:31.051+0000] {processor.py:183} INFO - Processing /opt/airflow/dags/weather.zip took 0.121 seconds
[2024-03-09T05:55:02.789+0000] {processor.py:161} INFO - Started process (PID=740) to work on /opt/airflow/dags/weather.zip
[2024-03-09T05:55:02.791+0000] {processor.py:830} INFO - Processing file /opt/airflow/dags/weather.zip for tasks to queue
[2024-03-09T05:55:02.796+0000] {logging_mixin.py:188} INFO - [2024-03-09T05:55:02.795+0000] {dagbag.py:540} INFO - Filling up the DagBag from /opt/airflow/dags/weather.zip
[2024-03-09T05:55:02.814+0000] {processor.py:842} WARNING - No viable dags retrieved from /opt/airflow/dags/weather.zip
[2024-03-09T05:55:02.849+0000] {processor.py:183} INFO - Processing /opt/airflow/dags/weather.zip took 0.064 seconds
[2024-03-09T05:55:34.617+0000] {processor.py:161} INFO - Started process (PID=798) to work on /opt/airflow/dags/weather.zip
[2024-03-09T05:55:34.620+0000] {processor.py:830} INFO - Processing file /opt/airflow/dags/weather.zip for tasks to queue
[2024-03-09T05:55:34.632+0000] {logging_mixin.py:188} INFO - [2024-03-09T05:55:34.630+0000] {dagbag.py:540} INFO - Filling up the DagBag from /opt/airflow/dags/weather.zip
[2024-03-09T05:55:34.666+0000] {processor.py:842} WARNING - No viable dags retrieved from /opt/airflow/dags/weather.zip
[2024-03-09T05:55:34.710+0000] {processor.py:183} INFO - Processing /opt/airflow/dags/weather.zip took 0.103 seconds
[2024-03-09T05:56:06.510+0000] {processor.py:161} INFO - Started process (PID=856) to work on /opt/airflow/dags/weather.zip
[2024-03-09T05:56:06.514+0000] {processor.py:830} INFO - Processing file /opt/airflow/dags/weather.zip for tasks to queue
[2024-03-09T05:56:06.525+0000] {logging_mixin.py:188} INFO - [2024-03-09T05:56:06.523+0000] {dagbag.py:540} INFO - Filling up the DagBag from /opt/airflow/dags/weather.zip
[2024-03-09T05:56:06.546+0000] {processor.py:842} WARNING - No viable dags retrieved from /opt/airflow/dags/weather.zip
[2024-03-09T05:56:06.582+0000] {processor.py:183} INFO - Processing /opt/airflow/dags/weather.zip took 0.078 seconds
[2024-03-09T05:56:38.099+0000] {processor.py:161} INFO - Started process (PID=914) to work on /opt/airflow/dags/weather.zip
[2024-03-09T05:56:38.102+0000] {processor.py:830} INFO - Processing file /opt/airflow/dags/weather.zip for tasks to queue
[2024-03-09T05:56:38.109+0000] {logging_mixin.py:188} INFO - [2024-03-09T05:56:38.107+0000] {dagbag.py:540} INFO - Filling up the DagBag from /opt/airflow/dags/weather.zip
[2024-03-09T05:56:38.132+0000] {processor.py:842} WARNING - No viable dags retrieved from /opt/airflow/dags/weather.zip
[2024-03-09T05:56:38.163+0000] {processor.py:183} INFO - Processing /opt/airflow/dags/weather.zip took 0.070 seconds
[2024-03-09T05:57:10.847+0000] {processor.py:161} INFO - Started process (PID=972) to work on /opt/airflow/dags/weather.zip
[2024-03-09T05:57:10.876+0000] {processor.py:830} INFO - Processing file /opt/airflow/dags/weather.zip for tasks to queue
[2024-03-09T05:57:10.887+0000] {logging_mixin.py:188} INFO - [2024-03-09T05:57:10.886+0000] {dagbag.py:540} INFO - Filling up the DagBag from /opt/airflow/dags/weather.zip
[2024-03-09T05:57:10.909+0000] {processor.py:842} WARNING - No viable dags retrieved from /opt/airflow/dags/weather.zip
[2024-03-09T05:57:10.970+0000] {processor.py:183} INFO - Processing /opt/airflow/dags/weather.zip took 0.143 seconds
[2024-03-09T05:57:42.657+0000] {processor.py:161} INFO - Started process (PID=1029) to work on /opt/airflow/dags/weather.zip
[2024-03-09T05:57:42.660+0000] {processor.py:830} INFO - Processing file /opt/airflow/dags/weather.zip for tasks to queue
[2024-03-09T05:57:42.667+0000] {logging_mixin.py:188} INFO - [2024-03-09T05:57:42.666+0000] {dagbag.py:540} INFO - Filling up the DagBag from /opt/airflow/dags/weather.zip
[2024-03-09T05:57:42.687+0000] {processor.py:842} WARNING - No viable dags retrieved from /opt/airflow/dags/weather.zip
[2024-03-09T05:57:42.722+0000] {processor.py:183} INFO - Processing /opt/airflow/dags/weather.zip took 0.072 seconds
[2024-03-09T05:58:14.591+0000] {processor.py:161} INFO - Started process (PID=1087) to work on /opt/airflow/dags/weather.zip
[2024-03-09T05:58:14.594+0000] {processor.py:830} INFO - Processing file /opt/airflow/dags/weather.zip for tasks to queue
[2024-03-09T05:58:14.601+0000] {logging_mixin.py:188} INFO - [2024-03-09T05:58:14.600+0000] {dagbag.py:540} INFO - Filling up the DagBag from /opt/airflow/dags/weather.zip
[2024-03-09T05:58:14.625+0000] {processor.py:842} WARNING - No viable dags retrieved from /opt/airflow/dags/weather.zip
[2024-03-09T05:58:14.663+0000] {processor.py:183} INFO - Processing /opt/airflow/dags/weather.zip took 0.081 seconds
[2024-03-09T05:58:47.125+0000] {processor.py:161} INFO - Started process (PID=1145) to work on /opt/airflow/dags/weather.zip
[2024-03-09T05:58:47.128+0000] {processor.py:830} INFO - Processing file /opt/airflow/dags/weather.zip for tasks to queue
[2024-03-09T05:58:47.132+0000] {logging_mixin.py:188} INFO - [2024-03-09T05:58:47.131+0000] {dagbag.py:540} INFO - Filling up the DagBag from /opt/airflow/dags/weather.zip
[2024-03-09T05:58:47.154+0000] {processor.py:842} WARNING - No viable dags retrieved from /opt/airflow/dags/weather.zip
[2024-03-09T05:58:47.184+0000] {processor.py:183} INFO - Processing /opt/airflow/dags/weather.zip took 0.068 seconds
[2024-03-09T05:59:18.657+0000] {processor.py:161} INFO - Started process (PID=1203) to work on /opt/airflow/dags/weather.zip
[2024-03-09T05:59:18.659+0000] {processor.py:830} INFO - Processing file /opt/airflow/dags/weather.zip for tasks to queue
[2024-03-09T05:59:18.666+0000] {logging_mixin.py:188} INFO - [2024-03-09T05:59:18.664+0000] {dagbag.py:540} INFO - Filling up the DagBag from /opt/airflow/dags/weather.zip
[2024-03-09T05:59:18.722+0000] {processor.py:842} WARNING - No viable dags retrieved from /opt/airflow/dags/weather.zip
[2024-03-09T05:59:18.785+0000] {processor.py:183} INFO - Processing /opt/airflow/dags/weather.zip took 0.135 seconds
[2024-03-09T05:59:50.387+0000] {processor.py:161} INFO - Started process (PID=1268) to work on /opt/airflow/dags/weather.zip
[2024-03-09T05:59:50.389+0000] {processor.py:830} INFO - Processing file /opt/airflow/dags/weather.zip for tasks to queue
[2024-03-09T05:59:50.399+0000] {logging_mixin.py:188} INFO - [2024-03-09T05:59:50.397+0000] {dagbag.py:540} INFO - Filling up the DagBag from /opt/airflow/dags/weather.zip
[2024-03-09T05:59:50.481+0000] {processor.py:842} WARNING - No viable dags retrieved from /opt/airflow/dags/weather.zip
[2024-03-09T05:59:50.532+0000] {processor.py:183} INFO - Processing /opt/airflow/dags/weather.zip took 0.152 seconds
[2024-03-09T06:00:22.597+0000] {processor.py:161} INFO - Started process (PID=1326) to work on /opt/airflow/dags/weather.zip
[2024-03-09T06:00:22.601+0000] {processor.py:830} INFO - Processing file /opt/airflow/dags/weather.zip for tasks to queue
[2024-03-09T06:00:22.612+0000] {logging_mixin.py:188} INFO - [2024-03-09T06:00:22.610+0000] {dagbag.py:540} INFO - Filling up the DagBag from /opt/airflow/dags/weather.zip
[2024-03-09T06:00:22.642+0000] {processor.py:842} WARNING - No viable dags retrieved from /opt/airflow/dags/weather.zip
[2024-03-09T06:00:22.677+0000] {processor.py:183} INFO - Processing /opt/airflow/dags/weather.zip took 0.086 seconds
[2024-03-09T06:00:54.386+0000] {processor.py:161} INFO - Started process (PID=1384) to work on /opt/airflow/dags/weather.zip
[2024-03-09T06:00:54.388+0000] {processor.py:830} INFO - Processing file /opt/airflow/dags/weather.zip for tasks to queue
[2024-03-09T06:00:54.393+0000] {logging_mixin.py:188} INFO - [2024-03-09T06:00:54.392+0000] {dagbag.py:540} INFO - Filling up the DagBag from /opt/airflow/dags/weather.zip
[2024-03-09T06:00:54.412+0000] {processor.py:842} WARNING - No viable dags retrieved from /opt/airflow/dags/weather.zip
[2024-03-09T06:00:54.442+0000] {processor.py:183} INFO - Processing /opt/airflow/dags/weather.zip took 0.062 seconds
[2024-03-09T06:03:10.223+0000] {processor.py:161} INFO - Started process (PID=38) to work on /opt/airflow/dags/weather.zip
[2024-03-09T06:03:10.236+0000] {processor.py:830} INFO - Processing file /opt/airflow/dags/weather.zip for tasks to queue
[2024-03-09T06:03:10.253+0000] {logging_mixin.py:188} INFO - [2024-03-09T06:03:10.251+0000] {dagbag.py:540} INFO - Filling up the DagBag from /opt/airflow/dags/weather.zip
[2024-03-09T06:03:10.340+0000] {processor.py:842} WARNING - No viable dags retrieved from /opt/airflow/dags/weather.zip
[2024-03-09T06:03:10.462+0000] {processor.py:183} INFO - Processing /opt/airflow/dags/weather.zip took 0.251 seconds
[2024-03-09T06:03:42.256+0000] {processor.py:161} INFO - Started process (PID=95) to work on /opt/airflow/dags/weather.zip
[2024-03-09T06:03:42.258+0000] {processor.py:830} INFO - Processing file /opt/airflow/dags/weather.zip for tasks to queue
[2024-03-09T06:03:42.262+0000] {logging_mixin.py:188} INFO - [2024-03-09T06:03:42.261+0000] {dagbag.py:540} INFO - Filling up the DagBag from /opt/airflow/dags/weather.zip
[2024-03-09T06:03:42.279+0000] {processor.py:842} WARNING - No viable dags retrieved from /opt/airflow/dags/weather.zip
[2024-03-09T06:03:42.305+0000] {processor.py:183} INFO - Processing /opt/airflow/dags/weather.zip took 0.054 seconds
[2024-03-09T06:04:14.772+0000] {processor.py:161} INFO - Started process (PID=153) to work on /opt/airflow/dags/weather.zip
[2024-03-09T06:04:14.775+0000] {processor.py:830} INFO - Processing file /opt/airflow/dags/weather.zip for tasks to queue
[2024-03-09T06:04:14.786+0000] {logging_mixin.py:188} INFO - [2024-03-09T06:04:14.784+0000] {dagbag.py:540} INFO - Filling up the DagBag from /opt/airflow/dags/weather.zip
[2024-03-09T06:04:14.825+0000] {processor.py:842} WARNING - No viable dags retrieved from /opt/airflow/dags/weather.zip
[2024-03-09T06:04:14.900+0000] {processor.py:183} INFO - Processing /opt/airflow/dags/weather.zip took 0.136 seconds
[2024-03-09T07:02:22.527+0000] {processor.py:161} INFO - Started process (PID=32) to work on /opt/airflow/dags/weather.zip
[2024-03-09T07:02:22.535+0000] {processor.py:830} INFO - Processing file /opt/airflow/dags/weather.zip for tasks to queue
[2024-03-09T07:02:22.538+0000] {logging_mixin.py:188} INFO - [2024-03-09T07:02:22.537+0000] {dagbag.py:540} INFO - Filling up the DagBag from /opt/airflow/dags/weather.zip
[2024-03-09T07:02:22.553+0000] {processor.py:842} WARNING - No viable dags retrieved from /opt/airflow/dags/weather.zip
[2024-03-09T07:02:22.579+0000] {processor.py:183} INFO - Processing /opt/airflow/dags/weather.zip took 0.056 seconds
[2024-03-09T07:02:54.339+0000] {processor.py:161} INFO - Started process (PID=88) to work on /opt/airflow/dags/weather.zip
[2024-03-09T07:02:54.378+0000] {processor.py:830} INFO - Processing file /opt/airflow/dags/weather.zip for tasks to queue
[2024-03-09T07:02:54.382+0000] {logging_mixin.py:188} INFO - [2024-03-09T07:02:54.382+0000] {dagbag.py:540} INFO - Filling up the DagBag from /opt/airflow/dags/weather.zip
[2024-03-09T07:02:54.395+0000] {processor.py:842} WARNING - No viable dags retrieved from /opt/airflow/dags/weather.zip
[2024-03-09T07:02:54.414+0000] {processor.py:183} INFO - Processing /opt/airflow/dags/weather.zip took 0.079 seconds
[2024-03-09T07:03:25.333+0000] {processor.py:161} INFO - Started process (PID=146) to work on /opt/airflow/dags/weather.zip
[2024-03-09T07:03:25.334+0000] {processor.py:830} INFO - Processing file /opt/airflow/dags/weather.zip for tasks to queue
[2024-03-09T07:03:25.338+0000] {logging_mixin.py:188} INFO - [2024-03-09T07:03:25.337+0000] {dagbag.py:540} INFO - Filling up the DagBag from /opt/airflow/dags/weather.zip
[2024-03-09T07:03:25.350+0000] {processor.py:842} WARNING - No viable dags retrieved from /opt/airflow/dags/weather.zip
[2024-03-09T07:03:25.367+0000] {processor.py:183} INFO - Processing /opt/airflow/dags/weather.zip took 0.039 seconds
[2024-03-09T07:03:58.119+0000] {processor.py:161} INFO - Started process (PID=210) to work on /opt/airflow/dags/weather.zip
[2024-03-09T07:03:58.152+0000] {processor.py:830} INFO - Processing file /opt/airflow/dags/weather.zip for tasks to queue
[2024-03-09T07:03:58.157+0000] {logging_mixin.py:188} INFO - [2024-03-09T07:03:58.156+0000] {dagbag.py:540} INFO - Filling up the DagBag from /opt/airflow/dags/weather.zip
[2024-03-09T07:03:58.174+0000] {processor.py:842} WARNING - No viable dags retrieved from /opt/airflow/dags/weather.zip
[2024-03-09T07:03:58.200+0000] {processor.py:183} INFO - Processing /opt/airflow/dags/weather.zip took 0.085 seconds
[2024-03-09T07:04:29.691+0000] {processor.py:161} INFO - Started process (PID=268) to work on /opt/airflow/dags/weather.zip
[2024-03-09T07:04:29.693+0000] {processor.py:830} INFO - Processing file /opt/airflow/dags/weather.zip for tasks to queue
[2024-03-09T07:04:29.696+0000] {logging_mixin.py:188} INFO - [2024-03-09T07:04:29.696+0000] {dagbag.py:540} INFO - Filling up the DagBag from /opt/airflow/dags/weather.zip
[2024-03-09T07:04:29.709+0000] {processor.py:842} WARNING - No viable dags retrieved from /opt/airflow/dags/weather.zip
[2024-03-09T07:04:29.737+0000] {processor.py:183} INFO - Processing /opt/airflow/dags/weather.zip took 0.049 seconds
[2024-03-09T07:05:01.084+0000] {processor.py:161} INFO - Started process (PID=326) to work on /opt/airflow/dags/weather.zip
[2024-03-09T07:05:01.086+0000] {processor.py:830} INFO - Processing file /opt/airflow/dags/weather.zip for tasks to queue
[2024-03-09T07:05:01.089+0000] {logging_mixin.py:188} INFO - [2024-03-09T07:05:01.089+0000] {dagbag.py:540} INFO - Filling up the DagBag from /opt/airflow/dags/weather.zip
[2024-03-09T07:05:01.107+0000] {processor.py:842} WARNING - No viable dags retrieved from /opt/airflow/dags/weather.zip
[2024-03-09T07:05:01.131+0000] {processor.py:183} INFO - Processing /opt/airflow/dags/weather.zip took 0.052 seconds
[2024-03-09T07:05:31.952+0000] {processor.py:161} INFO - Started process (PID=386) to work on /opt/airflow/dags/weather.zip
[2024-03-09T07:05:31.953+0000] {processor.py:830} INFO - Processing file /opt/airflow/dags/weather.zip for tasks to queue
[2024-03-09T07:05:31.956+0000] {logging_mixin.py:188} INFO - [2024-03-09T07:05:31.955+0000] {dagbag.py:540} INFO - Filling up the DagBag from /opt/airflow/dags/weather.zip
[2024-03-09T07:05:31.968+0000] {processor.py:842} WARNING - No viable dags retrieved from /opt/airflow/dags/weather.zip
[2024-03-09T07:05:31.987+0000] {processor.py:183} INFO - Processing /opt/airflow/dags/weather.zip took 0.038 seconds
[2024-03-09T07:06:03.613+0000] {processor.py:161} INFO - Started process (PID=444) to work on /opt/airflow/dags/weather.zip
[2024-03-09T07:06:03.615+0000] {processor.py:830} INFO - Processing file /opt/airflow/dags/weather.zip for tasks to queue
[2024-03-09T07:06:03.618+0000] {logging_mixin.py:188} INFO - [2024-03-09T07:06:03.617+0000] {dagbag.py:540} INFO - Filling up the DagBag from /opt/airflow/dags/weather.zip
[2024-03-09T07:06:03.635+0000] {processor.py:842} WARNING - No viable dags retrieved from /opt/airflow/dags/weather.zip
[2024-03-09T07:06:03.657+0000] {processor.py:183} INFO - Processing /opt/airflow/dags/weather.zip took 0.051 seconds
[2024-03-09T07:06:34.664+0000] {processor.py:161} INFO - Started process (PID=502) to work on /opt/airflow/dags/weather.zip
[2024-03-09T07:06:34.665+0000] {processor.py:830} INFO - Processing file /opt/airflow/dags/weather.zip for tasks to queue
[2024-03-09T07:06:34.668+0000] {logging_mixin.py:188} INFO - [2024-03-09T07:06:34.667+0000] {dagbag.py:540} INFO - Filling up the DagBag from /opt/airflow/dags/weather.zip
[2024-03-09T07:06:34.682+0000] {processor.py:842} WARNING - No viable dags retrieved from /opt/airflow/dags/weather.zip
[2024-03-09T07:06:34.700+0000] {processor.py:183} INFO - Processing /opt/airflow/dags/weather.zip took 0.042 seconds
[2024-03-09T07:07:05.703+0000] {processor.py:161} INFO - Started process (PID=560) to work on /opt/airflow/dags/weather.zip
[2024-03-09T07:07:05.705+0000] {processor.py:830} INFO - Processing file /opt/airflow/dags/weather.zip for tasks to queue
[2024-03-09T07:07:05.707+0000] {logging_mixin.py:188} INFO - [2024-03-09T07:07:05.707+0000] {dagbag.py:540} INFO - Filling up the DagBag from /opt/airflow/dags/weather.zip
[2024-03-09T07:07:05.720+0000] {processor.py:842} WARNING - No viable dags retrieved from /opt/airflow/dags/weather.zip
[2024-03-09T07:07:05.738+0000] {processor.py:183} INFO - Processing /opt/airflow/dags/weather.zip took 0.039 seconds
[2024-03-09T07:07:36.932+0000] {processor.py:161} INFO - Started process (PID=618) to work on /opt/airflow/dags/weather.zip
[2024-03-09T07:07:36.939+0000] {processor.py:830} INFO - Processing file /opt/airflow/dags/weather.zip for tasks to queue
[2024-03-09T07:07:36.944+0000] {logging_mixin.py:188} INFO - [2024-03-09T07:07:36.943+0000] {dagbag.py:540} INFO - Filling up the DagBag from /opt/airflow/dags/weather.zip
[2024-03-09T07:07:36.987+0000] {processor.py:842} WARNING - No viable dags retrieved from /opt/airflow/dags/weather.zip
[2024-03-09T07:07:37.022+0000] {processor.py:183} INFO - Processing /opt/airflow/dags/weather.zip took 0.095 seconds
[2024-03-09T07:08:08.694+0000] {processor.py:161} INFO - Started process (PID=676) to work on /opt/airflow/dags/weather.zip
[2024-03-09T07:08:08.696+0000] {processor.py:830} INFO - Processing file /opt/airflow/dags/weather.zip for tasks to queue
[2024-03-09T07:08:08.700+0000] {logging_mixin.py:188} INFO - [2024-03-09T07:08:08.699+0000] {dagbag.py:540} INFO - Filling up the DagBag from /opt/airflow/dags/weather.zip
[2024-03-09T07:08:08.722+0000] {processor.py:842} WARNING - No viable dags retrieved from /opt/airflow/dags/weather.zip
[2024-03-09T07:08:08.742+0000] {processor.py:183} INFO - Processing /opt/airflow/dags/weather.zip took 0.052 seconds
[2024-03-09T07:08:39.792+0000] {processor.py:161} INFO - Started process (PID=734) to work on /opt/airflow/dags/weather.zip
[2024-03-09T07:08:39.793+0000] {processor.py:830} INFO - Processing file /opt/airflow/dags/weather.zip for tasks to queue
[2024-03-09T07:08:39.798+0000] {logging_mixin.py:188} INFO - [2024-03-09T07:08:39.797+0000] {dagbag.py:540} INFO - Filling up the DagBag from /opt/airflow/dags/weather.zip
[2024-03-09T07:08:39.818+0000] {processor.py:842} WARNING - No viable dags retrieved from /opt/airflow/dags/weather.zip
[2024-03-09T07:08:39.850+0000] {processor.py:183} INFO - Processing /opt/airflow/dags/weather.zip took 0.063 seconds
[2024-03-09T07:09:11.337+0000] {processor.py:161} INFO - Started process (PID=792) to work on /opt/airflow/dags/weather.zip
[2024-03-09T07:09:11.339+0000] {processor.py:830} INFO - Processing file /opt/airflow/dags/weather.zip for tasks to queue
[2024-03-09T07:09:11.341+0000] {logging_mixin.py:188} INFO - [2024-03-09T07:09:11.341+0000] {dagbag.py:540} INFO - Filling up the DagBag from /opt/airflow/dags/weather.zip
[2024-03-09T07:09:11.354+0000] {processor.py:842} WARNING - No viable dags retrieved from /opt/airflow/dags/weather.zip
[2024-03-09T07:09:11.372+0000] {processor.py:183} INFO - Processing /opt/airflow/dags/weather.zip took 0.040 seconds
[2024-03-09T07:09:42.797+0000] {processor.py:161} INFO - Started process (PID=850) to work on /opt/airflow/dags/weather.zip
[2024-03-09T07:09:42.798+0000] {processor.py:830} INFO - Processing file /opt/airflow/dags/weather.zip for tasks to queue
[2024-03-09T07:09:42.800+0000] {logging_mixin.py:188} INFO - [2024-03-09T07:09:42.800+0000] {dagbag.py:540} INFO - Filling up the DagBag from /opt/airflow/dags/weather.zip
[2024-03-09T07:09:42.813+0000] {processor.py:842} WARNING - No viable dags retrieved from /opt/airflow/dags/weather.zip
[2024-03-09T07:09:42.832+0000] {processor.py:183} INFO - Processing /opt/airflow/dags/weather.zip took 0.038 seconds
[2024-03-09T07:11:19.097+0000] {processor.py:161} INFO - Started process (PID=37) to work on /opt/airflow/dags/weather.zip
[2024-03-09T07:11:19.103+0000] {processor.py:830} INFO - Processing file /opt/airflow/dags/weather.zip for tasks to queue
[2024-03-09T07:11:19.111+0000] {logging_mixin.py:188} INFO - [2024-03-09T07:11:19.110+0000] {dagbag.py:540} INFO - Filling up the DagBag from /opt/airflow/dags/weather.zip
[2024-03-09T07:11:19.157+0000] {processor.py:842} WARNING - No viable dags retrieved from /opt/airflow/dags/weather.zip
[2024-03-09T07:11:19.217+0000] {processor.py:183} INFO - Processing /opt/airflow/dags/weather.zip took 0.126 seconds
[2024-03-09T07:11:50.648+0000] {processor.py:161} INFO - Started process (PID=93) to work on /opt/airflow/dags/weather.zip
[2024-03-09T07:11:50.649+0000] {processor.py:830} INFO - Processing file /opt/airflow/dags/weather.zip for tasks to queue
[2024-03-09T07:11:50.651+0000] {logging_mixin.py:188} INFO - [2024-03-09T07:11:50.650+0000] {dagbag.py:540} INFO - Filling up the DagBag from /opt/airflow/dags/weather.zip
[2024-03-09T07:11:50.662+0000] {processor.py:842} WARNING - No viable dags retrieved from /opt/airflow/dags/weather.zip
[2024-03-09T07:11:50.679+0000] {processor.py:183} INFO - Processing /opt/airflow/dags/weather.zip took 0.034 seconds
[2024-03-09T07:12:21.941+0000] {processor.py:161} INFO - Started process (PID=151) to work on /opt/airflow/dags/weather.zip
[2024-03-09T07:12:21.963+0000] {processor.py:830} INFO - Processing file /opt/airflow/dags/weather.zip for tasks to queue
[2024-03-09T07:12:21.966+0000] {logging_mixin.py:188} INFO - [2024-03-09T07:12:21.966+0000] {dagbag.py:540} INFO - Filling up the DagBag from /opt/airflow/dags/weather.zip
[2024-03-09T07:12:21.981+0000] {processor.py:842} WARNING - No viable dags retrieved from /opt/airflow/dags/weather.zip
[2024-03-09T07:12:22.003+0000] {processor.py:183} INFO - Processing /opt/airflow/dags/weather.zip took 0.065 seconds
[2024-03-09T07:12:53.939+0000] {processor.py:161} INFO - Started process (PID=209) to work on /opt/airflow/dags/weather.zip
[2024-03-09T07:12:53.968+0000] {processor.py:830} INFO - Processing file /opt/airflow/dags/weather.zip for tasks to queue
[2024-03-09T07:12:53.971+0000] {logging_mixin.py:188} INFO - [2024-03-09T07:12:53.970+0000] {dagbag.py:540} INFO - Filling up the DagBag from /opt/airflow/dags/weather.zip
[2024-03-09T07:12:53.986+0000] {processor.py:842} WARNING - No viable dags retrieved from /opt/airflow/dags/weather.zip
[2024-03-09T07:12:54.009+0000] {processor.py:183} INFO - Processing /opt/airflow/dags/weather.zip took 0.074 seconds
[2024-03-09T07:13:26.064+0000] {processor.py:161} INFO - Started process (PID=267) to work on /opt/airflow/dags/weather.zip
[2024-03-09T07:13:26.074+0000] {processor.py:830} INFO - Processing file /opt/airflow/dags/weather.zip for tasks to queue
[2024-03-09T07:13:26.077+0000] {logging_mixin.py:188} INFO - [2024-03-09T07:13:26.077+0000] {dagbag.py:540} INFO - Filling up the DagBag from /opt/airflow/dags/weather.zip
[2024-03-09T07:13:26.090+0000] {processor.py:842} WARNING - No viable dags retrieved from /opt/airflow/dags/weather.zip
[2024-03-09T07:13:26.114+0000] {processor.py:183} INFO - Processing /opt/airflow/dags/weather.zip took 0.054 seconds
[2024-03-09T07:13:57.211+0000] {processor.py:161} INFO - Started process (PID=326) to work on /opt/airflow/dags/weather.zip
[2024-03-09T07:13:57.213+0000] {processor.py:830} INFO - Processing file /opt/airflow/dags/weather.zip for tasks to queue
[2024-03-09T07:13:57.216+0000] {logging_mixin.py:188} INFO - [2024-03-09T07:13:57.216+0000] {dagbag.py:540} INFO - Filling up the DagBag from /opt/airflow/dags/weather.zip
[2024-03-09T07:13:57.232+0000] {processor.py:842} WARNING - No viable dags retrieved from /opt/airflow/dags/weather.zip
[2024-03-09T07:13:57.255+0000] {processor.py:183} INFO - Processing /opt/airflow/dags/weather.zip took 0.048 seconds
[2024-03-09T09:03:12.218+0000] {processor.py:161} INFO - Started process (PID=38) to work on /opt/airflow/dags/weather.zip
[2024-03-09T09:03:12.313+0000] {processor.py:830} INFO - Processing file /opt/airflow/dags/weather.zip for tasks to queue
[2024-03-09T09:03:12.317+0000] {logging_mixin.py:188} INFO - [2024-03-09T09:03:12.316+0000] {dagbag.py:540} INFO - Filling up the DagBag from /opt/airflow/dags/weather.zip
[2024-03-09T09:03:12.339+0000] {processor.py:842} WARNING - No viable dags retrieved from /opt/airflow/dags/weather.zip
[2024-03-09T09:03:12.386+0000] {processor.py:183} INFO - Processing /opt/airflow/dags/weather.zip took 0.178 seconds
[2024-03-09T09:03:47.197+0000] {processor.py:161} INFO - Started process (PID=94) to work on /opt/airflow/dags/weather.zip
[2024-03-09T09:03:47.206+0000] {processor.py:830} INFO - Processing file /opt/airflow/dags/weather.zip for tasks to queue
[2024-03-09T09:03:47.211+0000] {logging_mixin.py:188} INFO - [2024-03-09T09:03:47.210+0000] {dagbag.py:540} INFO - Filling up the DagBag from /opt/airflow/dags/weather.zip
[2024-03-09T09:03:47.244+0000] {processor.py:842} WARNING - No viable dags retrieved from /opt/airflow/dags/weather.zip
[2024-03-09T09:03:47.317+0000] {processor.py:183} INFO - Processing /opt/airflow/dags/weather.zip took 0.127 seconds
[2024-03-09T09:04:23.599+0000] {processor.py:161} INFO - Started process (PID=153) to work on /opt/airflow/dags/weather.zip
[2024-03-09T09:04:23.602+0000] {processor.py:830} INFO - Processing file /opt/airflow/dags/weather.zip for tasks to queue
[2024-03-09T09:04:23.608+0000] {logging_mixin.py:188} INFO - [2024-03-09T09:04:23.607+0000] {dagbag.py:540} INFO - Filling up the DagBag from /opt/airflow/dags/weather.zip
[2024-03-09T09:04:23.646+0000] {processor.py:842} WARNING - No viable dags retrieved from /opt/airflow/dags/weather.zip
[2024-03-09T09:04:23.832+0000] {processor.py:183} INFO - Processing /opt/airflow/dags/weather.zip took 0.240 seconds
[2024-03-09T09:05:01.503+0000] {processor.py:161} INFO - Started process (PID=218) to work on /opt/airflow/dags/weather.zip
[2024-03-09T09:05:01.531+0000] {processor.py:830} INFO - Processing file /opt/airflow/dags/weather.zip for tasks to queue
[2024-03-09T09:05:01.537+0000] {logging_mixin.py:188} INFO - [2024-03-09T09:05:01.536+0000] {dagbag.py:540} INFO - Filling up the DagBag from /opt/airflow/dags/weather.zip
[2024-03-09T09:05:01.564+0000] {processor.py:842} WARNING - No viable dags retrieved from /opt/airflow/dags/weather.zip
[2024-03-09T09:05:01.608+0000] {processor.py:183} INFO - Processing /opt/airflow/dags/weather.zip took 0.110 seconds
[2024-03-09T09:05:33.512+0000] {processor.py:161} INFO - Started process (PID=276) to work on /opt/airflow/dags/weather.zip
[2024-03-09T09:05:33.514+0000] {processor.py:830} INFO - Processing file /opt/airflow/dags/weather.zip for tasks to queue
[2024-03-09T09:05:33.520+0000] {logging_mixin.py:188} INFO - [2024-03-09T09:05:33.519+0000] {dagbag.py:540} INFO - Filling up the DagBag from /opt/airflow/dags/weather.zip
[2024-03-09T09:05:33.553+0000] {processor.py:842} WARNING - No viable dags retrieved from /opt/airflow/dags/weather.zip
[2024-03-09T09:05:33.602+0000] {processor.py:183} INFO - Processing /opt/airflow/dags/weather.zip took 0.097 seconds
[2024-03-09T09:06:05.260+0000] {processor.py:161} INFO - Started process (PID=334) to work on /opt/airflow/dags/weather.zip
[2024-03-09T09:06:05.262+0000] {processor.py:830} INFO - Processing file /opt/airflow/dags/weather.zip for tasks to queue
[2024-03-09T09:06:05.274+0000] {logging_mixin.py:188} INFO - [2024-03-09T09:06:05.273+0000] {dagbag.py:540} INFO - Filling up the DagBag from /opt/airflow/dags/weather.zip
[2024-03-09T09:06:05.302+0000] {processor.py:842} WARNING - No viable dags retrieved from /opt/airflow/dags/weather.zip
[2024-03-09T09:06:05.345+0000] {processor.py:183} INFO - Processing /opt/airflow/dags/weather.zip took 0.092 seconds
[2024-03-09T09:06:37.261+0000] {processor.py:161} INFO - Started process (PID=392) to work on /opt/airflow/dags/weather.zip
[2024-03-09T09:06:37.263+0000] {processor.py:830} INFO - Processing file /opt/airflow/dags/weather.zip for tasks to queue
[2024-03-09T09:06:37.269+0000] {logging_mixin.py:188} INFO - [2024-03-09T09:06:37.267+0000] {dagbag.py:540} INFO - Filling up the DagBag from /opt/airflow/dags/weather.zip
[2024-03-09T09:06:37.303+0000] {processor.py:842} WARNING - No viable dags retrieved from /opt/airflow/dags/weather.zip
[2024-03-09T09:06:37.347+0000] {processor.py:183} INFO - Processing /opt/airflow/dags/weather.zip took 0.092 seconds
[2024-03-09T09:07:08.595+0000] {processor.py:161} INFO - Started process (PID=450) to work on /opt/airflow/dags/weather.zip
[2024-03-09T09:07:08.598+0000] {processor.py:830} INFO - Processing file /opt/airflow/dags/weather.zip for tasks to queue
[2024-03-09T09:07:08.604+0000] {logging_mixin.py:188} INFO - [2024-03-09T09:07:08.604+0000] {dagbag.py:540} INFO - Filling up the DagBag from /opt/airflow/dags/weather.zip
[2024-03-09T09:07:08.635+0000] {processor.py:842} WARNING - No viable dags retrieved from /opt/airflow/dags/weather.zip
[2024-03-09T09:07:08.675+0000] {processor.py:183} INFO - Processing /opt/airflow/dags/weather.zip took 0.086 seconds
[2024-03-09T09:07:40.490+0000] {processor.py:161} INFO - Started process (PID=509) to work on /opt/airflow/dags/weather.zip
[2024-03-09T09:07:40.495+0000] {processor.py:830} INFO - Processing file /opt/airflow/dags/weather.zip for tasks to queue
[2024-03-09T09:07:40.503+0000] {logging_mixin.py:188} INFO - [2024-03-09T09:07:40.502+0000] {dagbag.py:540} INFO - Filling up the DagBag from /opt/airflow/dags/weather.zip
[2024-03-09T09:07:40.535+0000] {processor.py:842} WARNING - No viable dags retrieved from /opt/airflow/dags/weather.zip
[2024-03-09T09:07:40.585+0000] {processor.py:183} INFO - Processing /opt/airflow/dags/weather.zip took 0.107 seconds
