[2024-03-02T18:21:43.269+0000] {taskinstance.py:1979} INFO - Dependencies all met for dep_context=non-requeueable deps ti=<TaskInstance: weather.wait_data manual__2024-03-02T18:04:21.678373+00:00 [queued]>
[2024-03-02T18:21:43.282+0000] {taskinstance.py:1979} INFO - Dependencies all met for dep_context=requeueable deps ti=<TaskInstance: weather.wait_data manual__2024-03-02T18:04:21.678373+00:00 [queued]>
[2024-03-02T18:21:43.283+0000] {taskinstance.py:2193} INFO - Starting attempt 2 of 2
[2024-03-02T18:21:43.331+0000] {taskinstance.py:2214} INFO - Executing <Task(PythonOperator): wait_data> on 2024-03-02 18:04:21.678373+00:00
[2024-03-02T18:21:43.340+0000] {standard_task_runner.py:60} INFO - Started process 296 to run task
[2024-03-02T18:21:43.343+0000] {standard_task_runner.py:87} INFO - Running: ['***', 'tasks', 'run', 'weather', 'wait_data', 'manual__2024-03-02T18:04:21.678373+00:00', '--job-id', '361', '--raw', '--subdir', 'DAGS_FOLDER/task1.py', '--cfg-path', '/tmp/tmpgh507kiy']
[2024-03-02T18:21:43.345+0000] {standard_task_runner.py:88} INFO - Job 361: Subtask wait_data
[2024-03-02T18:21:43.419+0000] {task_command.py:423} INFO - Running <TaskInstance: weather.wait_data manual__2024-03-02T18:04:21.678373+00:00 [running]> on host 0038b8a32dc6
[2024-03-02T18:21:43.525+0000] {taskinstance.py:2510} INFO - Exporting env vars: AIRFLOW_CTX_DAG_OWNER='first_task' AIRFLOW_CTX_DAG_ID='weather' AIRFLOW_CTX_TASK_ID='wait_data' AIRFLOW_CTX_EXECUTION_DATE='2024-03-02T18:04:21.678373+00:00' AIRFLOW_CTX_TRY_NUMBER='2' AIRFLOW_CTX_DAG_RUN_ID='manual__2024-03-02T18:04:21.678373+00:00'
[2024-03-02T18:21:43.528+0000] {logging_mixin.py:188} INFO - True
[2024-03-02T18:21:43.529+0000] {logging_mixin.py:188} INFO - ['***', 'microsoft']
[2024-03-02T18:21:43.532+0000] {logging_mixin.py:188} INFO - ['task1.py', 'weather.zip', '__pycache__']
[2024-03-02T18:21:43.662+0000] {taskinstance.py:2728} ERROR - Task failed with exception
Traceback (most recent call last):
  File "/home/airflow/.local/lib/python3.11/site-packages/airflow/models/taskinstance.py", line 444, in _execute_task
    result = _execute_callable(context=context, **execute_callable_kwargs)
             ^^^^^^^^^^^^^^^^^^^^^^^^^^^^^^^^^^^^^^^^^^^^^^^^^^^^^^^^^^^^^
  File "/home/airflow/.local/lib/python3.11/site-packages/airflow/models/taskinstance.py", line 414, in _execute_callable
    return execute_callable(context=context, **execute_callable_kwargs)
           ^^^^^^^^^^^^^^^^^^^^^^^^^^^^^^^^^^^^^^^^^^^^^^^^^^^^^^^^^^^^
  File "/home/airflow/.local/lib/python3.11/site-packages/airflow/operators/python.py", line 200, in execute
    return_value = self.execute_callable()
                   ^^^^^^^^^^^^^^^^^^^^^^^
  File "/home/airflow/.local/lib/python3.11/site-packages/airflow/operators/python.py", line 217, in execute_callable
    return self.python_callable(*self.op_args, **self.op_kwargs)
           ^^^^^^^^^^^^^^^^^^^^^^^^^^^^^^^^^^^^^^^^^^^^^^^^^^^^^
  File "/opt/airflow/dags/task1.py", line 50, in wait_data
    print(open('/opt/airflow/dags/weather.zip','r').read())
          ^^^^^^^^^^^^^^^^^^^^^^^^^^^^^^^^^^^^^^^^^^^^^^^^
  File "<frozen codecs>", line 322, in decode
UnicodeDecodeError: 'utf-8' codec can't decode byte 0xab in position 10: invalid start byte
[2024-03-02T18:21:43.679+0000] {taskinstance.py:1149} INFO - Marking task as FAILED. dag_id=weather, task_id=wait_data, execution_date=20240302T180421, start_date=20240302T182143, end_date=20240302T182143
[2024-03-02T18:21:43.699+0000] {standard_task_runner.py:107} ERROR - Failed to execute job 361 for task wait_data ('utf-8' codec can't decode byte 0xab in position 10: invalid start byte; 296)
[2024-03-02T18:21:43.757+0000] {local_task_job_runner.py:234} INFO - Task exited with return code 1
[2024-03-02T18:21:43.778+0000] {taskinstance.py:3309} INFO - 0 downstream tasks scheduled from follow-on schedule check
