[2024-03-02T17:54:22.606+0000] {taskinstance.py:1979} INFO - Dependencies all met for dep_context=non-requeueable deps ti=<TaskInstance: weather.wait_data manual__2024-03-02T17:49:25.337319+00:00 [queued]>
[2024-03-02T17:54:22.620+0000] {taskinstance.py:1979} INFO - Dependencies all met for dep_context=requeueable deps ti=<TaskInstance: weather.wait_data manual__2024-03-02T17:49:25.337319+00:00 [queued]>
[2024-03-02T17:54:22.621+0000] {taskinstance.py:2193} INFO - Starting attempt 1 of 2
[2024-03-02T17:54:22.646+0000] {taskinstance.py:2214} INFO - Executing <Task(PythonOperator): wait_data> on 2024-03-02 17:49:25.337319+00:00
[2024-03-02T17:54:22.656+0000] {standard_task_runner.py:60} INFO - Started process 314 to run task
[2024-03-02T17:54:22.659+0000] {standard_task_runner.py:87} INFO - Running: ['***', 'tasks', 'run', 'weather', 'wait_data', 'manual__2024-03-02T17:49:25.337319+00:00', '--job-id', '323', '--raw', '--subdir', 'DAGS_FOLDER/task1.py', '--cfg-path', '/tmp/tmpvhtth2w4']
[2024-03-02T17:54:22.661+0000] {standard_task_runner.py:88} INFO - Job 323: Subtask wait_data
[2024-03-02T17:54:22.729+0000] {task_command.py:423} INFO - Running <TaskInstance: weather.wait_data manual__2024-03-02T17:49:25.337319+00:00 [running]> on host 24a25ce55ea7
[2024-03-02T17:54:22.842+0000] {taskinstance.py:2510} INFO - Exporting env vars: AIRFLOW_CTX_DAG_OWNER='first_task' AIRFLOW_CTX_DAG_ID='weather' AIRFLOW_CTX_TASK_ID='wait_data' AIRFLOW_CTX_EXECUTION_DATE='2024-03-02T17:49:25.337319+00:00' AIRFLOW_CTX_TRY_NUMBER='1' AIRFLOW_CTX_DAG_RUN_ID='manual__2024-03-02T17:49:25.337319+00:00'
[2024-03-02T17:54:22.845+0000] {logging_mixin.py:188} INFO - True
[2024-03-02T17:54:22.846+0000] {logging_mixin.py:188} INFO - True
[2024-03-02T17:54:22.847+0000] {logging_mixin.py:188} INFO - False
[2024-03-02T17:54:22.848+0000] {taskinstance.py:2728} ERROR - Task failed with exception
Traceback (most recent call last):
  File "/home/airflow/.local/lib/python3.11/site-packages/airflow/models/taskinstance.py", line 444, in _execute_task
    result = _execute_callable(context=context, **execute_callable_kwargs)
             ^^^^^^^^^^^^^^^^^^^^^^^^^^^^^^^^^^^^^^^^^^^^^^^^^^^^^^^^^^^^^
  File "/home/airflow/.local/lib/python3.11/site-packages/airflow/models/taskinstance.py", line 414, in _execute_callable
    return execute_callable(context=context, **execute_callable_kwargs)
           ^^^^^^^^^^^^^^^^^^^^^^^^^^^^^^^^^^^^^^^^^^^^^^^^^^^^^^^^^^^^
  File "/home/airflow/.local/lib/python3.11/site-packages/airflow/operators/python.py", line 200, in execute
    return_value = self.execute_callable()
                   ^^^^^^^^^^^^^^^^^^^^^^^
  File "/home/airflow/.local/lib/python3.11/site-packages/airflow/operators/python.py", line 217, in execute_callable
    return self.python_callable(*self.op_args, **self.op_kwargs)
           ^^^^^^^^^^^^^^^^^^^^^^^^^^^^^^^^^^^^^^^^^^^^^^^^^^^^^
  File "/opt/airflow/dags/task1.py", line 50, in wait_data
    print(open('weather.zip','r').read())
          ^^^^^^^^^^^^^^^^^^^^^^^
FileNotFoundError: [Errno 2] No such file or directory: 'weather.zip'
[2024-03-02T17:54:22.864+0000] {taskinstance.py:1149} INFO - Marking task as UP_FOR_RETRY. dag_id=weather, task_id=wait_data, execution_date=20240302T174925, start_date=20240302T175422, end_date=20240302T175422
[2024-03-02T17:54:22.889+0000] {standard_task_runner.py:107} ERROR - Failed to execute job 323 for task wait_data ([Errno 2] No such file or directory: 'weather.zip'; 314)
[2024-03-02T17:54:22.912+0000] {local_task_job_runner.py:234} INFO - Task exited with return code 1
[2024-03-02T17:54:22.937+0000] {taskinstance.py:3309} INFO - 0 downstream tasks scheduled from follow-on schedule check
