[2024-03-02T13:54:19.296+0000] {taskinstance.py:1979} INFO - Dependencies all met for dep_context=non-requeueable deps ti=<TaskInstance: weather.zip manual__2024-03-02T13:54:10.953563+00:00 [queued]>
[2024-03-02T13:54:19.309+0000] {taskinstance.py:1979} INFO - Dependencies all met for dep_context=requeueable deps ti=<TaskInstance: weather.zip manual__2024-03-02T13:54:10.953563+00:00 [queued]>
[2024-03-02T13:54:19.311+0000] {taskinstance.py:2193} INFO - Starting attempt 1 of 2
[2024-03-02T13:54:19.351+0000] {taskinstance.py:2214} INFO - Executing <Task(PythonOperator): zip> on 2024-03-02 13:54:10.953563+00:00
[2024-03-02T13:54:19.360+0000] {standard_task_runner.py:60} INFO - Started process 74 to run task
[2024-03-02T13:54:19.365+0000] {standard_task_runner.py:87} INFO - Running: ['***', 'tasks', 'run', 'weather', 'zip', 'manual__2024-03-02T13:54:10.953563+00:00', '--job-id', '194', '--raw', '--subdir', 'DAGS_FOLDER/task1.py', '--cfg-path', '/tmp/tmp32jv3b2z']
[2024-03-02T13:54:19.368+0000] {standard_task_runner.py:88} INFO - Job 194: Subtask zip
[2024-03-02T13:54:19.450+0000] {task_command.py:423} INFO - Running <TaskInstance: weather.zip manual__2024-03-02T13:54:10.953563+00:00 [running]> on host 97bf9cbfdc05
[2024-03-02T13:54:19.600+0000] {taskinstance.py:2510} INFO - Exporting env vars: AIRFLOW_CTX_DAG_OWNER='first_task' AIRFLOW_CTX_DAG_ID='weather' AIRFLOW_CTX_TASK_ID='zip' AIRFLOW_CTX_EXECUTION_DATE='2024-03-02T13:54:10.953563+00:00' AIRFLOW_CTX_TRY_NUMBER='1' AIRFLOW_CTX_DAG_RUN_ID='manual__2024-03-02T13:54:10.953563+00:00'
[2024-03-02T13:54:19.603+0000] {taskinstance.py:2728} ERROR - Task failed with exception
Traceback (most recent call last):
  File "/home/airflow/.local/lib/python3.11/site-packages/airflow/models/taskinstance.py", line 444, in _execute_task
    result = _execute_callable(context=context, **execute_callable_kwargs)
             ^^^^^^^^^^^^^^^^^^^^^^^^^^^^^^^^^^^^^^^^^^^^^^^^^^^^^^^^^^^^^
  File "/home/airflow/.local/lib/python3.11/site-packages/airflow/models/taskinstance.py", line 414, in _execute_callable
    return execute_callable(context=context, **execute_callable_kwargs)
           ^^^^^^^^^^^^^^^^^^^^^^^^^^^^^^^^^^^^^^^^^^^^^^^^^^^^^^^^^^^^
  File "/home/airflow/.local/lib/python3.11/site-packages/airflow/operators/python.py", line 200, in execute
    return_value = self.execute_callable()
                   ^^^^^^^^^^^^^^^^^^^^^^^
  File "/home/airflow/.local/lib/python3.11/site-packages/airflow/operators/python.py", line 217, in execute_callable
    return self.python_callable(*self.op_args, **self.op_kwargs)
           ^^^^^^^^^^^^^^^^^^^^^^^^^^^^^^^^^^^^^^^^^^^^^^^^^^^^^
  File "/opt/airflow/dags/task1.py", line 49, in zip
    zip.write(file)
  File "/usr/local/lib/python3.11/zipfile.py", line 1787, in write
    zinfo = ZipInfo.from_file(filename, arcname,
            ^^^^^^^^^^^^^^^^^^^^^^^^^^^^^^^^^^^^
  File "/usr/local/lib/python3.11/zipfile.py", line 534, in from_file
    st = os.stat(filename)
         ^^^^^^^^^^^^^^^^^
FileNotFoundError: [Errno 2] No such file or directory: '2'
[2024-03-02T13:54:19.636+0000] {taskinstance.py:1149} INFO - Marking task as UP_FOR_RETRY. dag_id=weather, task_id=zip, execution_date=20240302T135410, start_date=20240302T135419, end_date=20240302T135419
[2024-03-02T13:54:19.669+0000] {standard_task_runner.py:107} ERROR - Failed to execute job 194 for task zip ([Errno 2] No such file or directory: '2'; 74)
[2024-03-02T13:54:19.700+0000] {local_task_job_runner.py:234} INFO - Task exited with return code 1
[2024-03-02T13:54:19.734+0000] {taskinstance.py:3309} INFO - 0 downstream tasks scheduled from follow-on schedule check
