[2024-03-02T13:37:51.099+0000] {taskinstance.py:1979} INFO - Dependencies all met for dep_context=non-requeueable deps ti=<TaskInstance: weather.get_data manual__2024-03-02T13:37:44.440434+00:00 [queued]>
[2024-03-02T13:37:51.114+0000] {taskinstance.py:1979} INFO - Dependencies all met for dep_context=requeueable deps ti=<TaskInstance: weather.get_data manual__2024-03-02T13:37:44.440434+00:00 [queued]>
[2024-03-02T13:37:51.115+0000] {taskinstance.py:2193} INFO - Starting attempt 1 of 2
[2024-03-02T13:37:51.139+0000] {taskinstance.py:2214} INFO - Executing <Task(PythonOperator): get_data> on 2024-03-02 13:37:44.440434+00:00
[2024-03-02T13:37:51.147+0000] {standard_task_runner.py:60} INFO - Started process 96 to run task
[2024-03-02T13:37:51.151+0000] {standard_task_runner.py:87} INFO - Running: ['***', 'tasks', 'run', 'weather', 'get_data', 'manual__2024-03-02T13:37:44.440434+00:00', '--job-id', '189', '--raw', '--subdir', 'DAGS_FOLDER/task1.py', '--cfg-path', '/tmp/tmpupm9rv_k']
[2024-03-02T13:37:51.152+0000] {standard_task_runner.py:88} INFO - Job 189: Subtask get_data
[2024-03-02T13:37:51.214+0000] {task_command.py:423} INFO - Running <TaskInstance: weather.get_data manual__2024-03-02T13:37:44.440434+00:00 [running]> on host 445ef4554cdf
[2024-03-02T13:37:51.326+0000] {taskinstance.py:2510} INFO - Exporting env vars: AIRFLOW_CTX_DAG_OWNER='first_task' AIRFLOW_CTX_DAG_ID='weather' AIRFLOW_CTX_TASK_ID='get_data' AIRFLOW_CTX_EXECUTION_DATE='2024-03-02T13:37:44.440434+00:00' AIRFLOW_CTX_TRY_NUMBER='1' AIRFLOW_CTX_DAG_RUN_ID='manual__2024-03-02T13:37:44.440434+00:00'
[2024-03-02T13:42:15.642+0000] {logging_mixin.py:188} INFO - File Name                                             Modified             Size
[2024-03-02T13:42:15.644+0000] {logging_mixin.py:188} INFO - 71902099999.csv                                2024-03-02 13:38:59      5206740
[2024-03-02T13:42:15.645+0000] {logging_mixin.py:188} INFO - 42705599999.csv                                2024-03-02 13:40:28      9709654
[2024-03-02T13:42:15.646+0000] {logging_mixin.py:188} INFO - 71222099999.csv                                2024-03-02 13:40:40      5992361
[2024-03-02T13:42:15.646+0000] {logging_mixin.py:188} INFO - 72330613825.csv                                2024-03-02 13:41:16      9384976
[2024-03-02T13:42:15.648+0000] {logging_mixin.py:188} INFO - 86903099999.csv                                2024-03-02 13:41:32      2922146
[2024-03-02T13:42:15.649+0000] {logging_mixin.py:188} INFO - 17130099999.csv                                2024-03-02 13:41:45      4808897
[2024-03-02T13:42:15.650+0000] {logging_mixin.py:188} INFO - 12160099999.csv                                2024-03-02 13:41:56      4978557
[2024-03-02T13:42:15.650+0000] {logging_mixin.py:188} INFO - 70119526625.csv                                2024-03-02 13:42:05      4406211
[2024-03-02T13:42:15.651+0000] {logging_mixin.py:188} INFO - 86490099999.csv                                2024-03-02 13:42:09      1388610
[2024-03-02T13:42:15.652+0000] {logging_mixin.py:188} INFO - 28165099999.csv                                2024-03-02 13:42:15      1557737
[2024-03-02T13:42:15.653+0000] {logging_mixin.py:188} INFO - None
[2024-03-02T13:42:15.679+0000] {python.py:202} INFO - Done. Returned value was: None
[2024-03-02T13:42:15.694+0000] {taskinstance.py:1149} INFO - Marking task as SUCCESS. dag_id=weather, task_id=get_data, execution_date=20240302T133744, start_date=20240302T133751, end_date=20240302T134215
[2024-03-02T13:42:16.081+0000] {local_task_job_runner.py:234} INFO - Task exited with return code 0
[2024-03-02T13:42:16.112+0000] {taskinstance.py:3309} INFO - 1 downstream tasks scheduled from follow-on schedule check
