[2024-03-07T18:12:56.834+0000] {processor.py:161} INFO - Started process (PID=48) to work on /opt/airflow/dags/task1.py
[2024-03-07T18:12:56.857+0000] {processor.py:830} INFO - Processing file /opt/airflow/dags/task1.py for tasks to queue
[2024-03-07T18:12:56.873+0000] {logging_mixin.py:188} INFO - [2024-03-07T18:12:56.872+0000] {dagbag.py:540} INFO - Filling up the DagBag from /opt/airflow/dags/task1.py
[2024-03-07T18:13:04.836+0000] {logging_mixin.py:188} INFO - [2024-03-07T18:13:04.787+0000] {dagbag.py:350} ERROR - Failed to import: /opt/airflow/dags/task1.py
Traceback (most recent call last):
  File "/home/airflow/.local/lib/python3.11/site-packages/airflow/models/dagbag.py", line 346, in parse
    loader.exec_module(new_module)
  File "<frozen importlib._bootstrap_external>", line 940, in exec_module
  File "<frozen importlib._bootstrap>", line 241, in _call_with_frames_removed
  File "/opt/airflow/dags/task1.py", line 13, in <module>
    import apache_beam as beam
ModuleNotFoundError: No module named 'apache_beam'
[2024-03-07T18:13:04.895+0000] {processor.py:842} WARNING - No viable dags retrieved from /opt/airflow/dags/task1.py
[2024-03-07T18:13:05.262+0000] {processor.py:183} INFO - Processing /opt/airflow/dags/task1.py took 8.443 seconds
[2024-03-07T18:13:38.125+0000] {processor.py:161} INFO - Started process (PID=113) to work on /opt/airflow/dags/task1.py
[2024-03-07T18:13:38.129+0000] {processor.py:830} INFO - Processing file /opt/airflow/dags/task1.py for tasks to queue
[2024-03-07T18:13:38.144+0000] {logging_mixin.py:188} INFO - [2024-03-07T18:13:38.142+0000] {dagbag.py:540} INFO - Filling up the DagBag from /opt/airflow/dags/task1.py
[2024-03-07T18:13:40.752+0000] {logging_mixin.py:188} INFO - [2024-03-07T18:13:40.728+0000] {dagbag.py:350} ERROR - Failed to import: /opt/airflow/dags/task1.py
Traceback (most recent call last):
  File "/home/airflow/.local/lib/python3.11/site-packages/airflow/models/dagbag.py", line 346, in parse
    loader.exec_module(new_module)
  File "<frozen importlib._bootstrap_external>", line 940, in exec_module
  File "<frozen importlib._bootstrap>", line 241, in _call_with_frames_removed
  File "/opt/airflow/dags/task1.py", line 13, in <module>
    import apache_beam as beam
ModuleNotFoundError: No module named 'apache_beam'
[2024-03-07T18:13:40.771+0000] {processor.py:842} WARNING - No viable dags retrieved from /opt/airflow/dags/task1.py
[2024-03-07T18:13:40.901+0000] {processor.py:183} INFO - Processing /opt/airflow/dags/task1.py took 2.795 seconds
[2024-03-07T18:14:11.218+0000] {processor.py:161} INFO - Started process (PID=173) to work on /opt/airflow/dags/task1.py
[2024-03-07T18:14:11.221+0000] {processor.py:830} INFO - Processing file /opt/airflow/dags/task1.py for tasks to queue
[2024-03-07T18:14:11.233+0000] {logging_mixin.py:188} INFO - [2024-03-07T18:14:11.232+0000] {dagbag.py:540} INFO - Filling up the DagBag from /opt/airflow/dags/task1.py
[2024-03-07T18:14:13.664+0000] {logging_mixin.py:188} INFO - [2024-03-07T18:14:13.615+0000] {dagbag.py:350} ERROR - Failed to import: /opt/airflow/dags/task1.py
Traceback (most recent call last):
  File "/home/airflow/.local/lib/python3.11/site-packages/airflow/models/dagbag.py", line 346, in parse
    loader.exec_module(new_module)
  File "<frozen importlib._bootstrap_external>", line 940, in exec_module
  File "<frozen importlib._bootstrap>", line 241, in _call_with_frames_removed
  File "/opt/airflow/dags/task1.py", line 13, in <module>
    import apache_beam as beam
ModuleNotFoundError: No module named 'apache_beam'
[2024-03-07T18:14:13.673+0000] {processor.py:842} WARNING - No viable dags retrieved from /opt/airflow/dags/task1.py
[2024-03-07T18:14:13.907+0000] {processor.py:183} INFO - Processing /opt/airflow/dags/task1.py took 2.699 seconds
[2024-03-07T18:14:46.989+0000] {processor.py:161} INFO - Started process (PID=232) to work on /opt/airflow/dags/task1.py
[2024-03-07T18:14:46.995+0000] {processor.py:830} INFO - Processing file /opt/airflow/dags/task1.py for tasks to queue
[2024-03-07T18:14:47.009+0000] {logging_mixin.py:188} INFO - [2024-03-07T18:14:47.008+0000] {dagbag.py:540} INFO - Filling up the DagBag from /opt/airflow/dags/task1.py
[2024-03-07T18:14:50.233+0000] {logging_mixin.py:188} INFO - [2024-03-07T18:14:50.211+0000] {dagbag.py:350} ERROR - Failed to import: /opt/airflow/dags/task1.py
Traceback (most recent call last):
  File "/home/airflow/.local/lib/python3.11/site-packages/airflow/models/dagbag.py", line 346, in parse
    loader.exec_module(new_module)
  File "<frozen importlib._bootstrap_external>", line 940, in exec_module
  File "<frozen importlib._bootstrap>", line 241, in _call_with_frames_removed
  File "/opt/airflow/dags/task1.py", line 13, in <module>
    import apache_beam as beam
ModuleNotFoundError: No module named 'apache_beam'
[2024-03-07T18:14:50.240+0000] {processor.py:842} WARNING - No viable dags retrieved from /opt/airflow/dags/task1.py
[2024-03-07T18:14:50.335+0000] {processor.py:183} INFO - Processing /opt/airflow/dags/task1.py took 3.365 seconds
[2024-03-07T18:15:20.930+0000] {processor.py:161} INFO - Started process (PID=294) to work on /opt/airflow/dags/task1.py
[2024-03-07T18:15:20.933+0000] {processor.py:830} INFO - Processing file /opt/airflow/dags/task1.py for tasks to queue
[2024-03-07T18:15:20.940+0000] {logging_mixin.py:188} INFO - [2024-03-07T18:15:20.939+0000] {dagbag.py:540} INFO - Filling up the DagBag from /opt/airflow/dags/task1.py
[2024-03-07T18:15:22.341+0000] {logging_mixin.py:188} INFO - [2024-03-07T18:15:22.324+0000] {dagbag.py:350} ERROR - Failed to import: /opt/airflow/dags/task1.py
Traceback (most recent call last):
  File "/home/airflow/.local/lib/python3.11/site-packages/airflow/models/dagbag.py", line 346, in parse
    loader.exec_module(new_module)
  File "<frozen importlib._bootstrap_external>", line 940, in exec_module
  File "<frozen importlib._bootstrap>", line 241, in _call_with_frames_removed
  File "/opt/airflow/dags/task1.py", line 13, in <module>
    import apache_beam as beam
ModuleNotFoundError: No module named 'apache_beam'
[2024-03-07T18:15:22.347+0000] {processor.py:842} WARNING - No viable dags retrieved from /opt/airflow/dags/task1.py
[2024-03-07T18:15:22.416+0000] {processor.py:183} INFO - Processing /opt/airflow/dags/task1.py took 1.493 seconds
[2024-03-07T18:15:52.676+0000] {processor.py:161} INFO - Started process (PID=353) to work on /opt/airflow/dags/task1.py
[2024-03-07T18:15:52.680+0000] {processor.py:830} INFO - Processing file /opt/airflow/dags/task1.py for tasks to queue
[2024-03-07T18:15:52.685+0000] {logging_mixin.py:188} INFO - [2024-03-07T18:15:52.684+0000] {dagbag.py:540} INFO - Filling up the DagBag from /opt/airflow/dags/task1.py
[2024-03-07T18:15:53.676+0000] {logging_mixin.py:188} INFO - [2024-03-07T18:15:53.661+0000] {dagbag.py:350} ERROR - Failed to import: /opt/airflow/dags/task1.py
Traceback (most recent call last):
  File "/home/airflow/.local/lib/python3.11/site-packages/airflow/models/dagbag.py", line 346, in parse
    loader.exec_module(new_module)
  File "<frozen importlib._bootstrap_external>", line 940, in exec_module
  File "<frozen importlib._bootstrap>", line 241, in _call_with_frames_removed
  File "/opt/airflow/dags/task1.py", line 13, in <module>
    import apache_beam as beam
ModuleNotFoundError: No module named 'apache_beam'
[2024-03-07T18:15:53.681+0000] {processor.py:842} WARNING - No viable dags retrieved from /opt/airflow/dags/task1.py
[2024-03-07T18:15:53.724+0000] {processor.py:183} INFO - Processing /opt/airflow/dags/task1.py took 1.052 seconds
[2024-03-07T18:16:24.038+0000] {processor.py:161} INFO - Started process (PID=412) to work on /opt/airflow/dags/task1.py
[2024-03-07T18:16:24.041+0000] {processor.py:830} INFO - Processing file /opt/airflow/dags/task1.py for tasks to queue
[2024-03-07T18:16:24.047+0000] {logging_mixin.py:188} INFO - [2024-03-07T18:16:24.046+0000] {dagbag.py:540} INFO - Filling up the DagBag from /opt/airflow/dags/task1.py
[2024-03-07T18:16:24.934+0000] {logging_mixin.py:188} INFO - [2024-03-07T18:16:24.924+0000] {dagbag.py:350} ERROR - Failed to import: /opt/airflow/dags/task1.py
Traceback (most recent call last):
  File "/home/airflow/.local/lib/python3.11/site-packages/airflow/models/dagbag.py", line 346, in parse
    loader.exec_module(new_module)
  File "<frozen importlib._bootstrap_external>", line 940, in exec_module
  File "<frozen importlib._bootstrap>", line 241, in _call_with_frames_removed
  File "/opt/airflow/dags/task1.py", line 13, in <module>
    import apache_beam as beam
ModuleNotFoundError: No module named 'apache_beam'
[2024-03-07T18:16:24.938+0000] {processor.py:842} WARNING - No viable dags retrieved from /opt/airflow/dags/task1.py
[2024-03-07T18:16:24.979+0000] {processor.py:183} INFO - Processing /opt/airflow/dags/task1.py took 0.948 seconds
[2024-03-07T18:16:55.470+0000] {processor.py:161} INFO - Started process (PID=470) to work on /opt/airflow/dags/task1.py
[2024-03-07T18:16:55.472+0000] {processor.py:830} INFO - Processing file /opt/airflow/dags/task1.py for tasks to queue
[2024-03-07T18:16:55.477+0000] {logging_mixin.py:188} INFO - [2024-03-07T18:16:55.476+0000] {dagbag.py:540} INFO - Filling up the DagBag from /opt/airflow/dags/task1.py
[2024-03-07T18:16:56.800+0000] {logging_mixin.py:188} INFO - [2024-03-07T18:16:56.780+0000] {dagbag.py:350} ERROR - Failed to import: /opt/airflow/dags/task1.py
Traceback (most recent call last):
  File "/home/airflow/.local/lib/python3.11/site-packages/airflow/models/dagbag.py", line 346, in parse
    loader.exec_module(new_module)
  File "<frozen importlib._bootstrap_external>", line 940, in exec_module
  File "<frozen importlib._bootstrap>", line 241, in _call_with_frames_removed
  File "/opt/airflow/dags/task1.py", line 13, in <module>
    import apache_beam as beam
ModuleNotFoundError: No module named 'apache_beam'
[2024-03-07T18:16:56.804+0000] {processor.py:842} WARNING - No viable dags retrieved from /opt/airflow/dags/task1.py
[2024-03-07T18:16:56.863+0000] {processor.py:183} INFO - Processing /opt/airflow/dags/task1.py took 1.399 seconds
[2024-03-07T18:17:27.392+0000] {processor.py:161} INFO - Started process (PID=530) to work on /opt/airflow/dags/task1.py
[2024-03-07T18:17:27.394+0000] {processor.py:830} INFO - Processing file /opt/airflow/dags/task1.py for tasks to queue
[2024-03-07T18:17:27.398+0000] {logging_mixin.py:188} INFO - [2024-03-07T18:17:27.397+0000] {dagbag.py:540} INFO - Filling up the DagBag from /opt/airflow/dags/task1.py
[2024-03-07T18:17:28.277+0000] {logging_mixin.py:188} INFO - [2024-03-07T18:17:28.264+0000] {dagbag.py:350} ERROR - Failed to import: /opt/airflow/dags/task1.py
Traceback (most recent call last):
  File "/home/airflow/.local/lib/python3.11/site-packages/airflow/models/dagbag.py", line 346, in parse
    loader.exec_module(new_module)
  File "<frozen importlib._bootstrap_external>", line 940, in exec_module
  File "<frozen importlib._bootstrap>", line 241, in _call_with_frames_removed
  File "/opt/airflow/dags/task1.py", line 13, in <module>
    import apache_beam as beam
ModuleNotFoundError: No module named 'apache_beam'
[2024-03-07T18:17:28.285+0000] {processor.py:842} WARNING - No viable dags retrieved from /opt/airflow/dags/task1.py
[2024-03-07T18:17:28.339+0000] {processor.py:183} INFO - Processing /opt/airflow/dags/task1.py took 0.951 seconds
[2024-03-07T18:17:59.304+0000] {processor.py:161} INFO - Started process (PID=590) to work on /opt/airflow/dags/task1.py
[2024-03-07T18:17:59.307+0000] {processor.py:830} INFO - Processing file /opt/airflow/dags/task1.py for tasks to queue
[2024-03-07T18:17:59.313+0000] {logging_mixin.py:188} INFO - [2024-03-07T18:17:59.312+0000] {dagbag.py:540} INFO - Filling up the DagBag from /opt/airflow/dags/task1.py
[2024-03-07T18:18:00.564+0000] {logging_mixin.py:188} INFO - [2024-03-07T18:18:00.551+0000] {dagbag.py:350} ERROR - Failed to import: /opt/airflow/dags/task1.py
Traceback (most recent call last):
  File "/home/airflow/.local/lib/python3.11/site-packages/airflow/models/dagbag.py", line 346, in parse
    loader.exec_module(new_module)
  File "<frozen importlib._bootstrap_external>", line 940, in exec_module
  File "<frozen importlib._bootstrap>", line 241, in _call_with_frames_removed
  File "/opt/airflow/dags/task1.py", line 13, in <module>
    import apache_beam as beam
ModuleNotFoundError: No module named 'apache_beam'
[2024-03-07T18:18:00.572+0000] {processor.py:842} WARNING - No viable dags retrieved from /opt/airflow/dags/task1.py
[2024-03-07T18:18:00.636+0000] {processor.py:183} INFO - Processing /opt/airflow/dags/task1.py took 1.339 seconds
[2024-03-07T18:18:31.064+0000] {processor.py:161} INFO - Started process (PID=649) to work on /opt/airflow/dags/task1.py
[2024-03-07T18:18:31.068+0000] {processor.py:830} INFO - Processing file /opt/airflow/dags/task1.py for tasks to queue
[2024-03-07T18:18:31.073+0000] {logging_mixin.py:188} INFO - [2024-03-07T18:18:31.072+0000] {dagbag.py:540} INFO - Filling up the DagBag from /opt/airflow/dags/task1.py
[2024-03-07T18:18:32.062+0000] {logging_mixin.py:188} INFO - [2024-03-07T18:18:32.053+0000] {dagbag.py:350} ERROR - Failed to import: /opt/airflow/dags/task1.py
Traceback (most recent call last):
  File "/home/airflow/.local/lib/python3.11/site-packages/airflow/models/dagbag.py", line 346, in parse
    loader.exec_module(new_module)
  File "<frozen importlib._bootstrap_external>", line 940, in exec_module
  File "<frozen importlib._bootstrap>", line 241, in _call_with_frames_removed
  File "/opt/airflow/dags/task1.py", line 13, in <module>
    import apache_beam as beam
ModuleNotFoundError: No module named 'apache_beam'
[2024-03-07T18:18:32.066+0000] {processor.py:842} WARNING - No viable dags retrieved from /opt/airflow/dags/task1.py
[2024-03-07T18:18:32.131+0000] {processor.py:183} INFO - Processing /opt/airflow/dags/task1.py took 1.073 seconds
[2024-03-07T18:19:02.850+0000] {processor.py:161} INFO - Started process (PID=707) to work on /opt/airflow/dags/task1.py
[2024-03-07T18:19:02.856+0000] {processor.py:830} INFO - Processing file /opt/airflow/dags/task1.py for tasks to queue
[2024-03-07T18:19:02.888+0000] {logging_mixin.py:188} INFO - [2024-03-07T18:19:02.883+0000] {dagbag.py:540} INFO - Filling up the DagBag from /opt/airflow/dags/task1.py
[2024-03-07T18:19:04.216+0000] {logging_mixin.py:188} INFO - [2024-03-07T18:19:04.205+0000] {dagbag.py:350} ERROR - Failed to import: /opt/airflow/dags/task1.py
Traceback (most recent call last):
  File "/home/airflow/.local/lib/python3.11/site-packages/airflow/models/dagbag.py", line 346, in parse
    loader.exec_module(new_module)
  File "<frozen importlib._bootstrap_external>", line 940, in exec_module
  File "<frozen importlib._bootstrap>", line 241, in _call_with_frames_removed
  File "/opt/airflow/dags/task1.py", line 13, in <module>
    import apache_beam as beam
ModuleNotFoundError: No module named 'apache_beam'
[2024-03-07T18:19:04.222+0000] {processor.py:842} WARNING - No viable dags retrieved from /opt/airflow/dags/task1.py
[2024-03-07T18:19:04.279+0000] {processor.py:183} INFO - Processing /opt/airflow/dags/task1.py took 1.446 seconds
[2024-03-07T18:19:34.888+0000] {processor.py:161} INFO - Started process (PID=766) to work on /opt/airflow/dags/task1.py
[2024-03-07T18:19:34.890+0000] {processor.py:830} INFO - Processing file /opt/airflow/dags/task1.py for tasks to queue
[2024-03-07T18:19:34.895+0000] {logging_mixin.py:188} INFO - [2024-03-07T18:19:34.894+0000] {dagbag.py:540} INFO - Filling up the DagBag from /opt/airflow/dags/task1.py
[2024-03-07T18:19:35.850+0000] {logging_mixin.py:188} INFO - [2024-03-07T18:19:35.839+0000] {dagbag.py:350} ERROR - Failed to import: /opt/airflow/dags/task1.py
Traceback (most recent call last):
  File "/home/airflow/.local/lib/python3.11/site-packages/airflow/models/dagbag.py", line 346, in parse
    loader.exec_module(new_module)
  File "<frozen importlib._bootstrap_external>", line 940, in exec_module
  File "<frozen importlib._bootstrap>", line 241, in _call_with_frames_removed
  File "/opt/airflow/dags/task1.py", line 13, in <module>
    import apache_beam as beam
ModuleNotFoundError: No module named 'apache_beam'
[2024-03-07T18:19:35.854+0000] {processor.py:842} WARNING - No viable dags retrieved from /opt/airflow/dags/task1.py
[2024-03-07T18:19:35.924+0000] {processor.py:183} INFO - Processing /opt/airflow/dags/task1.py took 1.042 seconds
[2024-03-07T18:20:06.322+0000] {processor.py:161} INFO - Started process (PID=827) to work on /opt/airflow/dags/task1.py
[2024-03-07T18:20:06.325+0000] {processor.py:830} INFO - Processing file /opt/airflow/dags/task1.py for tasks to queue
[2024-03-07T18:20:06.329+0000] {logging_mixin.py:188} INFO - [2024-03-07T18:20:06.328+0000] {dagbag.py:540} INFO - Filling up the DagBag from /opt/airflow/dags/task1.py
[2024-03-07T18:20:07.198+0000] {logging_mixin.py:188} INFO - [2024-03-07T18:20:07.187+0000] {dagbag.py:350} ERROR - Failed to import: /opt/airflow/dags/task1.py
Traceback (most recent call last):
  File "/home/airflow/.local/lib/python3.11/site-packages/airflow/models/dagbag.py", line 346, in parse
    loader.exec_module(new_module)
  File "<frozen importlib._bootstrap_external>", line 940, in exec_module
  File "<frozen importlib._bootstrap>", line 241, in _call_with_frames_removed
  File "/opt/airflow/dags/task1.py", line 13, in <module>
    import apache_beam as beam
ModuleNotFoundError: No module named 'apache_beam'
[2024-03-07T18:20:07.202+0000] {processor.py:842} WARNING - No viable dags retrieved from /opt/airflow/dags/task1.py
[2024-03-07T18:20:07.245+0000] {processor.py:183} INFO - Processing /opt/airflow/dags/task1.py took 0.927 seconds
[2024-03-07T18:20:37.458+0000] {processor.py:161} INFO - Started process (PID=886) to work on /opt/airflow/dags/task1.py
[2024-03-07T18:20:37.460+0000] {processor.py:830} INFO - Processing file /opt/airflow/dags/task1.py for tasks to queue
[2024-03-07T18:20:37.465+0000] {logging_mixin.py:188} INFO - [2024-03-07T18:20:37.464+0000] {dagbag.py:540} INFO - Filling up the DagBag from /opt/airflow/dags/task1.py
[2024-03-07T18:20:38.494+0000] {logging_mixin.py:188} INFO - [2024-03-07T18:20:38.483+0000] {dagbag.py:350} ERROR - Failed to import: /opt/airflow/dags/task1.py
Traceback (most recent call last):
  File "/home/airflow/.local/lib/python3.11/site-packages/airflow/models/dagbag.py", line 346, in parse
    loader.exec_module(new_module)
  File "<frozen importlib._bootstrap_external>", line 940, in exec_module
  File "<frozen importlib._bootstrap>", line 241, in _call_with_frames_removed
  File "/opt/airflow/dags/task1.py", line 13, in <module>
    import apache_beam as beam
ModuleNotFoundError: No module named 'apache_beam'
[2024-03-07T18:20:38.498+0000] {processor.py:842} WARNING - No viable dags retrieved from /opt/airflow/dags/task1.py
[2024-03-07T18:20:38.552+0000] {processor.py:183} INFO - Processing /opt/airflow/dags/task1.py took 1.100 seconds
[2024-03-07T18:21:09.804+0000] {processor.py:161} INFO - Started process (PID=952) to work on /opt/airflow/dags/task1.py
[2024-03-07T18:21:09.807+0000] {processor.py:830} INFO - Processing file /opt/airflow/dags/task1.py for tasks to queue
[2024-03-07T18:21:09.812+0000] {logging_mixin.py:188} INFO - [2024-03-07T18:21:09.811+0000] {dagbag.py:540} INFO - Filling up the DagBag from /opt/airflow/dags/task1.py
[2024-03-07T18:21:10.738+0000] {logging_mixin.py:188} INFO - [2024-03-07T18:21:10.729+0000] {dagbag.py:350} ERROR - Failed to import: /opt/airflow/dags/task1.py
Traceback (most recent call last):
  File "/home/airflow/.local/lib/python3.11/site-packages/airflow/models/dagbag.py", line 346, in parse
    loader.exec_module(new_module)
  File "<frozen importlib._bootstrap_external>", line 940, in exec_module
  File "<frozen importlib._bootstrap>", line 241, in _call_with_frames_removed
  File "/opt/airflow/dags/task1.py", line 13, in <module>
    import apache_beam as beam
ModuleNotFoundError: No module named 'apache_beam'
[2024-03-07T18:21:10.741+0000] {processor.py:842} WARNING - No viable dags retrieved from /opt/airflow/dags/task1.py
[2024-03-07T18:21:10.778+0000] {processor.py:183} INFO - Processing /opt/airflow/dags/task1.py took 0.979 seconds
[2024-03-07T18:21:42.393+0000] {processor.py:161} INFO - Started process (PID=1006) to work on /opt/airflow/dags/task1.py
[2024-03-07T18:21:42.396+0000] {processor.py:830} INFO - Processing file /opt/airflow/dags/task1.py for tasks to queue
[2024-03-07T18:21:42.401+0000] {logging_mixin.py:188} INFO - [2024-03-07T18:21:42.400+0000] {dagbag.py:540} INFO - Filling up the DagBag from /opt/airflow/dags/task1.py
[2024-03-07T18:21:43.335+0000] {logging_mixin.py:188} INFO - [2024-03-07T18:21:43.327+0000] {dagbag.py:350} ERROR - Failed to import: /opt/airflow/dags/task1.py
Traceback (most recent call last):
  File "/home/airflow/.local/lib/python3.11/site-packages/airflow/models/dagbag.py", line 346, in parse
    loader.exec_module(new_module)
  File "<frozen importlib._bootstrap_external>", line 940, in exec_module
  File "<frozen importlib._bootstrap>", line 241, in _call_with_frames_removed
  File "/opt/airflow/dags/task1.py", line 13, in <module>
    import apache_beam as beam
ModuleNotFoundError: No module named 'apache_beam'
[2024-03-07T18:21:43.339+0000] {processor.py:842} WARNING - No viable dags retrieved from /opt/airflow/dags/task1.py
[2024-03-07T18:21:43.380+0000] {processor.py:183} INFO - Processing /opt/airflow/dags/task1.py took 0.993 seconds
[2024-03-07T18:22:13.500+0000] {processor.py:161} INFO - Started process (PID=1064) to work on /opt/airflow/dags/task1.py
[2024-03-07T18:22:13.502+0000] {processor.py:830} INFO - Processing file /opt/airflow/dags/task1.py for tasks to queue
[2024-03-07T18:22:13.506+0000] {logging_mixin.py:188} INFO - [2024-03-07T18:22:13.505+0000] {dagbag.py:540} INFO - Filling up the DagBag from /opt/airflow/dags/task1.py
[2024-03-07T18:22:14.365+0000] {logging_mixin.py:188} INFO - [2024-03-07T18:22:14.345+0000] {dagbag.py:350} ERROR - Failed to import: /opt/airflow/dags/task1.py
Traceback (most recent call last):
  File "/home/airflow/.local/lib/python3.11/site-packages/airflow/models/dagbag.py", line 346, in parse
    loader.exec_module(new_module)
  File "<frozen importlib._bootstrap_external>", line 940, in exec_module
  File "<frozen importlib._bootstrap>", line 241, in _call_with_frames_removed
  File "/opt/airflow/dags/task1.py", line 13, in <module>
    import apache_beam as beam
ModuleNotFoundError: No module named 'apache_beam'
[2024-03-07T18:22:14.370+0000] {processor.py:842} WARNING - No viable dags retrieved from /opt/airflow/dags/task1.py
[2024-03-07T18:22:14.414+0000] {processor.py:183} INFO - Processing /opt/airflow/dags/task1.py took 0.918 seconds
[2024-03-07T18:22:45.792+0000] {processor.py:161} INFO - Started process (PID=1123) to work on /opt/airflow/dags/task1.py
[2024-03-07T18:22:45.794+0000] {processor.py:830} INFO - Processing file /opt/airflow/dags/task1.py for tasks to queue
[2024-03-07T18:22:45.799+0000] {logging_mixin.py:188} INFO - [2024-03-07T18:22:45.798+0000] {dagbag.py:540} INFO - Filling up the DagBag from /opt/airflow/dags/task1.py
[2024-03-07T18:22:46.903+0000] {logging_mixin.py:188} INFO - [2024-03-07T18:22:46.878+0000] {dagbag.py:350} ERROR - Failed to import: /opt/airflow/dags/task1.py
Traceback (most recent call last):
  File "/home/airflow/.local/lib/python3.11/site-packages/airflow/models/dagbag.py", line 346, in parse
    loader.exec_module(new_module)
  File "<frozen importlib._bootstrap_external>", line 940, in exec_module
  File "<frozen importlib._bootstrap>", line 241, in _call_with_frames_removed
  File "/opt/airflow/dags/task1.py", line 13, in <module>
    import apache_beam as beam
ModuleNotFoundError: No module named 'apache_beam'
[2024-03-07T18:22:46.907+0000] {processor.py:842} WARNING - No viable dags retrieved from /opt/airflow/dags/task1.py
[2024-03-07T18:22:46.969+0000] {processor.py:183} INFO - Processing /opt/airflow/dags/task1.py took 1.183 seconds
[2024-03-07T18:23:17.644+0000] {processor.py:161} INFO - Started process (PID=1181) to work on /opt/airflow/dags/task1.py
[2024-03-07T18:23:17.647+0000] {processor.py:830} INFO - Processing file /opt/airflow/dags/task1.py for tasks to queue
[2024-03-07T18:23:17.651+0000] {logging_mixin.py:188} INFO - [2024-03-07T18:23:17.651+0000] {dagbag.py:540} INFO - Filling up the DagBag from /opt/airflow/dags/task1.py
[2024-03-07T18:23:18.645+0000] {logging_mixin.py:188} INFO - [2024-03-07T18:23:18.632+0000] {dagbag.py:350} ERROR - Failed to import: /opt/airflow/dags/task1.py
Traceback (most recent call last):
  File "/home/airflow/.local/lib/python3.11/site-packages/airflow/models/dagbag.py", line 346, in parse
    loader.exec_module(new_module)
  File "<frozen importlib._bootstrap_external>", line 940, in exec_module
  File "<frozen importlib._bootstrap>", line 241, in _call_with_frames_removed
  File "/opt/airflow/dags/task1.py", line 13, in <module>
    import apache_beam as beam
ModuleNotFoundError: No module named 'apache_beam'
[2024-03-07T18:23:18.649+0000] {processor.py:842} WARNING - No viable dags retrieved from /opt/airflow/dags/task1.py
[2024-03-07T18:23:18.701+0000] {processor.py:183} INFO - Processing /opt/airflow/dags/task1.py took 1.064 seconds
[2024-03-07T18:23:48.957+0000] {processor.py:161} INFO - Started process (PID=1240) to work on /opt/airflow/dags/task1.py
[2024-03-07T18:23:48.959+0000] {processor.py:830} INFO - Processing file /opt/airflow/dags/task1.py for tasks to queue
[2024-03-07T18:23:48.963+0000] {logging_mixin.py:188} INFO - [2024-03-07T18:23:48.963+0000] {dagbag.py:540} INFO - Filling up the DagBag from /opt/airflow/dags/task1.py
[2024-03-07T18:23:49.936+0000] {logging_mixin.py:188} INFO - [2024-03-07T18:23:49.922+0000] {dagbag.py:350} ERROR - Failed to import: /opt/airflow/dags/task1.py
Traceback (most recent call last):
  File "/home/airflow/.local/lib/python3.11/site-packages/airflow/models/dagbag.py", line 346, in parse
    loader.exec_module(new_module)
  File "<frozen importlib._bootstrap_external>", line 940, in exec_module
  File "<frozen importlib._bootstrap>", line 241, in _call_with_frames_removed
  File "/opt/airflow/dags/task1.py", line 13, in <module>
    import apache_beam as beam
ModuleNotFoundError: No module named 'apache_beam'
[2024-03-07T18:23:49.941+0000] {processor.py:842} WARNING - No viable dags retrieved from /opt/airflow/dags/task1.py
[2024-03-07T18:23:49.990+0000] {processor.py:183} INFO - Processing /opt/airflow/dags/task1.py took 1.038 seconds
[2024-03-07T18:24:21.265+0000] {processor.py:161} INFO - Started process (PID=1301) to work on /opt/airflow/dags/task1.py
[2024-03-07T18:24:21.268+0000] {processor.py:830} INFO - Processing file /opt/airflow/dags/task1.py for tasks to queue
[2024-03-07T18:24:21.272+0000] {logging_mixin.py:188} INFO - [2024-03-07T18:24:21.272+0000] {dagbag.py:540} INFO - Filling up the DagBag from /opt/airflow/dags/task1.py
[2024-03-07T18:24:22.131+0000] {logging_mixin.py:188} INFO - [2024-03-07T18:24:22.119+0000] {dagbag.py:350} ERROR - Failed to import: /opt/airflow/dags/task1.py
Traceback (most recent call last):
  File "/home/airflow/.local/lib/python3.11/site-packages/airflow/models/dagbag.py", line 346, in parse
    loader.exec_module(new_module)
  File "<frozen importlib._bootstrap_external>", line 940, in exec_module
  File "<frozen importlib._bootstrap>", line 241, in _call_with_frames_removed
  File "/opt/airflow/dags/task1.py", line 13, in <module>
    import apache_beam as beam
ModuleNotFoundError: No module named 'apache_beam'
[2024-03-07T18:24:22.136+0000] {processor.py:842} WARNING - No viable dags retrieved from /opt/airflow/dags/task1.py
[2024-03-07T18:24:22.189+0000] {processor.py:183} INFO - Processing /opt/airflow/dags/task1.py took 0.931 seconds
[2024-03-07T18:24:52.766+0000] {processor.py:161} INFO - Started process (PID=1359) to work on /opt/airflow/dags/task1.py
[2024-03-07T18:24:52.770+0000] {processor.py:830} INFO - Processing file /opt/airflow/dags/task1.py for tasks to queue
[2024-03-07T18:24:52.777+0000] {logging_mixin.py:188} INFO - [2024-03-07T18:24:52.776+0000] {dagbag.py:540} INFO - Filling up the DagBag from /opt/airflow/dags/task1.py
[2024-03-07T18:24:53.591+0000] {logging_mixin.py:188} INFO - [2024-03-07T18:24:53.581+0000] {dagbag.py:350} ERROR - Failed to import: /opt/airflow/dags/task1.py
Traceback (most recent call last):
  File "/home/airflow/.local/lib/python3.11/site-packages/airflow/models/dagbag.py", line 346, in parse
    loader.exec_module(new_module)
  File "<frozen importlib._bootstrap_external>", line 940, in exec_module
  File "<frozen importlib._bootstrap>", line 241, in _call_with_frames_removed
  File "/opt/airflow/dags/task1.py", line 13, in <module>
    import apache_beam as beam
ModuleNotFoundError: No module named 'apache_beam'
[2024-03-07T18:24:53.595+0000] {processor.py:842} WARNING - No viable dags retrieved from /opt/airflow/dags/task1.py
[2024-03-07T18:24:53.678+0000] {processor.py:183} INFO - Processing /opt/airflow/dags/task1.py took 0.920 seconds
[2024-03-07T18:25:25.468+0000] {processor.py:161} INFO - Started process (PID=1416) to work on /opt/airflow/dags/task1.py
[2024-03-07T18:25:25.471+0000] {processor.py:830} INFO - Processing file /opt/airflow/dags/task1.py for tasks to queue
[2024-03-07T18:25:25.476+0000] {logging_mixin.py:188} INFO - [2024-03-07T18:25:25.475+0000] {dagbag.py:540} INFO - Filling up the DagBag from /opt/airflow/dags/task1.py
[2024-03-07T18:25:26.395+0000] {logging_mixin.py:188} INFO - [2024-03-07T18:25:26.382+0000] {dagbag.py:350} ERROR - Failed to import: /opt/airflow/dags/task1.py
Traceback (most recent call last):
  File "/home/airflow/.local/lib/python3.11/site-packages/airflow/models/dagbag.py", line 346, in parse
    loader.exec_module(new_module)
  File "<frozen importlib._bootstrap_external>", line 940, in exec_module
  File "<frozen importlib._bootstrap>", line 241, in _call_with_frames_removed
  File "/opt/airflow/dags/task1.py", line 13, in <module>
    import apache_beam as beam
ModuleNotFoundError: No module named 'apache_beam'
[2024-03-07T18:25:26.400+0000] {processor.py:842} WARNING - No viable dags retrieved from /opt/airflow/dags/task1.py
[2024-03-07T18:25:26.440+0000] {processor.py:183} INFO - Processing /opt/airflow/dags/task1.py took 0.983 seconds
[2024-03-07T18:25:56.650+0000] {processor.py:161} INFO - Started process (PID=1469) to work on /opt/airflow/dags/task1.py
[2024-03-07T18:25:56.653+0000] {processor.py:830} INFO - Processing file /opt/airflow/dags/task1.py for tasks to queue
[2024-03-07T18:25:56.658+0000] {logging_mixin.py:188} INFO - [2024-03-07T18:25:56.658+0000] {dagbag.py:540} INFO - Filling up the DagBag from /opt/airflow/dags/task1.py
[2024-03-07T18:25:57.632+0000] {logging_mixin.py:188} INFO - [2024-03-07T18:25:57.623+0000] {dagbag.py:350} ERROR - Failed to import: /opt/airflow/dags/task1.py
Traceback (most recent call last):
  File "/home/airflow/.local/lib/python3.11/site-packages/airflow/models/dagbag.py", line 346, in parse
    loader.exec_module(new_module)
  File "<frozen importlib._bootstrap_external>", line 940, in exec_module
  File "<frozen importlib._bootstrap>", line 241, in _call_with_frames_removed
  File "/opt/airflow/dags/task1.py", line 13, in <module>
    import apache_beam as beam
ModuleNotFoundError: No module named 'apache_beam'
[2024-03-07T18:25:57.636+0000] {processor.py:842} WARNING - No viable dags retrieved from /opt/airflow/dags/task1.py
[2024-03-07T18:25:57.687+0000] {processor.py:183} INFO - Processing /opt/airflow/dags/task1.py took 1.043 seconds
[2024-03-07T18:26:27.776+0000] {processor.py:161} INFO - Started process (PID=1523) to work on /opt/airflow/dags/task1.py
[2024-03-07T18:26:27.779+0000] {processor.py:830} INFO - Processing file /opt/airflow/dags/task1.py for tasks to queue
[2024-03-07T18:26:27.784+0000] {logging_mixin.py:188} INFO - [2024-03-07T18:26:27.783+0000] {dagbag.py:540} INFO - Filling up the DagBag from /opt/airflow/dags/task1.py
[2024-03-07T18:26:28.654+0000] {logging_mixin.py:188} INFO - [2024-03-07T18:26:28.641+0000] {dagbag.py:350} ERROR - Failed to import: /opt/airflow/dags/task1.py
Traceback (most recent call last):
  File "/home/airflow/.local/lib/python3.11/site-packages/airflow/models/dagbag.py", line 346, in parse
    loader.exec_module(new_module)
  File "<frozen importlib._bootstrap_external>", line 940, in exec_module
  File "<frozen importlib._bootstrap>", line 241, in _call_with_frames_removed
  File "/opt/airflow/dags/task1.py", line 13, in <module>
    import apache_beam as beam
ModuleNotFoundError: No module named 'apache_beam'
[2024-03-07T18:26:28.658+0000] {processor.py:842} WARNING - No viable dags retrieved from /opt/airflow/dags/task1.py
[2024-03-07T18:26:28.697+0000] {processor.py:183} INFO - Processing /opt/airflow/dags/task1.py took 0.928 seconds
[2024-03-07T18:26:59.253+0000] {processor.py:161} INFO - Started process (PID=1575) to work on /opt/airflow/dags/task1.py
[2024-03-07T18:26:59.255+0000] {processor.py:830} INFO - Processing file /opt/airflow/dags/task1.py for tasks to queue
[2024-03-07T18:26:59.258+0000] {logging_mixin.py:188} INFO - [2024-03-07T18:26:59.258+0000] {dagbag.py:540} INFO - Filling up the DagBag from /opt/airflow/dags/task1.py
[2024-03-07T18:27:00.201+0000] {logging_mixin.py:188} INFO - [2024-03-07T18:27:00.192+0000] {dagbag.py:350} ERROR - Failed to import: /opt/airflow/dags/task1.py
Traceback (most recent call last):
  File "/home/airflow/.local/lib/python3.11/site-packages/airflow/models/dagbag.py", line 346, in parse
    loader.exec_module(new_module)
  File "<frozen importlib._bootstrap_external>", line 940, in exec_module
  File "<frozen importlib._bootstrap>", line 241, in _call_with_frames_removed
  File "/opt/airflow/dags/task1.py", line 13, in <module>
    import apache_beam as beam
ModuleNotFoundError: No module named 'apache_beam'
[2024-03-07T18:27:00.205+0000] {processor.py:842} WARNING - No viable dags retrieved from /opt/airflow/dags/task1.py
[2024-03-07T18:27:00.259+0000] {processor.py:183} INFO - Processing /opt/airflow/dags/task1.py took 1.011 seconds
[2024-03-07T18:27:30.978+0000] {processor.py:161} INFO - Started process (PID=1629) to work on /opt/airflow/dags/task1.py
[2024-03-07T18:27:30.981+0000] {processor.py:830} INFO - Processing file /opt/airflow/dags/task1.py for tasks to queue
[2024-03-07T18:27:30.985+0000] {logging_mixin.py:188} INFO - [2024-03-07T18:27:30.984+0000] {dagbag.py:540} INFO - Filling up the DagBag from /opt/airflow/dags/task1.py
[2024-03-07T18:27:32.160+0000] {logging_mixin.py:188} INFO - [2024-03-07T18:27:32.148+0000] {dagbag.py:350} ERROR - Failed to import: /opt/airflow/dags/task1.py
Traceback (most recent call last):
  File "/home/airflow/.local/lib/python3.11/site-packages/airflow/models/dagbag.py", line 346, in parse
    loader.exec_module(new_module)
  File "<frozen importlib._bootstrap_external>", line 940, in exec_module
  File "<frozen importlib._bootstrap>", line 241, in _call_with_frames_removed
  File "/opt/airflow/dags/task1.py", line 13, in <module>
    import apache_beam as beam
ModuleNotFoundError: No module named 'apache_beam'
[2024-03-07T18:27:32.165+0000] {processor.py:842} WARNING - No viable dags retrieved from /opt/airflow/dags/task1.py
[2024-03-07T18:27:32.229+0000] {processor.py:183} INFO - Processing /opt/airflow/dags/task1.py took 1.256 seconds
[2024-03-07T18:28:03.182+0000] {processor.py:161} INFO - Started process (PID=1687) to work on /opt/airflow/dags/task1.py
[2024-03-07T18:28:03.185+0000] {processor.py:830} INFO - Processing file /opt/airflow/dags/task1.py for tasks to queue
[2024-03-07T18:28:03.192+0000] {logging_mixin.py:188} INFO - [2024-03-07T18:28:03.190+0000] {dagbag.py:540} INFO - Filling up the DagBag from /opt/airflow/dags/task1.py
[2024-03-07T18:28:04.235+0000] {logging_mixin.py:188} INFO - [2024-03-07T18:28:04.210+0000] {dagbag.py:350} ERROR - Failed to import: /opt/airflow/dags/task1.py
Traceback (most recent call last):
  File "/home/airflow/.local/lib/python3.11/site-packages/airflow/models/dagbag.py", line 346, in parse
    loader.exec_module(new_module)
  File "<frozen importlib._bootstrap_external>", line 940, in exec_module
  File "<frozen importlib._bootstrap>", line 241, in _call_with_frames_removed
  File "/opt/airflow/dags/task1.py", line 13, in <module>
    import apache_beam as beam
ModuleNotFoundError: No module named 'apache_beam'
[2024-03-07T18:28:04.240+0000] {processor.py:842} WARNING - No viable dags retrieved from /opt/airflow/dags/task1.py
[2024-03-07T18:28:04.311+0000] {processor.py:183} INFO - Processing /opt/airflow/dags/task1.py took 1.136 seconds
[2024-03-07T18:28:35.537+0000] {processor.py:161} INFO - Started process (PID=1744) to work on /opt/airflow/dags/task1.py
[2024-03-07T18:28:35.539+0000] {processor.py:830} INFO - Processing file /opt/airflow/dags/task1.py for tasks to queue
[2024-03-07T18:28:35.545+0000] {logging_mixin.py:188} INFO - [2024-03-07T18:28:35.543+0000] {dagbag.py:540} INFO - Filling up the DagBag from /opt/airflow/dags/task1.py
[2024-03-07T18:28:36.713+0000] {logging_mixin.py:188} INFO - [2024-03-07T18:28:36.704+0000] {dagbag.py:350} ERROR - Failed to import: /opt/airflow/dags/task1.py
Traceback (most recent call last):
  File "/home/airflow/.local/lib/python3.11/site-packages/airflow/models/dagbag.py", line 346, in parse
    loader.exec_module(new_module)
  File "<frozen importlib._bootstrap_external>", line 940, in exec_module
  File "<frozen importlib._bootstrap>", line 241, in _call_with_frames_removed
  File "/opt/airflow/dags/task1.py", line 13, in <module>
    import apache_beam as beam
ModuleNotFoundError: No module named 'apache_beam'
[2024-03-07T18:28:36.717+0000] {processor.py:842} WARNING - No viable dags retrieved from /opt/airflow/dags/task1.py
[2024-03-07T18:28:36.757+0000] {processor.py:183} INFO - Processing /opt/airflow/dags/task1.py took 1.227 seconds
[2024-03-07T18:29:06.901+0000] {processor.py:161} INFO - Started process (PID=1806) to work on /opt/airflow/dags/task1.py
[2024-03-07T18:29:06.903+0000] {processor.py:830} INFO - Processing file /opt/airflow/dags/task1.py for tasks to queue
[2024-03-07T18:29:06.907+0000] {logging_mixin.py:188} INFO - [2024-03-07T18:29:06.906+0000] {dagbag.py:540} INFO - Filling up the DagBag from /opt/airflow/dags/task1.py
[2024-03-07T18:29:07.700+0000] {logging_mixin.py:188} INFO - [2024-03-07T18:29:07.691+0000] {dagbag.py:350} ERROR - Failed to import: /opt/airflow/dags/task1.py
Traceback (most recent call last):
  File "/home/airflow/.local/lib/python3.11/site-packages/airflow/models/dagbag.py", line 346, in parse
    loader.exec_module(new_module)
  File "<frozen importlib._bootstrap_external>", line 940, in exec_module
  File "<frozen importlib._bootstrap>", line 241, in _call_with_frames_removed
  File "/opt/airflow/dags/task1.py", line 13, in <module>
    import apache_beam as beam
ModuleNotFoundError: No module named 'apache_beam'
[2024-03-07T18:29:07.704+0000] {processor.py:842} WARNING - No viable dags retrieved from /opt/airflow/dags/task1.py
[2024-03-07T18:29:07.752+0000] {processor.py:183} INFO - Processing /opt/airflow/dags/task1.py took 0.856 seconds
