[2024-03-07T18:13:03.669+0000] {processor.py:161} INFO - Started process (PID=50) to work on /opt/airflow/dags/weather.zip
[2024-03-07T18:13:03.682+0000] {processor.py:830} INFO - Processing file /opt/airflow/dags/weather.zip for tasks to queue
[2024-03-07T18:13:03.699+0000] {logging_mixin.py:188} INFO - [2024-03-07T18:13:03.698+0000] {dagbag.py:540} INFO - Filling up the DagBag from /opt/airflow/dags/weather.zip
[2024-03-07T18:13:03.812+0000] {processor.py:842} WARNING - No viable dags retrieved from /opt/airflow/dags/weather.zip
[2024-03-07T18:13:03.905+0000] {processor.py:183} INFO - Processing /opt/airflow/dags/weather.zip took 0.255 seconds
[2024-03-07T18:13:38.073+0000] {processor.py:161} INFO - Started process (PID=112) to work on /opt/airflow/dags/weather.zip
[2024-03-07T18:13:38.076+0000] {processor.py:830} INFO - Processing file /opt/airflow/dags/weather.zip for tasks to queue
[2024-03-07T18:13:38.085+0000] {logging_mixin.py:188} INFO - [2024-03-07T18:13:38.083+0000] {dagbag.py:540} INFO - Filling up the DagBag from /opt/airflow/dags/weather.zip
[2024-03-07T18:13:38.152+0000] {processor.py:842} WARNING - No viable dags retrieved from /opt/airflow/dags/weather.zip
[2024-03-07T18:13:38.220+0000] {processor.py:183} INFO - Processing /opt/airflow/dags/weather.zip took 0.162 seconds
[2024-03-07T18:14:10.438+0000] {processor.py:161} INFO - Started process (PID=170) to work on /opt/airflow/dags/weather.zip
[2024-03-07T18:14:10.442+0000] {processor.py:830} INFO - Processing file /opt/airflow/dags/weather.zip for tasks to queue
[2024-03-07T18:14:10.453+0000] {logging_mixin.py:188} INFO - [2024-03-07T18:14:10.451+0000] {dagbag.py:540} INFO - Filling up the DagBag from /opt/airflow/dags/weather.zip
[2024-03-07T18:14:10.496+0000] {processor.py:842} WARNING - No viable dags retrieved from /opt/airflow/dags/weather.zip
[2024-03-07T18:14:10.565+0000] {processor.py:183} INFO - Processing /opt/airflow/dags/weather.zip took 0.135 seconds
[2024-03-07T18:14:44.079+0000] {processor.py:161} INFO - Started process (PID=226) to work on /opt/airflow/dags/weather.zip
[2024-03-07T18:14:44.082+0000] {processor.py:830} INFO - Processing file /opt/airflow/dags/weather.zip for tasks to queue
[2024-03-07T18:14:44.097+0000] {logging_mixin.py:188} INFO - [2024-03-07T18:14:44.096+0000] {dagbag.py:540} INFO - Filling up the DagBag from /opt/airflow/dags/weather.zip
[2024-03-07T18:14:44.179+0000] {processor.py:842} WARNING - No viable dags retrieved from /opt/airflow/dags/weather.zip
[2024-03-07T18:14:44.252+0000] {processor.py:183} INFO - Processing /opt/airflow/dags/weather.zip took 0.189 seconds
[2024-03-07T18:15:16.390+0000] {processor.py:161} INFO - Started process (PID=285) to work on /opt/airflow/dags/weather.zip
[2024-03-07T18:15:16.398+0000] {processor.py:830} INFO - Processing file /opt/airflow/dags/weather.zip for tasks to queue
[2024-03-07T18:15:16.407+0000] {logging_mixin.py:188} INFO - [2024-03-07T18:15:16.405+0000] {dagbag.py:540} INFO - Filling up the DagBag from /opt/airflow/dags/weather.zip
[2024-03-07T18:15:16.449+0000] {processor.py:842} WARNING - No viable dags retrieved from /opt/airflow/dags/weather.zip
[2024-03-07T18:15:16.509+0000] {processor.py:183} INFO - Processing /opt/airflow/dags/weather.zip took 0.141 seconds
[2024-03-07T18:15:48.779+0000] {processor.py:161} INFO - Started process (PID=343) to work on /opt/airflow/dags/weather.zip
[2024-03-07T18:15:48.782+0000] {processor.py:830} INFO - Processing file /opt/airflow/dags/weather.zip for tasks to queue
[2024-03-07T18:15:48.789+0000] {logging_mixin.py:188} INFO - [2024-03-07T18:15:48.787+0000] {dagbag.py:540} INFO - Filling up the DagBag from /opt/airflow/dags/weather.zip
[2024-03-07T18:15:48.818+0000] {processor.py:842} WARNING - No viable dags retrieved from /opt/airflow/dags/weather.zip
[2024-03-07T18:15:48.863+0000] {processor.py:183} INFO - Processing /opt/airflow/dags/weather.zip took 0.098 seconds
[2024-03-07T18:16:20.466+0000] {processor.py:161} INFO - Started process (PID=401) to work on /opt/airflow/dags/weather.zip
[2024-03-07T18:16:20.469+0000] {processor.py:830} INFO - Processing file /opt/airflow/dags/weather.zip for tasks to queue
[2024-03-07T18:16:20.474+0000] {logging_mixin.py:188} INFO - [2024-03-07T18:16:20.473+0000] {dagbag.py:540} INFO - Filling up the DagBag from /opt/airflow/dags/weather.zip
[2024-03-07T18:16:20.499+0000] {processor.py:842} WARNING - No viable dags retrieved from /opt/airflow/dags/weather.zip
[2024-03-07T18:16:20.540+0000] {processor.py:183} INFO - Processing /opt/airflow/dags/weather.zip took 0.078 seconds
[2024-03-07T18:16:52.235+0000] {processor.py:161} INFO - Started process (PID=459) to work on /opt/airflow/dags/weather.zip
[2024-03-07T18:16:52.241+0000] {processor.py:830} INFO - Processing file /opt/airflow/dags/weather.zip for tasks to queue
[2024-03-07T18:16:52.251+0000] {logging_mixin.py:188} INFO - [2024-03-07T18:16:52.249+0000] {dagbag.py:540} INFO - Filling up the DagBag from /opt/airflow/dags/weather.zip
[2024-03-07T18:16:52.293+0000] {processor.py:842} WARNING - No viable dags retrieved from /opt/airflow/dags/weather.zip
[2024-03-07T18:16:52.329+0000] {processor.py:183} INFO - Processing /opt/airflow/dags/weather.zip took 0.099 seconds
[2024-03-07T18:17:24.402+0000] {processor.py:161} INFO - Started process (PID=516) to work on /opt/airflow/dags/weather.zip
[2024-03-07T18:17:24.404+0000] {processor.py:830} INFO - Processing file /opt/airflow/dags/weather.zip for tasks to queue
[2024-03-07T18:17:24.408+0000] {logging_mixin.py:188} INFO - [2024-03-07T18:17:24.407+0000] {dagbag.py:540} INFO - Filling up the DagBag from /opt/airflow/dags/weather.zip
[2024-03-07T18:17:24.431+0000] {processor.py:842} WARNING - No viable dags retrieved from /opt/airflow/dags/weather.zip
[2024-03-07T18:17:24.465+0000] {processor.py:183} INFO - Processing /opt/airflow/dags/weather.zip took 0.070 seconds
[2024-03-07T18:17:56.039+0000] {processor.py:161} INFO - Started process (PID=574) to work on /opt/airflow/dags/weather.zip
[2024-03-07T18:17:56.042+0000] {processor.py:830} INFO - Processing file /opt/airflow/dags/weather.zip for tasks to queue
[2024-03-07T18:17:56.047+0000] {logging_mixin.py:188} INFO - [2024-03-07T18:17:56.046+0000] {dagbag.py:540} INFO - Filling up the DagBag from /opt/airflow/dags/weather.zip
[2024-03-07T18:17:56.069+0000] {processor.py:842} WARNING - No viable dags retrieved from /opt/airflow/dags/weather.zip
[2024-03-07T18:17:56.110+0000] {processor.py:183} INFO - Processing /opt/airflow/dags/weather.zip took 0.077 seconds
[2024-03-07T18:18:27.609+0000] {processor.py:161} INFO - Started process (PID=632) to work on /opt/airflow/dags/weather.zip
[2024-03-07T18:18:28.022+0000] {processor.py:830} INFO - Processing file /opt/airflow/dags/weather.zip for tasks to queue
[2024-03-07T18:18:28.028+0000] {logging_mixin.py:188} INFO - [2024-03-07T18:18:28.027+0000] {dagbag.py:540} INFO - Filling up the DagBag from /opt/airflow/dags/weather.zip
[2024-03-07T18:18:28.058+0000] {processor.py:842} WARNING - No viable dags retrieved from /opt/airflow/dags/weather.zip
[2024-03-07T18:18:28.113+0000] {processor.py:183} INFO - Processing /opt/airflow/dags/weather.zip took 0.507 seconds
[2024-03-07T18:18:59.087+0000] {processor.py:161} INFO - Started process (PID=690) to work on /opt/airflow/dags/weather.zip
[2024-03-07T18:18:59.088+0000] {processor.py:830} INFO - Processing file /opt/airflow/dags/weather.zip for tasks to queue
[2024-03-07T18:18:59.090+0000] {logging_mixin.py:188} INFO - [2024-03-07T18:18:59.090+0000] {dagbag.py:540} INFO - Filling up the DagBag from /opt/airflow/dags/weather.zip
[2024-03-07T18:18:59.105+0000] {processor.py:842} WARNING - No viable dags retrieved from /opt/airflow/dags/weather.zip
[2024-03-07T18:18:59.126+0000] {processor.py:183} INFO - Processing /opt/airflow/dags/weather.zip took 0.044 seconds
[2024-03-07T18:19:30.695+0000] {processor.py:161} INFO - Started process (PID=749) to work on /opt/airflow/dags/weather.zip
[2024-03-07T18:19:30.698+0000] {processor.py:830} INFO - Processing file /opt/airflow/dags/weather.zip for tasks to queue
[2024-03-07T18:19:30.705+0000] {logging_mixin.py:188} INFO - [2024-03-07T18:19:30.703+0000] {dagbag.py:540} INFO - Filling up the DagBag from /opt/airflow/dags/weather.zip
[2024-03-07T18:19:30.724+0000] {processor.py:842} WARNING - No viable dags retrieved from /opt/airflow/dags/weather.zip
[2024-03-07T18:19:30.756+0000] {processor.py:183} INFO - Processing /opt/airflow/dags/weather.zip took 0.068 seconds
[2024-03-07T18:20:02.375+0000] {processor.py:161} INFO - Started process (PID=807) to work on /opt/airflow/dags/weather.zip
[2024-03-07T18:20:02.378+0000] {processor.py:830} INFO - Processing file /opt/airflow/dags/weather.zip for tasks to queue
[2024-03-07T18:20:02.384+0000] {logging_mixin.py:188} INFO - [2024-03-07T18:20:02.383+0000] {dagbag.py:540} INFO - Filling up the DagBag from /opt/airflow/dags/weather.zip
[2024-03-07T18:20:02.413+0000] {processor.py:842} WARNING - No viable dags retrieved from /opt/airflow/dags/weather.zip
[2024-03-07T18:20:02.502+0000] {processor.py:183} INFO - Processing /opt/airflow/dags/weather.zip took 0.137 seconds
[2024-03-07T18:20:34.353+0000] {processor.py:161} INFO - Started process (PID=864) to work on /opt/airflow/dags/weather.zip
[2024-03-07T18:20:34.355+0000] {processor.py:830} INFO - Processing file /opt/airflow/dags/weather.zip for tasks to queue
[2024-03-07T18:20:34.360+0000] {logging_mixin.py:188} INFO - [2024-03-07T18:20:34.359+0000] {dagbag.py:540} INFO - Filling up the DagBag from /opt/airflow/dags/weather.zip
[2024-03-07T18:20:34.383+0000] {processor.py:842} WARNING - No viable dags retrieved from /opt/airflow/dags/weather.zip
[2024-03-07T18:20:34.417+0000] {processor.py:183} INFO - Processing /opt/airflow/dags/weather.zip took 0.071 seconds
[2024-03-07T18:21:05.884+0000] {processor.py:161} INFO - Started process (PID=922) to work on /opt/airflow/dags/weather.zip
[2024-03-07T18:21:05.886+0000] {processor.py:830} INFO - Processing file /opt/airflow/dags/weather.zip for tasks to queue
[2024-03-07T18:21:05.892+0000] {logging_mixin.py:188} INFO - [2024-03-07T18:21:05.890+0000] {dagbag.py:540} INFO - Filling up the DagBag from /opt/airflow/dags/weather.zip
[2024-03-07T18:21:05.926+0000] {processor.py:842} WARNING - No viable dags retrieved from /opt/airflow/dags/weather.zip
[2024-03-07T18:21:05.964+0000] {processor.py:183} INFO - Processing /opt/airflow/dags/weather.zip took 0.086 seconds
[2024-03-07T18:21:38.269+0000] {processor.py:161} INFO - Started process (PID=979) to work on /opt/airflow/dags/weather.zip
[2024-03-07T18:21:38.272+0000] {processor.py:830} INFO - Processing file /opt/airflow/dags/weather.zip for tasks to queue
[2024-03-07T18:21:38.277+0000] {logging_mixin.py:188} INFO - [2024-03-07T18:21:38.276+0000] {dagbag.py:540} INFO - Filling up the DagBag from /opt/airflow/dags/weather.zip
[2024-03-07T18:21:38.305+0000] {processor.py:842} WARNING - No viable dags retrieved from /opt/airflow/dags/weather.zip
[2024-03-07T18:21:38.341+0000] {processor.py:183} INFO - Processing /opt/airflow/dags/weather.zip took 0.078 seconds
[2024-03-07T18:22:10.466+0000] {processor.py:161} INFO - Started process (PID=1043) to work on /opt/airflow/dags/weather.zip
[2024-03-07T18:22:10.468+0000] {processor.py:830} INFO - Processing file /opt/airflow/dags/weather.zip for tasks to queue
[2024-03-07T18:22:10.473+0000] {logging_mixin.py:188} INFO - [2024-03-07T18:22:10.472+0000] {dagbag.py:540} INFO - Filling up the DagBag from /opt/airflow/dags/weather.zip
[2024-03-07T18:22:10.494+0000] {processor.py:842} WARNING - No viable dags retrieved from /opt/airflow/dags/weather.zip
[2024-03-07T18:22:10.527+0000] {processor.py:183} INFO - Processing /opt/airflow/dags/weather.zip took 0.068 seconds
[2024-03-07T18:22:42.069+0000] {processor.py:161} INFO - Started process (PID=1102) to work on /opt/airflow/dags/weather.zip
[2024-03-07T18:22:42.071+0000] {processor.py:830} INFO - Processing file /opt/airflow/dags/weather.zip for tasks to queue
[2024-03-07T18:22:42.079+0000] {logging_mixin.py:188} INFO - [2024-03-07T18:22:42.078+0000] {dagbag.py:540} INFO - Filling up the DagBag from /opt/airflow/dags/weather.zip
[2024-03-07T18:22:42.097+0000] {processor.py:842} WARNING - No viable dags retrieved from /opt/airflow/dags/weather.zip
[2024-03-07T18:22:42.126+0000] {processor.py:183} INFO - Processing /opt/airflow/dags/weather.zip took 0.065 seconds
[2024-03-07T18:23:13.792+0000] {processor.py:161} INFO - Started process (PID=1160) to work on /opt/airflow/dags/weather.zip
[2024-03-07T18:23:13.794+0000] {processor.py:830} INFO - Processing file /opt/airflow/dags/weather.zip for tasks to queue
[2024-03-07T18:23:13.799+0000] {logging_mixin.py:188} INFO - [2024-03-07T18:23:13.798+0000] {dagbag.py:540} INFO - Filling up the DagBag from /opt/airflow/dags/weather.zip
[2024-03-07T18:23:13.823+0000] {processor.py:842} WARNING - No viable dags retrieved from /opt/airflow/dags/weather.zip
[2024-03-07T18:23:13.853+0000] {processor.py:183} INFO - Processing /opt/airflow/dags/weather.zip took 0.070 seconds
[2024-03-07T18:23:45.419+0000] {processor.py:161} INFO - Started process (PID=1219) to work on /opt/airflow/dags/weather.zip
[2024-03-07T18:23:45.420+0000] {processor.py:830} INFO - Processing file /opt/airflow/dags/weather.zip for tasks to queue
[2024-03-07T18:23:45.424+0000] {logging_mixin.py:188} INFO - [2024-03-07T18:23:45.423+0000] {dagbag.py:540} INFO - Filling up the DagBag from /opt/airflow/dags/weather.zip
[2024-03-07T18:23:45.446+0000] {processor.py:842} WARNING - No viable dags retrieved from /opt/airflow/dags/weather.zip
[2024-03-07T18:23:45.478+0000] {processor.py:183} INFO - Processing /opt/airflow/dags/weather.zip took 0.064 seconds
[2024-03-07T18:24:17.493+0000] {processor.py:161} INFO - Started process (PID=1277) to work on /opt/airflow/dags/weather.zip
[2024-03-07T18:24:17.497+0000] {processor.py:830} INFO - Processing file /opt/airflow/dags/weather.zip for tasks to queue
[2024-03-07T18:24:17.503+0000] {logging_mixin.py:188} INFO - [2024-03-07T18:24:17.502+0000] {dagbag.py:540} INFO - Filling up the DagBag from /opt/airflow/dags/weather.zip
[2024-03-07T18:24:17.527+0000] {processor.py:842} WARNING - No viable dags retrieved from /opt/airflow/dags/weather.zip
[2024-03-07T18:24:17.559+0000] {processor.py:183} INFO - Processing /opt/airflow/dags/weather.zip took 0.071 seconds
[2024-03-07T18:24:49.491+0000] {processor.py:161} INFO - Started process (PID=1335) to work on /opt/airflow/dags/weather.zip
[2024-03-07T18:24:49.493+0000] {processor.py:830} INFO - Processing file /opt/airflow/dags/weather.zip for tasks to queue
[2024-03-07T18:24:49.498+0000] {logging_mixin.py:188} INFO - [2024-03-07T18:24:49.497+0000] {dagbag.py:540} INFO - Filling up the DagBag from /opt/airflow/dags/weather.zip
[2024-03-07T18:24:49.521+0000] {processor.py:842} WARNING - No viable dags retrieved from /opt/airflow/dags/weather.zip
[2024-03-07T18:24:49.557+0000] {processor.py:183} INFO - Processing /opt/airflow/dags/weather.zip took 0.072 seconds
[2024-03-07T18:25:22.049+0000] {processor.py:161} INFO - Started process (PID=1395) to work on /opt/airflow/dags/weather.zip
[2024-03-07T18:25:22.052+0000] {processor.py:830} INFO - Processing file /opt/airflow/dags/weather.zip for tasks to queue
[2024-03-07T18:25:22.059+0000] {logging_mixin.py:188} INFO - [2024-03-07T18:25:22.058+0000] {dagbag.py:540} INFO - Filling up the DagBag from /opt/airflow/dags/weather.zip
[2024-03-07T18:25:22.095+0000] {processor.py:842} WARNING - No viable dags retrieved from /opt/airflow/dags/weather.zip
[2024-03-07T18:25:22.133+0000] {processor.py:183} INFO - Processing /opt/airflow/dags/weather.zip took 0.092 seconds
[2024-03-07T18:25:54.332+0000] {processor.py:161} INFO - Started process (PID=1452) to work on /opt/airflow/dags/weather.zip
[2024-03-07T18:25:54.334+0000] {processor.py:830} INFO - Processing file /opt/airflow/dags/weather.zip for tasks to queue
[2024-03-07T18:25:54.340+0000] {logging_mixin.py:188} INFO - [2024-03-07T18:25:54.338+0000] {dagbag.py:540} INFO - Filling up the DagBag from /opt/airflow/dags/weather.zip
[2024-03-07T18:25:54.367+0000] {processor.py:842} WARNING - No viable dags retrieved from /opt/airflow/dags/weather.zip
[2024-03-07T18:25:54.404+0000] {processor.py:183} INFO - Processing /opt/airflow/dags/weather.zip took 0.078 seconds
[2024-03-07T18:26:26.183+0000] {processor.py:161} INFO - Started process (PID=1510) to work on /opt/airflow/dags/weather.zip
[2024-03-07T18:26:26.185+0000] {processor.py:830} INFO - Processing file /opt/airflow/dags/weather.zip for tasks to queue
[2024-03-07T18:26:26.192+0000] {logging_mixin.py:188} INFO - [2024-03-07T18:26:26.191+0000] {dagbag.py:540} INFO - Filling up the DagBag from /opt/airflow/dags/weather.zip
[2024-03-07T18:26:26.212+0000] {processor.py:842} WARNING - No viable dags retrieved from /opt/airflow/dags/weather.zip
[2024-03-07T18:26:26.246+0000] {processor.py:183} INFO - Processing /opt/airflow/dags/weather.zip took 0.071 seconds
[2024-03-07T18:26:58.416+0000] {processor.py:161} INFO - Started process (PID=1568) to work on /opt/airflow/dags/weather.zip
[2024-03-07T18:26:58.419+0000] {processor.py:830} INFO - Processing file /opt/airflow/dags/weather.zip for tasks to queue
[2024-03-07T18:26:58.427+0000] {logging_mixin.py:188} INFO - [2024-03-07T18:26:58.426+0000] {dagbag.py:540} INFO - Filling up the DagBag from /opt/airflow/dags/weather.zip
[2024-03-07T18:26:58.449+0000] {processor.py:842} WARNING - No viable dags retrieved from /opt/airflow/dags/weather.zip
[2024-03-07T18:26:58.482+0000] {processor.py:183} INFO - Processing /opt/airflow/dags/weather.zip took 0.073 seconds
[2024-03-07T18:27:30.528+0000] {processor.py:161} INFO - Started process (PID=1625) to work on /opt/airflow/dags/weather.zip
[2024-03-07T18:27:30.530+0000] {processor.py:830} INFO - Processing file /opt/airflow/dags/weather.zip for tasks to queue
[2024-03-07T18:27:30.536+0000] {logging_mixin.py:188} INFO - [2024-03-07T18:27:30.535+0000] {dagbag.py:540} INFO - Filling up the DagBag from /opt/airflow/dags/weather.zip
[2024-03-07T18:27:30.561+0000] {processor.py:842} WARNING - No viable dags retrieved from /opt/airflow/dags/weather.zip
[2024-03-07T18:27:30.604+0000] {processor.py:183} INFO - Processing /opt/airflow/dags/weather.zip took 0.083 seconds
[2024-03-07T18:28:02.802+0000] {processor.py:161} INFO - Started process (PID=1683) to work on /opt/airflow/dags/weather.zip
[2024-03-07T18:28:02.804+0000] {processor.py:830} INFO - Processing file /opt/airflow/dags/weather.zip for tasks to queue
[2024-03-07T18:28:02.809+0000] {logging_mixin.py:188} INFO - [2024-03-07T18:28:02.808+0000] {dagbag.py:540} INFO - Filling up the DagBag from /opt/airflow/dags/weather.zip
[2024-03-07T18:28:02.829+0000] {processor.py:842} WARNING - No viable dags retrieved from /opt/airflow/dags/weather.zip
[2024-03-07T18:28:02.864+0000] {processor.py:183} INFO - Processing /opt/airflow/dags/weather.zip took 0.067 seconds
[2024-03-07T18:28:34.754+0000] {processor.py:161} INFO - Started process (PID=1741) to work on /opt/airflow/dags/weather.zip
[2024-03-07T18:28:34.757+0000] {processor.py:830} INFO - Processing file /opt/airflow/dags/weather.zip for tasks to queue
[2024-03-07T18:28:34.762+0000] {logging_mixin.py:188} INFO - [2024-03-07T18:28:34.761+0000] {dagbag.py:540} INFO - Filling up the DagBag from /opt/airflow/dags/weather.zip
[2024-03-07T18:28:34.790+0000] {processor.py:842} WARNING - No viable dags retrieved from /opt/airflow/dags/weather.zip
[2024-03-07T18:28:34.858+0000] {processor.py:183} INFO - Processing /opt/airflow/dags/weather.zip took 0.112 seconds
[2024-03-07T18:29:06.247+0000] {processor.py:161} INFO - Started process (PID=1800) to work on /opt/airflow/dags/weather.zip
[2024-03-07T18:29:06.250+0000] {processor.py:830} INFO - Processing file /opt/airflow/dags/weather.zip for tasks to queue
[2024-03-07T18:29:06.254+0000] {logging_mixin.py:188} INFO - [2024-03-07T18:29:06.253+0000] {dagbag.py:540} INFO - Filling up the DagBag from /opt/airflow/dags/weather.zip
[2024-03-07T18:29:06.273+0000] {processor.py:842} WARNING - No viable dags retrieved from /opt/airflow/dags/weather.zip
[2024-03-07T18:29:06.307+0000] {processor.py:183} INFO - Processing /opt/airflow/dags/weather.zip took 0.067 seconds
