[2024-03-07T18:13:07.427+0000] {processor.py:161} INFO - Started process (PID=59) to work on /home/airflow/.local/lib/python3.11/site-packages/airflow/example_dags/example_trigger_controller_dag.py
[2024-03-07T18:13:07.432+0000] {processor.py:830} INFO - Processing file /home/airflow/.local/lib/python3.11/site-packages/airflow/example_dags/example_trigger_controller_dag.py for tasks to queue
[2024-03-07T18:13:07.448+0000] {logging_mixin.py:188} INFO - [2024-03-07T18:13:07.447+0000] {dagbag.py:540} INFO - Filling up the DagBag from /home/airflow/.local/lib/python3.11/site-packages/airflow/example_dags/example_trigger_controller_dag.py
[2024-03-07T18:13:07.498+0000] {processor.py:840} INFO - DAG(s) 'example_trigger_controller_dag' retrieved from /home/airflow/.local/lib/python3.11/site-packages/airflow/example_dags/example_trigger_controller_dag.py
[2024-03-07T18:13:07.651+0000] {logging_mixin.py:188} INFO - [2024-03-07T18:13:07.650+0000] {dag.py:3047} INFO - Sync 1 DAGs
[2024-03-07T18:13:08.061+0000] {logging_mixin.py:188} INFO - [2024-03-07T18:13:08.050+0000] {dag.py:3834} INFO - Setting next_dagrun for example_trigger_controller_dag to 2021-01-01 00:00:00+00:00, run_after=2021-01-01 00:00:00+00:00
[2024-03-07T18:13:08.308+0000] {processor.py:183} INFO - Processing /home/airflow/.local/lib/python3.11/site-packages/airflow/example_dags/example_trigger_controller_dag.py took 0.899 seconds
[2024-03-07T18:13:39.929+0000] {processor.py:161} INFO - Started process (PID=117) to work on /home/airflow/.local/lib/python3.11/site-packages/airflow/example_dags/example_trigger_controller_dag.py
[2024-03-07T18:13:39.933+0000] {processor.py:830} INFO - Processing file /home/airflow/.local/lib/python3.11/site-packages/airflow/example_dags/example_trigger_controller_dag.py for tasks to queue
[2024-03-07T18:13:39.939+0000] {logging_mixin.py:188} INFO - [2024-03-07T18:13:39.938+0000] {dagbag.py:540} INFO - Filling up the DagBag from /home/airflow/.local/lib/python3.11/site-packages/airflow/example_dags/example_trigger_controller_dag.py
[2024-03-07T18:13:39.960+0000] {processor.py:840} INFO - DAG(s) 'example_trigger_controller_dag' retrieved from /home/airflow/.local/lib/python3.11/site-packages/airflow/example_dags/example_trigger_controller_dag.py
[2024-03-07T18:13:40.185+0000] {logging_mixin.py:188} INFO - [2024-03-07T18:13:40.184+0000] {dag.py:3047} INFO - Sync 1 DAGs
[2024-03-07T18:13:40.340+0000] {logging_mixin.py:188} INFO - [2024-03-07T18:13:40.337+0000] {dag.py:3834} INFO - Setting next_dagrun for example_trigger_controller_dag to 2021-01-01 00:00:00+00:00, run_after=2021-01-01 00:00:00+00:00
[2024-03-07T18:13:40.468+0000] {processor.py:183} INFO - Processing /home/airflow/.local/lib/python3.11/site-packages/airflow/example_dags/example_trigger_controller_dag.py took 0.555 seconds
[2024-03-07T18:14:11.762+0000] {processor.py:161} INFO - Started process (PID=175) to work on /home/airflow/.local/lib/python3.11/site-packages/airflow/example_dags/example_trigger_controller_dag.py
[2024-03-07T18:14:11.782+0000] {processor.py:830} INFO - Processing file /home/airflow/.local/lib/python3.11/site-packages/airflow/example_dags/example_trigger_controller_dag.py for tasks to queue
[2024-03-07T18:14:11.789+0000] {logging_mixin.py:188} INFO - [2024-03-07T18:14:11.788+0000] {dagbag.py:540} INFO - Filling up the DagBag from /home/airflow/.local/lib/python3.11/site-packages/airflow/example_dags/example_trigger_controller_dag.py
[2024-03-07T18:14:11.810+0000] {processor.py:840} INFO - DAG(s) 'example_trigger_controller_dag' retrieved from /home/airflow/.local/lib/python3.11/site-packages/airflow/example_dags/example_trigger_controller_dag.py
[2024-03-07T18:14:11.920+0000] {logging_mixin.py:188} INFO - [2024-03-07T18:14:11.919+0000] {dag.py:3047} INFO - Sync 1 DAGs
[2024-03-07T18:14:12.192+0000] {logging_mixin.py:188} INFO - [2024-03-07T18:14:12.191+0000] {dag.py:3834} INFO - Setting next_dagrun for example_trigger_controller_dag to 2021-01-01 00:00:00+00:00, run_after=2021-01-01 00:00:00+00:00
[2024-03-07T18:14:12.348+0000] {processor.py:183} INFO - Processing /home/airflow/.local/lib/python3.11/site-packages/airflow/example_dags/example_trigger_controller_dag.py took 0.598 seconds
[2024-03-07T18:14:45.895+0000] {processor.py:161} INFO - Started process (PID=230) to work on /home/airflow/.local/lib/python3.11/site-packages/airflow/example_dags/example_trigger_controller_dag.py
[2024-03-07T18:14:45.900+0000] {processor.py:830} INFO - Processing file /home/airflow/.local/lib/python3.11/site-packages/airflow/example_dags/example_trigger_controller_dag.py for tasks to queue
[2024-03-07T18:14:45.918+0000] {logging_mixin.py:188} INFO - [2024-03-07T18:14:45.916+0000] {dagbag.py:540} INFO - Filling up the DagBag from /home/airflow/.local/lib/python3.11/site-packages/airflow/example_dags/example_trigger_controller_dag.py
[2024-03-07T18:14:45.953+0000] {processor.py:840} INFO - DAG(s) 'example_trigger_controller_dag' retrieved from /home/airflow/.local/lib/python3.11/site-packages/airflow/example_dags/example_trigger_controller_dag.py
[2024-03-07T18:14:46.019+0000] {logging_mixin.py:188} INFO - [2024-03-07T18:14:46.017+0000] {dag.py:3047} INFO - Sync 1 DAGs
[2024-03-07T18:14:46.176+0000] {logging_mixin.py:188} INFO - [2024-03-07T18:14:46.175+0000] {dag.py:3834} INFO - Setting next_dagrun for example_trigger_controller_dag to 2021-01-01 00:00:00+00:00, run_after=2021-01-01 00:00:00+00:00
[2024-03-07T18:14:46.315+0000] {processor.py:183} INFO - Processing /home/airflow/.local/lib/python3.11/site-packages/airflow/example_dags/example_trigger_controller_dag.py took 0.439 seconds
[2024-03-07T18:15:17.618+0000] {processor.py:161} INFO - Started process (PID=289) to work on /home/airflow/.local/lib/python3.11/site-packages/airflow/example_dags/example_trigger_controller_dag.py
[2024-03-07T18:15:17.622+0000] {processor.py:830} INFO - Processing file /home/airflow/.local/lib/python3.11/site-packages/airflow/example_dags/example_trigger_controller_dag.py for tasks to queue
[2024-03-07T18:15:17.636+0000] {logging_mixin.py:188} INFO - [2024-03-07T18:15:17.634+0000] {dagbag.py:540} INFO - Filling up the DagBag from /home/airflow/.local/lib/python3.11/site-packages/airflow/example_dags/example_trigger_controller_dag.py
[2024-03-07T18:15:17.650+0000] {processor.py:840} INFO - DAG(s) 'example_trigger_controller_dag' retrieved from /home/airflow/.local/lib/python3.11/site-packages/airflow/example_dags/example_trigger_controller_dag.py
[2024-03-07T18:15:17.976+0000] {logging_mixin.py:188} INFO - [2024-03-07T18:15:17.975+0000] {dag.py:3047} INFO - Sync 1 DAGs
[2024-03-07T18:15:18.031+0000] {logging_mixin.py:188} INFO - [2024-03-07T18:15:18.031+0000] {dag.py:3834} INFO - Setting next_dagrun for example_trigger_controller_dag to 2021-01-01 00:00:00+00:00, run_after=2021-01-01 00:00:00+00:00
[2024-03-07T18:15:18.115+0000] {processor.py:183} INFO - Processing /home/airflow/.local/lib/python3.11/site-packages/airflow/example_dags/example_trigger_controller_dag.py took 0.503 seconds
[2024-03-07T18:15:49.353+0000] {processor.py:161} INFO - Started process (PID=347) to work on /home/airflow/.local/lib/python3.11/site-packages/airflow/example_dags/example_trigger_controller_dag.py
[2024-03-07T18:15:49.356+0000] {processor.py:830} INFO - Processing file /home/airflow/.local/lib/python3.11/site-packages/airflow/example_dags/example_trigger_controller_dag.py for tasks to queue
[2024-03-07T18:15:49.361+0000] {logging_mixin.py:188} INFO - [2024-03-07T18:15:49.360+0000] {dagbag.py:540} INFO - Filling up the DagBag from /home/airflow/.local/lib/python3.11/site-packages/airflow/example_dags/example_trigger_controller_dag.py
[2024-03-07T18:15:49.376+0000] {processor.py:840} INFO - DAG(s) 'example_trigger_controller_dag' retrieved from /home/airflow/.local/lib/python3.11/site-packages/airflow/example_dags/example_trigger_controller_dag.py
[2024-03-07T18:15:49.431+0000] {logging_mixin.py:188} INFO - [2024-03-07T18:15:49.430+0000] {dag.py:3047} INFO - Sync 1 DAGs
[2024-03-07T18:15:49.499+0000] {logging_mixin.py:188} INFO - [2024-03-07T18:15:49.498+0000] {dag.py:3834} INFO - Setting next_dagrun for example_trigger_controller_dag to 2021-01-01 00:00:00+00:00, run_after=2021-01-01 00:00:00+00:00
[2024-03-07T18:15:49.557+0000] {processor.py:183} INFO - Processing /home/airflow/.local/lib/python3.11/site-packages/airflow/example_dags/example_trigger_controller_dag.py took 0.210 seconds
[2024-03-07T18:16:20.801+0000] {processor.py:161} INFO - Started process (PID=404) to work on /home/airflow/.local/lib/python3.11/site-packages/airflow/example_dags/example_trigger_controller_dag.py
[2024-03-07T18:16:20.804+0000] {processor.py:830} INFO - Processing file /home/airflow/.local/lib/python3.11/site-packages/airflow/example_dags/example_trigger_controller_dag.py for tasks to queue
[2024-03-07T18:16:20.809+0000] {logging_mixin.py:188} INFO - [2024-03-07T18:16:20.808+0000] {dagbag.py:540} INFO - Filling up the DagBag from /home/airflow/.local/lib/python3.11/site-packages/airflow/example_dags/example_trigger_controller_dag.py
[2024-03-07T18:16:20.820+0000] {processor.py:840} INFO - DAG(s) 'example_trigger_controller_dag' retrieved from /home/airflow/.local/lib/python3.11/site-packages/airflow/example_dags/example_trigger_controller_dag.py
[2024-03-07T18:16:20.873+0000] {logging_mixin.py:188} INFO - [2024-03-07T18:16:20.872+0000] {dag.py:3047} INFO - Sync 1 DAGs
[2024-03-07T18:16:20.940+0000] {logging_mixin.py:188} INFO - [2024-03-07T18:16:20.939+0000] {dag.py:3834} INFO - Setting next_dagrun for example_trigger_controller_dag to 2021-01-01 00:00:00+00:00, run_after=2021-01-01 00:00:00+00:00
[2024-03-07T18:16:21.005+0000] {processor.py:183} INFO - Processing /home/airflow/.local/lib/python3.11/site-packages/airflow/example_dags/example_trigger_controller_dag.py took 0.208 seconds
[2024-03-07T18:16:52.582+0000] {processor.py:161} INFO - Started process (PID=462) to work on /home/airflow/.local/lib/python3.11/site-packages/airflow/example_dags/example_trigger_controller_dag.py
[2024-03-07T18:16:52.585+0000] {processor.py:830} INFO - Processing file /home/airflow/.local/lib/python3.11/site-packages/airflow/example_dags/example_trigger_controller_dag.py for tasks to queue
[2024-03-07T18:16:52.591+0000] {logging_mixin.py:188} INFO - [2024-03-07T18:16:52.590+0000] {dagbag.py:540} INFO - Filling up the DagBag from /home/airflow/.local/lib/python3.11/site-packages/airflow/example_dags/example_trigger_controller_dag.py
[2024-03-07T18:16:52.604+0000] {processor.py:840} INFO - DAG(s) 'example_trigger_controller_dag' retrieved from /home/airflow/.local/lib/python3.11/site-packages/airflow/example_dags/example_trigger_controller_dag.py
[2024-03-07T18:16:52.653+0000] {logging_mixin.py:188} INFO - [2024-03-07T18:16:52.652+0000] {dag.py:3047} INFO - Sync 1 DAGs
[2024-03-07T18:16:52.714+0000] {logging_mixin.py:188} INFO - [2024-03-07T18:16:52.713+0000] {dag.py:3834} INFO - Setting next_dagrun for example_trigger_controller_dag to 2021-01-01 00:00:00+00:00, run_after=2021-01-01 00:00:00+00:00
[2024-03-07T18:16:52.771+0000] {processor.py:183} INFO - Processing /home/airflow/.local/lib/python3.11/site-packages/airflow/example_dags/example_trigger_controller_dag.py took 0.195 seconds
[2024-03-07T18:17:24.669+0000] {processor.py:161} INFO - Started process (PID=519) to work on /home/airflow/.local/lib/python3.11/site-packages/airflow/example_dags/example_trigger_controller_dag.py
[2024-03-07T18:17:24.672+0000] {processor.py:830} INFO - Processing file /home/airflow/.local/lib/python3.11/site-packages/airflow/example_dags/example_trigger_controller_dag.py for tasks to queue
[2024-03-07T18:17:24.676+0000] {logging_mixin.py:188} INFO - [2024-03-07T18:17:24.675+0000] {dagbag.py:540} INFO - Filling up the DagBag from /home/airflow/.local/lib/python3.11/site-packages/airflow/example_dags/example_trigger_controller_dag.py
[2024-03-07T18:17:24.689+0000] {processor.py:840} INFO - DAG(s) 'example_trigger_controller_dag' retrieved from /home/airflow/.local/lib/python3.11/site-packages/airflow/example_dags/example_trigger_controller_dag.py
[2024-03-07T18:17:24.739+0000] {logging_mixin.py:188} INFO - [2024-03-07T18:17:24.739+0000] {dag.py:3047} INFO - Sync 1 DAGs
[2024-03-07T18:17:24.808+0000] {logging_mixin.py:188} INFO - [2024-03-07T18:17:24.807+0000] {dag.py:3834} INFO - Setting next_dagrun for example_trigger_controller_dag to 2021-01-01 00:00:00+00:00, run_after=2021-01-01 00:00:00+00:00
[2024-03-07T18:17:24.867+0000] {processor.py:183} INFO - Processing /home/airflow/.local/lib/python3.11/site-packages/airflow/example_dags/example_trigger_controller_dag.py took 0.206 seconds
[2024-03-07T18:17:56.380+0000] {processor.py:161} INFO - Started process (PID=577) to work on /home/airflow/.local/lib/python3.11/site-packages/airflow/example_dags/example_trigger_controller_dag.py
[2024-03-07T18:17:56.383+0000] {processor.py:830} INFO - Processing file /home/airflow/.local/lib/python3.11/site-packages/airflow/example_dags/example_trigger_controller_dag.py for tasks to queue
[2024-03-07T18:17:56.390+0000] {logging_mixin.py:188} INFO - [2024-03-07T18:17:56.388+0000] {dagbag.py:540} INFO - Filling up the DagBag from /home/airflow/.local/lib/python3.11/site-packages/airflow/example_dags/example_trigger_controller_dag.py
[2024-03-07T18:17:56.403+0000] {processor.py:840} INFO - DAG(s) 'example_trigger_controller_dag' retrieved from /home/airflow/.local/lib/python3.11/site-packages/airflow/example_dags/example_trigger_controller_dag.py
[2024-03-07T18:17:56.464+0000] {logging_mixin.py:188} INFO - [2024-03-07T18:17:56.464+0000] {dag.py:3047} INFO - Sync 1 DAGs
[2024-03-07T18:17:56.539+0000] {logging_mixin.py:188} INFO - [2024-03-07T18:17:56.538+0000] {dag.py:3834} INFO - Setting next_dagrun for example_trigger_controller_dag to 2021-01-01 00:00:00+00:00, run_after=2021-01-01 00:00:00+00:00
[2024-03-07T18:17:56.604+0000] {processor.py:183} INFO - Processing /home/airflow/.local/lib/python3.11/site-packages/airflow/example_dags/example_trigger_controller_dag.py took 0.231 seconds
[2024-03-07T18:18:28.335+0000] {processor.py:161} INFO - Started process (PID=635) to work on /home/airflow/.local/lib/python3.11/site-packages/airflow/example_dags/example_trigger_controller_dag.py
[2024-03-07T18:18:28.337+0000] {processor.py:830} INFO - Processing file /home/airflow/.local/lib/python3.11/site-packages/airflow/example_dags/example_trigger_controller_dag.py for tasks to queue
[2024-03-07T18:18:28.341+0000] {logging_mixin.py:188} INFO - [2024-03-07T18:18:28.340+0000] {dagbag.py:540} INFO - Filling up the DagBag from /home/airflow/.local/lib/python3.11/site-packages/airflow/example_dags/example_trigger_controller_dag.py
[2024-03-07T18:18:28.351+0000] {processor.py:840} INFO - DAG(s) 'example_trigger_controller_dag' retrieved from /home/airflow/.local/lib/python3.11/site-packages/airflow/example_dags/example_trigger_controller_dag.py
[2024-03-07T18:18:28.403+0000] {logging_mixin.py:188} INFO - [2024-03-07T18:18:28.402+0000] {dag.py:3047} INFO - Sync 1 DAGs
[2024-03-07T18:18:28.457+0000] {logging_mixin.py:188} INFO - [2024-03-07T18:18:28.456+0000] {dag.py:3834} INFO - Setting next_dagrun for example_trigger_controller_dag to 2021-01-01 00:00:00+00:00, run_after=2021-01-01 00:00:00+00:00
[2024-03-07T18:18:28.529+0000] {processor.py:183} INFO - Processing /home/airflow/.local/lib/python3.11/site-packages/airflow/example_dags/example_trigger_controller_dag.py took 0.200 seconds
[2024-03-07T18:18:59.259+0000] {processor.py:161} INFO - Started process (PID=693) to work on /home/airflow/.local/lib/python3.11/site-packages/airflow/example_dags/example_trigger_controller_dag.py
[2024-03-07T18:18:59.261+0000] {processor.py:830} INFO - Processing file /home/airflow/.local/lib/python3.11/site-packages/airflow/example_dags/example_trigger_controller_dag.py for tasks to queue
[2024-03-07T18:18:59.263+0000] {logging_mixin.py:188} INFO - [2024-03-07T18:18:59.262+0000] {dagbag.py:540} INFO - Filling up the DagBag from /home/airflow/.local/lib/python3.11/site-packages/airflow/example_dags/example_trigger_controller_dag.py
[2024-03-07T18:18:59.268+0000] {processor.py:840} INFO - DAG(s) 'example_trigger_controller_dag' retrieved from /home/airflow/.local/lib/python3.11/site-packages/airflow/example_dags/example_trigger_controller_dag.py
[2024-03-07T18:18:59.294+0000] {logging_mixin.py:188} INFO - [2024-03-07T18:18:59.294+0000] {dag.py:3047} INFO - Sync 1 DAGs
[2024-03-07T18:18:59.346+0000] {logging_mixin.py:188} INFO - [2024-03-07T18:18:59.346+0000] {dag.py:3834} INFO - Setting next_dagrun for example_trigger_controller_dag to 2021-01-01 00:00:00+00:00, run_after=2021-01-01 00:00:00+00:00
[2024-03-07T18:18:59.440+0000] {processor.py:183} INFO - Processing /home/airflow/.local/lib/python3.11/site-packages/airflow/example_dags/example_trigger_controller_dag.py took 0.184 seconds
[2024-03-07T18:19:30.971+0000] {processor.py:161} INFO - Started process (PID=752) to work on /home/airflow/.local/lib/python3.11/site-packages/airflow/example_dags/example_trigger_controller_dag.py
[2024-03-07T18:19:30.974+0000] {processor.py:830} INFO - Processing file /home/airflow/.local/lib/python3.11/site-packages/airflow/example_dags/example_trigger_controller_dag.py for tasks to queue
[2024-03-07T18:19:30.979+0000] {logging_mixin.py:188} INFO - [2024-03-07T18:19:30.978+0000] {dagbag.py:540} INFO - Filling up the DagBag from /home/airflow/.local/lib/python3.11/site-packages/airflow/example_dags/example_trigger_controller_dag.py
[2024-03-07T18:19:30.988+0000] {processor.py:840} INFO - DAG(s) 'example_trigger_controller_dag' retrieved from /home/airflow/.local/lib/python3.11/site-packages/airflow/example_dags/example_trigger_controller_dag.py
[2024-03-07T18:19:31.031+0000] {logging_mixin.py:188} INFO - [2024-03-07T18:19:31.031+0000] {dag.py:3047} INFO - Sync 1 DAGs
[2024-03-07T18:19:31.079+0000] {logging_mixin.py:188} INFO - [2024-03-07T18:19:31.078+0000] {dag.py:3834} INFO - Setting next_dagrun for example_trigger_controller_dag to 2021-01-01 00:00:00+00:00, run_after=2021-01-01 00:00:00+00:00
[2024-03-07T18:19:31.142+0000] {processor.py:183} INFO - Processing /home/airflow/.local/lib/python3.11/site-packages/airflow/example_dags/example_trigger_controller_dag.py took 0.175 seconds
[2024-03-07T18:20:02.720+0000] {processor.py:161} INFO - Started process (PID=810) to work on /home/airflow/.local/lib/python3.11/site-packages/airflow/example_dags/example_trigger_controller_dag.py
[2024-03-07T18:20:02.722+0000] {processor.py:830} INFO - Processing file /home/airflow/.local/lib/python3.11/site-packages/airflow/example_dags/example_trigger_controller_dag.py for tasks to queue
[2024-03-07T18:20:02.729+0000] {logging_mixin.py:188} INFO - [2024-03-07T18:20:02.728+0000] {dagbag.py:540} INFO - Filling up the DagBag from /home/airflow/.local/lib/python3.11/site-packages/airflow/example_dags/example_trigger_controller_dag.py
[2024-03-07T18:20:02.738+0000] {processor.py:840} INFO - DAG(s) 'example_trigger_controller_dag' retrieved from /home/airflow/.local/lib/python3.11/site-packages/airflow/example_dags/example_trigger_controller_dag.py
[2024-03-07T18:20:02.785+0000] {logging_mixin.py:188} INFO - [2024-03-07T18:20:02.784+0000] {dag.py:3047} INFO - Sync 1 DAGs
[2024-03-07T18:20:02.840+0000] {logging_mixin.py:188} INFO - [2024-03-07T18:20:02.839+0000] {dag.py:3834} INFO - Setting next_dagrun for example_trigger_controller_dag to 2021-01-01 00:00:00+00:00, run_after=2021-01-01 00:00:00+00:00
[2024-03-07T18:20:02.922+0000] {processor.py:183} INFO - Processing /home/airflow/.local/lib/python3.11/site-packages/airflow/example_dags/example_trigger_controller_dag.py took 0.207 seconds
[2024-03-07T18:20:34.624+0000] {processor.py:161} INFO - Started process (PID=867) to work on /home/airflow/.local/lib/python3.11/site-packages/airflow/example_dags/example_trigger_controller_dag.py
[2024-03-07T18:20:34.627+0000] {processor.py:830} INFO - Processing file /home/airflow/.local/lib/python3.11/site-packages/airflow/example_dags/example_trigger_controller_dag.py for tasks to queue
[2024-03-07T18:20:34.632+0000] {logging_mixin.py:188} INFO - [2024-03-07T18:20:34.631+0000] {dagbag.py:540} INFO - Filling up the DagBag from /home/airflow/.local/lib/python3.11/site-packages/airflow/example_dags/example_trigger_controller_dag.py
[2024-03-07T18:20:34.643+0000] {processor.py:840} INFO - DAG(s) 'example_trigger_controller_dag' retrieved from /home/airflow/.local/lib/python3.11/site-packages/airflow/example_dags/example_trigger_controller_dag.py
[2024-03-07T18:20:34.693+0000] {logging_mixin.py:188} INFO - [2024-03-07T18:20:34.692+0000] {dag.py:3047} INFO - Sync 1 DAGs
[2024-03-07T18:20:34.762+0000] {logging_mixin.py:188} INFO - [2024-03-07T18:20:34.762+0000] {dag.py:3834} INFO - Setting next_dagrun for example_trigger_controller_dag to 2021-01-01 00:00:00+00:00, run_after=2021-01-01 00:00:00+00:00
[2024-03-07T18:20:34.817+0000] {processor.py:183} INFO - Processing /home/airflow/.local/lib/python3.11/site-packages/airflow/example_dags/example_trigger_controller_dag.py took 0.199 seconds
[2024-03-07T18:21:06.212+0000] {processor.py:161} INFO - Started process (PID=925) to work on /home/airflow/.local/lib/python3.11/site-packages/airflow/example_dags/example_trigger_controller_dag.py
[2024-03-07T18:21:06.214+0000] {processor.py:830} INFO - Processing file /home/airflow/.local/lib/python3.11/site-packages/airflow/example_dags/example_trigger_controller_dag.py for tasks to queue
[2024-03-07T18:21:06.219+0000] {logging_mixin.py:188} INFO - [2024-03-07T18:21:06.218+0000] {dagbag.py:540} INFO - Filling up the DagBag from /home/airflow/.local/lib/python3.11/site-packages/airflow/example_dags/example_trigger_controller_dag.py
[2024-03-07T18:21:06.231+0000] {processor.py:840} INFO - DAG(s) 'example_trigger_controller_dag' retrieved from /home/airflow/.local/lib/python3.11/site-packages/airflow/example_dags/example_trigger_controller_dag.py
[2024-03-07T18:21:06.293+0000] {logging_mixin.py:188} INFO - [2024-03-07T18:21:06.292+0000] {dag.py:3047} INFO - Sync 1 DAGs
[2024-03-07T18:21:06.380+0000] {logging_mixin.py:188} INFO - [2024-03-07T18:21:06.379+0000] {dag.py:3834} INFO - Setting next_dagrun for example_trigger_controller_dag to 2021-01-01 00:00:00+00:00, run_after=2021-01-01 00:00:00+00:00
[2024-03-07T18:21:06.446+0000] {processor.py:183} INFO - Processing /home/airflow/.local/lib/python3.11/site-packages/airflow/example_dags/example_trigger_controller_dag.py took 0.241 seconds
[2024-03-07T18:21:38.585+0000] {processor.py:161} INFO - Started process (PID=982) to work on /home/airflow/.local/lib/python3.11/site-packages/airflow/example_dags/example_trigger_controller_dag.py
[2024-03-07T18:21:38.587+0000] {processor.py:830} INFO - Processing file /home/airflow/.local/lib/python3.11/site-packages/airflow/example_dags/example_trigger_controller_dag.py for tasks to queue
[2024-03-07T18:21:38.592+0000] {logging_mixin.py:188} INFO - [2024-03-07T18:21:38.591+0000] {dagbag.py:540} INFO - Filling up the DagBag from /home/airflow/.local/lib/python3.11/site-packages/airflow/example_dags/example_trigger_controller_dag.py
[2024-03-07T18:21:38.604+0000] {processor.py:840} INFO - DAG(s) 'example_trigger_controller_dag' retrieved from /home/airflow/.local/lib/python3.11/site-packages/airflow/example_dags/example_trigger_controller_dag.py
[2024-03-07T18:21:38.663+0000] {logging_mixin.py:188} INFO - [2024-03-07T18:21:38.662+0000] {dag.py:3047} INFO - Sync 1 DAGs
[2024-03-07T18:21:38.721+0000] {logging_mixin.py:188} INFO - [2024-03-07T18:21:38.721+0000] {dag.py:3834} INFO - Setting next_dagrun for example_trigger_controller_dag to 2021-01-01 00:00:00+00:00, run_after=2021-01-01 00:00:00+00:00
[2024-03-07T18:21:38.780+0000] {processor.py:183} INFO - Processing /home/airflow/.local/lib/python3.11/site-packages/airflow/example_dags/example_trigger_controller_dag.py took 0.201 seconds
[2024-03-07T18:22:10.716+0000] {processor.py:161} INFO - Started process (PID=1046) to work on /home/airflow/.local/lib/python3.11/site-packages/airflow/example_dags/example_trigger_controller_dag.py
[2024-03-07T18:22:10.719+0000] {processor.py:830} INFO - Processing file /home/airflow/.local/lib/python3.11/site-packages/airflow/example_dags/example_trigger_controller_dag.py for tasks to queue
[2024-03-07T18:22:10.724+0000] {logging_mixin.py:188} INFO - [2024-03-07T18:22:10.722+0000] {dagbag.py:540} INFO - Filling up the DagBag from /home/airflow/.local/lib/python3.11/site-packages/airflow/example_dags/example_trigger_controller_dag.py
[2024-03-07T18:22:10.733+0000] {processor.py:840} INFO - DAG(s) 'example_trigger_controller_dag' retrieved from /home/airflow/.local/lib/python3.11/site-packages/airflow/example_dags/example_trigger_controller_dag.py
[2024-03-07T18:22:10.781+0000] {logging_mixin.py:188} INFO - [2024-03-07T18:22:10.780+0000] {dag.py:3047} INFO - Sync 1 DAGs
[2024-03-07T18:22:10.848+0000] {logging_mixin.py:188} INFO - [2024-03-07T18:22:10.847+0000] {dag.py:3834} INFO - Setting next_dagrun for example_trigger_controller_dag to 2021-01-01 00:00:00+00:00, run_after=2021-01-01 00:00:00+00:00
[2024-03-07T18:22:10.908+0000] {processor.py:183} INFO - Processing /home/airflow/.local/lib/python3.11/site-packages/airflow/example_dags/example_trigger_controller_dag.py took 0.197 seconds
[2024-03-07T18:22:42.333+0000] {processor.py:161} INFO - Started process (PID=1105) to work on /home/airflow/.local/lib/python3.11/site-packages/airflow/example_dags/example_trigger_controller_dag.py
[2024-03-07T18:22:42.336+0000] {processor.py:830} INFO - Processing file /home/airflow/.local/lib/python3.11/site-packages/airflow/example_dags/example_trigger_controller_dag.py for tasks to queue
[2024-03-07T18:22:42.339+0000] {logging_mixin.py:188} INFO - [2024-03-07T18:22:42.339+0000] {dagbag.py:540} INFO - Filling up the DagBag from /home/airflow/.local/lib/python3.11/site-packages/airflow/example_dags/example_trigger_controller_dag.py
[2024-03-07T18:22:42.347+0000] {processor.py:840} INFO - DAG(s) 'example_trigger_controller_dag' retrieved from /home/airflow/.local/lib/python3.11/site-packages/airflow/example_dags/example_trigger_controller_dag.py
[2024-03-07T18:22:42.385+0000] {logging_mixin.py:188} INFO - [2024-03-07T18:22:42.384+0000] {dag.py:3047} INFO - Sync 1 DAGs
[2024-03-07T18:22:42.445+0000] {logging_mixin.py:188} INFO - [2024-03-07T18:22:42.444+0000] {dag.py:3834} INFO - Setting next_dagrun for example_trigger_controller_dag to 2021-01-01 00:00:00+00:00, run_after=2021-01-01 00:00:00+00:00
[2024-03-07T18:22:42.503+0000] {processor.py:183} INFO - Processing /home/airflow/.local/lib/python3.11/site-packages/airflow/example_dags/example_trigger_controller_dag.py took 0.177 seconds
[2024-03-07T18:23:14.039+0000] {processor.py:161} INFO - Started process (PID=1163) to work on /home/airflow/.local/lib/python3.11/site-packages/airflow/example_dags/example_trigger_controller_dag.py
[2024-03-07T18:23:14.041+0000] {processor.py:830} INFO - Processing file /home/airflow/.local/lib/python3.11/site-packages/airflow/example_dags/example_trigger_controller_dag.py for tasks to queue
[2024-03-07T18:23:14.046+0000] {logging_mixin.py:188} INFO - [2024-03-07T18:23:14.045+0000] {dagbag.py:540} INFO - Filling up the DagBag from /home/airflow/.local/lib/python3.11/site-packages/airflow/example_dags/example_trigger_controller_dag.py
[2024-03-07T18:23:14.057+0000] {processor.py:840} INFO - DAG(s) 'example_trigger_controller_dag' retrieved from /home/airflow/.local/lib/python3.11/site-packages/airflow/example_dags/example_trigger_controller_dag.py
[2024-03-07T18:23:14.100+0000] {logging_mixin.py:188} INFO - [2024-03-07T18:23:14.099+0000] {dag.py:3047} INFO - Sync 1 DAGs
[2024-03-07T18:23:14.156+0000] {logging_mixin.py:188} INFO - [2024-03-07T18:23:14.156+0000] {dag.py:3834} INFO - Setting next_dagrun for example_trigger_controller_dag to 2021-01-01 00:00:00+00:00, run_after=2021-01-01 00:00:00+00:00
[2024-03-07T18:23:14.217+0000] {processor.py:183} INFO - Processing /home/airflow/.local/lib/python3.11/site-packages/airflow/example_dags/example_trigger_controller_dag.py took 0.183 seconds
[2024-03-07T18:23:45.745+0000] {processor.py:161} INFO - Started process (PID=1222) to work on /home/airflow/.local/lib/python3.11/site-packages/airflow/example_dags/example_trigger_controller_dag.py
[2024-03-07T18:23:45.748+0000] {processor.py:830} INFO - Processing file /home/airflow/.local/lib/python3.11/site-packages/airflow/example_dags/example_trigger_controller_dag.py for tasks to queue
[2024-03-07T18:23:45.753+0000] {logging_mixin.py:188} INFO - [2024-03-07T18:23:45.752+0000] {dagbag.py:540} INFO - Filling up the DagBag from /home/airflow/.local/lib/python3.11/site-packages/airflow/example_dags/example_trigger_controller_dag.py
[2024-03-07T18:23:45.763+0000] {processor.py:840} INFO - DAG(s) 'example_trigger_controller_dag' retrieved from /home/airflow/.local/lib/python3.11/site-packages/airflow/example_dags/example_trigger_controller_dag.py
[2024-03-07T18:23:45.811+0000] {logging_mixin.py:188} INFO - [2024-03-07T18:23:45.811+0000] {dag.py:3047} INFO - Sync 1 DAGs
[2024-03-07T18:23:45.861+0000] {logging_mixin.py:188} INFO - [2024-03-07T18:23:45.860+0000] {dag.py:3834} INFO - Setting next_dagrun for example_trigger_controller_dag to 2021-01-01 00:00:00+00:00, run_after=2021-01-01 00:00:00+00:00
[2024-03-07T18:23:45.922+0000] {processor.py:183} INFO - Processing /home/airflow/.local/lib/python3.11/site-packages/airflow/example_dags/example_trigger_controller_dag.py took 0.183 seconds
[2024-03-07T18:24:18.005+0000] {processor.py:161} INFO - Started process (PID=1280) to work on /home/airflow/.local/lib/python3.11/site-packages/airflow/example_dags/example_trigger_controller_dag.py
[2024-03-07T18:24:18.007+0000] {processor.py:830} INFO - Processing file /home/airflow/.local/lib/python3.11/site-packages/airflow/example_dags/example_trigger_controller_dag.py for tasks to queue
[2024-03-07T18:24:18.012+0000] {logging_mixin.py:188} INFO - [2024-03-07T18:24:18.011+0000] {dagbag.py:540} INFO - Filling up the DagBag from /home/airflow/.local/lib/python3.11/site-packages/airflow/example_dags/example_trigger_controller_dag.py
[2024-03-07T18:24:18.023+0000] {processor.py:840} INFO - DAG(s) 'example_trigger_controller_dag' retrieved from /home/airflow/.local/lib/python3.11/site-packages/airflow/example_dags/example_trigger_controller_dag.py
[2024-03-07T18:24:18.071+0000] {logging_mixin.py:188} INFO - [2024-03-07T18:24:18.069+0000] {dag.py:3047} INFO - Sync 1 DAGs
[2024-03-07T18:24:18.118+0000] {logging_mixin.py:188} INFO - [2024-03-07T18:24:18.117+0000] {dag.py:3834} INFO - Setting next_dagrun for example_trigger_controller_dag to 2021-01-01 00:00:00+00:00, run_after=2021-01-01 00:00:00+00:00
[2024-03-07T18:24:18.218+0000] {processor.py:183} INFO - Processing /home/airflow/.local/lib/python3.11/site-packages/airflow/example_dags/example_trigger_controller_dag.py took 0.218 seconds
[2024-03-07T18:24:49.772+0000] {processor.py:161} INFO - Started process (PID=1338) to work on /home/airflow/.local/lib/python3.11/site-packages/airflow/example_dags/example_trigger_controller_dag.py
[2024-03-07T18:24:49.773+0000] {processor.py:830} INFO - Processing file /home/airflow/.local/lib/python3.11/site-packages/airflow/example_dags/example_trigger_controller_dag.py for tasks to queue
[2024-03-07T18:24:49.778+0000] {logging_mixin.py:188} INFO - [2024-03-07T18:24:49.778+0000] {dagbag.py:540} INFO - Filling up the DagBag from /home/airflow/.local/lib/python3.11/site-packages/airflow/example_dags/example_trigger_controller_dag.py
[2024-03-07T18:24:49.786+0000] {processor.py:840} INFO - DAG(s) 'example_trigger_controller_dag' retrieved from /home/airflow/.local/lib/python3.11/site-packages/airflow/example_dags/example_trigger_controller_dag.py
[2024-03-07T18:24:49.832+0000] {logging_mixin.py:188} INFO - [2024-03-07T18:24:49.832+0000] {dag.py:3047} INFO - Sync 1 DAGs
[2024-03-07T18:24:49.886+0000] {logging_mixin.py:188} INFO - [2024-03-07T18:24:49.885+0000] {dag.py:3834} INFO - Setting next_dagrun for example_trigger_controller_dag to 2021-01-01 00:00:00+00:00, run_after=2021-01-01 00:00:00+00:00
[2024-03-07T18:24:50.081+0000] {processor.py:183} INFO - Processing /home/airflow/.local/lib/python3.11/site-packages/airflow/example_dags/example_trigger_controller_dag.py took 0.315 seconds
[2024-03-07T18:25:22.422+0000] {processor.py:161} INFO - Started process (PID=1398) to work on /home/airflow/.local/lib/python3.11/site-packages/airflow/example_dags/example_trigger_controller_dag.py
[2024-03-07T18:25:22.424+0000] {processor.py:830} INFO - Processing file /home/airflow/.local/lib/python3.11/site-packages/airflow/example_dags/example_trigger_controller_dag.py for tasks to queue
[2024-03-07T18:25:22.429+0000] {logging_mixin.py:188} INFO - [2024-03-07T18:25:22.429+0000] {dagbag.py:540} INFO - Filling up the DagBag from /home/airflow/.local/lib/python3.11/site-packages/airflow/example_dags/example_trigger_controller_dag.py
[2024-03-07T18:25:22.437+0000] {processor.py:840} INFO - DAG(s) 'example_trigger_controller_dag' retrieved from /home/airflow/.local/lib/python3.11/site-packages/airflow/example_dags/example_trigger_controller_dag.py
[2024-03-07T18:25:22.482+0000] {logging_mixin.py:188} INFO - [2024-03-07T18:25:22.481+0000] {dag.py:3047} INFO - Sync 1 DAGs
[2024-03-07T18:25:22.542+0000] {logging_mixin.py:188} INFO - [2024-03-07T18:25:22.541+0000] {dag.py:3834} INFO - Setting next_dagrun for example_trigger_controller_dag to 2021-01-01 00:00:00+00:00, run_after=2021-01-01 00:00:00+00:00
[2024-03-07T18:25:22.609+0000] {processor.py:183} INFO - Processing /home/airflow/.local/lib/python3.11/site-packages/airflow/example_dags/example_trigger_controller_dag.py took 0.192 seconds
[2024-03-07T18:25:54.603+0000] {processor.py:161} INFO - Started process (PID=1455) to work on /home/airflow/.local/lib/python3.11/site-packages/airflow/example_dags/example_trigger_controller_dag.py
[2024-03-07T18:25:54.605+0000] {processor.py:830} INFO - Processing file /home/airflow/.local/lib/python3.11/site-packages/airflow/example_dags/example_trigger_controller_dag.py for tasks to queue
[2024-03-07T18:25:54.612+0000] {logging_mixin.py:188} INFO - [2024-03-07T18:25:54.611+0000] {dagbag.py:540} INFO - Filling up the DagBag from /home/airflow/.local/lib/python3.11/site-packages/airflow/example_dags/example_trigger_controller_dag.py
[2024-03-07T18:25:54.622+0000] {processor.py:840} INFO - DAG(s) 'example_trigger_controller_dag' retrieved from /home/airflow/.local/lib/python3.11/site-packages/airflow/example_dags/example_trigger_controller_dag.py
[2024-03-07T18:25:54.665+0000] {logging_mixin.py:188} INFO - [2024-03-07T18:25:54.664+0000] {dag.py:3047} INFO - Sync 1 DAGs
[2024-03-07T18:25:54.731+0000] {logging_mixin.py:188} INFO - [2024-03-07T18:25:54.730+0000] {dag.py:3834} INFO - Setting next_dagrun for example_trigger_controller_dag to 2021-01-01 00:00:00+00:00, run_after=2021-01-01 00:00:00+00:00
[2024-03-07T18:25:54.788+0000] {processor.py:183} INFO - Processing /home/airflow/.local/lib/python3.11/site-packages/airflow/example_dags/example_trigger_controller_dag.py took 0.191 seconds
[2024-03-07T18:26:26.456+0000] {processor.py:161} INFO - Started process (PID=1513) to work on /home/airflow/.local/lib/python3.11/site-packages/airflow/example_dags/example_trigger_controller_dag.py
[2024-03-07T18:26:26.459+0000] {processor.py:830} INFO - Processing file /home/airflow/.local/lib/python3.11/site-packages/airflow/example_dags/example_trigger_controller_dag.py for tasks to queue
[2024-03-07T18:26:26.464+0000] {logging_mixin.py:188} INFO - [2024-03-07T18:26:26.463+0000] {dagbag.py:540} INFO - Filling up the DagBag from /home/airflow/.local/lib/python3.11/site-packages/airflow/example_dags/example_trigger_controller_dag.py
[2024-03-07T18:26:26.474+0000] {processor.py:840} INFO - DAG(s) 'example_trigger_controller_dag' retrieved from /home/airflow/.local/lib/python3.11/site-packages/airflow/example_dags/example_trigger_controller_dag.py
[2024-03-07T18:26:26.517+0000] {logging_mixin.py:188} INFO - [2024-03-07T18:26:26.516+0000] {dag.py:3047} INFO - Sync 1 DAGs
[2024-03-07T18:26:26.579+0000] {logging_mixin.py:188} INFO - [2024-03-07T18:26:26.578+0000] {dag.py:3834} INFO - Setting next_dagrun for example_trigger_controller_dag to 2021-01-01 00:00:00+00:00, run_after=2021-01-01 00:00:00+00:00
[2024-03-07T18:26:26.630+0000] {processor.py:183} INFO - Processing /home/airflow/.local/lib/python3.11/site-packages/airflow/example_dags/example_trigger_controller_dag.py took 0.182 seconds
[2024-03-07T18:26:58.690+0000] {processor.py:161} INFO - Started process (PID=1571) to work on /home/airflow/.local/lib/python3.11/site-packages/airflow/example_dags/example_trigger_controller_dag.py
[2024-03-07T18:26:58.693+0000] {processor.py:830} INFO - Processing file /home/airflow/.local/lib/python3.11/site-packages/airflow/example_dags/example_trigger_controller_dag.py for tasks to queue
[2024-03-07T18:26:58.700+0000] {logging_mixin.py:188} INFO - [2024-03-07T18:26:58.699+0000] {dagbag.py:540} INFO - Filling up the DagBag from /home/airflow/.local/lib/python3.11/site-packages/airflow/example_dags/example_trigger_controller_dag.py
[2024-03-07T18:26:58.709+0000] {processor.py:840} INFO - DAG(s) 'example_trigger_controller_dag' retrieved from /home/airflow/.local/lib/python3.11/site-packages/airflow/example_dags/example_trigger_controller_dag.py
[2024-03-07T18:26:58.750+0000] {logging_mixin.py:188} INFO - [2024-03-07T18:26:58.749+0000] {dag.py:3047} INFO - Sync 1 DAGs
[2024-03-07T18:26:58.807+0000] {logging_mixin.py:188} INFO - [2024-03-07T18:26:58.806+0000] {dag.py:3834} INFO - Setting next_dagrun for example_trigger_controller_dag to 2021-01-01 00:00:00+00:00, run_after=2021-01-01 00:00:00+00:00
[2024-03-07T18:26:58.894+0000] {processor.py:183} INFO - Processing /home/airflow/.local/lib/python3.11/site-packages/airflow/example_dags/example_trigger_controller_dag.py took 0.210 seconds
[2024-03-07T18:27:30.790+0000] {processor.py:161} INFO - Started process (PID=1628) to work on /home/airflow/.local/lib/python3.11/site-packages/airflow/example_dags/example_trigger_controller_dag.py
[2024-03-07T18:27:30.793+0000] {processor.py:830} INFO - Processing file /home/airflow/.local/lib/python3.11/site-packages/airflow/example_dags/example_trigger_controller_dag.py for tasks to queue
[2024-03-07T18:27:30.798+0000] {logging_mixin.py:188} INFO - [2024-03-07T18:27:30.797+0000] {dagbag.py:540} INFO - Filling up the DagBag from /home/airflow/.local/lib/python3.11/site-packages/airflow/example_dags/example_trigger_controller_dag.py
[2024-03-07T18:27:30.806+0000] {processor.py:840} INFO - DAG(s) 'example_trigger_controller_dag' retrieved from /home/airflow/.local/lib/python3.11/site-packages/airflow/example_dags/example_trigger_controller_dag.py
[2024-03-07T18:27:30.852+0000] {logging_mixin.py:188} INFO - [2024-03-07T18:27:30.852+0000] {dag.py:3047} INFO - Sync 1 DAGs
[2024-03-07T18:27:30.902+0000] {logging_mixin.py:188} INFO - [2024-03-07T18:27:30.901+0000] {dag.py:3834} INFO - Setting next_dagrun for example_trigger_controller_dag to 2021-01-01 00:00:00+00:00, run_after=2021-01-01 00:00:00+00:00
[2024-03-07T18:27:30.956+0000] {processor.py:183} INFO - Processing /home/airflow/.local/lib/python3.11/site-packages/airflow/example_dags/example_trigger_controller_dag.py took 0.171 seconds
[2024-03-07T18:28:03.077+0000] {processor.py:161} INFO - Started process (PID=1686) to work on /home/airflow/.local/lib/python3.11/site-packages/airflow/example_dags/example_trigger_controller_dag.py
[2024-03-07T18:28:03.079+0000] {processor.py:830} INFO - Processing file /home/airflow/.local/lib/python3.11/site-packages/airflow/example_dags/example_trigger_controller_dag.py for tasks to queue
[2024-03-07T18:28:03.085+0000] {logging_mixin.py:188} INFO - [2024-03-07T18:28:03.084+0000] {dagbag.py:540} INFO - Filling up the DagBag from /home/airflow/.local/lib/python3.11/site-packages/airflow/example_dags/example_trigger_controller_dag.py
[2024-03-07T18:28:03.094+0000] {processor.py:840} INFO - DAG(s) 'example_trigger_controller_dag' retrieved from /home/airflow/.local/lib/python3.11/site-packages/airflow/example_dags/example_trigger_controller_dag.py
[2024-03-07T18:28:03.145+0000] {logging_mixin.py:188} INFO - [2024-03-07T18:28:03.144+0000] {dag.py:3047} INFO - Sync 1 DAGs
[2024-03-07T18:28:03.216+0000] {logging_mixin.py:188} INFO - [2024-03-07T18:28:03.216+0000] {dag.py:3834} INFO - Setting next_dagrun for example_trigger_controller_dag to 2021-01-01 00:00:00+00:00, run_after=2021-01-01 00:00:00+00:00
[2024-03-07T18:28:03.293+0000] {processor.py:183} INFO - Processing /home/airflow/.local/lib/python3.11/site-packages/airflow/example_dags/example_trigger_controller_dag.py took 0.220 seconds
[2024-03-07T18:28:35.714+0000] {processor.py:161} INFO - Started process (PID=1746) to work on /home/airflow/.local/lib/python3.11/site-packages/airflow/example_dags/example_trigger_controller_dag.py
[2024-03-07T18:28:35.717+0000] {processor.py:830} INFO - Processing file /home/airflow/.local/lib/python3.11/site-packages/airflow/example_dags/example_trigger_controller_dag.py for tasks to queue
[2024-03-07T18:28:35.722+0000] {logging_mixin.py:188} INFO - [2024-03-07T18:28:35.721+0000] {dagbag.py:540} INFO - Filling up the DagBag from /home/airflow/.local/lib/python3.11/site-packages/airflow/example_dags/example_trigger_controller_dag.py
[2024-03-07T18:28:35.731+0000] {processor.py:840} INFO - DAG(s) 'example_trigger_controller_dag' retrieved from /home/airflow/.local/lib/python3.11/site-packages/airflow/example_dags/example_trigger_controller_dag.py
[2024-03-07T18:28:35.776+0000] {logging_mixin.py:188} INFO - [2024-03-07T18:28:35.775+0000] {dag.py:3047} INFO - Sync 1 DAGs
[2024-03-07T18:28:35.847+0000] {logging_mixin.py:188} INFO - [2024-03-07T18:28:35.846+0000] {dag.py:3834} INFO - Setting next_dagrun for example_trigger_controller_dag to 2021-01-01 00:00:00+00:00, run_after=2021-01-01 00:00:00+00:00
[2024-03-07T18:28:35.913+0000] {processor.py:183} INFO - Processing /home/airflow/.local/lib/python3.11/site-packages/airflow/example_dags/example_trigger_controller_dag.py took 0.205 seconds
[2024-03-07T18:29:06.518+0000] {processor.py:161} INFO - Started process (PID=1803) to work on /home/airflow/.local/lib/python3.11/site-packages/airflow/example_dags/example_trigger_controller_dag.py
[2024-03-07T18:29:06.520+0000] {processor.py:830} INFO - Processing file /home/airflow/.local/lib/python3.11/site-packages/airflow/example_dags/example_trigger_controller_dag.py for tasks to queue
[2024-03-07T18:29:06.525+0000] {logging_mixin.py:188} INFO - [2024-03-07T18:29:06.524+0000] {dagbag.py:540} INFO - Filling up the DagBag from /home/airflow/.local/lib/python3.11/site-packages/airflow/example_dags/example_trigger_controller_dag.py
[2024-03-07T18:29:06.533+0000] {processor.py:840} INFO - DAG(s) 'example_trigger_controller_dag' retrieved from /home/airflow/.local/lib/python3.11/site-packages/airflow/example_dags/example_trigger_controller_dag.py
[2024-03-07T18:29:06.580+0000] {logging_mixin.py:188} INFO - [2024-03-07T18:29:06.580+0000] {dag.py:3047} INFO - Sync 1 DAGs
[2024-03-07T18:29:06.637+0000] {logging_mixin.py:188} INFO - [2024-03-07T18:29:06.636+0000] {dag.py:3834} INFO - Setting next_dagrun for example_trigger_controller_dag to 2021-01-01 00:00:00+00:00, run_after=2021-01-01 00:00:00+00:00
[2024-03-07T18:29:06.710+0000] {processor.py:183} INFO - Processing /home/airflow/.local/lib/python3.11/site-packages/airflow/example_dags/example_trigger_controller_dag.py took 0.197 seconds
