[2024-03-07T18:13:31.644+0000] {processor.py:161} INFO - Started process (PID=99) to work on /home/airflow/.local/lib/python3.11/site-packages/airflow/example_dags/example_kubernetes_executor.py
[2024-03-07T18:13:31.655+0000] {processor.py:830} INFO - Processing file /home/airflow/.local/lib/python3.11/site-packages/airflow/example_dags/example_kubernetes_executor.py for tasks to queue
[2024-03-07T18:13:31.670+0000] {logging_mixin.py:188} INFO - [2024-03-07T18:13:31.662+0000] {dagbag.py:540} INFO - Filling up the DagBag from /home/airflow/.local/lib/python3.11/site-packages/airflow/example_dags/example_kubernetes_executor.py
[2024-03-07T18:13:31.791+0000] {processor.py:840} INFO - DAG(s) 'example_kubernetes_executor' retrieved from /home/airflow/.local/lib/python3.11/site-packages/airflow/example_dags/example_kubernetes_executor.py
[2024-03-07T18:13:32.027+0000] {logging_mixin.py:188} INFO - [2024-03-07T18:13:32.026+0000] {dag.py:3047} INFO - Sync 1 DAGs
[2024-03-07T18:13:32.095+0000] {logging_mixin.py:188} INFO - [2024-03-07T18:13:32.094+0000] {dag.py:3834} INFO - Setting next_dagrun for example_kubernetes_executor to None, run_after=None
[2024-03-07T18:13:32.205+0000] {processor.py:183} INFO - Processing /home/airflow/.local/lib/python3.11/site-packages/airflow/example_dags/example_kubernetes_executor.py took 0.573 seconds
[2024-03-07T18:14:02.845+0000] {processor.py:161} INFO - Started process (PID=157) to work on /home/airflow/.local/lib/python3.11/site-packages/airflow/example_dags/example_kubernetes_executor.py
[2024-03-07T18:14:02.851+0000] {processor.py:830} INFO - Processing file /home/airflow/.local/lib/python3.11/site-packages/airflow/example_dags/example_kubernetes_executor.py for tasks to queue
[2024-03-07T18:14:02.867+0000] {logging_mixin.py:188} INFO - [2024-03-07T18:14:02.865+0000] {dagbag.py:540} INFO - Filling up the DagBag from /home/airflow/.local/lib/python3.11/site-packages/airflow/example_dags/example_kubernetes_executor.py
[2024-03-07T18:14:02.978+0000] {processor.py:840} INFO - DAG(s) 'example_kubernetes_executor' retrieved from /home/airflow/.local/lib/python3.11/site-packages/airflow/example_dags/example_kubernetes_executor.py
[2024-03-07T18:14:03.265+0000] {logging_mixin.py:188} INFO - [2024-03-07T18:14:03.265+0000] {dag.py:3047} INFO - Sync 1 DAGs
[2024-03-07T18:14:03.350+0000] {logging_mixin.py:188} INFO - [2024-03-07T18:14:03.349+0000] {dag.py:3834} INFO - Setting next_dagrun for example_kubernetes_executor to None, run_after=None
[2024-03-07T18:14:03.482+0000] {processor.py:183} INFO - Processing /home/airflow/.local/lib/python3.11/site-packages/airflow/example_dags/example_kubernetes_executor.py took 0.655 seconds
[2024-03-07T18:14:36.273+0000] {processor.py:161} INFO - Started process (PID=215) to work on /home/airflow/.local/lib/python3.11/site-packages/airflow/example_dags/example_kubernetes_executor.py
[2024-03-07T18:14:36.296+0000] {processor.py:830} INFO - Processing file /home/airflow/.local/lib/python3.11/site-packages/airflow/example_dags/example_kubernetes_executor.py for tasks to queue
[2024-03-07T18:14:36.313+0000] {logging_mixin.py:188} INFO - [2024-03-07T18:14:36.312+0000] {dagbag.py:540} INFO - Filling up the DagBag from /home/airflow/.local/lib/python3.11/site-packages/airflow/example_dags/example_kubernetes_executor.py
[2024-03-07T18:14:36.558+0000] {processor.py:840} INFO - DAG(s) 'example_kubernetes_executor' retrieved from /home/airflow/.local/lib/python3.11/site-packages/airflow/example_dags/example_kubernetes_executor.py
[2024-03-07T18:14:36.843+0000] {logging_mixin.py:188} INFO - [2024-03-07T18:14:36.842+0000] {dag.py:3047} INFO - Sync 1 DAGs
[2024-03-07T18:14:36.935+0000] {logging_mixin.py:188} INFO - [2024-03-07T18:14:36.934+0000] {dag.py:3834} INFO - Setting next_dagrun for example_kubernetes_executor to None, run_after=None
[2024-03-07T18:14:37.130+0000] {processor.py:183} INFO - Processing /home/airflow/.local/lib/python3.11/site-packages/airflow/example_dags/example_kubernetes_executor.py took 0.899 seconds
[2024-03-07T18:15:07.792+0000] {processor.py:161} INFO - Started process (PID=279) to work on /home/airflow/.local/lib/python3.11/site-packages/airflow/example_dags/example_kubernetes_executor.py
[2024-03-07T18:15:07.798+0000] {processor.py:830} INFO - Processing file /home/airflow/.local/lib/python3.11/site-packages/airflow/example_dags/example_kubernetes_executor.py for tasks to queue
[2024-03-07T18:15:07.805+0000] {logging_mixin.py:188} INFO - [2024-03-07T18:15:07.804+0000] {dagbag.py:540} INFO - Filling up the DagBag from /home/airflow/.local/lib/python3.11/site-packages/airflow/example_dags/example_kubernetes_executor.py
[2024-03-07T18:15:07.899+0000] {processor.py:840} INFO - DAG(s) 'example_kubernetes_executor' retrieved from /home/airflow/.local/lib/python3.11/site-packages/airflow/example_dags/example_kubernetes_executor.py
[2024-03-07T18:15:08.025+0000] {logging_mixin.py:188} INFO - [2024-03-07T18:15:08.024+0000] {dag.py:3047} INFO - Sync 1 DAGs
[2024-03-07T18:15:08.151+0000] {logging_mixin.py:188} INFO - [2024-03-07T18:15:08.142+0000] {dag.py:3834} INFO - Setting next_dagrun for example_kubernetes_executor to None, run_after=None
[2024-03-07T18:15:08.367+0000] {processor.py:183} INFO - Processing /home/airflow/.local/lib/python3.11/site-packages/airflow/example_dags/example_kubernetes_executor.py took 0.592 seconds
[2024-03-07T18:15:43.233+0000] {processor.py:161} INFO - Started process (PID=337) to work on /home/airflow/.local/lib/python3.11/site-packages/airflow/example_dags/example_kubernetes_executor.py
[2024-03-07T18:15:43.237+0000] {processor.py:830} INFO - Processing file /home/airflow/.local/lib/python3.11/site-packages/airflow/example_dags/example_kubernetes_executor.py for tasks to queue
[2024-03-07T18:15:43.243+0000] {logging_mixin.py:188} INFO - [2024-03-07T18:15:43.242+0000] {dagbag.py:540} INFO - Filling up the DagBag from /home/airflow/.local/lib/python3.11/site-packages/airflow/example_dags/example_kubernetes_executor.py
[2024-03-07T18:15:43.287+0000] {processor.py:840} INFO - DAG(s) 'example_kubernetes_executor' retrieved from /home/airflow/.local/lib/python3.11/site-packages/airflow/example_dags/example_kubernetes_executor.py
[2024-03-07T18:15:43.696+0000] {logging_mixin.py:188} INFO - [2024-03-07T18:15:43.693+0000] {dag.py:3047} INFO - Sync 1 DAGs
[2024-03-07T18:15:43.738+0000] {logging_mixin.py:188} INFO - [2024-03-07T18:15:43.737+0000] {dag.py:3834} INFO - Setting next_dagrun for example_kubernetes_executor to None, run_after=None
[2024-03-07T18:15:43.816+0000] {processor.py:183} INFO - Processing /home/airflow/.local/lib/python3.11/site-packages/airflow/example_dags/example_kubernetes_executor.py took 0.591 seconds
[2024-03-07T18:16:14.594+0000] {processor.py:161} INFO - Started process (PID=395) to work on /home/airflow/.local/lib/python3.11/site-packages/airflow/example_dags/example_kubernetes_executor.py
[2024-03-07T18:16:14.596+0000] {processor.py:830} INFO - Processing file /home/airflow/.local/lib/python3.11/site-packages/airflow/example_dags/example_kubernetes_executor.py for tasks to queue
[2024-03-07T18:16:14.601+0000] {logging_mixin.py:188} INFO - [2024-03-07T18:16:14.600+0000] {dagbag.py:540} INFO - Filling up the DagBag from /home/airflow/.local/lib/python3.11/site-packages/airflow/example_dags/example_kubernetes_executor.py
[2024-03-07T18:16:14.631+0000] {processor.py:840} INFO - DAG(s) 'example_kubernetes_executor' retrieved from /home/airflow/.local/lib/python3.11/site-packages/airflow/example_dags/example_kubernetes_executor.py
[2024-03-07T18:16:14.731+0000] {logging_mixin.py:188} INFO - [2024-03-07T18:16:14.730+0000] {dag.py:3047} INFO - Sync 1 DAGs
[2024-03-07T18:16:14.757+0000] {logging_mixin.py:188} INFO - [2024-03-07T18:16:14.757+0000] {dag.py:3834} INFO - Setting next_dagrun for example_kubernetes_executor to None, run_after=None
[2024-03-07T18:16:14.812+0000] {processor.py:183} INFO - Processing /home/airflow/.local/lib/python3.11/site-packages/airflow/example_dags/example_kubernetes_executor.py took 0.224 seconds
[2024-03-07T18:16:45.411+0000] {processor.py:161} INFO - Started process (PID=453) to work on /home/airflow/.local/lib/python3.11/site-packages/airflow/example_dags/example_kubernetes_executor.py
[2024-03-07T18:16:45.414+0000] {processor.py:830} INFO - Processing file /home/airflow/.local/lib/python3.11/site-packages/airflow/example_dags/example_kubernetes_executor.py for tasks to queue
[2024-03-07T18:16:45.419+0000] {logging_mixin.py:188} INFO - [2024-03-07T18:16:45.418+0000] {dagbag.py:540} INFO - Filling up the DagBag from /home/airflow/.local/lib/python3.11/site-packages/airflow/example_dags/example_kubernetes_executor.py
[2024-03-07T18:16:45.447+0000] {processor.py:840} INFO - DAG(s) 'example_kubernetes_executor' retrieved from /home/airflow/.local/lib/python3.11/site-packages/airflow/example_dags/example_kubernetes_executor.py
[2024-03-07T18:16:45.532+0000] {logging_mixin.py:188} INFO - [2024-03-07T18:16:45.531+0000] {dag.py:3047} INFO - Sync 1 DAGs
[2024-03-07T18:16:45.563+0000] {logging_mixin.py:188} INFO - [2024-03-07T18:16:45.563+0000] {dag.py:3834} INFO - Setting next_dagrun for example_kubernetes_executor to None, run_after=None
[2024-03-07T18:16:45.624+0000] {processor.py:183} INFO - Processing /home/airflow/.local/lib/python3.11/site-packages/airflow/example_dags/example_kubernetes_executor.py took 0.219 seconds
[2024-03-07T18:17:15.780+0000] {processor.py:161} INFO - Started process (PID=510) to work on /home/airflow/.local/lib/python3.11/site-packages/airflow/example_dags/example_kubernetes_executor.py
[2024-03-07T18:17:15.782+0000] {processor.py:830} INFO - Processing file /home/airflow/.local/lib/python3.11/site-packages/airflow/example_dags/example_kubernetes_executor.py for tasks to queue
[2024-03-07T18:17:15.788+0000] {logging_mixin.py:188} INFO - [2024-03-07T18:17:15.787+0000] {dagbag.py:540} INFO - Filling up the DagBag from /home/airflow/.local/lib/python3.11/site-packages/airflow/example_dags/example_kubernetes_executor.py
[2024-03-07T18:17:15.821+0000] {processor.py:840} INFO - DAG(s) 'example_kubernetes_executor' retrieved from /home/airflow/.local/lib/python3.11/site-packages/airflow/example_dags/example_kubernetes_executor.py
[2024-03-07T18:17:15.911+0000] {logging_mixin.py:188} INFO - [2024-03-07T18:17:15.910+0000] {dag.py:3047} INFO - Sync 1 DAGs
[2024-03-07T18:17:15.951+0000] {logging_mixin.py:188} INFO - [2024-03-07T18:17:15.951+0000] {dag.py:3834} INFO - Setting next_dagrun for example_kubernetes_executor to None, run_after=None
[2024-03-07T18:17:16.018+0000] {processor.py:183} INFO - Processing /home/airflow/.local/lib/python3.11/site-packages/airflow/example_dags/example_kubernetes_executor.py took 0.246 seconds
[2024-03-07T18:17:46.797+0000] {processor.py:161} INFO - Started process (PID=568) to work on /home/airflow/.local/lib/python3.11/site-packages/airflow/example_dags/example_kubernetes_executor.py
[2024-03-07T18:17:46.801+0000] {processor.py:830} INFO - Processing file /home/airflow/.local/lib/python3.11/site-packages/airflow/example_dags/example_kubernetes_executor.py for tasks to queue
[2024-03-07T18:17:46.807+0000] {logging_mixin.py:188} INFO - [2024-03-07T18:17:46.806+0000] {dagbag.py:540} INFO - Filling up the DagBag from /home/airflow/.local/lib/python3.11/site-packages/airflow/example_dags/example_kubernetes_executor.py
[2024-03-07T18:17:46.849+0000] {processor.py:840} INFO - DAG(s) 'example_kubernetes_executor' retrieved from /home/airflow/.local/lib/python3.11/site-packages/airflow/example_dags/example_kubernetes_executor.py
[2024-03-07T18:17:47.008+0000] {logging_mixin.py:188} INFO - [2024-03-07T18:17:47.008+0000] {dag.py:3047} INFO - Sync 1 DAGs
[2024-03-07T18:17:47.052+0000] {logging_mixin.py:188} INFO - [2024-03-07T18:17:47.051+0000] {dag.py:3834} INFO - Setting next_dagrun for example_kubernetes_executor to None, run_after=None
[2024-03-07T18:17:47.126+0000] {processor.py:183} INFO - Processing /home/airflow/.local/lib/python3.11/site-packages/airflow/example_dags/example_kubernetes_executor.py took 0.335 seconds
[2024-03-07T18:18:17.763+0000] {processor.py:161} INFO - Started process (PID=626) to work on /home/airflow/.local/lib/python3.11/site-packages/airflow/example_dags/example_kubernetes_executor.py
[2024-03-07T18:18:17.765+0000] {processor.py:830} INFO - Processing file /home/airflow/.local/lib/python3.11/site-packages/airflow/example_dags/example_kubernetes_executor.py for tasks to queue
[2024-03-07T18:18:17.770+0000] {logging_mixin.py:188} INFO - [2024-03-07T18:18:17.769+0000] {dagbag.py:540} INFO - Filling up the DagBag from /home/airflow/.local/lib/python3.11/site-packages/airflow/example_dags/example_kubernetes_executor.py
[2024-03-07T18:18:17.798+0000] {processor.py:840} INFO - DAG(s) 'example_kubernetes_executor' retrieved from /home/airflow/.local/lib/python3.11/site-packages/airflow/example_dags/example_kubernetes_executor.py
[2024-03-07T18:18:17.881+0000] {logging_mixin.py:188} INFO - [2024-03-07T18:18:17.880+0000] {dag.py:3047} INFO - Sync 1 DAGs
[2024-03-07T18:18:17.911+0000] {logging_mixin.py:188} INFO - [2024-03-07T18:18:17.911+0000] {dag.py:3834} INFO - Setting next_dagrun for example_kubernetes_executor to None, run_after=None
[2024-03-07T18:18:17.972+0000] {processor.py:183} INFO - Processing /home/airflow/.local/lib/python3.11/site-packages/airflow/example_dags/example_kubernetes_executor.py took 0.216 seconds
[2024-03-07T18:18:48.551+0000] {processor.py:161} INFO - Started process (PID=684) to work on /home/airflow/.local/lib/python3.11/site-packages/airflow/example_dags/example_kubernetes_executor.py
[2024-03-07T18:18:48.553+0000] {processor.py:830} INFO - Processing file /home/airflow/.local/lib/python3.11/site-packages/airflow/example_dags/example_kubernetes_executor.py for tasks to queue
[2024-03-07T18:18:48.557+0000] {logging_mixin.py:188} INFO - [2024-03-07T18:18:48.556+0000] {dagbag.py:540} INFO - Filling up the DagBag from /home/airflow/.local/lib/python3.11/site-packages/airflow/example_dags/example_kubernetes_executor.py
[2024-03-07T18:18:48.585+0000] {processor.py:840} INFO - DAG(s) 'example_kubernetes_executor' retrieved from /home/airflow/.local/lib/python3.11/site-packages/airflow/example_dags/example_kubernetes_executor.py
[2024-03-07T18:18:48.663+0000] {logging_mixin.py:188} INFO - [2024-03-07T18:18:48.662+0000] {dag.py:3047} INFO - Sync 1 DAGs
[2024-03-07T18:18:48.697+0000] {logging_mixin.py:188} INFO - [2024-03-07T18:18:48.697+0000] {dag.py:3834} INFO - Setting next_dagrun for example_kubernetes_executor to None, run_after=None
[2024-03-07T18:18:48.781+0000] {processor.py:183} INFO - Processing /home/airflow/.local/lib/python3.11/site-packages/airflow/example_dags/example_kubernetes_executor.py took 0.236 seconds
[2024-03-07T18:19:18.964+0000] {processor.py:161} INFO - Started process (PID=743) to work on /home/airflow/.local/lib/python3.11/site-packages/airflow/example_dags/example_kubernetes_executor.py
[2024-03-07T18:19:18.966+0000] {processor.py:830} INFO - Processing file /home/airflow/.local/lib/python3.11/site-packages/airflow/example_dags/example_kubernetes_executor.py for tasks to queue
[2024-03-07T18:19:18.970+0000] {logging_mixin.py:188} INFO - [2024-03-07T18:19:18.969+0000] {dagbag.py:540} INFO - Filling up the DagBag from /home/airflow/.local/lib/python3.11/site-packages/airflow/example_dags/example_kubernetes_executor.py
[2024-03-07T18:19:18.996+0000] {processor.py:840} INFO - DAG(s) 'example_kubernetes_executor' retrieved from /home/airflow/.local/lib/python3.11/site-packages/airflow/example_dags/example_kubernetes_executor.py
[2024-03-07T18:19:19.108+0000] {logging_mixin.py:188} INFO - [2024-03-07T18:19:19.107+0000] {dag.py:3047} INFO - Sync 1 DAGs
[2024-03-07T18:19:19.140+0000] {logging_mixin.py:188} INFO - [2024-03-07T18:19:19.139+0000] {dag.py:3834} INFO - Setting next_dagrun for example_kubernetes_executor to None, run_after=None
[2024-03-07T18:19:19.203+0000] {processor.py:183} INFO - Processing /home/airflow/.local/lib/python3.11/site-packages/airflow/example_dags/example_kubernetes_executor.py took 0.245 seconds
[2024-03-07T18:19:49.577+0000] {processor.py:161} INFO - Started process (PID=801) to work on /home/airflow/.local/lib/python3.11/site-packages/airflow/example_dags/example_kubernetes_executor.py
[2024-03-07T18:19:49.579+0000] {processor.py:830} INFO - Processing file /home/airflow/.local/lib/python3.11/site-packages/airflow/example_dags/example_kubernetes_executor.py for tasks to queue
[2024-03-07T18:19:49.584+0000] {logging_mixin.py:188} INFO - [2024-03-07T18:19:49.583+0000] {dagbag.py:540} INFO - Filling up the DagBag from /home/airflow/.local/lib/python3.11/site-packages/airflow/example_dags/example_kubernetes_executor.py
[2024-03-07T18:19:49.615+0000] {processor.py:840} INFO - DAG(s) 'example_kubernetes_executor' retrieved from /home/airflow/.local/lib/python3.11/site-packages/airflow/example_dags/example_kubernetes_executor.py
[2024-03-07T18:19:49.701+0000] {logging_mixin.py:188} INFO - [2024-03-07T18:19:49.701+0000] {dag.py:3047} INFO - Sync 1 DAGs
[2024-03-07T18:19:49.727+0000] {logging_mixin.py:188} INFO - [2024-03-07T18:19:49.726+0000] {dag.py:3834} INFO - Setting next_dagrun for example_kubernetes_executor to None, run_after=None
[2024-03-07T18:19:49.783+0000] {processor.py:183} INFO - Processing /home/airflow/.local/lib/python3.11/site-packages/airflow/example_dags/example_kubernetes_executor.py took 0.210 seconds
[2024-03-07T18:20:20.003+0000] {processor.py:161} INFO - Started process (PID=858) to work on /home/airflow/.local/lib/python3.11/site-packages/airflow/example_dags/example_kubernetes_executor.py
[2024-03-07T18:20:20.006+0000] {processor.py:830} INFO - Processing file /home/airflow/.local/lib/python3.11/site-packages/airflow/example_dags/example_kubernetes_executor.py for tasks to queue
[2024-03-07T18:20:20.010+0000] {logging_mixin.py:188} INFO - [2024-03-07T18:20:20.010+0000] {dagbag.py:540} INFO - Filling up the DagBag from /home/airflow/.local/lib/python3.11/site-packages/airflow/example_dags/example_kubernetes_executor.py
[2024-03-07T18:20:20.032+0000] {processor.py:840} INFO - DAG(s) 'example_kubernetes_executor' retrieved from /home/airflow/.local/lib/python3.11/site-packages/airflow/example_dags/example_kubernetes_executor.py
[2024-03-07T18:20:20.099+0000] {logging_mixin.py:188} INFO - [2024-03-07T18:20:20.099+0000] {dag.py:3047} INFO - Sync 1 DAGs
[2024-03-07T18:20:20.122+0000] {logging_mixin.py:188} INFO - [2024-03-07T18:20:20.122+0000] {dag.py:3834} INFO - Setting next_dagrun for example_kubernetes_executor to None, run_after=None
[2024-03-07T18:20:20.174+0000] {processor.py:183} INFO - Processing /home/airflow/.local/lib/python3.11/site-packages/airflow/example_dags/example_kubernetes_executor.py took 0.175 seconds
[2024-03-07T18:20:50.432+0000] {processor.py:161} INFO - Started process (PID=915) to work on /home/airflow/.local/lib/python3.11/site-packages/airflow/example_dags/example_kubernetes_executor.py
[2024-03-07T18:20:50.434+0000] {processor.py:830} INFO - Processing file /home/airflow/.local/lib/python3.11/site-packages/airflow/example_dags/example_kubernetes_executor.py for tasks to queue
[2024-03-07T18:20:50.439+0000] {logging_mixin.py:188} INFO - [2024-03-07T18:20:50.438+0000] {dagbag.py:540} INFO - Filling up the DagBag from /home/airflow/.local/lib/python3.11/site-packages/airflow/example_dags/example_kubernetes_executor.py
[2024-03-07T18:20:50.460+0000] {processor.py:840} INFO - DAG(s) 'example_kubernetes_executor' retrieved from /home/airflow/.local/lib/python3.11/site-packages/airflow/example_dags/example_kubernetes_executor.py
[2024-03-07T18:20:50.541+0000] {logging_mixin.py:188} INFO - [2024-03-07T18:20:50.541+0000] {dag.py:3047} INFO - Sync 1 DAGs
[2024-03-07T18:20:50.576+0000] {logging_mixin.py:188} INFO - [2024-03-07T18:20:50.575+0000] {dag.py:3834} INFO - Setting next_dagrun for example_kubernetes_executor to None, run_after=None
[2024-03-07T18:20:50.630+0000] {processor.py:183} INFO - Processing /home/airflow/.local/lib/python3.11/site-packages/airflow/example_dags/example_kubernetes_executor.py took 0.202 seconds
[2024-03-07T18:21:21.331+0000] {processor.py:161} INFO - Started process (PID=972) to work on /home/airflow/.local/lib/python3.11/site-packages/airflow/example_dags/example_kubernetes_executor.py
[2024-03-07T18:21:21.337+0000] {processor.py:830} INFO - Processing file /home/airflow/.local/lib/python3.11/site-packages/airflow/example_dags/example_kubernetes_executor.py for tasks to queue
[2024-03-07T18:21:21.343+0000] {logging_mixin.py:188} INFO - [2024-03-07T18:21:21.342+0000] {dagbag.py:540} INFO - Filling up the DagBag from /home/airflow/.local/lib/python3.11/site-packages/airflow/example_dags/example_kubernetes_executor.py
[2024-03-07T18:21:21.375+0000] {processor.py:840} INFO - DAG(s) 'example_kubernetes_executor' retrieved from /home/airflow/.local/lib/python3.11/site-packages/airflow/example_dags/example_kubernetes_executor.py
[2024-03-07T18:21:21.532+0000] {logging_mixin.py:188} INFO - [2024-03-07T18:21:21.531+0000] {dag.py:3047} INFO - Sync 1 DAGs
[2024-03-07T18:21:21.574+0000] {logging_mixin.py:188} INFO - [2024-03-07T18:21:21.573+0000] {dag.py:3834} INFO - Setting next_dagrun for example_kubernetes_executor to None, run_after=None
[2024-03-07T18:21:21.651+0000] {processor.py:183} INFO - Processing /home/airflow/.local/lib/python3.11/site-packages/airflow/example_dags/example_kubernetes_executor.py took 0.327 seconds
[2024-03-07T18:21:52.182+0000] {processor.py:161} INFO - Started process (PID=1030) to work on /home/airflow/.local/lib/python3.11/site-packages/airflow/example_dags/example_kubernetes_executor.py
[2024-03-07T18:21:52.187+0000] {processor.py:830} INFO - Processing file /home/airflow/.local/lib/python3.11/site-packages/airflow/example_dags/example_kubernetes_executor.py for tasks to queue
[2024-03-07T18:21:52.192+0000] {logging_mixin.py:188} INFO - [2024-03-07T18:21:52.191+0000] {dagbag.py:540} INFO - Filling up the DagBag from /home/airflow/.local/lib/python3.11/site-packages/airflow/example_dags/example_kubernetes_executor.py
[2024-03-07T18:21:52.224+0000] {processor.py:840} INFO - DAG(s) 'example_kubernetes_executor' retrieved from /home/airflow/.local/lib/python3.11/site-packages/airflow/example_dags/example_kubernetes_executor.py
[2024-03-07T18:21:52.336+0000] {logging_mixin.py:188} INFO - [2024-03-07T18:21:52.335+0000] {dag.py:3047} INFO - Sync 1 DAGs
[2024-03-07T18:21:52.370+0000] {logging_mixin.py:188} INFO - [2024-03-07T18:21:52.369+0000] {dag.py:3834} INFO - Setting next_dagrun for example_kubernetes_executor to None, run_after=None
[2024-03-07T18:21:52.462+0000] {processor.py:183} INFO - Processing /home/airflow/.local/lib/python3.11/site-packages/airflow/example_dags/example_kubernetes_executor.py took 0.287 seconds
[2024-03-07T18:22:23.102+0000] {processor.py:161} INFO - Started process (PID=1088) to work on /home/airflow/.local/lib/python3.11/site-packages/airflow/example_dags/example_kubernetes_executor.py
[2024-03-07T18:22:23.106+0000] {processor.py:830} INFO - Processing file /home/airflow/.local/lib/python3.11/site-packages/airflow/example_dags/example_kubernetes_executor.py for tasks to queue
[2024-03-07T18:22:23.110+0000] {logging_mixin.py:188} INFO - [2024-03-07T18:22:23.110+0000] {dagbag.py:540} INFO - Filling up the DagBag from /home/airflow/.local/lib/python3.11/site-packages/airflow/example_dags/example_kubernetes_executor.py
[2024-03-07T18:22:23.136+0000] {processor.py:840} INFO - DAG(s) 'example_kubernetes_executor' retrieved from /home/airflow/.local/lib/python3.11/site-packages/airflow/example_dags/example_kubernetes_executor.py
[2024-03-07T18:22:23.221+0000] {logging_mixin.py:188} INFO - [2024-03-07T18:22:23.221+0000] {dag.py:3047} INFO - Sync 1 DAGs
[2024-03-07T18:22:23.247+0000] {logging_mixin.py:188} INFO - [2024-03-07T18:22:23.246+0000] {dag.py:3834} INFO - Setting next_dagrun for example_kubernetes_executor to None, run_after=None
[2024-03-07T18:22:23.305+0000] {processor.py:183} INFO - Processing /home/airflow/.local/lib/python3.11/site-packages/airflow/example_dags/example_kubernetes_executor.py took 0.210 seconds
[2024-03-07T18:22:53.896+0000] {processor.py:161} INFO - Started process (PID=1147) to work on /home/airflow/.local/lib/python3.11/site-packages/airflow/example_dags/example_kubernetes_executor.py
[2024-03-07T18:22:53.898+0000] {processor.py:830} INFO - Processing file /home/airflow/.local/lib/python3.11/site-packages/airflow/example_dags/example_kubernetes_executor.py for tasks to queue
[2024-03-07T18:22:53.903+0000] {logging_mixin.py:188} INFO - [2024-03-07T18:22:53.902+0000] {dagbag.py:540} INFO - Filling up the DagBag from /home/airflow/.local/lib/python3.11/site-packages/airflow/example_dags/example_kubernetes_executor.py
[2024-03-07T18:22:53.934+0000] {processor.py:840} INFO - DAG(s) 'example_kubernetes_executor' retrieved from /home/airflow/.local/lib/python3.11/site-packages/airflow/example_dags/example_kubernetes_executor.py
[2024-03-07T18:22:54.013+0000] {logging_mixin.py:188} INFO - [2024-03-07T18:22:54.013+0000] {dag.py:3047} INFO - Sync 1 DAGs
[2024-03-07T18:22:54.043+0000] {logging_mixin.py:188} INFO - [2024-03-07T18:22:54.042+0000] {dag.py:3834} INFO - Setting next_dagrun for example_kubernetes_executor to None, run_after=None
[2024-03-07T18:22:54.114+0000] {processor.py:183} INFO - Processing /home/airflow/.local/lib/python3.11/site-packages/airflow/example_dags/example_kubernetes_executor.py took 0.223 seconds
[2024-03-07T18:23:24.536+0000] {processor.py:161} INFO - Started process (PID=1205) to work on /home/airflow/.local/lib/python3.11/site-packages/airflow/example_dags/example_kubernetes_executor.py
[2024-03-07T18:23:24.539+0000] {processor.py:830} INFO - Processing file /home/airflow/.local/lib/python3.11/site-packages/airflow/example_dags/example_kubernetes_executor.py for tasks to queue
[2024-03-07T18:23:24.543+0000] {logging_mixin.py:188} INFO - [2024-03-07T18:23:24.542+0000] {dagbag.py:540} INFO - Filling up the DagBag from /home/airflow/.local/lib/python3.11/site-packages/airflow/example_dags/example_kubernetes_executor.py
[2024-03-07T18:23:24.566+0000] {processor.py:840} INFO - DAG(s) 'example_kubernetes_executor' retrieved from /home/airflow/.local/lib/python3.11/site-packages/airflow/example_dags/example_kubernetes_executor.py
[2024-03-07T18:23:24.647+0000] {logging_mixin.py:188} INFO - [2024-03-07T18:23:24.646+0000] {dag.py:3047} INFO - Sync 1 DAGs
[2024-03-07T18:23:24.677+0000] {logging_mixin.py:188} INFO - [2024-03-07T18:23:24.676+0000] {dag.py:3834} INFO - Setting next_dagrun for example_kubernetes_executor to None, run_after=None
[2024-03-07T18:23:24.739+0000] {processor.py:183} INFO - Processing /home/airflow/.local/lib/python3.11/site-packages/airflow/example_dags/example_kubernetes_executor.py took 0.207 seconds
[2024-03-07T18:23:54.932+0000] {processor.py:161} INFO - Started process (PID=1264) to work on /home/airflow/.local/lib/python3.11/site-packages/airflow/example_dags/example_kubernetes_executor.py
[2024-03-07T18:23:54.934+0000] {processor.py:830} INFO - Processing file /home/airflow/.local/lib/python3.11/site-packages/airflow/example_dags/example_kubernetes_executor.py for tasks to queue
[2024-03-07T18:23:54.938+0000] {logging_mixin.py:188} INFO - [2024-03-07T18:23:54.937+0000] {dagbag.py:540} INFO - Filling up the DagBag from /home/airflow/.local/lib/python3.11/site-packages/airflow/example_dags/example_kubernetes_executor.py
[2024-03-07T18:23:54.961+0000] {processor.py:840} INFO - DAG(s) 'example_kubernetes_executor' retrieved from /home/airflow/.local/lib/python3.11/site-packages/airflow/example_dags/example_kubernetes_executor.py
[2024-03-07T18:23:55.044+0000] {logging_mixin.py:188} INFO - [2024-03-07T18:23:55.043+0000] {dag.py:3047} INFO - Sync 1 DAGs
[2024-03-07T18:23:55.077+0000] {logging_mixin.py:188} INFO - [2024-03-07T18:23:55.077+0000] {dag.py:3834} INFO - Setting next_dagrun for example_kubernetes_executor to None, run_after=None
[2024-03-07T18:23:55.132+0000] {processor.py:183} INFO - Processing /home/airflow/.local/lib/python3.11/site-packages/airflow/example_dags/example_kubernetes_executor.py took 0.205 seconds
[2024-03-07T18:24:26.542+0000] {processor.py:161} INFO - Started process (PID=1322) to work on /home/airflow/.local/lib/python3.11/site-packages/airflow/example_dags/example_kubernetes_executor.py
[2024-03-07T18:24:26.545+0000] {processor.py:830} INFO - Processing file /home/airflow/.local/lib/python3.11/site-packages/airflow/example_dags/example_kubernetes_executor.py for tasks to queue
[2024-03-07T18:24:26.550+0000] {logging_mixin.py:188} INFO - [2024-03-07T18:24:26.549+0000] {dagbag.py:540} INFO - Filling up the DagBag from /home/airflow/.local/lib/python3.11/site-packages/airflow/example_dags/example_kubernetes_executor.py
[2024-03-07T18:24:26.589+0000] {processor.py:840} INFO - DAG(s) 'example_kubernetes_executor' retrieved from /home/airflow/.local/lib/python3.11/site-packages/airflow/example_dags/example_kubernetes_executor.py
[2024-03-07T18:24:26.671+0000] {logging_mixin.py:188} INFO - [2024-03-07T18:24:26.670+0000] {dag.py:3047} INFO - Sync 1 DAGs
[2024-03-07T18:24:26.715+0000] {logging_mixin.py:188} INFO - [2024-03-07T18:24:26.714+0000] {dag.py:3834} INFO - Setting next_dagrun for example_kubernetes_executor to None, run_after=None
[2024-03-07T18:24:26.798+0000] {processor.py:183} INFO - Processing /home/airflow/.local/lib/python3.11/site-packages/airflow/example_dags/example_kubernetes_executor.py took 0.263 seconds
[2024-03-07T18:24:57.687+0000] {processor.py:161} INFO - Started process (PID=1380) to work on /home/airflow/.local/lib/python3.11/site-packages/airflow/example_dags/example_kubernetes_executor.py
[2024-03-07T18:24:57.689+0000] {processor.py:830} INFO - Processing file /home/airflow/.local/lib/python3.11/site-packages/airflow/example_dags/example_kubernetes_executor.py for tasks to queue
[2024-03-07T18:24:57.695+0000] {logging_mixin.py:188} INFO - [2024-03-07T18:24:57.694+0000] {dagbag.py:540} INFO - Filling up the DagBag from /home/airflow/.local/lib/python3.11/site-packages/airflow/example_dags/example_kubernetes_executor.py
[2024-03-07T18:24:57.719+0000] {processor.py:840} INFO - DAG(s) 'example_kubernetes_executor' retrieved from /home/airflow/.local/lib/python3.11/site-packages/airflow/example_dags/example_kubernetes_executor.py
[2024-03-07T18:24:57.799+0000] {logging_mixin.py:188} INFO - [2024-03-07T18:24:57.799+0000] {dag.py:3047} INFO - Sync 1 DAGs
[2024-03-07T18:24:57.837+0000] {logging_mixin.py:188} INFO - [2024-03-07T18:24:57.836+0000] {dag.py:3834} INFO - Setting next_dagrun for example_kubernetes_executor to None, run_after=None
[2024-03-07T18:24:57.902+0000] {processor.py:183} INFO - Processing /home/airflow/.local/lib/python3.11/site-packages/airflow/example_dags/example_kubernetes_executor.py took 0.221 seconds
[2024-03-07T18:25:31.098+0000] {processor.py:161} INFO - Started process (PID=1441) to work on /home/airflow/.local/lib/python3.11/site-packages/airflow/example_dags/example_kubernetes_executor.py
[2024-03-07T18:25:31.106+0000] {processor.py:830} INFO - Processing file /home/airflow/.local/lib/python3.11/site-packages/airflow/example_dags/example_kubernetes_executor.py for tasks to queue
[2024-03-07T18:25:31.137+0000] {logging_mixin.py:188} INFO - [2024-03-07T18:25:31.122+0000] {dagbag.py:540} INFO - Filling up the DagBag from /home/airflow/.local/lib/python3.11/site-packages/airflow/example_dags/example_kubernetes_executor.py
[2024-03-07T18:25:31.201+0000] {processor.py:840} INFO - DAG(s) 'example_kubernetes_executor' retrieved from /home/airflow/.local/lib/python3.11/site-packages/airflow/example_dags/example_kubernetes_executor.py
[2024-03-07T18:25:31.380+0000] {logging_mixin.py:188} INFO - [2024-03-07T18:25:31.378+0000] {dag.py:3047} INFO - Sync 1 DAGs
[2024-03-07T18:25:31.441+0000] {logging_mixin.py:188} INFO - [2024-03-07T18:25:31.440+0000] {dag.py:3834} INFO - Setting next_dagrun for example_kubernetes_executor to None, run_after=None
[2024-03-07T18:25:31.517+0000] {processor.py:183} INFO - Processing /home/airflow/.local/lib/python3.11/site-packages/airflow/example_dags/example_kubernetes_executor.py took 0.448 seconds
[2024-03-07T18:26:01.664+0000] {processor.py:161} INFO - Started process (PID=1498) to work on /home/airflow/.local/lib/python3.11/site-packages/airflow/example_dags/example_kubernetes_executor.py
[2024-03-07T18:26:01.667+0000] {processor.py:830} INFO - Processing file /home/airflow/.local/lib/python3.11/site-packages/airflow/example_dags/example_kubernetes_executor.py for tasks to queue
[2024-03-07T18:26:01.672+0000] {logging_mixin.py:188} INFO - [2024-03-07T18:26:01.672+0000] {dagbag.py:540} INFO - Filling up the DagBag from /home/airflow/.local/lib/python3.11/site-packages/airflow/example_dags/example_kubernetes_executor.py
[2024-03-07T18:26:01.701+0000] {processor.py:840} INFO - DAG(s) 'example_kubernetes_executor' retrieved from /home/airflow/.local/lib/python3.11/site-packages/airflow/example_dags/example_kubernetes_executor.py
[2024-03-07T18:26:01.791+0000] {logging_mixin.py:188} INFO - [2024-03-07T18:26:01.790+0000] {dag.py:3047} INFO - Sync 1 DAGs
[2024-03-07T18:26:01.820+0000] {logging_mixin.py:188} INFO - [2024-03-07T18:26:01.819+0000] {dag.py:3834} INFO - Setting next_dagrun for example_kubernetes_executor to None, run_after=None
[2024-03-07T18:26:01.876+0000] {processor.py:183} INFO - Processing /home/airflow/.local/lib/python3.11/site-packages/airflow/example_dags/example_kubernetes_executor.py took 0.219 seconds
[2024-03-07T18:26:33.186+0000] {processor.py:161} INFO - Started process (PID=1556) to work on /home/airflow/.local/lib/python3.11/site-packages/airflow/example_dags/example_kubernetes_executor.py
[2024-03-07T18:26:33.188+0000] {processor.py:830} INFO - Processing file /home/airflow/.local/lib/python3.11/site-packages/airflow/example_dags/example_kubernetes_executor.py for tasks to queue
[2024-03-07T18:26:33.195+0000] {logging_mixin.py:188} INFO - [2024-03-07T18:26:33.193+0000] {dagbag.py:540} INFO - Filling up the DagBag from /home/airflow/.local/lib/python3.11/site-packages/airflow/example_dags/example_kubernetes_executor.py
[2024-03-07T18:26:33.300+0000] {processor.py:840} INFO - DAG(s) 'example_kubernetes_executor' retrieved from /home/airflow/.local/lib/python3.11/site-packages/airflow/example_dags/example_kubernetes_executor.py
[2024-03-07T18:26:33.388+0000] {logging_mixin.py:188} INFO - [2024-03-07T18:26:33.388+0000] {dag.py:3047} INFO - Sync 1 DAGs
[2024-03-07T18:26:33.420+0000] {logging_mixin.py:188} INFO - [2024-03-07T18:26:33.420+0000] {dag.py:3834} INFO - Setting next_dagrun for example_kubernetes_executor to None, run_after=None
[2024-03-07T18:26:33.472+0000] {processor.py:183} INFO - Processing /home/airflow/.local/lib/python3.11/site-packages/airflow/example_dags/example_kubernetes_executor.py took 0.292 seconds
[2024-03-07T18:27:05.261+0000] {processor.py:161} INFO - Started process (PID=1614) to work on /home/airflow/.local/lib/python3.11/site-packages/airflow/example_dags/example_kubernetes_executor.py
[2024-03-07T18:27:05.263+0000] {processor.py:830} INFO - Processing file /home/airflow/.local/lib/python3.11/site-packages/airflow/example_dags/example_kubernetes_executor.py for tasks to queue
[2024-03-07T18:27:05.267+0000] {logging_mixin.py:188} INFO - [2024-03-07T18:27:05.266+0000] {dagbag.py:540} INFO - Filling up the DagBag from /home/airflow/.local/lib/python3.11/site-packages/airflow/example_dags/example_kubernetes_executor.py
[2024-03-07T18:27:05.292+0000] {processor.py:840} INFO - DAG(s) 'example_kubernetes_executor' retrieved from /home/airflow/.local/lib/python3.11/site-packages/airflow/example_dags/example_kubernetes_executor.py
[2024-03-07T18:27:05.388+0000] {logging_mixin.py:188} INFO - [2024-03-07T18:27:05.387+0000] {dag.py:3047} INFO - Sync 1 DAGs
[2024-03-07T18:27:05.419+0000] {logging_mixin.py:188} INFO - [2024-03-07T18:27:05.418+0000] {dag.py:3834} INFO - Setting next_dagrun for example_kubernetes_executor to None, run_after=None
[2024-03-07T18:27:05.466+0000] {processor.py:183} INFO - Processing /home/airflow/.local/lib/python3.11/site-packages/airflow/example_dags/example_kubernetes_executor.py took 0.210 seconds
[2024-03-07T18:27:37.769+0000] {processor.py:161} INFO - Started process (PID=1670) to work on /home/airflow/.local/lib/python3.11/site-packages/airflow/example_dags/example_kubernetes_executor.py
[2024-03-07T18:27:37.771+0000] {processor.py:830} INFO - Processing file /home/airflow/.local/lib/python3.11/site-packages/airflow/example_dags/example_kubernetes_executor.py for tasks to queue
[2024-03-07T18:27:37.775+0000] {logging_mixin.py:188} INFO - [2024-03-07T18:27:37.774+0000] {dagbag.py:540} INFO - Filling up the DagBag from /home/airflow/.local/lib/python3.11/site-packages/airflow/example_dags/example_kubernetes_executor.py
[2024-03-07T18:27:37.800+0000] {processor.py:840} INFO - DAG(s) 'example_kubernetes_executor' retrieved from /home/airflow/.local/lib/python3.11/site-packages/airflow/example_dags/example_kubernetes_executor.py
[2024-03-07T18:27:37.880+0000] {logging_mixin.py:188} INFO - [2024-03-07T18:27:37.879+0000] {dag.py:3047} INFO - Sync 1 DAGs
[2024-03-07T18:27:37.906+0000] {logging_mixin.py:188} INFO - [2024-03-07T18:27:37.906+0000] {dag.py:3834} INFO - Setting next_dagrun for example_kubernetes_executor to None, run_after=None
[2024-03-07T18:27:37.967+0000] {processor.py:183} INFO - Processing /home/airflow/.local/lib/python3.11/site-packages/airflow/example_dags/example_kubernetes_executor.py took 0.203 seconds
[2024-03-07T18:28:12.352+0000] {processor.py:161} INFO - Started process (PID=1728) to work on /home/airflow/.local/lib/python3.11/site-packages/airflow/example_dags/example_kubernetes_executor.py
[2024-03-07T18:28:12.354+0000] {processor.py:830} INFO - Processing file /home/airflow/.local/lib/python3.11/site-packages/airflow/example_dags/example_kubernetes_executor.py for tasks to queue
[2024-03-07T18:28:12.358+0000] {logging_mixin.py:188} INFO - [2024-03-07T18:28:12.358+0000] {dagbag.py:540} INFO - Filling up the DagBag from /home/airflow/.local/lib/python3.11/site-packages/airflow/example_dags/example_kubernetes_executor.py
[2024-03-07T18:28:12.381+0000] {processor.py:840} INFO - DAG(s) 'example_kubernetes_executor' retrieved from /home/airflow/.local/lib/python3.11/site-packages/airflow/example_dags/example_kubernetes_executor.py
[2024-03-07T18:28:12.465+0000] {logging_mixin.py:188} INFO - [2024-03-07T18:28:12.464+0000] {dag.py:3047} INFO - Sync 1 DAGs
[2024-03-07T18:28:12.489+0000] {logging_mixin.py:188} INFO - [2024-03-07T18:28:12.489+0000] {dag.py:3834} INFO - Setting next_dagrun for example_kubernetes_executor to None, run_after=None
[2024-03-07T18:28:12.621+0000] {processor.py:183} INFO - Processing /home/airflow/.local/lib/python3.11/site-packages/airflow/example_dags/example_kubernetes_executor.py took 0.273 seconds
[2024-03-07T18:28:42.993+0000] {processor.py:161} INFO - Started process (PID=1786) to work on /home/airflow/.local/lib/python3.11/site-packages/airflow/example_dags/example_kubernetes_executor.py
[2024-03-07T18:28:43.002+0000] {processor.py:830} INFO - Processing file /home/airflow/.local/lib/python3.11/site-packages/airflow/example_dags/example_kubernetes_executor.py for tasks to queue
[2024-03-07T18:28:43.010+0000] {logging_mixin.py:188} INFO - [2024-03-07T18:28:43.008+0000] {dagbag.py:540} INFO - Filling up the DagBag from /home/airflow/.local/lib/python3.11/site-packages/airflow/example_dags/example_kubernetes_executor.py
[2024-03-07T18:28:43.210+0000] {processor.py:840} INFO - DAG(s) 'example_kubernetes_executor' retrieved from /home/airflow/.local/lib/python3.11/site-packages/airflow/example_dags/example_kubernetes_executor.py
[2024-03-07T18:28:43.685+0000] {logging_mixin.py:188} INFO - [2024-03-07T18:28:43.671+0000] {dag.py:3047} INFO - Sync 1 DAGs
[2024-03-07T18:28:43.856+0000] {logging_mixin.py:188} INFO - [2024-03-07T18:28:43.855+0000] {dag.py:3834} INFO - Setting next_dagrun for example_kubernetes_executor to None, run_after=None
[2024-03-07T18:28:44.174+0000] {processor.py:183} INFO - Processing /home/airflow/.local/lib/python3.11/site-packages/airflow/example_dags/example_kubernetes_executor.py took 1.202 seconds
[2024-03-07T18:29:14.705+0000] {processor.py:161} INFO - Started process (PID=1851) to work on /home/airflow/.local/lib/python3.11/site-packages/airflow/example_dags/example_kubernetes_executor.py
[2024-03-07T18:29:14.720+0000] {processor.py:830} INFO - Processing file /home/airflow/.local/lib/python3.11/site-packages/airflow/example_dags/example_kubernetes_executor.py for tasks to queue
[2024-03-07T18:29:14.735+0000] {logging_mixin.py:188} INFO - [2024-03-07T18:29:14.733+0000] {dagbag.py:540} INFO - Filling up the DagBag from /home/airflow/.local/lib/python3.11/site-packages/airflow/example_dags/example_kubernetes_executor.py
[2024-03-07T18:29:14.815+0000] {processor.py:840} INFO - DAG(s) 'example_kubernetes_executor' retrieved from /home/airflow/.local/lib/python3.11/site-packages/airflow/example_dags/example_kubernetes_executor.py
[2024-03-07T18:29:14.893+0000] {logging_mixin.py:188} INFO - [2024-03-07T18:29:14.893+0000] {dag.py:3047} INFO - Sync 1 DAGs
[2024-03-07T18:29:14.920+0000] {logging_mixin.py:188} INFO - [2024-03-07T18:29:14.919+0000] {dag.py:3834} INFO - Setting next_dagrun for example_kubernetes_executor to None, run_after=None
[2024-03-07T18:29:14.975+0000] {processor.py:183} INFO - Processing /home/airflow/.local/lib/python3.11/site-packages/airflow/example_dags/example_kubernetes_executor.py took 0.289 seconds
