[2024-03-07T18:13:22.755+0000] {processor.py:161} INFO - Started process (PID=83) to work on /home/airflow/.local/lib/python3.11/site-packages/airflow/example_dags/example_branch_python_dop_operator_3.py
[2024-03-07T18:13:22.768+0000] {processor.py:830} INFO - Processing file /home/airflow/.local/lib/python3.11/site-packages/airflow/example_dags/example_branch_python_dop_operator_3.py for tasks to queue
[2024-03-07T18:13:22.784+0000] {logging_mixin.py:188} INFO - [2024-03-07T18:13:22.773+0000] {dagbag.py:540} INFO - Filling up the DagBag from /home/airflow/.local/lib/python3.11/site-packages/airflow/example_dags/example_branch_python_dop_operator_3.py
[2024-03-07T18:13:22.852+0000] {processor.py:840} INFO - DAG(s) 'example_branch_dop_operator_v3' retrieved from /home/airflow/.local/lib/python3.11/site-packages/airflow/example_dags/example_branch_python_dop_operator_3.py
[2024-03-07T18:13:23.027+0000] {logging_mixin.py:188} INFO - [2024-03-07T18:13:23.020+0000] {dag.py:3047} INFO - Sync 1 DAGs
[2024-03-07T18:13:23.336+0000] {logging_mixin.py:188} INFO - [2024-03-07T18:13:23.335+0000] {dag.py:3834} INFO - Setting next_dagrun for example_branch_dop_operator_v3 to 2024-03-07 18:12:00+00:00, run_after=2024-03-07 18:13:00+00:00
[2024-03-07T18:13:23.558+0000] {processor.py:183} INFO - Processing /home/airflow/.local/lib/python3.11/site-packages/airflow/example_dags/example_branch_python_dop_operator_3.py took 0.822 seconds
[2024-03-07T18:13:53.788+0000] {processor.py:161} INFO - Started process (PID=141) to work on /home/airflow/.local/lib/python3.11/site-packages/airflow/example_dags/example_branch_python_dop_operator_3.py
[2024-03-07T18:13:53.793+0000] {processor.py:830} INFO - Processing file /home/airflow/.local/lib/python3.11/site-packages/airflow/example_dags/example_branch_python_dop_operator_3.py for tasks to queue
[2024-03-07T18:13:53.801+0000] {logging_mixin.py:188} INFO - [2024-03-07T18:13:53.799+0000] {dagbag.py:540} INFO - Filling up the DagBag from /home/airflow/.local/lib/python3.11/site-packages/airflow/example_dags/example_branch_python_dop_operator_3.py
[2024-03-07T18:13:53.833+0000] {processor.py:840} INFO - DAG(s) 'example_branch_dop_operator_v3' retrieved from /home/airflow/.local/lib/python3.11/site-packages/airflow/example_dags/example_branch_python_dop_operator_3.py
[2024-03-07T18:13:53.903+0000] {logging_mixin.py:188} INFO - [2024-03-07T18:13:53.902+0000] {dag.py:3047} INFO - Sync 1 DAGs
[2024-03-07T18:13:53.985+0000] {logging_mixin.py:188} INFO - [2024-03-07T18:13:53.984+0000] {dag.py:3834} INFO - Setting next_dagrun for example_branch_dop_operator_v3 to 2024-03-07 18:12:00+00:00, run_after=2024-03-07 18:13:00+00:00
[2024-03-07T18:13:54.048+0000] {processor.py:183} INFO - Processing /home/airflow/.local/lib/python3.11/site-packages/airflow/example_dags/example_branch_python_dop_operator_3.py took 0.267 seconds
[2024-03-07T18:14:24.790+0000] {processor.py:161} INFO - Started process (PID=199) to work on /home/airflow/.local/lib/python3.11/site-packages/airflow/example_dags/example_branch_python_dop_operator_3.py
[2024-03-07T18:14:24.802+0000] {processor.py:830} INFO - Processing file /home/airflow/.local/lib/python3.11/site-packages/airflow/example_dags/example_branch_python_dop_operator_3.py for tasks to queue
[2024-03-07T18:14:24.823+0000] {logging_mixin.py:188} INFO - [2024-03-07T18:14:24.820+0000] {dagbag.py:540} INFO - Filling up the DagBag from /home/airflow/.local/lib/python3.11/site-packages/airflow/example_dags/example_branch_python_dop_operator_3.py
[2024-03-07T18:14:24.895+0000] {processor.py:840} INFO - DAG(s) 'example_branch_dop_operator_v3' retrieved from /home/airflow/.local/lib/python3.11/site-packages/airflow/example_dags/example_branch_python_dop_operator_3.py
[2024-03-07T18:14:25.072+0000] {logging_mixin.py:188} INFO - [2024-03-07T18:14:25.071+0000] {dag.py:3047} INFO - Sync 1 DAGs
[2024-03-07T18:14:25.330+0000] {logging_mixin.py:188} INFO - [2024-03-07T18:14:25.329+0000] {dag.py:3834} INFO - Setting next_dagrun for example_branch_dop_operator_v3 to 2024-03-07 18:13:00+00:00, run_after=2024-03-07 18:14:00+00:00
[2024-03-07T18:14:25.513+0000] {processor.py:183} INFO - Processing /home/airflow/.local/lib/python3.11/site-packages/airflow/example_dags/example_branch_python_dop_operator_3.py took 0.736 seconds
[2024-03-07T18:14:56.794+0000] {processor.py:161} INFO - Started process (PID=256) to work on /home/airflow/.local/lib/python3.11/site-packages/airflow/example_dags/example_branch_python_dop_operator_3.py
[2024-03-07T18:14:56.797+0000] {processor.py:830} INFO - Processing file /home/airflow/.local/lib/python3.11/site-packages/airflow/example_dags/example_branch_python_dop_operator_3.py for tasks to queue
[2024-03-07T18:14:56.802+0000] {logging_mixin.py:188} INFO - [2024-03-07T18:14:56.801+0000] {dagbag.py:540} INFO - Filling up the DagBag from /home/airflow/.local/lib/python3.11/site-packages/airflow/example_dags/example_branch_python_dop_operator_3.py
[2024-03-07T18:14:56.835+0000] {processor.py:840} INFO - DAG(s) 'example_branch_dop_operator_v3' retrieved from /home/airflow/.local/lib/python3.11/site-packages/airflow/example_dags/example_branch_python_dop_operator_3.py
[2024-03-07T18:14:56.889+0000] {logging_mixin.py:188} INFO - [2024-03-07T18:14:56.888+0000] {dag.py:3047} INFO - Sync 1 DAGs
[2024-03-07T18:14:57.017+0000] {logging_mixin.py:188} INFO - [2024-03-07T18:14:57.016+0000] {dag.py:3834} INFO - Setting next_dagrun for example_branch_dop_operator_v3 to 2024-03-07 18:13:00+00:00, run_after=2024-03-07 18:14:00+00:00
[2024-03-07T18:14:57.102+0000] {processor.py:183} INFO - Processing /home/airflow/.local/lib/python3.11/site-packages/airflow/example_dags/example_branch_python_dop_operator_3.py took 0.317 seconds
[2024-03-07T18:15:32.103+0000] {processor.py:161} INFO - Started process (PID=315) to work on /home/airflow/.local/lib/python3.11/site-packages/airflow/example_dags/example_branch_python_dop_operator_3.py
[2024-03-07T18:15:32.115+0000] {processor.py:830} INFO - Processing file /home/airflow/.local/lib/python3.11/site-packages/airflow/example_dags/example_branch_python_dop_operator_3.py for tasks to queue
[2024-03-07T18:15:32.122+0000] {logging_mixin.py:188} INFO - [2024-03-07T18:15:32.120+0000] {dagbag.py:540} INFO - Filling up the DagBag from /home/airflow/.local/lib/python3.11/site-packages/airflow/example_dags/example_branch_python_dop_operator_3.py
[2024-03-07T18:15:32.180+0000] {processor.py:840} INFO - DAG(s) 'example_branch_dop_operator_v3' retrieved from /home/airflow/.local/lib/python3.11/site-packages/airflow/example_dags/example_branch_python_dop_operator_3.py
[2024-03-07T18:15:32.956+0000] {logging_mixin.py:188} INFO - [2024-03-07T18:15:32.946+0000] {dag.py:3047} INFO - Sync 1 DAGs
[2024-03-07T18:15:33.173+0000] {logging_mixin.py:188} INFO - [2024-03-07T18:15:33.163+0000] {dag.py:3834} INFO - Setting next_dagrun for example_branch_dop_operator_v3 to 2024-03-07 18:14:00+00:00, run_after=2024-03-07 18:15:00+00:00
[2024-03-07T18:15:34.380+0000] {processor.py:183} INFO - Processing /home/airflow/.local/lib/python3.11/site-packages/airflow/example_dags/example_branch_python_dop_operator_3.py took 2.298 seconds
[2024-03-07T18:16:04.855+0000] {processor.py:161} INFO - Started process (PID=373) to work on /home/airflow/.local/lib/python3.11/site-packages/airflow/example_dags/example_branch_python_dop_operator_3.py
[2024-03-07T18:16:04.857+0000] {processor.py:830} INFO - Processing file /home/airflow/.local/lib/python3.11/site-packages/airflow/example_dags/example_branch_python_dop_operator_3.py for tasks to queue
[2024-03-07T18:16:04.861+0000] {logging_mixin.py:188} INFO - [2024-03-07T18:16:04.861+0000] {dagbag.py:540} INFO - Filling up the DagBag from /home/airflow/.local/lib/python3.11/site-packages/airflow/example_dags/example_branch_python_dop_operator_3.py
[2024-03-07T18:16:04.881+0000] {processor.py:840} INFO - DAG(s) 'example_branch_dop_operator_v3' retrieved from /home/airflow/.local/lib/python3.11/site-packages/airflow/example_dags/example_branch_python_dop_operator_3.py
[2024-03-07T18:16:04.933+0000] {logging_mixin.py:188} INFO - [2024-03-07T18:16:04.932+0000] {dag.py:3047} INFO - Sync 1 DAGs
[2024-03-07T18:16:05.003+0000] {logging_mixin.py:188} INFO - [2024-03-07T18:16:05.002+0000] {dag.py:3834} INFO - Setting next_dagrun for example_branch_dop_operator_v3 to 2024-03-07 18:15:00+00:00, run_after=2024-03-07 18:16:00+00:00
[2024-03-07T18:16:05.070+0000] {processor.py:183} INFO - Processing /home/airflow/.local/lib/python3.11/site-packages/airflow/example_dags/example_branch_python_dop_operator_3.py took 0.222 seconds
[2024-03-07T18:16:35.337+0000] {processor.py:161} INFO - Started process (PID=431) to work on /home/airflow/.local/lib/python3.11/site-packages/airflow/example_dags/example_branch_python_dop_operator_3.py
[2024-03-07T18:16:35.339+0000] {processor.py:830} INFO - Processing file /home/airflow/.local/lib/python3.11/site-packages/airflow/example_dags/example_branch_python_dop_operator_3.py for tasks to queue
[2024-03-07T18:16:35.344+0000] {logging_mixin.py:188} INFO - [2024-03-07T18:16:35.343+0000] {dagbag.py:540} INFO - Filling up the DagBag from /home/airflow/.local/lib/python3.11/site-packages/airflow/example_dags/example_branch_python_dop_operator_3.py
[2024-03-07T18:16:35.363+0000] {processor.py:840} INFO - DAG(s) 'example_branch_dop_operator_v3' retrieved from /home/airflow/.local/lib/python3.11/site-packages/airflow/example_dags/example_branch_python_dop_operator_3.py
[2024-03-07T18:16:35.411+0000] {logging_mixin.py:188} INFO - [2024-03-07T18:16:35.411+0000] {dag.py:3047} INFO - Sync 1 DAGs
[2024-03-07T18:16:35.483+0000] {logging_mixin.py:188} INFO - [2024-03-07T18:16:35.483+0000] {dag.py:3834} INFO - Setting next_dagrun for example_branch_dop_operator_v3 to 2024-03-07 18:15:00+00:00, run_after=2024-03-07 18:16:00+00:00
[2024-03-07T18:16:35.542+0000] {processor.py:183} INFO - Processing /home/airflow/.local/lib/python3.11/site-packages/airflow/example_dags/example_branch_python_dop_operator_3.py took 0.209 seconds
[2024-03-07T18:17:05.981+0000] {processor.py:161} INFO - Started process (PID=489) to work on /home/airflow/.local/lib/python3.11/site-packages/airflow/example_dags/example_branch_python_dop_operator_3.py
[2024-03-07T18:17:05.983+0000] {processor.py:830} INFO - Processing file /home/airflow/.local/lib/python3.11/site-packages/airflow/example_dags/example_branch_python_dop_operator_3.py for tasks to queue
[2024-03-07T18:17:05.989+0000] {logging_mixin.py:188} INFO - [2024-03-07T18:17:05.988+0000] {dagbag.py:540} INFO - Filling up the DagBag from /home/airflow/.local/lib/python3.11/site-packages/airflow/example_dags/example_branch_python_dop_operator_3.py
[2024-03-07T18:17:06.012+0000] {processor.py:840} INFO - DAG(s) 'example_branch_dop_operator_v3' retrieved from /home/airflow/.local/lib/python3.11/site-packages/airflow/example_dags/example_branch_python_dop_operator_3.py
[2024-03-07T18:17:06.060+0000] {logging_mixin.py:188} INFO - [2024-03-07T18:17:06.060+0000] {dag.py:3047} INFO - Sync 1 DAGs
[2024-03-07T18:17:06.129+0000] {logging_mixin.py:188} INFO - [2024-03-07T18:17:06.129+0000] {dag.py:3834} INFO - Setting next_dagrun for example_branch_dop_operator_v3 to 2024-03-07 18:16:00+00:00, run_after=2024-03-07 18:17:00+00:00
[2024-03-07T18:17:06.183+0000] {processor.py:183} INFO - Processing /home/airflow/.local/lib/python3.11/site-packages/airflow/example_dags/example_branch_python_dop_operator_3.py took 0.210 seconds
[2024-03-07T18:17:36.504+0000] {processor.py:161} INFO - Started process (PID=546) to work on /home/airflow/.local/lib/python3.11/site-packages/airflow/example_dags/example_branch_python_dop_operator_3.py
[2024-03-07T18:17:36.507+0000] {processor.py:830} INFO - Processing file /home/airflow/.local/lib/python3.11/site-packages/airflow/example_dags/example_branch_python_dop_operator_3.py for tasks to queue
[2024-03-07T18:17:36.513+0000] {logging_mixin.py:188} INFO - [2024-03-07T18:17:36.512+0000] {dagbag.py:540} INFO - Filling up the DagBag from /home/airflow/.local/lib/python3.11/site-packages/airflow/example_dags/example_branch_python_dop_operator_3.py
[2024-03-07T18:17:36.533+0000] {processor.py:840} INFO - DAG(s) 'example_branch_dop_operator_v3' retrieved from /home/airflow/.local/lib/python3.11/site-packages/airflow/example_dags/example_branch_python_dop_operator_3.py
[2024-03-07T18:17:38.275+0000] {logging_mixin.py:188} INFO - [2024-03-07T18:17:38.274+0000] {dag.py:3047} INFO - Sync 1 DAGs
[2024-03-07T18:17:38.420+0000] {logging_mixin.py:188} INFO - [2024-03-07T18:17:38.419+0000] {dag.py:3834} INFO - Setting next_dagrun for example_branch_dop_operator_v3 to 2024-03-07 18:16:00+00:00, run_after=2024-03-07 18:17:00+00:00
[2024-03-07T18:17:38.508+0000] {processor.py:183} INFO - Processing /home/airflow/.local/lib/python3.11/site-packages/airflow/example_dags/example_branch_python_dop_operator_3.py took 2.010 seconds
[2024-03-07T18:18:09.019+0000] {processor.py:161} INFO - Started process (PID=611) to work on /home/airflow/.local/lib/python3.11/site-packages/airflow/example_dags/example_branch_python_dop_operator_3.py
[2024-03-07T18:18:09.021+0000] {processor.py:830} INFO - Processing file /home/airflow/.local/lib/python3.11/site-packages/airflow/example_dags/example_branch_python_dop_operator_3.py for tasks to queue
[2024-03-07T18:18:09.027+0000] {logging_mixin.py:188} INFO - [2024-03-07T18:18:09.026+0000] {dagbag.py:540} INFO - Filling up the DagBag from /home/airflow/.local/lib/python3.11/site-packages/airflow/example_dags/example_branch_python_dop_operator_3.py
[2024-03-07T18:18:09.052+0000] {processor.py:840} INFO - DAG(s) 'example_branch_dop_operator_v3' retrieved from /home/airflow/.local/lib/python3.11/site-packages/airflow/example_dags/example_branch_python_dop_operator_3.py
[2024-03-07T18:18:09.111+0000] {logging_mixin.py:188} INFO - [2024-03-07T18:18:09.110+0000] {dag.py:3047} INFO - Sync 1 DAGs
[2024-03-07T18:18:09.193+0000] {logging_mixin.py:188} INFO - [2024-03-07T18:18:09.192+0000] {dag.py:3834} INFO - Setting next_dagrun for example_branch_dop_operator_v3 to 2024-03-07 18:17:00+00:00, run_after=2024-03-07 18:18:00+00:00
[2024-03-07T18:18:09.262+0000] {processor.py:183} INFO - Processing /home/airflow/.local/lib/python3.11/site-packages/airflow/example_dags/example_branch_python_dop_operator_3.py took 0.250 seconds
[2024-03-07T18:18:39.403+0000] {processor.py:161} INFO - Started process (PID=669) to work on /home/airflow/.local/lib/python3.11/site-packages/airflow/example_dags/example_branch_python_dop_operator_3.py
[2024-03-07T18:18:39.409+0000] {processor.py:830} INFO - Processing file /home/airflow/.local/lib/python3.11/site-packages/airflow/example_dags/example_branch_python_dop_operator_3.py for tasks to queue
[2024-03-07T18:18:39.415+0000] {logging_mixin.py:188} INFO - [2024-03-07T18:18:39.414+0000] {dagbag.py:540} INFO - Filling up the DagBag from /home/airflow/.local/lib/python3.11/site-packages/airflow/example_dags/example_branch_python_dop_operator_3.py
[2024-03-07T18:18:39.436+0000] {processor.py:840} INFO - DAG(s) 'example_branch_dop_operator_v3' retrieved from /home/airflow/.local/lib/python3.11/site-packages/airflow/example_dags/example_branch_python_dop_operator_3.py
[2024-03-07T18:18:39.490+0000] {logging_mixin.py:188} INFO - [2024-03-07T18:18:39.490+0000] {dag.py:3047} INFO - Sync 1 DAGs
[2024-03-07T18:18:39.559+0000] {logging_mixin.py:188} INFO - [2024-03-07T18:18:39.558+0000] {dag.py:3834} INFO - Setting next_dagrun for example_branch_dop_operator_v3 to 2024-03-07 18:17:00+00:00, run_after=2024-03-07 18:18:00+00:00
[2024-03-07T18:18:39.612+0000] {processor.py:183} INFO - Processing /home/airflow/.local/lib/python3.11/site-packages/airflow/example_dags/example_branch_python_dop_operator_3.py took 0.218 seconds
[2024-03-07T18:19:09.712+0000] {processor.py:161} INFO - Started process (PID=728) to work on /home/airflow/.local/lib/python3.11/site-packages/airflow/example_dags/example_branch_python_dop_operator_3.py
[2024-03-07T18:19:09.715+0000] {processor.py:830} INFO - Processing file /home/airflow/.local/lib/python3.11/site-packages/airflow/example_dags/example_branch_python_dop_operator_3.py for tasks to queue
[2024-03-07T18:19:09.722+0000] {logging_mixin.py:188} INFO - [2024-03-07T18:19:09.721+0000] {dagbag.py:540} INFO - Filling up the DagBag from /home/airflow/.local/lib/python3.11/site-packages/airflow/example_dags/example_branch_python_dop_operator_3.py
[2024-03-07T18:19:09.747+0000] {processor.py:840} INFO - DAG(s) 'example_branch_dop_operator_v3' retrieved from /home/airflow/.local/lib/python3.11/site-packages/airflow/example_dags/example_branch_python_dop_operator_3.py
[2024-03-07T18:19:09.794+0000] {logging_mixin.py:188} INFO - [2024-03-07T18:19:09.794+0000] {dag.py:3047} INFO - Sync 1 DAGs
[2024-03-07T18:19:09.852+0000] {logging_mixin.py:188} INFO - [2024-03-07T18:19:09.851+0000] {dag.py:3834} INFO - Setting next_dagrun for example_branch_dop_operator_v3 to 2024-03-07 18:18:00+00:00, run_after=2024-03-07 18:19:00+00:00
[2024-03-07T18:19:09.915+0000] {processor.py:183} INFO - Processing /home/airflow/.local/lib/python3.11/site-packages/airflow/example_dags/example_branch_python_dop_operator_3.py took 0.213 seconds
[2024-03-07T18:19:40.062+0000] {processor.py:161} INFO - Started process (PID=786) to work on /home/airflow/.local/lib/python3.11/site-packages/airflow/example_dags/example_branch_python_dop_operator_3.py
[2024-03-07T18:19:40.065+0000] {processor.py:830} INFO - Processing file /home/airflow/.local/lib/python3.11/site-packages/airflow/example_dags/example_branch_python_dop_operator_3.py for tasks to queue
[2024-03-07T18:19:40.071+0000] {logging_mixin.py:188} INFO - [2024-03-07T18:19:40.070+0000] {dagbag.py:540} INFO - Filling up the DagBag from /home/airflow/.local/lib/python3.11/site-packages/airflow/example_dags/example_branch_python_dop_operator_3.py
[2024-03-07T18:19:40.088+0000] {processor.py:840} INFO - DAG(s) 'example_branch_dop_operator_v3' retrieved from /home/airflow/.local/lib/python3.11/site-packages/airflow/example_dags/example_branch_python_dop_operator_3.py
[2024-03-07T18:19:40.145+0000] {logging_mixin.py:188} INFO - [2024-03-07T18:19:40.144+0000] {dag.py:3047} INFO - Sync 1 DAGs
[2024-03-07T18:19:40.223+0000] {logging_mixin.py:188} INFO - [2024-03-07T18:19:40.223+0000] {dag.py:3834} INFO - Setting next_dagrun for example_branch_dop_operator_v3 to 2024-03-07 18:18:00+00:00, run_after=2024-03-07 18:19:00+00:00
[2024-03-07T18:19:40.309+0000] {processor.py:183} INFO - Processing /home/airflow/.local/lib/python3.11/site-packages/airflow/example_dags/example_branch_python_dop_operator_3.py took 0.254 seconds
[2024-03-07T18:20:10.835+0000] {processor.py:161} INFO - Started process (PID=842) to work on /home/airflow/.local/lib/python3.11/site-packages/airflow/example_dags/example_branch_python_dop_operator_3.py
[2024-03-07T18:20:10.837+0000] {processor.py:830} INFO - Processing file /home/airflow/.local/lib/python3.11/site-packages/airflow/example_dags/example_branch_python_dop_operator_3.py for tasks to queue
[2024-03-07T18:20:10.841+0000] {logging_mixin.py:188} INFO - [2024-03-07T18:20:10.840+0000] {dagbag.py:540} INFO - Filling up the DagBag from /home/airflow/.local/lib/python3.11/site-packages/airflow/example_dags/example_branch_python_dop_operator_3.py
[2024-03-07T18:20:10.862+0000] {processor.py:840} INFO - DAG(s) 'example_branch_dop_operator_v3' retrieved from /home/airflow/.local/lib/python3.11/site-packages/airflow/example_dags/example_branch_python_dop_operator_3.py
[2024-03-07T18:20:10.907+0000] {logging_mixin.py:188} INFO - [2024-03-07T18:20:10.907+0000] {dag.py:3047} INFO - Sync 1 DAGs
[2024-03-07T18:20:10.973+0000] {logging_mixin.py:188} INFO - [2024-03-07T18:20:10.972+0000] {dag.py:3834} INFO - Setting next_dagrun for example_branch_dop_operator_v3 to 2024-03-07 18:19:00+00:00, run_after=2024-03-07 18:20:00+00:00
[2024-03-07T18:20:11.031+0000] {processor.py:183} INFO - Processing /home/airflow/.local/lib/python3.11/site-packages/airflow/example_dags/example_branch_python_dop_operator_3.py took 0.201 seconds
[2024-03-07T18:20:41.186+0000] {processor.py:161} INFO - Started process (PID=900) to work on /home/airflow/.local/lib/python3.11/site-packages/airflow/example_dags/example_branch_python_dop_operator_3.py
[2024-03-07T18:20:41.188+0000] {processor.py:830} INFO - Processing file /home/airflow/.local/lib/python3.11/site-packages/airflow/example_dags/example_branch_python_dop_operator_3.py for tasks to queue
[2024-03-07T18:20:41.193+0000] {logging_mixin.py:188} INFO - [2024-03-07T18:20:41.192+0000] {dagbag.py:540} INFO - Filling up the DagBag from /home/airflow/.local/lib/python3.11/site-packages/airflow/example_dags/example_branch_python_dop_operator_3.py
[2024-03-07T18:20:41.208+0000] {processor.py:840} INFO - DAG(s) 'example_branch_dop_operator_v3' retrieved from /home/airflow/.local/lib/python3.11/site-packages/airflow/example_dags/example_branch_python_dop_operator_3.py
[2024-03-07T18:20:41.255+0000] {logging_mixin.py:188} INFO - [2024-03-07T18:20:41.254+0000] {dag.py:3047} INFO - Sync 1 DAGs
[2024-03-07T18:20:41.305+0000] {logging_mixin.py:188} INFO - [2024-03-07T18:20:41.305+0000] {dag.py:3834} INFO - Setting next_dagrun for example_branch_dop_operator_v3 to 2024-03-07 18:19:00+00:00, run_after=2024-03-07 18:20:00+00:00
[2024-03-07T18:20:41.363+0000] {processor.py:183} INFO - Processing /home/airflow/.local/lib/python3.11/site-packages/airflow/example_dags/example_branch_python_dop_operator_3.py took 0.185 seconds
[2024-03-07T18:21:11.674+0000] {processor.py:161} INFO - Started process (PID=957) to work on /home/airflow/.local/lib/python3.11/site-packages/airflow/example_dags/example_branch_python_dop_operator_3.py
[2024-03-07T18:21:11.677+0000] {processor.py:830} INFO - Processing file /home/airflow/.local/lib/python3.11/site-packages/airflow/example_dags/example_branch_python_dop_operator_3.py for tasks to queue
[2024-03-07T18:21:11.682+0000] {logging_mixin.py:188} INFO - [2024-03-07T18:21:11.681+0000] {dagbag.py:540} INFO - Filling up the DagBag from /home/airflow/.local/lib/python3.11/site-packages/airflow/example_dags/example_branch_python_dop_operator_3.py
[2024-03-07T18:21:11.725+0000] {processor.py:840} INFO - DAG(s) 'example_branch_dop_operator_v3' retrieved from /home/airflow/.local/lib/python3.11/site-packages/airflow/example_dags/example_branch_python_dop_operator_3.py
[2024-03-07T18:21:11.778+0000] {logging_mixin.py:188} INFO - [2024-03-07T18:21:11.777+0000] {dag.py:3047} INFO - Sync 1 DAGs
[2024-03-07T18:21:11.842+0000] {logging_mixin.py:188} INFO - [2024-03-07T18:21:11.841+0000] {dag.py:3834} INFO - Setting next_dagrun for example_branch_dop_operator_v3 to 2024-03-07 18:20:00+00:00, run_after=2024-03-07 18:21:00+00:00
[2024-03-07T18:21:11.907+0000] {processor.py:183} INFO - Processing /home/airflow/.local/lib/python3.11/site-packages/airflow/example_dags/example_branch_python_dop_operator_3.py took 0.240 seconds
[2024-03-07T18:21:44.257+0000] {processor.py:161} INFO - Started process (PID=1015) to work on /home/airflow/.local/lib/python3.11/site-packages/airflow/example_dags/example_branch_python_dop_operator_3.py
[2024-03-07T18:21:44.260+0000] {processor.py:830} INFO - Processing file /home/airflow/.local/lib/python3.11/site-packages/airflow/example_dags/example_branch_python_dop_operator_3.py for tasks to queue
[2024-03-07T18:21:44.266+0000] {logging_mixin.py:188} INFO - [2024-03-07T18:21:44.265+0000] {dagbag.py:540} INFO - Filling up the DagBag from /home/airflow/.local/lib/python3.11/site-packages/airflow/example_dags/example_branch_python_dop_operator_3.py
[2024-03-07T18:21:44.288+0000] {processor.py:840} INFO - DAG(s) 'example_branch_dop_operator_v3' retrieved from /home/airflow/.local/lib/python3.11/site-packages/airflow/example_dags/example_branch_python_dop_operator_3.py
[2024-03-07T18:21:44.441+0000] {logging_mixin.py:188} INFO - [2024-03-07T18:21:44.440+0000] {dag.py:3047} INFO - Sync 1 DAGs
[2024-03-07T18:21:44.774+0000] {logging_mixin.py:188} INFO - [2024-03-07T18:21:44.773+0000] {dag.py:3834} INFO - Setting next_dagrun for example_branch_dop_operator_v3 to 2024-03-07 18:20:00+00:00, run_after=2024-03-07 18:21:00+00:00
[2024-03-07T18:21:45.048+0000] {processor.py:183} INFO - Processing /home/airflow/.local/lib/python3.11/site-packages/airflow/example_dags/example_branch_python_dop_operator_3.py took 0.798 seconds
[2024-03-07T18:22:15.438+0000] {processor.py:161} INFO - Started process (PID=1073) to work on /home/airflow/.local/lib/python3.11/site-packages/airflow/example_dags/example_branch_python_dop_operator_3.py
[2024-03-07T18:22:15.444+0000] {processor.py:830} INFO - Processing file /home/airflow/.local/lib/python3.11/site-packages/airflow/example_dags/example_branch_python_dop_operator_3.py for tasks to queue
[2024-03-07T18:22:15.454+0000] {logging_mixin.py:188} INFO - [2024-03-07T18:22:15.452+0000] {dagbag.py:540} INFO - Filling up the DagBag from /home/airflow/.local/lib/python3.11/site-packages/airflow/example_dags/example_branch_python_dop_operator_3.py
[2024-03-07T18:22:15.592+0000] {processor.py:840} INFO - DAG(s) 'example_branch_dop_operator_v3' retrieved from /home/airflow/.local/lib/python3.11/site-packages/airflow/example_dags/example_branch_python_dop_operator_3.py
[2024-03-07T18:22:15.780+0000] {logging_mixin.py:188} INFO - [2024-03-07T18:22:15.777+0000] {dag.py:3047} INFO - Sync 1 DAGs
[2024-03-07T18:22:16.010+0000] {logging_mixin.py:188} INFO - [2024-03-07T18:22:16.009+0000] {dag.py:3834} INFO - Setting next_dagrun for example_branch_dop_operator_v3 to 2024-03-07 18:21:00+00:00, run_after=2024-03-07 18:22:00+00:00
[2024-03-07T18:22:16.195+0000] {processor.py:183} INFO - Processing /home/airflow/.local/lib/python3.11/site-packages/airflow/example_dags/example_branch_python_dop_operator_3.py took 0.769 seconds
[2024-03-07T18:22:48.133+0000] {processor.py:161} INFO - Started process (PID=1132) to work on /home/airflow/.local/lib/python3.11/site-packages/airflow/example_dags/example_branch_python_dop_operator_3.py
[2024-03-07T18:22:48.136+0000] {processor.py:830} INFO - Processing file /home/airflow/.local/lib/python3.11/site-packages/airflow/example_dags/example_branch_python_dop_operator_3.py for tasks to queue
[2024-03-07T18:22:48.140+0000] {logging_mixin.py:188} INFO - [2024-03-07T18:22:48.139+0000] {dagbag.py:540} INFO - Filling up the DagBag from /home/airflow/.local/lib/python3.11/site-packages/airflow/example_dags/example_branch_python_dop_operator_3.py
[2024-03-07T18:22:48.159+0000] {processor.py:840} INFO - DAG(s) 'example_branch_dop_operator_v3' retrieved from /home/airflow/.local/lib/python3.11/site-packages/airflow/example_dags/example_branch_python_dop_operator_3.py
[2024-03-07T18:22:48.214+0000] {logging_mixin.py:188} INFO - [2024-03-07T18:22:48.213+0000] {dag.py:3047} INFO - Sync 1 DAGs
[2024-03-07T18:22:48.280+0000] {logging_mixin.py:188} INFO - [2024-03-07T18:22:48.280+0000] {dag.py:3834} INFO - Setting next_dagrun for example_branch_dop_operator_v3 to 2024-03-07 18:21:00+00:00, run_after=2024-03-07 18:22:00+00:00
[2024-03-07T18:22:48.333+0000] {processor.py:183} INFO - Processing /home/airflow/.local/lib/python3.11/site-packages/airflow/example_dags/example_branch_python_dop_operator_3.py took 0.205 seconds
[2024-03-07T18:23:19.252+0000] {processor.py:161} INFO - Started process (PID=1190) to work on /home/airflow/.local/lib/python3.11/site-packages/airflow/example_dags/example_branch_python_dop_operator_3.py
[2024-03-07T18:23:19.255+0000] {processor.py:830} INFO - Processing file /home/airflow/.local/lib/python3.11/site-packages/airflow/example_dags/example_branch_python_dop_operator_3.py for tasks to queue
[2024-03-07T18:23:19.259+0000] {logging_mixin.py:188} INFO - [2024-03-07T18:23:19.258+0000] {dagbag.py:540} INFO - Filling up the DagBag from /home/airflow/.local/lib/python3.11/site-packages/airflow/example_dags/example_branch_python_dop_operator_3.py
[2024-03-07T18:23:19.278+0000] {processor.py:840} INFO - DAG(s) 'example_branch_dop_operator_v3' retrieved from /home/airflow/.local/lib/python3.11/site-packages/airflow/example_dags/example_branch_python_dop_operator_3.py
[2024-03-07T18:23:19.316+0000] {logging_mixin.py:188} INFO - [2024-03-07T18:23:19.316+0000] {dag.py:3047} INFO - Sync 1 DAGs
[2024-03-07T18:23:19.376+0000] {logging_mixin.py:188} INFO - [2024-03-07T18:23:19.375+0000] {dag.py:3834} INFO - Setting next_dagrun for example_branch_dop_operator_v3 to 2024-03-07 18:22:00+00:00, run_after=2024-03-07 18:23:00+00:00
[2024-03-07T18:23:19.433+0000] {processor.py:183} INFO - Processing /home/airflow/.local/lib/python3.11/site-packages/airflow/example_dags/example_branch_python_dop_operator_3.py took 0.187 seconds
[2024-03-07T18:23:50.456+0000] {processor.py:161} INFO - Started process (PID=1249) to work on /home/airflow/.local/lib/python3.11/site-packages/airflow/example_dags/example_branch_python_dop_operator_3.py
[2024-03-07T18:23:50.459+0000] {processor.py:830} INFO - Processing file /home/airflow/.local/lib/python3.11/site-packages/airflow/example_dags/example_branch_python_dop_operator_3.py for tasks to queue
[2024-03-07T18:23:50.463+0000] {logging_mixin.py:188} INFO - [2024-03-07T18:23:50.462+0000] {dagbag.py:540} INFO - Filling up the DagBag from /home/airflow/.local/lib/python3.11/site-packages/airflow/example_dags/example_branch_python_dop_operator_3.py
[2024-03-07T18:23:50.479+0000] {processor.py:840} INFO - DAG(s) 'example_branch_dop_operator_v3' retrieved from /home/airflow/.local/lib/python3.11/site-packages/airflow/example_dags/example_branch_python_dop_operator_3.py
[2024-03-07T18:23:50.529+0000] {logging_mixin.py:188} INFO - [2024-03-07T18:23:50.528+0000] {dag.py:3047} INFO - Sync 1 DAGs
[2024-03-07T18:23:50.593+0000] {logging_mixin.py:188} INFO - [2024-03-07T18:23:50.593+0000] {dag.py:3834} INFO - Setting next_dagrun for example_branch_dop_operator_v3 to 2024-03-07 18:22:00+00:00, run_after=2024-03-07 18:23:00+00:00
[2024-03-07T18:23:50.654+0000] {processor.py:183} INFO - Processing /home/airflow/.local/lib/python3.11/site-packages/airflow/example_dags/example_branch_python_dop_operator_3.py took 0.203 seconds
[2024-03-07T18:24:22.650+0000] {processor.py:161} INFO - Started process (PID=1307) to work on /home/airflow/.local/lib/python3.11/site-packages/airflow/example_dags/example_branch_python_dop_operator_3.py
[2024-03-07T18:24:22.653+0000] {processor.py:830} INFO - Processing file /home/airflow/.local/lib/python3.11/site-packages/airflow/example_dags/example_branch_python_dop_operator_3.py for tasks to queue
[2024-03-07T18:24:22.658+0000] {logging_mixin.py:188} INFO - [2024-03-07T18:24:22.657+0000] {dagbag.py:540} INFO - Filling up the DagBag from /home/airflow/.local/lib/python3.11/site-packages/airflow/example_dags/example_branch_python_dop_operator_3.py
[2024-03-07T18:24:22.681+0000] {processor.py:840} INFO - DAG(s) 'example_branch_dop_operator_v3' retrieved from /home/airflow/.local/lib/python3.11/site-packages/airflow/example_dags/example_branch_python_dop_operator_3.py
[2024-03-07T18:24:22.728+0000] {logging_mixin.py:188} INFO - [2024-03-07T18:24:22.727+0000] {dag.py:3047} INFO - Sync 1 DAGs
[2024-03-07T18:24:22.801+0000] {logging_mixin.py:188} INFO - [2024-03-07T18:24:22.801+0000] {dag.py:3834} INFO - Setting next_dagrun for example_branch_dop_operator_v3 to 2024-03-07 18:23:00+00:00, run_after=2024-03-07 18:24:00+00:00
[2024-03-07T18:24:22.865+0000] {processor.py:183} INFO - Processing /home/airflow/.local/lib/python3.11/site-packages/airflow/example_dags/example_branch_python_dop_operator_3.py took 0.221 seconds
[2024-03-07T18:24:54.216+0000] {processor.py:161} INFO - Started process (PID=1365) to work on /home/airflow/.local/lib/python3.11/site-packages/airflow/example_dags/example_branch_python_dop_operator_3.py
[2024-03-07T18:24:54.218+0000] {processor.py:830} INFO - Processing file /home/airflow/.local/lib/python3.11/site-packages/airflow/example_dags/example_branch_python_dop_operator_3.py for tasks to queue
[2024-03-07T18:24:54.222+0000] {logging_mixin.py:188} INFO - [2024-03-07T18:24:54.221+0000] {dagbag.py:540} INFO - Filling up the DagBag from /home/airflow/.local/lib/python3.11/site-packages/airflow/example_dags/example_branch_python_dop_operator_3.py
[2024-03-07T18:24:54.238+0000] {processor.py:840} INFO - DAG(s) 'example_branch_dop_operator_v3' retrieved from /home/airflow/.local/lib/python3.11/site-packages/airflow/example_dags/example_branch_python_dop_operator_3.py
[2024-03-07T18:24:54.289+0000] {logging_mixin.py:188} INFO - [2024-03-07T18:24:54.287+0000] {dag.py:3047} INFO - Sync 1 DAGs
[2024-03-07T18:24:54.380+0000] {logging_mixin.py:188} INFO - [2024-03-07T18:24:54.380+0000] {dag.py:3834} INFO - Setting next_dagrun for example_branch_dop_operator_v3 to 2024-03-07 18:23:00+00:00, run_after=2024-03-07 18:24:00+00:00
[2024-03-07T18:24:54.428+0000] {processor.py:183} INFO - Processing /home/airflow/.local/lib/python3.11/site-packages/airflow/example_dags/example_branch_python_dop_operator_3.py took 0.217 seconds
[2024-03-07T18:25:26.744+0000] {processor.py:161} INFO - Started process (PID=1424) to work on /home/airflow/.local/lib/python3.11/site-packages/airflow/example_dags/example_branch_python_dop_operator_3.py
[2024-03-07T18:25:26.746+0000] {processor.py:830} INFO - Processing file /home/airflow/.local/lib/python3.11/site-packages/airflow/example_dags/example_branch_python_dop_operator_3.py for tasks to queue
[2024-03-07T18:25:26.750+0000] {logging_mixin.py:188} INFO - [2024-03-07T18:25:26.750+0000] {dagbag.py:540} INFO - Filling up the DagBag from /home/airflow/.local/lib/python3.11/site-packages/airflow/example_dags/example_branch_python_dop_operator_3.py
[2024-03-07T18:25:26.767+0000] {processor.py:840} INFO - DAG(s) 'example_branch_dop_operator_v3' retrieved from /home/airflow/.local/lib/python3.11/site-packages/airflow/example_dags/example_branch_python_dop_operator_3.py
[2024-03-07T18:25:26.812+0000] {logging_mixin.py:188} INFO - [2024-03-07T18:25:26.811+0000] {dag.py:3047} INFO - Sync 1 DAGs
[2024-03-07T18:25:26.864+0000] {logging_mixin.py:188} INFO - [2024-03-07T18:25:26.863+0000] {dag.py:3834} INFO - Setting next_dagrun for example_branch_dop_operator_v3 to 2024-03-07 18:24:00+00:00, run_after=2024-03-07 18:25:00+00:00
[2024-03-07T18:25:26.913+0000] {processor.py:183} INFO - Processing /home/airflow/.local/lib/python3.11/site-packages/airflow/example_dags/example_branch_python_dop_operator_3.py took 0.174 seconds
[2024-03-07T18:25:58.640+0000] {processor.py:161} INFO - Started process (PID=1481) to work on /home/airflow/.local/lib/python3.11/site-packages/airflow/example_dags/example_branch_python_dop_operator_3.py
[2024-03-07T18:25:58.642+0000] {processor.py:830} INFO - Processing file /home/airflow/.local/lib/python3.11/site-packages/airflow/example_dags/example_branch_python_dop_operator_3.py for tasks to queue
[2024-03-07T18:25:58.646+0000] {logging_mixin.py:188} INFO - [2024-03-07T18:25:58.645+0000] {dagbag.py:540} INFO - Filling up the DagBag from /home/airflow/.local/lib/python3.11/site-packages/airflow/example_dags/example_branch_python_dop_operator_3.py
[2024-03-07T18:25:58.671+0000] {processor.py:840} INFO - DAG(s) 'example_branch_dop_operator_v3' retrieved from /home/airflow/.local/lib/python3.11/site-packages/airflow/example_dags/example_branch_python_dop_operator_3.py
[2024-03-07T18:25:58.735+0000] {logging_mixin.py:188} INFO - [2024-03-07T18:25:58.734+0000] {dag.py:3047} INFO - Sync 1 DAGs
[2024-03-07T18:25:58.821+0000] {logging_mixin.py:188} INFO - [2024-03-07T18:25:58.820+0000] {dag.py:3834} INFO - Setting next_dagrun for example_branch_dop_operator_v3 to 2024-03-07 18:24:00+00:00, run_after=2024-03-07 18:25:00+00:00
[2024-03-07T18:25:58.878+0000] {processor.py:183} INFO - Processing /home/airflow/.local/lib/python3.11/site-packages/airflow/example_dags/example_branch_python_dop_operator_3.py took 0.245 seconds
[2024-03-07T18:26:30.216+0000] {processor.py:161} INFO - Started process (PID=1539) to work on /home/airflow/.local/lib/python3.11/site-packages/airflow/example_dags/example_branch_python_dop_operator_3.py
[2024-03-07T18:26:30.220+0000] {processor.py:830} INFO - Processing file /home/airflow/.local/lib/python3.11/site-packages/airflow/example_dags/example_branch_python_dop_operator_3.py for tasks to queue
[2024-03-07T18:26:30.225+0000] {logging_mixin.py:188} INFO - [2024-03-07T18:26:30.224+0000] {dagbag.py:540} INFO - Filling up the DagBag from /home/airflow/.local/lib/python3.11/site-packages/airflow/example_dags/example_branch_python_dop_operator_3.py
[2024-03-07T18:26:30.251+0000] {processor.py:840} INFO - DAG(s) 'example_branch_dop_operator_v3' retrieved from /home/airflow/.local/lib/python3.11/site-packages/airflow/example_dags/example_branch_python_dop_operator_3.py
[2024-03-07T18:26:30.302+0000] {logging_mixin.py:188} INFO - [2024-03-07T18:26:30.302+0000] {dag.py:3047} INFO - Sync 1 DAGs
[2024-03-07T18:26:30.362+0000] {logging_mixin.py:188} INFO - [2024-03-07T18:26:30.361+0000] {dag.py:3834} INFO - Setting next_dagrun for example_branch_dop_operator_v3 to 2024-03-07 18:25:00+00:00, run_after=2024-03-07 18:26:00+00:00
[2024-03-07T18:26:30.610+0000] {processor.py:183} INFO - Processing /home/airflow/.local/lib/python3.11/site-packages/airflow/example_dags/example_branch_python_dop_operator_3.py took 0.400 seconds
[2024-03-07T18:27:02.630+0000] {processor.py:161} INFO - Started process (PID=1597) to work on /home/airflow/.local/lib/python3.11/site-packages/airflow/example_dags/example_branch_python_dop_operator_3.py
[2024-03-07T18:27:02.632+0000] {processor.py:830} INFO - Processing file /home/airflow/.local/lib/python3.11/site-packages/airflow/example_dags/example_branch_python_dop_operator_3.py for tasks to queue
[2024-03-07T18:27:02.638+0000] {logging_mixin.py:188} INFO - [2024-03-07T18:27:02.637+0000] {dagbag.py:540} INFO - Filling up the DagBag from /home/airflow/.local/lib/python3.11/site-packages/airflow/example_dags/example_branch_python_dop_operator_3.py
[2024-03-07T18:27:02.655+0000] {processor.py:840} INFO - DAG(s) 'example_branch_dop_operator_v3' retrieved from /home/airflow/.local/lib/python3.11/site-packages/airflow/example_dags/example_branch_python_dop_operator_3.py
[2024-03-07T18:27:02.721+0000] {logging_mixin.py:188} INFO - [2024-03-07T18:27:02.721+0000] {dag.py:3047} INFO - Sync 1 DAGs
[2024-03-07T18:27:02.783+0000] {logging_mixin.py:188} INFO - [2024-03-07T18:27:02.782+0000] {dag.py:3834} INFO - Setting next_dagrun for example_branch_dop_operator_v3 to 2024-03-07 18:26:00+00:00, run_after=2024-03-07 18:27:00+00:00
[2024-03-07T18:27:02.844+0000] {processor.py:183} INFO - Processing /home/airflow/.local/lib/python3.11/site-packages/airflow/example_dags/example_branch_python_dop_operator_3.py took 0.219 seconds
[2024-03-07T18:27:35.562+0000] {processor.py:161} INFO - Started process (PID=1654) to work on /home/airflow/.local/lib/python3.11/site-packages/airflow/example_dags/example_branch_python_dop_operator_3.py
[2024-03-07T18:27:35.564+0000] {processor.py:830} INFO - Processing file /home/airflow/.local/lib/python3.11/site-packages/airflow/example_dags/example_branch_python_dop_operator_3.py for tasks to queue
[2024-03-07T18:27:35.568+0000] {logging_mixin.py:188} INFO - [2024-03-07T18:27:35.567+0000] {dagbag.py:540} INFO - Filling up the DagBag from /home/airflow/.local/lib/python3.11/site-packages/airflow/example_dags/example_branch_python_dop_operator_3.py
[2024-03-07T18:27:35.583+0000] {processor.py:840} INFO - DAG(s) 'example_branch_dop_operator_v3' retrieved from /home/airflow/.local/lib/python3.11/site-packages/airflow/example_dags/example_branch_python_dop_operator_3.py
[2024-03-07T18:27:35.625+0000] {logging_mixin.py:188} INFO - [2024-03-07T18:27:35.624+0000] {dag.py:3047} INFO - Sync 1 DAGs
[2024-03-07T18:27:35.680+0000] {logging_mixin.py:188} INFO - [2024-03-07T18:27:35.679+0000] {dag.py:3834} INFO - Setting next_dagrun for example_branch_dop_operator_v3 to 2024-03-07 18:26:00+00:00, run_after=2024-03-07 18:27:00+00:00
[2024-03-07T18:27:35.742+0000] {processor.py:183} INFO - Processing /home/airflow/.local/lib/python3.11/site-packages/airflow/example_dags/example_branch_python_dop_operator_3.py took 0.186 seconds
[2024-03-07T18:28:08.237+0000] {processor.py:161} INFO - Started process (PID=1712) to work on /home/airflow/.local/lib/python3.11/site-packages/airflow/example_dags/example_branch_python_dop_operator_3.py
[2024-03-07T18:28:08.239+0000] {processor.py:830} INFO - Processing file /home/airflow/.local/lib/python3.11/site-packages/airflow/example_dags/example_branch_python_dop_operator_3.py for tasks to queue
[2024-03-07T18:28:08.242+0000] {logging_mixin.py:188} INFO - [2024-03-07T18:28:08.241+0000] {dagbag.py:540} INFO - Filling up the DagBag from /home/airflow/.local/lib/python3.11/site-packages/airflow/example_dags/example_branch_python_dop_operator_3.py
[2024-03-07T18:28:09.511+0000] {processor.py:840} INFO - DAG(s) 'example_branch_dop_operator_v3' retrieved from /home/airflow/.local/lib/python3.11/site-packages/airflow/example_dags/example_branch_python_dop_operator_3.py
[2024-03-07T18:28:09.587+0000] {logging_mixin.py:188} INFO - [2024-03-07T18:28:09.587+0000] {dag.py:3047} INFO - Sync 1 DAGs
[2024-03-07T18:28:09.667+0000] {logging_mixin.py:188} INFO - [2024-03-07T18:28:09.667+0000] {dag.py:3834} INFO - Setting next_dagrun for example_branch_dop_operator_v3 to 2024-03-07 18:27:00+00:00, run_after=2024-03-07 18:28:00+00:00
[2024-03-07T18:28:09.745+0000] {processor.py:183} INFO - Processing /home/airflow/.local/lib/python3.11/site-packages/airflow/example_dags/example_branch_python_dop_operator_3.py took 1.512 seconds
[2024-03-07T18:28:40.271+0000] {processor.py:161} INFO - Started process (PID=1770) to work on /home/airflow/.local/lib/python3.11/site-packages/airflow/example_dags/example_branch_python_dop_operator_3.py
[2024-03-07T18:28:40.273+0000] {processor.py:830} INFO - Processing file /home/airflow/.local/lib/python3.11/site-packages/airflow/example_dags/example_branch_python_dop_operator_3.py for tasks to queue
[2024-03-07T18:28:40.278+0000] {logging_mixin.py:188} INFO - [2024-03-07T18:28:40.277+0000] {dagbag.py:540} INFO - Filling up the DagBag from /home/airflow/.local/lib/python3.11/site-packages/airflow/example_dags/example_branch_python_dop_operator_3.py
[2024-03-07T18:28:40.296+0000] {processor.py:840} INFO - DAG(s) 'example_branch_dop_operator_v3' retrieved from /home/airflow/.local/lib/python3.11/site-packages/airflow/example_dags/example_branch_python_dop_operator_3.py
[2024-03-07T18:28:40.347+0000] {logging_mixin.py:188} INFO - [2024-03-07T18:28:40.347+0000] {dag.py:3047} INFO - Sync 1 DAGs
[2024-03-07T18:28:40.431+0000] {logging_mixin.py:188} INFO - [2024-03-07T18:28:40.430+0000] {dag.py:3834} INFO - Setting next_dagrun for example_branch_dop_operator_v3 to 2024-03-07 18:27:00+00:00, run_after=2024-03-07 18:28:00+00:00
[2024-03-07T18:28:40.500+0000] {processor.py:183} INFO - Processing /home/airflow/.local/lib/python3.11/site-packages/airflow/example_dags/example_branch_python_dop_operator_3.py took 0.236 seconds
[2024-03-07T18:29:11.219+0000] {processor.py:161} INFO - Started process (PID=1829) to work on /home/airflow/.local/lib/python3.11/site-packages/airflow/example_dags/example_branch_python_dop_operator_3.py
[2024-03-07T18:29:11.222+0000] {processor.py:830} INFO - Processing file /home/airflow/.local/lib/python3.11/site-packages/airflow/example_dags/example_branch_python_dop_operator_3.py for tasks to queue
[2024-03-07T18:29:11.226+0000] {logging_mixin.py:188} INFO - [2024-03-07T18:29:11.225+0000] {dagbag.py:540} INFO - Filling up the DagBag from /home/airflow/.local/lib/python3.11/site-packages/airflow/example_dags/example_branch_python_dop_operator_3.py
[2024-03-07T18:29:11.245+0000] {processor.py:840} INFO - DAG(s) 'example_branch_dop_operator_v3' retrieved from /home/airflow/.local/lib/python3.11/site-packages/airflow/example_dags/example_branch_python_dop_operator_3.py
[2024-03-07T18:29:11.292+0000] {logging_mixin.py:188} INFO - [2024-03-07T18:29:11.291+0000] {dag.py:3047} INFO - Sync 1 DAGs
[2024-03-07T18:29:11.357+0000] {logging_mixin.py:188} INFO - [2024-03-07T18:29:11.356+0000] {dag.py:3834} INFO - Setting next_dagrun for example_branch_dop_operator_v3 to 2024-03-07 18:28:00+00:00, run_after=2024-03-07 18:29:00+00:00
[2024-03-07T18:29:11.419+0000] {processor.py:183} INFO - Processing /home/airflow/.local/lib/python3.11/site-packages/airflow/example_dags/example_branch_python_dop_operator_3.py took 0.204 seconds
