[2024-03-07T18:13:24.409+0000] {processor.py:161} INFO - Started process (PID=86) to work on /home/airflow/.local/lib/python3.11/site-packages/airflow/example_dags/example_trigger_target_dag.py
[2024-03-07T18:13:24.418+0000] {processor.py:830} INFO - Processing file /home/airflow/.local/lib/python3.11/site-packages/airflow/example_dags/example_trigger_target_dag.py for tasks to queue
[2024-03-07T18:13:24.429+0000] {logging_mixin.py:188} INFO - [2024-03-07T18:13:24.424+0000] {dagbag.py:540} INFO - Filling up the DagBag from /home/airflow/.local/lib/python3.11/site-packages/airflow/example_dags/example_trigger_target_dag.py
[2024-03-07T18:13:24.460+0000] {processor.py:840} INFO - DAG(s) 'example_trigger_target_dag' retrieved from /home/airflow/.local/lib/python3.11/site-packages/airflow/example_dags/example_trigger_target_dag.py
[2024-03-07T18:13:24.664+0000] {logging_mixin.py:188} INFO - [2024-03-07T18:13:24.663+0000] {dag.py:3047} INFO - Sync 1 DAGs
[2024-03-07T18:13:24.759+0000] {logging_mixin.py:188} INFO - [2024-03-07T18:13:24.758+0000] {dag.py:3834} INFO - Setting next_dagrun for example_trigger_target_dag to None, run_after=None
[2024-03-07T18:13:24.910+0000] {processor.py:183} INFO - Processing /home/airflow/.local/lib/python3.11/site-packages/airflow/example_dags/example_trigger_target_dag.py took 0.508 seconds
[2024-03-07T18:13:55.754+0000] {processor.py:161} INFO - Started process (PID=144) to work on /home/airflow/.local/lib/python3.11/site-packages/airflow/example_dags/example_trigger_target_dag.py
[2024-03-07T18:13:55.772+0000] {processor.py:830} INFO - Processing file /home/airflow/.local/lib/python3.11/site-packages/airflow/example_dags/example_trigger_target_dag.py for tasks to queue
[2024-03-07T18:13:55.778+0000] {logging_mixin.py:188} INFO - [2024-03-07T18:13:55.777+0000] {dagbag.py:540} INFO - Filling up the DagBag from /home/airflow/.local/lib/python3.11/site-packages/airflow/example_dags/example_trigger_target_dag.py
[2024-03-07T18:13:55.820+0000] {processor.py:840} INFO - DAG(s) 'example_trigger_target_dag' retrieved from /home/airflow/.local/lib/python3.11/site-packages/airflow/example_dags/example_trigger_target_dag.py
[2024-03-07T18:13:55.917+0000] {logging_mixin.py:188} INFO - [2024-03-07T18:13:55.916+0000] {dag.py:3047} INFO - Sync 1 DAGs
[2024-03-07T18:13:56.015+0000] {logging_mixin.py:188} INFO - [2024-03-07T18:13:56.014+0000] {dag.py:3834} INFO - Setting next_dagrun for example_trigger_target_dag to None, run_after=None
[2024-03-07T18:13:56.147+0000] {processor.py:183} INFO - Processing /home/airflow/.local/lib/python3.11/site-packages/airflow/example_dags/example_trigger_target_dag.py took 0.412 seconds
[2024-03-07T18:14:26.599+0000] {processor.py:161} INFO - Started process (PID=202) to work on /home/airflow/.local/lib/python3.11/site-packages/airflow/example_dags/example_trigger_target_dag.py
[2024-03-07T18:14:26.603+0000] {processor.py:830} INFO - Processing file /home/airflow/.local/lib/python3.11/site-packages/airflow/example_dags/example_trigger_target_dag.py for tasks to queue
[2024-03-07T18:14:26.617+0000] {logging_mixin.py:188} INFO - [2024-03-07T18:14:26.614+0000] {dagbag.py:540} INFO - Filling up the DagBag from /home/airflow/.local/lib/python3.11/site-packages/airflow/example_dags/example_trigger_target_dag.py
[2024-03-07T18:14:26.644+0000] {processor.py:840} INFO - DAG(s) 'example_trigger_target_dag' retrieved from /home/airflow/.local/lib/python3.11/site-packages/airflow/example_dags/example_trigger_target_dag.py
[2024-03-07T18:14:26.773+0000] {logging_mixin.py:188} INFO - [2024-03-07T18:14:26.771+0000] {dag.py:3047} INFO - Sync 1 DAGs
[2024-03-07T18:14:26.871+0000] {logging_mixin.py:188} INFO - [2024-03-07T18:14:26.869+0000] {dag.py:3834} INFO - Setting next_dagrun for example_trigger_target_dag to None, run_after=None
[2024-03-07T18:14:27.127+0000] {processor.py:183} INFO - Processing /home/airflow/.local/lib/python3.11/site-packages/airflow/example_dags/example_trigger_target_dag.py took 0.545 seconds
[2024-03-07T18:14:57.663+0000] {processor.py:161} INFO - Started process (PID=259) to work on /home/airflow/.local/lib/python3.11/site-packages/airflow/example_dags/example_trigger_target_dag.py
[2024-03-07T18:14:57.667+0000] {processor.py:830} INFO - Processing file /home/airflow/.local/lib/python3.11/site-packages/airflow/example_dags/example_trigger_target_dag.py for tasks to queue
[2024-03-07T18:14:57.673+0000] {logging_mixin.py:188} INFO - [2024-03-07T18:14:57.672+0000] {dagbag.py:540} INFO - Filling up the DagBag from /home/airflow/.local/lib/python3.11/site-packages/airflow/example_dags/example_trigger_target_dag.py
[2024-03-07T18:14:57.700+0000] {processor.py:840} INFO - DAG(s) 'example_trigger_target_dag' retrieved from /home/airflow/.local/lib/python3.11/site-packages/airflow/example_dags/example_trigger_target_dag.py
[2024-03-07T18:14:57.745+0000] {logging_mixin.py:188} INFO - [2024-03-07T18:14:57.745+0000] {dag.py:3047} INFO - Sync 1 DAGs
[2024-03-07T18:14:57.798+0000] {logging_mixin.py:188} INFO - [2024-03-07T18:14:57.797+0000] {dag.py:3834} INFO - Setting next_dagrun for example_trigger_target_dag to None, run_after=None
[2024-03-07T18:14:57.954+0000] {processor.py:183} INFO - Processing /home/airflow/.local/lib/python3.11/site-packages/airflow/example_dags/example_trigger_target_dag.py took 0.301 seconds
[2024-03-07T18:15:34.784+0000] {processor.py:161} INFO - Started process (PID=318) to work on /home/airflow/.local/lib/python3.11/site-packages/airflow/example_dags/example_trigger_target_dag.py
[2024-03-07T18:15:34.788+0000] {processor.py:830} INFO - Processing file /home/airflow/.local/lib/python3.11/site-packages/airflow/example_dags/example_trigger_target_dag.py for tasks to queue
[2024-03-07T18:15:34.801+0000] {logging_mixin.py:188} INFO - [2024-03-07T18:15:34.800+0000] {dagbag.py:540} INFO - Filling up the DagBag from /home/airflow/.local/lib/python3.11/site-packages/airflow/example_dags/example_trigger_target_dag.py
[2024-03-07T18:15:34.838+0000] {processor.py:840} INFO - DAG(s) 'example_trigger_target_dag' retrieved from /home/airflow/.local/lib/python3.11/site-packages/airflow/example_dags/example_trigger_target_dag.py
[2024-03-07T18:15:35.492+0000] {logging_mixin.py:188} INFO - [2024-03-07T18:15:35.491+0000] {dag.py:3047} INFO - Sync 1 DAGs
[2024-03-07T18:15:35.566+0000] {logging_mixin.py:188} INFO - [2024-03-07T18:15:35.565+0000] {dag.py:3834} INFO - Setting next_dagrun for example_trigger_target_dag to None, run_after=None
[2024-03-07T18:15:35.698+0000] {processor.py:183} INFO - Processing /home/airflow/.local/lib/python3.11/site-packages/airflow/example_dags/example_trigger_target_dag.py took 0.923 seconds
[2024-03-07T18:16:06.192+0000] {processor.py:161} INFO - Started process (PID=376) to work on /home/airflow/.local/lib/python3.11/site-packages/airflow/example_dags/example_trigger_target_dag.py
[2024-03-07T18:16:06.195+0000] {processor.py:830} INFO - Processing file /home/airflow/.local/lib/python3.11/site-packages/airflow/example_dags/example_trigger_target_dag.py for tasks to queue
[2024-03-07T18:16:06.201+0000] {logging_mixin.py:188} INFO - [2024-03-07T18:16:06.199+0000] {dagbag.py:540} INFO - Filling up the DagBag from /home/airflow/.local/lib/python3.11/site-packages/airflow/example_dags/example_trigger_target_dag.py
[2024-03-07T18:16:06.216+0000] {processor.py:840} INFO - DAG(s) 'example_trigger_target_dag' retrieved from /home/airflow/.local/lib/python3.11/site-packages/airflow/example_dags/example_trigger_target_dag.py
[2024-03-07T18:16:06.276+0000] {logging_mixin.py:188} INFO - [2024-03-07T18:16:06.275+0000] {dag.py:3047} INFO - Sync 1 DAGs
[2024-03-07T18:16:06.319+0000] {logging_mixin.py:188} INFO - [2024-03-07T18:16:06.319+0000] {dag.py:3834} INFO - Setting next_dagrun for example_trigger_target_dag to None, run_after=None
[2024-03-07T18:16:06.381+0000] {processor.py:183} INFO - Processing /home/airflow/.local/lib/python3.11/site-packages/airflow/example_dags/example_trigger_target_dag.py took 0.200 seconds
[2024-03-07T18:16:36.648+0000] {processor.py:161} INFO - Started process (PID=434) to work on /home/airflow/.local/lib/python3.11/site-packages/airflow/example_dags/example_trigger_target_dag.py
[2024-03-07T18:16:36.650+0000] {processor.py:830} INFO - Processing file /home/airflow/.local/lib/python3.11/site-packages/airflow/example_dags/example_trigger_target_dag.py for tasks to queue
[2024-03-07T18:16:36.655+0000] {logging_mixin.py:188} INFO - [2024-03-07T18:16:36.654+0000] {dagbag.py:540} INFO - Filling up the DagBag from /home/airflow/.local/lib/python3.11/site-packages/airflow/example_dags/example_trigger_target_dag.py
[2024-03-07T18:16:36.669+0000] {processor.py:840} INFO - DAG(s) 'example_trigger_target_dag' retrieved from /home/airflow/.local/lib/python3.11/site-packages/airflow/example_dags/example_trigger_target_dag.py
[2024-03-07T18:16:36.720+0000] {logging_mixin.py:188} INFO - [2024-03-07T18:16:36.719+0000] {dag.py:3047} INFO - Sync 1 DAGs
[2024-03-07T18:16:36.751+0000] {logging_mixin.py:188} INFO - [2024-03-07T18:16:36.751+0000] {dag.py:3834} INFO - Setting next_dagrun for example_trigger_target_dag to None, run_after=None
[2024-03-07T18:16:36.808+0000] {processor.py:183} INFO - Processing /home/airflow/.local/lib/python3.11/site-packages/airflow/example_dags/example_trigger_target_dag.py took 0.167 seconds
[2024-03-07T18:17:07.300+0000] {processor.py:161} INFO - Started process (PID=492) to work on /home/airflow/.local/lib/python3.11/site-packages/airflow/example_dags/example_trigger_target_dag.py
[2024-03-07T18:17:08.059+0000] {processor.py:830} INFO - Processing file /home/airflow/.local/lib/python3.11/site-packages/airflow/example_dags/example_trigger_target_dag.py for tasks to queue
[2024-03-07T18:17:08.064+0000] {logging_mixin.py:188} INFO - [2024-03-07T18:17:08.063+0000] {dagbag.py:540} INFO - Filling up the DagBag from /home/airflow/.local/lib/python3.11/site-packages/airflow/example_dags/example_trigger_target_dag.py
[2024-03-07T18:17:08.096+0000] {processor.py:840} INFO - DAG(s) 'example_trigger_target_dag' retrieved from /home/airflow/.local/lib/python3.11/site-packages/airflow/example_dags/example_trigger_target_dag.py
[2024-03-07T18:17:08.184+0000] {logging_mixin.py:188} INFO - [2024-03-07T18:17:08.183+0000] {dag.py:3047} INFO - Sync 1 DAGs
[2024-03-07T18:17:08.221+0000] {logging_mixin.py:188} INFO - [2024-03-07T18:17:08.221+0000] {dag.py:3834} INFO - Setting next_dagrun for example_trigger_target_dag to None, run_after=None
[2024-03-07T18:17:08.275+0000] {processor.py:183} INFO - Processing /home/airflow/.local/lib/python3.11/site-packages/airflow/example_dags/example_trigger_target_dag.py took 0.982 seconds
[2024-03-07T18:17:38.899+0000] {processor.py:161} INFO - Started process (PID=555) to work on /home/airflow/.local/lib/python3.11/site-packages/airflow/example_dags/example_trigger_target_dag.py
[2024-03-07T18:17:38.917+0000] {processor.py:830} INFO - Processing file /home/airflow/.local/lib/python3.11/site-packages/airflow/example_dags/example_trigger_target_dag.py for tasks to queue
[2024-03-07T18:17:38.929+0000] {logging_mixin.py:188} INFO - [2024-03-07T18:17:38.928+0000] {dagbag.py:540} INFO - Filling up the DagBag from /home/airflow/.local/lib/python3.11/site-packages/airflow/example_dags/example_trigger_target_dag.py
[2024-03-07T18:17:38.944+0000] {processor.py:840} INFO - DAG(s) 'example_trigger_target_dag' retrieved from /home/airflow/.local/lib/python3.11/site-packages/airflow/example_dags/example_trigger_target_dag.py
[2024-03-07T18:17:39.005+0000] {logging_mixin.py:188} INFO - [2024-03-07T18:17:39.005+0000] {dag.py:3047} INFO - Sync 1 DAGs
[2024-03-07T18:17:39.034+0000] {logging_mixin.py:188} INFO - [2024-03-07T18:17:39.033+0000] {dag.py:3834} INFO - Setting next_dagrun for example_trigger_target_dag to None, run_after=None
[2024-03-07T18:17:39.109+0000] {processor.py:183} INFO - Processing /home/airflow/.local/lib/python3.11/site-packages/airflow/example_dags/example_trigger_target_dag.py took 0.230 seconds
[2024-03-07T18:18:09.362+0000] {processor.py:161} INFO - Started process (PID=613) to work on /home/airflow/.local/lib/python3.11/site-packages/airflow/example_dags/example_trigger_target_dag.py
[2024-03-07T18:18:09.374+0000] {processor.py:830} INFO - Processing file /home/airflow/.local/lib/python3.11/site-packages/airflow/example_dags/example_trigger_target_dag.py for tasks to queue
[2024-03-07T18:18:09.382+0000] {logging_mixin.py:188} INFO - [2024-03-07T18:18:09.381+0000] {dagbag.py:540} INFO - Filling up the DagBag from /home/airflow/.local/lib/python3.11/site-packages/airflow/example_dags/example_trigger_target_dag.py
[2024-03-07T18:18:09.411+0000] {processor.py:840} INFO - DAG(s) 'example_trigger_target_dag' retrieved from /home/airflow/.local/lib/python3.11/site-packages/airflow/example_dags/example_trigger_target_dag.py
[2024-03-07T18:18:09.458+0000] {logging_mixin.py:188} INFO - [2024-03-07T18:18:09.458+0000] {dag.py:3047} INFO - Sync 1 DAGs
[2024-03-07T18:18:09.492+0000] {logging_mixin.py:188} INFO - [2024-03-07T18:18:09.492+0000] {dag.py:3834} INFO - Setting next_dagrun for example_trigger_target_dag to None, run_after=None
[2024-03-07T18:18:09.551+0000] {processor.py:183} INFO - Processing /home/airflow/.local/lib/python3.11/site-packages/airflow/example_dags/example_trigger_target_dag.py took 0.201 seconds
[2024-03-07T18:18:39.671+0000] {processor.py:161} INFO - Started process (PID=671) to work on /home/airflow/.local/lib/python3.11/site-packages/airflow/example_dags/example_trigger_target_dag.py
[2024-03-07T18:18:39.673+0000] {processor.py:830} INFO - Processing file /home/airflow/.local/lib/python3.11/site-packages/airflow/example_dags/example_trigger_target_dag.py for tasks to queue
[2024-03-07T18:18:39.678+0000] {logging_mixin.py:188} INFO - [2024-03-07T18:18:39.677+0000] {dagbag.py:540} INFO - Filling up the DagBag from /home/airflow/.local/lib/python3.11/site-packages/airflow/example_dags/example_trigger_target_dag.py
[2024-03-07T18:18:39.693+0000] {processor.py:840} INFO - DAG(s) 'example_trigger_target_dag' retrieved from /home/airflow/.local/lib/python3.11/site-packages/airflow/example_dags/example_trigger_target_dag.py
[2024-03-07T18:18:39.734+0000] {logging_mixin.py:188} INFO - [2024-03-07T18:18:39.733+0000] {dag.py:3047} INFO - Sync 1 DAGs
[2024-03-07T18:18:39.765+0000] {logging_mixin.py:188} INFO - [2024-03-07T18:18:39.765+0000] {dag.py:3834} INFO - Setting next_dagrun for example_trigger_target_dag to None, run_after=None
[2024-03-07T18:18:39.847+0000] {processor.py:183} INFO - Processing /home/airflow/.local/lib/python3.11/site-packages/airflow/example_dags/example_trigger_target_dag.py took 0.182 seconds
[2024-03-07T18:19:09.957+0000] {processor.py:161} INFO - Started process (PID=730) to work on /home/airflow/.local/lib/python3.11/site-packages/airflow/example_dags/example_trigger_target_dag.py
[2024-03-07T18:19:09.960+0000] {processor.py:830} INFO - Processing file /home/airflow/.local/lib/python3.11/site-packages/airflow/example_dags/example_trigger_target_dag.py for tasks to queue
[2024-03-07T18:19:09.964+0000] {logging_mixin.py:188} INFO - [2024-03-07T18:19:09.964+0000] {dagbag.py:540} INFO - Filling up the DagBag from /home/airflow/.local/lib/python3.11/site-packages/airflow/example_dags/example_trigger_target_dag.py
[2024-03-07T18:19:09.977+0000] {processor.py:840} INFO - DAG(s) 'example_trigger_target_dag' retrieved from /home/airflow/.local/lib/python3.11/site-packages/airflow/example_dags/example_trigger_target_dag.py
[2024-03-07T18:19:10.021+0000] {logging_mixin.py:188} INFO - [2024-03-07T18:19:10.021+0000] {dag.py:3047} INFO - Sync 1 DAGs
[2024-03-07T18:19:10.054+0000] {logging_mixin.py:188} INFO - [2024-03-07T18:19:10.054+0000] {dag.py:3834} INFO - Setting next_dagrun for example_trigger_target_dag to None, run_after=None
[2024-03-07T18:19:10.106+0000] {processor.py:183} INFO - Processing /home/airflow/.local/lib/python3.11/site-packages/airflow/example_dags/example_trigger_target_dag.py took 0.154 seconds
[2024-03-07T18:19:40.385+0000] {processor.py:161} INFO - Started process (PID=788) to work on /home/airflow/.local/lib/python3.11/site-packages/airflow/example_dags/example_trigger_target_dag.py
[2024-03-07T18:19:40.388+0000] {processor.py:830} INFO - Processing file /home/airflow/.local/lib/python3.11/site-packages/airflow/example_dags/example_trigger_target_dag.py for tasks to queue
[2024-03-07T18:19:40.393+0000] {logging_mixin.py:188} INFO - [2024-03-07T18:19:40.392+0000] {dagbag.py:540} INFO - Filling up the DagBag from /home/airflow/.local/lib/python3.11/site-packages/airflow/example_dags/example_trigger_target_dag.py
[2024-03-07T18:19:40.406+0000] {processor.py:840} INFO - DAG(s) 'example_trigger_target_dag' retrieved from /home/airflow/.local/lib/python3.11/site-packages/airflow/example_dags/example_trigger_target_dag.py
[2024-03-07T18:19:40.450+0000] {logging_mixin.py:188} INFO - [2024-03-07T18:19:40.450+0000] {dag.py:3047} INFO - Sync 1 DAGs
[2024-03-07T18:19:40.479+0000] {logging_mixin.py:188} INFO - [2024-03-07T18:19:40.479+0000] {dag.py:3834} INFO - Setting next_dagrun for example_trigger_target_dag to None, run_after=None
[2024-03-07T18:19:40.525+0000] {processor.py:183} INFO - Processing /home/airflow/.local/lib/python3.11/site-packages/airflow/example_dags/example_trigger_target_dag.py took 0.146 seconds
[2024-03-07T18:20:11.143+0000] {processor.py:161} INFO - Started process (PID=845) to work on /home/airflow/.local/lib/python3.11/site-packages/airflow/example_dags/example_trigger_target_dag.py
[2024-03-07T18:20:11.146+0000] {processor.py:830} INFO - Processing file /home/airflow/.local/lib/python3.11/site-packages/airflow/example_dags/example_trigger_target_dag.py for tasks to queue
[2024-03-07T18:20:11.150+0000] {logging_mixin.py:188} INFO - [2024-03-07T18:20:11.149+0000] {dagbag.py:540} INFO - Filling up the DagBag from /home/airflow/.local/lib/python3.11/site-packages/airflow/example_dags/example_trigger_target_dag.py
[2024-03-07T18:20:11.161+0000] {processor.py:840} INFO - DAG(s) 'example_trigger_target_dag' retrieved from /home/airflow/.local/lib/python3.11/site-packages/airflow/example_dags/example_trigger_target_dag.py
[2024-03-07T18:20:11.216+0000] {logging_mixin.py:188} INFO - [2024-03-07T18:20:11.216+0000] {dag.py:3047} INFO - Sync 1 DAGs
[2024-03-07T18:20:11.245+0000] {logging_mixin.py:188} INFO - [2024-03-07T18:20:11.244+0000] {dag.py:3834} INFO - Setting next_dagrun for example_trigger_target_dag to None, run_after=None
[2024-03-07T18:20:11.308+0000] {processor.py:183} INFO - Processing /home/airflow/.local/lib/python3.11/site-packages/airflow/example_dags/example_trigger_target_dag.py took 0.174 seconds
[2024-03-07T18:20:41.518+0000] {processor.py:161} INFO - Started process (PID=903) to work on /home/airflow/.local/lib/python3.11/site-packages/airflow/example_dags/example_trigger_target_dag.py
[2024-03-07T18:20:41.521+0000] {processor.py:830} INFO - Processing file /home/airflow/.local/lib/python3.11/site-packages/airflow/example_dags/example_trigger_target_dag.py for tasks to queue
[2024-03-07T18:20:41.527+0000] {logging_mixin.py:188} INFO - [2024-03-07T18:20:41.525+0000] {dagbag.py:540} INFO - Filling up the DagBag from /home/airflow/.local/lib/python3.11/site-packages/airflow/example_dags/example_trigger_target_dag.py
[2024-03-07T18:20:41.542+0000] {processor.py:840} INFO - DAG(s) 'example_trigger_target_dag' retrieved from /home/airflow/.local/lib/python3.11/site-packages/airflow/example_dags/example_trigger_target_dag.py
[2024-03-07T18:20:41.597+0000] {logging_mixin.py:188} INFO - [2024-03-07T18:20:41.596+0000] {dag.py:3047} INFO - Sync 1 DAGs
[2024-03-07T18:20:41.640+0000] {logging_mixin.py:188} INFO - [2024-03-07T18:20:41.639+0000] {dag.py:3834} INFO - Setting next_dagrun for example_trigger_target_dag to None, run_after=None
[2024-03-07T18:20:41.721+0000] {processor.py:183} INFO - Processing /home/airflow/.local/lib/python3.11/site-packages/airflow/example_dags/example_trigger_target_dag.py took 0.208 seconds
[2024-03-07T18:21:12.226+0000] {processor.py:161} INFO - Started process (PID=960) to work on /home/airflow/.local/lib/python3.11/site-packages/airflow/example_dags/example_trigger_target_dag.py
[2024-03-07T18:21:12.228+0000] {processor.py:830} INFO - Processing file /home/airflow/.local/lib/python3.11/site-packages/airflow/example_dags/example_trigger_target_dag.py for tasks to queue
[2024-03-07T18:21:12.232+0000] {logging_mixin.py:188} INFO - [2024-03-07T18:21:12.231+0000] {dagbag.py:540} INFO - Filling up the DagBag from /home/airflow/.local/lib/python3.11/site-packages/airflow/example_dags/example_trigger_target_dag.py
[2024-03-07T18:21:12.242+0000] {processor.py:840} INFO - DAG(s) 'example_trigger_target_dag' retrieved from /home/airflow/.local/lib/python3.11/site-packages/airflow/example_dags/example_trigger_target_dag.py
[2024-03-07T18:21:12.279+0000] {logging_mixin.py:188} INFO - [2024-03-07T18:21:12.279+0000] {dag.py:3047} INFO - Sync 1 DAGs
[2024-03-07T18:21:12.301+0000] {logging_mixin.py:188} INFO - [2024-03-07T18:21:12.301+0000] {dag.py:3834} INFO - Setting next_dagrun for example_trigger_target_dag to None, run_after=None
[2024-03-07T18:21:12.354+0000] {processor.py:183} INFO - Processing /home/airflow/.local/lib/python3.11/site-packages/airflow/example_dags/example_trigger_target_dag.py took 0.132 seconds
[2024-03-07T18:21:46.070+0000] {processor.py:161} INFO - Started process (PID=1018) to work on /home/airflow/.local/lib/python3.11/site-packages/airflow/example_dags/example_trigger_target_dag.py
[2024-03-07T18:21:46.073+0000] {processor.py:830} INFO - Processing file /home/airflow/.local/lib/python3.11/site-packages/airflow/example_dags/example_trigger_target_dag.py for tasks to queue
[2024-03-07T18:21:46.080+0000] {logging_mixin.py:188} INFO - [2024-03-07T18:21:46.079+0000] {dagbag.py:540} INFO - Filling up the DagBag from /home/airflow/.local/lib/python3.11/site-packages/airflow/example_dags/example_trigger_target_dag.py
[2024-03-07T18:21:46.110+0000] {processor.py:840} INFO - DAG(s) 'example_trigger_target_dag' retrieved from /home/airflow/.local/lib/python3.11/site-packages/airflow/example_dags/example_trigger_target_dag.py
[2024-03-07T18:21:46.191+0000] {logging_mixin.py:188} INFO - [2024-03-07T18:21:46.190+0000] {dag.py:3047} INFO - Sync 1 DAGs
[2024-03-07T18:21:46.277+0000] {logging_mixin.py:188} INFO - [2024-03-07T18:21:46.275+0000] {dag.py:3834} INFO - Setting next_dagrun for example_trigger_target_dag to None, run_after=None
[2024-03-07T18:21:46.410+0000] {processor.py:183} INFO - Processing /home/airflow/.local/lib/python3.11/site-packages/airflow/example_dags/example_trigger_target_dag.py took 0.350 seconds
[2024-03-07T18:22:16.581+0000] {processor.py:161} INFO - Started process (PID=1076) to work on /home/airflow/.local/lib/python3.11/site-packages/airflow/example_dags/example_trigger_target_dag.py
[2024-03-07T18:22:16.585+0000] {processor.py:830} INFO - Processing file /home/airflow/.local/lib/python3.11/site-packages/airflow/example_dags/example_trigger_target_dag.py for tasks to queue
[2024-03-07T18:22:16.591+0000] {logging_mixin.py:188} INFO - [2024-03-07T18:22:16.590+0000] {dagbag.py:540} INFO - Filling up the DagBag from /home/airflow/.local/lib/python3.11/site-packages/airflow/example_dags/example_trigger_target_dag.py
[2024-03-07T18:22:16.606+0000] {processor.py:840} INFO - DAG(s) 'example_trigger_target_dag' retrieved from /home/airflow/.local/lib/python3.11/site-packages/airflow/example_dags/example_trigger_target_dag.py
[2024-03-07T18:22:16.649+0000] {logging_mixin.py:188} INFO - [2024-03-07T18:22:16.648+0000] {dag.py:3047} INFO - Sync 1 DAGs
[2024-03-07T18:22:16.675+0000] {logging_mixin.py:188} INFO - [2024-03-07T18:22:16.674+0000] {dag.py:3834} INFO - Setting next_dagrun for example_trigger_target_dag to None, run_after=None
[2024-03-07T18:22:16.722+0000] {processor.py:183} INFO - Processing /home/airflow/.local/lib/python3.11/site-packages/airflow/example_dags/example_trigger_target_dag.py took 0.148 seconds
[2024-03-07T18:22:48.459+0000] {processor.py:161} INFO - Started process (PID=1135) to work on /home/airflow/.local/lib/python3.11/site-packages/airflow/example_dags/example_trigger_target_dag.py
[2024-03-07T18:22:48.461+0000] {processor.py:830} INFO - Processing file /home/airflow/.local/lib/python3.11/site-packages/airflow/example_dags/example_trigger_target_dag.py for tasks to queue
[2024-03-07T18:22:48.466+0000] {logging_mixin.py:188} INFO - [2024-03-07T18:22:48.465+0000] {dagbag.py:540} INFO - Filling up the DagBag from /home/airflow/.local/lib/python3.11/site-packages/airflow/example_dags/example_trigger_target_dag.py
[2024-03-07T18:22:48.483+0000] {processor.py:840} INFO - DAG(s) 'example_trigger_target_dag' retrieved from /home/airflow/.local/lib/python3.11/site-packages/airflow/example_dags/example_trigger_target_dag.py
[2024-03-07T18:22:48.524+0000] {logging_mixin.py:188} INFO - [2024-03-07T18:22:48.524+0000] {dag.py:3047} INFO - Sync 1 DAGs
[2024-03-07T18:22:48.552+0000] {logging_mixin.py:188} INFO - [2024-03-07T18:22:48.551+0000] {dag.py:3834} INFO - Setting next_dagrun for example_trigger_target_dag to None, run_after=None
[2024-03-07T18:22:48.606+0000] {processor.py:183} INFO - Processing /home/airflow/.local/lib/python3.11/site-packages/airflow/example_dags/example_trigger_target_dag.py took 0.152 seconds
[2024-03-07T18:23:19.835+0000] {processor.py:161} INFO - Started process (PID=1193) to work on /home/airflow/.local/lib/python3.11/site-packages/airflow/example_dags/example_trigger_target_dag.py
[2024-03-07T18:23:19.838+0000] {processor.py:830} INFO - Processing file /home/airflow/.local/lib/python3.11/site-packages/airflow/example_dags/example_trigger_target_dag.py for tasks to queue
[2024-03-07T18:23:19.843+0000] {logging_mixin.py:188} INFO - [2024-03-07T18:23:19.842+0000] {dagbag.py:540} INFO - Filling up the DagBag from /home/airflow/.local/lib/python3.11/site-packages/airflow/example_dags/example_trigger_target_dag.py
[2024-03-07T18:23:19.863+0000] {processor.py:840} INFO - DAG(s) 'example_trigger_target_dag' retrieved from /home/airflow/.local/lib/python3.11/site-packages/airflow/example_dags/example_trigger_target_dag.py
[2024-03-07T18:23:19.917+0000] {logging_mixin.py:188} INFO - [2024-03-07T18:23:19.917+0000] {dag.py:3047} INFO - Sync 1 DAGs
[2024-03-07T18:23:19.972+0000] {logging_mixin.py:188} INFO - [2024-03-07T18:23:19.971+0000] {dag.py:3834} INFO - Setting next_dagrun for example_trigger_target_dag to None, run_after=None
[2024-03-07T18:23:20.034+0000] {processor.py:183} INFO - Processing /home/airflow/.local/lib/python3.11/site-packages/airflow/example_dags/example_trigger_target_dag.py took 0.223 seconds
[2024-03-07T18:23:50.989+0000] {processor.py:161} INFO - Started process (PID=1252) to work on /home/airflow/.local/lib/python3.11/site-packages/airflow/example_dags/example_trigger_target_dag.py
[2024-03-07T18:23:50.991+0000] {processor.py:830} INFO - Processing file /home/airflow/.local/lib/python3.11/site-packages/airflow/example_dags/example_trigger_target_dag.py for tasks to queue
[2024-03-07T18:23:50.994+0000] {logging_mixin.py:188} INFO - [2024-03-07T18:23:50.994+0000] {dagbag.py:540} INFO - Filling up the DagBag from /home/airflow/.local/lib/python3.11/site-packages/airflow/example_dags/example_trigger_target_dag.py
[2024-03-07T18:23:51.005+0000] {processor.py:840} INFO - DAG(s) 'example_trigger_target_dag' retrieved from /home/airflow/.local/lib/python3.11/site-packages/airflow/example_dags/example_trigger_target_dag.py
[2024-03-07T18:23:51.044+0000] {logging_mixin.py:188} INFO - [2024-03-07T18:23:51.043+0000] {dag.py:3047} INFO - Sync 1 DAGs
[2024-03-07T18:23:51.070+0000] {logging_mixin.py:188} INFO - [2024-03-07T18:23:51.069+0000] {dag.py:3834} INFO - Setting next_dagrun for example_trigger_target_dag to None, run_after=None
[2024-03-07T18:23:51.119+0000] {processor.py:183} INFO - Processing /home/airflow/.local/lib/python3.11/site-packages/airflow/example_dags/example_trigger_target_dag.py took 0.134 seconds
[2024-03-07T18:24:23.188+0000] {processor.py:161} INFO - Started process (PID=1310) to work on /home/airflow/.local/lib/python3.11/site-packages/airflow/example_dags/example_trigger_target_dag.py
[2024-03-07T18:24:23.191+0000] {processor.py:830} INFO - Processing file /home/airflow/.local/lib/python3.11/site-packages/airflow/example_dags/example_trigger_target_dag.py for tasks to queue
[2024-03-07T18:24:23.195+0000] {logging_mixin.py:188} INFO - [2024-03-07T18:24:23.194+0000] {dagbag.py:540} INFO - Filling up the DagBag from /home/airflow/.local/lib/python3.11/site-packages/airflow/example_dags/example_trigger_target_dag.py
[2024-03-07T18:24:23.206+0000] {processor.py:840} INFO - DAG(s) 'example_trigger_target_dag' retrieved from /home/airflow/.local/lib/python3.11/site-packages/airflow/example_dags/example_trigger_target_dag.py
[2024-03-07T18:24:23.246+0000] {logging_mixin.py:188} INFO - [2024-03-07T18:24:23.246+0000] {dag.py:3047} INFO - Sync 1 DAGs
[2024-03-07T18:24:23.275+0000] {logging_mixin.py:188} INFO - [2024-03-07T18:24:23.274+0000] {dag.py:3834} INFO - Setting next_dagrun for example_trigger_target_dag to None, run_after=None
[2024-03-07T18:24:23.341+0000] {processor.py:183} INFO - Processing /home/airflow/.local/lib/python3.11/site-packages/airflow/example_dags/example_trigger_target_dag.py took 0.160 seconds
[2024-03-07T18:24:54.586+0000] {processor.py:161} INFO - Started process (PID=1368) to work on /home/airflow/.local/lib/python3.11/site-packages/airflow/example_dags/example_trigger_target_dag.py
[2024-03-07T18:24:54.588+0000] {processor.py:830} INFO - Processing file /home/airflow/.local/lib/python3.11/site-packages/airflow/example_dags/example_trigger_target_dag.py for tasks to queue
[2024-03-07T18:24:54.592+0000] {logging_mixin.py:188} INFO - [2024-03-07T18:24:54.592+0000] {dagbag.py:540} INFO - Filling up the DagBag from /home/airflow/.local/lib/python3.11/site-packages/airflow/example_dags/example_trigger_target_dag.py
[2024-03-07T18:24:54.602+0000] {processor.py:840} INFO - DAG(s) 'example_trigger_target_dag' retrieved from /home/airflow/.local/lib/python3.11/site-packages/airflow/example_dags/example_trigger_target_dag.py
[2024-03-07T18:24:54.639+0000] {logging_mixin.py:188} INFO - [2024-03-07T18:24:54.638+0000] {dag.py:3047} INFO - Sync 1 DAGs
[2024-03-07T18:24:54.667+0000] {logging_mixin.py:188} INFO - [2024-03-07T18:24:54.666+0000] {dag.py:3834} INFO - Setting next_dagrun for example_trigger_target_dag to None, run_after=None
[2024-03-07T18:24:54.724+0000] {processor.py:183} INFO - Processing /home/airflow/.local/lib/python3.11/site-packages/airflow/example_dags/example_trigger_target_dag.py took 0.143 seconds
[2024-03-07T18:25:27.277+0000] {processor.py:161} INFO - Started process (PID=1427) to work on /home/airflow/.local/lib/python3.11/site-packages/airflow/example_dags/example_trigger_target_dag.py
[2024-03-07T18:25:27.279+0000] {processor.py:830} INFO - Processing file /home/airflow/.local/lib/python3.11/site-packages/airflow/example_dags/example_trigger_target_dag.py for tasks to queue
[2024-03-07T18:25:27.283+0000] {logging_mixin.py:188} INFO - [2024-03-07T18:25:27.283+0000] {dagbag.py:540} INFO - Filling up the DagBag from /home/airflow/.local/lib/python3.11/site-packages/airflow/example_dags/example_trigger_target_dag.py
[2024-03-07T18:25:27.294+0000] {processor.py:840} INFO - DAG(s) 'example_trigger_target_dag' retrieved from /home/airflow/.local/lib/python3.11/site-packages/airflow/example_dags/example_trigger_target_dag.py
[2024-03-07T18:25:27.346+0000] {logging_mixin.py:188} INFO - [2024-03-07T18:25:27.345+0000] {dag.py:3047} INFO - Sync 1 DAGs
[2024-03-07T18:25:27.379+0000] {logging_mixin.py:188} INFO - [2024-03-07T18:25:27.378+0000] {dag.py:3834} INFO - Setting next_dagrun for example_trigger_target_dag to None, run_after=None
[2024-03-07T18:25:27.448+0000] {processor.py:183} INFO - Processing /home/airflow/.local/lib/python3.11/site-packages/airflow/example_dags/example_trigger_target_dag.py took 0.176 seconds
[2024-03-07T18:25:59.112+0000] {processor.py:161} INFO - Started process (PID=1484) to work on /home/airflow/.local/lib/python3.11/site-packages/airflow/example_dags/example_trigger_target_dag.py
[2024-03-07T18:25:59.115+0000] {processor.py:830} INFO - Processing file /home/airflow/.local/lib/python3.11/site-packages/airflow/example_dags/example_trigger_target_dag.py for tasks to queue
[2024-03-07T18:25:59.119+0000] {logging_mixin.py:188} INFO - [2024-03-07T18:25:59.118+0000] {dagbag.py:540} INFO - Filling up the DagBag from /home/airflow/.local/lib/python3.11/site-packages/airflow/example_dags/example_trigger_target_dag.py
[2024-03-07T18:25:59.132+0000] {processor.py:840} INFO - DAG(s) 'example_trigger_target_dag' retrieved from /home/airflow/.local/lib/python3.11/site-packages/airflow/example_dags/example_trigger_target_dag.py
[2024-03-07T18:25:59.182+0000] {logging_mixin.py:188} INFO - [2024-03-07T18:25:59.181+0000] {dag.py:3047} INFO - Sync 1 DAGs
[2024-03-07T18:25:59.220+0000] {logging_mixin.py:188} INFO - [2024-03-07T18:25:59.219+0000] {dag.py:3834} INFO - Setting next_dagrun for example_trigger_target_dag to None, run_after=None
[2024-03-07T18:25:59.279+0000] {processor.py:183} INFO - Processing /home/airflow/.local/lib/python3.11/site-packages/airflow/example_dags/example_trigger_target_dag.py took 0.174 seconds
[2024-03-07T18:26:31.056+0000] {processor.py:161} INFO - Started process (PID=1542) to work on /home/airflow/.local/lib/python3.11/site-packages/airflow/example_dags/example_trigger_target_dag.py
[2024-03-07T18:26:31.058+0000] {processor.py:830} INFO - Processing file /home/airflow/.local/lib/python3.11/site-packages/airflow/example_dags/example_trigger_target_dag.py for tasks to queue
[2024-03-07T18:26:31.062+0000] {logging_mixin.py:188} INFO - [2024-03-07T18:26:31.061+0000] {dagbag.py:540} INFO - Filling up the DagBag from /home/airflow/.local/lib/python3.11/site-packages/airflow/example_dags/example_trigger_target_dag.py
[2024-03-07T18:26:31.072+0000] {processor.py:840} INFO - DAG(s) 'example_trigger_target_dag' retrieved from /home/airflow/.local/lib/python3.11/site-packages/airflow/example_dags/example_trigger_target_dag.py
[2024-03-07T18:26:31.111+0000] {logging_mixin.py:188} INFO - [2024-03-07T18:26:31.111+0000] {dag.py:3047} INFO - Sync 1 DAGs
[2024-03-07T18:26:31.135+0000] {logging_mixin.py:188} INFO - [2024-03-07T18:26:31.135+0000] {dag.py:3834} INFO - Setting next_dagrun for example_trigger_target_dag to None, run_after=None
[2024-03-07T18:26:31.198+0000] {processor.py:183} INFO - Processing /home/airflow/.local/lib/python3.11/site-packages/airflow/example_dags/example_trigger_target_dag.py took 0.148 seconds
[2024-03-07T18:27:03.088+0000] {processor.py:161} INFO - Started process (PID=1600) to work on /home/airflow/.local/lib/python3.11/site-packages/airflow/example_dags/example_trigger_target_dag.py
[2024-03-07T18:27:03.091+0000] {processor.py:830} INFO - Processing file /home/airflow/.local/lib/python3.11/site-packages/airflow/example_dags/example_trigger_target_dag.py for tasks to queue
[2024-03-07T18:27:03.095+0000] {logging_mixin.py:188} INFO - [2024-03-07T18:27:03.094+0000] {dagbag.py:540} INFO - Filling up the DagBag from /home/airflow/.local/lib/python3.11/site-packages/airflow/example_dags/example_trigger_target_dag.py
[2024-03-07T18:27:03.106+0000] {processor.py:840} INFO - DAG(s) 'example_trigger_target_dag' retrieved from /home/airflow/.local/lib/python3.11/site-packages/airflow/example_dags/example_trigger_target_dag.py
[2024-03-07T18:27:03.146+0000] {logging_mixin.py:188} INFO - [2024-03-07T18:27:03.146+0000] {dag.py:3047} INFO - Sync 1 DAGs
[2024-03-07T18:27:03.170+0000] {logging_mixin.py:188} INFO - [2024-03-07T18:27:03.170+0000] {dag.py:3834} INFO - Setting next_dagrun for example_trigger_target_dag to None, run_after=None
[2024-03-07T18:27:03.219+0000] {processor.py:183} INFO - Processing /home/airflow/.local/lib/python3.11/site-packages/airflow/example_dags/example_trigger_target_dag.py took 0.138 seconds
[2024-03-07T18:27:36.042+0000] {processor.py:161} INFO - Started process (PID=1657) to work on /home/airflow/.local/lib/python3.11/site-packages/airflow/example_dags/example_trigger_target_dag.py
[2024-03-07T18:27:36.045+0000] {processor.py:830} INFO - Processing file /home/airflow/.local/lib/python3.11/site-packages/airflow/example_dags/example_trigger_target_dag.py for tasks to queue
[2024-03-07T18:27:36.049+0000] {logging_mixin.py:188} INFO - [2024-03-07T18:27:36.048+0000] {dagbag.py:540} INFO - Filling up the DagBag from /home/airflow/.local/lib/python3.11/site-packages/airflow/example_dags/example_trigger_target_dag.py
[2024-03-07T18:27:36.060+0000] {processor.py:840} INFO - DAG(s) 'example_trigger_target_dag' retrieved from /home/airflow/.local/lib/python3.11/site-packages/airflow/example_dags/example_trigger_target_dag.py
[2024-03-07T18:27:36.102+0000] {logging_mixin.py:188} INFO - [2024-03-07T18:27:36.102+0000] {dag.py:3047} INFO - Sync 1 DAGs
[2024-03-07T18:27:36.126+0000] {logging_mixin.py:188} INFO - [2024-03-07T18:27:36.126+0000] {dag.py:3834} INFO - Setting next_dagrun for example_trigger_target_dag to None, run_after=None
[2024-03-07T18:27:36.189+0000] {processor.py:183} INFO - Processing /home/airflow/.local/lib/python3.11/site-packages/airflow/example_dags/example_trigger_target_dag.py took 0.152 seconds
[2024-03-07T18:28:10.147+0000] {processor.py:161} INFO - Started process (PID=1715) to work on /home/airflow/.local/lib/python3.11/site-packages/airflow/example_dags/example_trigger_target_dag.py
[2024-03-07T18:28:10.151+0000] {processor.py:830} INFO - Processing file /home/airflow/.local/lib/python3.11/site-packages/airflow/example_dags/example_trigger_target_dag.py for tasks to queue
[2024-03-07T18:28:10.158+0000] {logging_mixin.py:188} INFO - [2024-03-07T18:28:10.157+0000] {dagbag.py:540} INFO - Filling up the DagBag from /home/airflow/.local/lib/python3.11/site-packages/airflow/example_dags/example_trigger_target_dag.py
[2024-03-07T18:28:10.173+0000] {processor.py:840} INFO - DAG(s) 'example_trigger_target_dag' retrieved from /home/airflow/.local/lib/python3.11/site-packages/airflow/example_dags/example_trigger_target_dag.py
[2024-03-07T18:28:10.240+0000] {logging_mixin.py:188} INFO - [2024-03-07T18:28:10.239+0000] {dag.py:3047} INFO - Sync 1 DAGs
[2024-03-07T18:28:10.315+0000] {logging_mixin.py:188} INFO - [2024-03-07T18:28:10.313+0000] {dag.py:3834} INFO - Setting next_dagrun for example_trigger_target_dag to None, run_after=None
[2024-03-07T18:28:10.489+0000] {processor.py:183} INFO - Processing /home/airflow/.local/lib/python3.11/site-packages/airflow/example_dags/example_trigger_target_dag.py took 0.353 seconds
[2024-03-07T18:28:40.669+0000] {processor.py:161} INFO - Started process (PID=1773) to work on /home/airflow/.local/lib/python3.11/site-packages/airflow/example_dags/example_trigger_target_dag.py
[2024-03-07T18:28:40.671+0000] {processor.py:830} INFO - Processing file /home/airflow/.local/lib/python3.11/site-packages/airflow/example_dags/example_trigger_target_dag.py for tasks to queue
[2024-03-07T18:28:40.676+0000] {logging_mixin.py:188} INFO - [2024-03-07T18:28:40.675+0000] {dagbag.py:540} INFO - Filling up the DagBag from /home/airflow/.local/lib/python3.11/site-packages/airflow/example_dags/example_trigger_target_dag.py
[2024-03-07T18:28:40.695+0000] {processor.py:840} INFO - DAG(s) 'example_trigger_target_dag' retrieved from /home/airflow/.local/lib/python3.11/site-packages/airflow/example_dags/example_trigger_target_dag.py
[2024-03-07T18:28:40.751+0000] {logging_mixin.py:188} INFO - [2024-03-07T18:28:40.750+0000] {dag.py:3047} INFO - Sync 1 DAGs
[2024-03-07T18:28:40.783+0000] {logging_mixin.py:188} INFO - [2024-03-07T18:28:40.782+0000] {dag.py:3834} INFO - Setting next_dagrun for example_trigger_target_dag to None, run_after=None
[2024-03-07T18:28:40.841+0000] {processor.py:183} INFO - Processing /home/airflow/.local/lib/python3.11/site-packages/airflow/example_dags/example_trigger_target_dag.py took 0.180 seconds
[2024-03-07T18:29:11.731+0000] {processor.py:161} INFO - Started process (PID=1832) to work on /home/airflow/.local/lib/python3.11/site-packages/airflow/example_dags/example_trigger_target_dag.py
[2024-03-07T18:29:11.735+0000] {processor.py:830} INFO - Processing file /home/airflow/.local/lib/python3.11/site-packages/airflow/example_dags/example_trigger_target_dag.py for tasks to queue
[2024-03-07T18:29:11.740+0000] {logging_mixin.py:188} INFO - [2024-03-07T18:29:11.739+0000] {dagbag.py:540} INFO - Filling up the DagBag from /home/airflow/.local/lib/python3.11/site-packages/airflow/example_dags/example_trigger_target_dag.py
[2024-03-07T18:29:11.754+0000] {processor.py:840} INFO - DAG(s) 'example_trigger_target_dag' retrieved from /home/airflow/.local/lib/python3.11/site-packages/airflow/example_dags/example_trigger_target_dag.py
[2024-03-07T18:29:11.795+0000] {logging_mixin.py:188} INFO - [2024-03-07T18:29:11.794+0000] {dag.py:3047} INFO - Sync 1 DAGs
[2024-03-07T18:29:11.820+0000] {logging_mixin.py:188} INFO - [2024-03-07T18:29:11.819+0000] {dag.py:3834} INFO - Setting next_dagrun for example_trigger_target_dag to None, run_after=None
[2024-03-07T18:29:11.870+0000] {processor.py:183} INFO - Processing /home/airflow/.local/lib/python3.11/site-packages/airflow/example_dags/example_trigger_target_dag.py took 0.146 seconds
