[2024-03-07T18:13:21.104+0000] {processor.py:161} INFO - Started process (PID=80) to work on /home/airflow/.local/lib/python3.11/site-packages/airflow/example_dags/example_sla_dag.py
[2024-03-07T18:13:21.149+0000] {processor.py:830} INFO - Processing file /home/airflow/.local/lib/python3.11/site-packages/airflow/example_dags/example_sla_dag.py for tasks to queue
[2024-03-07T18:13:21.166+0000] {logging_mixin.py:188} INFO - [2024-03-07T18:13:21.165+0000] {dagbag.py:540} INFO - Filling up the DagBag from /home/airflow/.local/lib/python3.11/site-packages/airflow/example_dags/example_sla_dag.py
[2024-03-07T18:13:21.260+0000] {processor.py:840} INFO - DAG(s) 'example_sla_dag' retrieved from /home/airflow/.local/lib/python3.11/site-packages/airflow/example_dags/example_sla_dag.py
[2024-03-07T18:13:21.488+0000] {logging_mixin.py:188} INFO - [2024-03-07T18:13:21.487+0000] {dag.py:3047} INFO - Sync 1 DAGs
[2024-03-07T18:13:21.812+0000] {logging_mixin.py:188} INFO - [2024-03-07T18:13:21.811+0000] {dag.py:3834} INFO - Setting next_dagrun for example_sla_dag to 2024-03-07 18:10:00+00:00, run_after=2024-03-07 18:12:00+00:00
[2024-03-07T18:13:21.986+0000] {processor.py:183} INFO - Processing /home/airflow/.local/lib/python3.11/site-packages/airflow/example_dags/example_sla_dag.py took 0.924 seconds
[2024-03-07T18:13:52.608+0000] {processor.py:161} INFO - Started process (PID=138) to work on /home/airflow/.local/lib/python3.11/site-packages/airflow/example_dags/example_sla_dag.py
[2024-03-07T18:13:52.612+0000] {processor.py:830} INFO - Processing file /home/airflow/.local/lib/python3.11/site-packages/airflow/example_dags/example_sla_dag.py for tasks to queue
[2024-03-07T18:13:52.619+0000] {logging_mixin.py:188} INFO - [2024-03-07T18:13:52.618+0000] {dagbag.py:540} INFO - Filling up the DagBag from /home/airflow/.local/lib/python3.11/site-packages/airflow/example_dags/example_sla_dag.py
[2024-03-07T18:13:52.676+0000] {processor.py:840} INFO - DAG(s) 'example_sla_dag' retrieved from /home/airflow/.local/lib/python3.11/site-packages/airflow/example_dags/example_sla_dag.py
[2024-03-07T18:13:52.816+0000] {logging_mixin.py:188} INFO - [2024-03-07T18:13:52.815+0000] {dag.py:3047} INFO - Sync 1 DAGs
[2024-03-07T18:13:52.921+0000] {logging_mixin.py:188} INFO - [2024-03-07T18:13:52.920+0000] {dag.py:3834} INFO - Setting next_dagrun for example_sla_dag to 2024-03-07 18:10:00+00:00, run_after=2024-03-07 18:12:00+00:00
[2024-03-07T18:13:53.013+0000] {processor.py:183} INFO - Processing /home/airflow/.local/lib/python3.11/site-packages/airflow/example_dags/example_sla_dag.py took 0.426 seconds
[2024-03-07T18:14:23.371+0000] {processor.py:161} INFO - Started process (PID=196) to work on /home/airflow/.local/lib/python3.11/site-packages/airflow/example_dags/example_sla_dag.py
[2024-03-07T18:14:23.376+0000] {processor.py:830} INFO - Processing file /home/airflow/.local/lib/python3.11/site-packages/airflow/example_dags/example_sla_dag.py for tasks to queue
[2024-03-07T18:14:23.394+0000] {logging_mixin.py:188} INFO - [2024-03-07T18:14:23.393+0000] {dagbag.py:540} INFO - Filling up the DagBag from /home/airflow/.local/lib/python3.11/site-packages/airflow/example_dags/example_sla_dag.py
[2024-03-07T18:14:23.458+0000] {processor.py:840} INFO - DAG(s) 'example_sla_dag' retrieved from /home/airflow/.local/lib/python3.11/site-packages/airflow/example_dags/example_sla_dag.py
[2024-03-07T18:14:23.606+0000] {logging_mixin.py:188} INFO - [2024-03-07T18:14:23.605+0000] {dag.py:3047} INFO - Sync 1 DAGs
[2024-03-07T18:14:23.879+0000] {logging_mixin.py:188} INFO - [2024-03-07T18:14:23.878+0000] {dag.py:3834} INFO - Setting next_dagrun for example_sla_dag to 2024-03-07 18:12:00+00:00, run_after=2024-03-07 18:14:00+00:00
[2024-03-07T18:14:24.146+0000] {processor.py:183} INFO - Processing /home/airflow/.local/lib/python3.11/site-packages/airflow/example_dags/example_sla_dag.py took 0.787 seconds
[2024-03-07T18:14:55.468+0000] {processor.py:161} INFO - Started process (PID=253) to work on /home/airflow/.local/lib/python3.11/site-packages/airflow/example_dags/example_sla_dag.py
[2024-03-07T18:14:55.480+0000] {processor.py:830} INFO - Processing file /home/airflow/.local/lib/python3.11/site-packages/airflow/example_dags/example_sla_dag.py for tasks to queue
[2024-03-07T18:14:55.489+0000] {logging_mixin.py:188} INFO - [2024-03-07T18:14:55.488+0000] {dagbag.py:540} INFO - Filling up the DagBag from /home/airflow/.local/lib/python3.11/site-packages/airflow/example_dags/example_sla_dag.py
[2024-03-07T18:14:55.534+0000] {processor.py:840} INFO - DAG(s) 'example_sla_dag' retrieved from /home/airflow/.local/lib/python3.11/site-packages/airflow/example_dags/example_sla_dag.py
[2024-03-07T18:14:55.597+0000] {logging_mixin.py:188} INFO - [2024-03-07T18:14:55.595+0000] {dag.py:3047} INFO - Sync 1 DAGs
[2024-03-07T18:14:55.718+0000] {logging_mixin.py:188} INFO - [2024-03-07T18:14:55.716+0000] {dag.py:3834} INFO - Setting next_dagrun for example_sla_dag to 2024-03-07 18:12:00+00:00, run_after=2024-03-07 18:14:00+00:00
[2024-03-07T18:14:55.962+0000] {processor.py:183} INFO - Processing /home/airflow/.local/lib/python3.11/site-packages/airflow/example_dags/example_sla_dag.py took 0.516 seconds
[2024-03-07T18:15:29.801+0000] {processor.py:161} INFO - Started process (PID=312) to work on /home/airflow/.local/lib/python3.11/site-packages/airflow/example_dags/example_sla_dag.py
[2024-03-07T18:15:29.806+0000] {processor.py:830} INFO - Processing file /home/airflow/.local/lib/python3.11/site-packages/airflow/example_dags/example_sla_dag.py for tasks to queue
[2024-03-07T18:15:29.815+0000] {logging_mixin.py:188} INFO - [2024-03-07T18:15:29.811+0000] {dagbag.py:540} INFO - Filling up the DagBag from /home/airflow/.local/lib/python3.11/site-packages/airflow/example_dags/example_sla_dag.py
[2024-03-07T18:15:29.855+0000] {processor.py:840} INFO - DAG(s) 'example_sla_dag' retrieved from /home/airflow/.local/lib/python3.11/site-packages/airflow/example_dags/example_sla_dag.py
[2024-03-07T18:15:30.626+0000] {logging_mixin.py:188} INFO - [2024-03-07T18:15:30.624+0000] {dag.py:3047} INFO - Sync 1 DAGs
[2024-03-07T18:15:30.778+0000] {logging_mixin.py:188} INFO - [2024-03-07T18:15:30.776+0000] {dag.py:3834} INFO - Setting next_dagrun for example_sla_dag to 2024-03-07 18:12:00+00:00, run_after=2024-03-07 18:14:00+00:00
[2024-03-07T18:15:30.895+0000] {processor.py:183} INFO - Processing /home/airflow/.local/lib/python3.11/site-packages/airflow/example_dags/example_sla_dag.py took 1.106 seconds
[2024-03-07T18:16:01.491+0000] {processor.py:161} INFO - Started process (PID=370) to work on /home/airflow/.local/lib/python3.11/site-packages/airflow/example_dags/example_sla_dag.py
[2024-03-07T18:16:01.494+0000] {processor.py:830} INFO - Processing file /home/airflow/.local/lib/python3.11/site-packages/airflow/example_dags/example_sla_dag.py for tasks to queue
[2024-03-07T18:16:01.499+0000] {logging_mixin.py:188} INFO - [2024-03-07T18:16:01.498+0000] {dagbag.py:540} INFO - Filling up the DagBag from /home/airflow/.local/lib/python3.11/site-packages/airflow/example_dags/example_sla_dag.py
[2024-03-07T18:16:01.521+0000] {processor.py:840} INFO - DAG(s) 'example_sla_dag' retrieved from /home/airflow/.local/lib/python3.11/site-packages/airflow/example_dags/example_sla_dag.py
[2024-03-07T18:16:01.581+0000] {logging_mixin.py:188} INFO - [2024-03-07T18:16:01.579+0000] {dag.py:3047} INFO - Sync 1 DAGs
[2024-03-07T18:16:01.656+0000] {logging_mixin.py:188} INFO - [2024-03-07T18:16:01.656+0000] {dag.py:3834} INFO - Setting next_dagrun for example_sla_dag to 2024-03-07 18:14:00+00:00, run_after=2024-03-07 18:16:00+00:00
[2024-03-07T18:16:01.719+0000] {processor.py:183} INFO - Processing /home/airflow/.local/lib/python3.11/site-packages/airflow/example_dags/example_sla_dag.py took 0.236 seconds
[2024-03-07T18:16:32.002+0000] {processor.py:161} INFO - Started process (PID=428) to work on /home/airflow/.local/lib/python3.11/site-packages/airflow/example_dags/example_sla_dag.py
[2024-03-07T18:16:32.004+0000] {processor.py:830} INFO - Processing file /home/airflow/.local/lib/python3.11/site-packages/airflow/example_dags/example_sla_dag.py for tasks to queue
[2024-03-07T18:16:32.012+0000] {logging_mixin.py:188} INFO - [2024-03-07T18:16:32.011+0000] {dagbag.py:540} INFO - Filling up the DagBag from /home/airflow/.local/lib/python3.11/site-packages/airflow/example_dags/example_sla_dag.py
[2024-03-07T18:16:32.042+0000] {processor.py:840} INFO - DAG(s) 'example_sla_dag' retrieved from /home/airflow/.local/lib/python3.11/site-packages/airflow/example_dags/example_sla_dag.py
[2024-03-07T18:16:32.100+0000] {logging_mixin.py:188} INFO - [2024-03-07T18:16:32.100+0000] {dag.py:3047} INFO - Sync 1 DAGs
[2024-03-07T18:16:32.182+0000] {logging_mixin.py:188} INFO - [2024-03-07T18:16:32.181+0000] {dag.py:3834} INFO - Setting next_dagrun for example_sla_dag to 2024-03-07 18:14:00+00:00, run_after=2024-03-07 18:16:00+00:00
[2024-03-07T18:16:32.247+0000] {processor.py:183} INFO - Processing /home/airflow/.local/lib/python3.11/site-packages/airflow/example_dags/example_sla_dag.py took 0.252 seconds
[2024-03-07T18:17:02.681+0000] {processor.py:161} INFO - Started process (PID=486) to work on /home/airflow/.local/lib/python3.11/site-packages/airflow/example_dags/example_sla_dag.py
[2024-03-07T18:17:02.684+0000] {processor.py:830} INFO - Processing file /home/airflow/.local/lib/python3.11/site-packages/airflow/example_dags/example_sla_dag.py for tasks to queue
[2024-03-07T18:17:02.688+0000] {logging_mixin.py:188} INFO - [2024-03-07T18:17:02.687+0000] {dagbag.py:540} INFO - Filling up the DagBag from /home/airflow/.local/lib/python3.11/site-packages/airflow/example_dags/example_sla_dag.py
[2024-03-07T18:17:02.710+0000] {processor.py:840} INFO - DAG(s) 'example_sla_dag' retrieved from /home/airflow/.local/lib/python3.11/site-packages/airflow/example_dags/example_sla_dag.py
[2024-03-07T18:17:02.763+0000] {logging_mixin.py:188} INFO - [2024-03-07T18:17:02.762+0000] {dag.py:3047} INFO - Sync 1 DAGs
[2024-03-07T18:17:02.835+0000] {logging_mixin.py:188} INFO - [2024-03-07T18:17:02.834+0000] {dag.py:3834} INFO - Setting next_dagrun for example_sla_dag to 2024-03-07 18:14:00+00:00, run_after=2024-03-07 18:16:00+00:00
[2024-03-07T18:17:02.886+0000] {processor.py:183} INFO - Processing /home/airflow/.local/lib/python3.11/site-packages/airflow/example_dags/example_sla_dag.py took 0.214 seconds
[2024-03-07T18:17:33.144+0000] {processor.py:161} INFO - Started process (PID=543) to work on /home/airflow/.local/lib/python3.11/site-packages/airflow/example_dags/example_sla_dag.py
[2024-03-07T18:17:33.147+0000] {processor.py:830} INFO - Processing file /home/airflow/.local/lib/python3.11/site-packages/airflow/example_dags/example_sla_dag.py for tasks to queue
[2024-03-07T18:17:33.153+0000] {logging_mixin.py:188} INFO - [2024-03-07T18:17:33.152+0000] {dagbag.py:540} INFO - Filling up the DagBag from /home/airflow/.local/lib/python3.11/site-packages/airflow/example_dags/example_sla_dag.py
[2024-03-07T18:17:33.177+0000] {processor.py:840} INFO - DAG(s) 'example_sla_dag' retrieved from /home/airflow/.local/lib/python3.11/site-packages/airflow/example_dags/example_sla_dag.py
[2024-03-07T18:17:33.221+0000] {logging_mixin.py:188} INFO - [2024-03-07T18:17:33.221+0000] {dag.py:3047} INFO - Sync 1 DAGs
[2024-03-07T18:17:33.287+0000] {logging_mixin.py:188} INFO - [2024-03-07T18:17:33.286+0000] {dag.py:3834} INFO - Setting next_dagrun for example_sla_dag to 2024-03-07 18:14:00+00:00, run_after=2024-03-07 18:16:00+00:00
[2024-03-07T18:17:33.346+0000] {processor.py:183} INFO - Processing /home/airflow/.local/lib/python3.11/site-packages/airflow/example_dags/example_sla_dag.py took 0.210 seconds
[2024-03-07T18:18:03.604+0000] {processor.py:161} INFO - Started process (PID=601) to work on /home/airflow/.local/lib/python3.11/site-packages/airflow/example_dags/example_sla_dag.py
[2024-03-07T18:18:03.606+0000] {processor.py:830} INFO - Processing file /home/airflow/.local/lib/python3.11/site-packages/airflow/example_dags/example_sla_dag.py for tasks to queue
[2024-03-07T18:18:03.610+0000] {logging_mixin.py:188} INFO - [2024-03-07T18:18:03.609+0000] {dagbag.py:540} INFO - Filling up the DagBag from /home/airflow/.local/lib/python3.11/site-packages/airflow/example_dags/example_sla_dag.py
[2024-03-07T18:18:03.626+0000] {processor.py:840} INFO - DAG(s) 'example_sla_dag' retrieved from /home/airflow/.local/lib/python3.11/site-packages/airflow/example_dags/example_sla_dag.py
[2024-03-07T18:18:03.675+0000] {logging_mixin.py:188} INFO - [2024-03-07T18:18:03.674+0000] {dag.py:3047} INFO - Sync 1 DAGs
[2024-03-07T18:18:03.735+0000] {logging_mixin.py:188} INFO - [2024-03-07T18:18:03.734+0000] {dag.py:3834} INFO - Setting next_dagrun for example_sla_dag to 2024-03-07 18:16:00+00:00, run_after=2024-03-07 18:18:00+00:00
[2024-03-07T18:18:03.793+0000] {processor.py:183} INFO - Processing /home/airflow/.local/lib/python3.11/site-packages/airflow/example_dags/example_sla_dag.py took 0.194 seconds
[2024-03-07T18:18:34.020+0000] {processor.py:161} INFO - Started process (PID=659) to work on /home/airflow/.local/lib/python3.11/site-packages/airflow/example_dags/example_sla_dag.py
[2024-03-07T18:18:34.022+0000] {processor.py:830} INFO - Processing file /home/airflow/.local/lib/python3.11/site-packages/airflow/example_dags/example_sla_dag.py for tasks to queue
[2024-03-07T18:18:34.025+0000] {logging_mixin.py:188} INFO - [2024-03-07T18:18:34.024+0000] {dagbag.py:540} INFO - Filling up the DagBag from /home/airflow/.local/lib/python3.11/site-packages/airflow/example_dags/example_sla_dag.py
[2024-03-07T18:18:34.040+0000] {processor.py:840} INFO - DAG(s) 'example_sla_dag' retrieved from /home/airflow/.local/lib/python3.11/site-packages/airflow/example_dags/example_sla_dag.py
[2024-03-07T18:18:34.078+0000] {logging_mixin.py:188} INFO - [2024-03-07T18:18:34.077+0000] {dag.py:3047} INFO - Sync 1 DAGs
[2024-03-07T18:18:34.130+0000] {logging_mixin.py:188} INFO - [2024-03-07T18:18:34.129+0000] {dag.py:3834} INFO - Setting next_dagrun for example_sla_dag to 2024-03-07 18:16:00+00:00, run_after=2024-03-07 18:18:00+00:00
[2024-03-07T18:18:34.179+0000] {processor.py:183} INFO - Processing /home/airflow/.local/lib/python3.11/site-packages/airflow/example_dags/example_sla_dag.py took 0.163 seconds
[2024-03-07T18:19:05.105+0000] {processor.py:161} INFO - Started process (PID=717) to work on /home/airflow/.local/lib/python3.11/site-packages/airflow/example_dags/example_sla_dag.py
[2024-03-07T18:19:05.108+0000] {processor.py:830} INFO - Processing file /home/airflow/.local/lib/python3.11/site-packages/airflow/example_dags/example_sla_dag.py for tasks to queue
[2024-03-07T18:19:05.113+0000] {logging_mixin.py:188} INFO - [2024-03-07T18:19:05.112+0000] {dagbag.py:540} INFO - Filling up the DagBag from /home/airflow/.local/lib/python3.11/site-packages/airflow/example_dags/example_sla_dag.py
[2024-03-07T18:19:05.131+0000] {processor.py:840} INFO - DAG(s) 'example_sla_dag' retrieved from /home/airflow/.local/lib/python3.11/site-packages/airflow/example_dags/example_sla_dag.py
[2024-03-07T18:19:05.173+0000] {logging_mixin.py:188} INFO - [2024-03-07T18:19:05.173+0000] {dag.py:3047} INFO - Sync 1 DAGs
[2024-03-07T18:19:05.237+0000] {logging_mixin.py:188} INFO - [2024-03-07T18:19:05.237+0000] {dag.py:3834} INFO - Setting next_dagrun for example_sla_dag to 2024-03-07 18:16:00+00:00, run_after=2024-03-07 18:18:00+00:00
[2024-03-07T18:19:05.290+0000] {processor.py:183} INFO - Processing /home/airflow/.local/lib/python3.11/site-packages/airflow/example_dags/example_sla_dag.py took 0.191 seconds
[2024-03-07T18:19:36.507+0000] {processor.py:161} INFO - Started process (PID=776) to work on /home/airflow/.local/lib/python3.11/site-packages/airflow/example_dags/example_sla_dag.py
[2024-03-07T18:19:36.509+0000] {processor.py:830} INFO - Processing file /home/airflow/.local/lib/python3.11/site-packages/airflow/example_dags/example_sla_dag.py for tasks to queue
[2024-03-07T18:19:36.514+0000] {logging_mixin.py:188} INFO - [2024-03-07T18:19:36.513+0000] {dagbag.py:540} INFO - Filling up the DagBag from /home/airflow/.local/lib/python3.11/site-packages/airflow/example_dags/example_sla_dag.py
[2024-03-07T18:19:36.531+0000] {processor.py:840} INFO - DAG(s) 'example_sla_dag' retrieved from /home/airflow/.local/lib/python3.11/site-packages/airflow/example_dags/example_sla_dag.py
[2024-03-07T18:19:36.574+0000] {logging_mixin.py:188} INFO - [2024-03-07T18:19:36.573+0000] {dag.py:3047} INFO - Sync 1 DAGs
[2024-03-07T18:19:36.653+0000] {logging_mixin.py:188} INFO - [2024-03-07T18:19:36.652+0000] {dag.py:3834} INFO - Setting next_dagrun for example_sla_dag to 2024-03-07 18:16:00+00:00, run_after=2024-03-07 18:18:00+00:00
[2024-03-07T18:19:36.707+0000] {processor.py:183} INFO - Processing /home/airflow/.local/lib/python3.11/site-packages/airflow/example_dags/example_sla_dag.py took 0.207 seconds
[2024-03-07T18:20:07.520+0000] {processor.py:161} INFO - Started process (PID=834) to work on /home/airflow/.local/lib/python3.11/site-packages/airflow/example_dags/example_sla_dag.py
[2024-03-07T18:20:07.522+0000] {processor.py:830} INFO - Processing file /home/airflow/.local/lib/python3.11/site-packages/airflow/example_dags/example_sla_dag.py for tasks to queue
[2024-03-07T18:20:07.526+0000] {logging_mixin.py:188} INFO - [2024-03-07T18:20:07.525+0000] {dagbag.py:540} INFO - Filling up the DagBag from /home/airflow/.local/lib/python3.11/site-packages/airflow/example_dags/example_sla_dag.py
[2024-03-07T18:20:07.542+0000] {processor.py:840} INFO - DAG(s) 'example_sla_dag' retrieved from /home/airflow/.local/lib/python3.11/site-packages/airflow/example_dags/example_sla_dag.py
[2024-03-07T18:20:07.585+0000] {logging_mixin.py:188} INFO - [2024-03-07T18:20:07.585+0000] {dag.py:3047} INFO - Sync 1 DAGs
[2024-03-07T18:20:07.638+0000] {logging_mixin.py:188} INFO - [2024-03-07T18:20:07.638+0000] {dag.py:3834} INFO - Setting next_dagrun for example_sla_dag to 2024-03-07 18:18:00+00:00, run_after=2024-03-07 18:20:00+00:00
[2024-03-07T18:20:07.687+0000] {processor.py:183} INFO - Processing /home/airflow/.local/lib/python3.11/site-packages/airflow/example_dags/example_sla_dag.py took 0.172 seconds
[2024-03-07T18:20:38.406+0000] {processor.py:161} INFO - Started process (PID=891) to work on /home/airflow/.local/lib/python3.11/site-packages/airflow/example_dags/example_sla_dag.py
[2024-03-07T18:20:38.408+0000] {processor.py:830} INFO - Processing file /home/airflow/.local/lib/python3.11/site-packages/airflow/example_dags/example_sla_dag.py for tasks to queue
[2024-03-07T18:20:38.413+0000] {logging_mixin.py:188} INFO - [2024-03-07T18:20:38.412+0000] {dagbag.py:540} INFO - Filling up the DagBag from /home/airflow/.local/lib/python3.11/site-packages/airflow/example_dags/example_sla_dag.py
[2024-03-07T18:20:38.432+0000] {processor.py:840} INFO - DAG(s) 'example_sla_dag' retrieved from /home/airflow/.local/lib/python3.11/site-packages/airflow/example_dags/example_sla_dag.py
[2024-03-07T18:20:38.480+0000] {logging_mixin.py:188} INFO - [2024-03-07T18:20:38.480+0000] {dag.py:3047} INFO - Sync 1 DAGs
[2024-03-07T18:20:38.540+0000] {logging_mixin.py:188} INFO - [2024-03-07T18:20:38.539+0000] {dag.py:3834} INFO - Setting next_dagrun for example_sla_dag to 2024-03-07 18:18:00+00:00, run_after=2024-03-07 18:20:00+00:00
[2024-03-07T18:20:38.596+0000] {processor.py:183} INFO - Processing /home/airflow/.local/lib/python3.11/site-packages/airflow/example_dags/example_sla_dag.py took 0.196 seconds
[2024-03-07T18:21:09.862+0000] {processor.py:161} INFO - Started process (PID=953) to work on /home/airflow/.local/lib/python3.11/site-packages/airflow/example_dags/example_sla_dag.py
[2024-03-07T18:21:09.864+0000] {processor.py:830} INFO - Processing file /home/airflow/.local/lib/python3.11/site-packages/airflow/example_dags/example_sla_dag.py for tasks to queue
[2024-03-07T18:21:09.868+0000] {logging_mixin.py:188} INFO - [2024-03-07T18:21:09.867+0000] {dagbag.py:540} INFO - Filling up the DagBag from /home/airflow/.local/lib/python3.11/site-packages/airflow/example_dags/example_sla_dag.py
[2024-03-07T18:21:09.886+0000] {processor.py:840} INFO - DAG(s) 'example_sla_dag' retrieved from /home/airflow/.local/lib/python3.11/site-packages/airflow/example_dags/example_sla_dag.py
[2024-03-07T18:21:09.934+0000] {logging_mixin.py:188} INFO - [2024-03-07T18:21:09.933+0000] {dag.py:3047} INFO - Sync 1 DAGs
[2024-03-07T18:21:09.991+0000] {logging_mixin.py:188} INFO - [2024-03-07T18:21:09.991+0000] {dag.py:3834} INFO - Setting next_dagrun for example_sla_dag to 2024-03-07 18:18:00+00:00, run_after=2024-03-07 18:20:00+00:00
[2024-03-07T18:21:10.051+0000] {processor.py:183} INFO - Processing /home/airflow/.local/lib/python3.11/site-packages/airflow/example_dags/example_sla_dag.py took 0.195 seconds
[2024-03-07T18:21:43.984+0000] {processor.py:161} INFO - Started process (PID=1012) to work on /home/airflow/.local/lib/python3.11/site-packages/airflow/example_dags/example_sla_dag.py
[2024-03-07T18:21:43.987+0000] {processor.py:830} INFO - Processing file /home/airflow/.local/lib/python3.11/site-packages/airflow/example_dags/example_sla_dag.py for tasks to queue
[2024-03-07T18:21:43.992+0000] {logging_mixin.py:188} INFO - [2024-03-07T18:21:43.991+0000] {dagbag.py:540} INFO - Filling up the DagBag from /home/airflow/.local/lib/python3.11/site-packages/airflow/example_dags/example_sla_dag.py
[2024-03-07T18:21:44.013+0000] {processor.py:840} INFO - DAG(s) 'example_sla_dag' retrieved from /home/airflow/.local/lib/python3.11/site-packages/airflow/example_dags/example_sla_dag.py
[2024-03-07T18:21:44.062+0000] {logging_mixin.py:188} INFO - [2024-03-07T18:21:44.061+0000] {dag.py:3047} INFO - Sync 1 DAGs
[2024-03-07T18:21:44.131+0000] {logging_mixin.py:188} INFO - [2024-03-07T18:21:44.131+0000] {dag.py:3834} INFO - Setting next_dagrun for example_sla_dag to 2024-03-07 18:18:00+00:00, run_after=2024-03-07 18:20:00+00:00
[2024-03-07T18:21:44.182+0000] {processor.py:183} INFO - Processing /home/airflow/.local/lib/python3.11/site-packages/airflow/example_dags/example_sla_dag.py took 0.204 seconds
[2024-03-07T18:22:14.894+0000] {processor.py:161} INFO - Started process (PID=1070) to work on /home/airflow/.local/lib/python3.11/site-packages/airflow/example_dags/example_sla_dag.py
[2024-03-07T18:22:14.896+0000] {processor.py:830} INFO - Processing file /home/airflow/.local/lib/python3.11/site-packages/airflow/example_dags/example_sla_dag.py for tasks to queue
[2024-03-07T18:22:14.901+0000] {logging_mixin.py:188} INFO - [2024-03-07T18:22:14.900+0000] {dagbag.py:540} INFO - Filling up the DagBag from /home/airflow/.local/lib/python3.11/site-packages/airflow/example_dags/example_sla_dag.py
[2024-03-07T18:22:14.918+0000] {processor.py:840} INFO - DAG(s) 'example_sla_dag' retrieved from /home/airflow/.local/lib/python3.11/site-packages/airflow/example_dags/example_sla_dag.py
[2024-03-07T18:22:14.966+0000] {logging_mixin.py:188} INFO - [2024-03-07T18:22:14.965+0000] {dag.py:3047} INFO - Sync 1 DAGs
[2024-03-07T18:22:15.030+0000] {logging_mixin.py:188} INFO - [2024-03-07T18:22:15.030+0000] {dag.py:3834} INFO - Setting next_dagrun for example_sla_dag to 2024-03-07 18:20:00+00:00, run_after=2024-03-07 18:22:00+00:00
[2024-03-07T18:22:15.085+0000] {processor.py:183} INFO - Processing /home/airflow/.local/lib/python3.11/site-packages/airflow/example_dags/example_sla_dag.py took 0.196 seconds
[2024-03-07T18:22:47.395+0000] {processor.py:161} INFO - Started process (PID=1129) to work on /home/airflow/.local/lib/python3.11/site-packages/airflow/example_dags/example_sla_dag.py
[2024-03-07T18:22:47.397+0000] {processor.py:830} INFO - Processing file /home/airflow/.local/lib/python3.11/site-packages/airflow/example_dags/example_sla_dag.py for tasks to queue
[2024-03-07T18:22:47.402+0000] {logging_mixin.py:188} INFO - [2024-03-07T18:22:47.401+0000] {dagbag.py:540} INFO - Filling up the DagBag from /home/airflow/.local/lib/python3.11/site-packages/airflow/example_dags/example_sla_dag.py
[2024-03-07T18:22:47.426+0000] {processor.py:840} INFO - DAG(s) 'example_sla_dag' retrieved from /home/airflow/.local/lib/python3.11/site-packages/airflow/example_dags/example_sla_dag.py
[2024-03-07T18:22:47.467+0000] {logging_mixin.py:188} INFO - [2024-03-07T18:22:47.466+0000] {dag.py:3047} INFO - Sync 1 DAGs
[2024-03-07T18:22:47.520+0000] {logging_mixin.py:188} INFO - [2024-03-07T18:22:47.519+0000] {dag.py:3834} INFO - Setting next_dagrun for example_sla_dag to 2024-03-07 18:20:00+00:00, run_after=2024-03-07 18:22:00+00:00
[2024-03-07T18:22:47.572+0000] {processor.py:183} INFO - Processing /home/airflow/.local/lib/python3.11/site-packages/airflow/example_dags/example_sla_dag.py took 0.183 seconds
[2024-03-07T18:23:18.781+0000] {processor.py:161} INFO - Started process (PID=1187) to work on /home/airflow/.local/lib/python3.11/site-packages/airflow/example_dags/example_sla_dag.py
[2024-03-07T18:23:18.783+0000] {processor.py:830} INFO - Processing file /home/airflow/.local/lib/python3.11/site-packages/airflow/example_dags/example_sla_dag.py for tasks to queue
[2024-03-07T18:23:18.788+0000] {logging_mixin.py:188} INFO - [2024-03-07T18:23:18.788+0000] {dagbag.py:540} INFO - Filling up the DagBag from /home/airflow/.local/lib/python3.11/site-packages/airflow/example_dags/example_sla_dag.py
[2024-03-07T18:23:18.803+0000] {processor.py:840} INFO - DAG(s) 'example_sla_dag' retrieved from /home/airflow/.local/lib/python3.11/site-packages/airflow/example_dags/example_sla_dag.py
[2024-03-07T18:23:18.844+0000] {logging_mixin.py:188} INFO - [2024-03-07T18:23:18.844+0000] {dag.py:3047} INFO - Sync 1 DAGs
[2024-03-07T18:23:18.894+0000] {logging_mixin.py:188} INFO - [2024-03-07T18:23:18.894+0000] {dag.py:3834} INFO - Setting next_dagrun for example_sla_dag to 2024-03-07 18:20:00+00:00, run_after=2024-03-07 18:22:00+00:00
[2024-03-07T18:23:18.941+0000] {processor.py:183} INFO - Processing /home/airflow/.local/lib/python3.11/site-packages/airflow/example_dags/example_sla_dag.py took 0.167 seconds
[2024-03-07T18:23:50.074+0000] {processor.py:161} INFO - Started process (PID=1246) to work on /home/airflow/.local/lib/python3.11/site-packages/airflow/example_dags/example_sla_dag.py
[2024-03-07T18:23:50.076+0000] {processor.py:830} INFO - Processing file /home/airflow/.local/lib/python3.11/site-packages/airflow/example_dags/example_sla_dag.py for tasks to queue
[2024-03-07T18:23:50.080+0000] {logging_mixin.py:188} INFO - [2024-03-07T18:23:50.079+0000] {dagbag.py:540} INFO - Filling up the DagBag from /home/airflow/.local/lib/python3.11/site-packages/airflow/example_dags/example_sla_dag.py
[2024-03-07T18:23:50.124+0000] {processor.py:840} INFO - DAG(s) 'example_sla_dag' retrieved from /home/airflow/.local/lib/python3.11/site-packages/airflow/example_dags/example_sla_dag.py
[2024-03-07T18:23:50.226+0000] {logging_mixin.py:188} INFO - [2024-03-07T18:23:50.225+0000] {dag.py:3047} INFO - Sync 1 DAGs
[2024-03-07T18:23:50.283+0000] {logging_mixin.py:188} INFO - [2024-03-07T18:23:50.283+0000] {dag.py:3834} INFO - Setting next_dagrun for example_sla_dag to 2024-03-07 18:20:00+00:00, run_after=2024-03-07 18:22:00+00:00
[2024-03-07T18:23:50.348+0000] {processor.py:183} INFO - Processing /home/airflow/.local/lib/python3.11/site-packages/airflow/example_dags/example_sla_dag.py took 0.282 seconds
[2024-03-07T18:24:22.271+0000] {processor.py:161} INFO - Started process (PID=1304) to work on /home/airflow/.local/lib/python3.11/site-packages/airflow/example_dags/example_sla_dag.py
[2024-03-07T18:24:22.273+0000] {processor.py:830} INFO - Processing file /home/airflow/.local/lib/python3.11/site-packages/airflow/example_dags/example_sla_dag.py for tasks to queue
[2024-03-07T18:24:22.278+0000] {logging_mixin.py:188} INFO - [2024-03-07T18:24:22.278+0000] {dagbag.py:540} INFO - Filling up the DagBag from /home/airflow/.local/lib/python3.11/site-packages/airflow/example_dags/example_sla_dag.py
[2024-03-07T18:24:22.295+0000] {processor.py:840} INFO - DAG(s) 'example_sla_dag' retrieved from /home/airflow/.local/lib/python3.11/site-packages/airflow/example_dags/example_sla_dag.py
[2024-03-07T18:24:22.343+0000] {logging_mixin.py:188} INFO - [2024-03-07T18:24:22.342+0000] {dag.py:3047} INFO - Sync 1 DAGs
[2024-03-07T18:24:22.408+0000] {logging_mixin.py:188} INFO - [2024-03-07T18:24:22.408+0000] {dag.py:3834} INFO - Setting next_dagrun for example_sla_dag to 2024-03-07 18:22:00+00:00, run_after=2024-03-07 18:24:00+00:00
[2024-03-07T18:24:22.502+0000] {processor.py:183} INFO - Processing /home/airflow/.local/lib/python3.11/site-packages/airflow/example_dags/example_sla_dag.py took 0.236 seconds
[2024-03-07T18:24:53.774+0000] {processor.py:161} INFO - Started process (PID=1362) to work on /home/airflow/.local/lib/python3.11/site-packages/airflow/example_dags/example_sla_dag.py
[2024-03-07T18:24:53.776+0000] {processor.py:830} INFO - Processing file /home/airflow/.local/lib/python3.11/site-packages/airflow/example_dags/example_sla_dag.py for tasks to queue
[2024-03-07T18:24:53.782+0000] {logging_mixin.py:188} INFO - [2024-03-07T18:24:53.781+0000] {dagbag.py:540} INFO - Filling up the DagBag from /home/airflow/.local/lib/python3.11/site-packages/airflow/example_dags/example_sla_dag.py
[2024-03-07T18:24:53.800+0000] {processor.py:840} INFO - DAG(s) 'example_sla_dag' retrieved from /home/airflow/.local/lib/python3.11/site-packages/airflow/example_dags/example_sla_dag.py
[2024-03-07T18:24:53.864+0000] {logging_mixin.py:188} INFO - [2024-03-07T18:24:53.863+0000] {dag.py:3047} INFO - Sync 1 DAGs
[2024-03-07T18:24:53.923+0000] {logging_mixin.py:188} INFO - [2024-03-07T18:24:53.923+0000] {dag.py:3834} INFO - Setting next_dagrun for example_sla_dag to 2024-03-07 18:22:00+00:00, run_after=2024-03-07 18:24:00+00:00
[2024-03-07T18:24:53.982+0000] {processor.py:183} INFO - Processing /home/airflow/.local/lib/python3.11/site-packages/airflow/example_dags/example_sla_dag.py took 0.222 seconds
[2024-03-07T18:25:26.284+0000] {processor.py:161} INFO - Started process (PID=1421) to work on /home/airflow/.local/lib/python3.11/site-packages/airflow/example_dags/example_sla_dag.py
[2024-03-07T18:25:26.287+0000] {processor.py:830} INFO - Processing file /home/airflow/.local/lib/python3.11/site-packages/airflow/example_dags/example_sla_dag.py for tasks to queue
[2024-03-07T18:25:26.291+0000] {logging_mixin.py:188} INFO - [2024-03-07T18:25:26.290+0000] {dagbag.py:540} INFO - Filling up the DagBag from /home/airflow/.local/lib/python3.11/site-packages/airflow/example_dags/example_sla_dag.py
[2024-03-07T18:25:26.309+0000] {processor.py:840} INFO - DAG(s) 'example_sla_dag' retrieved from /home/airflow/.local/lib/python3.11/site-packages/airflow/example_dags/example_sla_dag.py
[2024-03-07T18:25:26.352+0000] {logging_mixin.py:188} INFO - [2024-03-07T18:25:26.351+0000] {dag.py:3047} INFO - Sync 1 DAGs
[2024-03-07T18:25:26.423+0000] {logging_mixin.py:188} INFO - [2024-03-07T18:25:26.423+0000] {dag.py:3834} INFO - Setting next_dagrun for example_sla_dag to 2024-03-07 18:22:00+00:00, run_after=2024-03-07 18:24:00+00:00
[2024-03-07T18:25:26.471+0000] {processor.py:183} INFO - Processing /home/airflow/.local/lib/python3.11/site-packages/airflow/example_dags/example_sla_dag.py took 0.192 seconds
[2024-03-07T18:25:58.144+0000] {processor.py:161} INFO - Started process (PID=1478) to work on /home/airflow/.local/lib/python3.11/site-packages/airflow/example_dags/example_sla_dag.py
[2024-03-07T18:25:58.147+0000] {processor.py:830} INFO - Processing file /home/airflow/.local/lib/python3.11/site-packages/airflow/example_dags/example_sla_dag.py for tasks to queue
[2024-03-07T18:25:58.152+0000] {logging_mixin.py:188} INFO - [2024-03-07T18:25:58.151+0000] {dagbag.py:540} INFO - Filling up the DagBag from /home/airflow/.local/lib/python3.11/site-packages/airflow/example_dags/example_sla_dag.py
[2024-03-07T18:25:58.173+0000] {processor.py:840} INFO - DAG(s) 'example_sla_dag' retrieved from /home/airflow/.local/lib/python3.11/site-packages/airflow/example_dags/example_sla_dag.py
[2024-03-07T18:25:58.239+0000] {logging_mixin.py:188} INFO - [2024-03-07T18:25:58.239+0000] {dag.py:3047} INFO - Sync 1 DAGs
[2024-03-07T18:25:58.311+0000] {logging_mixin.py:188} INFO - [2024-03-07T18:25:58.310+0000] {dag.py:3834} INFO - Setting next_dagrun for example_sla_dag to 2024-03-07 18:22:00+00:00, run_after=2024-03-07 18:24:00+00:00
[2024-03-07T18:25:58.374+0000] {processor.py:183} INFO - Processing /home/airflow/.local/lib/python3.11/site-packages/airflow/example_dags/example_sla_dag.py took 0.236 seconds
[2024-03-07T18:26:29.880+0000] {processor.py:161} INFO - Started process (PID=1536) to work on /home/airflow/.local/lib/python3.11/site-packages/airflow/example_dags/example_sla_dag.py
[2024-03-07T18:26:29.883+0000] {processor.py:830} INFO - Processing file /home/airflow/.local/lib/python3.11/site-packages/airflow/example_dags/example_sla_dag.py for tasks to queue
[2024-03-07T18:26:29.887+0000] {logging_mixin.py:188} INFO - [2024-03-07T18:26:29.886+0000] {dagbag.py:540} INFO - Filling up the DagBag from /home/airflow/.local/lib/python3.11/site-packages/airflow/example_dags/example_sla_dag.py
[2024-03-07T18:26:29.905+0000] {processor.py:840} INFO - DAG(s) 'example_sla_dag' retrieved from /home/airflow/.local/lib/python3.11/site-packages/airflow/example_dags/example_sla_dag.py
[2024-03-07T18:26:29.954+0000] {logging_mixin.py:188} INFO - [2024-03-07T18:26:29.953+0000] {dag.py:3047} INFO - Sync 1 DAGs
[2024-03-07T18:26:30.014+0000] {logging_mixin.py:188} INFO - [2024-03-07T18:26:30.014+0000] {dag.py:3834} INFO - Setting next_dagrun for example_sla_dag to 2024-03-07 18:24:00+00:00, run_after=2024-03-07 18:26:00+00:00
[2024-03-07T18:26:30.082+0000] {processor.py:183} INFO - Processing /home/airflow/.local/lib/python3.11/site-packages/airflow/example_dags/example_sla_dag.py took 0.206 seconds
[2024-03-07T18:27:02.241+0000] {processor.py:161} INFO - Started process (PID=1594) to work on /home/airflow/.local/lib/python3.11/site-packages/airflow/example_dags/example_sla_dag.py
[2024-03-07T18:27:02.243+0000] {processor.py:830} INFO - Processing file /home/airflow/.local/lib/python3.11/site-packages/airflow/example_dags/example_sla_dag.py for tasks to queue
[2024-03-07T18:27:02.248+0000] {logging_mixin.py:188} INFO - [2024-03-07T18:27:02.246+0000] {dagbag.py:540} INFO - Filling up the DagBag from /home/airflow/.local/lib/python3.11/site-packages/airflow/example_dags/example_sla_dag.py
[2024-03-07T18:27:02.268+0000] {processor.py:840} INFO - DAG(s) 'example_sla_dag' retrieved from /home/airflow/.local/lib/python3.11/site-packages/airflow/example_dags/example_sla_dag.py
[2024-03-07T18:27:02.313+0000] {logging_mixin.py:188} INFO - [2024-03-07T18:27:02.312+0000] {dag.py:3047} INFO - Sync 1 DAGs
[2024-03-07T18:27:02.381+0000] {logging_mixin.py:188} INFO - [2024-03-07T18:27:02.380+0000] {dag.py:3834} INFO - Setting next_dagrun for example_sla_dag to 2024-03-07 18:24:00+00:00, run_after=2024-03-07 18:26:00+00:00
[2024-03-07T18:27:02.436+0000] {processor.py:183} INFO - Processing /home/airflow/.local/lib/python3.11/site-packages/airflow/example_dags/example_sla_dag.py took 0.200 seconds
[2024-03-07T18:27:35.189+0000] {processor.py:161} INFO - Started process (PID=1651) to work on /home/airflow/.local/lib/python3.11/site-packages/airflow/example_dags/example_sla_dag.py
[2024-03-07T18:27:35.191+0000] {processor.py:830} INFO - Processing file /home/airflow/.local/lib/python3.11/site-packages/airflow/example_dags/example_sla_dag.py for tasks to queue
[2024-03-07T18:27:35.197+0000] {logging_mixin.py:188} INFO - [2024-03-07T18:27:35.196+0000] {dagbag.py:540} INFO - Filling up the DagBag from /home/airflow/.local/lib/python3.11/site-packages/airflow/example_dags/example_sla_dag.py
[2024-03-07T18:27:35.220+0000] {processor.py:840} INFO - DAG(s) 'example_sla_dag' retrieved from /home/airflow/.local/lib/python3.11/site-packages/airflow/example_dags/example_sla_dag.py
[2024-03-07T18:27:35.377+0000] {logging_mixin.py:188} INFO - [2024-03-07T18:27:35.376+0000] {dag.py:3047} INFO - Sync 1 DAGs
[2024-03-07T18:27:35.437+0000] {logging_mixin.py:188} INFO - [2024-03-07T18:27:35.436+0000] {dag.py:3834} INFO - Setting next_dagrun for example_sla_dag to 2024-03-07 18:24:00+00:00, run_after=2024-03-07 18:26:00+00:00
[2024-03-07T18:27:35.495+0000] {processor.py:183} INFO - Processing /home/airflow/.local/lib/python3.11/site-packages/airflow/example_dags/example_sla_dag.py took 0.312 seconds
[2024-03-07T18:28:07.824+0000] {processor.py:161} INFO - Started process (PID=1709) to work on /home/airflow/.local/lib/python3.11/site-packages/airflow/example_dags/example_sla_dag.py
[2024-03-07T18:28:07.827+0000] {processor.py:830} INFO - Processing file /home/airflow/.local/lib/python3.11/site-packages/airflow/example_dags/example_sla_dag.py for tasks to queue
[2024-03-07T18:28:09.467+0000] {logging_mixin.py:188} INFO - [2024-03-07T18:28:09.466+0000] {dagbag.py:540} INFO - Filling up the DagBag from /home/airflow/.local/lib/python3.11/site-packages/airflow/example_dags/example_sla_dag.py
[2024-03-07T18:28:09.504+0000] {processor.py:840} INFO - DAG(s) 'example_sla_dag' retrieved from /home/airflow/.local/lib/python3.11/site-packages/airflow/example_dags/example_sla_dag.py
[2024-03-07T18:28:09.587+0000] {logging_mixin.py:188} INFO - [2024-03-07T18:28:09.587+0000] {dag.py:3047} INFO - Sync 1 DAGs
[2024-03-07T18:28:09.663+0000] {logging_mixin.py:188} INFO - [2024-03-07T18:28:09.662+0000] {dag.py:3834} INFO - Setting next_dagrun for example_sla_dag to 2024-03-07 18:26:00+00:00, run_after=2024-03-07 18:28:00+00:00
[2024-03-07T18:28:09.733+0000] {processor.py:183} INFO - Processing /home/airflow/.local/lib/python3.11/site-packages/airflow/example_dags/example_sla_dag.py took 1.913 seconds
[2024-03-07T18:28:40.060+0000] {processor.py:161} INFO - Started process (PID=1769) to work on /home/airflow/.local/lib/python3.11/site-packages/airflow/example_dags/example_sla_dag.py
[2024-03-07T18:28:40.063+0000] {processor.py:830} INFO - Processing file /home/airflow/.local/lib/python3.11/site-packages/airflow/example_dags/example_sla_dag.py for tasks to queue
[2024-03-07T18:28:40.067+0000] {logging_mixin.py:188} INFO - [2024-03-07T18:28:40.067+0000] {dagbag.py:540} INFO - Filling up the DagBag from /home/airflow/.local/lib/python3.11/site-packages/airflow/example_dags/example_sla_dag.py
[2024-03-07T18:28:40.082+0000] {processor.py:840} INFO - DAG(s) 'example_sla_dag' retrieved from /home/airflow/.local/lib/python3.11/site-packages/airflow/example_dags/example_sla_dag.py
[2024-03-07T18:28:40.122+0000] {logging_mixin.py:188} INFO - [2024-03-07T18:28:40.122+0000] {dag.py:3047} INFO - Sync 1 DAGs
[2024-03-07T18:28:40.182+0000] {logging_mixin.py:188} INFO - [2024-03-07T18:28:40.181+0000] {dag.py:3834} INFO - Setting next_dagrun for example_sla_dag to 2024-03-07 18:26:00+00:00, run_after=2024-03-07 18:28:00+00:00
[2024-03-07T18:28:40.242+0000] {processor.py:183} INFO - Processing /home/airflow/.local/lib/python3.11/site-packages/airflow/example_dags/example_sla_dag.py took 0.188 seconds
[2024-03-07T18:29:10.913+0000] {processor.py:161} INFO - Started process (PID=1826) to work on /home/airflow/.local/lib/python3.11/site-packages/airflow/example_dags/example_sla_dag.py
[2024-03-07T18:29:10.915+0000] {processor.py:830} INFO - Processing file /home/airflow/.local/lib/python3.11/site-packages/airflow/example_dags/example_sla_dag.py for tasks to queue
[2024-03-07T18:29:10.919+0000] {logging_mixin.py:188} INFO - [2024-03-07T18:29:10.918+0000] {dagbag.py:540} INFO - Filling up the DagBag from /home/airflow/.local/lib/python3.11/site-packages/airflow/example_dags/example_sla_dag.py
[2024-03-07T18:29:10.934+0000] {processor.py:840} INFO - DAG(s) 'example_sla_dag' retrieved from /home/airflow/.local/lib/python3.11/site-packages/airflow/example_dags/example_sla_dag.py
[2024-03-07T18:29:10.977+0000] {logging_mixin.py:188} INFO - [2024-03-07T18:29:10.976+0000] {dag.py:3047} INFO - Sync 1 DAGs
[2024-03-07T18:29:11.035+0000] {logging_mixin.py:188} INFO - [2024-03-07T18:29:11.034+0000] {dag.py:3834} INFO - Setting next_dagrun for example_sla_dag to 2024-03-07 18:26:00+00:00, run_after=2024-03-07 18:28:00+00:00
[2024-03-07T18:29:11.093+0000] {processor.py:183} INFO - Processing /home/airflow/.local/lib/python3.11/site-packages/airflow/example_dags/example_sla_dag.py took 0.185 seconds
