[2024-03-07T18:13:05.965+0000] {processor.py:161} INFO - Started process (PID=57) to work on /home/airflow/.local/lib/python3.11/site-packages/airflow/example_dags/example_xcomargs.py
[2024-03-07T18:13:05.993+0000] {processor.py:830} INFO - Processing file /home/airflow/.local/lib/python3.11/site-packages/airflow/example_dags/example_xcomargs.py for tasks to queue
[2024-03-07T18:13:06.044+0000] {logging_mixin.py:188} INFO - [2024-03-07T18:13:06.028+0000] {dagbag.py:540} INFO - Filling up the DagBag from /home/airflow/.local/lib/python3.11/site-packages/airflow/example_dags/example_xcomargs.py
[2024-03-07T18:13:06.162+0000] {processor.py:840} INFO - DAG(s) 'example_xcom_args', 'example_xcom_args_with_operators' retrieved from /home/airflow/.local/lib/python3.11/site-packages/airflow/example_dags/example_xcomargs.py
[2024-03-07T18:13:06.661+0000] {logging_mixin.py:188} INFO - [2024-03-07T18:13:06.660+0000] {dag.py:3047} INFO - Sync 2 DAGs
[2024-03-07T18:13:06.818+0000] {logging_mixin.py:188} INFO - [2024-03-07T18:13:06.817+0000] {dag.py:3834} INFO - Setting next_dagrun for example_xcom_args to None, run_after=None
[2024-03-07T18:13:06.857+0000] {logging_mixin.py:188} INFO - [2024-03-07T18:13:06.856+0000] {dag.py:3834} INFO - Setting next_dagrun for example_xcom_args_with_operators to None, run_after=None
[2024-03-07T18:13:07.067+0000] {processor.py:183} INFO - Processing /home/airflow/.local/lib/python3.11/site-packages/airflow/example_dags/example_xcomargs.py took 1.109 seconds
[2024-03-07T18:13:38.381+0000] {processor.py:161} INFO - Started process (PID=114) to work on /home/airflow/.local/lib/python3.11/site-packages/airflow/example_dags/example_xcomargs.py
[2024-03-07T18:13:38.384+0000] {processor.py:830} INFO - Processing file /home/airflow/.local/lib/python3.11/site-packages/airflow/example_dags/example_xcomargs.py for tasks to queue
[2024-03-07T18:13:38.417+0000] {logging_mixin.py:188} INFO - [2024-03-07T18:13:38.416+0000] {dagbag.py:540} INFO - Filling up the DagBag from /home/airflow/.local/lib/python3.11/site-packages/airflow/example_dags/example_xcomargs.py
[2024-03-07T18:13:38.493+0000] {processor.py:840} INFO - DAG(s) 'example_xcom_args_with_operators', 'example_xcom_args' retrieved from /home/airflow/.local/lib/python3.11/site-packages/airflow/example_dags/example_xcomargs.py
[2024-03-07T18:13:38.632+0000] {logging_mixin.py:188} INFO - [2024-03-07T18:13:38.631+0000] {dag.py:3047} INFO - Sync 2 DAGs
[2024-03-07T18:13:38.721+0000] {logging_mixin.py:188} INFO - [2024-03-07T18:13:38.720+0000] {dag.py:3834} INFO - Setting next_dagrun for example_xcom_args to None, run_after=None
[2024-03-07T18:13:38.738+0000] {logging_mixin.py:188} INFO - [2024-03-07T18:13:38.737+0000] {dag.py:3834} INFO - Setting next_dagrun for example_xcom_args_with_operators to None, run_after=None
[2024-03-07T18:13:38.845+0000] {processor.py:183} INFO - Processing /home/airflow/.local/lib/python3.11/site-packages/airflow/example_dags/example_xcomargs.py took 0.479 seconds
[2024-03-07T18:14:10.518+0000] {processor.py:161} INFO - Started process (PID=171) to work on /home/airflow/.local/lib/python3.11/site-packages/airflow/example_dags/example_xcomargs.py
[2024-03-07T18:14:10.522+0000] {processor.py:830} INFO - Processing file /home/airflow/.local/lib/python3.11/site-packages/airflow/example_dags/example_xcomargs.py for tasks to queue
[2024-03-07T18:14:10.536+0000] {logging_mixin.py:188} INFO - [2024-03-07T18:14:10.531+0000] {dagbag.py:540} INFO - Filling up the DagBag from /home/airflow/.local/lib/python3.11/site-packages/airflow/example_dags/example_xcomargs.py
[2024-03-07T18:14:10.592+0000] {processor.py:840} INFO - DAG(s) 'example_xcom_args_with_operators', 'example_xcom_args' retrieved from /home/airflow/.local/lib/python3.11/site-packages/airflow/example_dags/example_xcomargs.py
[2024-03-07T18:14:10.728+0000] {logging_mixin.py:188} INFO - [2024-03-07T18:14:10.726+0000] {dag.py:3047} INFO - Sync 2 DAGs
[2024-03-07T18:14:10.786+0000] {logging_mixin.py:188} INFO - [2024-03-07T18:14:10.785+0000] {dag.py:3834} INFO - Setting next_dagrun for example_xcom_args to None, run_after=None
[2024-03-07T18:14:10.903+0000] {logging_mixin.py:188} INFO - [2024-03-07T18:14:10.903+0000] {dag.py:3834} INFO - Setting next_dagrun for example_xcom_args_with_operators to None, run_after=None
[2024-03-07T18:14:11.035+0000] {processor.py:183} INFO - Processing /home/airflow/.local/lib/python3.11/site-packages/airflow/example_dags/example_xcomargs.py took 0.540 seconds
[2024-03-07T18:14:44.425+0000] {processor.py:161} INFO - Started process (PID=228) to work on /home/airflow/.local/lib/python3.11/site-packages/airflow/example_dags/example_xcomargs.py
[2024-03-07T18:14:44.429+0000] {processor.py:830} INFO - Processing file /home/airflow/.local/lib/python3.11/site-packages/airflow/example_dags/example_xcomargs.py for tasks to queue
[2024-03-07T18:14:44.443+0000] {logging_mixin.py:188} INFO - [2024-03-07T18:14:44.442+0000] {dagbag.py:540} INFO - Filling up the DagBag from /home/airflow/.local/lib/python3.11/site-packages/airflow/example_dags/example_xcomargs.py
[2024-03-07T18:14:44.519+0000] {processor.py:840} INFO - DAG(s) 'example_xcom_args', 'example_xcom_args_with_operators' retrieved from /home/airflow/.local/lib/python3.11/site-packages/airflow/example_dags/example_xcomargs.py
[2024-03-07T18:14:44.747+0000] {logging_mixin.py:188} INFO - [2024-03-07T18:14:44.746+0000] {dag.py:3047} INFO - Sync 2 DAGs
[2024-03-07T18:14:45.538+0000] {logging_mixin.py:188} INFO - [2024-03-07T18:14:45.537+0000] {dag.py:3834} INFO - Setting next_dagrun for example_xcom_args to None, run_after=None
[2024-03-07T18:14:45.575+0000] {logging_mixin.py:188} INFO - [2024-03-07T18:14:45.574+0000] {dag.py:3834} INFO - Setting next_dagrun for example_xcom_args_with_operators to None, run_after=None
[2024-03-07T18:14:45.704+0000] {processor.py:183} INFO - Processing /home/airflow/.local/lib/python3.11/site-packages/airflow/example_dags/example_xcomargs.py took 1.286 seconds
[2024-03-07T18:15:16.598+0000] {processor.py:161} INFO - Started process (PID=287) to work on /home/airflow/.local/lib/python3.11/site-packages/airflow/example_dags/example_xcomargs.py
[2024-03-07T18:15:16.600+0000] {processor.py:830} INFO - Processing file /home/airflow/.local/lib/python3.11/site-packages/airflow/example_dags/example_xcomargs.py for tasks to queue
[2024-03-07T18:15:16.604+0000] {logging_mixin.py:188} INFO - [2024-03-07T18:15:16.603+0000] {dagbag.py:540} INFO - Filling up the DagBag from /home/airflow/.local/lib/python3.11/site-packages/airflow/example_dags/example_xcomargs.py
[2024-03-07T18:15:16.626+0000] {processor.py:840} INFO - DAG(s) 'example_xcom_args_with_operators', 'example_xcom_args' retrieved from /home/airflow/.local/lib/python3.11/site-packages/airflow/example_dags/example_xcomargs.py
[2024-03-07T18:15:17.064+0000] {logging_mixin.py:188} INFO - [2024-03-07T18:15:17.063+0000] {dag.py:3047} INFO - Sync 2 DAGs
[2024-03-07T18:15:17.095+0000] {logging_mixin.py:188} INFO - [2024-03-07T18:15:17.094+0000] {dag.py:3834} INFO - Setting next_dagrun for example_xcom_args to None, run_after=None
[2024-03-07T18:15:17.111+0000] {logging_mixin.py:188} INFO - [2024-03-07T18:15:17.111+0000] {dag.py:3834} INFO - Setting next_dagrun for example_xcom_args_with_operators to None, run_after=None
[2024-03-07T18:15:17.201+0000] {processor.py:183} INFO - Processing /home/airflow/.local/lib/python3.11/site-packages/airflow/example_dags/example_xcomargs.py took 0.608 seconds
[2024-03-07T18:15:49.058+0000] {processor.py:161} INFO - Started process (PID=345) to work on /home/airflow/.local/lib/python3.11/site-packages/airflow/example_dags/example_xcomargs.py
[2024-03-07T18:15:49.061+0000] {processor.py:830} INFO - Processing file /home/airflow/.local/lib/python3.11/site-packages/airflow/example_dags/example_xcomargs.py for tasks to queue
[2024-03-07T18:15:49.072+0000] {logging_mixin.py:188} INFO - [2024-03-07T18:15:49.069+0000] {dagbag.py:540} INFO - Filling up the DagBag from /home/airflow/.local/lib/python3.11/site-packages/airflow/example_dags/example_xcomargs.py
[2024-03-07T18:15:49.097+0000] {processor.py:840} INFO - DAG(s) 'example_xcom_args_with_operators', 'example_xcom_args' retrieved from /home/airflow/.local/lib/python3.11/site-packages/airflow/example_dags/example_xcomargs.py
[2024-03-07T18:15:49.165+0000] {logging_mixin.py:188} INFO - [2024-03-07T18:15:49.164+0000] {dag.py:3047} INFO - Sync 2 DAGs
[2024-03-07T18:15:49.196+0000] {logging_mixin.py:188} INFO - [2024-03-07T18:15:49.195+0000] {dag.py:3834} INFO - Setting next_dagrun for example_xcom_args to None, run_after=None
[2024-03-07T18:15:49.209+0000] {logging_mixin.py:188} INFO - [2024-03-07T18:15:49.208+0000] {dag.py:3834} INFO - Setting next_dagrun for example_xcom_args_with_operators to None, run_after=None
[2024-03-07T18:15:49.261+0000] {processor.py:183} INFO - Processing /home/airflow/.local/lib/python3.11/site-packages/airflow/example_dags/example_xcomargs.py took 0.211 seconds
[2024-03-07T18:16:20.509+0000] {processor.py:161} INFO - Started process (PID=402) to work on /home/airflow/.local/lib/python3.11/site-packages/airflow/example_dags/example_xcomargs.py
[2024-03-07T18:16:20.512+0000] {processor.py:830} INFO - Processing file /home/airflow/.local/lib/python3.11/site-packages/airflow/example_dags/example_xcomargs.py for tasks to queue
[2024-03-07T18:16:20.517+0000] {logging_mixin.py:188} INFO - [2024-03-07T18:16:20.516+0000] {dagbag.py:540} INFO - Filling up the DagBag from /home/airflow/.local/lib/python3.11/site-packages/airflow/example_dags/example_xcomargs.py
[2024-03-07T18:16:20.541+0000] {processor.py:840} INFO - DAG(s) 'example_xcom_args', 'example_xcom_args_with_operators' retrieved from /home/airflow/.local/lib/python3.11/site-packages/airflow/example_dags/example_xcomargs.py
[2024-03-07T18:16:20.614+0000] {logging_mixin.py:188} INFO - [2024-03-07T18:16:20.613+0000] {dag.py:3047} INFO - Sync 2 DAGs
[2024-03-07T18:16:20.650+0000] {logging_mixin.py:188} INFO - [2024-03-07T18:16:20.649+0000] {dag.py:3834} INFO - Setting next_dagrun for example_xcom_args to None, run_after=None
[2024-03-07T18:16:20.663+0000] {logging_mixin.py:188} INFO - [2024-03-07T18:16:20.662+0000] {dag.py:3834} INFO - Setting next_dagrun for example_xcom_args_with_operators to None, run_after=None
[2024-03-07T18:16:20.726+0000] {processor.py:183} INFO - Processing /home/airflow/.local/lib/python3.11/site-packages/airflow/example_dags/example_xcomargs.py took 0.225 seconds
[2024-03-07T18:16:52.274+0000] {processor.py:161} INFO - Started process (PID=460) to work on /home/airflow/.local/lib/python3.11/site-packages/airflow/example_dags/example_xcomargs.py
[2024-03-07T18:16:52.277+0000] {processor.py:830} INFO - Processing file /home/airflow/.local/lib/python3.11/site-packages/airflow/example_dags/example_xcomargs.py for tasks to queue
[2024-03-07T18:16:52.281+0000] {logging_mixin.py:188} INFO - [2024-03-07T18:16:52.280+0000] {dagbag.py:540} INFO - Filling up the DagBag from /home/airflow/.local/lib/python3.11/site-packages/airflow/example_dags/example_xcomargs.py
[2024-03-07T18:16:52.309+0000] {processor.py:840} INFO - DAG(s) 'example_xcom_args', 'example_xcom_args_with_operators' retrieved from /home/airflow/.local/lib/python3.11/site-packages/airflow/example_dags/example_xcomargs.py
[2024-03-07T18:16:52.385+0000] {logging_mixin.py:188} INFO - [2024-03-07T18:16:52.384+0000] {dag.py:3047} INFO - Sync 2 DAGs
[2024-03-07T18:16:52.426+0000] {logging_mixin.py:188} INFO - [2024-03-07T18:16:52.425+0000] {dag.py:3834} INFO - Setting next_dagrun for example_xcom_args to None, run_after=None
[2024-03-07T18:16:52.440+0000] {logging_mixin.py:188} INFO - [2024-03-07T18:16:52.439+0000] {dag.py:3834} INFO - Setting next_dagrun for example_xcom_args_with_operators to None, run_after=None
[2024-03-07T18:16:52.507+0000] {processor.py:183} INFO - Processing /home/airflow/.local/lib/python3.11/site-packages/airflow/example_dags/example_xcomargs.py took 0.239 seconds
[2024-03-07T18:17:24.418+0000] {processor.py:161} INFO - Started process (PID=517) to work on /home/airflow/.local/lib/python3.11/site-packages/airflow/example_dags/example_xcomargs.py
[2024-03-07T18:17:24.421+0000] {processor.py:830} INFO - Processing file /home/airflow/.local/lib/python3.11/site-packages/airflow/example_dags/example_xcomargs.py for tasks to queue
[2024-03-07T18:17:24.425+0000] {logging_mixin.py:188} INFO - [2024-03-07T18:17:24.424+0000] {dagbag.py:540} INFO - Filling up the DagBag from /home/airflow/.local/lib/python3.11/site-packages/airflow/example_dags/example_xcomargs.py
[2024-03-07T18:17:24.442+0000] {processor.py:840} INFO - DAG(s) 'example_xcom_args_with_operators', 'example_xcom_args' retrieved from /home/airflow/.local/lib/python3.11/site-packages/airflow/example_dags/example_xcomargs.py
[2024-03-07T18:17:24.504+0000] {logging_mixin.py:188} INFO - [2024-03-07T18:17:24.503+0000] {dag.py:3047} INFO - Sync 2 DAGs
[2024-03-07T18:17:24.535+0000] {logging_mixin.py:188} INFO - [2024-03-07T18:17:24.535+0000] {dag.py:3834} INFO - Setting next_dagrun for example_xcom_args to None, run_after=None
[2024-03-07T18:17:24.547+0000] {logging_mixin.py:188} INFO - [2024-03-07T18:17:24.546+0000] {dag.py:3834} INFO - Setting next_dagrun for example_xcom_args_with_operators to None, run_after=None
[2024-03-07T18:17:24.598+0000] {processor.py:183} INFO - Processing /home/airflow/.local/lib/python3.11/site-packages/airflow/example_dags/example_xcomargs.py took 0.185 seconds
[2024-03-07T18:17:56.075+0000] {processor.py:161} INFO - Started process (PID=575) to work on /home/airflow/.local/lib/python3.11/site-packages/airflow/example_dags/example_xcomargs.py
[2024-03-07T18:17:56.078+0000] {processor.py:830} INFO - Processing file /home/airflow/.local/lib/python3.11/site-packages/airflow/example_dags/example_xcomargs.py for tasks to queue
[2024-03-07T18:17:56.083+0000] {logging_mixin.py:188} INFO - [2024-03-07T18:17:56.082+0000] {dagbag.py:540} INFO - Filling up the DagBag from /home/airflow/.local/lib/python3.11/site-packages/airflow/example_dags/example_xcomargs.py
[2024-03-07T18:17:56.104+0000] {processor.py:840} INFO - DAG(s) 'example_xcom_args_with_operators', 'example_xcom_args' retrieved from /home/airflow/.local/lib/python3.11/site-packages/airflow/example_dags/example_xcomargs.py
[2024-03-07T18:17:56.184+0000] {logging_mixin.py:188} INFO - [2024-03-07T18:17:56.183+0000] {dag.py:3047} INFO - Sync 2 DAGs
[2024-03-07T18:17:56.221+0000] {logging_mixin.py:188} INFO - [2024-03-07T18:17:56.221+0000] {dag.py:3834} INFO - Setting next_dagrun for example_xcom_args to None, run_after=None
[2024-03-07T18:17:56.234+0000] {logging_mixin.py:188} INFO - [2024-03-07T18:17:56.233+0000] {dag.py:3834} INFO - Setting next_dagrun for example_xcom_args_with_operators to None, run_after=None
[2024-03-07T18:17:56.293+0000] {processor.py:183} INFO - Processing /home/airflow/.local/lib/python3.11/site-packages/airflow/example_dags/example_xcomargs.py took 0.226 seconds
[2024-03-07T18:18:28.074+0000] {processor.py:161} INFO - Started process (PID=633) to work on /home/airflow/.local/lib/python3.11/site-packages/airflow/example_dags/example_xcomargs.py
[2024-03-07T18:18:28.077+0000] {processor.py:830} INFO - Processing file /home/airflow/.local/lib/python3.11/site-packages/airflow/example_dags/example_xcomargs.py for tasks to queue
[2024-03-07T18:18:28.082+0000] {logging_mixin.py:188} INFO - [2024-03-07T18:18:28.081+0000] {dagbag.py:540} INFO - Filling up the DagBag from /home/airflow/.local/lib/python3.11/site-packages/airflow/example_dags/example_xcomargs.py
[2024-03-07T18:18:28.105+0000] {processor.py:840} INFO - DAG(s) 'example_xcom_args_with_operators', 'example_xcom_args' retrieved from /home/airflow/.local/lib/python3.11/site-packages/airflow/example_dags/example_xcomargs.py
[2024-03-07T18:18:28.181+0000] {logging_mixin.py:188} INFO - [2024-03-07T18:18:28.181+0000] {dag.py:3047} INFO - Sync 2 DAGs
[2024-03-07T18:18:28.215+0000] {logging_mixin.py:188} INFO - [2024-03-07T18:18:28.215+0000] {dag.py:3834} INFO - Setting next_dagrun for example_xcom_args to None, run_after=None
[2024-03-07T18:18:28.228+0000] {logging_mixin.py:188} INFO - [2024-03-07T18:18:28.227+0000] {dag.py:3834} INFO - Setting next_dagrun for example_xcom_args_with_operators to None, run_after=None
[2024-03-07T18:18:28.273+0000] {processor.py:183} INFO - Processing /home/airflow/.local/lib/python3.11/site-packages/airflow/example_dags/example_xcomargs.py took 0.205 seconds
[2024-03-07T18:18:59.107+0000] {processor.py:161} INFO - Started process (PID=691) to work on /home/airflow/.local/lib/python3.11/site-packages/airflow/example_dags/example_xcomargs.py
[2024-03-07T18:18:59.108+0000] {processor.py:830} INFO - Processing file /home/airflow/.local/lib/python3.11/site-packages/airflow/example_dags/example_xcomargs.py for tasks to queue
[2024-03-07T18:18:59.112+0000] {logging_mixin.py:188} INFO - [2024-03-07T18:18:59.111+0000] {dagbag.py:540} INFO - Filling up the DagBag from /home/airflow/.local/lib/python3.11/site-packages/airflow/example_dags/example_xcomargs.py
[2024-03-07T18:18:59.123+0000] {processor.py:840} INFO - DAG(s) 'example_xcom_args', 'example_xcom_args_with_operators' retrieved from /home/airflow/.local/lib/python3.11/site-packages/airflow/example_dags/example_xcomargs.py
[2024-03-07T18:18:59.161+0000] {logging_mixin.py:188} INFO - [2024-03-07T18:18:59.161+0000] {dag.py:3047} INFO - Sync 2 DAGs
[2024-03-07T18:18:59.181+0000] {logging_mixin.py:188} INFO - [2024-03-07T18:18:59.181+0000] {dag.py:3834} INFO - Setting next_dagrun for example_xcom_args to None, run_after=None
[2024-03-07T18:18:59.187+0000] {logging_mixin.py:188} INFO - [2024-03-07T18:18:59.187+0000] {dag.py:3834} INFO - Setting next_dagrun for example_xcom_args_with_operators to None, run_after=None
[2024-03-07T18:18:59.227+0000] {processor.py:183} INFO - Processing /home/airflow/.local/lib/python3.11/site-packages/airflow/example_dags/example_xcomargs.py took 0.123 seconds
[2024-03-07T18:19:30.713+0000] {processor.py:161} INFO - Started process (PID=750) to work on /home/airflow/.local/lib/python3.11/site-packages/airflow/example_dags/example_xcomargs.py
[2024-03-07T18:19:30.715+0000] {processor.py:830} INFO - Processing file /home/airflow/.local/lib/python3.11/site-packages/airflow/example_dags/example_xcomargs.py for tasks to queue
[2024-03-07T18:19:30.720+0000] {logging_mixin.py:188} INFO - [2024-03-07T18:19:30.719+0000] {dagbag.py:540} INFO - Filling up the DagBag from /home/airflow/.local/lib/python3.11/site-packages/airflow/example_dags/example_xcomargs.py
[2024-03-07T18:19:30.738+0000] {processor.py:840} INFO - DAG(s) 'example_xcom_args', 'example_xcom_args_with_operators' retrieved from /home/airflow/.local/lib/python3.11/site-packages/airflow/example_dags/example_xcomargs.py
[2024-03-07T18:19:30.798+0000] {logging_mixin.py:188} INFO - [2024-03-07T18:19:30.797+0000] {dag.py:3047} INFO - Sync 2 DAGs
[2024-03-07T18:19:30.832+0000] {logging_mixin.py:188} INFO - [2024-03-07T18:19:30.832+0000] {dag.py:3834} INFO - Setting next_dagrun for example_xcom_args to None, run_after=None
[2024-03-07T18:19:30.843+0000] {logging_mixin.py:188} INFO - [2024-03-07T18:19:30.842+0000] {dag.py:3834} INFO - Setting next_dagrun for example_xcom_args_with_operators to None, run_after=None
[2024-03-07T18:19:30.894+0000] {processor.py:183} INFO - Processing /home/airflow/.local/lib/python3.11/site-packages/airflow/example_dags/example_xcomargs.py took 0.186 seconds
[2024-03-07T18:20:02.413+0000] {processor.py:161} INFO - Started process (PID=808) to work on /home/airflow/.local/lib/python3.11/site-packages/airflow/example_dags/example_xcomargs.py
[2024-03-07T18:20:02.417+0000] {processor.py:830} INFO - Processing file /home/airflow/.local/lib/python3.11/site-packages/airflow/example_dags/example_xcomargs.py for tasks to queue
[2024-03-07T18:20:02.423+0000] {logging_mixin.py:188} INFO - [2024-03-07T18:20:02.422+0000] {dagbag.py:540} INFO - Filling up the DagBag from /home/airflow/.local/lib/python3.11/site-packages/airflow/example_dags/example_xcomargs.py
[2024-03-07T18:20:02.499+0000] {processor.py:840} INFO - DAG(s) 'example_xcom_args', 'example_xcom_args_with_operators' retrieved from /home/airflow/.local/lib/python3.11/site-packages/airflow/example_dags/example_xcomargs.py
[2024-03-07T18:20:02.567+0000] {logging_mixin.py:188} INFO - [2024-03-07T18:20:02.566+0000] {dag.py:3047} INFO - Sync 2 DAGs
[2024-03-07T18:20:02.598+0000] {logging_mixin.py:188} INFO - [2024-03-07T18:20:02.597+0000] {dag.py:3834} INFO - Setting next_dagrun for example_xcom_args to None, run_after=None
[2024-03-07T18:20:02.608+0000] {logging_mixin.py:188} INFO - [2024-03-07T18:20:02.608+0000] {dag.py:3834} INFO - Setting next_dagrun for example_xcom_args_with_operators to None, run_after=None
[2024-03-07T18:20:02.655+0000] {processor.py:183} INFO - Processing /home/airflow/.local/lib/python3.11/site-packages/airflow/example_dags/example_xcomargs.py took 0.250 seconds
[2024-03-07T18:20:34.361+0000] {processor.py:161} INFO - Started process (PID=865) to work on /home/airflow/.local/lib/python3.11/site-packages/airflow/example_dags/example_xcomargs.py
[2024-03-07T18:20:34.363+0000] {processor.py:830} INFO - Processing file /home/airflow/.local/lib/python3.11/site-packages/airflow/example_dags/example_xcomargs.py for tasks to queue
[2024-03-07T18:20:34.368+0000] {logging_mixin.py:188} INFO - [2024-03-07T18:20:34.367+0000] {dagbag.py:540} INFO - Filling up the DagBag from /home/airflow/.local/lib/python3.11/site-packages/airflow/example_dags/example_xcomargs.py
[2024-03-07T18:20:34.387+0000] {processor.py:840} INFO - DAG(s) 'example_xcom_args', 'example_xcom_args_with_operators' retrieved from /home/airflow/.local/lib/python3.11/site-packages/airflow/example_dags/example_xcomargs.py
[2024-03-07T18:20:34.449+0000] {logging_mixin.py:188} INFO - [2024-03-07T18:20:34.448+0000] {dag.py:3047} INFO - Sync 2 DAGs
[2024-03-07T18:20:34.486+0000] {logging_mixin.py:188} INFO - [2024-03-07T18:20:34.485+0000] {dag.py:3834} INFO - Setting next_dagrun for example_xcom_args to None, run_after=None
[2024-03-07T18:20:34.498+0000] {logging_mixin.py:188} INFO - [2024-03-07T18:20:34.496+0000] {dag.py:3834} INFO - Setting next_dagrun for example_xcom_args_with_operators to None, run_after=None
[2024-03-07T18:20:34.552+0000] {processor.py:183} INFO - Processing /home/airflow/.local/lib/python3.11/site-packages/airflow/example_dags/example_xcomargs.py took 0.197 seconds
[2024-03-07T18:21:05.925+0000] {processor.py:161} INFO - Started process (PID=923) to work on /home/airflow/.local/lib/python3.11/site-packages/airflow/example_dags/example_xcomargs.py
[2024-03-07T18:21:05.929+0000] {processor.py:830} INFO - Processing file /home/airflow/.local/lib/python3.11/site-packages/airflow/example_dags/example_xcomargs.py for tasks to queue
[2024-03-07T18:21:05.934+0000] {logging_mixin.py:188} INFO - [2024-03-07T18:21:05.933+0000] {dagbag.py:540} INFO - Filling up the DagBag from /home/airflow/.local/lib/python3.11/site-packages/airflow/example_dags/example_xcomargs.py
[2024-03-07T18:21:05.961+0000] {processor.py:840} INFO - DAG(s) 'example_xcom_args', 'example_xcom_args_with_operators' retrieved from /home/airflow/.local/lib/python3.11/site-packages/airflow/example_dags/example_xcomargs.py
[2024-03-07T18:21:06.034+0000] {logging_mixin.py:188} INFO - [2024-03-07T18:21:06.034+0000] {dag.py:3047} INFO - Sync 2 DAGs
[2024-03-07T18:21:06.072+0000] {logging_mixin.py:188} INFO - [2024-03-07T18:21:06.071+0000] {dag.py:3834} INFO - Setting next_dagrun for example_xcom_args to None, run_after=None
[2024-03-07T18:21:06.086+0000] {logging_mixin.py:188} INFO - [2024-03-07T18:21:06.086+0000] {dag.py:3834} INFO - Setting next_dagrun for example_xcom_args_with_operators to None, run_after=None
[2024-03-07T18:21:06.143+0000] {processor.py:183} INFO - Processing /home/airflow/.local/lib/python3.11/site-packages/airflow/example_dags/example_xcomargs.py took 0.230 seconds
[2024-03-07T18:21:38.288+0000] {processor.py:161} INFO - Started process (PID=980) to work on /home/airflow/.local/lib/python3.11/site-packages/airflow/example_dags/example_xcomargs.py
[2024-03-07T18:21:38.290+0000] {processor.py:830} INFO - Processing file /home/airflow/.local/lib/python3.11/site-packages/airflow/example_dags/example_xcomargs.py for tasks to queue
[2024-03-07T18:21:38.295+0000] {logging_mixin.py:188} INFO - [2024-03-07T18:21:38.294+0000] {dagbag.py:540} INFO - Filling up the DagBag from /home/airflow/.local/lib/python3.11/site-packages/airflow/example_dags/example_xcomargs.py
[2024-03-07T18:21:38.321+0000] {processor.py:840} INFO - DAG(s) 'example_xcom_args', 'example_xcom_args_with_operators' retrieved from /home/airflow/.local/lib/python3.11/site-packages/airflow/example_dags/example_xcomargs.py
[2024-03-07T18:21:38.383+0000] {logging_mixin.py:188} INFO - [2024-03-07T18:21:38.383+0000] {dag.py:3047} INFO - Sync 2 DAGs
[2024-03-07T18:21:38.414+0000] {logging_mixin.py:188} INFO - [2024-03-07T18:21:38.413+0000] {dag.py:3834} INFO - Setting next_dagrun for example_xcom_args to None, run_after=None
[2024-03-07T18:21:38.427+0000] {logging_mixin.py:188} INFO - [2024-03-07T18:21:38.426+0000] {dag.py:3834} INFO - Setting next_dagrun for example_xcom_args_with_operators to None, run_after=None
[2024-03-07T18:21:38.520+0000] {processor.py:183} INFO - Processing /home/airflow/.local/lib/python3.11/site-packages/airflow/example_dags/example_xcomargs.py took 0.238 seconds
[2024-03-07T18:22:10.476+0000] {processor.py:161} INFO - Started process (PID=1044) to work on /home/airflow/.local/lib/python3.11/site-packages/airflow/example_dags/example_xcomargs.py
[2024-03-07T18:22:10.478+0000] {processor.py:830} INFO - Processing file /home/airflow/.local/lib/python3.11/site-packages/airflow/example_dags/example_xcomargs.py for tasks to queue
[2024-03-07T18:22:10.483+0000] {logging_mixin.py:188} INFO - [2024-03-07T18:22:10.482+0000] {dagbag.py:540} INFO - Filling up the DagBag from /home/airflow/.local/lib/python3.11/site-packages/airflow/example_dags/example_xcomargs.py
[2024-03-07T18:22:10.500+0000] {processor.py:840} INFO - DAG(s) 'example_xcom_args', 'example_xcom_args_with_operators' retrieved from /home/airflow/.local/lib/python3.11/site-packages/airflow/example_dags/example_xcomargs.py
[2024-03-07T18:22:10.556+0000] {logging_mixin.py:188} INFO - [2024-03-07T18:22:10.555+0000] {dag.py:3047} INFO - Sync 2 DAGs
[2024-03-07T18:22:10.591+0000] {logging_mixin.py:188} INFO - [2024-03-07T18:22:10.590+0000] {dag.py:3834} INFO - Setting next_dagrun for example_xcom_args to None, run_after=None
[2024-03-07T18:22:10.603+0000] {logging_mixin.py:188} INFO - [2024-03-07T18:22:10.602+0000] {dag.py:3834} INFO - Setting next_dagrun for example_xcom_args_with_operators to None, run_after=None
[2024-03-07T18:22:10.650+0000] {processor.py:183} INFO - Processing /home/airflow/.local/lib/python3.11/site-packages/airflow/example_dags/example_xcomargs.py took 0.179 seconds
[2024-03-07T18:22:42.081+0000] {processor.py:161} INFO - Started process (PID=1103) to work on /home/airflow/.local/lib/python3.11/site-packages/airflow/example_dags/example_xcomargs.py
[2024-03-07T18:22:42.083+0000] {processor.py:830} INFO - Processing file /home/airflow/.local/lib/python3.11/site-packages/airflow/example_dags/example_xcomargs.py for tasks to queue
[2024-03-07T18:22:42.086+0000] {logging_mixin.py:188} INFO - [2024-03-07T18:22:42.085+0000] {dagbag.py:540} INFO - Filling up the DagBag from /home/airflow/.local/lib/python3.11/site-packages/airflow/example_dags/example_xcomargs.py
[2024-03-07T18:22:42.103+0000] {processor.py:840} INFO - DAG(s) 'example_xcom_args_with_operators', 'example_xcom_args' retrieved from /home/airflow/.local/lib/python3.11/site-packages/airflow/example_dags/example_xcomargs.py
[2024-03-07T18:22:42.156+0000] {logging_mixin.py:188} INFO - [2024-03-07T18:22:42.156+0000] {dag.py:3047} INFO - Sync 2 DAGs
[2024-03-07T18:22:42.195+0000] {logging_mixin.py:188} INFO - [2024-03-07T18:22:42.194+0000] {dag.py:3834} INFO - Setting next_dagrun for example_xcom_args to None, run_after=None
[2024-03-07T18:22:42.204+0000] {logging_mixin.py:188} INFO - [2024-03-07T18:22:42.204+0000] {dag.py:3834} INFO - Setting next_dagrun for example_xcom_args_with_operators to None, run_after=None
[2024-03-07T18:22:42.263+0000] {processor.py:183} INFO - Processing /home/airflow/.local/lib/python3.11/site-packages/airflow/example_dags/example_xcomargs.py took 0.188 seconds
[2024-03-07T18:23:13.807+0000] {processor.py:161} INFO - Started process (PID=1161) to work on /home/airflow/.local/lib/python3.11/site-packages/airflow/example_dags/example_xcomargs.py
[2024-03-07T18:23:13.808+0000] {processor.py:830} INFO - Processing file /home/airflow/.local/lib/python3.11/site-packages/airflow/example_dags/example_xcomargs.py for tasks to queue
[2024-03-07T18:23:13.812+0000] {logging_mixin.py:188} INFO - [2024-03-07T18:23:13.811+0000] {dagbag.py:540} INFO - Filling up the DagBag from /home/airflow/.local/lib/python3.11/site-packages/airflow/example_dags/example_xcomargs.py
[2024-03-07T18:23:13.830+0000] {processor.py:840} INFO - DAG(s) 'example_xcom_args', 'example_xcom_args_with_operators' retrieved from /home/airflow/.local/lib/python3.11/site-packages/airflow/example_dags/example_xcomargs.py
[2024-03-07T18:23:13.880+0000] {logging_mixin.py:188} INFO - [2024-03-07T18:23:13.879+0000] {dag.py:3047} INFO - Sync 2 DAGs
[2024-03-07T18:23:13.913+0000] {logging_mixin.py:188} INFO - [2024-03-07T18:23:13.912+0000] {dag.py:3834} INFO - Setting next_dagrun for example_xcom_args to None, run_after=None
[2024-03-07T18:23:13.922+0000] {logging_mixin.py:188} INFO - [2024-03-07T18:23:13.922+0000] {dag.py:3834} INFO - Setting next_dagrun for example_xcom_args_with_operators to None, run_after=None
[2024-03-07T18:23:13.980+0000] {processor.py:183} INFO - Processing /home/airflow/.local/lib/python3.11/site-packages/airflow/example_dags/example_xcomargs.py took 0.177 seconds
[2024-03-07T18:23:45.473+0000] {processor.py:161} INFO - Started process (PID=1220) to work on /home/airflow/.local/lib/python3.11/site-packages/airflow/example_dags/example_xcomargs.py
[2024-03-07T18:23:45.475+0000] {processor.py:830} INFO - Processing file /home/airflow/.local/lib/python3.11/site-packages/airflow/example_dags/example_xcomargs.py for tasks to queue
[2024-03-07T18:23:45.479+0000] {logging_mixin.py:188} INFO - [2024-03-07T18:23:45.478+0000] {dagbag.py:540} INFO - Filling up the DagBag from /home/airflow/.local/lib/python3.11/site-packages/airflow/example_dags/example_xcomargs.py
[2024-03-07T18:23:45.495+0000] {processor.py:840} INFO - DAG(s) 'example_xcom_args', 'example_xcom_args_with_operators' retrieved from /home/airflow/.local/lib/python3.11/site-packages/airflow/example_dags/example_xcomargs.py
[2024-03-07T18:23:45.559+0000] {logging_mixin.py:188} INFO - [2024-03-07T18:23:45.558+0000] {dag.py:3047} INFO - Sync 2 DAGs
[2024-03-07T18:23:45.604+0000] {logging_mixin.py:188} INFO - [2024-03-07T18:23:45.603+0000] {dag.py:3834} INFO - Setting next_dagrun for example_xcom_args to None, run_after=None
[2024-03-07T18:23:45.616+0000] {logging_mixin.py:188} INFO - [2024-03-07T18:23:45.615+0000] {dag.py:3834} INFO - Setting next_dagrun for example_xcom_args_with_operators to None, run_after=None
[2024-03-07T18:23:45.673+0000] {processor.py:183} INFO - Processing /home/airflow/.local/lib/python3.11/site-packages/airflow/example_dags/example_xcomargs.py took 0.206 seconds
[2024-03-07T18:24:17.517+0000] {processor.py:161} INFO - Started process (PID=1278) to work on /home/airflow/.local/lib/python3.11/site-packages/airflow/example_dags/example_xcomargs.py
[2024-03-07T18:24:17.520+0000] {processor.py:830} INFO - Processing file /home/airflow/.local/lib/python3.11/site-packages/airflow/example_dags/example_xcomargs.py for tasks to queue
[2024-03-07T18:24:17.524+0000] {logging_mixin.py:188} INFO - [2024-03-07T18:24:17.523+0000] {dagbag.py:540} INFO - Filling up the DagBag from /home/airflow/.local/lib/python3.11/site-packages/airflow/example_dags/example_xcomargs.py
[2024-03-07T18:24:17.545+0000] {processor.py:840} INFO - DAG(s) 'example_xcom_args', 'example_xcom_args_with_operators' retrieved from /home/airflow/.local/lib/python3.11/site-packages/airflow/example_dags/example_xcomargs.py
[2024-03-07T18:24:17.609+0000] {logging_mixin.py:188} INFO - [2024-03-07T18:24:17.608+0000] {dag.py:3047} INFO - Sync 2 DAGs
[2024-03-07T18:24:17.640+0000] {logging_mixin.py:188} INFO - [2024-03-07T18:24:17.639+0000] {dag.py:3834} INFO - Setting next_dagrun for example_xcom_args to None, run_after=None
[2024-03-07T18:24:17.649+0000] {logging_mixin.py:188} INFO - [2024-03-07T18:24:17.649+0000] {dag.py:3834} INFO - Setting next_dagrun for example_xcom_args_with_operators to None, run_after=None
[2024-03-07T18:24:17.822+0000] {processor.py:183} INFO - Processing /home/airflow/.local/lib/python3.11/site-packages/airflow/example_dags/example_xcomargs.py took 0.310 seconds
[2024-03-07T18:24:49.504+0000] {processor.py:161} INFO - Started process (PID=1336) to work on /home/airflow/.local/lib/python3.11/site-packages/airflow/example_dags/example_xcomargs.py
[2024-03-07T18:24:49.507+0000] {processor.py:830} INFO - Processing file /home/airflow/.local/lib/python3.11/site-packages/airflow/example_dags/example_xcomargs.py for tasks to queue
[2024-03-07T18:24:49.512+0000] {logging_mixin.py:188} INFO - [2024-03-07T18:24:49.511+0000] {dagbag.py:540} INFO - Filling up the DagBag from /home/airflow/.local/lib/python3.11/site-packages/airflow/example_dags/example_xcomargs.py
[2024-03-07T18:24:49.535+0000] {processor.py:840} INFO - DAG(s) 'example_xcom_args', 'example_xcom_args_with_operators' retrieved from /home/airflow/.local/lib/python3.11/site-packages/airflow/example_dags/example_xcomargs.py
[2024-03-07T18:24:49.598+0000] {logging_mixin.py:188} INFO - [2024-03-07T18:24:49.597+0000] {dag.py:3047} INFO - Sync 2 DAGs
[2024-03-07T18:24:49.628+0000] {logging_mixin.py:188} INFO - [2024-03-07T18:24:49.627+0000] {dag.py:3834} INFO - Setting next_dagrun for example_xcom_args to None, run_after=None
[2024-03-07T18:24:49.639+0000] {logging_mixin.py:188} INFO - [2024-03-07T18:24:49.638+0000] {dag.py:3834} INFO - Setting next_dagrun for example_xcom_args_with_operators to None, run_after=None
[2024-03-07T18:24:49.714+0000] {processor.py:183} INFO - Processing /home/airflow/.local/lib/python3.11/site-packages/airflow/example_dags/example_xcomargs.py took 0.217 seconds
[2024-03-07T18:25:22.068+0000] {processor.py:161} INFO - Started process (PID=1396) to work on /home/airflow/.local/lib/python3.11/site-packages/airflow/example_dags/example_xcomargs.py
[2024-03-07T18:25:22.073+0000] {processor.py:830} INFO - Processing file /home/airflow/.local/lib/python3.11/site-packages/airflow/example_dags/example_xcomargs.py for tasks to queue
[2024-03-07T18:25:22.081+0000] {logging_mixin.py:188} INFO - [2024-03-07T18:25:22.079+0000] {dagbag.py:540} INFO - Filling up the DagBag from /home/airflow/.local/lib/python3.11/site-packages/airflow/example_dags/example_xcomargs.py
[2024-03-07T18:25:22.111+0000] {processor.py:840} INFO - DAG(s) 'example_xcom_args_with_operators', 'example_xcom_args' retrieved from /home/airflow/.local/lib/python3.11/site-packages/airflow/example_dags/example_xcomargs.py
[2024-03-07T18:25:22.208+0000] {logging_mixin.py:188} INFO - [2024-03-07T18:25:22.207+0000] {dag.py:3047} INFO - Sync 2 DAGs
[2024-03-07T18:25:22.270+0000] {logging_mixin.py:188} INFO - [2024-03-07T18:25:22.269+0000] {dag.py:3834} INFO - Setting next_dagrun for example_xcom_args to None, run_after=None
[2024-03-07T18:25:22.286+0000] {logging_mixin.py:188} INFO - [2024-03-07T18:25:22.284+0000] {dag.py:3834} INFO - Setting next_dagrun for example_xcom_args_with_operators to None, run_after=None
[2024-03-07T18:25:22.354+0000] {processor.py:183} INFO - Processing /home/airflow/.local/lib/python3.11/site-packages/airflow/example_dags/example_xcomargs.py took 0.294 seconds
[2024-03-07T18:25:54.341+0000] {processor.py:161} INFO - Started process (PID=1453) to work on /home/airflow/.local/lib/python3.11/site-packages/airflow/example_dags/example_xcomargs.py
[2024-03-07T18:25:54.344+0000] {processor.py:830} INFO - Processing file /home/airflow/.local/lib/python3.11/site-packages/airflow/example_dags/example_xcomargs.py for tasks to queue
[2024-03-07T18:25:54.351+0000] {logging_mixin.py:188} INFO - [2024-03-07T18:25:54.349+0000] {dagbag.py:540} INFO - Filling up the DagBag from /home/airflow/.local/lib/python3.11/site-packages/airflow/example_dags/example_xcomargs.py
[2024-03-07T18:25:54.376+0000] {processor.py:840} INFO - DAG(s) 'example_xcom_args_with_operators', 'example_xcom_args' retrieved from /home/airflow/.local/lib/python3.11/site-packages/airflow/example_dags/example_xcomargs.py
[2024-03-07T18:25:54.434+0000] {logging_mixin.py:188} INFO - [2024-03-07T18:25:54.433+0000] {dag.py:3047} INFO - Sync 2 DAGs
[2024-03-07T18:25:54.467+0000] {logging_mixin.py:188} INFO - [2024-03-07T18:25:54.467+0000] {dag.py:3834} INFO - Setting next_dagrun for example_xcom_args to None, run_after=None
[2024-03-07T18:25:54.477+0000] {logging_mixin.py:188} INFO - [2024-03-07T18:25:54.476+0000] {dag.py:3834} INFO - Setting next_dagrun for example_xcom_args_with_operators to None, run_after=None
[2024-03-07T18:25:54.536+0000] {processor.py:183} INFO - Processing /home/airflow/.local/lib/python3.11/site-packages/airflow/example_dags/example_xcomargs.py took 0.200 seconds
[2024-03-07T18:26:26.201+0000] {processor.py:161} INFO - Started process (PID=1511) to work on /home/airflow/.local/lib/python3.11/site-packages/airflow/example_dags/example_xcomargs.py
[2024-03-07T18:26:26.204+0000] {processor.py:830} INFO - Processing file /home/airflow/.local/lib/python3.11/site-packages/airflow/example_dags/example_xcomargs.py for tasks to queue
[2024-03-07T18:26:26.209+0000] {logging_mixin.py:188} INFO - [2024-03-07T18:26:26.207+0000] {dagbag.py:540} INFO - Filling up the DagBag from /home/airflow/.local/lib/python3.11/site-packages/airflow/example_dags/example_xcomargs.py
[2024-03-07T18:26:26.229+0000] {processor.py:840} INFO - DAG(s) 'example_xcom_args', 'example_xcom_args_with_operators' retrieved from /home/airflow/.local/lib/python3.11/site-packages/airflow/example_dags/example_xcomargs.py
[2024-03-07T18:26:26.297+0000] {logging_mixin.py:188} INFO - [2024-03-07T18:26:26.297+0000] {dag.py:3047} INFO - Sync 2 DAGs
[2024-03-07T18:26:26.329+0000] {logging_mixin.py:188} INFO - [2024-03-07T18:26:26.328+0000] {dag.py:3834} INFO - Setting next_dagrun for example_xcom_args to None, run_after=None
[2024-03-07T18:26:26.339+0000] {logging_mixin.py:188} INFO - [2024-03-07T18:26:26.338+0000] {dag.py:3834} INFO - Setting next_dagrun for example_xcom_args_with_operators to None, run_after=None
[2024-03-07T18:26:26.390+0000] {processor.py:183} INFO - Processing /home/airflow/.local/lib/python3.11/site-packages/airflow/example_dags/example_xcomargs.py took 0.196 seconds
[2024-03-07T18:26:58.428+0000] {processor.py:161} INFO - Started process (PID=1569) to work on /home/airflow/.local/lib/python3.11/site-packages/airflow/example_dags/example_xcomargs.py
[2024-03-07T18:26:58.431+0000] {processor.py:830} INFO - Processing file /home/airflow/.local/lib/python3.11/site-packages/airflow/example_dags/example_xcomargs.py for tasks to queue
[2024-03-07T18:26:58.439+0000] {logging_mixin.py:188} INFO - [2024-03-07T18:26:58.438+0000] {dagbag.py:540} INFO - Filling up the DagBag from /home/airflow/.local/lib/python3.11/site-packages/airflow/example_dags/example_xcomargs.py
[2024-03-07T18:26:58.462+0000] {processor.py:840} INFO - DAG(s) 'example_xcom_args', 'example_xcom_args_with_operators' retrieved from /home/airflow/.local/lib/python3.11/site-packages/airflow/example_dags/example_xcomargs.py
[2024-03-07T18:26:58.531+0000] {logging_mixin.py:188} INFO - [2024-03-07T18:26:58.530+0000] {dag.py:3047} INFO - Sync 2 DAGs
[2024-03-07T18:26:58.558+0000] {logging_mixin.py:188} INFO - [2024-03-07T18:26:58.558+0000] {dag.py:3834} INFO - Setting next_dagrun for example_xcom_args to None, run_after=None
[2024-03-07T18:26:58.567+0000] {logging_mixin.py:188} INFO - [2024-03-07T18:26:58.566+0000] {dag.py:3834} INFO - Setting next_dagrun for example_xcom_args_with_operators to None, run_after=None
[2024-03-07T18:26:58.620+0000] {processor.py:183} INFO - Processing /home/airflow/.local/lib/python3.11/site-packages/airflow/example_dags/example_xcomargs.py took 0.197 seconds
[2024-03-07T18:27:30.538+0000] {processor.py:161} INFO - Started process (PID=1626) to work on /home/airflow/.local/lib/python3.11/site-packages/airflow/example_dags/example_xcomargs.py
[2024-03-07T18:27:30.540+0000] {processor.py:830} INFO - Processing file /home/airflow/.local/lib/python3.11/site-packages/airflow/example_dags/example_xcomargs.py for tasks to queue
[2024-03-07T18:27:30.546+0000] {logging_mixin.py:188} INFO - [2024-03-07T18:27:30.545+0000] {dagbag.py:540} INFO - Filling up the DagBag from /home/airflow/.local/lib/python3.11/site-packages/airflow/example_dags/example_xcomargs.py
[2024-03-07T18:27:30.565+0000] {processor.py:840} INFO - DAG(s) 'example_xcom_args_with_operators', 'example_xcom_args' retrieved from /home/airflow/.local/lib/python3.11/site-packages/airflow/example_dags/example_xcomargs.py
[2024-03-07T18:27:30.621+0000] {logging_mixin.py:188} INFO - [2024-03-07T18:27:30.620+0000] {dag.py:3047} INFO - Sync 2 DAGs
[2024-03-07T18:27:30.654+0000] {logging_mixin.py:188} INFO - [2024-03-07T18:27:30.653+0000] {dag.py:3834} INFO - Setting next_dagrun for example_xcom_args to None, run_after=None
[2024-03-07T18:27:30.666+0000] {logging_mixin.py:188} INFO - [2024-03-07T18:27:30.665+0000] {dag.py:3834} INFO - Setting next_dagrun for example_xcom_args_with_operators to None, run_after=None
[2024-03-07T18:27:30.728+0000] {processor.py:183} INFO - Processing /home/airflow/.local/lib/python3.11/site-packages/airflow/example_dags/example_xcomargs.py took 0.195 seconds
[2024-03-07T18:28:02.813+0000] {processor.py:161} INFO - Started process (PID=1684) to work on /home/airflow/.local/lib/python3.11/site-packages/airflow/example_dags/example_xcomargs.py
[2024-03-07T18:28:02.816+0000] {processor.py:830} INFO - Processing file /home/airflow/.local/lib/python3.11/site-packages/airflow/example_dags/example_xcomargs.py for tasks to queue
[2024-03-07T18:28:02.823+0000] {logging_mixin.py:188} INFO - [2024-03-07T18:28:02.822+0000] {dagbag.py:540} INFO - Filling up the DagBag from /home/airflow/.local/lib/python3.11/site-packages/airflow/example_dags/example_xcomargs.py
[2024-03-07T18:28:02.848+0000] {processor.py:840} INFO - DAG(s) 'example_xcom_args', 'example_xcom_args_with_operators' retrieved from /home/airflow/.local/lib/python3.11/site-packages/airflow/example_dags/example_xcomargs.py
[2024-03-07T18:28:02.913+0000] {logging_mixin.py:188} INFO - [2024-03-07T18:28:02.912+0000] {dag.py:3047} INFO - Sync 2 DAGs
[2024-03-07T18:28:02.940+0000] {logging_mixin.py:188} INFO - [2024-03-07T18:28:02.939+0000] {dag.py:3834} INFO - Setting next_dagrun for example_xcom_args to None, run_after=None
[2024-03-07T18:28:02.953+0000] {logging_mixin.py:188} INFO - [2024-03-07T18:28:02.952+0000] {dag.py:3834} INFO - Setting next_dagrun for example_xcom_args_with_operators to None, run_after=None
[2024-03-07T18:28:03.019+0000] {processor.py:183} INFO - Processing /home/airflow/.local/lib/python3.11/site-packages/airflow/example_dags/example_xcomargs.py took 0.214 seconds
[2024-03-07T18:28:34.773+0000] {processor.py:161} INFO - Started process (PID=1742) to work on /home/airflow/.local/lib/python3.11/site-packages/airflow/example_dags/example_xcomargs.py
[2024-03-07T18:28:34.775+0000] {processor.py:830} INFO - Processing file /home/airflow/.local/lib/python3.11/site-packages/airflow/example_dags/example_xcomargs.py for tasks to queue
[2024-03-07T18:28:34.779+0000] {logging_mixin.py:188} INFO - [2024-03-07T18:28:34.778+0000] {dagbag.py:540} INFO - Filling up the DagBag from /home/airflow/.local/lib/python3.11/site-packages/airflow/example_dags/example_xcomargs.py
[2024-03-07T18:28:34.799+0000] {processor.py:840} INFO - DAG(s) 'example_xcom_args_with_operators', 'example_xcom_args' retrieved from /home/airflow/.local/lib/python3.11/site-packages/airflow/example_dags/example_xcomargs.py
[2024-03-07T18:28:34.998+0000] {logging_mixin.py:188} INFO - [2024-03-07T18:28:34.997+0000] {dag.py:3047} INFO - Sync 2 DAGs
[2024-03-07T18:28:35.142+0000] {logging_mixin.py:188} INFO - [2024-03-07T18:28:35.132+0000] {dag.py:3834} INFO - Setting next_dagrun for example_xcom_args to None, run_after=None
[2024-03-07T18:28:35.228+0000] {logging_mixin.py:188} INFO - [2024-03-07T18:28:35.227+0000] {dag.py:3834} INFO - Setting next_dagrun for example_xcom_args_with_operators to None, run_after=None
[2024-03-07T18:28:35.376+0000] {processor.py:183} INFO - Processing /home/airflow/.local/lib/python3.11/site-packages/airflow/example_dags/example_xcomargs.py took 0.608 seconds
[2024-03-07T18:29:06.271+0000] {processor.py:161} INFO - Started process (PID=1801) to work on /home/airflow/.local/lib/python3.11/site-packages/airflow/example_dags/example_xcomargs.py
[2024-03-07T18:29:06.273+0000] {processor.py:830} INFO - Processing file /home/airflow/.local/lib/python3.11/site-packages/airflow/example_dags/example_xcomargs.py for tasks to queue
[2024-03-07T18:29:06.277+0000] {logging_mixin.py:188} INFO - [2024-03-07T18:29:06.276+0000] {dagbag.py:540} INFO - Filling up the DagBag from /home/airflow/.local/lib/python3.11/site-packages/airflow/example_dags/example_xcomargs.py
[2024-03-07T18:29:06.298+0000] {processor.py:840} INFO - DAG(s) 'example_xcom_args_with_operators', 'example_xcom_args' retrieved from /home/airflow/.local/lib/python3.11/site-packages/airflow/example_dags/example_xcomargs.py
[2024-03-07T18:29:06.371+0000] {logging_mixin.py:188} INFO - [2024-03-07T18:29:06.370+0000] {dag.py:3047} INFO - Sync 2 DAGs
[2024-03-07T18:29:06.397+0000] {logging_mixin.py:188} INFO - [2024-03-07T18:29:06.397+0000] {dag.py:3834} INFO - Setting next_dagrun for example_xcom_args to None, run_after=None
[2024-03-07T18:29:06.406+0000] {logging_mixin.py:188} INFO - [2024-03-07T18:29:06.405+0000] {dag.py:3834} INFO - Setting next_dagrun for example_xcom_args_with_operators to None, run_after=None
[2024-03-07T18:29:06.458+0000] {processor.py:183} INFO - Processing /home/airflow/.local/lib/python3.11/site-packages/airflow/example_dags/example_xcomargs.py took 0.194 seconds
