[2024-03-07T18:13:15.579+0000] {processor.py:161} INFO - Started process (PID=73) to work on /home/airflow/.local/lib/python3.11/site-packages/airflow/example_dags/example_setup_teardown.py
[2024-03-07T18:13:15.591+0000] {processor.py:830} INFO - Processing file /home/airflow/.local/lib/python3.11/site-packages/airflow/example_dags/example_setup_teardown.py for tasks to queue
[2024-03-07T18:13:15.604+0000] {logging_mixin.py:188} INFO - [2024-03-07T18:13:15.603+0000] {dagbag.py:540} INFO - Filling up the DagBag from /home/airflow/.local/lib/python3.11/site-packages/airflow/example_dags/example_setup_teardown.py
[2024-03-07T18:13:15.677+0000] {processor.py:840} INFO - DAG(s) 'example_setup_teardown' retrieved from /home/airflow/.local/lib/python3.11/site-packages/airflow/example_dags/example_setup_teardown.py
[2024-03-07T18:13:15.907+0000] {logging_mixin.py:188} INFO - [2024-03-07T18:13:15.906+0000] {dag.py:3047} INFO - Sync 1 DAGs
[2024-03-07T18:13:16.121+0000] {logging_mixin.py:188} INFO - [2024-03-07T18:13:16.120+0000] {dag.py:3834} INFO - Setting next_dagrun for example_setup_teardown to 2024-03-06 00:00:00+00:00, run_after=2024-03-07 00:00:00+00:00
[2024-03-07T18:13:16.280+0000] {processor.py:183} INFO - Processing /home/airflow/.local/lib/python3.11/site-packages/airflow/example_dags/example_setup_teardown.py took 0.721 seconds
[2024-03-07T18:13:46.799+0000] {processor.py:161} INFO - Started process (PID=131) to work on /home/airflow/.local/lib/python3.11/site-packages/airflow/example_dags/example_setup_teardown.py
[2024-03-07T18:13:46.802+0000] {processor.py:830} INFO - Processing file /home/airflow/.local/lib/python3.11/site-packages/airflow/example_dags/example_setup_teardown.py for tasks to queue
[2024-03-07T18:13:46.807+0000] {logging_mixin.py:188} INFO - [2024-03-07T18:13:46.806+0000] {dagbag.py:540} INFO - Filling up the DagBag from /home/airflow/.local/lib/python3.11/site-packages/airflow/example_dags/example_setup_teardown.py
[2024-03-07T18:13:46.845+0000] {processor.py:840} INFO - DAG(s) 'example_setup_teardown' retrieved from /home/airflow/.local/lib/python3.11/site-packages/airflow/example_dags/example_setup_teardown.py
[2024-03-07T18:13:46.968+0000] {logging_mixin.py:188} INFO - [2024-03-07T18:13:46.967+0000] {dag.py:3047} INFO - Sync 1 DAGs
[2024-03-07T18:13:47.167+0000] {logging_mixin.py:188} INFO - [2024-03-07T18:13:47.166+0000] {dag.py:3834} INFO - Setting next_dagrun for example_setup_teardown to 2024-03-06 00:00:00+00:00, run_after=2024-03-07 00:00:00+00:00
[2024-03-07T18:13:47.304+0000] {processor.py:183} INFO - Processing /home/airflow/.local/lib/python3.11/site-packages/airflow/example_dags/example_setup_teardown.py took 0.524 seconds
[2024-03-07T18:14:20.399+0000] {processor.py:161} INFO - Started process (PID=189) to work on /home/airflow/.local/lib/python3.11/site-packages/airflow/example_dags/example_setup_teardown.py
[2024-03-07T18:14:20.402+0000] {processor.py:830} INFO - Processing file /home/airflow/.local/lib/python3.11/site-packages/airflow/example_dags/example_setup_teardown.py for tasks to queue
[2024-03-07T18:14:20.414+0000] {logging_mixin.py:188} INFO - [2024-03-07T18:14:20.410+0000] {dagbag.py:540} INFO - Filling up the DagBag from /home/airflow/.local/lib/python3.11/site-packages/airflow/example_dags/example_setup_teardown.py
[2024-03-07T18:14:20.439+0000] {processor.py:840} INFO - DAG(s) 'example_setup_teardown' retrieved from /home/airflow/.local/lib/python3.11/site-packages/airflow/example_dags/example_setup_teardown.py
[2024-03-07T18:14:20.558+0000] {logging_mixin.py:188} INFO - [2024-03-07T18:14:20.557+0000] {dag.py:3047} INFO - Sync 1 DAGs
[2024-03-07T18:14:20.680+0000] {logging_mixin.py:188} INFO - [2024-03-07T18:14:20.677+0000] {dag.py:3834} INFO - Setting next_dagrun for example_setup_teardown to 2024-03-06 00:00:00+00:00, run_after=2024-03-07 00:00:00+00:00
[2024-03-07T18:14:20.863+0000] {processor.py:183} INFO - Processing /home/airflow/.local/lib/python3.11/site-packages/airflow/example_dags/example_setup_teardown.py took 0.478 seconds
[2024-03-07T18:14:53.135+0000] {processor.py:161} INFO - Started process (PID=246) to work on /home/airflow/.local/lib/python3.11/site-packages/airflow/example_dags/example_setup_teardown.py
[2024-03-07T18:14:53.147+0000] {processor.py:830} INFO - Processing file /home/airflow/.local/lib/python3.11/site-packages/airflow/example_dags/example_setup_teardown.py for tasks to queue
[2024-03-07T18:14:53.166+0000] {logging_mixin.py:188} INFO - [2024-03-07T18:14:53.165+0000] {dagbag.py:540} INFO - Filling up the DagBag from /home/airflow/.local/lib/python3.11/site-packages/airflow/example_dags/example_setup_teardown.py
[2024-03-07T18:14:53.219+0000] {processor.py:840} INFO - DAG(s) 'example_setup_teardown' retrieved from /home/airflow/.local/lib/python3.11/site-packages/airflow/example_dags/example_setup_teardown.py
[2024-03-07T18:14:53.320+0000] {logging_mixin.py:188} INFO - [2024-03-07T18:14:53.319+0000] {dag.py:3047} INFO - Sync 1 DAGs
[2024-03-07T18:14:53.463+0000] {logging_mixin.py:188} INFO - [2024-03-07T18:14:53.461+0000] {dag.py:3834} INFO - Setting next_dagrun for example_setup_teardown to 2024-03-06 00:00:00+00:00, run_after=2024-03-07 00:00:00+00:00
[2024-03-07T18:14:53.647+0000] {processor.py:183} INFO - Processing /home/airflow/.local/lib/python3.11/site-packages/airflow/example_dags/example_setup_teardown.py took 0.519 seconds
[2024-03-07T18:15:25.890+0000] {processor.py:161} INFO - Started process (PID=305) to work on /home/airflow/.local/lib/python3.11/site-packages/airflow/example_dags/example_setup_teardown.py
[2024-03-07T18:15:25.894+0000] {processor.py:830} INFO - Processing file /home/airflow/.local/lib/python3.11/site-packages/airflow/example_dags/example_setup_teardown.py for tasks to queue
[2024-03-07T18:15:25.904+0000] {logging_mixin.py:188} INFO - [2024-03-07T18:15:25.903+0000] {dagbag.py:540} INFO - Filling up the DagBag from /home/airflow/.local/lib/python3.11/site-packages/airflow/example_dags/example_setup_teardown.py
[2024-03-07T18:15:25.951+0000] {processor.py:840} INFO - DAG(s) 'example_setup_teardown' retrieved from /home/airflow/.local/lib/python3.11/site-packages/airflow/example_dags/example_setup_teardown.py
[2024-03-07T18:15:26.695+0000] {logging_mixin.py:188} INFO - [2024-03-07T18:15:26.694+0000] {dag.py:3047} INFO - Sync 1 DAGs
[2024-03-07T18:15:26.842+0000] {logging_mixin.py:188} INFO - [2024-03-07T18:15:26.841+0000] {dag.py:3834} INFO - Setting next_dagrun for example_setup_teardown to 2024-03-06 00:00:00+00:00, run_after=2024-03-07 00:00:00+00:00
[2024-03-07T18:15:26.956+0000] {processor.py:183} INFO - Processing /home/airflow/.local/lib/python3.11/site-packages/airflow/example_dags/example_setup_teardown.py took 1.073 seconds
[2024-03-07T18:15:57.068+0000] {processor.py:161} INFO - Started process (PID=363) to work on /home/airflow/.local/lib/python3.11/site-packages/airflow/example_dags/example_setup_teardown.py
[2024-03-07T18:15:57.074+0000] {processor.py:830} INFO - Processing file /home/airflow/.local/lib/python3.11/site-packages/airflow/example_dags/example_setup_teardown.py for tasks to queue
[2024-03-07T18:15:57.081+0000] {logging_mixin.py:188} INFO - [2024-03-07T18:15:57.080+0000] {dagbag.py:540} INFO - Filling up the DagBag from /home/airflow/.local/lib/python3.11/site-packages/airflow/example_dags/example_setup_teardown.py
[2024-03-07T18:15:57.106+0000] {processor.py:840} INFO - DAG(s) 'example_setup_teardown' retrieved from /home/airflow/.local/lib/python3.11/site-packages/airflow/example_dags/example_setup_teardown.py
[2024-03-07T18:15:57.223+0000] {logging_mixin.py:188} INFO - [2024-03-07T18:15:57.222+0000] {dag.py:3047} INFO - Sync 1 DAGs
[2024-03-07T18:15:57.312+0000] {logging_mixin.py:188} INFO - [2024-03-07T18:15:57.311+0000] {dag.py:3834} INFO - Setting next_dagrun for example_setup_teardown to 2024-03-06 00:00:00+00:00, run_after=2024-03-07 00:00:00+00:00
[2024-03-07T18:15:57.392+0000] {processor.py:183} INFO - Processing /home/airflow/.local/lib/python3.11/site-packages/airflow/example_dags/example_setup_teardown.py took 0.333 seconds
[2024-03-07T18:16:28.067+0000] {processor.py:161} INFO - Started process (PID=421) to work on /home/airflow/.local/lib/python3.11/site-packages/airflow/example_dags/example_setup_teardown.py
[2024-03-07T18:16:28.069+0000] {processor.py:830} INFO - Processing file /home/airflow/.local/lib/python3.11/site-packages/airflow/example_dags/example_setup_teardown.py for tasks to queue
[2024-03-07T18:16:28.074+0000] {logging_mixin.py:188} INFO - [2024-03-07T18:16:28.073+0000] {dagbag.py:540} INFO - Filling up the DagBag from /home/airflow/.local/lib/python3.11/site-packages/airflow/example_dags/example_setup_teardown.py
[2024-03-07T18:16:28.092+0000] {processor.py:840} INFO - DAG(s) 'example_setup_teardown' retrieved from /home/airflow/.local/lib/python3.11/site-packages/airflow/example_dags/example_setup_teardown.py
[2024-03-07T18:16:28.155+0000] {logging_mixin.py:188} INFO - [2024-03-07T18:16:28.154+0000] {dag.py:3047} INFO - Sync 1 DAGs
[2024-03-07T18:16:28.225+0000] {logging_mixin.py:188} INFO - [2024-03-07T18:16:28.224+0000] {dag.py:3834} INFO - Setting next_dagrun for example_setup_teardown to 2024-03-06 00:00:00+00:00, run_after=2024-03-07 00:00:00+00:00
[2024-03-07T18:16:28.290+0000] {processor.py:183} INFO - Processing /home/airflow/.local/lib/python3.11/site-packages/airflow/example_dags/example_setup_teardown.py took 0.231 seconds
[2024-03-07T18:16:58.714+0000] {processor.py:161} INFO - Started process (PID=479) to work on /home/airflow/.local/lib/python3.11/site-packages/airflow/example_dags/example_setup_teardown.py
[2024-03-07T18:16:58.717+0000] {processor.py:830} INFO - Processing file /home/airflow/.local/lib/python3.11/site-packages/airflow/example_dags/example_setup_teardown.py for tasks to queue
[2024-03-07T18:16:58.725+0000] {logging_mixin.py:188} INFO - [2024-03-07T18:16:58.724+0000] {dagbag.py:540} INFO - Filling up the DagBag from /home/airflow/.local/lib/python3.11/site-packages/airflow/example_dags/example_setup_teardown.py
[2024-03-07T18:16:58.753+0000] {processor.py:840} INFO - DAG(s) 'example_setup_teardown' retrieved from /home/airflow/.local/lib/python3.11/site-packages/airflow/example_dags/example_setup_teardown.py
[2024-03-07T18:16:58.833+0000] {logging_mixin.py:188} INFO - [2024-03-07T18:16:58.832+0000] {dag.py:3047} INFO - Sync 1 DAGs
[2024-03-07T18:16:58.939+0000] {logging_mixin.py:188} INFO - [2024-03-07T18:16:58.938+0000] {dag.py:3834} INFO - Setting next_dagrun for example_setup_teardown to 2024-03-06 00:00:00+00:00, run_after=2024-03-07 00:00:00+00:00
[2024-03-07T18:16:59.053+0000] {processor.py:183} INFO - Processing /home/airflow/.local/lib/python3.11/site-packages/airflow/example_dags/example_setup_teardown.py took 0.351 seconds
[2024-03-07T18:17:29.333+0000] {processor.py:161} INFO - Started process (PID=536) to work on /home/airflow/.local/lib/python3.11/site-packages/airflow/example_dags/example_setup_teardown.py
[2024-03-07T18:17:29.335+0000] {processor.py:830} INFO - Processing file /home/airflow/.local/lib/python3.11/site-packages/airflow/example_dags/example_setup_teardown.py for tasks to queue
[2024-03-07T18:17:29.341+0000] {logging_mixin.py:188} INFO - [2024-03-07T18:17:29.340+0000] {dagbag.py:540} INFO - Filling up the DagBag from /home/airflow/.local/lib/python3.11/site-packages/airflow/example_dags/example_setup_teardown.py
[2024-03-07T18:17:29.359+0000] {processor.py:840} INFO - DAG(s) 'example_setup_teardown' retrieved from /home/airflow/.local/lib/python3.11/site-packages/airflow/example_dags/example_setup_teardown.py
[2024-03-07T18:17:29.409+0000] {logging_mixin.py:188} INFO - [2024-03-07T18:17:29.408+0000] {dag.py:3047} INFO - Sync 1 DAGs
[2024-03-07T18:17:29.471+0000] {logging_mixin.py:188} INFO - [2024-03-07T18:17:29.470+0000] {dag.py:3834} INFO - Setting next_dagrun for example_setup_teardown to 2024-03-06 00:00:00+00:00, run_after=2024-03-07 00:00:00+00:00
[2024-03-07T18:17:29.533+0000] {processor.py:183} INFO - Processing /home/airflow/.local/lib/python3.11/site-packages/airflow/example_dags/example_setup_teardown.py took 0.209 seconds
[2024-03-07T18:18:00.355+0000] {processor.py:161} INFO - Started process (PID=594) to work on /home/airflow/.local/lib/python3.11/site-packages/airflow/example_dags/example_setup_teardown.py
[2024-03-07T18:18:00.358+0000] {processor.py:830} INFO - Processing file /home/airflow/.local/lib/python3.11/site-packages/airflow/example_dags/example_setup_teardown.py for tasks to queue
[2024-03-07T18:18:00.363+0000] {logging_mixin.py:188} INFO - [2024-03-07T18:18:00.362+0000] {dagbag.py:540} INFO - Filling up the DagBag from /home/airflow/.local/lib/python3.11/site-packages/airflow/example_dags/example_setup_teardown.py
[2024-03-07T18:18:00.386+0000] {processor.py:840} INFO - DAG(s) 'example_setup_teardown' retrieved from /home/airflow/.local/lib/python3.11/site-packages/airflow/example_dags/example_setup_teardown.py
[2024-03-07T18:18:00.451+0000] {logging_mixin.py:188} INFO - [2024-03-07T18:18:00.450+0000] {dag.py:3047} INFO - Sync 1 DAGs
[2024-03-07T18:18:00.512+0000] {logging_mixin.py:188} INFO - [2024-03-07T18:18:00.512+0000] {dag.py:3834} INFO - Setting next_dagrun for example_setup_teardown to 2024-03-06 00:00:00+00:00, run_after=2024-03-07 00:00:00+00:00
[2024-03-07T18:18:00.578+0000] {processor.py:183} INFO - Processing /home/airflow/.local/lib/python3.11/site-packages/airflow/example_dags/example_setup_teardown.py took 0.230 seconds
[2024-03-07T18:18:31.469+0000] {processor.py:161} INFO - Started process (PID=652) to work on /home/airflow/.local/lib/python3.11/site-packages/airflow/example_dags/example_setup_teardown.py
[2024-03-07T18:18:31.471+0000] {processor.py:830} INFO - Processing file /home/airflow/.local/lib/python3.11/site-packages/airflow/example_dags/example_setup_teardown.py for tasks to queue
[2024-03-07T18:18:31.474+0000] {logging_mixin.py:188} INFO - [2024-03-07T18:18:31.474+0000] {dagbag.py:540} INFO - Filling up the DagBag from /home/airflow/.local/lib/python3.11/site-packages/airflow/example_dags/example_setup_teardown.py
[2024-03-07T18:18:31.486+0000] {processor.py:840} INFO - DAG(s) 'example_setup_teardown' retrieved from /home/airflow/.local/lib/python3.11/site-packages/airflow/example_dags/example_setup_teardown.py
[2024-03-07T18:18:31.527+0000] {logging_mixin.py:188} INFO - [2024-03-07T18:18:31.527+0000] {dag.py:3047} INFO - Sync 1 DAGs
[2024-03-07T18:18:31.575+0000] {logging_mixin.py:188} INFO - [2024-03-07T18:18:31.575+0000] {dag.py:3834} INFO - Setting next_dagrun for example_setup_teardown to 2024-03-06 00:00:00+00:00, run_after=2024-03-07 00:00:00+00:00
[2024-03-07T18:18:31.638+0000] {processor.py:183} INFO - Processing /home/airflow/.local/lib/python3.11/site-packages/airflow/example_dags/example_setup_teardown.py took 0.174 seconds
[2024-03-07T18:19:04.265+0000] {processor.py:161} INFO - Started process (PID=710) to work on /home/airflow/.local/lib/python3.11/site-packages/airflow/example_dags/example_setup_teardown.py
[2024-03-07T18:19:04.268+0000] {processor.py:830} INFO - Processing file /home/airflow/.local/lib/python3.11/site-packages/airflow/example_dags/example_setup_teardown.py for tasks to queue
[2024-03-07T18:19:04.275+0000] {logging_mixin.py:188} INFO - [2024-03-07T18:19:04.273+0000] {dagbag.py:540} INFO - Filling up the DagBag from /home/airflow/.local/lib/python3.11/site-packages/airflow/example_dags/example_setup_teardown.py
[2024-03-07T18:19:04.293+0000] {processor.py:840} INFO - DAG(s) 'example_setup_teardown' retrieved from /home/airflow/.local/lib/python3.11/site-packages/airflow/example_dags/example_setup_teardown.py
[2024-03-07T18:19:04.347+0000] {logging_mixin.py:188} INFO - [2024-03-07T18:19:04.347+0000] {dag.py:3047} INFO - Sync 1 DAGs
[2024-03-07T18:19:04.409+0000] {logging_mixin.py:188} INFO - [2024-03-07T18:19:04.408+0000] {dag.py:3834} INFO - Setting next_dagrun for example_setup_teardown to 2024-03-06 00:00:00+00:00, run_after=2024-03-07 00:00:00+00:00
[2024-03-07T18:19:04.461+0000] {processor.py:183} INFO - Processing /home/airflow/.local/lib/python3.11/site-packages/airflow/example_dags/example_setup_teardown.py took 0.203 seconds
[2024-03-07T18:19:35.340+0000] {processor.py:161} INFO - Started process (PID=769) to work on /home/airflow/.local/lib/python3.11/site-packages/airflow/example_dags/example_setup_teardown.py
[2024-03-07T18:19:35.343+0000] {processor.py:830} INFO - Processing file /home/airflow/.local/lib/python3.11/site-packages/airflow/example_dags/example_setup_teardown.py for tasks to queue
[2024-03-07T18:19:35.349+0000] {logging_mixin.py:188} INFO - [2024-03-07T18:19:35.347+0000] {dagbag.py:540} INFO - Filling up the DagBag from /home/airflow/.local/lib/python3.11/site-packages/airflow/example_dags/example_setup_teardown.py
[2024-03-07T18:19:35.362+0000] {processor.py:840} INFO - DAG(s) 'example_setup_teardown' retrieved from /home/airflow/.local/lib/python3.11/site-packages/airflow/example_dags/example_setup_teardown.py
[2024-03-07T18:19:35.413+0000] {logging_mixin.py:188} INFO - [2024-03-07T18:19:35.412+0000] {dag.py:3047} INFO - Sync 1 DAGs
[2024-03-07T18:19:35.462+0000] {logging_mixin.py:188} INFO - [2024-03-07T18:19:35.462+0000] {dag.py:3834} INFO - Setting next_dagrun for example_setup_teardown to 2024-03-06 00:00:00+00:00, run_after=2024-03-07 00:00:00+00:00
[2024-03-07T18:19:35.515+0000] {processor.py:183} INFO - Processing /home/airflow/.local/lib/python3.11/site-packages/airflow/example_dags/example_setup_teardown.py took 0.184 seconds
[2024-03-07T18:20:05.796+0000] {processor.py:161} INFO - Started process (PID=825) to work on /home/airflow/.local/lib/python3.11/site-packages/airflow/example_dags/example_setup_teardown.py
[2024-03-07T18:20:05.803+0000] {processor.py:830} INFO - Processing file /home/airflow/.local/lib/python3.11/site-packages/airflow/example_dags/example_setup_teardown.py for tasks to queue
[2024-03-07T18:20:05.811+0000] {logging_mixin.py:188} INFO - [2024-03-07T18:20:05.810+0000] {dagbag.py:540} INFO - Filling up the DagBag from /home/airflow/.local/lib/python3.11/site-packages/airflow/example_dags/example_setup_teardown.py
[2024-03-07T18:20:05.833+0000] {processor.py:840} INFO - DAG(s) 'example_setup_teardown' retrieved from /home/airflow/.local/lib/python3.11/site-packages/airflow/example_dags/example_setup_teardown.py
[2024-03-07T18:20:05.899+0000] {logging_mixin.py:188} INFO - [2024-03-07T18:20:05.898+0000] {dag.py:3047} INFO - Sync 1 DAGs
[2024-03-07T18:20:05.958+0000] {logging_mixin.py:188} INFO - [2024-03-07T18:20:05.957+0000] {dag.py:3834} INFO - Setting next_dagrun for example_setup_teardown to 2024-03-06 00:00:00+00:00, run_after=2024-03-07 00:00:00+00:00
[2024-03-07T18:20:06.024+0000] {processor.py:183} INFO - Processing /home/airflow/.local/lib/python3.11/site-packages/airflow/example_dags/example_setup_teardown.py took 0.252 seconds
[2024-03-07T18:20:36.675+0000] {processor.py:161} INFO - Started process (PID=882) to work on /home/airflow/.local/lib/python3.11/site-packages/airflow/example_dags/example_setup_teardown.py
[2024-03-07T18:20:36.678+0000] {processor.py:830} INFO - Processing file /home/airflow/.local/lib/python3.11/site-packages/airflow/example_dags/example_setup_teardown.py for tasks to queue
[2024-03-07T18:20:36.683+0000] {logging_mixin.py:188} INFO - [2024-03-07T18:20:36.682+0000] {dagbag.py:540} INFO - Filling up the DagBag from /home/airflow/.local/lib/python3.11/site-packages/airflow/example_dags/example_setup_teardown.py
[2024-03-07T18:20:36.698+0000] {processor.py:840} INFO - DAG(s) 'example_setup_teardown' retrieved from /home/airflow/.local/lib/python3.11/site-packages/airflow/example_dags/example_setup_teardown.py
[2024-03-07T18:20:36.745+0000] {logging_mixin.py:188} INFO - [2024-03-07T18:20:36.744+0000] {dag.py:3047} INFO - Sync 1 DAGs
[2024-03-07T18:20:36.836+0000] {logging_mixin.py:188} INFO - [2024-03-07T18:20:36.835+0000] {dag.py:3834} INFO - Setting next_dagrun for example_setup_teardown to 2024-03-06 00:00:00+00:00, run_after=2024-03-07 00:00:00+00:00
[2024-03-07T18:20:36.898+0000] {processor.py:183} INFO - Processing /home/airflow/.local/lib/python3.11/site-packages/airflow/example_dags/example_setup_teardown.py took 0.232 seconds
[2024-03-07T18:21:08.329+0000] {processor.py:161} INFO - Started process (PID=939) to work on /home/airflow/.local/lib/python3.11/site-packages/airflow/example_dags/example_setup_teardown.py
[2024-03-07T18:21:08.332+0000] {processor.py:830} INFO - Processing file /home/airflow/.local/lib/python3.11/site-packages/airflow/example_dags/example_setup_teardown.py for tasks to queue
[2024-03-07T18:21:08.337+0000] {logging_mixin.py:188} INFO - [2024-03-07T18:21:08.336+0000] {dagbag.py:540} INFO - Filling up the DagBag from /home/airflow/.local/lib/python3.11/site-packages/airflow/example_dags/example_setup_teardown.py
[2024-03-07T18:21:08.353+0000] {processor.py:840} INFO - DAG(s) 'example_setup_teardown' retrieved from /home/airflow/.local/lib/python3.11/site-packages/airflow/example_dags/example_setup_teardown.py
[2024-03-07T18:21:08.399+0000] {logging_mixin.py:188} INFO - [2024-03-07T18:21:08.398+0000] {dag.py:3047} INFO - Sync 1 DAGs
[2024-03-07T18:21:08.452+0000] {logging_mixin.py:188} INFO - [2024-03-07T18:21:08.452+0000] {dag.py:3834} INFO - Setting next_dagrun for example_setup_teardown to 2024-03-06 00:00:00+00:00, run_after=2024-03-07 00:00:00+00:00
[2024-03-07T18:21:08.508+0000] {processor.py:183} INFO - Processing /home/airflow/.local/lib/python3.11/site-packages/airflow/example_dags/example_setup_teardown.py took 0.186 seconds
[2024-03-07T18:21:41.771+0000] {processor.py:161} INFO - Started process (PID=1002) to work on /home/airflow/.local/lib/python3.11/site-packages/airflow/example_dags/example_setup_teardown.py
[2024-03-07T18:21:41.773+0000] {processor.py:830} INFO - Processing file /home/airflow/.local/lib/python3.11/site-packages/airflow/example_dags/example_setup_teardown.py for tasks to queue
[2024-03-07T18:21:41.778+0000] {logging_mixin.py:188} INFO - [2024-03-07T18:21:41.777+0000] {dagbag.py:540} INFO - Filling up the DagBag from /home/airflow/.local/lib/python3.11/site-packages/airflow/example_dags/example_setup_teardown.py
[2024-03-07T18:21:41.794+0000] {processor.py:840} INFO - DAG(s) 'example_setup_teardown' retrieved from /home/airflow/.local/lib/python3.11/site-packages/airflow/example_dags/example_setup_teardown.py
[2024-03-07T18:21:41.878+0000] {logging_mixin.py:188} INFO - [2024-03-07T18:21:41.878+0000] {dag.py:3047} INFO - Sync 1 DAGs
[2024-03-07T18:21:41.958+0000] {logging_mixin.py:188} INFO - [2024-03-07T18:21:41.957+0000] {dag.py:3834} INFO - Setting next_dagrun for example_setup_teardown to 2024-03-06 00:00:00+00:00, run_after=2024-03-07 00:00:00+00:00
[2024-03-07T18:21:42.025+0000] {processor.py:183} INFO - Processing /home/airflow/.local/lib/python3.11/site-packages/airflow/example_dags/example_setup_teardown.py took 0.260 seconds
[2024-03-07T18:22:12.836+0000] {processor.py:161} INFO - Started process (PID=1060) to work on /home/airflow/.local/lib/python3.11/site-packages/airflow/example_dags/example_setup_teardown.py
[2024-03-07T18:22:12.839+0000] {processor.py:830} INFO - Processing file /home/airflow/.local/lib/python3.11/site-packages/airflow/example_dags/example_setup_teardown.py for tasks to queue
[2024-03-07T18:22:12.845+0000] {logging_mixin.py:188} INFO - [2024-03-07T18:22:12.844+0000] {dagbag.py:540} INFO - Filling up the DagBag from /home/airflow/.local/lib/python3.11/site-packages/airflow/example_dags/example_setup_teardown.py
[2024-03-07T18:22:12.865+0000] {processor.py:840} INFO - DAG(s) 'example_setup_teardown' retrieved from /home/airflow/.local/lib/python3.11/site-packages/airflow/example_dags/example_setup_teardown.py
[2024-03-07T18:22:12.929+0000] {logging_mixin.py:188} INFO - [2024-03-07T18:22:12.928+0000] {dag.py:3047} INFO - Sync 1 DAGs
[2024-03-07T18:22:12.986+0000] {logging_mixin.py:188} INFO - [2024-03-07T18:22:12.986+0000] {dag.py:3834} INFO - Setting next_dagrun for example_setup_teardown to 2024-03-06 00:00:00+00:00, run_after=2024-03-07 00:00:00+00:00
[2024-03-07T18:22:13.038+0000] {processor.py:183} INFO - Processing /home/airflow/.local/lib/python3.11/site-packages/airflow/example_dags/example_setup_teardown.py took 0.207 seconds
[2024-03-07T18:22:45.225+0000] {processor.py:161} INFO - Started process (PID=1119) to work on /home/airflow/.local/lib/python3.11/site-packages/airflow/example_dags/example_setup_teardown.py
[2024-03-07T18:22:45.227+0000] {processor.py:830} INFO - Processing file /home/airflow/.local/lib/python3.11/site-packages/airflow/example_dags/example_setup_teardown.py for tasks to queue
[2024-03-07T18:22:45.231+0000] {logging_mixin.py:188} INFO - [2024-03-07T18:22:45.231+0000] {dagbag.py:540} INFO - Filling up the DagBag from /home/airflow/.local/lib/python3.11/site-packages/airflow/example_dags/example_setup_teardown.py
[2024-03-07T18:22:45.244+0000] {processor.py:840} INFO - DAG(s) 'example_setup_teardown' retrieved from /home/airflow/.local/lib/python3.11/site-packages/airflow/example_dags/example_setup_teardown.py
[2024-03-07T18:22:45.292+0000] {logging_mixin.py:188} INFO - [2024-03-07T18:22:45.292+0000] {dag.py:3047} INFO - Sync 1 DAGs
[2024-03-07T18:22:45.360+0000] {logging_mixin.py:188} INFO - [2024-03-07T18:22:45.360+0000] {dag.py:3834} INFO - Setting next_dagrun for example_setup_teardown to 2024-03-06 00:00:00+00:00, run_after=2024-03-07 00:00:00+00:00
[2024-03-07T18:22:45.408+0000] {processor.py:183} INFO - Processing /home/airflow/.local/lib/python3.11/site-packages/airflow/example_dags/example_setup_teardown.py took 0.188 seconds
[2024-03-07T18:23:16.105+0000] {processor.py:161} INFO - Started process (PID=1177) to work on /home/airflow/.local/lib/python3.11/site-packages/airflow/example_dags/example_setup_teardown.py
[2024-03-07T18:23:16.108+0000] {processor.py:830} INFO - Processing file /home/airflow/.local/lib/python3.11/site-packages/airflow/example_dags/example_setup_teardown.py for tasks to queue
[2024-03-07T18:23:16.112+0000] {logging_mixin.py:188} INFO - [2024-03-07T18:23:16.111+0000] {dagbag.py:540} INFO - Filling up the DagBag from /home/airflow/.local/lib/python3.11/site-packages/airflow/example_dags/example_setup_teardown.py
[2024-03-07T18:23:16.132+0000] {processor.py:840} INFO - DAG(s) 'example_setup_teardown' retrieved from /home/airflow/.local/lib/python3.11/site-packages/airflow/example_dags/example_setup_teardown.py
[2024-03-07T18:23:16.197+0000] {logging_mixin.py:188} INFO - [2024-03-07T18:23:16.196+0000] {dag.py:3047} INFO - Sync 1 DAGs
[2024-03-07T18:23:16.244+0000] {logging_mixin.py:188} INFO - [2024-03-07T18:23:16.244+0000] {dag.py:3834} INFO - Setting next_dagrun for example_setup_teardown to 2024-03-06 00:00:00+00:00, run_after=2024-03-07 00:00:00+00:00
[2024-03-07T18:23:16.304+0000] {processor.py:183} INFO - Processing /home/airflow/.local/lib/python3.11/site-packages/airflow/example_dags/example_setup_teardown.py took 0.205 seconds
[2024-03-07T18:23:48.149+0000] {processor.py:161} INFO - Started process (PID=1236) to work on /home/airflow/.local/lib/python3.11/site-packages/airflow/example_dags/example_setup_teardown.py
[2024-03-07T18:23:48.152+0000] {processor.py:830} INFO - Processing file /home/airflow/.local/lib/python3.11/site-packages/airflow/example_dags/example_setup_teardown.py for tasks to queue
[2024-03-07T18:23:48.157+0000] {logging_mixin.py:188} INFO - [2024-03-07T18:23:48.156+0000] {dagbag.py:540} INFO - Filling up the DagBag from /home/airflow/.local/lib/python3.11/site-packages/airflow/example_dags/example_setup_teardown.py
[2024-03-07T18:23:48.205+0000] {processor.py:840} INFO - DAG(s) 'example_setup_teardown' retrieved from /home/airflow/.local/lib/python3.11/site-packages/airflow/example_dags/example_setup_teardown.py
[2024-03-07T18:23:48.364+0000] {logging_mixin.py:188} INFO - [2024-03-07T18:23:48.364+0000] {dag.py:3047} INFO - Sync 1 DAGs
[2024-03-07T18:23:48.432+0000] {logging_mixin.py:188} INFO - [2024-03-07T18:23:48.431+0000] {dag.py:3834} INFO - Setting next_dagrun for example_setup_teardown to 2024-03-06 00:00:00+00:00, run_after=2024-03-07 00:00:00+00:00
[2024-03-07T18:23:48.567+0000] {processor.py:183} INFO - Processing /home/airflow/.local/lib/python3.11/site-packages/airflow/example_dags/example_setup_teardown.py took 0.423 seconds
[2024-03-07T18:24:20.109+0000] {processor.py:161} INFO - Started process (PID=1294) to work on /home/airflow/.local/lib/python3.11/site-packages/airflow/example_dags/example_setup_teardown.py
[2024-03-07T18:24:20.114+0000] {processor.py:830} INFO - Processing file /home/airflow/.local/lib/python3.11/site-packages/airflow/example_dags/example_setup_teardown.py for tasks to queue
[2024-03-07T18:24:20.147+0000] {logging_mixin.py:188} INFO - [2024-03-07T18:24:20.146+0000] {dagbag.py:540} INFO - Filling up the DagBag from /home/airflow/.local/lib/python3.11/site-packages/airflow/example_dags/example_setup_teardown.py
[2024-03-07T18:24:20.224+0000] {processor.py:840} INFO - DAG(s) 'example_setup_teardown' retrieved from /home/airflow/.local/lib/python3.11/site-packages/airflow/example_dags/example_setup_teardown.py
[2024-03-07T18:24:20.325+0000] {logging_mixin.py:188} INFO - [2024-03-07T18:24:20.324+0000] {dag.py:3047} INFO - Sync 1 DAGs
[2024-03-07T18:24:20.384+0000] {logging_mixin.py:188} INFO - [2024-03-07T18:24:20.383+0000] {dag.py:3834} INFO - Setting next_dagrun for example_setup_teardown to 2024-03-06 00:00:00+00:00, run_after=2024-03-07 00:00:00+00:00
[2024-03-07T18:24:20.452+0000] {processor.py:183} INFO - Processing /home/airflow/.local/lib/python3.11/site-packages/airflow/example_dags/example_setup_teardown.py took 0.361 seconds
[2024-03-07T18:24:51.862+0000] {processor.py:161} INFO - Started process (PID=1352) to work on /home/airflow/.local/lib/python3.11/site-packages/airflow/example_dags/example_setup_teardown.py
[2024-03-07T18:24:51.864+0000] {processor.py:830} INFO - Processing file /home/airflow/.local/lib/python3.11/site-packages/airflow/example_dags/example_setup_teardown.py for tasks to queue
[2024-03-07T18:24:51.868+0000] {logging_mixin.py:188} INFO - [2024-03-07T18:24:51.867+0000] {dagbag.py:540} INFO - Filling up the DagBag from /home/airflow/.local/lib/python3.11/site-packages/airflow/example_dags/example_setup_teardown.py
[2024-03-07T18:24:51.881+0000] {processor.py:840} INFO - DAG(s) 'example_setup_teardown' retrieved from /home/airflow/.local/lib/python3.11/site-packages/airflow/example_dags/example_setup_teardown.py
[2024-03-07T18:24:51.927+0000] {logging_mixin.py:188} INFO - [2024-03-07T18:24:51.926+0000] {dag.py:3047} INFO - Sync 1 DAGs
[2024-03-07T18:24:51.991+0000] {logging_mixin.py:188} INFO - [2024-03-07T18:24:51.990+0000] {dag.py:3834} INFO - Setting next_dagrun for example_setup_teardown to 2024-03-06 00:00:00+00:00, run_after=2024-03-07 00:00:00+00:00
[2024-03-07T18:24:52.044+0000] {processor.py:183} INFO - Processing /home/airflow/.local/lib/python3.11/site-packages/airflow/example_dags/example_setup_teardown.py took 0.187 seconds
[2024-03-07T18:25:24.583+0000] {processor.py:161} INFO - Started process (PID=1412) to work on /home/airflow/.local/lib/python3.11/site-packages/airflow/example_dags/example_setup_teardown.py
[2024-03-07T18:25:24.587+0000] {processor.py:830} INFO - Processing file /home/airflow/.local/lib/python3.11/site-packages/airflow/example_dags/example_setup_teardown.py for tasks to queue
[2024-03-07T18:25:24.594+0000] {logging_mixin.py:188} INFO - [2024-03-07T18:25:24.593+0000] {dagbag.py:540} INFO - Filling up the DagBag from /home/airflow/.local/lib/python3.11/site-packages/airflow/example_dags/example_setup_teardown.py
[2024-03-07T18:25:24.622+0000] {processor.py:840} INFO - DAG(s) 'example_setup_teardown' retrieved from /home/airflow/.local/lib/python3.11/site-packages/airflow/example_dags/example_setup_teardown.py
[2024-03-07T18:25:24.693+0000] {logging_mixin.py:188} INFO - [2024-03-07T18:25:24.693+0000] {dag.py:3047} INFO - Sync 1 DAGs
[2024-03-07T18:25:24.752+0000] {logging_mixin.py:188} INFO - [2024-03-07T18:25:24.751+0000] {dag.py:3834} INFO - Setting next_dagrun for example_setup_teardown to 2024-03-06 00:00:00+00:00, run_after=2024-03-07 00:00:00+00:00
[2024-03-07T18:25:24.808+0000] {processor.py:183} INFO - Processing /home/airflow/.local/lib/python3.11/site-packages/airflow/example_dags/example_setup_teardown.py took 0.231 seconds
[2024-03-07T18:25:56.735+0000] {processor.py:161} INFO - Started process (PID=1470) to work on /home/airflow/.local/lib/python3.11/site-packages/airflow/example_dags/example_setup_teardown.py
[2024-03-07T18:25:56.738+0000] {processor.py:830} INFO - Processing file /home/airflow/.local/lib/python3.11/site-packages/airflow/example_dags/example_setup_teardown.py for tasks to queue
[2024-03-07T18:25:56.743+0000] {logging_mixin.py:188} INFO - [2024-03-07T18:25:56.742+0000] {dagbag.py:540} INFO - Filling up the DagBag from /home/airflow/.local/lib/python3.11/site-packages/airflow/example_dags/example_setup_teardown.py
[2024-03-07T18:25:56.759+0000] {processor.py:840} INFO - DAG(s) 'example_setup_teardown' retrieved from /home/airflow/.local/lib/python3.11/site-packages/airflow/example_dags/example_setup_teardown.py
[2024-03-07T18:25:56.821+0000] {logging_mixin.py:188} INFO - [2024-03-07T18:25:56.821+0000] {dag.py:3047} INFO - Sync 1 DAGs
[2024-03-07T18:25:56.879+0000] {logging_mixin.py:188} INFO - [2024-03-07T18:25:56.878+0000] {dag.py:3834} INFO - Setting next_dagrun for example_setup_teardown to 2024-03-06 00:00:00+00:00, run_after=2024-03-07 00:00:00+00:00
[2024-03-07T18:25:56.936+0000] {processor.py:183} INFO - Processing /home/airflow/.local/lib/python3.11/site-packages/airflow/example_dags/example_setup_teardown.py took 0.208 seconds
[2024-03-07T18:26:28.798+0000] {processor.py:161} INFO - Started process (PID=1529) to work on /home/airflow/.local/lib/python3.11/site-packages/airflow/example_dags/example_setup_teardown.py
[2024-03-07T18:26:28.801+0000] {processor.py:830} INFO - Processing file /home/airflow/.local/lib/python3.11/site-packages/airflow/example_dags/example_setup_teardown.py for tasks to queue
[2024-03-07T18:26:28.805+0000] {logging_mixin.py:188} INFO - [2024-03-07T18:26:28.805+0000] {dagbag.py:540} INFO - Filling up the DagBag from /home/airflow/.local/lib/python3.11/site-packages/airflow/example_dags/example_setup_teardown.py
[2024-03-07T18:26:28.818+0000] {processor.py:840} INFO - DAG(s) 'example_setup_teardown' retrieved from /home/airflow/.local/lib/python3.11/site-packages/airflow/example_dags/example_setup_teardown.py
[2024-03-07T18:26:28.866+0000] {logging_mixin.py:188} INFO - [2024-03-07T18:26:28.866+0000] {dag.py:3047} INFO - Sync 1 DAGs
[2024-03-07T18:26:28.917+0000] {logging_mixin.py:188} INFO - [2024-03-07T18:26:28.916+0000] {dag.py:3834} INFO - Setting next_dagrun for example_setup_teardown to 2024-03-06 00:00:00+00:00, run_after=2024-03-07 00:00:00+00:00
[2024-03-07T18:26:28.975+0000] {processor.py:183} INFO - Processing /home/airflow/.local/lib/python3.11/site-packages/airflow/example_dags/example_setup_teardown.py took 0.182 seconds
[2024-03-07T18:27:01.442+0000] {processor.py:161} INFO - Started process (PID=1587) to work on /home/airflow/.local/lib/python3.11/site-packages/airflow/example_dags/example_setup_teardown.py
[2024-03-07T18:27:01.444+0000] {processor.py:830} INFO - Processing file /home/airflow/.local/lib/python3.11/site-packages/airflow/example_dags/example_setup_teardown.py for tasks to queue
[2024-03-07T18:27:01.449+0000] {logging_mixin.py:188} INFO - [2024-03-07T18:27:01.449+0000] {dagbag.py:540} INFO - Filling up the DagBag from /home/airflow/.local/lib/python3.11/site-packages/airflow/example_dags/example_setup_teardown.py
[2024-03-07T18:27:01.462+0000] {processor.py:840} INFO - DAG(s) 'example_setup_teardown' retrieved from /home/airflow/.local/lib/python3.11/site-packages/airflow/example_dags/example_setup_teardown.py
[2024-03-07T18:27:01.513+0000] {logging_mixin.py:188} INFO - [2024-03-07T18:27:01.512+0000] {dag.py:3047} INFO - Sync 1 DAGs
[2024-03-07T18:27:01.564+0000] {logging_mixin.py:188} INFO - [2024-03-07T18:27:01.564+0000] {dag.py:3834} INFO - Setting next_dagrun for example_setup_teardown to 2024-03-06 00:00:00+00:00, run_after=2024-03-07 00:00:00+00:00
[2024-03-07T18:27:01.613+0000] {processor.py:183} INFO - Processing /home/airflow/.local/lib/python3.11/site-packages/airflow/example_dags/example_setup_teardown.py took 0.176 seconds
[2024-03-07T18:27:33.792+0000] {processor.py:161} INFO - Started process (PID=1644) to work on /home/airflow/.local/lib/python3.11/site-packages/airflow/example_dags/example_setup_teardown.py
[2024-03-07T18:27:33.795+0000] {processor.py:830} INFO - Processing file /home/airflow/.local/lib/python3.11/site-packages/airflow/example_dags/example_setup_teardown.py for tasks to queue
[2024-03-07T18:27:33.799+0000] {logging_mixin.py:188} INFO - [2024-03-07T18:27:33.798+0000] {dagbag.py:540} INFO - Filling up the DagBag from /home/airflow/.local/lib/python3.11/site-packages/airflow/example_dags/example_setup_teardown.py
[2024-03-07T18:27:33.817+0000] {processor.py:840} INFO - DAG(s) 'example_setup_teardown' retrieved from /home/airflow/.local/lib/python3.11/site-packages/airflow/example_dags/example_setup_teardown.py
[2024-03-07T18:27:33.865+0000] {logging_mixin.py:188} INFO - [2024-03-07T18:27:33.864+0000] {dag.py:3047} INFO - Sync 1 DAGs
[2024-03-07T18:27:33.917+0000] {logging_mixin.py:188} INFO - [2024-03-07T18:27:33.917+0000] {dag.py:3834} INFO - Setting next_dagrun for example_setup_teardown to 2024-03-06 00:00:00+00:00, run_after=2024-03-07 00:00:00+00:00
[2024-03-07T18:27:33.971+0000] {processor.py:183} INFO - Processing /home/airflow/.local/lib/python3.11/site-packages/airflow/example_dags/example_setup_teardown.py took 0.186 seconds
[2024-03-07T18:28:06.355+0000] {processor.py:161} INFO - Started process (PID=1702) to work on /home/airflow/.local/lib/python3.11/site-packages/airflow/example_dags/example_setup_teardown.py
[2024-03-07T18:28:06.358+0000] {processor.py:830} INFO - Processing file /home/airflow/.local/lib/python3.11/site-packages/airflow/example_dags/example_setup_teardown.py for tasks to queue
[2024-03-07T18:28:06.362+0000] {logging_mixin.py:188} INFO - [2024-03-07T18:28:06.361+0000] {dagbag.py:540} INFO - Filling up the DagBag from /home/airflow/.local/lib/python3.11/site-packages/airflow/example_dags/example_setup_teardown.py
[2024-03-07T18:28:06.381+0000] {processor.py:840} INFO - DAG(s) 'example_setup_teardown' retrieved from /home/airflow/.local/lib/python3.11/site-packages/airflow/example_dags/example_setup_teardown.py
[2024-03-07T18:28:06.476+0000] {logging_mixin.py:188} INFO - [2024-03-07T18:28:06.476+0000] {dag.py:3047} INFO - Sync 1 DAGs
[2024-03-07T18:28:06.538+0000] {logging_mixin.py:188} INFO - [2024-03-07T18:28:06.538+0000] {dag.py:3834} INFO - Setting next_dagrun for example_setup_teardown to 2024-03-06 00:00:00+00:00, run_after=2024-03-07 00:00:00+00:00
[2024-03-07T18:28:06.640+0000] {processor.py:183} INFO - Processing /home/airflow/.local/lib/python3.11/site-packages/airflow/example_dags/example_setup_teardown.py took 0.290 seconds
[2024-03-07T18:28:38.932+0000] {processor.py:161} INFO - Started process (PID=1760) to work on /home/airflow/.local/lib/python3.11/site-packages/airflow/example_dags/example_setup_teardown.py
[2024-03-07T18:28:38.935+0000] {processor.py:830} INFO - Processing file /home/airflow/.local/lib/python3.11/site-packages/airflow/example_dags/example_setup_teardown.py for tasks to queue
[2024-03-07T18:28:38.939+0000] {logging_mixin.py:188} INFO - [2024-03-07T18:28:38.938+0000] {dagbag.py:540} INFO - Filling up the DagBag from /home/airflow/.local/lib/python3.11/site-packages/airflow/example_dags/example_setup_teardown.py
[2024-03-07T18:28:38.955+0000] {processor.py:840} INFO - DAG(s) 'example_setup_teardown' retrieved from /home/airflow/.local/lib/python3.11/site-packages/airflow/example_dags/example_setup_teardown.py
[2024-03-07T18:28:39.001+0000] {logging_mixin.py:188} INFO - [2024-03-07T18:28:39.000+0000] {dag.py:3047} INFO - Sync 1 DAGs
[2024-03-07T18:28:39.055+0000] {logging_mixin.py:188} INFO - [2024-03-07T18:28:39.054+0000] {dag.py:3834} INFO - Setting next_dagrun for example_setup_teardown to 2024-03-06 00:00:00+00:00, run_after=2024-03-07 00:00:00+00:00
[2024-03-07T18:28:39.114+0000] {processor.py:183} INFO - Processing /home/airflow/.local/lib/python3.11/site-packages/airflow/example_dags/example_setup_teardown.py took 0.187 seconds
[2024-03-07T18:29:09.962+0000] {processor.py:161} INFO - Started process (PID=1819) to work on /home/airflow/.local/lib/python3.11/site-packages/airflow/example_dags/example_setup_teardown.py
[2024-03-07T18:29:09.965+0000] {processor.py:830} INFO - Processing file /home/airflow/.local/lib/python3.11/site-packages/airflow/example_dags/example_setup_teardown.py for tasks to queue
[2024-03-07T18:29:09.971+0000] {logging_mixin.py:188} INFO - [2024-03-07T18:29:09.969+0000] {dagbag.py:540} INFO - Filling up the DagBag from /home/airflow/.local/lib/python3.11/site-packages/airflow/example_dags/example_setup_teardown.py
[2024-03-07T18:29:09.986+0000] {processor.py:840} INFO - DAG(s) 'example_setup_teardown' retrieved from /home/airflow/.local/lib/python3.11/site-packages/airflow/example_dags/example_setup_teardown.py
[2024-03-07T18:29:10.037+0000] {logging_mixin.py:188} INFO - [2024-03-07T18:29:10.036+0000] {dag.py:3047} INFO - Sync 1 DAGs
[2024-03-07T18:29:10.092+0000] {logging_mixin.py:188} INFO - [2024-03-07T18:29:10.092+0000] {dag.py:3834} INFO - Setting next_dagrun for example_setup_teardown to 2024-03-06 00:00:00+00:00, run_after=2024-03-07 00:00:00+00:00
[2024-03-07T18:29:10.147+0000] {processor.py:183} INFO - Processing /home/airflow/.local/lib/python3.11/site-packages/airflow/example_dags/example_setup_teardown.py took 0.190 seconds
