[2024-03-07T18:13:12.255+0000] {processor.py:161} INFO - Started process (PID=68) to work on /home/airflow/.local/lib/python3.11/site-packages/airflow/example_dags/example_sensor_decorator.py
[2024-03-07T18:13:12.265+0000] {processor.py:830} INFO - Processing file /home/airflow/.local/lib/python3.11/site-packages/airflow/example_dags/example_sensor_decorator.py for tasks to queue
[2024-03-07T18:13:12.290+0000] {logging_mixin.py:188} INFO - [2024-03-07T18:13:12.289+0000] {dagbag.py:540} INFO - Filling up the DagBag from /home/airflow/.local/lib/python3.11/site-packages/airflow/example_dags/example_sensor_decorator.py
[2024-03-07T18:13:12.334+0000] {processor.py:840} INFO - DAG(s) 'example_sensor_decorator' retrieved from /home/airflow/.local/lib/python3.11/site-packages/airflow/example_dags/example_sensor_decorator.py
[2024-03-07T18:13:12.570+0000] {logging_mixin.py:188} INFO - [2024-03-07T18:13:12.568+0000] {dag.py:3047} INFO - Sync 1 DAGs
[2024-03-07T18:13:12.647+0000] {logging_mixin.py:188} INFO - [2024-03-07T18:13:12.646+0000] {dag.py:3834} INFO - Setting next_dagrun for example_sensor_decorator to None, run_after=None
[2024-03-07T18:13:12.815+0000] {processor.py:183} INFO - Processing /home/airflow/.local/lib/python3.11/site-packages/airflow/example_dags/example_sensor_decorator.py took 0.580 seconds
[2024-03-07T18:13:44.592+0000] {processor.py:161} INFO - Started process (PID=126) to work on /home/airflow/.local/lib/python3.11/site-packages/airflow/example_dags/example_sensor_decorator.py
[2024-03-07T18:13:44.595+0000] {processor.py:830} INFO - Processing file /home/airflow/.local/lib/python3.11/site-packages/airflow/example_dags/example_sensor_decorator.py for tasks to queue
[2024-03-07T18:13:44.601+0000] {logging_mixin.py:188} INFO - [2024-03-07T18:13:44.600+0000] {dagbag.py:540} INFO - Filling up the DagBag from /home/airflow/.local/lib/python3.11/site-packages/airflow/example_dags/example_sensor_decorator.py
[2024-03-07T18:13:44.635+0000] {processor.py:840} INFO - DAG(s) 'example_sensor_decorator' retrieved from /home/airflow/.local/lib/python3.11/site-packages/airflow/example_dags/example_sensor_decorator.py
[2024-03-07T18:13:44.736+0000] {logging_mixin.py:188} INFO - [2024-03-07T18:13:44.735+0000] {dag.py:3047} INFO - Sync 1 DAGs
[2024-03-07T18:13:44.801+0000] {logging_mixin.py:188} INFO - [2024-03-07T18:13:44.800+0000] {dag.py:3834} INFO - Setting next_dagrun for example_sensor_decorator to None, run_after=None
[2024-03-07T18:13:44.928+0000] {processor.py:183} INFO - Processing /home/airflow/.local/lib/python3.11/site-packages/airflow/example_dags/example_sensor_decorator.py took 0.347 seconds
[2024-03-07T18:14:17.695+0000] {processor.py:161} INFO - Started process (PID=184) to work on /home/airflow/.local/lib/python3.11/site-packages/airflow/example_dags/example_sensor_decorator.py
[2024-03-07T18:14:17.698+0000] {processor.py:830} INFO - Processing file /home/airflow/.local/lib/python3.11/site-packages/airflow/example_dags/example_sensor_decorator.py for tasks to queue
[2024-03-07T18:14:17.709+0000] {logging_mixin.py:188} INFO - [2024-03-07T18:14:17.707+0000] {dagbag.py:540} INFO - Filling up the DagBag from /home/airflow/.local/lib/python3.11/site-packages/airflow/example_dags/example_sensor_decorator.py
[2024-03-07T18:14:17.731+0000] {processor.py:840} INFO - DAG(s) 'example_sensor_decorator' retrieved from /home/airflow/.local/lib/python3.11/site-packages/airflow/example_dags/example_sensor_decorator.py
[2024-03-07T18:14:17.854+0000] {logging_mixin.py:188} INFO - [2024-03-07T18:14:17.853+0000] {dag.py:3047} INFO - Sync 1 DAGs
[2024-03-07T18:14:17.988+0000] {logging_mixin.py:188} INFO - [2024-03-07T18:14:17.987+0000] {dag.py:3834} INFO - Setting next_dagrun for example_sensor_decorator to None, run_after=None
[2024-03-07T18:14:18.212+0000] {processor.py:183} INFO - Processing /home/airflow/.local/lib/python3.11/site-packages/airflow/example_dags/example_sensor_decorator.py took 0.527 seconds
[2024-03-07T18:14:51.345+0000] {processor.py:161} INFO - Started process (PID=241) to work on /home/airflow/.local/lib/python3.11/site-packages/airflow/example_dags/example_sensor_decorator.py
[2024-03-07T18:14:51.349+0000] {processor.py:830} INFO - Processing file /home/airflow/.local/lib/python3.11/site-packages/airflow/example_dags/example_sensor_decorator.py for tasks to queue
[2024-03-07T18:14:51.354+0000] {logging_mixin.py:188} INFO - [2024-03-07T18:14:51.353+0000] {dagbag.py:540} INFO - Filling up the DagBag from /home/airflow/.local/lib/python3.11/site-packages/airflow/example_dags/example_sensor_decorator.py
[2024-03-07T18:14:51.370+0000] {processor.py:840} INFO - DAG(s) 'example_sensor_decorator' retrieved from /home/airflow/.local/lib/python3.11/site-packages/airflow/example_dags/example_sensor_decorator.py
[2024-03-07T18:14:51.403+0000] {logging_mixin.py:188} INFO - [2024-03-07T18:14:51.403+0000] {dag.py:3047} INFO - Sync 1 DAGs
[2024-03-07T18:14:51.437+0000] {logging_mixin.py:188} INFO - [2024-03-07T18:14:51.437+0000] {dag.py:3834} INFO - Setting next_dagrun for example_sensor_decorator to None, run_after=None
[2024-03-07T18:14:51.523+0000] {processor.py:183} INFO - Processing /home/airflow/.local/lib/python3.11/site-packages/airflow/example_dags/example_sensor_decorator.py took 0.184 seconds
[2024-03-07T18:15:23.366+0000] {processor.py:161} INFO - Started process (PID=300) to work on /home/airflow/.local/lib/python3.11/site-packages/airflow/example_dags/example_sensor_decorator.py
[2024-03-07T18:15:23.369+0000] {processor.py:830} INFO - Processing file /home/airflow/.local/lib/python3.11/site-packages/airflow/example_dags/example_sensor_decorator.py for tasks to queue
[2024-03-07T18:15:23.376+0000] {logging_mixin.py:188} INFO - [2024-03-07T18:15:23.374+0000] {dagbag.py:540} INFO - Filling up the DagBag from /home/airflow/.local/lib/python3.11/site-packages/airflow/example_dags/example_sensor_decorator.py
[2024-03-07T18:15:23.394+0000] {processor.py:840} INFO - DAG(s) 'example_sensor_decorator' retrieved from /home/airflow/.local/lib/python3.11/site-packages/airflow/example_dags/example_sensor_decorator.py
[2024-03-07T18:15:23.804+0000] {logging_mixin.py:188} INFO - [2024-03-07T18:15:23.800+0000] {dag.py:3047} INFO - Sync 1 DAGs
[2024-03-07T18:15:23.881+0000] {logging_mixin.py:188} INFO - [2024-03-07T18:15:23.880+0000] {dag.py:3834} INFO - Setting next_dagrun for example_sensor_decorator to None, run_after=None
[2024-03-07T18:15:23.969+0000] {processor.py:183} INFO - Processing /home/airflow/.local/lib/python3.11/site-packages/airflow/example_dags/example_sensor_decorator.py took 0.610 seconds
[2024-03-07T18:15:54.167+0000] {processor.py:161} INFO - Started process (PID=358) to work on /home/airflow/.local/lib/python3.11/site-packages/airflow/example_dags/example_sensor_decorator.py
[2024-03-07T18:15:54.169+0000] {processor.py:830} INFO - Processing file /home/airflow/.local/lib/python3.11/site-packages/airflow/example_dags/example_sensor_decorator.py for tasks to queue
[2024-03-07T18:15:54.174+0000] {logging_mixin.py:188} INFO - [2024-03-07T18:15:54.173+0000] {dagbag.py:540} INFO - Filling up the DagBag from /home/airflow/.local/lib/python3.11/site-packages/airflow/example_dags/example_sensor_decorator.py
[2024-03-07T18:15:54.188+0000] {processor.py:840} INFO - DAG(s) 'example_sensor_decorator' retrieved from /home/airflow/.local/lib/python3.11/site-packages/airflow/example_dags/example_sensor_decorator.py
[2024-03-07T18:15:54.234+0000] {logging_mixin.py:188} INFO - [2024-03-07T18:15:54.233+0000] {dag.py:3047} INFO - Sync 1 DAGs
[2024-03-07T18:15:54.261+0000] {logging_mixin.py:188} INFO - [2024-03-07T18:15:54.260+0000] {dag.py:3834} INFO - Setting next_dagrun for example_sensor_decorator to None, run_after=None
[2024-03-07T18:15:54.315+0000] {processor.py:183} INFO - Processing /home/airflow/.local/lib/python3.11/site-packages/airflow/example_dags/example_sensor_decorator.py took 0.154 seconds
[2024-03-07T18:16:25.406+0000] {processor.py:161} INFO - Started process (PID=416) to work on /home/airflow/.local/lib/python3.11/site-packages/airflow/example_dags/example_sensor_decorator.py
[2024-03-07T18:16:25.409+0000] {processor.py:830} INFO - Processing file /home/airflow/.local/lib/python3.11/site-packages/airflow/example_dags/example_sensor_decorator.py for tasks to queue
[2024-03-07T18:16:25.415+0000] {logging_mixin.py:188} INFO - [2024-03-07T18:16:25.414+0000] {dagbag.py:540} INFO - Filling up the DagBag from /home/airflow/.local/lib/python3.11/site-packages/airflow/example_dags/example_sensor_decorator.py
[2024-03-07T18:16:25.434+0000] {processor.py:840} INFO - DAG(s) 'example_sensor_decorator' retrieved from /home/airflow/.local/lib/python3.11/site-packages/airflow/example_dags/example_sensor_decorator.py
[2024-03-07T18:16:25.485+0000] {logging_mixin.py:188} INFO - [2024-03-07T18:16:25.484+0000] {dag.py:3047} INFO - Sync 1 DAGs
[2024-03-07T18:16:25.518+0000] {logging_mixin.py:188} INFO - [2024-03-07T18:16:25.518+0000] {dag.py:3834} INFO - Setting next_dagrun for example_sensor_decorator to None, run_after=None
[2024-03-07T18:16:25.578+0000] {processor.py:183} INFO - Processing /home/airflow/.local/lib/python3.11/site-packages/airflow/example_dags/example_sensor_decorator.py took 0.182 seconds
[2024-03-07T18:16:56.375+0000] {processor.py:161} INFO - Started process (PID=474) to work on /home/airflow/.local/lib/python3.11/site-packages/airflow/example_dags/example_sensor_decorator.py
[2024-03-07T18:16:56.379+0000] {processor.py:830} INFO - Processing file /home/airflow/.local/lib/python3.11/site-packages/airflow/example_dags/example_sensor_decorator.py for tasks to queue
[2024-03-07T18:16:56.389+0000] {logging_mixin.py:188} INFO - [2024-03-07T18:16:56.388+0000] {dagbag.py:540} INFO - Filling up the DagBag from /home/airflow/.local/lib/python3.11/site-packages/airflow/example_dags/example_sensor_decorator.py
[2024-03-07T18:16:56.409+0000] {processor.py:840} INFO - DAG(s) 'example_sensor_decorator' retrieved from /home/airflow/.local/lib/python3.11/site-packages/airflow/example_dags/example_sensor_decorator.py
[2024-03-07T18:16:56.487+0000] {logging_mixin.py:188} INFO - [2024-03-07T18:16:56.487+0000] {dag.py:3047} INFO - Sync 1 DAGs
[2024-03-07T18:16:56.535+0000] {logging_mixin.py:188} INFO - [2024-03-07T18:16:56.534+0000] {dag.py:3834} INFO - Setting next_dagrun for example_sensor_decorator to None, run_after=None
[2024-03-07T18:16:56.635+0000] {processor.py:183} INFO - Processing /home/airflow/.local/lib/python3.11/site-packages/airflow/example_dags/example_sensor_decorator.py took 0.269 seconds
[2024-03-07T18:17:27.132+0000] {processor.py:161} INFO - Started process (PID=529) to work on /home/airflow/.local/lib/python3.11/site-packages/airflow/example_dags/example_sensor_decorator.py
[2024-03-07T18:17:27.134+0000] {processor.py:830} INFO - Processing file /home/airflow/.local/lib/python3.11/site-packages/airflow/example_dags/example_sensor_decorator.py for tasks to queue
[2024-03-07T18:17:27.139+0000] {logging_mixin.py:188} INFO - [2024-03-07T18:17:27.138+0000] {dagbag.py:540} INFO - Filling up the DagBag from /home/airflow/.local/lib/python3.11/site-packages/airflow/example_dags/example_sensor_decorator.py
[2024-03-07T18:17:27.149+0000] {processor.py:840} INFO - DAG(s) 'example_sensor_decorator' retrieved from /home/airflow/.local/lib/python3.11/site-packages/airflow/example_dags/example_sensor_decorator.py
[2024-03-07T18:17:27.195+0000] {logging_mixin.py:188} INFO - [2024-03-07T18:17:27.194+0000] {dag.py:3047} INFO - Sync 1 DAGs
[2024-03-07T18:17:27.220+0000] {logging_mixin.py:188} INFO - [2024-03-07T18:17:27.219+0000] {dag.py:3834} INFO - Setting next_dagrun for example_sensor_decorator to None, run_after=None
[2024-03-07T18:17:27.297+0000] {processor.py:183} INFO - Processing /home/airflow/.local/lib/python3.11/site-packages/airflow/example_dags/example_sensor_decorator.py took 0.171 seconds
[2024-03-07T18:17:57.908+0000] {processor.py:161} INFO - Started process (PID=587) to work on /home/airflow/.local/lib/python3.11/site-packages/airflow/example_dags/example_sensor_decorator.py
[2024-03-07T18:17:57.911+0000] {processor.py:830} INFO - Processing file /home/airflow/.local/lib/python3.11/site-packages/airflow/example_dags/example_sensor_decorator.py for tasks to queue
[2024-03-07T18:17:57.916+0000] {logging_mixin.py:188} INFO - [2024-03-07T18:17:57.914+0000] {dagbag.py:540} INFO - Filling up the DagBag from /home/airflow/.local/lib/python3.11/site-packages/airflow/example_dags/example_sensor_decorator.py
[2024-03-07T18:17:57.931+0000] {processor.py:840} INFO - DAG(s) 'example_sensor_decorator' retrieved from /home/airflow/.local/lib/python3.11/site-packages/airflow/example_dags/example_sensor_decorator.py
[2024-03-07T18:17:57.989+0000] {logging_mixin.py:188} INFO - [2024-03-07T18:17:57.988+0000] {dag.py:3047} INFO - Sync 1 DAGs
[2024-03-07T18:17:58.021+0000] {logging_mixin.py:188} INFO - [2024-03-07T18:17:58.021+0000] {dag.py:3834} INFO - Setting next_dagrun for example_sensor_decorator to None, run_after=None
[2024-03-07T18:17:58.089+0000] {processor.py:183} INFO - Processing /home/airflow/.local/lib/python3.11/site-packages/airflow/example_dags/example_sensor_decorator.py took 0.186 seconds
[2024-03-07T18:18:29.577+0000] {processor.py:161} INFO - Started process (PID=645) to work on /home/airflow/.local/lib/python3.11/site-packages/airflow/example_dags/example_sensor_decorator.py
[2024-03-07T18:18:29.580+0000] {processor.py:830} INFO - Processing file /home/airflow/.local/lib/python3.11/site-packages/airflow/example_dags/example_sensor_decorator.py for tasks to queue
[2024-03-07T18:18:29.584+0000] {logging_mixin.py:188} INFO - [2024-03-07T18:18:29.583+0000] {dagbag.py:540} INFO - Filling up the DagBag from /home/airflow/.local/lib/python3.11/site-packages/airflow/example_dags/example_sensor_decorator.py
[2024-03-07T18:18:29.598+0000] {processor.py:840} INFO - DAG(s) 'example_sensor_decorator' retrieved from /home/airflow/.local/lib/python3.11/site-packages/airflow/example_dags/example_sensor_decorator.py
[2024-03-07T18:18:29.641+0000] {logging_mixin.py:188} INFO - [2024-03-07T18:18:29.640+0000] {dag.py:3047} INFO - Sync 1 DAGs
[2024-03-07T18:18:29.669+0000] {logging_mixin.py:188} INFO - [2024-03-07T18:18:29.669+0000] {dag.py:3834} INFO - Setting next_dagrun for example_sensor_decorator to None, run_after=None
[2024-03-07T18:18:29.732+0000] {processor.py:183} INFO - Processing /home/airflow/.local/lib/python3.11/site-packages/airflow/example_dags/example_sensor_decorator.py took 0.159 seconds
[2024-03-07T18:19:00.488+0000] {processor.py:161} INFO - Started process (PID=702) to work on /home/airflow/.local/lib/python3.11/site-packages/airflow/example_dags/example_sensor_decorator.py
[2024-03-07T18:19:00.490+0000] {processor.py:830} INFO - Processing file /home/airflow/.local/lib/python3.11/site-packages/airflow/example_dags/example_sensor_decorator.py for tasks to queue
[2024-03-07T18:19:00.495+0000] {logging_mixin.py:188} INFO - [2024-03-07T18:19:00.494+0000] {dagbag.py:540} INFO - Filling up the DagBag from /home/airflow/.local/lib/python3.11/site-packages/airflow/example_dags/example_sensor_decorator.py
[2024-03-07T18:19:00.519+0000] {processor.py:840} INFO - DAG(s) 'example_sensor_decorator' retrieved from /home/airflow/.local/lib/python3.11/site-packages/airflow/example_dags/example_sensor_decorator.py
[2024-03-07T18:19:00.585+0000] {logging_mixin.py:188} INFO - [2024-03-07T18:19:00.584+0000] {dag.py:3047} INFO - Sync 1 DAGs
[2024-03-07T18:19:00.613+0000] {logging_mixin.py:188} INFO - [2024-03-07T18:19:00.613+0000] {dag.py:3834} INFO - Setting next_dagrun for example_sensor_decorator to None, run_after=None
[2024-03-07T18:19:00.676+0000] {processor.py:183} INFO - Processing /home/airflow/.local/lib/python3.11/site-packages/airflow/example_dags/example_sensor_decorator.py took 0.193 seconds
[2024-03-07T18:19:32.364+0000] {processor.py:161} INFO - Started process (PID=761) to work on /home/airflow/.local/lib/python3.11/site-packages/airflow/example_dags/example_sensor_decorator.py
[2024-03-07T18:19:32.367+0000] {processor.py:830} INFO - Processing file /home/airflow/.local/lib/python3.11/site-packages/airflow/example_dags/example_sensor_decorator.py for tasks to queue
[2024-03-07T18:19:32.371+0000] {logging_mixin.py:188} INFO - [2024-03-07T18:19:32.370+0000] {dagbag.py:540} INFO - Filling up the DagBag from /home/airflow/.local/lib/python3.11/site-packages/airflow/example_dags/example_sensor_decorator.py
[2024-03-07T18:19:32.385+0000] {processor.py:840} INFO - DAG(s) 'example_sensor_decorator' retrieved from /home/airflow/.local/lib/python3.11/site-packages/airflow/example_dags/example_sensor_decorator.py
[2024-03-07T18:19:32.444+0000] {logging_mixin.py:188} INFO - [2024-03-07T18:19:32.443+0000] {dag.py:3047} INFO - Sync 1 DAGs
[2024-03-07T18:19:32.485+0000] {logging_mixin.py:188} INFO - [2024-03-07T18:19:32.484+0000] {dag.py:3834} INFO - Setting next_dagrun for example_sensor_decorator to None, run_after=None
[2024-03-07T18:19:32.539+0000] {processor.py:183} INFO - Processing /home/airflow/.local/lib/python3.11/site-packages/airflow/example_dags/example_sensor_decorator.py took 0.179 seconds
[2024-03-07T18:20:04.181+0000] {processor.py:161} INFO - Started process (PID=819) to work on /home/airflow/.local/lib/python3.11/site-packages/airflow/example_dags/example_sensor_decorator.py
[2024-03-07T18:20:04.183+0000] {processor.py:830} INFO - Processing file /home/airflow/.local/lib/python3.11/site-packages/airflow/example_dags/example_sensor_decorator.py for tasks to queue
[2024-03-07T18:20:04.187+0000] {logging_mixin.py:188} INFO - [2024-03-07T18:20:04.186+0000] {dagbag.py:540} INFO - Filling up the DagBag from /home/airflow/.local/lib/python3.11/site-packages/airflow/example_dags/example_sensor_decorator.py
[2024-03-07T18:20:04.199+0000] {processor.py:840} INFO - DAG(s) 'example_sensor_decorator' retrieved from /home/airflow/.local/lib/python3.11/site-packages/airflow/example_dags/example_sensor_decorator.py
[2024-03-07T18:20:04.242+0000] {logging_mixin.py:188} INFO - [2024-03-07T18:20:04.241+0000] {dag.py:3047} INFO - Sync 1 DAGs
[2024-03-07T18:20:04.281+0000] {logging_mixin.py:188} INFO - [2024-03-07T18:20:04.281+0000] {dag.py:3834} INFO - Setting next_dagrun for example_sensor_decorator to None, run_after=None
[2024-03-07T18:20:04.348+0000] {processor.py:183} INFO - Processing /home/airflow/.local/lib/python3.11/site-packages/airflow/example_dags/example_sensor_decorator.py took 0.172 seconds
[2024-03-07T18:20:35.927+0000] {processor.py:161} INFO - Started process (PID=876) to work on /home/airflow/.local/lib/python3.11/site-packages/airflow/example_dags/example_sensor_decorator.py
[2024-03-07T18:20:35.930+0000] {processor.py:830} INFO - Processing file /home/airflow/.local/lib/python3.11/site-packages/airflow/example_dags/example_sensor_decorator.py for tasks to queue
[2024-03-07T18:20:35.934+0000] {logging_mixin.py:188} INFO - [2024-03-07T18:20:35.933+0000] {dagbag.py:540} INFO - Filling up the DagBag from /home/airflow/.local/lib/python3.11/site-packages/airflow/example_dags/example_sensor_decorator.py
[2024-03-07T18:20:35.945+0000] {processor.py:840} INFO - DAG(s) 'example_sensor_decorator' retrieved from /home/airflow/.local/lib/python3.11/site-packages/airflow/example_dags/example_sensor_decorator.py
[2024-03-07T18:20:35.999+0000] {logging_mixin.py:188} INFO - [2024-03-07T18:20:35.999+0000] {dag.py:3047} INFO - Sync 1 DAGs
[2024-03-07T18:20:36.033+0000] {logging_mixin.py:188} INFO - [2024-03-07T18:20:36.032+0000] {dag.py:3834} INFO - Setting next_dagrun for example_sensor_decorator to None, run_after=None
[2024-03-07T18:20:36.107+0000] {processor.py:183} INFO - Processing /home/airflow/.local/lib/python3.11/site-packages/airflow/example_dags/example_sensor_decorator.py took 0.185 seconds
[2024-03-07T18:21:07.507+0000] {processor.py:161} INFO - Started process (PID=934) to work on /home/airflow/.local/lib/python3.11/site-packages/airflow/example_dags/example_sensor_decorator.py
[2024-03-07T18:21:07.509+0000] {processor.py:830} INFO - Processing file /home/airflow/.local/lib/python3.11/site-packages/airflow/example_dags/example_sensor_decorator.py for tasks to queue
[2024-03-07T18:21:07.513+0000] {logging_mixin.py:188} INFO - [2024-03-07T18:21:07.513+0000] {dagbag.py:540} INFO - Filling up the DagBag from /home/airflow/.local/lib/python3.11/site-packages/airflow/example_dags/example_sensor_decorator.py
[2024-03-07T18:21:07.524+0000] {processor.py:840} INFO - DAG(s) 'example_sensor_decorator' retrieved from /home/airflow/.local/lib/python3.11/site-packages/airflow/example_dags/example_sensor_decorator.py
[2024-03-07T18:21:07.568+0000] {logging_mixin.py:188} INFO - [2024-03-07T18:21:07.567+0000] {dag.py:3047} INFO - Sync 1 DAGs
[2024-03-07T18:21:07.593+0000] {logging_mixin.py:188} INFO - [2024-03-07T18:21:07.593+0000] {dag.py:3834} INFO - Setting next_dagrun for example_sensor_decorator to None, run_after=None
[2024-03-07T18:21:07.657+0000] {processor.py:183} INFO - Processing /home/airflow/.local/lib/python3.11/site-packages/airflow/example_dags/example_sensor_decorator.py took 0.154 seconds
[2024-03-07T18:21:40.632+0000] {processor.py:161} INFO - Started process (PID=997) to work on /home/airflow/.local/lib/python3.11/site-packages/airflow/example_dags/example_sensor_decorator.py
[2024-03-07T18:21:40.636+0000] {processor.py:830} INFO - Processing file /home/airflow/.local/lib/python3.11/site-packages/airflow/example_dags/example_sensor_decorator.py for tasks to queue
[2024-03-07T18:21:40.641+0000] {logging_mixin.py:188} INFO - [2024-03-07T18:21:40.640+0000] {dagbag.py:540} INFO - Filling up the DagBag from /home/airflow/.local/lib/python3.11/site-packages/airflow/example_dags/example_sensor_decorator.py
[2024-03-07T18:21:40.654+0000] {processor.py:840} INFO - DAG(s) 'example_sensor_decorator' retrieved from /home/airflow/.local/lib/python3.11/site-packages/airflow/example_dags/example_sensor_decorator.py
[2024-03-07T18:21:40.720+0000] {logging_mixin.py:188} INFO - [2024-03-07T18:21:40.715+0000] {dag.py:3047} INFO - Sync 1 DAGs
[2024-03-07T18:21:40.819+0000] {logging_mixin.py:188} INFO - [2024-03-07T18:21:40.819+0000] {dag.py:3834} INFO - Setting next_dagrun for example_sensor_decorator to None, run_after=None
[2024-03-07T18:21:40.903+0000] {processor.py:183} INFO - Processing /home/airflow/.local/lib/python3.11/site-packages/airflow/example_dags/example_sensor_decorator.py took 0.277 seconds
[2024-03-07T18:22:12.030+0000] {processor.py:161} INFO - Started process (PID=1055) to work on /home/airflow/.local/lib/python3.11/site-packages/airflow/example_dags/example_sensor_decorator.py
[2024-03-07T18:22:12.033+0000] {processor.py:830} INFO - Processing file /home/airflow/.local/lib/python3.11/site-packages/airflow/example_dags/example_sensor_decorator.py for tasks to queue
[2024-03-07T18:22:12.039+0000] {logging_mixin.py:188} INFO - [2024-03-07T18:22:12.038+0000] {dagbag.py:540} INFO - Filling up the DagBag from /home/airflow/.local/lib/python3.11/site-packages/airflow/example_dags/example_sensor_decorator.py
[2024-03-07T18:22:12.049+0000] {processor.py:840} INFO - DAG(s) 'example_sensor_decorator' retrieved from /home/airflow/.local/lib/python3.11/site-packages/airflow/example_dags/example_sensor_decorator.py
[2024-03-07T18:22:12.097+0000] {logging_mixin.py:188} INFO - [2024-03-07T18:22:12.096+0000] {dag.py:3047} INFO - Sync 1 DAGs
[2024-03-07T18:22:12.130+0000] {logging_mixin.py:188} INFO - [2024-03-07T18:22:12.129+0000] {dag.py:3834} INFO - Setting next_dagrun for example_sensor_decorator to None, run_after=None
[2024-03-07T18:22:12.187+0000] {processor.py:183} INFO - Processing /home/airflow/.local/lib/python3.11/site-packages/airflow/example_dags/example_sensor_decorator.py took 0.162 seconds
[2024-03-07T18:22:44.525+0000] {processor.py:161} INFO - Started process (PID=1114) to work on /home/airflow/.local/lib/python3.11/site-packages/airflow/example_dags/example_sensor_decorator.py
[2024-03-07T18:22:44.530+0000] {processor.py:830} INFO - Processing file /home/airflow/.local/lib/python3.11/site-packages/airflow/example_dags/example_sensor_decorator.py for tasks to queue
[2024-03-07T18:22:44.538+0000] {logging_mixin.py:188} INFO - [2024-03-07T18:22:44.537+0000] {dagbag.py:540} INFO - Filling up the DagBag from /home/airflow/.local/lib/python3.11/site-packages/airflow/example_dags/example_sensor_decorator.py
[2024-03-07T18:22:44.559+0000] {processor.py:840} INFO - DAG(s) 'example_sensor_decorator' retrieved from /home/airflow/.local/lib/python3.11/site-packages/airflow/example_dags/example_sensor_decorator.py
[2024-03-07T18:22:44.631+0000] {logging_mixin.py:188} INFO - [2024-03-07T18:22:44.630+0000] {dag.py:3047} INFO - Sync 1 DAGs
[2024-03-07T18:22:44.666+0000] {logging_mixin.py:188} INFO - [2024-03-07T18:22:44.666+0000] {dag.py:3834} INFO - Setting next_dagrun for example_sensor_decorator to None, run_after=None
[2024-03-07T18:22:44.733+0000] {processor.py:183} INFO - Processing /home/airflow/.local/lib/python3.11/site-packages/airflow/example_dags/example_sensor_decorator.py took 0.218 seconds
[2024-03-07T18:23:15.357+0000] {processor.py:161} INFO - Started process (PID=1172) to work on /home/airflow/.local/lib/python3.11/site-packages/airflow/example_dags/example_sensor_decorator.py
[2024-03-07T18:23:15.360+0000] {processor.py:830} INFO - Processing file /home/airflow/.local/lib/python3.11/site-packages/airflow/example_dags/example_sensor_decorator.py for tasks to queue
[2024-03-07T18:23:15.364+0000] {logging_mixin.py:188} INFO - [2024-03-07T18:23:15.363+0000] {dagbag.py:540} INFO - Filling up the DagBag from /home/airflow/.local/lib/python3.11/site-packages/airflow/example_dags/example_sensor_decorator.py
[2024-03-07T18:23:15.374+0000] {processor.py:840} INFO - DAG(s) 'example_sensor_decorator' retrieved from /home/airflow/.local/lib/python3.11/site-packages/airflow/example_dags/example_sensor_decorator.py
[2024-03-07T18:23:15.422+0000] {logging_mixin.py:188} INFO - [2024-03-07T18:23:15.421+0000] {dag.py:3047} INFO - Sync 1 DAGs
[2024-03-07T18:23:15.459+0000] {logging_mixin.py:188} INFO - [2024-03-07T18:23:15.458+0000] {dag.py:3834} INFO - Setting next_dagrun for example_sensor_decorator to None, run_after=None
[2024-03-07T18:23:15.521+0000] {processor.py:183} INFO - Processing /home/airflow/.local/lib/python3.11/site-packages/airflow/example_dags/example_sensor_decorator.py took 0.176 seconds
[2024-03-07T18:23:47.037+0000] {processor.py:161} INFO - Started process (PID=1231) to work on /home/airflow/.local/lib/python3.11/site-packages/airflow/example_dags/example_sensor_decorator.py
[2024-03-07T18:23:47.039+0000] {processor.py:830} INFO - Processing file /home/airflow/.local/lib/python3.11/site-packages/airflow/example_dags/example_sensor_decorator.py for tasks to queue
[2024-03-07T18:23:47.048+0000] {logging_mixin.py:188} INFO - [2024-03-07T18:23:47.045+0000] {dagbag.py:540} INFO - Filling up the DagBag from /home/airflow/.local/lib/python3.11/site-packages/airflow/example_dags/example_sensor_decorator.py
[2024-03-07T18:23:47.064+0000] {processor.py:840} INFO - DAG(s) 'example_sensor_decorator' retrieved from /home/airflow/.local/lib/python3.11/site-packages/airflow/example_dags/example_sensor_decorator.py
[2024-03-07T18:23:47.109+0000] {logging_mixin.py:188} INFO - [2024-03-07T18:23:47.109+0000] {dag.py:3047} INFO - Sync 1 DAGs
[2024-03-07T18:23:47.326+0000] {logging_mixin.py:188} INFO - [2024-03-07T18:23:47.319+0000] {dag.py:3834} INFO - Setting next_dagrun for example_sensor_decorator to None, run_after=None
[2024-03-07T18:23:47.490+0000] {processor.py:183} INFO - Processing /home/airflow/.local/lib/python3.11/site-packages/airflow/example_dags/example_sensor_decorator.py took 0.458 seconds
[2024-03-07T18:24:19.463+0000] {processor.py:161} INFO - Started process (PID=1289) to work on /home/airflow/.local/lib/python3.11/site-packages/airflow/example_dags/example_sensor_decorator.py
[2024-03-07T18:24:19.465+0000] {processor.py:830} INFO - Processing file /home/airflow/.local/lib/python3.11/site-packages/airflow/example_dags/example_sensor_decorator.py for tasks to queue
[2024-03-07T18:24:19.471+0000] {logging_mixin.py:188} INFO - [2024-03-07T18:24:19.470+0000] {dagbag.py:540} INFO - Filling up the DagBag from /home/airflow/.local/lib/python3.11/site-packages/airflow/example_dags/example_sensor_decorator.py
[2024-03-07T18:24:19.486+0000] {processor.py:840} INFO - DAG(s) 'example_sensor_decorator' retrieved from /home/airflow/.local/lib/python3.11/site-packages/airflow/example_dags/example_sensor_decorator.py
[2024-03-07T18:24:19.527+0000] {logging_mixin.py:188} INFO - [2024-03-07T18:24:19.527+0000] {dag.py:3047} INFO - Sync 1 DAGs
[2024-03-07T18:24:19.552+0000] {logging_mixin.py:188} INFO - [2024-03-07T18:24:19.552+0000] {dag.py:3834} INFO - Setting next_dagrun for example_sensor_decorator to None, run_after=None
[2024-03-07T18:24:19.601+0000] {processor.py:183} INFO - Processing /home/airflow/.local/lib/python3.11/site-packages/airflow/example_dags/example_sensor_decorator.py took 0.153 seconds
[2024-03-07T18:24:51.170+0000] {processor.py:161} INFO - Started process (PID=1347) to work on /home/airflow/.local/lib/python3.11/site-packages/airflow/example_dags/example_sensor_decorator.py
[2024-03-07T18:24:51.172+0000] {processor.py:830} INFO - Processing file /home/airflow/.local/lib/python3.11/site-packages/airflow/example_dags/example_sensor_decorator.py for tasks to queue
[2024-03-07T18:24:51.176+0000] {logging_mixin.py:188} INFO - [2024-03-07T18:24:51.175+0000] {dagbag.py:540} INFO - Filling up the DagBag from /home/airflow/.local/lib/python3.11/site-packages/airflow/example_dags/example_sensor_decorator.py
[2024-03-07T18:24:51.185+0000] {processor.py:840} INFO - DAG(s) 'example_sensor_decorator' retrieved from /home/airflow/.local/lib/python3.11/site-packages/airflow/example_dags/example_sensor_decorator.py
[2024-03-07T18:24:51.225+0000] {logging_mixin.py:188} INFO - [2024-03-07T18:24:51.224+0000] {dag.py:3047} INFO - Sync 1 DAGs
[2024-03-07T18:24:51.249+0000] {logging_mixin.py:188} INFO - [2024-03-07T18:24:51.249+0000] {dag.py:3834} INFO - Setting next_dagrun for example_sensor_decorator to None, run_after=None
[2024-03-07T18:24:51.321+0000] {processor.py:183} INFO - Processing /home/airflow/.local/lib/python3.11/site-packages/airflow/example_dags/example_sensor_decorator.py took 0.156 seconds
[2024-03-07T18:25:23.873+0000] {processor.py:161} INFO - Started process (PID=1407) to work on /home/airflow/.local/lib/python3.11/site-packages/airflow/example_dags/example_sensor_decorator.py
[2024-03-07T18:25:23.876+0000] {processor.py:830} INFO - Processing file /home/airflow/.local/lib/python3.11/site-packages/airflow/example_dags/example_sensor_decorator.py for tasks to queue
[2024-03-07T18:25:23.881+0000] {logging_mixin.py:188} INFO - [2024-03-07T18:25:23.879+0000] {dagbag.py:540} INFO - Filling up the DagBag from /home/airflow/.local/lib/python3.11/site-packages/airflow/example_dags/example_sensor_decorator.py
[2024-03-07T18:25:23.899+0000] {processor.py:840} INFO - DAG(s) 'example_sensor_decorator' retrieved from /home/airflow/.local/lib/python3.11/site-packages/airflow/example_dags/example_sensor_decorator.py
[2024-03-07T18:25:23.945+0000] {logging_mixin.py:188} INFO - [2024-03-07T18:25:23.944+0000] {dag.py:3047} INFO - Sync 1 DAGs
[2024-03-07T18:25:23.971+0000] {logging_mixin.py:188} INFO - [2024-03-07T18:25:23.971+0000] {dag.py:3834} INFO - Setting next_dagrun for example_sensor_decorator to None, run_after=None
[2024-03-07T18:25:24.021+0000] {processor.py:183} INFO - Processing /home/airflow/.local/lib/python3.11/site-packages/airflow/example_dags/example_sensor_decorator.py took 0.157 seconds
[2024-03-07T18:25:55.910+0000] {processor.py:161} INFO - Started process (PID=1464) to work on /home/airflow/.local/lib/python3.11/site-packages/airflow/example_dags/example_sensor_decorator.py
[2024-03-07T18:25:55.913+0000] {processor.py:830} INFO - Processing file /home/airflow/.local/lib/python3.11/site-packages/airflow/example_dags/example_sensor_decorator.py for tasks to queue
[2024-03-07T18:25:55.917+0000] {logging_mixin.py:188} INFO - [2024-03-07T18:25:55.916+0000] {dagbag.py:540} INFO - Filling up the DagBag from /home/airflow/.local/lib/python3.11/site-packages/airflow/example_dags/example_sensor_decorator.py
[2024-03-07T18:25:55.928+0000] {processor.py:840} INFO - DAG(s) 'example_sensor_decorator' retrieved from /home/airflow/.local/lib/python3.11/site-packages/airflow/example_dags/example_sensor_decorator.py
[2024-03-07T18:25:55.971+0000] {logging_mixin.py:188} INFO - [2024-03-07T18:25:55.970+0000] {dag.py:3047} INFO - Sync 1 DAGs
[2024-03-07T18:25:56.001+0000] {logging_mixin.py:188} INFO - [2024-03-07T18:25:56.000+0000] {dag.py:3834} INFO - Setting next_dagrun for example_sensor_decorator to None, run_after=None
[2024-03-07T18:25:56.061+0000] {processor.py:183} INFO - Processing /home/airflow/.local/lib/python3.11/site-packages/airflow/example_dags/example_sensor_decorator.py took 0.156 seconds
[2024-03-07T18:26:27.669+0000] {processor.py:161} INFO - Started process (PID=1522) to work on /home/airflow/.local/lib/python3.11/site-packages/airflow/example_dags/example_sensor_decorator.py
[2024-03-07T18:26:27.672+0000] {processor.py:830} INFO - Processing file /home/airflow/.local/lib/python3.11/site-packages/airflow/example_dags/example_sensor_decorator.py for tasks to queue
[2024-03-07T18:26:27.676+0000] {logging_mixin.py:188} INFO - [2024-03-07T18:26:27.675+0000] {dagbag.py:540} INFO - Filling up the DagBag from /home/airflow/.local/lib/python3.11/site-packages/airflow/example_dags/example_sensor_decorator.py
[2024-03-07T18:26:27.687+0000] {processor.py:840} INFO - DAG(s) 'example_sensor_decorator' retrieved from /home/airflow/.local/lib/python3.11/site-packages/airflow/example_dags/example_sensor_decorator.py
[2024-03-07T18:26:27.735+0000] {logging_mixin.py:188} INFO - [2024-03-07T18:26:27.734+0000] {dag.py:3047} INFO - Sync 1 DAGs
[2024-03-07T18:26:27.765+0000] {logging_mixin.py:188} INFO - [2024-03-07T18:26:27.765+0000] {dag.py:3834} INFO - Setting next_dagrun for example_sensor_decorator to None, run_after=None
[2024-03-07T18:26:27.825+0000] {processor.py:183} INFO - Processing /home/airflow/.local/lib/python3.11/site-packages/airflow/example_dags/example_sensor_decorator.py took 0.163 seconds
[2024-03-07T18:27:00.523+0000] {processor.py:161} INFO - Started process (PID=1582) to work on /home/airflow/.local/lib/python3.11/site-packages/airflow/example_dags/example_sensor_decorator.py
[2024-03-07T18:27:00.526+0000] {processor.py:830} INFO - Processing file /home/airflow/.local/lib/python3.11/site-packages/airflow/example_dags/example_sensor_decorator.py for tasks to queue
[2024-03-07T18:27:00.530+0000] {logging_mixin.py:188} INFO - [2024-03-07T18:27:00.530+0000] {dagbag.py:540} INFO - Filling up the DagBag from /home/airflow/.local/lib/python3.11/site-packages/airflow/example_dags/example_sensor_decorator.py
[2024-03-07T18:27:00.541+0000] {processor.py:840} INFO - DAG(s) 'example_sensor_decorator' retrieved from /home/airflow/.local/lib/python3.11/site-packages/airflow/example_dags/example_sensor_decorator.py
[2024-03-07T18:27:00.583+0000] {logging_mixin.py:188} INFO - [2024-03-07T18:27:00.582+0000] {dag.py:3047} INFO - Sync 1 DAGs
[2024-03-07T18:27:00.612+0000] {logging_mixin.py:188} INFO - [2024-03-07T18:27:00.611+0000] {dag.py:3834} INFO - Setting next_dagrun for example_sensor_decorator to None, run_after=None
[2024-03-07T18:27:00.661+0000] {processor.py:183} INFO - Processing /home/airflow/.local/lib/python3.11/site-packages/airflow/example_dags/example_sensor_decorator.py took 0.144 seconds
[2024-03-07T18:27:32.852+0000] {processor.py:161} INFO - Started process (PID=1639) to work on /home/airflow/.local/lib/python3.11/site-packages/airflow/example_dags/example_sensor_decorator.py
[2024-03-07T18:27:32.854+0000] {processor.py:830} INFO - Processing file /home/airflow/.local/lib/python3.11/site-packages/airflow/example_dags/example_sensor_decorator.py for tasks to queue
[2024-03-07T18:27:32.859+0000] {logging_mixin.py:188} INFO - [2024-03-07T18:27:32.857+0000] {dagbag.py:540} INFO - Filling up the DagBag from /home/airflow/.local/lib/python3.11/site-packages/airflow/example_dags/example_sensor_decorator.py
[2024-03-07T18:27:32.874+0000] {processor.py:840} INFO - DAG(s) 'example_sensor_decorator' retrieved from /home/airflow/.local/lib/python3.11/site-packages/airflow/example_dags/example_sensor_decorator.py
[2024-03-07T18:27:32.921+0000] {logging_mixin.py:188} INFO - [2024-03-07T18:27:32.921+0000] {dag.py:3047} INFO - Sync 1 DAGs
[2024-03-07T18:27:32.958+0000] {logging_mixin.py:188} INFO - [2024-03-07T18:27:32.957+0000] {dag.py:3834} INFO - Setting next_dagrun for example_sensor_decorator to None, run_after=None
[2024-03-07T18:27:33.039+0000] {processor.py:183} INFO - Processing /home/airflow/.local/lib/python3.11/site-packages/airflow/example_dags/example_sensor_decorator.py took 0.191 seconds
[2024-03-07T18:28:05.071+0000] {processor.py:161} INFO - Started process (PID=1697) to work on /home/airflow/.local/lib/python3.11/site-packages/airflow/example_dags/example_sensor_decorator.py
[2024-03-07T18:28:05.076+0000] {processor.py:830} INFO - Processing file /home/airflow/.local/lib/python3.11/site-packages/airflow/example_dags/example_sensor_decorator.py for tasks to queue
[2024-03-07T18:28:05.090+0000] {logging_mixin.py:188} INFO - [2024-03-07T18:28:05.089+0000] {dagbag.py:540} INFO - Filling up the DagBag from /home/airflow/.local/lib/python3.11/site-packages/airflow/example_dags/example_sensor_decorator.py
[2024-03-07T18:28:05.103+0000] {processor.py:840} INFO - DAG(s) 'example_sensor_decorator' retrieved from /home/airflow/.local/lib/python3.11/site-packages/airflow/example_dags/example_sensor_decorator.py
[2024-03-07T18:28:05.148+0000] {logging_mixin.py:188} INFO - [2024-03-07T18:28:05.147+0000] {dag.py:3047} INFO - Sync 1 DAGs
[2024-03-07T18:28:05.197+0000] {logging_mixin.py:188} INFO - [2024-03-07T18:28:05.196+0000] {dag.py:3834} INFO - Setting next_dagrun for example_sensor_decorator to None, run_after=None
[2024-03-07T18:28:05.266+0000] {processor.py:183} INFO - Processing /home/airflow/.local/lib/python3.11/site-packages/airflow/example_dags/example_sensor_decorator.py took 0.201 seconds
[2024-03-07T18:28:38.238+0000] {processor.py:161} INFO - Started process (PID=1755) to work on /home/airflow/.local/lib/python3.11/site-packages/airflow/example_dags/example_sensor_decorator.py
[2024-03-07T18:28:38.241+0000] {processor.py:830} INFO - Processing file /home/airflow/.local/lib/python3.11/site-packages/airflow/example_dags/example_sensor_decorator.py for tasks to queue
[2024-03-07T18:28:38.246+0000] {logging_mixin.py:188} INFO - [2024-03-07T18:28:38.245+0000] {dagbag.py:540} INFO - Filling up the DagBag from /home/airflow/.local/lib/python3.11/site-packages/airflow/example_dags/example_sensor_decorator.py
[2024-03-07T18:28:38.260+0000] {processor.py:840} INFO - DAG(s) 'example_sensor_decorator' retrieved from /home/airflow/.local/lib/python3.11/site-packages/airflow/example_dags/example_sensor_decorator.py
[2024-03-07T18:28:38.312+0000] {logging_mixin.py:188} INFO - [2024-03-07T18:28:38.311+0000] {dag.py:3047} INFO - Sync 1 DAGs
[2024-03-07T18:28:38.346+0000] {logging_mixin.py:188} INFO - [2024-03-07T18:28:38.345+0000] {dag.py:3834} INFO - Setting next_dagrun for example_sensor_decorator to None, run_after=None
[2024-03-07T18:28:38.416+0000] {processor.py:183} INFO - Processing /home/airflow/.local/lib/python3.11/site-packages/airflow/example_dags/example_sensor_decorator.py took 0.183 seconds
[2024-03-07T18:29:09.167+0000] {processor.py:161} INFO - Started process (PID=1814) to work on /home/airflow/.local/lib/python3.11/site-packages/airflow/example_dags/example_sensor_decorator.py
[2024-03-07T18:29:09.169+0000] {processor.py:830} INFO - Processing file /home/airflow/.local/lib/python3.11/site-packages/airflow/example_dags/example_sensor_decorator.py for tasks to queue
[2024-03-07T18:29:09.175+0000] {logging_mixin.py:188} INFO - [2024-03-07T18:29:09.174+0000] {dagbag.py:540} INFO - Filling up the DagBag from /home/airflow/.local/lib/python3.11/site-packages/airflow/example_dags/example_sensor_decorator.py
[2024-03-07T18:29:09.185+0000] {processor.py:840} INFO - DAG(s) 'example_sensor_decorator' retrieved from /home/airflow/.local/lib/python3.11/site-packages/airflow/example_dags/example_sensor_decorator.py
[2024-03-07T18:29:09.231+0000] {logging_mixin.py:188} INFO - [2024-03-07T18:29:09.231+0000] {dag.py:3047} INFO - Sync 1 DAGs
[2024-03-07T18:29:09.257+0000] {logging_mixin.py:188} INFO - [2024-03-07T18:29:09.256+0000] {dag.py:3834} INFO - Setting next_dagrun for example_sensor_decorator to None, run_after=None
[2024-03-07T18:29:09.329+0000] {processor.py:183} INFO - Processing /home/airflow/.local/lib/python3.11/site-packages/airflow/example_dags/example_sensor_decorator.py took 0.166 seconds
