[2024-03-07T18:13:28.915+0000] {processor.py:161} INFO - Started process (PID=93) to work on /home/airflow/.local/lib/python3.11/site-packages/airflow/example_dags/example_bash_operator.py
[2024-03-07T18:13:28.921+0000] {processor.py:830} INFO - Processing file /home/airflow/.local/lib/python3.11/site-packages/airflow/example_dags/example_bash_operator.py for tasks to queue
[2024-03-07T18:13:28.931+0000] {logging_mixin.py:188} INFO - [2024-03-07T18:13:28.929+0000] {dagbag.py:540} INFO - Filling up the DagBag from /home/airflow/.local/lib/python3.11/site-packages/airflow/example_dags/example_bash_operator.py
[2024-03-07T18:13:29.035+0000] {processor.py:840} INFO - DAG(s) 'example_bash_operator' retrieved from /home/airflow/.local/lib/python3.11/site-packages/airflow/example_dags/example_bash_operator.py
[2024-03-07T18:13:29.189+0000] {logging_mixin.py:188} INFO - [2024-03-07T18:13:29.188+0000] {dag.py:3047} INFO - Sync 1 DAGs
[2024-03-07T18:13:29.340+0000] {logging_mixin.py:188} INFO - [2024-03-07T18:13:29.339+0000] {dag.py:3834} INFO - Setting next_dagrun for example_bash_operator to 2024-03-06 00:00:00+00:00, run_after=2024-03-07 00:00:00+00:00
[2024-03-07T18:13:29.518+0000] {processor.py:183} INFO - Processing /home/airflow/.local/lib/python3.11/site-packages/airflow/example_dags/example_bash_operator.py took 0.612 seconds
[2024-03-07T18:14:00.144+0000] {processor.py:161} INFO - Started process (PID=151) to work on /home/airflow/.local/lib/python3.11/site-packages/airflow/example_dags/example_bash_operator.py
[2024-03-07T18:14:00.148+0000] {processor.py:830} INFO - Processing file /home/airflow/.local/lib/python3.11/site-packages/airflow/example_dags/example_bash_operator.py for tasks to queue
[2024-03-07T18:14:00.157+0000] {logging_mixin.py:188} INFO - [2024-03-07T18:14:00.156+0000] {dagbag.py:540} INFO - Filling up the DagBag from /home/airflow/.local/lib/python3.11/site-packages/airflow/example_dags/example_bash_operator.py
[2024-03-07T18:14:00.207+0000] {processor.py:840} INFO - DAG(s) 'example_bash_operator' retrieved from /home/airflow/.local/lib/python3.11/site-packages/airflow/example_dags/example_bash_operator.py
[2024-03-07T18:14:00.325+0000] {logging_mixin.py:188} INFO - [2024-03-07T18:14:00.324+0000] {dag.py:3047} INFO - Sync 1 DAGs
[2024-03-07T18:14:00.448+0000] {logging_mixin.py:188} INFO - [2024-03-07T18:14:00.447+0000] {dag.py:3834} INFO - Setting next_dagrun for example_bash_operator to 2024-03-06 00:00:00+00:00, run_after=2024-03-07 00:00:00+00:00
[2024-03-07T18:14:00.635+0000] {processor.py:183} INFO - Processing /home/airflow/.local/lib/python3.11/site-packages/airflow/example_dags/example_bash_operator.py took 0.505 seconds
[2024-03-07T18:14:32.276+0000] {processor.py:161} INFO - Started process (PID=209) to work on /home/airflow/.local/lib/python3.11/site-packages/airflow/example_dags/example_bash_operator.py
[2024-03-07T18:14:32.291+0000] {processor.py:830} INFO - Processing file /home/airflow/.local/lib/python3.11/site-packages/airflow/example_dags/example_bash_operator.py for tasks to queue
[2024-03-07T18:14:32.323+0000] {logging_mixin.py:188} INFO - [2024-03-07T18:14:32.322+0000] {dagbag.py:540} INFO - Filling up the DagBag from /home/airflow/.local/lib/python3.11/site-packages/airflow/example_dags/example_bash_operator.py
[2024-03-07T18:14:32.425+0000] {processor.py:840} INFO - DAG(s) 'example_bash_operator' retrieved from /home/airflow/.local/lib/python3.11/site-packages/airflow/example_dags/example_bash_operator.py
[2024-03-07T18:14:32.688+0000] {logging_mixin.py:188} INFO - [2024-03-07T18:14:32.684+0000] {dag.py:3047} INFO - Sync 1 DAGs
[2024-03-07T18:14:32.878+0000] {logging_mixin.py:188} INFO - [2024-03-07T18:14:32.877+0000] {dag.py:3834} INFO - Setting next_dagrun for example_bash_operator to 2024-03-06 00:00:00+00:00, run_after=2024-03-07 00:00:00+00:00
[2024-03-07T18:14:33.105+0000] {processor.py:183} INFO - Processing /home/airflow/.local/lib/python3.11/site-packages/airflow/example_dags/example_bash_operator.py took 0.874 seconds
[2024-03-07T18:15:03.588+0000] {processor.py:161} INFO - Started process (PID=266) to work on /home/airflow/.local/lib/python3.11/site-packages/airflow/example_dags/example_bash_operator.py
[2024-03-07T18:15:03.602+0000] {processor.py:830} INFO - Processing file /home/airflow/.local/lib/python3.11/site-packages/airflow/example_dags/example_bash_operator.py for tasks to queue
[2024-03-07T18:15:03.609+0000] {logging_mixin.py:188} INFO - [2024-03-07T18:15:03.608+0000] {dagbag.py:540} INFO - Filling up the DagBag from /home/airflow/.local/lib/python3.11/site-packages/airflow/example_dags/example_bash_operator.py
[2024-03-07T18:15:03.665+0000] {processor.py:840} INFO - DAG(s) 'example_bash_operator' retrieved from /home/airflow/.local/lib/python3.11/site-packages/airflow/example_dags/example_bash_operator.py
[2024-03-07T18:15:03.718+0000] {logging_mixin.py:188} INFO - [2024-03-07T18:15:03.717+0000] {dag.py:3047} INFO - Sync 1 DAGs
[2024-03-07T18:15:03.822+0000] {logging_mixin.py:188} INFO - [2024-03-07T18:15:03.821+0000] {dag.py:3834} INFO - Setting next_dagrun for example_bash_operator to 2024-03-06 00:00:00+00:00, run_after=2024-03-07 00:00:00+00:00
[2024-03-07T18:15:03.953+0000] {processor.py:183} INFO - Processing /home/airflow/.local/lib/python3.11/site-packages/airflow/example_dags/example_bash_operator.py took 0.378 seconds
[2024-03-07T18:15:39.835+0000] {processor.py:161} INFO - Started process (PID=331) to work on /home/airflow/.local/lib/python3.11/site-packages/airflow/example_dags/example_bash_operator.py
[2024-03-07T18:15:39.840+0000] {processor.py:830} INFO - Processing file /home/airflow/.local/lib/python3.11/site-packages/airflow/example_dags/example_bash_operator.py for tasks to queue
[2024-03-07T18:15:39.849+0000] {logging_mixin.py:188} INFO - [2024-03-07T18:15:39.847+0000] {dagbag.py:540} INFO - Filling up the DagBag from /home/airflow/.local/lib/python3.11/site-packages/airflow/example_dags/example_bash_operator.py
[2024-03-07T18:15:39.912+0000] {processor.py:840} INFO - DAG(s) 'example_bash_operator' retrieved from /home/airflow/.local/lib/python3.11/site-packages/airflow/example_dags/example_bash_operator.py
[2024-03-07T18:15:40.536+0000] {logging_mixin.py:188} INFO - [2024-03-07T18:15:40.535+0000] {dag.py:3047} INFO - Sync 1 DAGs
[2024-03-07T18:15:40.648+0000] {logging_mixin.py:188} INFO - [2024-03-07T18:15:40.647+0000] {dag.py:3834} INFO - Setting next_dagrun for example_bash_operator to 2024-03-06 00:00:00+00:00, run_after=2024-03-07 00:00:00+00:00
[2024-03-07T18:15:40.803+0000] {processor.py:183} INFO - Processing /home/airflow/.local/lib/python3.11/site-packages/airflow/example_dags/example_bash_operator.py took 0.982 seconds
[2024-03-07T18:16:11.559+0000] {processor.py:161} INFO - Started process (PID=389) to work on /home/airflow/.local/lib/python3.11/site-packages/airflow/example_dags/example_bash_operator.py
[2024-03-07T18:16:11.562+0000] {processor.py:830} INFO - Processing file /home/airflow/.local/lib/python3.11/site-packages/airflow/example_dags/example_bash_operator.py for tasks to queue
[2024-03-07T18:16:11.566+0000] {logging_mixin.py:188} INFO - [2024-03-07T18:16:11.565+0000] {dagbag.py:540} INFO - Filling up the DagBag from /home/airflow/.local/lib/python3.11/site-packages/airflow/example_dags/example_bash_operator.py
[2024-03-07T18:16:11.594+0000] {processor.py:840} INFO - DAG(s) 'example_bash_operator' retrieved from /home/airflow/.local/lib/python3.11/site-packages/airflow/example_dags/example_bash_operator.py
[2024-03-07T18:16:11.729+0000] {logging_mixin.py:188} INFO - [2024-03-07T18:16:11.728+0000] {dag.py:3047} INFO - Sync 1 DAGs
[2024-03-07T18:16:11.821+0000] {logging_mixin.py:188} INFO - [2024-03-07T18:16:11.820+0000] {dag.py:3834} INFO - Setting next_dagrun for example_bash_operator to 2024-03-06 00:00:00+00:00, run_after=2024-03-07 00:00:00+00:00
[2024-03-07T18:16:11.901+0000] {processor.py:183} INFO - Processing /home/airflow/.local/lib/python3.11/site-packages/airflow/example_dags/example_bash_operator.py took 0.348 seconds
[2024-03-07T18:16:42.456+0000] {processor.py:161} INFO - Started process (PID=447) to work on /home/airflow/.local/lib/python3.11/site-packages/airflow/example_dags/example_bash_operator.py
[2024-03-07T18:16:42.458+0000] {processor.py:830} INFO - Processing file /home/airflow/.local/lib/python3.11/site-packages/airflow/example_dags/example_bash_operator.py for tasks to queue
[2024-03-07T18:16:42.463+0000] {logging_mixin.py:188} INFO - [2024-03-07T18:16:42.462+0000] {dagbag.py:540} INFO - Filling up the DagBag from /home/airflow/.local/lib/python3.11/site-packages/airflow/example_dags/example_bash_operator.py
[2024-03-07T18:16:42.497+0000] {processor.py:840} INFO - DAG(s) 'example_bash_operator' retrieved from /home/airflow/.local/lib/python3.11/site-packages/airflow/example_dags/example_bash_operator.py
[2024-03-07T18:16:42.584+0000] {logging_mixin.py:188} INFO - [2024-03-07T18:16:42.583+0000] {dag.py:3047} INFO - Sync 1 DAGs
[2024-03-07T18:16:42.652+0000] {logging_mixin.py:188} INFO - [2024-03-07T18:16:42.651+0000] {dag.py:3834} INFO - Setting next_dagrun for example_bash_operator to 2024-03-06 00:00:00+00:00, run_after=2024-03-07 00:00:00+00:00
[2024-03-07T18:16:42.711+0000] {processor.py:183} INFO - Processing /home/airflow/.local/lib/python3.11/site-packages/airflow/example_dags/example_bash_operator.py took 0.260 seconds
[2024-03-07T18:17:12.946+0000] {processor.py:161} INFO - Started process (PID=504) to work on /home/airflow/.local/lib/python3.11/site-packages/airflow/example_dags/example_bash_operator.py
[2024-03-07T18:17:12.949+0000] {processor.py:830} INFO - Processing file /home/airflow/.local/lib/python3.11/site-packages/airflow/example_dags/example_bash_operator.py for tasks to queue
[2024-03-07T18:17:12.954+0000] {logging_mixin.py:188} INFO - [2024-03-07T18:17:12.953+0000] {dagbag.py:540} INFO - Filling up the DagBag from /home/airflow/.local/lib/python3.11/site-packages/airflow/example_dags/example_bash_operator.py
[2024-03-07T18:17:12.985+0000] {processor.py:840} INFO - DAG(s) 'example_bash_operator' retrieved from /home/airflow/.local/lib/python3.11/site-packages/airflow/example_dags/example_bash_operator.py
[2024-03-07T18:17:13.056+0000] {logging_mixin.py:188} INFO - [2024-03-07T18:17:13.055+0000] {dag.py:3047} INFO - Sync 1 DAGs
[2024-03-07T18:17:13.117+0000] {logging_mixin.py:188} INFO - [2024-03-07T18:17:13.116+0000] {dag.py:3834} INFO - Setting next_dagrun for example_bash_operator to 2024-03-06 00:00:00+00:00, run_after=2024-03-07 00:00:00+00:00
[2024-03-07T18:17:13.180+0000] {processor.py:183} INFO - Processing /home/airflow/.local/lib/python3.11/site-packages/airflow/example_dags/example_bash_operator.py took 0.241 seconds
[2024-03-07T18:17:43.778+0000] {processor.py:161} INFO - Started process (PID=562) to work on /home/airflow/.local/lib/python3.11/site-packages/airflow/example_dags/example_bash_operator.py
[2024-03-07T18:17:43.780+0000] {processor.py:830} INFO - Processing file /home/airflow/.local/lib/python3.11/site-packages/airflow/example_dags/example_bash_operator.py for tasks to queue
[2024-03-07T18:17:43.785+0000] {logging_mixin.py:188} INFO - [2024-03-07T18:17:43.784+0000] {dagbag.py:540} INFO - Filling up the DagBag from /home/airflow/.local/lib/python3.11/site-packages/airflow/example_dags/example_bash_operator.py
[2024-03-07T18:17:43.812+0000] {processor.py:840} INFO - DAG(s) 'example_bash_operator' retrieved from /home/airflow/.local/lib/python3.11/site-packages/airflow/example_dags/example_bash_operator.py
[2024-03-07T18:17:43.891+0000] {logging_mixin.py:188} INFO - [2024-03-07T18:17:43.891+0000] {dag.py:3047} INFO - Sync 1 DAGs
[2024-03-07T18:17:43.961+0000] {logging_mixin.py:188} INFO - [2024-03-07T18:17:43.961+0000] {dag.py:3834} INFO - Setting next_dagrun for example_bash_operator to 2024-03-06 00:00:00+00:00, run_after=2024-03-07 00:00:00+00:00
[2024-03-07T18:17:44.033+0000] {processor.py:183} INFO - Processing /home/airflow/.local/lib/python3.11/site-packages/airflow/example_dags/example_bash_operator.py took 0.263 seconds
[2024-03-07T18:18:14.561+0000] {processor.py:161} INFO - Started process (PID=620) to work on /home/airflow/.local/lib/python3.11/site-packages/airflow/example_dags/example_bash_operator.py
[2024-03-07T18:18:14.564+0000] {processor.py:830} INFO - Processing file /home/airflow/.local/lib/python3.11/site-packages/airflow/example_dags/example_bash_operator.py for tasks to queue
[2024-03-07T18:18:14.570+0000] {logging_mixin.py:188} INFO - [2024-03-07T18:18:14.569+0000] {dagbag.py:540} INFO - Filling up the DagBag from /home/airflow/.local/lib/python3.11/site-packages/airflow/example_dags/example_bash_operator.py
[2024-03-07T18:18:14.613+0000] {processor.py:840} INFO - DAG(s) 'example_bash_operator' retrieved from /home/airflow/.local/lib/python3.11/site-packages/airflow/example_dags/example_bash_operator.py
[2024-03-07T18:18:14.682+0000] {logging_mixin.py:188} INFO - [2024-03-07T18:18:14.680+0000] {dag.py:3047} INFO - Sync 1 DAGs
[2024-03-07T18:18:14.742+0000] {logging_mixin.py:188} INFO - [2024-03-07T18:18:14.742+0000] {dag.py:3834} INFO - Setting next_dagrun for example_bash_operator to 2024-03-06 00:00:00+00:00, run_after=2024-03-07 00:00:00+00:00
[2024-03-07T18:18:14.807+0000] {processor.py:183} INFO - Processing /home/airflow/.local/lib/python3.11/site-packages/airflow/example_dags/example_bash_operator.py took 0.254 seconds
[2024-03-07T18:18:45.517+0000] {processor.py:161} INFO - Started process (PID=678) to work on /home/airflow/.local/lib/python3.11/site-packages/airflow/example_dags/example_bash_operator.py
[2024-03-07T18:18:45.520+0000] {processor.py:830} INFO - Processing file /home/airflow/.local/lib/python3.11/site-packages/airflow/example_dags/example_bash_operator.py for tasks to queue
[2024-03-07T18:18:45.525+0000] {logging_mixin.py:188} INFO - [2024-03-07T18:18:45.524+0000] {dagbag.py:540} INFO - Filling up the DagBag from /home/airflow/.local/lib/python3.11/site-packages/airflow/example_dags/example_bash_operator.py
[2024-03-07T18:18:45.550+0000] {processor.py:840} INFO - DAG(s) 'example_bash_operator' retrieved from /home/airflow/.local/lib/python3.11/site-packages/airflow/example_dags/example_bash_operator.py
[2024-03-07T18:18:45.623+0000] {logging_mixin.py:188} INFO - [2024-03-07T18:18:45.622+0000] {dag.py:3047} INFO - Sync 1 DAGs
[2024-03-07T18:18:45.674+0000] {logging_mixin.py:188} INFO - [2024-03-07T18:18:45.673+0000] {dag.py:3834} INFO - Setting next_dagrun for example_bash_operator to 2024-03-06 00:00:00+00:00, run_after=2024-03-07 00:00:00+00:00
[2024-03-07T18:18:45.735+0000] {processor.py:183} INFO - Processing /home/airflow/.local/lib/python3.11/site-packages/airflow/example_dags/example_bash_operator.py took 0.227 seconds
[2024-03-07T18:19:16.021+0000] {processor.py:161} INFO - Started process (PID=737) to work on /home/airflow/.local/lib/python3.11/site-packages/airflow/example_dags/example_bash_operator.py
[2024-03-07T18:19:16.024+0000] {processor.py:830} INFO - Processing file /home/airflow/.local/lib/python3.11/site-packages/airflow/example_dags/example_bash_operator.py for tasks to queue
[2024-03-07T18:19:16.029+0000] {logging_mixin.py:188} INFO - [2024-03-07T18:19:16.028+0000] {dagbag.py:540} INFO - Filling up the DagBag from /home/airflow/.local/lib/python3.11/site-packages/airflow/example_dags/example_bash_operator.py
[2024-03-07T18:19:16.050+0000] {processor.py:840} INFO - DAG(s) 'example_bash_operator' retrieved from /home/airflow/.local/lib/python3.11/site-packages/airflow/example_dags/example_bash_operator.py
[2024-03-07T18:19:16.111+0000] {logging_mixin.py:188} INFO - [2024-03-07T18:19:16.110+0000] {dag.py:3047} INFO - Sync 1 DAGs
[2024-03-07T18:19:16.173+0000] {logging_mixin.py:188} INFO - [2024-03-07T18:19:16.172+0000] {dag.py:3834} INFO - Setting next_dagrun for example_bash_operator to 2024-03-06 00:00:00+00:00, run_after=2024-03-07 00:00:00+00:00
[2024-03-07T18:19:16.236+0000] {processor.py:183} INFO - Processing /home/airflow/.local/lib/python3.11/site-packages/airflow/example_dags/example_bash_operator.py took 0.222 seconds
[2024-03-07T18:19:46.387+0000] {processor.py:161} INFO - Started process (PID=795) to work on /home/airflow/.local/lib/python3.11/site-packages/airflow/example_dags/example_bash_operator.py
[2024-03-07T18:19:46.389+0000] {processor.py:830} INFO - Processing file /home/airflow/.local/lib/python3.11/site-packages/airflow/example_dags/example_bash_operator.py for tasks to queue
[2024-03-07T18:19:46.393+0000] {logging_mixin.py:188} INFO - [2024-03-07T18:19:46.393+0000] {dagbag.py:540} INFO - Filling up the DagBag from /home/airflow/.local/lib/python3.11/site-packages/airflow/example_dags/example_bash_operator.py
[2024-03-07T18:19:46.419+0000] {processor.py:840} INFO - DAG(s) 'example_bash_operator' retrieved from /home/airflow/.local/lib/python3.11/site-packages/airflow/example_dags/example_bash_operator.py
[2024-03-07T18:19:46.483+0000] {logging_mixin.py:188} INFO - [2024-03-07T18:19:46.483+0000] {dag.py:3047} INFO - Sync 1 DAGs
[2024-03-07T18:19:46.539+0000] {logging_mixin.py:188} INFO - [2024-03-07T18:19:46.539+0000] {dag.py:3834} INFO - Setting next_dagrun for example_bash_operator to 2024-03-06 00:00:00+00:00, run_after=2024-03-07 00:00:00+00:00
[2024-03-07T18:19:46.607+0000] {processor.py:183} INFO - Processing /home/airflow/.local/lib/python3.11/site-packages/airflow/example_dags/example_bash_operator.py took 0.224 seconds
[2024-03-07T18:20:17.236+0000] {processor.py:161} INFO - Started process (PID=852) to work on /home/airflow/.local/lib/python3.11/site-packages/airflow/example_dags/example_bash_operator.py
[2024-03-07T18:20:17.239+0000] {processor.py:830} INFO - Processing file /home/airflow/.local/lib/python3.11/site-packages/airflow/example_dags/example_bash_operator.py for tasks to queue
[2024-03-07T18:20:17.243+0000] {logging_mixin.py:188} INFO - [2024-03-07T18:20:17.242+0000] {dagbag.py:540} INFO - Filling up the DagBag from /home/airflow/.local/lib/python3.11/site-packages/airflow/example_dags/example_bash_operator.py
[2024-03-07T18:20:17.266+0000] {processor.py:840} INFO - DAG(s) 'example_bash_operator' retrieved from /home/airflow/.local/lib/python3.11/site-packages/airflow/example_dags/example_bash_operator.py
[2024-03-07T18:20:17.331+0000] {logging_mixin.py:188} INFO - [2024-03-07T18:20:17.330+0000] {dag.py:3047} INFO - Sync 1 DAGs
[2024-03-07T18:20:17.437+0000] {logging_mixin.py:188} INFO - [2024-03-07T18:20:17.436+0000] {dag.py:3834} INFO - Setting next_dagrun for example_bash_operator to 2024-03-06 00:00:00+00:00, run_after=2024-03-07 00:00:00+00:00
[2024-03-07T18:20:17.512+0000] {processor.py:183} INFO - Processing /home/airflow/.local/lib/python3.11/site-packages/airflow/example_dags/example_bash_operator.py took 0.281 seconds
[2024-03-07T18:20:47.648+0000] {processor.py:161} INFO - Started process (PID=910) to work on /home/airflow/.local/lib/python3.11/site-packages/airflow/example_dags/example_bash_operator.py
[2024-03-07T18:20:47.650+0000] {processor.py:830} INFO - Processing file /home/airflow/.local/lib/python3.11/site-packages/airflow/example_dags/example_bash_operator.py for tasks to queue
[2024-03-07T18:20:47.656+0000] {logging_mixin.py:188} INFO - [2024-03-07T18:20:47.655+0000] {dagbag.py:540} INFO - Filling up the DagBag from /home/airflow/.local/lib/python3.11/site-packages/airflow/example_dags/example_bash_operator.py
[2024-03-07T18:20:47.678+0000] {processor.py:840} INFO - DAG(s) 'example_bash_operator' retrieved from /home/airflow/.local/lib/python3.11/site-packages/airflow/example_dags/example_bash_operator.py
[2024-03-07T18:20:47.735+0000] {logging_mixin.py:188} INFO - [2024-03-07T18:20:47.734+0000] {dag.py:3047} INFO - Sync 1 DAGs
[2024-03-07T18:20:47.811+0000] {logging_mixin.py:188} INFO - [2024-03-07T18:20:47.811+0000] {dag.py:3834} INFO - Setting next_dagrun for example_bash_operator to 2024-03-06 00:00:00+00:00, run_after=2024-03-07 00:00:00+00:00
[2024-03-07T18:20:47.997+0000] {processor.py:183} INFO - Processing /home/airflow/.local/lib/python3.11/site-packages/airflow/example_dags/example_bash_operator.py took 0.355 seconds
[2024-03-07T18:21:18.584+0000] {processor.py:161} INFO - Started process (PID=967) to work on /home/airflow/.local/lib/python3.11/site-packages/airflow/example_dags/example_bash_operator.py
[2024-03-07T18:21:18.586+0000] {processor.py:830} INFO - Processing file /home/airflow/.local/lib/python3.11/site-packages/airflow/example_dags/example_bash_operator.py for tasks to queue
[2024-03-07T18:21:18.592+0000] {logging_mixin.py:188} INFO - [2024-03-07T18:21:18.591+0000] {dagbag.py:540} INFO - Filling up the DagBag from /home/airflow/.local/lib/python3.11/site-packages/airflow/example_dags/example_bash_operator.py
[2024-03-07T18:21:18.615+0000] {processor.py:840} INFO - DAG(s) 'example_bash_operator' retrieved from /home/airflow/.local/lib/python3.11/site-packages/airflow/example_dags/example_bash_operator.py
[2024-03-07T18:21:18.694+0000] {logging_mixin.py:188} INFO - [2024-03-07T18:21:18.693+0000] {dag.py:3047} INFO - Sync 1 DAGs
[2024-03-07T18:21:18.755+0000] {logging_mixin.py:188} INFO - [2024-03-07T18:21:18.754+0000] {dag.py:3834} INFO - Setting next_dagrun for example_bash_operator to 2024-03-06 00:00:00+00:00, run_after=2024-03-07 00:00:00+00:00
[2024-03-07T18:21:18.818+0000] {processor.py:183} INFO - Processing /home/airflow/.local/lib/python3.11/site-packages/airflow/example_dags/example_bash_operator.py took 0.239 seconds
[2024-03-07T18:21:49.539+0000] {processor.py:161} INFO - Started process (PID=1025) to work on /home/airflow/.local/lib/python3.11/site-packages/airflow/example_dags/example_bash_operator.py
[2024-03-07T18:21:49.542+0000] {processor.py:830} INFO - Processing file /home/airflow/.local/lib/python3.11/site-packages/airflow/example_dags/example_bash_operator.py for tasks to queue
[2024-03-07T18:21:49.548+0000] {logging_mixin.py:188} INFO - [2024-03-07T18:21:49.547+0000] {dagbag.py:540} INFO - Filling up the DagBag from /home/airflow/.local/lib/python3.11/site-packages/airflow/example_dags/example_bash_operator.py
[2024-03-07T18:21:49.575+0000] {processor.py:840} INFO - DAG(s) 'example_bash_operator' retrieved from /home/airflow/.local/lib/python3.11/site-packages/airflow/example_dags/example_bash_operator.py
[2024-03-07T18:21:49.655+0000] {logging_mixin.py:188} INFO - [2024-03-07T18:21:49.654+0000] {dag.py:3047} INFO - Sync 1 DAGs
[2024-03-07T18:21:49.727+0000] {logging_mixin.py:188} INFO - [2024-03-07T18:21:49.727+0000] {dag.py:3834} INFO - Setting next_dagrun for example_bash_operator to 2024-03-06 00:00:00+00:00, run_after=2024-03-07 00:00:00+00:00
[2024-03-07T18:21:49.782+0000] {processor.py:183} INFO - Processing /home/airflow/.local/lib/python3.11/site-packages/airflow/example_dags/example_bash_operator.py took 0.251 seconds
[2024-03-07T18:22:20.478+0000] {processor.py:161} INFO - Started process (PID=1083) to work on /home/airflow/.local/lib/python3.11/site-packages/airflow/example_dags/example_bash_operator.py
[2024-03-07T18:22:20.480+0000] {processor.py:830} INFO - Processing file /home/airflow/.local/lib/python3.11/site-packages/airflow/example_dags/example_bash_operator.py for tasks to queue
[2024-03-07T18:22:20.484+0000] {logging_mixin.py:188} INFO - [2024-03-07T18:22:20.483+0000] {dagbag.py:540} INFO - Filling up the DagBag from /home/airflow/.local/lib/python3.11/site-packages/airflow/example_dags/example_bash_operator.py
[2024-03-07T18:22:20.504+0000] {processor.py:840} INFO - DAG(s) 'example_bash_operator' retrieved from /home/airflow/.local/lib/python3.11/site-packages/airflow/example_dags/example_bash_operator.py
[2024-03-07T18:22:20.593+0000] {logging_mixin.py:188} INFO - [2024-03-07T18:22:20.593+0000] {dag.py:3047} INFO - Sync 1 DAGs
[2024-03-07T18:22:20.645+0000] {logging_mixin.py:188} INFO - [2024-03-07T18:22:20.644+0000] {dag.py:3834} INFO - Setting next_dagrun for example_bash_operator to 2024-03-06 00:00:00+00:00, run_after=2024-03-07 00:00:00+00:00
[2024-03-07T18:22:20.698+0000] {processor.py:183} INFO - Processing /home/airflow/.local/lib/python3.11/site-packages/airflow/example_dags/example_bash_operator.py took 0.226 seconds
[2024-03-07T18:22:51.245+0000] {processor.py:161} INFO - Started process (PID=1142) to work on /home/airflow/.local/lib/python3.11/site-packages/airflow/example_dags/example_bash_operator.py
[2024-03-07T18:22:51.248+0000] {processor.py:830} INFO - Processing file /home/airflow/.local/lib/python3.11/site-packages/airflow/example_dags/example_bash_operator.py for tasks to queue
[2024-03-07T18:22:51.252+0000] {logging_mixin.py:188} INFO - [2024-03-07T18:22:51.252+0000] {dagbag.py:540} INFO - Filling up the DagBag from /home/airflow/.local/lib/python3.11/site-packages/airflow/example_dags/example_bash_operator.py
[2024-03-07T18:22:51.281+0000] {processor.py:840} INFO - DAG(s) 'example_bash_operator' retrieved from /home/airflow/.local/lib/python3.11/site-packages/airflow/example_dags/example_bash_operator.py
[2024-03-07T18:22:51.347+0000] {logging_mixin.py:188} INFO - [2024-03-07T18:22:51.347+0000] {dag.py:3047} INFO - Sync 1 DAGs
[2024-03-07T18:22:51.403+0000] {logging_mixin.py:188} INFO - [2024-03-07T18:22:51.403+0000] {dag.py:3834} INFO - Setting next_dagrun for example_bash_operator to 2024-03-06 00:00:00+00:00, run_after=2024-03-07 00:00:00+00:00
[2024-03-07T18:22:51.467+0000] {processor.py:183} INFO - Processing /home/airflow/.local/lib/python3.11/site-packages/airflow/example_dags/example_bash_operator.py took 0.229 seconds
[2024-03-07T18:23:21.910+0000] {processor.py:161} INFO - Started process (PID=1200) to work on /home/airflow/.local/lib/python3.11/site-packages/airflow/example_dags/example_bash_operator.py
[2024-03-07T18:23:21.912+0000] {processor.py:830} INFO - Processing file /home/airflow/.local/lib/python3.11/site-packages/airflow/example_dags/example_bash_operator.py for tasks to queue
[2024-03-07T18:23:21.917+0000] {logging_mixin.py:188} INFO - [2024-03-07T18:23:21.916+0000] {dagbag.py:540} INFO - Filling up the DagBag from /home/airflow/.local/lib/python3.11/site-packages/airflow/example_dags/example_bash_operator.py
[2024-03-07T18:23:21.939+0000] {processor.py:840} INFO - DAG(s) 'example_bash_operator' retrieved from /home/airflow/.local/lib/python3.11/site-packages/airflow/example_dags/example_bash_operator.py
[2024-03-07T18:23:22.003+0000] {logging_mixin.py:188} INFO - [2024-03-07T18:23:22.002+0000] {dag.py:3047} INFO - Sync 1 DAGs
[2024-03-07T18:23:22.072+0000] {logging_mixin.py:188} INFO - [2024-03-07T18:23:22.071+0000] {dag.py:3834} INFO - Setting next_dagrun for example_bash_operator to 2024-03-06 00:00:00+00:00, run_after=2024-03-07 00:00:00+00:00
[2024-03-07T18:23:22.135+0000] {processor.py:183} INFO - Processing /home/airflow/.local/lib/python3.11/site-packages/airflow/example_dags/example_bash_operator.py took 0.232 seconds
[2024-03-07T18:23:53.021+0000] {processor.py:161} INFO - Started process (PID=1259) to work on /home/airflow/.local/lib/python3.11/site-packages/airflow/example_dags/example_bash_operator.py
[2024-03-07T18:23:53.024+0000] {processor.py:830} INFO - Processing file /home/airflow/.local/lib/python3.11/site-packages/airflow/example_dags/example_bash_operator.py for tasks to queue
[2024-03-07T18:23:53.029+0000] {logging_mixin.py:188} INFO - [2024-03-07T18:23:53.028+0000] {dagbag.py:540} INFO - Filling up the DagBag from /home/airflow/.local/lib/python3.11/site-packages/airflow/example_dags/example_bash_operator.py
[2024-03-07T18:23:53.054+0000] {processor.py:840} INFO - DAG(s) 'example_bash_operator' retrieved from /home/airflow/.local/lib/python3.11/site-packages/airflow/example_dags/example_bash_operator.py
[2024-03-07T18:23:53.137+0000] {logging_mixin.py:188} INFO - [2024-03-07T18:23:53.136+0000] {dag.py:3047} INFO - Sync 1 DAGs
[2024-03-07T18:23:53.190+0000] {logging_mixin.py:188} INFO - [2024-03-07T18:23:53.190+0000] {dag.py:3834} INFO - Setting next_dagrun for example_bash_operator to 2024-03-06 00:00:00+00:00, run_after=2024-03-07 00:00:00+00:00
[2024-03-07T18:23:53.267+0000] {processor.py:183} INFO - Processing /home/airflow/.local/lib/python3.11/site-packages/airflow/example_dags/example_bash_operator.py took 0.251 seconds
[2024-03-07T18:24:25.657+0000] {processor.py:161} INFO - Started process (PID=1317) to work on /home/airflow/.local/lib/python3.11/site-packages/airflow/example_dags/example_bash_operator.py
[2024-03-07T18:24:25.660+0000] {processor.py:830} INFO - Processing file /home/airflow/.local/lib/python3.11/site-packages/airflow/example_dags/example_bash_operator.py for tasks to queue
[2024-03-07T18:24:25.664+0000] {logging_mixin.py:188} INFO - [2024-03-07T18:24:25.664+0000] {dagbag.py:540} INFO - Filling up the DagBag from /home/airflow/.local/lib/python3.11/site-packages/airflow/example_dags/example_bash_operator.py
[2024-03-07T18:24:25.701+0000] {processor.py:840} INFO - DAG(s) 'example_bash_operator' retrieved from /home/airflow/.local/lib/python3.11/site-packages/airflow/example_dags/example_bash_operator.py
[2024-03-07T18:24:25.785+0000] {logging_mixin.py:188} INFO - [2024-03-07T18:24:25.785+0000] {dag.py:3047} INFO - Sync 1 DAGs
[2024-03-07T18:24:25.926+0000] {logging_mixin.py:188} INFO - [2024-03-07T18:24:25.925+0000] {dag.py:3834} INFO - Setting next_dagrun for example_bash_operator to 2024-03-06 00:00:00+00:00, run_after=2024-03-07 00:00:00+00:00
[2024-03-07T18:24:25.999+0000] {processor.py:183} INFO - Processing /home/airflow/.local/lib/python3.11/site-packages/airflow/example_dags/example_bash_operator.py took 0.347 seconds
[2024-03-07T18:24:56.599+0000] {processor.py:161} INFO - Started process (PID=1375) to work on /home/airflow/.local/lib/python3.11/site-packages/airflow/example_dags/example_bash_operator.py
[2024-03-07T18:24:56.601+0000] {processor.py:830} INFO - Processing file /home/airflow/.local/lib/python3.11/site-packages/airflow/example_dags/example_bash_operator.py for tasks to queue
[2024-03-07T18:24:56.606+0000] {logging_mixin.py:188} INFO - [2024-03-07T18:24:56.605+0000] {dagbag.py:540} INFO - Filling up the DagBag from /home/airflow/.local/lib/python3.11/site-packages/airflow/example_dags/example_bash_operator.py
[2024-03-07T18:24:56.632+0000] {processor.py:840} INFO - DAG(s) 'example_bash_operator' retrieved from /home/airflow/.local/lib/python3.11/site-packages/airflow/example_dags/example_bash_operator.py
[2024-03-07T18:24:56.739+0000] {logging_mixin.py:188} INFO - [2024-03-07T18:24:56.737+0000] {dag.py:3047} INFO - Sync 1 DAGs
[2024-03-07T18:24:56.917+0000] {logging_mixin.py:188} INFO - [2024-03-07T18:24:56.916+0000] {dag.py:3834} INFO - Setting next_dagrun for example_bash_operator to 2024-03-06 00:00:00+00:00, run_after=2024-03-07 00:00:00+00:00
[2024-03-07T18:24:57.139+0000] {processor.py:183} INFO - Processing /home/airflow/.local/lib/python3.11/site-packages/airflow/example_dags/example_bash_operator.py took 0.544 seconds
[2024-03-07T18:25:29.202+0000] {processor.py:161} INFO - Started process (PID=1435) to work on /home/airflow/.local/lib/python3.11/site-packages/airflow/example_dags/example_bash_operator.py
[2024-03-07T18:25:29.218+0000] {processor.py:830} INFO - Processing file /home/airflow/.local/lib/python3.11/site-packages/airflow/example_dags/example_bash_operator.py for tasks to queue
[2024-03-07T18:25:29.269+0000] {logging_mixin.py:188} INFO - [2024-03-07T18:25:29.254+0000] {dagbag.py:540} INFO - Filling up the DagBag from /home/airflow/.local/lib/python3.11/site-packages/airflow/example_dags/example_bash_operator.py
[2024-03-07T18:25:29.411+0000] {processor.py:840} INFO - DAG(s) 'example_bash_operator' retrieved from /home/airflow/.local/lib/python3.11/site-packages/airflow/example_dags/example_bash_operator.py
[2024-03-07T18:25:29.555+0000] {logging_mixin.py:188} INFO - [2024-03-07T18:25:29.554+0000] {dag.py:3047} INFO - Sync 1 DAGs
[2024-03-07T18:25:29.620+0000] {logging_mixin.py:188} INFO - [2024-03-07T18:25:29.620+0000] {dag.py:3834} INFO - Setting next_dagrun for example_bash_operator to 2024-03-06 00:00:00+00:00, run_after=2024-03-07 00:00:00+00:00
[2024-03-07T18:25:29.677+0000] {processor.py:183} INFO - Processing /home/airflow/.local/lib/python3.11/site-packages/airflow/example_dags/example_bash_operator.py took 0.493 seconds
[2024-03-07T18:26:00.431+0000] {processor.py:161} INFO - Started process (PID=1492) to work on /home/airflow/.local/lib/python3.11/site-packages/airflow/example_dags/example_bash_operator.py
[2024-03-07T18:26:00.434+0000] {processor.py:830} INFO - Processing file /home/airflow/.local/lib/python3.11/site-packages/airflow/example_dags/example_bash_operator.py for tasks to queue
[2024-03-07T18:26:00.438+0000] {logging_mixin.py:188} INFO - [2024-03-07T18:26:00.437+0000] {dagbag.py:540} INFO - Filling up the DagBag from /home/airflow/.local/lib/python3.11/site-packages/airflow/example_dags/example_bash_operator.py
[2024-03-07T18:26:00.460+0000] {processor.py:840} INFO - DAG(s) 'example_bash_operator' retrieved from /home/airflow/.local/lib/python3.11/site-packages/airflow/example_dags/example_bash_operator.py
[2024-03-07T18:26:00.520+0000] {logging_mixin.py:188} INFO - [2024-03-07T18:26:00.519+0000] {dag.py:3047} INFO - Sync 1 DAGs
[2024-03-07T18:26:00.575+0000] {logging_mixin.py:188} INFO - [2024-03-07T18:26:00.574+0000] {dag.py:3834} INFO - Setting next_dagrun for example_bash_operator to 2024-03-06 00:00:00+00:00, run_after=2024-03-07 00:00:00+00:00
[2024-03-07T18:26:00.632+0000] {processor.py:183} INFO - Processing /home/airflow/.local/lib/python3.11/site-packages/airflow/example_dags/example_bash_operator.py took 0.207 seconds
[2024-03-07T18:26:32.054+0000] {processor.py:161} INFO - Started process (PID=1549) to work on /home/airflow/.local/lib/python3.11/site-packages/airflow/example_dags/example_bash_operator.py
[2024-03-07T18:26:32.057+0000] {processor.py:830} INFO - Processing file /home/airflow/.local/lib/python3.11/site-packages/airflow/example_dags/example_bash_operator.py for tasks to queue
[2024-03-07T18:26:32.061+0000] {logging_mixin.py:188} INFO - [2024-03-07T18:26:32.060+0000] {dagbag.py:540} INFO - Filling up the DagBag from /home/airflow/.local/lib/python3.11/site-packages/airflow/example_dags/example_bash_operator.py
[2024-03-07T18:26:32.090+0000] {processor.py:840} INFO - DAG(s) 'example_bash_operator' retrieved from /home/airflow/.local/lib/python3.11/site-packages/airflow/example_dags/example_bash_operator.py
[2024-03-07T18:26:32.149+0000] {logging_mixin.py:188} INFO - [2024-03-07T18:26:32.148+0000] {dag.py:3047} INFO - Sync 1 DAGs
[2024-03-07T18:26:32.198+0000] {logging_mixin.py:188} INFO - [2024-03-07T18:26:32.197+0000] {dag.py:3834} INFO - Setting next_dagrun for example_bash_operator to 2024-03-06 00:00:00+00:00, run_after=2024-03-07 00:00:00+00:00
[2024-03-07T18:26:32.247+0000] {processor.py:183} INFO - Processing /home/airflow/.local/lib/python3.11/site-packages/airflow/example_dags/example_bash_operator.py took 0.197 seconds
[2024-03-07T18:27:04.201+0000] {processor.py:161} INFO - Started process (PID=1607) to work on /home/airflow/.local/lib/python3.11/site-packages/airflow/example_dags/example_bash_operator.py
[2024-03-07T18:27:04.203+0000] {processor.py:830} INFO - Processing file /home/airflow/.local/lib/python3.11/site-packages/airflow/example_dags/example_bash_operator.py for tasks to queue
[2024-03-07T18:27:04.208+0000] {logging_mixin.py:188} INFO - [2024-03-07T18:27:04.206+0000] {dagbag.py:540} INFO - Filling up the DagBag from /home/airflow/.local/lib/python3.11/site-packages/airflow/example_dags/example_bash_operator.py
[2024-03-07T18:27:04.227+0000] {processor.py:840} INFO - DAG(s) 'example_bash_operator' retrieved from /home/airflow/.local/lib/python3.11/site-packages/airflow/example_dags/example_bash_operator.py
[2024-03-07T18:27:04.286+0000] {logging_mixin.py:188} INFO - [2024-03-07T18:27:04.285+0000] {dag.py:3047} INFO - Sync 1 DAGs
[2024-03-07T18:27:04.345+0000] {logging_mixin.py:188} INFO - [2024-03-07T18:27:04.345+0000] {dag.py:3834} INFO - Setting next_dagrun for example_bash_operator to 2024-03-06 00:00:00+00:00, run_after=2024-03-07 00:00:00+00:00
[2024-03-07T18:27:04.400+0000] {processor.py:183} INFO - Processing /home/airflow/.local/lib/python3.11/site-packages/airflow/example_dags/example_bash_operator.py took 0.205 seconds
[2024-03-07T18:27:36.848+0000] {processor.py:161} INFO - Started process (PID=1664) to work on /home/airflow/.local/lib/python3.11/site-packages/airflow/example_dags/example_bash_operator.py
[2024-03-07T18:27:36.850+0000] {processor.py:830} INFO - Processing file /home/airflow/.local/lib/python3.11/site-packages/airflow/example_dags/example_bash_operator.py for tasks to queue
[2024-03-07T18:27:36.855+0000] {logging_mixin.py:188} INFO - [2024-03-07T18:27:36.854+0000] {dagbag.py:540} INFO - Filling up the DagBag from /home/airflow/.local/lib/python3.11/site-packages/airflow/example_dags/example_bash_operator.py
[2024-03-07T18:27:36.874+0000] {processor.py:840} INFO - DAG(s) 'example_bash_operator' retrieved from /home/airflow/.local/lib/python3.11/site-packages/airflow/example_dags/example_bash_operator.py
[2024-03-07T18:27:36.931+0000] {logging_mixin.py:188} INFO - [2024-03-07T18:27:36.930+0000] {dag.py:3047} INFO - Sync 1 DAGs
[2024-03-07T18:27:36.985+0000] {logging_mixin.py:188} INFO - [2024-03-07T18:27:36.984+0000] {dag.py:3834} INFO - Setting next_dagrun for example_bash_operator to 2024-03-06 00:00:00+00:00, run_after=2024-03-07 00:00:00+00:00
[2024-03-07T18:27:37.040+0000] {processor.py:183} INFO - Processing /home/airflow/.local/lib/python3.11/site-packages/airflow/example_dags/example_bash_operator.py took 0.198 seconds
[2024-03-07T18:28:11.375+0000] {processor.py:161} INFO - Started process (PID=1722) to work on /home/airflow/.local/lib/python3.11/site-packages/airflow/example_dags/example_bash_operator.py
[2024-03-07T18:28:11.377+0000] {processor.py:830} INFO - Processing file /home/airflow/.local/lib/python3.11/site-packages/airflow/example_dags/example_bash_operator.py for tasks to queue
[2024-03-07T18:28:11.381+0000] {logging_mixin.py:188} INFO - [2024-03-07T18:28:11.380+0000] {dagbag.py:540} INFO - Filling up the DagBag from /home/airflow/.local/lib/python3.11/site-packages/airflow/example_dags/example_bash_operator.py
[2024-03-07T18:28:11.400+0000] {processor.py:840} INFO - DAG(s) 'example_bash_operator' retrieved from /home/airflow/.local/lib/python3.11/site-packages/airflow/example_dags/example_bash_operator.py
[2024-03-07T18:28:11.455+0000] {logging_mixin.py:188} INFO - [2024-03-07T18:28:11.455+0000] {dag.py:3047} INFO - Sync 1 DAGs
[2024-03-07T18:28:11.510+0000] {logging_mixin.py:188} INFO - [2024-03-07T18:28:11.510+0000] {dag.py:3834} INFO - Setting next_dagrun for example_bash_operator to 2024-03-06 00:00:00+00:00, run_after=2024-03-07 00:00:00+00:00
[2024-03-07T18:28:11.571+0000] {processor.py:183} INFO - Processing /home/airflow/.local/lib/python3.11/site-packages/airflow/example_dags/example_bash_operator.py took 0.200 seconds
[2024-03-07T18:28:41.769+0000] {processor.py:161} INFO - Started process (PID=1780) to work on /home/airflow/.local/lib/python3.11/site-packages/airflow/example_dags/example_bash_operator.py
[2024-03-07T18:28:41.772+0000] {processor.py:830} INFO - Processing file /home/airflow/.local/lib/python3.11/site-packages/airflow/example_dags/example_bash_operator.py for tasks to queue
[2024-03-07T18:28:41.777+0000] {logging_mixin.py:188} INFO - [2024-03-07T18:28:41.776+0000] {dagbag.py:540} INFO - Filling up the DagBag from /home/airflow/.local/lib/python3.11/site-packages/airflow/example_dags/example_bash_operator.py
[2024-03-07T18:28:41.809+0000] {processor.py:840} INFO - DAG(s) 'example_bash_operator' retrieved from /home/airflow/.local/lib/python3.11/site-packages/airflow/example_dags/example_bash_operator.py
[2024-03-07T18:28:41.876+0000] {logging_mixin.py:188} INFO - [2024-03-07T18:28:41.875+0000] {dag.py:3047} INFO - Sync 1 DAGs
[2024-03-07T18:28:41.930+0000] {logging_mixin.py:188} INFO - [2024-03-07T18:28:41.930+0000] {dag.py:3834} INFO - Setting next_dagrun for example_bash_operator to 2024-03-06 00:00:00+00:00, run_after=2024-03-07 00:00:00+00:00
[2024-03-07T18:28:42.002+0000] {processor.py:183} INFO - Processing /home/airflow/.local/lib/python3.11/site-packages/airflow/example_dags/example_bash_operator.py took 0.241 seconds
[2024-03-07T18:29:12.697+0000] {processor.py:161} INFO - Started process (PID=1839) to work on /home/airflow/.local/lib/python3.11/site-packages/airflow/example_dags/example_bash_operator.py
[2024-03-07T18:29:12.699+0000] {processor.py:830} INFO - Processing file /home/airflow/.local/lib/python3.11/site-packages/airflow/example_dags/example_bash_operator.py for tasks to queue
[2024-03-07T18:29:12.703+0000] {logging_mixin.py:188} INFO - [2024-03-07T18:29:12.703+0000] {dagbag.py:540} INFO - Filling up the DagBag from /home/airflow/.local/lib/python3.11/site-packages/airflow/example_dags/example_bash_operator.py
[2024-03-07T18:29:12.723+0000] {processor.py:840} INFO - DAG(s) 'example_bash_operator' retrieved from /home/airflow/.local/lib/python3.11/site-packages/airflow/example_dags/example_bash_operator.py
[2024-03-07T18:29:12.791+0000] {logging_mixin.py:188} INFO - [2024-03-07T18:29:12.790+0000] {dag.py:3047} INFO - Sync 1 DAGs
[2024-03-07T18:29:12.848+0000] {logging_mixin.py:188} INFO - [2024-03-07T18:29:12.847+0000] {dag.py:3834} INFO - Setting next_dagrun for example_bash_operator to 2024-03-06 00:00:00+00:00, run_after=2024-03-07 00:00:00+00:00
[2024-03-07T18:29:12.904+0000] {processor.py:183} INFO - Processing /home/airflow/.local/lib/python3.11/site-packages/airflow/example_dags/example_bash_operator.py took 0.212 seconds
