[2024-03-07T18:13:13.042+0000] {processor.py:161} INFO - Started process (PID=70) to work on /home/airflow/.local/lib/python3.11/site-packages/airflow/example_dags/example_python_operator.py
[2024-03-07T18:13:13.046+0000] {processor.py:830} INFO - Processing file /home/airflow/.local/lib/python3.11/site-packages/airflow/example_dags/example_python_operator.py for tasks to queue
[2024-03-07T18:13:13.055+0000] {logging_mixin.py:188} INFO - [2024-03-07T18:13:13.053+0000] {dagbag.py:540} INFO - Filling up the DagBag from /home/airflow/.local/lib/python3.11/site-packages/airflow/example_dags/example_python_operator.py
[2024-03-07T18:13:13.129+0000] {processor.py:840} INFO - DAG(s) 'example_python_operator' retrieved from /home/airflow/.local/lib/python3.11/site-packages/airflow/example_dags/example_python_operator.py
[2024-03-07T18:13:14.522+0000] {logging_mixin.py:188} INFO - [2024-03-07T18:13:14.521+0000] {dag.py:3047} INFO - Sync 1 DAGs
[2024-03-07T18:13:14.663+0000] {logging_mixin.py:188} INFO - [2024-03-07T18:13:14.663+0000] {dag.py:3834} INFO - Setting next_dagrun for example_python_operator to None, run_after=None
[2024-03-07T18:13:14.966+0000] {processor.py:183} INFO - Processing /home/airflow/.local/lib/python3.11/site-packages/airflow/example_dags/example_python_operator.py took 1.935 seconds
[2024-03-07T18:13:45.686+0000] {processor.py:161} INFO - Started process (PID=128) to work on /home/airflow/.local/lib/python3.11/site-packages/airflow/example_dags/example_python_operator.py
[2024-03-07T18:13:45.689+0000] {processor.py:830} INFO - Processing file /home/airflow/.local/lib/python3.11/site-packages/airflow/example_dags/example_python_operator.py for tasks to queue
[2024-03-07T18:13:45.704+0000] {logging_mixin.py:188} INFO - [2024-03-07T18:13:45.703+0000] {dagbag.py:540} INFO - Filling up the DagBag from /home/airflow/.local/lib/python3.11/site-packages/airflow/example_dags/example_python_operator.py
[2024-03-07T18:13:45.778+0000] {processor.py:840} INFO - DAG(s) 'example_python_operator' retrieved from /home/airflow/.local/lib/python3.11/site-packages/airflow/example_dags/example_python_operator.py
[2024-03-07T18:13:45.968+0000] {logging_mixin.py:188} INFO - [2024-03-07T18:13:45.956+0000] {dag.py:3047} INFO - Sync 1 DAGs
[2024-03-07T18:13:46.098+0000] {logging_mixin.py:188} INFO - [2024-03-07T18:13:46.088+0000] {dag.py:3834} INFO - Setting next_dagrun for example_python_operator to None, run_after=None
[2024-03-07T18:13:46.245+0000] {processor.py:183} INFO - Processing /home/airflow/.local/lib/python3.11/site-packages/airflow/example_dags/example_python_operator.py took 0.578 seconds
[2024-03-07T18:14:18.400+0000] {processor.py:161} INFO - Started process (PID=186) to work on /home/airflow/.local/lib/python3.11/site-packages/airflow/example_dags/example_python_operator.py
[2024-03-07T18:14:18.405+0000] {processor.py:830} INFO - Processing file /home/airflow/.local/lib/python3.11/site-packages/airflow/example_dags/example_python_operator.py for tasks to queue
[2024-03-07T18:14:18.419+0000] {logging_mixin.py:188} INFO - [2024-03-07T18:14:18.418+0000] {dagbag.py:540} INFO - Filling up the DagBag from /home/airflow/.local/lib/python3.11/site-packages/airflow/example_dags/example_python_operator.py
[2024-03-07T18:14:18.487+0000] {processor.py:840} INFO - DAG(s) 'example_python_operator' retrieved from /home/airflow/.local/lib/python3.11/site-packages/airflow/example_dags/example_python_operator.py
[2024-03-07T18:14:18.685+0000] {logging_mixin.py:188} INFO - [2024-03-07T18:14:18.684+0000] {dag.py:3047} INFO - Sync 1 DAGs
[2024-03-07T18:14:18.797+0000] {logging_mixin.py:188} INFO - [2024-03-07T18:14:18.797+0000] {dag.py:3834} INFO - Setting next_dagrun for example_python_operator to None, run_after=None
[2024-03-07T18:14:19.060+0000] {processor.py:183} INFO - Processing /home/airflow/.local/lib/python3.11/site-packages/airflow/example_dags/example_python_operator.py took 0.679 seconds
[2024-03-07T18:14:51.644+0000] {processor.py:161} INFO - Started process (PID=243) to work on /home/airflow/.local/lib/python3.11/site-packages/airflow/example_dags/example_python_operator.py
[2024-03-07T18:14:51.646+0000] {processor.py:830} INFO - Processing file /home/airflow/.local/lib/python3.11/site-packages/airflow/example_dags/example_python_operator.py for tasks to queue
[2024-03-07T18:14:51.652+0000] {logging_mixin.py:188} INFO - [2024-03-07T18:14:51.651+0000] {dagbag.py:540} INFO - Filling up the DagBag from /home/airflow/.local/lib/python3.11/site-packages/airflow/example_dags/example_python_operator.py
[2024-03-07T18:14:51.695+0000] {processor.py:840} INFO - DAG(s) 'example_python_operator' retrieved from /home/airflow/.local/lib/python3.11/site-packages/airflow/example_dags/example_python_operator.py
[2024-03-07T18:14:51.737+0000] {logging_mixin.py:188} INFO - [2024-03-07T18:14:51.737+0000] {dag.py:3047} INFO - Sync 1 DAGs
[2024-03-07T18:14:51.788+0000] {logging_mixin.py:188} INFO - [2024-03-07T18:14:51.787+0000] {dag.py:3834} INFO - Setting next_dagrun for example_python_operator to None, run_after=None
[2024-03-07T18:14:51.892+0000] {processor.py:183} INFO - Processing /home/airflow/.local/lib/python3.11/site-packages/airflow/example_dags/example_python_operator.py took 0.257 seconds
[2024-03-07T18:15:24.107+0000] {processor.py:161} INFO - Started process (PID=302) to work on /home/airflow/.local/lib/python3.11/site-packages/airflow/example_dags/example_python_operator.py
[2024-03-07T18:15:24.111+0000] {processor.py:830} INFO - Processing file /home/airflow/.local/lib/python3.11/site-packages/airflow/example_dags/example_python_operator.py for tasks to queue
[2024-03-07T18:15:24.117+0000] {logging_mixin.py:188} INFO - [2024-03-07T18:15:24.116+0000] {dagbag.py:540} INFO - Filling up the DagBag from /home/airflow/.local/lib/python3.11/site-packages/airflow/example_dags/example_python_operator.py
[2024-03-07T18:15:24.160+0000] {processor.py:840} INFO - DAG(s) 'example_python_operator' retrieved from /home/airflow/.local/lib/python3.11/site-packages/airflow/example_dags/example_python_operator.py
[2024-03-07T18:15:24.827+0000] {logging_mixin.py:188} INFO - [2024-03-07T18:15:24.826+0000] {dag.py:3047} INFO - Sync 1 DAGs
[2024-03-07T18:15:24.921+0000] {logging_mixin.py:188} INFO - [2024-03-07T18:15:24.920+0000] {dag.py:3834} INFO - Setting next_dagrun for example_python_operator to None, run_after=None
[2024-03-07T18:15:25.062+0000] {processor.py:183} INFO - Processing /home/airflow/.local/lib/python3.11/site-packages/airflow/example_dags/example_python_operator.py took 0.968 seconds
[2024-03-07T18:15:55.488+0000] {processor.py:161} INFO - Started process (PID=360) to work on /home/airflow/.local/lib/python3.11/site-packages/airflow/example_dags/example_python_operator.py
[2024-03-07T18:15:55.491+0000] {processor.py:830} INFO - Processing file /home/airflow/.local/lib/python3.11/site-packages/airflow/example_dags/example_python_operator.py for tasks to queue
[2024-03-07T18:15:55.495+0000] {logging_mixin.py:188} INFO - [2024-03-07T18:15:55.494+0000] {dagbag.py:540} INFO - Filling up the DagBag from /home/airflow/.local/lib/python3.11/site-packages/airflow/example_dags/example_python_operator.py
[2024-03-07T18:15:55.517+0000] {processor.py:840} INFO - DAG(s) 'example_python_operator' retrieved from /home/airflow/.local/lib/python3.11/site-packages/airflow/example_dags/example_python_operator.py
[2024-03-07T18:15:55.564+0000] {logging_mixin.py:188} INFO - [2024-03-07T18:15:55.563+0000] {dag.py:3047} INFO - Sync 1 DAGs
[2024-03-07T18:15:55.589+0000] {logging_mixin.py:188} INFO - [2024-03-07T18:15:55.588+0000] {dag.py:3834} INFO - Setting next_dagrun for example_python_operator to None, run_after=None
[2024-03-07T18:15:55.640+0000] {processor.py:183} INFO - Processing /home/airflow/.local/lib/python3.11/site-packages/airflow/example_dags/example_python_operator.py took 0.157 seconds
[2024-03-07T18:16:25.738+0000] {processor.py:161} INFO - Started process (PID=418) to work on /home/airflow/.local/lib/python3.11/site-packages/airflow/example_dags/example_python_operator.py
[2024-03-07T18:16:25.742+0000] {processor.py:830} INFO - Processing file /home/airflow/.local/lib/python3.11/site-packages/airflow/example_dags/example_python_operator.py for tasks to queue
[2024-03-07T18:16:25.746+0000] {logging_mixin.py:188} INFO - [2024-03-07T18:16:25.746+0000] {dagbag.py:540} INFO - Filling up the DagBag from /home/airflow/.local/lib/python3.11/site-packages/airflow/example_dags/example_python_operator.py
[2024-03-07T18:16:25.767+0000] {processor.py:840} INFO - DAG(s) 'example_python_operator' retrieved from /home/airflow/.local/lib/python3.11/site-packages/airflow/example_dags/example_python_operator.py
[2024-03-07T18:16:25.817+0000] {logging_mixin.py:188} INFO - [2024-03-07T18:16:25.817+0000] {dag.py:3047} INFO - Sync 1 DAGs
[2024-03-07T18:16:25.841+0000] {logging_mixin.py:188} INFO - [2024-03-07T18:16:25.841+0000] {dag.py:3834} INFO - Setting next_dagrun for example_python_operator to None, run_after=None
[2024-03-07T18:16:25.908+0000] {processor.py:183} INFO - Processing /home/airflow/.local/lib/python3.11/site-packages/airflow/example_dags/example_python_operator.py took 0.176 seconds
[2024-03-07T18:16:56.970+0000] {processor.py:161} INFO - Started process (PID=476) to work on /home/airflow/.local/lib/python3.11/site-packages/airflow/example_dags/example_python_operator.py
[2024-03-07T18:16:56.973+0000] {processor.py:830} INFO - Processing file /home/airflow/.local/lib/python3.11/site-packages/airflow/example_dags/example_python_operator.py for tasks to queue
[2024-03-07T18:16:56.978+0000] {logging_mixin.py:188} INFO - [2024-03-07T18:16:56.977+0000] {dagbag.py:540} INFO - Filling up the DagBag from /home/airflow/.local/lib/python3.11/site-packages/airflow/example_dags/example_python_operator.py
[2024-03-07T18:16:57.017+0000] {processor.py:840} INFO - DAG(s) 'example_python_operator' retrieved from /home/airflow/.local/lib/python3.11/site-packages/airflow/example_dags/example_python_operator.py
[2024-03-07T18:16:57.082+0000] {logging_mixin.py:188} INFO - [2024-03-07T18:16:57.081+0000] {dag.py:3047} INFO - Sync 1 DAGs
[2024-03-07T18:16:57.125+0000] {logging_mixin.py:188} INFO - [2024-03-07T18:16:57.124+0000] {dag.py:3834} INFO - Setting next_dagrun for example_python_operator to None, run_after=None
[2024-03-07T18:16:57.197+0000] {processor.py:183} INFO - Processing /home/airflow/.local/lib/python3.11/site-packages/airflow/example_dags/example_python_operator.py took 0.234 seconds
[2024-03-07T18:17:27.666+0000] {processor.py:161} INFO - Started process (PID=533) to work on /home/airflow/.local/lib/python3.11/site-packages/airflow/example_dags/example_python_operator.py
[2024-03-07T18:17:27.668+0000] {processor.py:830} INFO - Processing file /home/airflow/.local/lib/python3.11/site-packages/airflow/example_dags/example_python_operator.py for tasks to queue
[2024-03-07T18:17:27.672+0000] {logging_mixin.py:188} INFO - [2024-03-07T18:17:27.671+0000] {dagbag.py:540} INFO - Filling up the DagBag from /home/airflow/.local/lib/python3.11/site-packages/airflow/example_dags/example_python_operator.py
[2024-03-07T18:17:27.699+0000] {processor.py:840} INFO - DAG(s) 'example_python_operator' retrieved from /home/airflow/.local/lib/python3.11/site-packages/airflow/example_dags/example_python_operator.py
[2024-03-07T18:17:27.756+0000] {logging_mixin.py:188} INFO - [2024-03-07T18:17:27.755+0000] {dag.py:3047} INFO - Sync 1 DAGs
[2024-03-07T18:17:27.793+0000] {logging_mixin.py:188} INFO - [2024-03-07T18:17:27.793+0000] {dag.py:3834} INFO - Setting next_dagrun for example_python_operator to None, run_after=None
[2024-03-07T18:17:27.868+0000] {processor.py:183} INFO - Processing /home/airflow/.local/lib/python3.11/site-packages/airflow/example_dags/example_python_operator.py took 0.208 seconds
[2024-03-07T18:17:58.165+0000] {processor.py:161} INFO - Started process (PID=589) to work on /home/airflow/.local/lib/python3.11/site-packages/airflow/example_dags/example_python_operator.py
[2024-03-07T18:17:58.167+0000] {processor.py:830} INFO - Processing file /home/airflow/.local/lib/python3.11/site-packages/airflow/example_dags/example_python_operator.py for tasks to queue
[2024-03-07T18:17:58.171+0000] {logging_mixin.py:188} INFO - [2024-03-07T18:17:58.170+0000] {dagbag.py:540} INFO - Filling up the DagBag from /home/airflow/.local/lib/python3.11/site-packages/airflow/example_dags/example_python_operator.py
[2024-03-07T18:17:58.198+0000] {processor.py:840} INFO - DAG(s) 'example_python_operator' retrieved from /home/airflow/.local/lib/python3.11/site-packages/airflow/example_dags/example_python_operator.py
[2024-03-07T18:17:58.255+0000] {logging_mixin.py:188} INFO - [2024-03-07T18:17:58.254+0000] {dag.py:3047} INFO - Sync 1 DAGs
[2024-03-07T18:17:58.285+0000] {logging_mixin.py:188} INFO - [2024-03-07T18:17:58.284+0000] {dag.py:3834} INFO - Setting next_dagrun for example_python_operator to None, run_after=None
[2024-03-07T18:17:58.332+0000] {processor.py:183} INFO - Processing /home/airflow/.local/lib/python3.11/site-packages/airflow/example_dags/example_python_operator.py took 0.173 seconds
[2024-03-07T18:18:29.796+0000] {processor.py:161} INFO - Started process (PID=647) to work on /home/airflow/.local/lib/python3.11/site-packages/airflow/example_dags/example_python_operator.py
[2024-03-07T18:18:29.799+0000] {processor.py:830} INFO - Processing file /home/airflow/.local/lib/python3.11/site-packages/airflow/example_dags/example_python_operator.py for tasks to queue
[2024-03-07T18:18:29.803+0000] {logging_mixin.py:188} INFO - [2024-03-07T18:18:29.802+0000] {dagbag.py:540} INFO - Filling up the DagBag from /home/airflow/.local/lib/python3.11/site-packages/airflow/example_dags/example_python_operator.py
[2024-03-07T18:18:29.822+0000] {processor.py:840} INFO - DAG(s) 'example_python_operator' retrieved from /home/airflow/.local/lib/python3.11/site-packages/airflow/example_dags/example_python_operator.py
[2024-03-07T18:18:29.867+0000] {logging_mixin.py:188} INFO - [2024-03-07T18:18:29.866+0000] {dag.py:3047} INFO - Sync 1 DAGs
[2024-03-07T18:18:29.900+0000] {logging_mixin.py:188} INFO - [2024-03-07T18:18:29.899+0000] {dag.py:3834} INFO - Setting next_dagrun for example_python_operator to None, run_after=None
[2024-03-07T18:18:29.954+0000] {processor.py:183} INFO - Processing /home/airflow/.local/lib/python3.11/site-packages/airflow/example_dags/example_python_operator.py took 0.162 seconds
[2024-03-07T18:19:02.603+0000] {processor.py:161} INFO - Started process (PID=705) to work on /home/airflow/.local/lib/python3.11/site-packages/airflow/example_dags/example_python_operator.py
[2024-03-07T18:19:02.606+0000] {processor.py:830} INFO - Processing file /home/airflow/.local/lib/python3.11/site-packages/airflow/example_dags/example_python_operator.py for tasks to queue
[2024-03-07T18:19:02.611+0000] {logging_mixin.py:188} INFO - [2024-03-07T18:19:02.610+0000] {dagbag.py:540} INFO - Filling up the DagBag from /home/airflow/.local/lib/python3.11/site-packages/airflow/example_dags/example_python_operator.py
[2024-03-07T18:19:02.637+0000] {processor.py:840} INFO - DAG(s) 'example_python_operator' retrieved from /home/airflow/.local/lib/python3.11/site-packages/airflow/example_dags/example_python_operator.py
[2024-03-07T18:19:02.681+0000] {logging_mixin.py:188} INFO - [2024-03-07T18:19:02.681+0000] {dag.py:3047} INFO - Sync 1 DAGs
[2024-03-07T18:19:02.704+0000] {logging_mixin.py:188} INFO - [2024-03-07T18:19:02.703+0000] {dag.py:3834} INFO - Setting next_dagrun for example_python_operator to None, run_after=None
[2024-03-07T18:19:02.750+0000] {processor.py:183} INFO - Processing /home/airflow/.local/lib/python3.11/site-packages/airflow/example_dags/example_python_operator.py took 0.151 seconds
[2024-03-07T18:19:33.559+0000] {processor.py:161} INFO - Started process (PID=764) to work on /home/airflow/.local/lib/python3.11/site-packages/airflow/example_dags/example_python_operator.py
[2024-03-07T18:19:33.561+0000] {processor.py:830} INFO - Processing file /home/airflow/.local/lib/python3.11/site-packages/airflow/example_dags/example_python_operator.py for tasks to queue
[2024-03-07T18:19:33.565+0000] {logging_mixin.py:188} INFO - [2024-03-07T18:19:33.565+0000] {dagbag.py:540} INFO - Filling up the DagBag from /home/airflow/.local/lib/python3.11/site-packages/airflow/example_dags/example_python_operator.py
[2024-03-07T18:19:33.593+0000] {processor.py:840} INFO - DAG(s) 'example_python_operator' retrieved from /home/airflow/.local/lib/python3.11/site-packages/airflow/example_dags/example_python_operator.py
[2024-03-07T18:19:33.652+0000] {logging_mixin.py:188} INFO - [2024-03-07T18:19:33.651+0000] {dag.py:3047} INFO - Sync 1 DAGs
[2024-03-07T18:19:33.682+0000] {logging_mixin.py:188} INFO - [2024-03-07T18:19:33.682+0000] {dag.py:3834} INFO - Setting next_dagrun for example_python_operator to None, run_after=None
[2024-03-07T18:19:33.733+0000] {processor.py:183} INFO - Processing /home/airflow/.local/lib/python3.11/site-packages/airflow/example_dags/example_python_operator.py took 0.178 seconds
[2024-03-07T18:20:04.421+0000] {processor.py:161} INFO - Started process (PID=821) to work on /home/airflow/.local/lib/python3.11/site-packages/airflow/example_dags/example_python_operator.py
[2024-03-07T18:20:04.424+0000] {processor.py:830} INFO - Processing file /home/airflow/.local/lib/python3.11/site-packages/airflow/example_dags/example_python_operator.py for tasks to queue
[2024-03-07T18:20:04.428+0000] {logging_mixin.py:188} INFO - [2024-03-07T18:20:04.427+0000] {dagbag.py:540} INFO - Filling up the DagBag from /home/airflow/.local/lib/python3.11/site-packages/airflow/example_dags/example_python_operator.py
[2024-03-07T18:20:04.454+0000] {processor.py:840} INFO - DAG(s) 'example_python_operator' retrieved from /home/airflow/.local/lib/python3.11/site-packages/airflow/example_dags/example_python_operator.py
[2024-03-07T18:20:04.500+0000] {logging_mixin.py:188} INFO - [2024-03-07T18:20:04.499+0000] {dag.py:3047} INFO - Sync 1 DAGs
[2024-03-07T18:20:04.528+0000] {logging_mixin.py:188} INFO - [2024-03-07T18:20:04.527+0000] {dag.py:3834} INFO - Setting next_dagrun for example_python_operator to None, run_after=None
[2024-03-07T18:20:04.586+0000] {processor.py:183} INFO - Processing /home/airflow/.local/lib/python3.11/site-packages/airflow/example_dags/example_python_operator.py took 0.170 seconds
[2024-03-07T18:20:36.195+0000] {processor.py:161} INFO - Started process (PID=878) to work on /home/airflow/.local/lib/python3.11/site-packages/airflow/example_dags/example_python_operator.py
[2024-03-07T18:20:36.201+0000] {processor.py:830} INFO - Processing file /home/airflow/.local/lib/python3.11/site-packages/airflow/example_dags/example_python_operator.py for tasks to queue
[2024-03-07T18:20:36.216+0000] {logging_mixin.py:188} INFO - [2024-03-07T18:20:36.208+0000] {dagbag.py:540} INFO - Filling up the DagBag from /home/airflow/.local/lib/python3.11/site-packages/airflow/example_dags/example_python_operator.py
[2024-03-07T18:20:36.319+0000] {processor.py:840} INFO - DAG(s) 'example_python_operator' retrieved from /home/airflow/.local/lib/python3.11/site-packages/airflow/example_dags/example_python_operator.py
[2024-03-07T18:20:36.377+0000] {logging_mixin.py:188} INFO - [2024-03-07T18:20:36.377+0000] {dag.py:3047} INFO - Sync 1 DAGs
[2024-03-07T18:20:36.410+0000] {logging_mixin.py:188} INFO - [2024-03-07T18:20:36.409+0000] {dag.py:3834} INFO - Setting next_dagrun for example_python_operator to None, run_after=None
[2024-03-07T18:20:36.462+0000] {processor.py:183} INFO - Processing /home/airflow/.local/lib/python3.11/site-packages/airflow/example_dags/example_python_operator.py took 0.291 seconds
[2024-03-07T18:21:07.734+0000] {processor.py:161} INFO - Started process (PID=936) to work on /home/airflow/.local/lib/python3.11/site-packages/airflow/example_dags/example_python_operator.py
[2024-03-07T18:21:07.737+0000] {processor.py:830} INFO - Processing file /home/airflow/.local/lib/python3.11/site-packages/airflow/example_dags/example_python_operator.py for tasks to queue
[2024-03-07T18:21:07.741+0000] {logging_mixin.py:188} INFO - [2024-03-07T18:21:07.740+0000] {dagbag.py:540} INFO - Filling up the DagBag from /home/airflow/.local/lib/python3.11/site-packages/airflow/example_dags/example_python_operator.py
[2024-03-07T18:21:07.766+0000] {processor.py:840} INFO - DAG(s) 'example_python_operator' retrieved from /home/airflow/.local/lib/python3.11/site-packages/airflow/example_dags/example_python_operator.py
[2024-03-07T18:21:07.828+0000] {logging_mixin.py:188} INFO - [2024-03-07T18:21:07.827+0000] {dag.py:3047} INFO - Sync 1 DAGs
[2024-03-07T18:21:07.858+0000] {logging_mixin.py:188} INFO - [2024-03-07T18:21:07.857+0000] {dag.py:3834} INFO - Setting next_dagrun for example_python_operator to None, run_after=None
[2024-03-07T18:21:07.914+0000] {processor.py:183} INFO - Processing /home/airflow/.local/lib/python3.11/site-packages/airflow/example_dags/example_python_operator.py took 0.186 seconds
[2024-03-07T18:21:41.306+0000] {processor.py:161} INFO - Started process (PID=999) to work on /home/airflow/.local/lib/python3.11/site-packages/airflow/example_dags/example_python_operator.py
[2024-03-07T18:21:41.308+0000] {processor.py:830} INFO - Processing file /home/airflow/.local/lib/python3.11/site-packages/airflow/example_dags/example_python_operator.py for tasks to queue
[2024-03-07T18:21:41.313+0000] {logging_mixin.py:188} INFO - [2024-03-07T18:21:41.312+0000] {dagbag.py:540} INFO - Filling up the DagBag from /home/airflow/.local/lib/python3.11/site-packages/airflow/example_dags/example_python_operator.py
[2024-03-07T18:21:41.344+0000] {processor.py:840} INFO - DAG(s) 'example_python_operator' retrieved from /home/airflow/.local/lib/python3.11/site-packages/airflow/example_dags/example_python_operator.py
[2024-03-07T18:21:41.400+0000] {logging_mixin.py:188} INFO - [2024-03-07T18:21:41.399+0000] {dag.py:3047} INFO - Sync 1 DAGs
[2024-03-07T18:21:41.425+0000] {logging_mixin.py:188} INFO - [2024-03-07T18:21:41.424+0000] {dag.py:3834} INFO - Setting next_dagrun for example_python_operator to None, run_after=None
[2024-03-07T18:21:41.488+0000] {processor.py:183} INFO - Processing /home/airflow/.local/lib/python3.11/site-packages/airflow/example_dags/example_python_operator.py took 0.190 seconds
[2024-03-07T18:22:12.255+0000] {processor.py:161} INFO - Started process (PID=1057) to work on /home/airflow/.local/lib/python3.11/site-packages/airflow/example_dags/example_python_operator.py
[2024-03-07T18:22:12.257+0000] {processor.py:830} INFO - Processing file /home/airflow/.local/lib/python3.11/site-packages/airflow/example_dags/example_python_operator.py for tasks to queue
[2024-03-07T18:22:12.261+0000] {logging_mixin.py:188} INFO - [2024-03-07T18:22:12.260+0000] {dagbag.py:540} INFO - Filling up the DagBag from /home/airflow/.local/lib/python3.11/site-packages/airflow/example_dags/example_python_operator.py
[2024-03-07T18:22:12.287+0000] {processor.py:840} INFO - DAG(s) 'example_python_operator' retrieved from /home/airflow/.local/lib/python3.11/site-packages/airflow/example_dags/example_python_operator.py
[2024-03-07T18:22:12.351+0000] {logging_mixin.py:188} INFO - [2024-03-07T18:22:12.350+0000] {dag.py:3047} INFO - Sync 1 DAGs
[2024-03-07T18:22:12.395+0000] {logging_mixin.py:188} INFO - [2024-03-07T18:22:12.393+0000] {dag.py:3834} INFO - Setting next_dagrun for example_python_operator to None, run_after=None
[2024-03-07T18:22:12.470+0000] {processor.py:183} INFO - Processing /home/airflow/.local/lib/python3.11/site-packages/airflow/example_dags/example_python_operator.py took 0.220 seconds
[2024-03-07T18:22:44.796+0000] {processor.py:161} INFO - Started process (PID=1116) to work on /home/airflow/.local/lib/python3.11/site-packages/airflow/example_dags/example_python_operator.py
[2024-03-07T18:22:44.798+0000] {processor.py:830} INFO - Processing file /home/airflow/.local/lib/python3.11/site-packages/airflow/example_dags/example_python_operator.py for tasks to queue
[2024-03-07T18:22:44.803+0000] {logging_mixin.py:188} INFO - [2024-03-07T18:22:44.802+0000] {dagbag.py:540} INFO - Filling up the DagBag from /home/airflow/.local/lib/python3.11/site-packages/airflow/example_dags/example_python_operator.py
[2024-03-07T18:22:44.822+0000] {processor.py:840} INFO - DAG(s) 'example_python_operator' retrieved from /home/airflow/.local/lib/python3.11/site-packages/airflow/example_dags/example_python_operator.py
[2024-03-07T18:22:44.871+0000] {logging_mixin.py:188} INFO - [2024-03-07T18:22:44.870+0000] {dag.py:3047} INFO - Sync 1 DAGs
[2024-03-07T18:22:44.896+0000] {logging_mixin.py:188} INFO - [2024-03-07T18:22:44.895+0000] {dag.py:3834} INFO - Setting next_dagrun for example_python_operator to None, run_after=None
[2024-03-07T18:22:44.946+0000] {processor.py:183} INFO - Processing /home/airflow/.local/lib/python3.11/site-packages/airflow/example_dags/example_python_operator.py took 0.155 seconds
[2024-03-07T18:23:15.592+0000] {processor.py:161} INFO - Started process (PID=1174) to work on /home/airflow/.local/lib/python3.11/site-packages/airflow/example_dags/example_python_operator.py
[2024-03-07T18:23:15.595+0000] {processor.py:830} INFO - Processing file /home/airflow/.local/lib/python3.11/site-packages/airflow/example_dags/example_python_operator.py for tasks to queue
[2024-03-07T18:23:15.599+0000] {logging_mixin.py:188} INFO - [2024-03-07T18:23:15.599+0000] {dagbag.py:540} INFO - Filling up the DagBag from /home/airflow/.local/lib/python3.11/site-packages/airflow/example_dags/example_python_operator.py
[2024-03-07T18:23:15.618+0000] {processor.py:840} INFO - DAG(s) 'example_python_operator' retrieved from /home/airflow/.local/lib/python3.11/site-packages/airflow/example_dags/example_python_operator.py
[2024-03-07T18:23:15.663+0000] {logging_mixin.py:188} INFO - [2024-03-07T18:23:15.662+0000] {dag.py:3047} INFO - Sync 1 DAGs
[2024-03-07T18:23:15.705+0000] {logging_mixin.py:188} INFO - [2024-03-07T18:23:15.704+0000] {dag.py:3834} INFO - Setting next_dagrun for example_python_operator to None, run_after=None
[2024-03-07T18:23:15.773+0000] {processor.py:183} INFO - Processing /home/airflow/.local/lib/python3.11/site-packages/airflow/example_dags/example_python_operator.py took 0.186 seconds
[2024-03-07T18:23:47.568+0000] {processor.py:161} INFO - Started process (PID=1233) to work on /home/airflow/.local/lib/python3.11/site-packages/airflow/example_dags/example_python_operator.py
[2024-03-07T18:23:47.570+0000] {processor.py:830} INFO - Processing file /home/airflow/.local/lib/python3.11/site-packages/airflow/example_dags/example_python_operator.py for tasks to queue
[2024-03-07T18:23:47.574+0000] {logging_mixin.py:188} INFO - [2024-03-07T18:23:47.574+0000] {dagbag.py:540} INFO - Filling up the DagBag from /home/airflow/.local/lib/python3.11/site-packages/airflow/example_dags/example_python_operator.py
[2024-03-07T18:23:47.596+0000] {processor.py:840} INFO - DAG(s) 'example_python_operator' retrieved from /home/airflow/.local/lib/python3.11/site-packages/airflow/example_dags/example_python_operator.py
[2024-03-07T18:23:47.642+0000] {logging_mixin.py:188} INFO - [2024-03-07T18:23:47.641+0000] {dag.py:3047} INFO - Sync 1 DAGs
[2024-03-07T18:23:47.671+0000] {logging_mixin.py:188} INFO - [2024-03-07T18:23:47.670+0000] {dag.py:3834} INFO - Setting next_dagrun for example_python_operator to None, run_after=None
[2024-03-07T18:23:47.729+0000] {processor.py:183} INFO - Processing /home/airflow/.local/lib/python3.11/site-packages/airflow/example_dags/example_python_operator.py took 0.166 seconds
[2024-03-07T18:24:19.678+0000] {processor.py:161} INFO - Started process (PID=1291) to work on /home/airflow/.local/lib/python3.11/site-packages/airflow/example_dags/example_python_operator.py
[2024-03-07T18:24:19.681+0000] {processor.py:830} INFO - Processing file /home/airflow/.local/lib/python3.11/site-packages/airflow/example_dags/example_python_operator.py for tasks to queue
[2024-03-07T18:24:19.686+0000] {logging_mixin.py:188} INFO - [2024-03-07T18:24:19.685+0000] {dagbag.py:540} INFO - Filling up the DagBag from /home/airflow/.local/lib/python3.11/site-packages/airflow/example_dags/example_python_operator.py
[2024-03-07T18:24:19.706+0000] {processor.py:840} INFO - DAG(s) 'example_python_operator' retrieved from /home/airflow/.local/lib/python3.11/site-packages/airflow/example_dags/example_python_operator.py
[2024-03-07T18:24:19.749+0000] {logging_mixin.py:188} INFO - [2024-03-07T18:24:19.749+0000] {dag.py:3047} INFO - Sync 1 DAGs
[2024-03-07T18:24:19.775+0000] {logging_mixin.py:188} INFO - [2024-03-07T18:24:19.775+0000] {dag.py:3834} INFO - Setting next_dagrun for example_python_operator to None, run_after=None
[2024-03-07T18:24:19.835+0000] {processor.py:183} INFO - Processing /home/airflow/.local/lib/python3.11/site-packages/airflow/example_dags/example_python_operator.py took 0.164 seconds
[2024-03-07T18:24:51.421+0000] {processor.py:161} INFO - Started process (PID=1349) to work on /home/airflow/.local/lib/python3.11/site-packages/airflow/example_dags/example_python_operator.py
[2024-03-07T18:24:51.424+0000] {processor.py:830} INFO - Processing file /home/airflow/.local/lib/python3.11/site-packages/airflow/example_dags/example_python_operator.py for tasks to queue
[2024-03-07T18:24:51.431+0000] {logging_mixin.py:188} INFO - [2024-03-07T18:24:51.429+0000] {dagbag.py:540} INFO - Filling up the DagBag from /home/airflow/.local/lib/python3.11/site-packages/airflow/example_dags/example_python_operator.py
[2024-03-07T18:24:51.467+0000] {processor.py:840} INFO - DAG(s) 'example_python_operator' retrieved from /home/airflow/.local/lib/python3.11/site-packages/airflow/example_dags/example_python_operator.py
[2024-03-07T18:24:51.516+0000] {logging_mixin.py:188} INFO - [2024-03-07T18:24:51.516+0000] {dag.py:3047} INFO - Sync 1 DAGs
[2024-03-07T18:24:51.544+0000] {logging_mixin.py:188} INFO - [2024-03-07T18:24:51.544+0000] {dag.py:3834} INFO - Setting next_dagrun for example_python_operator to None, run_after=None
[2024-03-07T18:24:51.599+0000] {processor.py:183} INFO - Processing /home/airflow/.local/lib/python3.11/site-packages/airflow/example_dags/example_python_operator.py took 0.184 seconds
[2024-03-07T18:25:24.094+0000] {processor.py:161} INFO - Started process (PID=1409) to work on /home/airflow/.local/lib/python3.11/site-packages/airflow/example_dags/example_python_operator.py
[2024-03-07T18:25:24.096+0000] {processor.py:830} INFO - Processing file /home/airflow/.local/lib/python3.11/site-packages/airflow/example_dags/example_python_operator.py for tasks to queue
[2024-03-07T18:25:24.100+0000] {logging_mixin.py:188} INFO - [2024-03-07T18:25:24.100+0000] {dagbag.py:540} INFO - Filling up the DagBag from /home/airflow/.local/lib/python3.11/site-packages/airflow/example_dags/example_python_operator.py
[2024-03-07T18:25:24.129+0000] {processor.py:840} INFO - DAG(s) 'example_python_operator' retrieved from /home/airflow/.local/lib/python3.11/site-packages/airflow/example_dags/example_python_operator.py
[2024-03-07T18:25:24.180+0000] {logging_mixin.py:188} INFO - [2024-03-07T18:25:24.180+0000] {dag.py:3047} INFO - Sync 1 DAGs
[2024-03-07T18:25:24.212+0000] {logging_mixin.py:188} INFO - [2024-03-07T18:25:24.212+0000] {dag.py:3834} INFO - Setting next_dagrun for example_python_operator to None, run_after=None
[2024-03-07T18:25:24.278+0000] {processor.py:183} INFO - Processing /home/airflow/.local/lib/python3.11/site-packages/airflow/example_dags/example_python_operator.py took 0.190 seconds
[2024-03-07T18:25:56.138+0000] {processor.py:161} INFO - Started process (PID=1466) to work on /home/airflow/.local/lib/python3.11/site-packages/airflow/example_dags/example_python_operator.py
[2024-03-07T18:25:56.141+0000] {processor.py:830} INFO - Processing file /home/airflow/.local/lib/python3.11/site-packages/airflow/example_dags/example_python_operator.py for tasks to queue
[2024-03-07T18:25:56.146+0000] {logging_mixin.py:188} INFO - [2024-03-07T18:25:56.145+0000] {dagbag.py:540} INFO - Filling up the DagBag from /home/airflow/.local/lib/python3.11/site-packages/airflow/example_dags/example_python_operator.py
[2024-03-07T18:25:56.173+0000] {processor.py:840} INFO - DAG(s) 'example_python_operator' retrieved from /home/airflow/.local/lib/python3.11/site-packages/airflow/example_dags/example_python_operator.py
[2024-03-07T18:25:56.224+0000] {logging_mixin.py:188} INFO - [2024-03-07T18:25:56.223+0000] {dag.py:3047} INFO - Sync 1 DAGs
[2024-03-07T18:25:56.253+0000] {logging_mixin.py:188} INFO - [2024-03-07T18:25:56.252+0000] {dag.py:3834} INFO - Setting next_dagrun for example_python_operator to None, run_after=None
[2024-03-07T18:25:56.308+0000] {processor.py:183} INFO - Processing /home/airflow/.local/lib/python3.11/site-packages/airflow/example_dags/example_python_operator.py took 0.175 seconds
[2024-03-07T18:26:28.166+0000] {processor.py:161} INFO - Started process (PID=1526) to work on /home/airflow/.local/lib/python3.11/site-packages/airflow/example_dags/example_python_operator.py
[2024-03-07T18:26:28.168+0000] {processor.py:830} INFO - Processing file /home/airflow/.local/lib/python3.11/site-packages/airflow/example_dags/example_python_operator.py for tasks to queue
[2024-03-07T18:26:28.173+0000] {logging_mixin.py:188} INFO - [2024-03-07T18:26:28.172+0000] {dagbag.py:540} INFO - Filling up the DagBag from /home/airflow/.local/lib/python3.11/site-packages/airflow/example_dags/example_python_operator.py
[2024-03-07T18:26:28.192+0000] {processor.py:840} INFO - DAG(s) 'example_python_operator' retrieved from /home/airflow/.local/lib/python3.11/site-packages/airflow/example_dags/example_python_operator.py
[2024-03-07T18:26:28.236+0000] {logging_mixin.py:188} INFO - [2024-03-07T18:26:28.236+0000] {dag.py:3047} INFO - Sync 1 DAGs
[2024-03-07T18:26:28.259+0000] {logging_mixin.py:188} INFO - [2024-03-07T18:26:28.259+0000] {dag.py:3834} INFO - Setting next_dagrun for example_python_operator to None, run_after=None
[2024-03-07T18:26:28.331+0000] {processor.py:183} INFO - Processing /home/airflow/.local/lib/python3.11/site-packages/airflow/example_dags/example_python_operator.py took 0.169 seconds
[2024-03-07T18:27:00.731+0000] {processor.py:161} INFO - Started process (PID=1584) to work on /home/airflow/.local/lib/python3.11/site-packages/airflow/example_dags/example_python_operator.py
[2024-03-07T18:27:00.733+0000] {processor.py:830} INFO - Processing file /home/airflow/.local/lib/python3.11/site-packages/airflow/example_dags/example_python_operator.py for tasks to queue
[2024-03-07T18:27:00.737+0000] {logging_mixin.py:188} INFO - [2024-03-07T18:27:00.736+0000] {dagbag.py:540} INFO - Filling up the DagBag from /home/airflow/.local/lib/python3.11/site-packages/airflow/example_dags/example_python_operator.py
[2024-03-07T18:27:00.758+0000] {processor.py:840} INFO - DAG(s) 'example_python_operator' retrieved from /home/airflow/.local/lib/python3.11/site-packages/airflow/example_dags/example_python_operator.py
[2024-03-07T18:27:00.815+0000] {logging_mixin.py:188} INFO - [2024-03-07T18:27:00.815+0000] {dag.py:3047} INFO - Sync 1 DAGs
[2024-03-07T18:27:00.858+0000] {logging_mixin.py:188} INFO - [2024-03-07T18:27:00.858+0000] {dag.py:3834} INFO - Setting next_dagrun for example_python_operator to None, run_after=None
[2024-03-07T18:27:00.914+0000] {processor.py:183} INFO - Processing /home/airflow/.local/lib/python3.11/site-packages/airflow/example_dags/example_python_operator.py took 0.188 seconds
[2024-03-07T18:27:33.136+0000] {processor.py:161} INFO - Started process (PID=1641) to work on /home/airflow/.local/lib/python3.11/site-packages/airflow/example_dags/example_python_operator.py
[2024-03-07T18:27:33.139+0000] {processor.py:830} INFO - Processing file /home/airflow/.local/lib/python3.11/site-packages/airflow/example_dags/example_python_operator.py for tasks to queue
[2024-03-07T18:27:33.143+0000] {logging_mixin.py:188} INFO - [2024-03-07T18:27:33.142+0000] {dagbag.py:540} INFO - Filling up the DagBag from /home/airflow/.local/lib/python3.11/site-packages/airflow/example_dags/example_python_operator.py
[2024-03-07T18:27:33.170+0000] {processor.py:840} INFO - DAG(s) 'example_python_operator' retrieved from /home/airflow/.local/lib/python3.11/site-packages/airflow/example_dags/example_python_operator.py
[2024-03-07T18:27:33.221+0000] {logging_mixin.py:188} INFO - [2024-03-07T18:27:33.220+0000] {dag.py:3047} INFO - Sync 1 DAGs
[2024-03-07T18:27:33.258+0000] {logging_mixin.py:188} INFO - [2024-03-07T18:27:33.257+0000] {dag.py:3834} INFO - Setting next_dagrun for example_python_operator to None, run_after=None
[2024-03-07T18:27:33.341+0000] {processor.py:183} INFO - Processing /home/airflow/.local/lib/python3.11/site-packages/airflow/example_dags/example_python_operator.py took 0.212 seconds
[2024-03-07T18:28:05.337+0000] {processor.py:161} INFO - Started process (PID=1699) to work on /home/airflow/.local/lib/python3.11/site-packages/airflow/example_dags/example_python_operator.py
[2024-03-07T18:28:05.340+0000] {processor.py:830} INFO - Processing file /home/airflow/.local/lib/python3.11/site-packages/airflow/example_dags/example_python_operator.py for tasks to queue
[2024-03-07T18:28:05.345+0000] {logging_mixin.py:188} INFO - [2024-03-07T18:28:05.344+0000] {dagbag.py:540} INFO - Filling up the DagBag from /home/airflow/.local/lib/python3.11/site-packages/airflow/example_dags/example_python_operator.py
[2024-03-07T18:28:05.370+0000] {processor.py:840} INFO - DAG(s) 'example_python_operator' retrieved from /home/airflow/.local/lib/python3.11/site-packages/airflow/example_dags/example_python_operator.py
[2024-03-07T18:28:05.444+0000] {logging_mixin.py:188} INFO - [2024-03-07T18:28:05.444+0000] {dag.py:3047} INFO - Sync 1 DAGs
[2024-03-07T18:28:05.490+0000] {logging_mixin.py:188} INFO - [2024-03-07T18:28:05.489+0000] {dag.py:3834} INFO - Setting next_dagrun for example_python_operator to None, run_after=None
[2024-03-07T18:28:05.554+0000] {processor.py:183} INFO - Processing /home/airflow/.local/lib/python3.11/site-packages/airflow/example_dags/example_python_operator.py took 0.223 seconds
[2024-03-07T18:28:38.491+0000] {processor.py:161} INFO - Started process (PID=1757) to work on /home/airflow/.local/lib/python3.11/site-packages/airflow/example_dags/example_python_operator.py
[2024-03-07T18:28:38.493+0000] {processor.py:830} INFO - Processing file /home/airflow/.local/lib/python3.11/site-packages/airflow/example_dags/example_python_operator.py for tasks to queue
[2024-03-07T18:28:38.499+0000] {logging_mixin.py:188} INFO - [2024-03-07T18:28:38.498+0000] {dagbag.py:540} INFO - Filling up the DagBag from /home/airflow/.local/lib/python3.11/site-packages/airflow/example_dags/example_python_operator.py
[2024-03-07T18:28:38.519+0000] {processor.py:840} INFO - DAG(s) 'example_python_operator' retrieved from /home/airflow/.local/lib/python3.11/site-packages/airflow/example_dags/example_python_operator.py
[2024-03-07T18:28:38.574+0000] {logging_mixin.py:188} INFO - [2024-03-07T18:28:38.572+0000] {dag.py:3047} INFO - Sync 1 DAGs
[2024-03-07T18:28:38.612+0000] {logging_mixin.py:188} INFO - [2024-03-07T18:28:38.611+0000] {dag.py:3834} INFO - Setting next_dagrun for example_python_operator to None, run_after=None
[2024-03-07T18:28:38.664+0000] {processor.py:183} INFO - Processing /home/airflow/.local/lib/python3.11/site-packages/airflow/example_dags/example_python_operator.py took 0.178 seconds
[2024-03-07T18:29:09.405+0000] {processor.py:161} INFO - Started process (PID=1816) to work on /home/airflow/.local/lib/python3.11/site-packages/airflow/example_dags/example_python_operator.py
[2024-03-07T18:29:09.408+0000] {processor.py:830} INFO - Processing file /home/airflow/.local/lib/python3.11/site-packages/airflow/example_dags/example_python_operator.py for tasks to queue
[2024-03-07T18:29:09.413+0000] {logging_mixin.py:188} INFO - [2024-03-07T18:29:09.412+0000] {dagbag.py:540} INFO - Filling up the DagBag from /home/airflow/.local/lib/python3.11/site-packages/airflow/example_dags/example_python_operator.py
[2024-03-07T18:29:09.433+0000] {processor.py:840} INFO - DAG(s) 'example_python_operator' retrieved from /home/airflow/.local/lib/python3.11/site-packages/airflow/example_dags/example_python_operator.py
[2024-03-07T18:29:09.485+0000] {logging_mixin.py:188} INFO - [2024-03-07T18:29:09.484+0000] {dag.py:3047} INFO - Sync 1 DAGs
[2024-03-07T18:29:09.514+0000] {logging_mixin.py:188} INFO - [2024-03-07T18:29:09.513+0000] {dag.py:3834} INFO - Setting next_dagrun for example_python_operator to None, run_after=None
[2024-03-07T18:29:09.566+0000] {processor.py:183} INFO - Processing /home/airflow/.local/lib/python3.11/site-packages/airflow/example_dags/example_python_operator.py took 0.166 seconds
