[2024-03-07T18:13:19.221+0000] {processor.py:161} INFO - Started process (PID=77) to work on /home/airflow/.local/lib/python3.11/site-packages/airflow/example_dags/example_nested_branch_dag.py
[2024-03-07T18:13:19.224+0000] {processor.py:830} INFO - Processing file /home/airflow/.local/lib/python3.11/site-packages/airflow/example_dags/example_nested_branch_dag.py for tasks to queue
[2024-03-07T18:13:19.239+0000] {logging_mixin.py:188} INFO - [2024-03-07T18:13:19.238+0000] {dagbag.py:540} INFO - Filling up the DagBag from /home/airflow/.local/lib/python3.11/site-packages/airflow/example_dags/example_nested_branch_dag.py
[2024-03-07T18:13:19.313+0000] {processor.py:840} INFO - DAG(s) 'example_nested_branch_dag' retrieved from /home/airflow/.local/lib/python3.11/site-packages/airflow/example_dags/example_nested_branch_dag.py
[2024-03-07T18:13:19.444+0000] {logging_mixin.py:188} INFO - [2024-03-07T18:13:19.442+0000] {dag.py:3047} INFO - Sync 1 DAGs
[2024-03-07T18:13:19.641+0000] {logging_mixin.py:188} INFO - [2024-03-07T18:13:19.640+0000] {dag.py:3834} INFO - Setting next_dagrun for example_nested_branch_dag to 2024-03-06 00:00:00+00:00, run_after=2024-03-07 00:00:00+00:00
[2024-03-07T18:13:19.769+0000] {processor.py:183} INFO - Processing /home/airflow/.local/lib/python3.11/site-packages/airflow/example_dags/example_nested_branch_dag.py took 0.563 seconds
[2024-03-07T18:13:50.176+0000] {processor.py:161} INFO - Started process (PID=135) to work on /home/airflow/.local/lib/python3.11/site-packages/airflow/example_dags/example_nested_branch_dag.py
[2024-03-07T18:13:50.180+0000] {processor.py:830} INFO - Processing file /home/airflow/.local/lib/python3.11/site-packages/airflow/example_dags/example_nested_branch_dag.py for tasks to queue
[2024-03-07T18:13:50.195+0000] {logging_mixin.py:188} INFO - [2024-03-07T18:13:50.193+0000] {dagbag.py:540} INFO - Filling up the DagBag from /home/airflow/.local/lib/python3.11/site-packages/airflow/example_dags/example_nested_branch_dag.py
[2024-03-07T18:13:50.257+0000] {processor.py:840} INFO - DAG(s) 'example_nested_branch_dag' retrieved from /home/airflow/.local/lib/python3.11/site-packages/airflow/example_dags/example_nested_branch_dag.py
[2024-03-07T18:13:50.414+0000] {logging_mixin.py:188} INFO - [2024-03-07T18:13:50.413+0000] {dag.py:3047} INFO - Sync 1 DAGs
[2024-03-07T18:13:50.612+0000] {logging_mixin.py:188} INFO - [2024-03-07T18:13:50.611+0000] {dag.py:3834} INFO - Setting next_dagrun for example_nested_branch_dag to 2024-03-06 00:00:00+00:00, run_after=2024-03-07 00:00:00+00:00
[2024-03-07T18:13:50.744+0000] {processor.py:183} INFO - Processing /home/airflow/.local/lib/python3.11/site-packages/airflow/example_dags/example_nested_branch_dag.py took 0.588 seconds
[2024-03-07T18:14:22.011+0000] {processor.py:161} INFO - Started process (PID=193) to work on /home/airflow/.local/lib/python3.11/site-packages/airflow/example_dags/example_nested_branch_dag.py
[2024-03-07T18:14:22.036+0000] {processor.py:830} INFO - Processing file /home/airflow/.local/lib/python3.11/site-packages/airflow/example_dags/example_nested_branch_dag.py for tasks to queue
[2024-03-07T18:14:22.098+0000] {logging_mixin.py:188} INFO - [2024-03-07T18:14:22.097+0000] {dagbag.py:540} INFO - Filling up the DagBag from /home/airflow/.local/lib/python3.11/site-packages/airflow/example_dags/example_nested_branch_dag.py
[2024-03-07T18:14:22.182+0000] {processor.py:840} INFO - DAG(s) 'example_nested_branch_dag' retrieved from /home/airflow/.local/lib/python3.11/site-packages/airflow/example_dags/example_nested_branch_dag.py
[2024-03-07T18:14:22.347+0000] {logging_mixin.py:188} INFO - [2024-03-07T18:14:22.346+0000] {dag.py:3047} INFO - Sync 1 DAGs
[2024-03-07T18:14:22.583+0000] {logging_mixin.py:188} INFO - [2024-03-07T18:14:22.582+0000] {dag.py:3834} INFO - Setting next_dagrun for example_nested_branch_dag to 2024-03-06 00:00:00+00:00, run_after=2024-03-07 00:00:00+00:00
[2024-03-07T18:14:22.700+0000] {processor.py:183} INFO - Processing /home/airflow/.local/lib/python3.11/site-packages/airflow/example_dags/example_nested_branch_dag.py took 0.719 seconds
[2024-03-07T18:14:54.436+0000] {processor.py:161} INFO - Started process (PID=250) to work on /home/airflow/.local/lib/python3.11/site-packages/airflow/example_dags/example_nested_branch_dag.py
[2024-03-07T18:14:54.447+0000] {processor.py:830} INFO - Processing file /home/airflow/.local/lib/python3.11/site-packages/airflow/example_dags/example_nested_branch_dag.py for tasks to queue
[2024-03-07T18:14:54.464+0000] {logging_mixin.py:188} INFO - [2024-03-07T18:14:54.463+0000] {dagbag.py:540} INFO - Filling up the DagBag from /home/airflow/.local/lib/python3.11/site-packages/airflow/example_dags/example_nested_branch_dag.py
[2024-03-07T18:14:54.530+0000] {processor.py:840} INFO - DAG(s) 'example_nested_branch_dag' retrieved from /home/airflow/.local/lib/python3.11/site-packages/airflow/example_dags/example_nested_branch_dag.py
[2024-03-07T18:14:54.593+0000] {logging_mixin.py:188} INFO - [2024-03-07T18:14:54.592+0000] {dag.py:3047} INFO - Sync 1 DAGs
[2024-03-07T18:14:54.807+0000] {logging_mixin.py:188} INFO - [2024-03-07T18:14:54.806+0000] {dag.py:3834} INFO - Setting next_dagrun for example_nested_branch_dag to 2024-03-06 00:00:00+00:00, run_after=2024-03-07 00:00:00+00:00
[2024-03-07T18:14:54.909+0000] {processor.py:183} INFO - Processing /home/airflow/.local/lib/python3.11/site-packages/airflow/example_dags/example_nested_branch_dag.py took 0.483 seconds
[2024-03-07T18:15:28.225+0000] {processor.py:161} INFO - Started process (PID=309) to work on /home/airflow/.local/lib/python3.11/site-packages/airflow/example_dags/example_nested_branch_dag.py
[2024-03-07T18:15:28.228+0000] {processor.py:830} INFO - Processing file /home/airflow/.local/lib/python3.11/site-packages/airflow/example_dags/example_nested_branch_dag.py for tasks to queue
[2024-03-07T18:15:28.237+0000] {logging_mixin.py:188} INFO - [2024-03-07T18:15:28.233+0000] {dagbag.py:540} INFO - Filling up the DagBag from /home/airflow/.local/lib/python3.11/site-packages/airflow/example_dags/example_nested_branch_dag.py
[2024-03-07T18:15:28.305+0000] {processor.py:840} INFO - DAG(s) 'example_nested_branch_dag' retrieved from /home/airflow/.local/lib/python3.11/site-packages/airflow/example_dags/example_nested_branch_dag.py
[2024-03-07T18:15:29.045+0000] {logging_mixin.py:188} INFO - [2024-03-07T18:15:29.044+0000] {dag.py:3047} INFO - Sync 1 DAGs
[2024-03-07T18:15:29.233+0000] {logging_mixin.py:188} INFO - [2024-03-07T18:15:29.232+0000] {dag.py:3834} INFO - Setting next_dagrun for example_nested_branch_dag to 2024-03-06 00:00:00+00:00, run_after=2024-03-07 00:00:00+00:00
[2024-03-07T18:15:29.451+0000] {processor.py:183} INFO - Processing /home/airflow/.local/lib/python3.11/site-packages/airflow/example_dags/example_nested_branch_dag.py took 1.235 seconds
[2024-03-07T18:16:00.075+0000] {processor.py:161} INFO - Started process (PID=367) to work on /home/airflow/.local/lib/python3.11/site-packages/airflow/example_dags/example_nested_branch_dag.py
[2024-03-07T18:16:00.079+0000] {processor.py:830} INFO - Processing file /home/airflow/.local/lib/python3.11/site-packages/airflow/example_dags/example_nested_branch_dag.py for tasks to queue
[2024-03-07T18:16:00.087+0000] {logging_mixin.py:188} INFO - [2024-03-07T18:16:00.086+0000] {dagbag.py:540} INFO - Filling up the DagBag from /home/airflow/.local/lib/python3.11/site-packages/airflow/example_dags/example_nested_branch_dag.py
[2024-03-07T18:16:00.129+0000] {processor.py:840} INFO - DAG(s) 'example_nested_branch_dag' retrieved from /home/airflow/.local/lib/python3.11/site-packages/airflow/example_dags/example_nested_branch_dag.py
[2024-03-07T18:16:00.206+0000] {logging_mixin.py:188} INFO - [2024-03-07T18:16:00.206+0000] {dag.py:3047} INFO - Sync 1 DAGs
[2024-03-07T18:16:00.281+0000] {logging_mixin.py:188} INFO - [2024-03-07T18:16:00.280+0000] {dag.py:3834} INFO - Setting next_dagrun for example_nested_branch_dag to 2024-03-06 00:00:00+00:00, run_after=2024-03-07 00:00:00+00:00
[2024-03-07T18:16:00.374+0000] {processor.py:183} INFO - Processing /home/airflow/.local/lib/python3.11/site-packages/airflow/example_dags/example_nested_branch_dag.py took 0.314 seconds
[2024-03-07T18:16:30.583+0000] {processor.py:161} INFO - Started process (PID=425) to work on /home/airflow/.local/lib/python3.11/site-packages/airflow/example_dags/example_nested_branch_dag.py
[2024-03-07T18:16:30.586+0000] {processor.py:830} INFO - Processing file /home/airflow/.local/lib/python3.11/site-packages/airflow/example_dags/example_nested_branch_dag.py for tasks to queue
[2024-03-07T18:16:30.595+0000] {logging_mixin.py:188} INFO - [2024-03-07T18:16:30.594+0000] {dagbag.py:540} INFO - Filling up the DagBag from /home/airflow/.local/lib/python3.11/site-packages/airflow/example_dags/example_nested_branch_dag.py
[2024-03-07T18:16:30.621+0000] {processor.py:840} INFO - DAG(s) 'example_nested_branch_dag' retrieved from /home/airflow/.local/lib/python3.11/site-packages/airflow/example_dags/example_nested_branch_dag.py
[2024-03-07T18:16:30.694+0000] {logging_mixin.py:188} INFO - [2024-03-07T18:16:30.693+0000] {dag.py:3047} INFO - Sync 1 DAGs
[2024-03-07T18:16:30.825+0000] {logging_mixin.py:188} INFO - [2024-03-07T18:16:30.824+0000] {dag.py:3834} INFO - Setting next_dagrun for example_nested_branch_dag to 2024-03-06 00:00:00+00:00, run_after=2024-03-07 00:00:00+00:00
[2024-03-07T18:16:30.892+0000] {processor.py:183} INFO - Processing /home/airflow/.local/lib/python3.11/site-packages/airflow/example_dags/example_nested_branch_dag.py took 0.318 seconds
[2024-03-07T18:17:01.967+0000] {processor.py:161} INFO - Started process (PID=483) to work on /home/airflow/.local/lib/python3.11/site-packages/airflow/example_dags/example_nested_branch_dag.py
[2024-03-07T18:17:01.971+0000] {processor.py:830} INFO - Processing file /home/airflow/.local/lib/python3.11/site-packages/airflow/example_dags/example_nested_branch_dag.py for tasks to queue
[2024-03-07T18:17:01.978+0000] {logging_mixin.py:188} INFO - [2024-03-07T18:17:01.977+0000] {dagbag.py:540} INFO - Filling up the DagBag from /home/airflow/.local/lib/python3.11/site-packages/airflow/example_dags/example_nested_branch_dag.py
[2024-03-07T18:17:02.014+0000] {processor.py:840} INFO - DAG(s) 'example_nested_branch_dag' retrieved from /home/airflow/.local/lib/python3.11/site-packages/airflow/example_dags/example_nested_branch_dag.py
[2024-03-07T18:17:02.094+0000] {logging_mixin.py:188} INFO - [2024-03-07T18:17:02.094+0000] {dag.py:3047} INFO - Sync 1 DAGs
[2024-03-07T18:17:02.220+0000] {logging_mixin.py:188} INFO - [2024-03-07T18:17:02.220+0000] {dag.py:3834} INFO - Setting next_dagrun for example_nested_branch_dag to 2024-03-06 00:00:00+00:00, run_after=2024-03-07 00:00:00+00:00
[2024-03-07T18:17:02.288+0000] {processor.py:183} INFO - Processing /home/airflow/.local/lib/python3.11/site-packages/airflow/example_dags/example_nested_branch_dag.py took 0.334 seconds
[2024-03-07T18:17:32.575+0000] {processor.py:161} INFO - Started process (PID=540) to work on /home/airflow/.local/lib/python3.11/site-packages/airflow/example_dags/example_nested_branch_dag.py
[2024-03-07T18:17:32.580+0000] {processor.py:830} INFO - Processing file /home/airflow/.local/lib/python3.11/site-packages/airflow/example_dags/example_nested_branch_dag.py for tasks to queue
[2024-03-07T18:17:32.585+0000] {logging_mixin.py:188} INFO - [2024-03-07T18:17:32.584+0000] {dagbag.py:540} INFO - Filling up the DagBag from /home/airflow/.local/lib/python3.11/site-packages/airflow/example_dags/example_nested_branch_dag.py
[2024-03-07T18:17:32.614+0000] {processor.py:840} INFO - DAG(s) 'example_nested_branch_dag' retrieved from /home/airflow/.local/lib/python3.11/site-packages/airflow/example_dags/example_nested_branch_dag.py
[2024-03-07T18:17:32.669+0000] {logging_mixin.py:188} INFO - [2024-03-07T18:17:32.668+0000] {dag.py:3047} INFO - Sync 1 DAGs
[2024-03-07T18:17:32.743+0000] {logging_mixin.py:188} INFO - [2024-03-07T18:17:32.742+0000] {dag.py:3834} INFO - Setting next_dagrun for example_nested_branch_dag to 2024-03-06 00:00:00+00:00, run_after=2024-03-07 00:00:00+00:00
[2024-03-07T18:17:32.830+0000] {processor.py:183} INFO - Processing /home/airflow/.local/lib/python3.11/site-packages/airflow/example_dags/example_nested_branch_dag.py took 0.263 seconds
[2024-03-07T18:18:03.064+0000] {processor.py:161} INFO - Started process (PID=598) to work on /home/airflow/.local/lib/python3.11/site-packages/airflow/example_dags/example_nested_branch_dag.py
[2024-03-07T18:18:03.067+0000] {processor.py:830} INFO - Processing file /home/airflow/.local/lib/python3.11/site-packages/airflow/example_dags/example_nested_branch_dag.py for tasks to queue
[2024-03-07T18:18:03.071+0000] {logging_mixin.py:188} INFO - [2024-03-07T18:18:03.071+0000] {dagbag.py:540} INFO - Filling up the DagBag from /home/airflow/.local/lib/python3.11/site-packages/airflow/example_dags/example_nested_branch_dag.py
[2024-03-07T18:18:03.096+0000] {processor.py:840} INFO - DAG(s) 'example_nested_branch_dag' retrieved from /home/airflow/.local/lib/python3.11/site-packages/airflow/example_dags/example_nested_branch_dag.py
[2024-03-07T18:18:03.147+0000] {logging_mixin.py:188} INFO - [2024-03-07T18:18:03.147+0000] {dag.py:3047} INFO - Sync 1 DAGs
[2024-03-07T18:18:03.213+0000] {logging_mixin.py:188} INFO - [2024-03-07T18:18:03.212+0000] {dag.py:3834} INFO - Setting next_dagrun for example_nested_branch_dag to 2024-03-06 00:00:00+00:00, run_after=2024-03-07 00:00:00+00:00
[2024-03-07T18:18:03.273+0000] {processor.py:183} INFO - Processing /home/airflow/.local/lib/python3.11/site-packages/airflow/example_dags/example_nested_branch_dag.py took 0.214 seconds
[2024-03-07T18:18:33.489+0000] {processor.py:161} INFO - Started process (PID=656) to work on /home/airflow/.local/lib/python3.11/site-packages/airflow/example_dags/example_nested_branch_dag.py
[2024-03-07T18:18:33.491+0000] {processor.py:830} INFO - Processing file /home/airflow/.local/lib/python3.11/site-packages/airflow/example_dags/example_nested_branch_dag.py for tasks to queue
[2024-03-07T18:18:33.496+0000] {logging_mixin.py:188} INFO - [2024-03-07T18:18:33.496+0000] {dagbag.py:540} INFO - Filling up the DagBag from /home/airflow/.local/lib/python3.11/site-packages/airflow/example_dags/example_nested_branch_dag.py
[2024-03-07T18:18:33.514+0000] {processor.py:840} INFO - DAG(s) 'example_nested_branch_dag' retrieved from /home/airflow/.local/lib/python3.11/site-packages/airflow/example_dags/example_nested_branch_dag.py
[2024-03-07T18:18:33.557+0000] {logging_mixin.py:188} INFO - [2024-03-07T18:18:33.556+0000] {dag.py:3047} INFO - Sync 1 DAGs
[2024-03-07T18:18:33.615+0000] {logging_mixin.py:188} INFO - [2024-03-07T18:18:33.615+0000] {dag.py:3834} INFO - Setting next_dagrun for example_nested_branch_dag to 2024-03-06 00:00:00+00:00, run_after=2024-03-07 00:00:00+00:00
[2024-03-07T18:18:33.669+0000] {processor.py:183} INFO - Processing /home/airflow/.local/lib/python3.11/site-packages/airflow/example_dags/example_nested_branch_dag.py took 0.185 seconds
[2024-03-07T18:19:04.791+0000] {processor.py:161} INFO - Started process (PID=714) to work on /home/airflow/.local/lib/python3.11/site-packages/airflow/example_dags/example_nested_branch_dag.py
[2024-03-07T18:19:04.793+0000] {processor.py:830} INFO - Processing file /home/airflow/.local/lib/python3.11/site-packages/airflow/example_dags/example_nested_branch_dag.py for tasks to queue
[2024-03-07T18:19:04.797+0000] {logging_mixin.py:188} INFO - [2024-03-07T18:19:04.796+0000] {dagbag.py:540} INFO - Filling up the DagBag from /home/airflow/.local/lib/python3.11/site-packages/airflow/example_dags/example_nested_branch_dag.py
[2024-03-07T18:19:04.815+0000] {processor.py:840} INFO - DAG(s) 'example_nested_branch_dag' retrieved from /home/airflow/.local/lib/python3.11/site-packages/airflow/example_dags/example_nested_branch_dag.py
[2024-03-07T18:19:04.874+0000] {logging_mixin.py:188} INFO - [2024-03-07T18:19:04.873+0000] {dag.py:3047} INFO - Sync 1 DAGs
[2024-03-07T18:19:04.925+0000] {logging_mixin.py:188} INFO - [2024-03-07T18:19:04.924+0000] {dag.py:3834} INFO - Setting next_dagrun for example_nested_branch_dag to 2024-03-06 00:00:00+00:00, run_after=2024-03-07 00:00:00+00:00
[2024-03-07T18:19:04.976+0000] {processor.py:183} INFO - Processing /home/airflow/.local/lib/python3.11/site-packages/airflow/example_dags/example_nested_branch_dag.py took 0.190 seconds
[2024-03-07T18:19:36.106+0000] {processor.py:161} INFO - Started process (PID=773) to work on /home/airflow/.local/lib/python3.11/site-packages/airflow/example_dags/example_nested_branch_dag.py
[2024-03-07T18:19:36.109+0000] {processor.py:830} INFO - Processing file /home/airflow/.local/lib/python3.11/site-packages/airflow/example_dags/example_nested_branch_dag.py for tasks to queue
[2024-03-07T18:19:36.114+0000] {logging_mixin.py:188} INFO - [2024-03-07T18:19:36.113+0000] {dagbag.py:540} INFO - Filling up the DagBag from /home/airflow/.local/lib/python3.11/site-packages/airflow/example_dags/example_nested_branch_dag.py
[2024-03-07T18:19:36.132+0000] {processor.py:840} INFO - DAG(s) 'example_nested_branch_dag' retrieved from /home/airflow/.local/lib/python3.11/site-packages/airflow/example_dags/example_nested_branch_dag.py
[2024-03-07T18:19:36.181+0000] {logging_mixin.py:188} INFO - [2024-03-07T18:19:36.180+0000] {dag.py:3047} INFO - Sync 1 DAGs
[2024-03-07T18:19:36.248+0000] {logging_mixin.py:188} INFO - [2024-03-07T18:19:36.248+0000] {dag.py:3834} INFO - Setting next_dagrun for example_nested_branch_dag to 2024-03-06 00:00:00+00:00, run_after=2024-03-07 00:00:00+00:00
[2024-03-07T18:19:36.325+0000] {processor.py:183} INFO - Processing /home/airflow/.local/lib/python3.11/site-packages/airflow/example_dags/example_nested_branch_dag.py took 0.226 seconds
[2024-03-07T18:20:07.032+0000] {processor.py:161} INFO - Started process (PID=831) to work on /home/airflow/.local/lib/python3.11/site-packages/airflow/example_dags/example_nested_branch_dag.py
[2024-03-07T18:20:07.035+0000] {processor.py:830} INFO - Processing file /home/airflow/.local/lib/python3.11/site-packages/airflow/example_dags/example_nested_branch_dag.py for tasks to queue
[2024-03-07T18:20:07.039+0000] {logging_mixin.py:188} INFO - [2024-03-07T18:20:07.038+0000] {dagbag.py:540} INFO - Filling up the DagBag from /home/airflow/.local/lib/python3.11/site-packages/airflow/example_dags/example_nested_branch_dag.py
[2024-03-07T18:20:07.057+0000] {processor.py:840} INFO - DAG(s) 'example_nested_branch_dag' retrieved from /home/airflow/.local/lib/python3.11/site-packages/airflow/example_dags/example_nested_branch_dag.py
[2024-03-07T18:20:07.101+0000] {logging_mixin.py:188} INFO - [2024-03-07T18:20:07.100+0000] {dag.py:3047} INFO - Sync 1 DAGs
[2024-03-07T18:20:07.154+0000] {logging_mixin.py:188} INFO - [2024-03-07T18:20:07.154+0000] {dag.py:3834} INFO - Setting next_dagrun for example_nested_branch_dag to 2024-03-06 00:00:00+00:00, run_after=2024-03-07 00:00:00+00:00
[2024-03-07T18:20:07.206+0000] {processor.py:183} INFO - Processing /home/airflow/.local/lib/python3.11/site-packages/airflow/example_dags/example_nested_branch_dag.py took 0.181 seconds
[2024-03-07T18:20:37.550+0000] {processor.py:161} INFO - Started process (PID=887) to work on /home/airflow/.local/lib/python3.11/site-packages/airflow/example_dags/example_nested_branch_dag.py
[2024-03-07T18:20:37.552+0000] {processor.py:830} INFO - Processing file /home/airflow/.local/lib/python3.11/site-packages/airflow/example_dags/example_nested_branch_dag.py for tasks to queue
[2024-03-07T18:20:37.556+0000] {logging_mixin.py:188} INFO - [2024-03-07T18:20:37.555+0000] {dagbag.py:540} INFO - Filling up the DagBag from /home/airflow/.local/lib/python3.11/site-packages/airflow/example_dags/example_nested_branch_dag.py
[2024-03-07T18:20:37.576+0000] {processor.py:840} INFO - DAG(s) 'example_nested_branch_dag' retrieved from /home/airflow/.local/lib/python3.11/site-packages/airflow/example_dags/example_nested_branch_dag.py
[2024-03-07T18:20:37.623+0000] {logging_mixin.py:188} INFO - [2024-03-07T18:20:37.623+0000] {dag.py:3047} INFO - Sync 1 DAGs
[2024-03-07T18:20:37.689+0000] {logging_mixin.py:188} INFO - [2024-03-07T18:20:37.688+0000] {dag.py:3834} INFO - Setting next_dagrun for example_nested_branch_dag to 2024-03-06 00:00:00+00:00, run_after=2024-03-07 00:00:00+00:00
[2024-03-07T18:20:37.744+0000] {processor.py:183} INFO - Processing /home/airflow/.local/lib/python3.11/site-packages/airflow/example_dags/example_nested_branch_dag.py took 0.200 seconds
[2024-03-07T18:21:08.946+0000] {processor.py:161} INFO - Started process (PID=944) to work on /home/airflow/.local/lib/python3.11/site-packages/airflow/example_dags/example_nested_branch_dag.py
[2024-03-07T18:21:08.951+0000] {processor.py:830} INFO - Processing file /home/airflow/.local/lib/python3.11/site-packages/airflow/example_dags/example_nested_branch_dag.py for tasks to queue
[2024-03-07T18:21:08.966+0000] {logging_mixin.py:188} INFO - [2024-03-07T18:21:08.965+0000] {dagbag.py:540} INFO - Filling up the DagBag from /home/airflow/.local/lib/python3.11/site-packages/airflow/example_dags/example_nested_branch_dag.py
[2024-03-07T18:21:09.033+0000] {processor.py:840} INFO - DAG(s) 'example_nested_branch_dag' retrieved from /home/airflow/.local/lib/python3.11/site-packages/airflow/example_dags/example_nested_branch_dag.py
[2024-03-07T18:21:09.195+0000] {logging_mixin.py:188} INFO - [2024-03-07T18:21:09.194+0000] {dag.py:3047} INFO - Sync 1 DAGs
[2024-03-07T18:21:09.257+0000] {logging_mixin.py:188} INFO - [2024-03-07T18:21:09.256+0000] {dag.py:3834} INFO - Setting next_dagrun for example_nested_branch_dag to 2024-03-06 00:00:00+00:00, run_after=2024-03-07 00:00:00+00:00
[2024-03-07T18:21:09.315+0000] {processor.py:183} INFO - Processing /home/airflow/.local/lib/python3.11/site-packages/airflow/example_dags/example_nested_branch_dag.py took 0.389 seconds
[2024-03-07T18:21:43.473+0000] {processor.py:161} INFO - Started process (PID=1009) to work on /home/airflow/.local/lib/python3.11/site-packages/airflow/example_dags/example_nested_branch_dag.py
[2024-03-07T18:21:43.475+0000] {processor.py:830} INFO - Processing file /home/airflow/.local/lib/python3.11/site-packages/airflow/example_dags/example_nested_branch_dag.py for tasks to queue
[2024-03-07T18:21:43.479+0000] {logging_mixin.py:188} INFO - [2024-03-07T18:21:43.478+0000] {dagbag.py:540} INFO - Filling up the DagBag from /home/airflow/.local/lib/python3.11/site-packages/airflow/example_dags/example_nested_branch_dag.py
[2024-03-07T18:21:43.498+0000] {processor.py:840} INFO - DAG(s) 'example_nested_branch_dag' retrieved from /home/airflow/.local/lib/python3.11/site-packages/airflow/example_dags/example_nested_branch_dag.py
[2024-03-07T18:21:43.543+0000] {logging_mixin.py:188} INFO - [2024-03-07T18:21:43.543+0000] {dag.py:3047} INFO - Sync 1 DAGs
[2024-03-07T18:21:43.588+0000] {logging_mixin.py:188} INFO - [2024-03-07T18:21:43.588+0000] {dag.py:3834} INFO - Setting next_dagrun for example_nested_branch_dag to 2024-03-06 00:00:00+00:00, run_after=2024-03-07 00:00:00+00:00
[2024-03-07T18:21:43.638+0000] {processor.py:183} INFO - Processing /home/airflow/.local/lib/python3.11/site-packages/airflow/example_dags/example_nested_branch_dag.py took 0.169 seconds
[2024-03-07T18:22:14.487+0000] {processor.py:161} INFO - Started process (PID=1067) to work on /home/airflow/.local/lib/python3.11/site-packages/airflow/example_dags/example_nested_branch_dag.py
[2024-03-07T18:22:14.490+0000] {processor.py:830} INFO - Processing file /home/airflow/.local/lib/python3.11/site-packages/airflow/example_dags/example_nested_branch_dag.py for tasks to queue
[2024-03-07T18:22:14.494+0000] {logging_mixin.py:188} INFO - [2024-03-07T18:22:14.493+0000] {dagbag.py:540} INFO - Filling up the DagBag from /home/airflow/.local/lib/python3.11/site-packages/airflow/example_dags/example_nested_branch_dag.py
[2024-03-07T18:22:14.516+0000] {processor.py:840} INFO - DAG(s) 'example_nested_branch_dag' retrieved from /home/airflow/.local/lib/python3.11/site-packages/airflow/example_dags/example_nested_branch_dag.py
[2024-03-07T18:22:14.560+0000] {logging_mixin.py:188} INFO - [2024-03-07T18:22:14.559+0000] {dag.py:3047} INFO - Sync 1 DAGs
[2024-03-07T18:22:14.607+0000] {logging_mixin.py:188} INFO - [2024-03-07T18:22:14.607+0000] {dag.py:3834} INFO - Setting next_dagrun for example_nested_branch_dag to 2024-03-06 00:00:00+00:00, run_after=2024-03-07 00:00:00+00:00
[2024-03-07T18:22:14.657+0000] {processor.py:183} INFO - Processing /home/airflow/.local/lib/python3.11/site-packages/airflow/example_dags/example_nested_branch_dag.py took 0.176 seconds
[2024-03-07T18:22:47.094+0000] {processor.py:161} INFO - Started process (PID=1126) to work on /home/airflow/.local/lib/python3.11/site-packages/airflow/example_dags/example_nested_branch_dag.py
[2024-03-07T18:22:47.097+0000] {processor.py:830} INFO - Processing file /home/airflow/.local/lib/python3.11/site-packages/airflow/example_dags/example_nested_branch_dag.py for tasks to queue
[2024-03-07T18:22:47.101+0000] {logging_mixin.py:188} INFO - [2024-03-07T18:22:47.100+0000] {dagbag.py:540} INFO - Filling up the DagBag from /home/airflow/.local/lib/python3.11/site-packages/airflow/example_dags/example_nested_branch_dag.py
[2024-03-07T18:22:47.123+0000] {processor.py:840} INFO - DAG(s) 'example_nested_branch_dag' retrieved from /home/airflow/.local/lib/python3.11/site-packages/airflow/example_dags/example_nested_branch_dag.py
[2024-03-07T18:22:47.171+0000] {logging_mixin.py:188} INFO - [2024-03-07T18:22:47.170+0000] {dag.py:3047} INFO - Sync 1 DAGs
[2024-03-07T18:22:47.226+0000] {logging_mixin.py:188} INFO - [2024-03-07T18:22:47.226+0000] {dag.py:3834} INFO - Setting next_dagrun for example_nested_branch_dag to 2024-03-06 00:00:00+00:00, run_after=2024-03-07 00:00:00+00:00
[2024-03-07T18:22:47.282+0000] {processor.py:183} INFO - Processing /home/airflow/.local/lib/python3.11/site-packages/airflow/example_dags/example_nested_branch_dag.py took 0.193 seconds
[2024-03-07T18:23:18.000+0000] {processor.py:161} INFO - Started process (PID=1184) to work on /home/airflow/.local/lib/python3.11/site-packages/airflow/example_dags/example_nested_branch_dag.py
[2024-03-07T18:23:18.003+0000] {processor.py:830} INFO - Processing file /home/airflow/.local/lib/python3.11/site-packages/airflow/example_dags/example_nested_branch_dag.py for tasks to queue
[2024-03-07T18:23:18.008+0000] {logging_mixin.py:188} INFO - [2024-03-07T18:23:18.007+0000] {dagbag.py:540} INFO - Filling up the DagBag from /home/airflow/.local/lib/python3.11/site-packages/airflow/example_dags/example_nested_branch_dag.py
[2024-03-07T18:23:18.045+0000] {processor.py:840} INFO - DAG(s) 'example_nested_branch_dag' retrieved from /home/airflow/.local/lib/python3.11/site-packages/airflow/example_dags/example_nested_branch_dag.py
[2024-03-07T18:23:18.112+0000] {logging_mixin.py:188} INFO - [2024-03-07T18:23:18.111+0000] {dag.py:3047} INFO - Sync 1 DAGs
[2024-03-07T18:23:18.157+0000] {logging_mixin.py:188} INFO - [2024-03-07T18:23:18.156+0000] {dag.py:3834} INFO - Setting next_dagrun for example_nested_branch_dag to 2024-03-06 00:00:00+00:00, run_after=2024-03-07 00:00:00+00:00
[2024-03-07T18:23:18.207+0000] {processor.py:183} INFO - Processing /home/airflow/.local/lib/python3.11/site-packages/airflow/example_dags/example_nested_branch_dag.py took 0.213 seconds
[2024-03-07T18:23:49.313+0000] {processor.py:161} INFO - Started process (PID=1243) to work on /home/airflow/.local/lib/python3.11/site-packages/airflow/example_dags/example_nested_branch_dag.py
[2024-03-07T18:23:49.316+0000] {processor.py:830} INFO - Processing file /home/airflow/.local/lib/python3.11/site-packages/airflow/example_dags/example_nested_branch_dag.py for tasks to queue
[2024-03-07T18:23:49.326+0000] {logging_mixin.py:188} INFO - [2024-03-07T18:23:49.322+0000] {dagbag.py:540} INFO - Filling up the DagBag from /home/airflow/.local/lib/python3.11/site-packages/airflow/example_dags/example_nested_branch_dag.py
[2024-03-07T18:23:49.357+0000] {processor.py:840} INFO - DAG(s) 'example_nested_branch_dag' retrieved from /home/airflow/.local/lib/python3.11/site-packages/airflow/example_dags/example_nested_branch_dag.py
[2024-03-07T18:23:49.411+0000] {logging_mixin.py:188} INFO - [2024-03-07T18:23:49.410+0000] {dag.py:3047} INFO - Sync 1 DAGs
[2024-03-07T18:23:49.482+0000] {logging_mixin.py:188} INFO - [2024-03-07T18:23:49.481+0000] {dag.py:3834} INFO - Setting next_dagrun for example_nested_branch_dag to 2024-03-06 00:00:00+00:00, run_after=2024-03-07 00:00:00+00:00
[2024-03-07T18:23:49.544+0000] {processor.py:183} INFO - Processing /home/airflow/.local/lib/python3.11/site-packages/airflow/example_dags/example_nested_branch_dag.py took 0.245 seconds
[2024-03-07T18:24:20.800+0000] {processor.py:161} INFO - Started process (PID=1298) to work on /home/airflow/.local/lib/python3.11/site-packages/airflow/example_dags/example_nested_branch_dag.py
[2024-03-07T18:24:20.803+0000] {processor.py:830} INFO - Processing file /home/airflow/.local/lib/python3.11/site-packages/airflow/example_dags/example_nested_branch_dag.py for tasks to queue
[2024-03-07T18:24:20.809+0000] {logging_mixin.py:188} INFO - [2024-03-07T18:24:20.808+0000] {dagbag.py:540} INFO - Filling up the DagBag from /home/airflow/.local/lib/python3.11/site-packages/airflow/example_dags/example_nested_branch_dag.py
[2024-03-07T18:24:20.834+0000] {processor.py:840} INFO - DAG(s) 'example_nested_branch_dag' retrieved from /home/airflow/.local/lib/python3.11/site-packages/airflow/example_dags/example_nested_branch_dag.py
[2024-03-07T18:24:20.910+0000] {logging_mixin.py:188} INFO - [2024-03-07T18:24:20.909+0000] {dag.py:3047} INFO - Sync 1 DAGs
[2024-03-07T18:24:20.979+0000] {logging_mixin.py:188} INFO - [2024-03-07T18:24:20.978+0000] {dag.py:3834} INFO - Setting next_dagrun for example_nested_branch_dag to 2024-03-06 00:00:00+00:00, run_after=2024-03-07 00:00:00+00:00
[2024-03-07T18:24:21.041+0000] {processor.py:183} INFO - Processing /home/airflow/.local/lib/python3.11/site-packages/airflow/example_dags/example_nested_branch_dag.py took 0.248 seconds
[2024-03-07T18:24:52.408+0000] {processor.py:161} INFO - Started process (PID=1356) to work on /home/airflow/.local/lib/python3.11/site-packages/airflow/example_dags/example_nested_branch_dag.py
[2024-03-07T18:24:52.410+0000] {processor.py:830} INFO - Processing file /home/airflow/.local/lib/python3.11/site-packages/airflow/example_dags/example_nested_branch_dag.py for tasks to queue
[2024-03-07T18:24:52.414+0000] {logging_mixin.py:188} INFO - [2024-03-07T18:24:52.414+0000] {dagbag.py:540} INFO - Filling up the DagBag from /home/airflow/.local/lib/python3.11/site-packages/airflow/example_dags/example_nested_branch_dag.py
[2024-03-07T18:24:52.433+0000] {processor.py:840} INFO - DAG(s) 'example_nested_branch_dag' retrieved from /home/airflow/.local/lib/python3.11/site-packages/airflow/example_dags/example_nested_branch_dag.py
[2024-03-07T18:24:52.482+0000] {logging_mixin.py:188} INFO - [2024-03-07T18:24:52.481+0000] {dag.py:3047} INFO - Sync 1 DAGs
[2024-03-07T18:24:52.536+0000] {logging_mixin.py:188} INFO - [2024-03-07T18:24:52.535+0000] {dag.py:3834} INFO - Setting next_dagrun for example_nested_branch_dag to 2024-03-06 00:00:00+00:00, run_after=2024-03-07 00:00:00+00:00
[2024-03-07T18:24:52.586+0000] {processor.py:183} INFO - Processing /home/airflow/.local/lib/python3.11/site-packages/airflow/example_dags/example_nested_branch_dag.py took 0.183 seconds
[2024-03-07T18:25:25.489+0000] {processor.py:161} INFO - Started process (PID=1417) to work on /home/airflow/.local/lib/python3.11/site-packages/airflow/example_dags/example_nested_branch_dag.py
[2024-03-07T18:25:25.492+0000] {processor.py:830} INFO - Processing file /home/airflow/.local/lib/python3.11/site-packages/airflow/example_dags/example_nested_branch_dag.py for tasks to queue
[2024-03-07T18:25:25.497+0000] {logging_mixin.py:188} INFO - [2024-03-07T18:25:25.495+0000] {dagbag.py:540} INFO - Filling up the DagBag from /home/airflow/.local/lib/python3.11/site-packages/airflow/example_dags/example_nested_branch_dag.py
[2024-03-07T18:25:25.525+0000] {processor.py:840} INFO - DAG(s) 'example_nested_branch_dag' retrieved from /home/airflow/.local/lib/python3.11/site-packages/airflow/example_dags/example_nested_branch_dag.py
[2024-03-07T18:25:25.579+0000] {logging_mixin.py:188} INFO - [2024-03-07T18:25:25.579+0000] {dag.py:3047} INFO - Sync 1 DAGs
[2024-03-07T18:25:25.642+0000] {logging_mixin.py:188} INFO - [2024-03-07T18:25:25.642+0000] {dag.py:3834} INFO - Setting next_dagrun for example_nested_branch_dag to 2024-03-06 00:00:00+00:00, run_after=2024-03-07 00:00:00+00:00
[2024-03-07T18:25:25.707+0000] {processor.py:183} INFO - Processing /home/airflow/.local/lib/python3.11/site-packages/airflow/example_dags/example_nested_branch_dag.py took 0.225 seconds
[2024-03-07T18:25:57.767+0000] {processor.py:161} INFO - Started process (PID=1475) to work on /home/airflow/.local/lib/python3.11/site-packages/airflow/example_dags/example_nested_branch_dag.py
[2024-03-07T18:25:57.770+0000] {processor.py:830} INFO - Processing file /home/airflow/.local/lib/python3.11/site-packages/airflow/example_dags/example_nested_branch_dag.py for tasks to queue
[2024-03-07T18:25:57.775+0000] {logging_mixin.py:188} INFO - [2024-03-07T18:25:57.774+0000] {dagbag.py:540} INFO - Filling up the DagBag from /home/airflow/.local/lib/python3.11/site-packages/airflow/example_dags/example_nested_branch_dag.py
[2024-03-07T18:25:57.796+0000] {processor.py:840} INFO - DAG(s) 'example_nested_branch_dag' retrieved from /home/airflow/.local/lib/python3.11/site-packages/airflow/example_dags/example_nested_branch_dag.py
[2024-03-07T18:25:57.847+0000] {logging_mixin.py:188} INFO - [2024-03-07T18:25:57.847+0000] {dag.py:3047} INFO - Sync 1 DAGs
[2024-03-07T18:25:57.915+0000] {logging_mixin.py:188} INFO - [2024-03-07T18:25:57.914+0000] {dag.py:3834} INFO - Setting next_dagrun for example_nested_branch_dag to 2024-03-06 00:00:00+00:00, run_after=2024-03-07 00:00:00+00:00
[2024-03-07T18:25:57.981+0000] {processor.py:183} INFO - Processing /home/airflow/.local/lib/python3.11/site-packages/airflow/example_dags/example_nested_branch_dag.py took 0.223 seconds
[2024-03-07T18:26:29.329+0000] {processor.py:161} INFO - Started process (PID=1533) to work on /home/airflow/.local/lib/python3.11/site-packages/airflow/example_dags/example_nested_branch_dag.py
[2024-03-07T18:26:29.332+0000] {processor.py:830} INFO - Processing file /home/airflow/.local/lib/python3.11/site-packages/airflow/example_dags/example_nested_branch_dag.py for tasks to queue
[2024-03-07T18:26:29.339+0000] {logging_mixin.py:188} INFO - [2024-03-07T18:26:29.337+0000] {dagbag.py:540} INFO - Filling up the DagBag from /home/airflow/.local/lib/python3.11/site-packages/airflow/example_dags/example_nested_branch_dag.py
[2024-03-07T18:26:29.375+0000] {processor.py:840} INFO - DAG(s) 'example_nested_branch_dag' retrieved from /home/airflow/.local/lib/python3.11/site-packages/airflow/example_dags/example_nested_branch_dag.py
[2024-03-07T18:26:29.435+0000] {logging_mixin.py:188} INFO - [2024-03-07T18:26:29.435+0000] {dag.py:3047} INFO - Sync 1 DAGs
[2024-03-07T18:26:29.503+0000] {logging_mixin.py:188} INFO - [2024-03-07T18:26:29.503+0000] {dag.py:3834} INFO - Setting next_dagrun for example_nested_branch_dag to 2024-03-06 00:00:00+00:00, run_after=2024-03-07 00:00:00+00:00
[2024-03-07T18:26:29.574+0000] {processor.py:183} INFO - Processing /home/airflow/.local/lib/python3.11/site-packages/airflow/example_dags/example_nested_branch_dag.py took 0.254 seconds
[2024-03-07T18:27:01.916+0000] {processor.py:161} INFO - Started process (PID=1591) to work on /home/airflow/.local/lib/python3.11/site-packages/airflow/example_dags/example_nested_branch_dag.py
[2024-03-07T18:27:01.919+0000] {processor.py:830} INFO - Processing file /home/airflow/.local/lib/python3.11/site-packages/airflow/example_dags/example_nested_branch_dag.py for tasks to queue
[2024-03-07T18:27:01.923+0000] {logging_mixin.py:188} INFO - [2024-03-07T18:27:01.922+0000] {dagbag.py:540} INFO - Filling up the DagBag from /home/airflow/.local/lib/python3.11/site-packages/airflow/example_dags/example_nested_branch_dag.py
[2024-03-07T18:27:01.945+0000] {processor.py:840} INFO - DAG(s) 'example_nested_branch_dag' retrieved from /home/airflow/.local/lib/python3.11/site-packages/airflow/example_dags/example_nested_branch_dag.py
[2024-03-07T18:27:01.993+0000] {logging_mixin.py:188} INFO - [2024-03-07T18:27:01.993+0000] {dag.py:3047} INFO - Sync 1 DAGs
[2024-03-07T18:27:02.042+0000] {logging_mixin.py:188} INFO - [2024-03-07T18:27:02.041+0000] {dag.py:3834} INFO - Setting next_dagrun for example_nested_branch_dag to 2024-03-06 00:00:00+00:00, run_after=2024-03-07 00:00:00+00:00
[2024-03-07T18:27:02.090+0000] {processor.py:183} INFO - Processing /home/airflow/.local/lib/python3.11/site-packages/airflow/example_dags/example_nested_branch_dag.py took 0.179 seconds
[2024-03-07T18:27:34.542+0000] {processor.py:161} INFO - Started process (PID=1648) to work on /home/airflow/.local/lib/python3.11/site-packages/airflow/example_dags/example_nested_branch_dag.py
[2024-03-07T18:27:34.544+0000] {processor.py:830} INFO - Processing file /home/airflow/.local/lib/python3.11/site-packages/airflow/example_dags/example_nested_branch_dag.py for tasks to queue
[2024-03-07T18:27:34.549+0000] {logging_mixin.py:188} INFO - [2024-03-07T18:27:34.548+0000] {dagbag.py:540} INFO - Filling up the DagBag from /home/airflow/.local/lib/python3.11/site-packages/airflow/example_dags/example_nested_branch_dag.py
[2024-03-07T18:27:34.570+0000] {processor.py:840} INFO - DAG(s) 'example_nested_branch_dag' retrieved from /home/airflow/.local/lib/python3.11/site-packages/airflow/example_dags/example_nested_branch_dag.py
[2024-03-07T18:27:34.620+0000] {logging_mixin.py:188} INFO - [2024-03-07T18:27:34.619+0000] {dag.py:3047} INFO - Sync 1 DAGs
[2024-03-07T18:27:34.665+0000] {logging_mixin.py:188} INFO - [2024-03-07T18:27:34.664+0000] {dag.py:3834} INFO - Setting next_dagrun for example_nested_branch_dag to 2024-03-06 00:00:00+00:00, run_after=2024-03-07 00:00:00+00:00
[2024-03-07T18:27:34.725+0000] {processor.py:183} INFO - Processing /home/airflow/.local/lib/python3.11/site-packages/airflow/example_dags/example_nested_branch_dag.py took 0.189 seconds
[2024-03-07T18:28:07.170+0000] {processor.py:161} INFO - Started process (PID=1706) to work on /home/airflow/.local/lib/python3.11/site-packages/airflow/example_dags/example_nested_branch_dag.py
[2024-03-07T18:28:07.177+0000] {processor.py:830} INFO - Processing file /home/airflow/.local/lib/python3.11/site-packages/airflow/example_dags/example_nested_branch_dag.py for tasks to queue
[2024-03-07T18:28:07.185+0000] {logging_mixin.py:188} INFO - [2024-03-07T18:28:07.183+0000] {dagbag.py:540} INFO - Filling up the DagBag from /home/airflow/.local/lib/python3.11/site-packages/airflow/example_dags/example_nested_branch_dag.py
[2024-03-07T18:28:07.266+0000] {processor.py:840} INFO - DAG(s) 'example_nested_branch_dag' retrieved from /home/airflow/.local/lib/python3.11/site-packages/airflow/example_dags/example_nested_branch_dag.py
[2024-03-07T18:28:07.332+0000] {logging_mixin.py:188} INFO - [2024-03-07T18:28:07.331+0000] {dag.py:3047} INFO - Sync 1 DAGs
[2024-03-07T18:28:07.404+0000] {logging_mixin.py:188} INFO - [2024-03-07T18:28:07.404+0000] {dag.py:3834} INFO - Setting next_dagrun for example_nested_branch_dag to 2024-03-06 00:00:00+00:00, run_after=2024-03-07 00:00:00+00:00
[2024-03-07T18:28:07.510+0000] {processor.py:183} INFO - Processing /home/airflow/.local/lib/python3.11/site-packages/airflow/example_dags/example_nested_branch_dag.py took 0.350 seconds
[2024-03-07T18:28:39.459+0000] {processor.py:161} INFO - Started process (PID=1764) to work on /home/airflow/.local/lib/python3.11/site-packages/airflow/example_dags/example_nested_branch_dag.py
[2024-03-07T18:28:39.462+0000] {processor.py:830} INFO - Processing file /home/airflow/.local/lib/python3.11/site-packages/airflow/example_dags/example_nested_branch_dag.py for tasks to queue
[2024-03-07T18:28:39.466+0000] {logging_mixin.py:188} INFO - [2024-03-07T18:28:39.466+0000] {dagbag.py:540} INFO - Filling up the DagBag from /home/airflow/.local/lib/python3.11/site-packages/airflow/example_dags/example_nested_branch_dag.py
[2024-03-07T18:28:39.487+0000] {processor.py:840} INFO - DAG(s) 'example_nested_branch_dag' retrieved from /home/airflow/.local/lib/python3.11/site-packages/airflow/example_dags/example_nested_branch_dag.py
[2024-03-07T18:28:39.541+0000] {logging_mixin.py:188} INFO - [2024-03-07T18:28:39.540+0000] {dag.py:3047} INFO - Sync 1 DAGs
[2024-03-07T18:28:39.601+0000] {logging_mixin.py:188} INFO - [2024-03-07T18:28:39.601+0000] {dag.py:3834} INFO - Setting next_dagrun for example_nested_branch_dag to 2024-03-06 00:00:00+00:00, run_after=2024-03-07 00:00:00+00:00
[2024-03-07T18:28:39.666+0000] {processor.py:183} INFO - Processing /home/airflow/.local/lib/python3.11/site-packages/airflow/example_dags/example_nested_branch_dag.py took 0.213 seconds
[2024-03-07T18:29:10.488+0000] {processor.py:161} INFO - Started process (PID=1823) to work on /home/airflow/.local/lib/python3.11/site-packages/airflow/example_dags/example_nested_branch_dag.py
[2024-03-07T18:29:10.490+0000] {processor.py:830} INFO - Processing file /home/airflow/.local/lib/python3.11/site-packages/airflow/example_dags/example_nested_branch_dag.py for tasks to queue
[2024-03-07T18:29:10.494+0000] {logging_mixin.py:188} INFO - [2024-03-07T18:29:10.493+0000] {dagbag.py:540} INFO - Filling up the DagBag from /home/airflow/.local/lib/python3.11/site-packages/airflow/example_dags/example_nested_branch_dag.py
[2024-03-07T18:29:10.516+0000] {processor.py:840} INFO - DAG(s) 'example_nested_branch_dag' retrieved from /home/airflow/.local/lib/python3.11/site-packages/airflow/example_dags/example_nested_branch_dag.py
[2024-03-07T18:29:10.565+0000] {logging_mixin.py:188} INFO - [2024-03-07T18:29:10.564+0000] {dag.py:3047} INFO - Sync 1 DAGs
[2024-03-07T18:29:10.626+0000] {logging_mixin.py:188} INFO - [2024-03-07T18:29:10.626+0000] {dag.py:3834} INFO - Setting next_dagrun for example_nested_branch_dag to 2024-03-06 00:00:00+00:00, run_after=2024-03-07 00:00:00+00:00
[2024-03-07T18:29:10.694+0000] {processor.py:183} INFO - Processing /home/airflow/.local/lib/python3.11/site-packages/airflow/example_dags/example_nested_branch_dag.py took 0.211 seconds
