[2024-03-07T18:13:25.138+0000] {processor.py:161} INFO - Started process (PID=87) to work on /home/airflow/.local/lib/python3.11/site-packages/airflow/example_dags/example_branch_operator.py
[2024-03-07T18:13:25.143+0000] {processor.py:830} INFO - Processing file /home/airflow/.local/lib/python3.11/site-packages/airflow/example_dags/example_branch_operator.py for tasks to queue
[2024-03-07T18:13:25.151+0000] {logging_mixin.py:188} INFO - [2024-03-07T18:13:25.150+0000] {dagbag.py:540} INFO - Filling up the DagBag from /home/airflow/.local/lib/python3.11/site-packages/airflow/example_dags/example_branch_operator.py
[2024-03-07T18:13:25.252+0000] {processor.py:840} INFO - DAG(s) 'example_branch_operator' retrieved from /home/airflow/.local/lib/python3.11/site-packages/airflow/example_dags/example_branch_operator.py
[2024-03-07T18:13:26.075+0000] {logging_mixin.py:188} INFO - [2024-03-07T18:13:26.074+0000] {dag.py:3047} INFO - Sync 1 DAGs
[2024-03-07T18:13:26.326+0000] {logging_mixin.py:188} INFO - [2024-03-07T18:13:26.325+0000] {dag.py:3834} INFO - Setting next_dagrun for example_branch_operator to 2024-03-06 00:00:00+00:00, run_after=2024-03-07 00:00:00+00:00
[2024-03-07T18:13:26.513+0000] {processor.py:183} INFO - Processing /home/airflow/.local/lib/python3.11/site-packages/airflow/example_dags/example_branch_operator.py took 1.393 seconds
[2024-03-07T18:13:56.929+0000] {processor.py:161} INFO - Started process (PID=145) to work on /home/airflow/.local/lib/python3.11/site-packages/airflow/example_dags/example_branch_operator.py
[2024-03-07T18:13:56.938+0000] {processor.py:830} INFO - Processing file /home/airflow/.local/lib/python3.11/site-packages/airflow/example_dags/example_branch_operator.py for tasks to queue
[2024-03-07T18:13:56.946+0000] {logging_mixin.py:188} INFO - [2024-03-07T18:13:56.945+0000] {dagbag.py:540} INFO - Filling up the DagBag from /home/airflow/.local/lib/python3.11/site-packages/airflow/example_dags/example_branch_operator.py
[2024-03-07T18:13:57.049+0000] {processor.py:840} INFO - DAG(s) 'example_branch_operator' retrieved from /home/airflow/.local/lib/python3.11/site-packages/airflow/example_dags/example_branch_operator.py
[2024-03-07T18:13:57.179+0000] {logging_mixin.py:188} INFO - [2024-03-07T18:13:57.178+0000] {dag.py:3047} INFO - Sync 1 DAGs
[2024-03-07T18:13:57.323+0000] {logging_mixin.py:188} INFO - [2024-03-07T18:13:57.321+0000] {dag.py:3834} INFO - Setting next_dagrun for example_branch_operator to 2024-03-06 00:00:00+00:00, run_after=2024-03-07 00:00:00+00:00
[2024-03-07T18:13:57.483+0000] {processor.py:183} INFO - Processing /home/airflow/.local/lib/python3.11/site-packages/airflow/example_dags/example_branch_operator.py took 0.561 seconds
[2024-03-07T18:14:28.554+0000] {processor.py:161} INFO - Started process (PID=203) to work on /home/airflow/.local/lib/python3.11/site-packages/airflow/example_dags/example_branch_operator.py
[2024-03-07T18:14:28.557+0000] {processor.py:830} INFO - Processing file /home/airflow/.local/lib/python3.11/site-packages/airflow/example_dags/example_branch_operator.py for tasks to queue
[2024-03-07T18:14:28.564+0000] {logging_mixin.py:188} INFO - [2024-03-07T18:14:28.563+0000] {dagbag.py:540} INFO - Filling up the DagBag from /home/airflow/.local/lib/python3.11/site-packages/airflow/example_dags/example_branch_operator.py
[2024-03-07T18:14:28.676+0000] {processor.py:840} INFO - DAG(s) 'example_branch_operator' retrieved from /home/airflow/.local/lib/python3.11/site-packages/airflow/example_dags/example_branch_operator.py
[2024-03-07T18:14:28.849+0000] {logging_mixin.py:188} INFO - [2024-03-07T18:14:28.848+0000] {dag.py:3047} INFO - Sync 1 DAGs
[2024-03-07T18:14:29.027+0000] {logging_mixin.py:188} INFO - [2024-03-07T18:14:29.025+0000] {dag.py:3834} INFO - Setting next_dagrun for example_branch_operator to 2024-03-06 00:00:00+00:00, run_after=2024-03-07 00:00:00+00:00
[2024-03-07T18:14:29.180+0000] {processor.py:183} INFO - Processing /home/airflow/.local/lib/python3.11/site-packages/airflow/example_dags/example_branch_operator.py took 0.639 seconds
[2024-03-07T18:15:00.183+0000] {processor.py:161} INFO - Started process (PID=260) to work on /home/airflow/.local/lib/python3.11/site-packages/airflow/example_dags/example_branch_operator.py
[2024-03-07T18:15:00.187+0000] {processor.py:830} INFO - Processing file /home/airflow/.local/lib/python3.11/site-packages/airflow/example_dags/example_branch_operator.py for tasks to queue
[2024-03-07T18:15:00.195+0000] {logging_mixin.py:188} INFO - [2024-03-07T18:15:00.193+0000] {dagbag.py:540} INFO - Filling up the DagBag from /home/airflow/.local/lib/python3.11/site-packages/airflow/example_dags/example_branch_operator.py
[2024-03-07T18:15:00.280+0000] {processor.py:840} INFO - DAG(s) 'example_branch_operator' retrieved from /home/airflow/.local/lib/python3.11/site-packages/airflow/example_dags/example_branch_operator.py
[2024-03-07T18:15:00.333+0000] {logging_mixin.py:188} INFO - [2024-03-07T18:15:00.332+0000] {dag.py:3047} INFO - Sync 1 DAGs
[2024-03-07T18:15:00.616+0000] {logging_mixin.py:188} INFO - [2024-03-07T18:15:00.604+0000] {dag.py:3834} INFO - Setting next_dagrun for example_branch_operator to 2024-03-06 00:00:00+00:00, run_after=2024-03-07 00:00:00+00:00
[2024-03-07T18:15:00.755+0000] {processor.py:183} INFO - Processing /home/airflow/.local/lib/python3.11/site-packages/airflow/example_dags/example_branch_operator.py took 0.583 seconds
[2024-03-07T18:15:35.669+0000] {processor.py:161} INFO - Started process (PID=319) to work on /home/airflow/.local/lib/python3.11/site-packages/airflow/example_dags/example_branch_operator.py
[2024-03-07T18:15:35.674+0000] {processor.py:830} INFO - Processing file /home/airflow/.local/lib/python3.11/site-packages/airflow/example_dags/example_branch_operator.py for tasks to queue
[2024-03-07T18:15:35.680+0000] {logging_mixin.py:188} INFO - [2024-03-07T18:15:35.678+0000] {dagbag.py:540} INFO - Filling up the DagBag from /home/airflow/.local/lib/python3.11/site-packages/airflow/example_dags/example_branch_operator.py
[2024-03-07T18:15:35.827+0000] {processor.py:840} INFO - DAG(s) 'example_branch_operator' retrieved from /home/airflow/.local/lib/python3.11/site-packages/airflow/example_dags/example_branch_operator.py
[2024-03-07T18:15:36.632+0000] {logging_mixin.py:188} INFO - [2024-03-07T18:15:36.632+0000] {dag.py:3047} INFO - Sync 1 DAGs
[2024-03-07T18:15:36.937+0000] {logging_mixin.py:188} INFO - [2024-03-07T18:15:36.908+0000] {dag.py:3834} INFO - Setting next_dagrun for example_branch_operator to 2024-03-06 00:00:00+00:00, run_after=2024-03-07 00:00:00+00:00
[2024-03-07T18:15:37.252+0000] {processor.py:183} INFO - Processing /home/airflow/.local/lib/python3.11/site-packages/airflow/example_dags/example_branch_operator.py took 1.592 seconds
[2024-03-07T18:16:07.516+0000] {processor.py:161} INFO - Started process (PID=383) to work on /home/airflow/.local/lib/python3.11/site-packages/airflow/example_dags/example_branch_operator.py
[2024-03-07T18:16:07.518+0000] {processor.py:830} INFO - Processing file /home/airflow/.local/lib/python3.11/site-packages/airflow/example_dags/example_branch_operator.py for tasks to queue
[2024-03-07T18:16:07.523+0000] {logging_mixin.py:188} INFO - [2024-03-07T18:16:07.522+0000] {dagbag.py:540} INFO - Filling up the DagBag from /home/airflow/.local/lib/python3.11/site-packages/airflow/example_dags/example_branch_operator.py
[2024-03-07T18:16:07.630+0000] {processor.py:840} INFO - DAG(s) 'example_branch_operator' retrieved from /home/airflow/.local/lib/python3.11/site-packages/airflow/example_dags/example_branch_operator.py
[2024-03-07T18:16:07.751+0000] {logging_mixin.py:188} INFO - [2024-03-07T18:16:07.750+0000] {dag.py:3047} INFO - Sync 1 DAGs
[2024-03-07T18:16:07.814+0000] {logging_mixin.py:188} INFO - [2024-03-07T18:16:07.812+0000] {dag.py:3834} INFO - Setting next_dagrun for example_branch_operator to 2024-03-06 00:00:00+00:00, run_after=2024-03-07 00:00:00+00:00
[2024-03-07T18:16:07.880+0000] {processor.py:183} INFO - Processing /home/airflow/.local/lib/python3.11/site-packages/airflow/example_dags/example_branch_operator.py took 0.370 seconds
[2024-03-07T18:16:38.737+0000] {processor.py:161} INFO - Started process (PID=441) to work on /home/airflow/.local/lib/python3.11/site-packages/airflow/example_dags/example_branch_operator.py
[2024-03-07T18:16:38.740+0000] {processor.py:830} INFO - Processing file /home/airflow/.local/lib/python3.11/site-packages/airflow/example_dags/example_branch_operator.py for tasks to queue
[2024-03-07T18:16:38.746+0000] {logging_mixin.py:188} INFO - [2024-03-07T18:16:38.745+0000] {dagbag.py:540} INFO - Filling up the DagBag from /home/airflow/.local/lib/python3.11/site-packages/airflow/example_dags/example_branch_operator.py
[2024-03-07T18:16:38.782+0000] {processor.py:840} INFO - DAG(s) 'example_branch_operator' retrieved from /home/airflow/.local/lib/python3.11/site-packages/airflow/example_dags/example_branch_operator.py
[2024-03-07T18:16:38.858+0000] {logging_mixin.py:188} INFO - [2024-03-07T18:16:38.858+0000] {dag.py:3047} INFO - Sync 1 DAGs
[2024-03-07T18:16:38.917+0000] {logging_mixin.py:188} INFO - [2024-03-07T18:16:38.916+0000] {dag.py:3834} INFO - Setting next_dagrun for example_branch_operator to 2024-03-06 00:00:00+00:00, run_after=2024-03-07 00:00:00+00:00
[2024-03-07T18:16:38.971+0000] {processor.py:183} INFO - Processing /home/airflow/.local/lib/python3.11/site-packages/airflow/example_dags/example_branch_operator.py took 0.241 seconds
[2024-03-07T18:17:09.175+0000] {processor.py:161} INFO - Started process (PID=498) to work on /home/airflow/.local/lib/python3.11/site-packages/airflow/example_dags/example_branch_operator.py
[2024-03-07T18:17:09.178+0000] {processor.py:830} INFO - Processing file /home/airflow/.local/lib/python3.11/site-packages/airflow/example_dags/example_branch_operator.py for tasks to queue
[2024-03-07T18:17:09.182+0000] {logging_mixin.py:188} INFO - [2024-03-07T18:17:09.181+0000] {dagbag.py:540} INFO - Filling up the DagBag from /home/airflow/.local/lib/python3.11/site-packages/airflow/example_dags/example_branch_operator.py
[2024-03-07T18:17:09.218+0000] {processor.py:840} INFO - DAG(s) 'example_branch_operator' retrieved from /home/airflow/.local/lib/python3.11/site-packages/airflow/example_dags/example_branch_operator.py
[2024-03-07T18:17:09.292+0000] {logging_mixin.py:188} INFO - [2024-03-07T18:17:09.292+0000] {dag.py:3047} INFO - Sync 1 DAGs
[2024-03-07T18:17:09.360+0000] {logging_mixin.py:188} INFO - [2024-03-07T18:17:09.359+0000] {dag.py:3834} INFO - Setting next_dagrun for example_branch_operator to 2024-03-06 00:00:00+00:00, run_after=2024-03-07 00:00:00+00:00
[2024-03-07T18:17:09.418+0000] {processor.py:183} INFO - Processing /home/airflow/.local/lib/python3.11/site-packages/airflow/example_dags/example_branch_operator.py took 0.248 seconds
[2024-03-07T18:17:39.941+0000] {processor.py:161} INFO - Started process (PID=556) to work on /home/airflow/.local/lib/python3.11/site-packages/airflow/example_dags/example_branch_operator.py
[2024-03-07T18:17:39.944+0000] {processor.py:830} INFO - Processing file /home/airflow/.local/lib/python3.11/site-packages/airflow/example_dags/example_branch_operator.py for tasks to queue
[2024-03-07T18:17:39.951+0000] {logging_mixin.py:188} INFO - [2024-03-07T18:17:39.950+0000] {dagbag.py:540} INFO - Filling up the DagBag from /home/airflow/.local/lib/python3.11/site-packages/airflow/example_dags/example_branch_operator.py
[2024-03-07T18:17:40.072+0000] {processor.py:840} INFO - DAG(s) 'example_branch_operator' retrieved from /home/airflow/.local/lib/python3.11/site-packages/airflow/example_dags/example_branch_operator.py
[2024-03-07T18:17:40.164+0000] {logging_mixin.py:188} INFO - [2024-03-07T18:17:40.164+0000] {dag.py:3047} INFO - Sync 1 DAGs
[2024-03-07T18:17:40.263+0000] {logging_mixin.py:188} INFO - [2024-03-07T18:17:40.262+0000] {dag.py:3834} INFO - Setting next_dagrun for example_branch_operator to 2024-03-06 00:00:00+00:00, run_after=2024-03-07 00:00:00+00:00
[2024-03-07T18:17:40.349+0000] {processor.py:183} INFO - Processing /home/airflow/.local/lib/python3.11/site-packages/airflow/example_dags/example_branch_operator.py took 0.419 seconds
[2024-03-07T18:18:10.729+0000] {processor.py:161} INFO - Started process (PID=614) to work on /home/airflow/.local/lib/python3.11/site-packages/airflow/example_dags/example_branch_operator.py
[2024-03-07T18:18:10.732+0000] {processor.py:830} INFO - Processing file /home/airflow/.local/lib/python3.11/site-packages/airflow/example_dags/example_branch_operator.py for tasks to queue
[2024-03-07T18:18:10.738+0000] {logging_mixin.py:188} INFO - [2024-03-07T18:18:10.737+0000] {dagbag.py:540} INFO - Filling up the DagBag from /home/airflow/.local/lib/python3.11/site-packages/airflow/example_dags/example_branch_operator.py
[2024-03-07T18:18:10.792+0000] {processor.py:840} INFO - DAG(s) 'example_branch_operator' retrieved from /home/airflow/.local/lib/python3.11/site-packages/airflow/example_dags/example_branch_operator.py
[2024-03-07T18:18:10.916+0000] {logging_mixin.py:188} INFO - [2024-03-07T18:18:10.915+0000] {dag.py:3047} INFO - Sync 1 DAGs
[2024-03-07T18:18:10.993+0000] {logging_mixin.py:188} INFO - [2024-03-07T18:18:10.992+0000] {dag.py:3834} INFO - Setting next_dagrun for example_branch_operator to 2024-03-06 00:00:00+00:00, run_after=2024-03-07 00:00:00+00:00
[2024-03-07T18:18:11.074+0000] {processor.py:183} INFO - Processing /home/airflow/.local/lib/python3.11/site-packages/airflow/example_dags/example_branch_operator.py took 0.352 seconds
[2024-03-07T18:18:41.713+0000] {processor.py:161} INFO - Started process (PID=672) to work on /home/airflow/.local/lib/python3.11/site-packages/airflow/example_dags/example_branch_operator.py
[2024-03-07T18:18:41.715+0000] {processor.py:830} INFO - Processing file /home/airflow/.local/lib/python3.11/site-packages/airflow/example_dags/example_branch_operator.py for tasks to queue
[2024-03-07T18:18:41.719+0000] {logging_mixin.py:188} INFO - [2024-03-07T18:18:41.718+0000] {dagbag.py:540} INFO - Filling up the DagBag from /home/airflow/.local/lib/python3.11/site-packages/airflow/example_dags/example_branch_operator.py
[2024-03-07T18:18:41.765+0000] {processor.py:840} INFO - DAG(s) 'example_branch_operator' retrieved from /home/airflow/.local/lib/python3.11/site-packages/airflow/example_dags/example_branch_operator.py
[2024-03-07T18:18:41.824+0000] {logging_mixin.py:188} INFO - [2024-03-07T18:18:41.824+0000] {dag.py:3047} INFO - Sync 1 DAGs
[2024-03-07T18:18:41.891+0000] {logging_mixin.py:188} INFO - [2024-03-07T18:18:41.890+0000] {dag.py:3834} INFO - Setting next_dagrun for example_branch_operator to 2024-03-06 00:00:00+00:00, run_after=2024-03-07 00:00:00+00:00
[2024-03-07T18:18:42.010+0000] {processor.py:183} INFO - Processing /home/airflow/.local/lib/python3.11/site-packages/airflow/example_dags/example_branch_operator.py took 0.303 seconds
[2024-03-07T18:19:12.216+0000] {processor.py:161} INFO - Started process (PID=731) to work on /home/airflow/.local/lib/python3.11/site-packages/airflow/example_dags/example_branch_operator.py
[2024-03-07T18:19:12.219+0000] {processor.py:830} INFO - Processing file /home/airflow/.local/lib/python3.11/site-packages/airflow/example_dags/example_branch_operator.py for tasks to queue
[2024-03-07T18:19:12.224+0000] {logging_mixin.py:188} INFO - [2024-03-07T18:19:12.223+0000] {dagbag.py:540} INFO - Filling up the DagBag from /home/airflow/.local/lib/python3.11/site-packages/airflow/example_dags/example_branch_operator.py
[2024-03-07T18:19:12.379+0000] {processor.py:840} INFO - DAG(s) 'example_branch_operator' retrieved from /home/airflow/.local/lib/python3.11/site-packages/airflow/example_dags/example_branch_operator.py
[2024-03-07T18:19:12.503+0000] {logging_mixin.py:188} INFO - [2024-03-07T18:19:12.503+0000] {dag.py:3047} INFO - Sync 1 DAGs
[2024-03-07T18:19:12.565+0000] {logging_mixin.py:188} INFO - [2024-03-07T18:19:12.564+0000] {dag.py:3834} INFO - Setting next_dagrun for example_branch_operator to 2024-03-06 00:00:00+00:00, run_after=2024-03-07 00:00:00+00:00
[2024-03-07T18:19:12.620+0000] {processor.py:183} INFO - Processing /home/airflow/.local/lib/python3.11/site-packages/airflow/example_dags/example_branch_operator.py took 0.410 seconds
[2024-03-07T18:19:43.496+0000] {processor.py:161} INFO - Started process (PID=789) to work on /home/airflow/.local/lib/python3.11/site-packages/airflow/example_dags/example_branch_operator.py
[2024-03-07T18:19:43.498+0000] {processor.py:830} INFO - Processing file /home/airflow/.local/lib/python3.11/site-packages/airflow/example_dags/example_branch_operator.py for tasks to queue
[2024-03-07T18:19:43.502+0000] {logging_mixin.py:188} INFO - [2024-03-07T18:19:43.501+0000] {dagbag.py:540} INFO - Filling up the DagBag from /home/airflow/.local/lib/python3.11/site-packages/airflow/example_dags/example_branch_operator.py
[2024-03-07T18:19:43.547+0000] {processor.py:840} INFO - DAG(s) 'example_branch_operator' retrieved from /home/airflow/.local/lib/python3.11/site-packages/airflow/example_dags/example_branch_operator.py
[2024-03-07T18:19:43.612+0000] {logging_mixin.py:188} INFO - [2024-03-07T18:19:43.611+0000] {dag.py:3047} INFO - Sync 1 DAGs
[2024-03-07T18:19:43.669+0000] {logging_mixin.py:188} INFO - [2024-03-07T18:19:43.668+0000] {dag.py:3834} INFO - Setting next_dagrun for example_branch_operator to 2024-03-06 00:00:00+00:00, run_after=2024-03-07 00:00:00+00:00
[2024-03-07T18:19:43.734+0000] {processor.py:183} INFO - Processing /home/airflow/.local/lib/python3.11/site-packages/airflow/example_dags/example_branch_operator.py took 0.244 seconds
[2024-03-07T18:20:14.421+0000] {processor.py:161} INFO - Started process (PID=846) to work on /home/airflow/.local/lib/python3.11/site-packages/airflow/example_dags/example_branch_operator.py
[2024-03-07T18:20:14.424+0000] {processor.py:830} INFO - Processing file /home/airflow/.local/lib/python3.11/site-packages/airflow/example_dags/example_branch_operator.py for tasks to queue
[2024-03-07T18:20:14.429+0000] {logging_mixin.py:188} INFO - [2024-03-07T18:20:14.428+0000] {dagbag.py:540} INFO - Filling up the DagBag from /home/airflow/.local/lib/python3.11/site-packages/airflow/example_dags/example_branch_operator.py
[2024-03-07T18:20:14.472+0000] {processor.py:840} INFO - DAG(s) 'example_branch_operator' retrieved from /home/airflow/.local/lib/python3.11/site-packages/airflow/example_dags/example_branch_operator.py
[2024-03-07T18:20:14.534+0000] {logging_mixin.py:188} INFO - [2024-03-07T18:20:14.533+0000] {dag.py:3047} INFO - Sync 1 DAGs
[2024-03-07T18:20:14.584+0000] {logging_mixin.py:188} INFO - [2024-03-07T18:20:14.584+0000] {dag.py:3834} INFO - Setting next_dagrun for example_branch_operator to 2024-03-06 00:00:00+00:00, run_after=2024-03-07 00:00:00+00:00
[2024-03-07T18:20:14.632+0000] {processor.py:183} INFO - Processing /home/airflow/.local/lib/python3.11/site-packages/airflow/example_dags/example_branch_operator.py took 0.216 seconds
[2024-03-07T18:20:44.781+0000] {processor.py:161} INFO - Started process (PID=904) to work on /home/airflow/.local/lib/python3.11/site-packages/airflow/example_dags/example_branch_operator.py
[2024-03-07T18:20:44.783+0000] {processor.py:830} INFO - Processing file /home/airflow/.local/lib/python3.11/site-packages/airflow/example_dags/example_branch_operator.py for tasks to queue
[2024-03-07T18:20:44.788+0000] {logging_mixin.py:188} INFO - [2024-03-07T18:20:44.787+0000] {dagbag.py:540} INFO - Filling up the DagBag from /home/airflow/.local/lib/python3.11/site-packages/airflow/example_dags/example_branch_operator.py
[2024-03-07T18:20:44.827+0000] {processor.py:840} INFO - DAG(s) 'example_branch_operator' retrieved from /home/airflow/.local/lib/python3.11/site-packages/airflow/example_dags/example_branch_operator.py
[2024-03-07T18:20:44.881+0000] {logging_mixin.py:188} INFO - [2024-03-07T18:20:44.881+0000] {dag.py:3047} INFO - Sync 1 DAGs
[2024-03-07T18:20:44.934+0000] {logging_mixin.py:188} INFO - [2024-03-07T18:20:44.934+0000] {dag.py:3834} INFO - Setting next_dagrun for example_branch_operator to 2024-03-06 00:00:00+00:00, run_after=2024-03-07 00:00:00+00:00
[2024-03-07T18:20:44.990+0000] {processor.py:183} INFO - Processing /home/airflow/.local/lib/python3.11/site-packages/airflow/example_dags/example_branch_operator.py took 0.215 seconds
[2024-03-07T18:21:15.416+0000] {processor.py:161} INFO - Started process (PID=961) to work on /home/airflow/.local/lib/python3.11/site-packages/airflow/example_dags/example_branch_operator.py
[2024-03-07T18:21:15.421+0000] {processor.py:830} INFO - Processing file /home/airflow/.local/lib/python3.11/site-packages/airflow/example_dags/example_branch_operator.py for tasks to queue
[2024-03-07T18:21:15.439+0000] {logging_mixin.py:188} INFO - [2024-03-07T18:21:15.428+0000] {dagbag.py:540} INFO - Filling up the DagBag from /home/airflow/.local/lib/python3.11/site-packages/airflow/example_dags/example_branch_operator.py
[2024-03-07T18:21:15.541+0000] {processor.py:840} INFO - DAG(s) 'example_branch_operator' retrieved from /home/airflow/.local/lib/python3.11/site-packages/airflow/example_dags/example_branch_operator.py
[2024-03-07T18:21:15.697+0000] {logging_mixin.py:188} INFO - [2024-03-07T18:21:15.697+0000] {dag.py:3047} INFO - Sync 1 DAGs
[2024-03-07T18:21:15.796+0000] {logging_mixin.py:188} INFO - [2024-03-07T18:21:15.795+0000] {dag.py:3834} INFO - Setting next_dagrun for example_branch_operator to 2024-03-06 00:00:00+00:00, run_after=2024-03-07 00:00:00+00:00
[2024-03-07T18:21:15.859+0000] {processor.py:183} INFO - Processing /home/airflow/.local/lib/python3.11/site-packages/airflow/example_dags/example_branch_operator.py took 0.457 seconds
[2024-03-07T18:21:46.122+0000] {processor.py:161} INFO - Started process (PID=1019) to work on /home/airflow/.local/lib/python3.11/site-packages/airflow/example_dags/example_branch_operator.py
[2024-03-07T18:21:46.215+0000] {processor.py:830} INFO - Processing file /home/airflow/.local/lib/python3.11/site-packages/airflow/example_dags/example_branch_operator.py for tasks to queue
[2024-03-07T18:21:46.222+0000] {logging_mixin.py:188} INFO - [2024-03-07T18:21:46.221+0000] {dagbag.py:540} INFO - Filling up the DagBag from /home/airflow/.local/lib/python3.11/site-packages/airflow/example_dags/example_branch_operator.py
[2024-03-07T18:21:46.328+0000] {processor.py:840} INFO - DAG(s) 'example_branch_operator' retrieved from /home/airflow/.local/lib/python3.11/site-packages/airflow/example_dags/example_branch_operator.py
[2024-03-07T18:21:46.491+0000] {logging_mixin.py:188} INFO - [2024-03-07T18:21:46.490+0000] {dag.py:3047} INFO - Sync 1 DAGs
[2024-03-07T18:21:46.637+0000] {logging_mixin.py:188} INFO - [2024-03-07T18:21:46.635+0000] {dag.py:3834} INFO - Setting next_dagrun for example_branch_operator to 2024-03-06 00:00:00+00:00, run_after=2024-03-07 00:00:00+00:00
[2024-03-07T18:21:46.768+0000] {processor.py:183} INFO - Processing /home/airflow/.local/lib/python3.11/site-packages/airflow/example_dags/example_branch_operator.py took 0.655 seconds
[2024-03-07T18:22:17.673+0000] {processor.py:161} INFO - Started process (PID=1077) to work on /home/airflow/.local/lib/python3.11/site-packages/airflow/example_dags/example_branch_operator.py
[2024-03-07T18:22:17.675+0000] {processor.py:830} INFO - Processing file /home/airflow/.local/lib/python3.11/site-packages/airflow/example_dags/example_branch_operator.py for tasks to queue
[2024-03-07T18:22:17.680+0000] {logging_mixin.py:188} INFO - [2024-03-07T18:22:17.679+0000] {dagbag.py:540} INFO - Filling up the DagBag from /home/airflow/.local/lib/python3.11/site-packages/airflow/example_dags/example_branch_operator.py
[2024-03-07T18:22:17.715+0000] {processor.py:840} INFO - DAG(s) 'example_branch_operator' retrieved from /home/airflow/.local/lib/python3.11/site-packages/airflow/example_dags/example_branch_operator.py
[2024-03-07T18:22:17.776+0000] {logging_mixin.py:188} INFO - [2024-03-07T18:22:17.775+0000] {dag.py:3047} INFO - Sync 1 DAGs
[2024-03-07T18:22:17.830+0000] {logging_mixin.py:188} INFO - [2024-03-07T18:22:17.829+0000] {dag.py:3834} INFO - Setting next_dagrun for example_branch_operator to 2024-03-06 00:00:00+00:00, run_after=2024-03-07 00:00:00+00:00
[2024-03-07T18:22:17.886+0000] {processor.py:183} INFO - Processing /home/airflow/.local/lib/python3.11/site-packages/airflow/example_dags/example_branch_operator.py took 0.219 seconds
[2024-03-07T18:22:48.642+0000] {processor.py:161} INFO - Started process (PID=1136) to work on /home/airflow/.local/lib/python3.11/site-packages/airflow/example_dags/example_branch_operator.py
[2024-03-07T18:22:48.645+0000] {processor.py:830} INFO - Processing file /home/airflow/.local/lib/python3.11/site-packages/airflow/example_dags/example_branch_operator.py for tasks to queue
[2024-03-07T18:22:48.649+0000] {logging_mixin.py:188} INFO - [2024-03-07T18:22:48.649+0000] {dagbag.py:540} INFO - Filling up the DagBag from /home/airflow/.local/lib/python3.11/site-packages/airflow/example_dags/example_branch_operator.py
[2024-03-07T18:22:48.688+0000] {processor.py:840} INFO - DAG(s) 'example_branch_operator' retrieved from /home/airflow/.local/lib/python3.11/site-packages/airflow/example_dags/example_branch_operator.py
[2024-03-07T18:22:48.762+0000] {logging_mixin.py:188} INFO - [2024-03-07T18:22:48.761+0000] {dag.py:3047} INFO - Sync 1 DAGs
[2024-03-07T18:22:48.821+0000] {logging_mixin.py:188} INFO - [2024-03-07T18:22:48.821+0000] {dag.py:3834} INFO - Setting next_dagrun for example_branch_operator to 2024-03-06 00:00:00+00:00, run_after=2024-03-07 00:00:00+00:00
[2024-03-07T18:22:48.908+0000] {processor.py:183} INFO - Processing /home/airflow/.local/lib/python3.11/site-packages/airflow/example_dags/example_branch_operator.py took 0.270 seconds
[2024-03-07T18:23:20.053+0000] {processor.py:161} INFO - Started process (PID=1194) to work on /home/airflow/.local/lib/python3.11/site-packages/airflow/example_dags/example_branch_operator.py
[2024-03-07T18:23:20.056+0000] {processor.py:830} INFO - Processing file /home/airflow/.local/lib/python3.11/site-packages/airflow/example_dags/example_branch_operator.py for tasks to queue
[2024-03-07T18:23:20.061+0000] {logging_mixin.py:188} INFO - [2024-03-07T18:23:20.060+0000] {dagbag.py:540} INFO - Filling up the DagBag from /home/airflow/.local/lib/python3.11/site-packages/airflow/example_dags/example_branch_operator.py
[2024-03-07T18:23:20.109+0000] {processor.py:840} INFO - DAG(s) 'example_branch_operator' retrieved from /home/airflow/.local/lib/python3.11/site-packages/airflow/example_dags/example_branch_operator.py
[2024-03-07T18:23:20.177+0000] {logging_mixin.py:188} INFO - [2024-03-07T18:23:20.176+0000] {dag.py:3047} INFO - Sync 1 DAGs
[2024-03-07T18:23:20.223+0000] {logging_mixin.py:188} INFO - [2024-03-07T18:23:20.223+0000] {dag.py:3834} INFO - Setting next_dagrun for example_branch_operator to 2024-03-06 00:00:00+00:00, run_after=2024-03-07 00:00:00+00:00
[2024-03-07T18:23:20.304+0000] {processor.py:183} INFO - Processing /home/airflow/.local/lib/python3.11/site-packages/airflow/example_dags/example_branch_operator.py took 0.259 seconds
[2024-03-07T18:23:51.199+0000] {processor.py:161} INFO - Started process (PID=1253) to work on /home/airflow/.local/lib/python3.11/site-packages/airflow/example_dags/example_branch_operator.py
[2024-03-07T18:23:51.202+0000] {processor.py:830} INFO - Processing file /home/airflow/.local/lib/python3.11/site-packages/airflow/example_dags/example_branch_operator.py for tasks to queue
[2024-03-07T18:23:51.206+0000] {logging_mixin.py:188} INFO - [2024-03-07T18:23:51.205+0000] {dagbag.py:540} INFO - Filling up the DagBag from /home/airflow/.local/lib/python3.11/site-packages/airflow/example_dags/example_branch_operator.py
[2024-03-07T18:23:51.248+0000] {processor.py:840} INFO - DAG(s) 'example_branch_operator' retrieved from /home/airflow/.local/lib/python3.11/site-packages/airflow/example_dags/example_branch_operator.py
[2024-03-07T18:23:51.312+0000] {logging_mixin.py:188} INFO - [2024-03-07T18:23:51.311+0000] {dag.py:3047} INFO - Sync 1 DAGs
[2024-03-07T18:23:51.371+0000] {logging_mixin.py:188} INFO - [2024-03-07T18:23:51.371+0000] {dag.py:3834} INFO - Setting next_dagrun for example_branch_operator to 2024-03-06 00:00:00+00:00, run_after=2024-03-07 00:00:00+00:00
[2024-03-07T18:23:51.424+0000] {processor.py:183} INFO - Processing /home/airflow/.local/lib/python3.11/site-packages/airflow/example_dags/example_branch_operator.py took 0.231 seconds
[2024-03-07T18:24:23.434+0000] {processor.py:161} INFO - Started process (PID=1311) to work on /home/airflow/.local/lib/python3.11/site-packages/airflow/example_dags/example_branch_operator.py
[2024-03-07T18:24:23.436+0000] {processor.py:830} INFO - Processing file /home/airflow/.local/lib/python3.11/site-packages/airflow/example_dags/example_branch_operator.py for tasks to queue
[2024-03-07T18:24:23.441+0000] {logging_mixin.py:188} INFO - [2024-03-07T18:24:23.441+0000] {dagbag.py:540} INFO - Filling up the DagBag from /home/airflow/.local/lib/python3.11/site-packages/airflow/example_dags/example_branch_operator.py
[2024-03-07T18:24:23.478+0000] {processor.py:840} INFO - DAG(s) 'example_branch_operator' retrieved from /home/airflow/.local/lib/python3.11/site-packages/airflow/example_dags/example_branch_operator.py
[2024-03-07T18:24:23.576+0000] {logging_mixin.py:188} INFO - [2024-03-07T18:24:23.575+0000] {dag.py:3047} INFO - Sync 1 DAGs
[2024-03-07T18:24:23.637+0000] {logging_mixin.py:188} INFO - [2024-03-07T18:24:23.637+0000] {dag.py:3834} INFO - Setting next_dagrun for example_branch_operator to 2024-03-06 00:00:00+00:00, run_after=2024-03-07 00:00:00+00:00
[2024-03-07T18:24:23.696+0000] {processor.py:183} INFO - Processing /home/airflow/.local/lib/python3.11/site-packages/airflow/example_dags/example_branch_operator.py took 0.269 seconds
[2024-03-07T18:24:54.684+0000] {processor.py:161} INFO - Started process (PID=1369) to work on /home/airflow/.local/lib/python3.11/site-packages/airflow/example_dags/example_branch_operator.py
[2024-03-07T18:24:54.686+0000] {processor.py:830} INFO - Processing file /home/airflow/.local/lib/python3.11/site-packages/airflow/example_dags/example_branch_operator.py for tasks to queue
[2024-03-07T18:24:54.690+0000] {logging_mixin.py:188} INFO - [2024-03-07T18:24:54.690+0000] {dagbag.py:540} INFO - Filling up the DagBag from /home/airflow/.local/lib/python3.11/site-packages/airflow/example_dags/example_branch_operator.py
[2024-03-07T18:24:54.731+0000] {processor.py:840} INFO - DAG(s) 'example_branch_operator' retrieved from /home/airflow/.local/lib/python3.11/site-packages/airflow/example_dags/example_branch_operator.py
[2024-03-07T18:24:54.800+0000] {logging_mixin.py:188} INFO - [2024-03-07T18:24:54.799+0000] {dag.py:3047} INFO - Sync 1 DAGs
[2024-03-07T18:24:54.867+0000] {logging_mixin.py:188} INFO - [2024-03-07T18:24:54.866+0000] {dag.py:3834} INFO - Setting next_dagrun for example_branch_operator to 2024-03-06 00:00:00+00:00, run_after=2024-03-07 00:00:00+00:00
[2024-03-07T18:24:54.914+0000] {processor.py:183} INFO - Processing /home/airflow/.local/lib/python3.11/site-packages/airflow/example_dags/example_branch_operator.py took 0.238 seconds
[2024-03-07T18:25:27.531+0000] {processor.py:161} INFO - Started process (PID=1428) to work on /home/airflow/.local/lib/python3.11/site-packages/airflow/example_dags/example_branch_operator.py
[2024-03-07T18:25:27.536+0000] {processor.py:830} INFO - Processing file /home/airflow/.local/lib/python3.11/site-packages/airflow/example_dags/example_branch_operator.py for tasks to queue
[2024-03-07T18:25:27.540+0000] {logging_mixin.py:188} INFO - [2024-03-07T18:25:27.540+0000] {dagbag.py:540} INFO - Filling up the DagBag from /home/airflow/.local/lib/python3.11/site-packages/airflow/example_dags/example_branch_operator.py
[2024-03-07T18:25:27.574+0000] {processor.py:840} INFO - DAG(s) 'example_branch_operator' retrieved from /home/airflow/.local/lib/python3.11/site-packages/airflow/example_dags/example_branch_operator.py
[2024-03-07T18:25:27.630+0000] {logging_mixin.py:188} INFO - [2024-03-07T18:25:27.629+0000] {dag.py:3047} INFO - Sync 1 DAGs
[2024-03-07T18:25:27.690+0000] {logging_mixin.py:188} INFO - [2024-03-07T18:25:27.689+0000] {dag.py:3834} INFO - Setting next_dagrun for example_branch_operator to 2024-03-06 00:00:00+00:00, run_after=2024-03-07 00:00:00+00:00
[2024-03-07T18:25:27.752+0000] {processor.py:183} INFO - Processing /home/airflow/.local/lib/python3.11/site-packages/airflow/example_dags/example_branch_operator.py took 0.226 seconds
[2024-03-07T18:25:59.216+0000] {processor.py:161} INFO - Started process (PID=1485) to work on /home/airflow/.local/lib/python3.11/site-packages/airflow/example_dags/example_branch_operator.py
[2024-03-07T18:25:59.219+0000] {processor.py:830} INFO - Processing file /home/airflow/.local/lib/python3.11/site-packages/airflow/example_dags/example_branch_operator.py for tasks to queue
[2024-03-07T18:25:59.223+0000] {logging_mixin.py:188} INFO - [2024-03-07T18:25:59.222+0000] {dagbag.py:540} INFO - Filling up the DagBag from /home/airflow/.local/lib/python3.11/site-packages/airflow/example_dags/example_branch_operator.py
[2024-03-07T18:25:59.263+0000] {processor.py:840} INFO - DAG(s) 'example_branch_operator' retrieved from /home/airflow/.local/lib/python3.11/site-packages/airflow/example_dags/example_branch_operator.py
[2024-03-07T18:25:59.355+0000] {logging_mixin.py:188} INFO - [2024-03-07T18:25:59.354+0000] {dag.py:3047} INFO - Sync 1 DAGs
[2024-03-07T18:25:59.411+0000] {logging_mixin.py:188} INFO - [2024-03-07T18:25:59.410+0000] {dag.py:3834} INFO - Setting next_dagrun for example_branch_operator to 2024-03-06 00:00:00+00:00, run_after=2024-03-07 00:00:00+00:00
[2024-03-07T18:25:59.474+0000] {processor.py:183} INFO - Processing /home/airflow/.local/lib/python3.11/site-packages/airflow/example_dags/example_branch_operator.py took 0.264 seconds
[2024-03-07T18:26:31.299+0000] {processor.py:161} INFO - Started process (PID=1543) to work on /home/airflow/.local/lib/python3.11/site-packages/airflow/example_dags/example_branch_operator.py
[2024-03-07T18:26:31.302+0000] {processor.py:830} INFO - Processing file /home/airflow/.local/lib/python3.11/site-packages/airflow/example_dags/example_branch_operator.py for tasks to queue
[2024-03-07T18:26:31.308+0000] {logging_mixin.py:188} INFO - [2024-03-07T18:26:31.307+0000] {dagbag.py:540} INFO - Filling up the DagBag from /home/airflow/.local/lib/python3.11/site-packages/airflow/example_dags/example_branch_operator.py
[2024-03-07T18:26:31.344+0000] {processor.py:840} INFO - DAG(s) 'example_branch_operator' retrieved from /home/airflow/.local/lib/python3.11/site-packages/airflow/example_dags/example_branch_operator.py
[2024-03-07T18:26:31.412+0000] {logging_mixin.py:188} INFO - [2024-03-07T18:26:31.411+0000] {dag.py:3047} INFO - Sync 1 DAGs
[2024-03-07T18:26:31.464+0000] {logging_mixin.py:188} INFO - [2024-03-07T18:26:31.463+0000] {dag.py:3834} INFO - Setting next_dagrun for example_branch_operator to 2024-03-06 00:00:00+00:00, run_after=2024-03-07 00:00:00+00:00
[2024-03-07T18:26:31.520+0000] {processor.py:183} INFO - Processing /home/airflow/.local/lib/python3.11/site-packages/airflow/example_dags/example_branch_operator.py took 0.227 seconds
[2024-03-07T18:27:03.139+0000] {processor.py:161} INFO - Started process (PID=1601) to work on /home/airflow/.local/lib/python3.11/site-packages/airflow/example_dags/example_branch_operator.py
[2024-03-07T18:27:03.142+0000] {processor.py:830} INFO - Processing file /home/airflow/.local/lib/python3.11/site-packages/airflow/example_dags/example_branch_operator.py for tasks to queue
[2024-03-07T18:27:03.146+0000] {logging_mixin.py:188} INFO - [2024-03-07T18:27:03.145+0000] {dagbag.py:540} INFO - Filling up the DagBag from /home/airflow/.local/lib/python3.11/site-packages/airflow/example_dags/example_branch_operator.py
[2024-03-07T18:27:03.179+0000] {processor.py:840} INFO - DAG(s) 'example_branch_operator' retrieved from /home/airflow/.local/lib/python3.11/site-packages/airflow/example_dags/example_branch_operator.py
[2024-03-07T18:27:03.235+0000] {logging_mixin.py:188} INFO - [2024-03-07T18:27:03.235+0000] {dag.py:3047} INFO - Sync 1 DAGs
[2024-03-07T18:27:03.297+0000] {logging_mixin.py:188} INFO - [2024-03-07T18:27:03.296+0000] {dag.py:3834} INFO - Setting next_dagrun for example_branch_operator to 2024-03-06 00:00:00+00:00, run_after=2024-03-07 00:00:00+00:00
[2024-03-07T18:27:03.353+0000] {processor.py:183} INFO - Processing /home/airflow/.local/lib/python3.11/site-packages/airflow/example_dags/example_branch_operator.py took 0.219 seconds
[2024-03-07T18:27:36.084+0000] {processor.py:161} INFO - Started process (PID=1658) to work on /home/airflow/.local/lib/python3.11/site-packages/airflow/example_dags/example_branch_operator.py
[2024-03-07T18:27:36.086+0000] {processor.py:830} INFO - Processing file /home/airflow/.local/lib/python3.11/site-packages/airflow/example_dags/example_branch_operator.py for tasks to queue
[2024-03-07T18:27:36.089+0000] {logging_mixin.py:188} INFO - [2024-03-07T18:27:36.089+0000] {dagbag.py:540} INFO - Filling up the DagBag from /home/airflow/.local/lib/python3.11/site-packages/airflow/example_dags/example_branch_operator.py
[2024-03-07T18:27:36.123+0000] {processor.py:840} INFO - DAG(s) 'example_branch_operator' retrieved from /home/airflow/.local/lib/python3.11/site-packages/airflow/example_dags/example_branch_operator.py
[2024-03-07T18:27:36.176+0000] {logging_mixin.py:188} INFO - [2024-03-07T18:27:36.175+0000] {dag.py:3047} INFO - Sync 1 DAGs
[2024-03-07T18:27:36.240+0000] {logging_mixin.py:188} INFO - [2024-03-07T18:27:36.240+0000] {dag.py:3834} INFO - Setting next_dagrun for example_branch_operator to 2024-03-06 00:00:00+00:00, run_after=2024-03-07 00:00:00+00:00
[2024-03-07T18:27:36.297+0000] {processor.py:183} INFO - Processing /home/airflow/.local/lib/python3.11/site-packages/airflow/example_dags/example_branch_operator.py took 0.219 seconds
[2024-03-07T18:28:10.590+0000] {processor.py:161} INFO - Started process (PID=1716) to work on /home/airflow/.local/lib/python3.11/site-packages/airflow/example_dags/example_branch_operator.py
[2024-03-07T18:28:10.592+0000] {processor.py:830} INFO - Processing file /home/airflow/.local/lib/python3.11/site-packages/airflow/example_dags/example_branch_operator.py for tasks to queue
[2024-03-07T18:28:10.598+0000] {logging_mixin.py:188} INFO - [2024-03-07T18:28:10.597+0000] {dagbag.py:540} INFO - Filling up the DagBag from /home/airflow/.local/lib/python3.11/site-packages/airflow/example_dags/example_branch_operator.py
[2024-03-07T18:28:10.651+0000] {processor.py:840} INFO - DAG(s) 'example_branch_operator' retrieved from /home/airflow/.local/lib/python3.11/site-packages/airflow/example_dags/example_branch_operator.py
[2024-03-07T18:28:10.719+0000] {logging_mixin.py:188} INFO - [2024-03-07T18:28:10.718+0000] {dag.py:3047} INFO - Sync 1 DAGs
[2024-03-07T18:28:10.765+0000] {logging_mixin.py:188} INFO - [2024-03-07T18:28:10.765+0000] {dag.py:3834} INFO - Setting next_dagrun for example_branch_operator to 2024-03-06 00:00:00+00:00, run_after=2024-03-07 00:00:00+00:00
[2024-03-07T18:28:10.813+0000] {processor.py:183} INFO - Processing /home/airflow/.local/lib/python3.11/site-packages/airflow/example_dags/example_branch_operator.py took 0.241 seconds
[2024-03-07T18:28:40.928+0000] {processor.py:161} INFO - Started process (PID=1774) to work on /home/airflow/.local/lib/python3.11/site-packages/airflow/example_dags/example_branch_operator.py
[2024-03-07T18:28:40.931+0000] {processor.py:830} INFO - Processing file /home/airflow/.local/lib/python3.11/site-packages/airflow/example_dags/example_branch_operator.py for tasks to queue
[2024-03-07T18:28:40.935+0000] {logging_mixin.py:188} INFO - [2024-03-07T18:28:40.935+0000] {dagbag.py:540} INFO - Filling up the DagBag from /home/airflow/.local/lib/python3.11/site-packages/airflow/example_dags/example_branch_operator.py
[2024-03-07T18:28:40.969+0000] {processor.py:840} INFO - DAG(s) 'example_branch_operator' retrieved from /home/airflow/.local/lib/python3.11/site-packages/airflow/example_dags/example_branch_operator.py
[2024-03-07T18:28:41.027+0000] {logging_mixin.py:188} INFO - [2024-03-07T18:28:41.026+0000] {dag.py:3047} INFO - Sync 1 DAGs
[2024-03-07T18:28:41.075+0000] {logging_mixin.py:188} INFO - [2024-03-07T18:28:41.074+0000] {dag.py:3834} INFO - Setting next_dagrun for example_branch_operator to 2024-03-06 00:00:00+00:00, run_after=2024-03-07 00:00:00+00:00
[2024-03-07T18:28:41.127+0000] {processor.py:183} INFO - Processing /home/airflow/.local/lib/python3.11/site-packages/airflow/example_dags/example_branch_operator.py took 0.206 seconds
[2024-03-07T18:29:11.771+0000] {processor.py:161} INFO - Started process (PID=1833) to work on /home/airflow/.local/lib/python3.11/site-packages/airflow/example_dags/example_branch_operator.py
[2024-03-07T18:29:11.773+0000] {processor.py:830} INFO - Processing file /home/airflow/.local/lib/python3.11/site-packages/airflow/example_dags/example_branch_operator.py for tasks to queue
[2024-03-07T18:29:11.778+0000] {logging_mixin.py:188} INFO - [2024-03-07T18:29:11.777+0000] {dagbag.py:540} INFO - Filling up the DagBag from /home/airflow/.local/lib/python3.11/site-packages/airflow/example_dags/example_branch_operator.py
[2024-03-07T18:29:11.808+0000] {processor.py:840} INFO - DAG(s) 'example_branch_operator' retrieved from /home/airflow/.local/lib/python3.11/site-packages/airflow/example_dags/example_branch_operator.py
[2024-03-07T18:29:11.861+0000] {logging_mixin.py:188} INFO - [2024-03-07T18:29:11.861+0000] {dag.py:3047} INFO - Sync 1 DAGs
[2024-03-07T18:29:11.917+0000] {logging_mixin.py:188} INFO - [2024-03-07T18:29:11.917+0000] {dag.py:3834} INFO - Setting next_dagrun for example_branch_operator to 2024-03-06 00:00:00+00:00, run_after=2024-03-07 00:00:00+00:00
[2024-03-07T18:29:11.969+0000] {processor.py:183} INFO - Processing /home/airflow/.local/lib/python3.11/site-packages/airflow/example_dags/example_branch_operator.py took 0.205 seconds
