[2024-03-07T18:13:27.302+0000] {processor.py:161} INFO - Started process (PID=90) to work on /home/airflow/.local/lib/python3.11/site-packages/airflow/example_dags/example_branch_day_of_week_operator.py
[2024-03-07T18:13:27.304+0000] {processor.py:830} INFO - Processing file /home/airflow/.local/lib/python3.11/site-packages/airflow/example_dags/example_branch_day_of_week_operator.py for tasks to queue
[2024-03-07T18:13:27.309+0000] {logging_mixin.py:188} INFO - [2024-03-07T18:13:27.308+0000] {dagbag.py:540} INFO - Filling up the DagBag from /home/airflow/.local/lib/python3.11/site-packages/airflow/example_dags/example_branch_day_of_week_operator.py
[2024-03-07T18:13:27.349+0000] {processor.py:840} INFO - DAG(s) 'example_weekday_branch_operator' retrieved from /home/airflow/.local/lib/python3.11/site-packages/airflow/example_dags/example_branch_day_of_week_operator.py
[2024-03-07T18:13:27.499+0000] {logging_mixin.py:188} INFO - [2024-03-07T18:13:27.498+0000] {dag.py:3047} INFO - Sync 1 DAGs
[2024-03-07T18:13:27.700+0000] {logging_mixin.py:188} INFO - [2024-03-07T18:13:27.699+0000] {dag.py:3834} INFO - Setting next_dagrun for example_weekday_branch_operator to 2024-03-06 00:00:00+00:00, run_after=2024-03-07 00:00:00+00:00
[2024-03-07T18:13:27.843+0000] {processor.py:183} INFO - Processing /home/airflow/.local/lib/python3.11/site-packages/airflow/example_dags/example_branch_day_of_week_operator.py took 0.558 seconds
[2024-03-07T18:13:58.249+0000] {processor.py:161} INFO - Started process (PID=147) to work on /home/airflow/.local/lib/python3.11/site-packages/airflow/example_dags/example_branch_day_of_week_operator.py
[2024-03-07T18:13:58.253+0000] {processor.py:830} INFO - Processing file /home/airflow/.local/lib/python3.11/site-packages/airflow/example_dags/example_branch_day_of_week_operator.py for tasks to queue
[2024-03-07T18:13:58.259+0000] {logging_mixin.py:188} INFO - [2024-03-07T18:13:58.258+0000] {dagbag.py:540} INFO - Filling up the DagBag from /home/airflow/.local/lib/python3.11/site-packages/airflow/example_dags/example_branch_day_of_week_operator.py
[2024-03-07T18:13:58.290+0000] {processor.py:840} INFO - DAG(s) 'example_weekday_branch_operator' retrieved from /home/airflow/.local/lib/python3.11/site-packages/airflow/example_dags/example_branch_day_of_week_operator.py
[2024-03-07T18:13:58.400+0000] {logging_mixin.py:188} INFO - [2024-03-07T18:13:58.399+0000] {dag.py:3047} INFO - Sync 1 DAGs
[2024-03-07T18:13:58.545+0000] {logging_mixin.py:188} INFO - [2024-03-07T18:13:58.545+0000] {dag.py:3834} INFO - Setting next_dagrun for example_weekday_branch_operator to 2024-03-06 00:00:00+00:00, run_after=2024-03-07 00:00:00+00:00
[2024-03-07T18:13:58.633+0000] {processor.py:183} INFO - Processing /home/airflow/.local/lib/python3.11/site-packages/airflow/example_dags/example_branch_day_of_week_operator.py took 0.392 seconds
[2024-03-07T18:14:29.639+0000] {processor.py:161} INFO - Started process (PID=206) to work on /home/airflow/.local/lib/python3.11/site-packages/airflow/example_dags/example_branch_day_of_week_operator.py
[2024-03-07T18:14:29.652+0000] {processor.py:830} INFO - Processing file /home/airflow/.local/lib/python3.11/site-packages/airflow/example_dags/example_branch_day_of_week_operator.py for tasks to queue
[2024-03-07T18:14:29.669+0000] {logging_mixin.py:188} INFO - [2024-03-07T18:14:29.658+0000] {dagbag.py:540} INFO - Filling up the DagBag from /home/airflow/.local/lib/python3.11/site-packages/airflow/example_dags/example_branch_day_of_week_operator.py
[2024-03-07T18:14:29.749+0000] {processor.py:840} INFO - DAG(s) 'example_weekday_branch_operator' retrieved from /home/airflow/.local/lib/python3.11/site-packages/airflow/example_dags/example_branch_day_of_week_operator.py
[2024-03-07T18:14:29.928+0000] {logging_mixin.py:188} INFO - [2024-03-07T18:14:29.927+0000] {dag.py:3047} INFO - Sync 1 DAGs
[2024-03-07T18:14:30.133+0000] {logging_mixin.py:188} INFO - [2024-03-07T18:14:30.132+0000] {dag.py:3834} INFO - Setting next_dagrun for example_weekday_branch_operator to 2024-03-06 00:00:00+00:00, run_after=2024-03-07 00:00:00+00:00
[2024-03-07T18:14:30.286+0000] {processor.py:183} INFO - Processing /home/airflow/.local/lib/python3.11/site-packages/airflow/example_dags/example_branch_day_of_week_operator.py took 0.675 seconds
[2024-03-07T18:15:00.881+0000] {processor.py:161} INFO - Started process (PID=263) to work on /home/airflow/.local/lib/python3.11/site-packages/airflow/example_dags/example_branch_day_of_week_operator.py
[2024-03-07T18:15:00.884+0000] {processor.py:830} INFO - Processing file /home/airflow/.local/lib/python3.11/site-packages/airflow/example_dags/example_branch_day_of_week_operator.py for tasks to queue
[2024-03-07T18:15:00.890+0000] {logging_mixin.py:188} INFO - [2024-03-07T18:15:00.889+0000] {dagbag.py:540} INFO - Filling up the DagBag from /home/airflow/.local/lib/python3.11/site-packages/airflow/example_dags/example_branch_day_of_week_operator.py
[2024-03-07T18:15:00.926+0000] {processor.py:840} INFO - DAG(s) 'example_weekday_branch_operator' retrieved from /home/airflow/.local/lib/python3.11/site-packages/airflow/example_dags/example_branch_day_of_week_operator.py
[2024-03-07T18:15:00.988+0000] {logging_mixin.py:188} INFO - [2024-03-07T18:15:00.987+0000] {dag.py:3047} INFO - Sync 1 DAGs
[2024-03-07T18:15:01.160+0000] {logging_mixin.py:188} INFO - [2024-03-07T18:15:01.159+0000] {dag.py:3834} INFO - Setting next_dagrun for example_weekday_branch_operator to 2024-03-06 00:00:00+00:00, run_after=2024-03-07 00:00:00+00:00
[2024-03-07T18:15:01.264+0000] {processor.py:183} INFO - Processing /home/airflow/.local/lib/python3.11/site-packages/airflow/example_dags/example_branch_day_of_week_operator.py took 0.393 seconds
[2024-03-07T18:15:37.896+0000] {processor.py:161} INFO - Started process (PID=328) to work on /home/airflow/.local/lib/python3.11/site-packages/airflow/example_dags/example_branch_day_of_week_operator.py
[2024-03-07T18:15:37.900+0000] {processor.py:830} INFO - Processing file /home/airflow/.local/lib/python3.11/site-packages/airflow/example_dags/example_branch_day_of_week_operator.py for tasks to queue
[2024-03-07T18:15:37.909+0000] {logging_mixin.py:188} INFO - [2024-03-07T18:15:37.908+0000] {dagbag.py:540} INFO - Filling up the DagBag from /home/airflow/.local/lib/python3.11/site-packages/airflow/example_dags/example_branch_day_of_week_operator.py
[2024-03-07T18:15:37.948+0000] {processor.py:840} INFO - DAG(s) 'example_weekday_branch_operator' retrieved from /home/airflow/.local/lib/python3.11/site-packages/airflow/example_dags/example_branch_day_of_week_operator.py
[2024-03-07T18:15:38.620+0000] {logging_mixin.py:188} INFO - [2024-03-07T18:15:38.619+0000] {dag.py:3047} INFO - Sync 1 DAGs
[2024-03-07T18:15:38.762+0000] {logging_mixin.py:188} INFO - [2024-03-07T18:15:38.761+0000] {dag.py:3834} INFO - Setting next_dagrun for example_weekday_branch_operator to 2024-03-06 00:00:00+00:00, run_after=2024-03-07 00:00:00+00:00
[2024-03-07T18:15:38.882+0000] {processor.py:183} INFO - Processing /home/airflow/.local/lib/python3.11/site-packages/airflow/example_dags/example_branch_day_of_week_operator.py took 0.996 seconds
[2024-03-07T18:16:09.064+0000] {processor.py:161} INFO - Started process (PID=386) to work on /home/airflow/.local/lib/python3.11/site-packages/airflow/example_dags/example_branch_day_of_week_operator.py
[2024-03-07T18:16:09.067+0000] {processor.py:830} INFO - Processing file /home/airflow/.local/lib/python3.11/site-packages/airflow/example_dags/example_branch_day_of_week_operator.py for tasks to queue
[2024-03-07T18:16:09.073+0000] {logging_mixin.py:188} INFO - [2024-03-07T18:16:09.072+0000] {dagbag.py:540} INFO - Filling up the DagBag from /home/airflow/.local/lib/python3.11/site-packages/airflow/example_dags/example_branch_day_of_week_operator.py
[2024-03-07T18:16:09.087+0000] {processor.py:840} INFO - DAG(s) 'example_weekday_branch_operator' retrieved from /home/airflow/.local/lib/python3.11/site-packages/airflow/example_dags/example_branch_day_of_week_operator.py
[2024-03-07T18:16:09.150+0000] {logging_mixin.py:188} INFO - [2024-03-07T18:16:09.149+0000] {dag.py:3047} INFO - Sync 1 DAGs
[2024-03-07T18:16:09.213+0000] {logging_mixin.py:188} INFO - [2024-03-07T18:16:09.213+0000] {dag.py:3834} INFO - Setting next_dagrun for example_weekday_branch_operator to 2024-03-06 00:00:00+00:00, run_after=2024-03-07 00:00:00+00:00
[2024-03-07T18:16:09.277+0000] {processor.py:183} INFO - Processing /home/airflow/.local/lib/python3.11/site-packages/airflow/example_dags/example_branch_day_of_week_operator.py took 0.220 seconds
[2024-03-07T18:16:40.073+0000] {processor.py:161} INFO - Started process (PID=444) to work on /home/airflow/.local/lib/python3.11/site-packages/airflow/example_dags/example_branch_day_of_week_operator.py
[2024-03-07T18:16:40.075+0000] {processor.py:830} INFO - Processing file /home/airflow/.local/lib/python3.11/site-packages/airflow/example_dags/example_branch_day_of_week_operator.py for tasks to queue
[2024-03-07T18:16:40.080+0000] {logging_mixin.py:188} INFO - [2024-03-07T18:16:40.079+0000] {dagbag.py:540} INFO - Filling up the DagBag from /home/airflow/.local/lib/python3.11/site-packages/airflow/example_dags/example_branch_day_of_week_operator.py
[2024-03-07T18:16:40.098+0000] {processor.py:840} INFO - DAG(s) 'example_weekday_branch_operator' retrieved from /home/airflow/.local/lib/python3.11/site-packages/airflow/example_dags/example_branch_day_of_week_operator.py
[2024-03-07T18:16:40.155+0000] {logging_mixin.py:188} INFO - [2024-03-07T18:16:40.154+0000] {dag.py:3047} INFO - Sync 1 DAGs
[2024-03-07T18:16:40.223+0000] {logging_mixin.py:188} INFO - [2024-03-07T18:16:40.222+0000] {dag.py:3834} INFO - Setting next_dagrun for example_weekday_branch_operator to 2024-03-06 00:00:00+00:00, run_after=2024-03-07 00:00:00+00:00
[2024-03-07T18:16:40.297+0000] {processor.py:183} INFO - Processing /home/airflow/.local/lib/python3.11/site-packages/airflow/example_dags/example_branch_day_of_week_operator.py took 0.230 seconds
[2024-03-07T18:17:10.543+0000] {processor.py:161} INFO - Started process (PID=501) to work on /home/airflow/.local/lib/python3.11/site-packages/airflow/example_dags/example_branch_day_of_week_operator.py
[2024-03-07T18:17:10.546+0000] {processor.py:830} INFO - Processing file /home/airflow/.local/lib/python3.11/site-packages/airflow/example_dags/example_branch_day_of_week_operator.py for tasks to queue
[2024-03-07T18:17:10.550+0000] {logging_mixin.py:188} INFO - [2024-03-07T18:17:10.549+0000] {dagbag.py:540} INFO - Filling up the DagBag from /home/airflow/.local/lib/python3.11/site-packages/airflow/example_dags/example_branch_day_of_week_operator.py
[2024-03-07T18:17:10.565+0000] {processor.py:840} INFO - DAG(s) 'example_weekday_branch_operator' retrieved from /home/airflow/.local/lib/python3.11/site-packages/airflow/example_dags/example_branch_day_of_week_operator.py
[2024-03-07T18:17:10.622+0000] {logging_mixin.py:188} INFO - [2024-03-07T18:17:10.622+0000] {dag.py:3047} INFO - Sync 1 DAGs
[2024-03-07T18:17:10.694+0000] {logging_mixin.py:188} INFO - [2024-03-07T18:17:10.693+0000] {dag.py:3834} INFO - Setting next_dagrun for example_weekday_branch_operator to 2024-03-06 00:00:00+00:00, run_after=2024-03-07 00:00:00+00:00
[2024-03-07T18:17:10.784+0000] {processor.py:183} INFO - Processing /home/airflow/.local/lib/python3.11/site-packages/airflow/example_dags/example_branch_day_of_week_operator.py took 0.248 seconds
[2024-03-07T18:17:41.356+0000] {processor.py:161} INFO - Started process (PID=559) to work on /home/airflow/.local/lib/python3.11/site-packages/airflow/example_dags/example_branch_day_of_week_operator.py
[2024-03-07T18:17:41.360+0000] {processor.py:830} INFO - Processing file /home/airflow/.local/lib/python3.11/site-packages/airflow/example_dags/example_branch_day_of_week_operator.py for tasks to queue
[2024-03-07T18:17:41.366+0000] {logging_mixin.py:188} INFO - [2024-03-07T18:17:41.365+0000] {dagbag.py:540} INFO - Filling up the DagBag from /home/airflow/.local/lib/python3.11/site-packages/airflow/example_dags/example_branch_day_of_week_operator.py
[2024-03-07T18:17:41.387+0000] {processor.py:840} INFO - DAG(s) 'example_weekday_branch_operator' retrieved from /home/airflow/.local/lib/python3.11/site-packages/airflow/example_dags/example_branch_day_of_week_operator.py
[2024-03-07T18:17:41.456+0000] {logging_mixin.py:188} INFO - [2024-03-07T18:17:41.455+0000] {dag.py:3047} INFO - Sync 1 DAGs
[2024-03-07T18:17:41.532+0000] {logging_mixin.py:188} INFO - [2024-03-07T18:17:41.532+0000] {dag.py:3834} INFO - Setting next_dagrun for example_weekday_branch_operator to 2024-03-06 00:00:00+00:00, run_after=2024-03-07 00:00:00+00:00
[2024-03-07T18:17:41.608+0000] {processor.py:183} INFO - Processing /home/airflow/.local/lib/python3.11/site-packages/airflow/example_dags/example_branch_day_of_week_operator.py took 0.264 seconds
[2024-03-07T18:18:12.205+0000] {processor.py:161} INFO - Started process (PID=617) to work on /home/airflow/.local/lib/python3.11/site-packages/airflow/example_dags/example_branch_day_of_week_operator.py
[2024-03-07T18:18:12.207+0000] {processor.py:830} INFO - Processing file /home/airflow/.local/lib/python3.11/site-packages/airflow/example_dags/example_branch_day_of_week_operator.py for tasks to queue
[2024-03-07T18:18:12.215+0000] {logging_mixin.py:188} INFO - [2024-03-07T18:18:12.211+0000] {dagbag.py:540} INFO - Filling up the DagBag from /home/airflow/.local/lib/python3.11/site-packages/airflow/example_dags/example_branch_day_of_week_operator.py
[2024-03-07T18:18:12.234+0000] {processor.py:840} INFO - DAG(s) 'example_weekday_branch_operator' retrieved from /home/airflow/.local/lib/python3.11/site-packages/airflow/example_dags/example_branch_day_of_week_operator.py
[2024-03-07T18:18:12.290+0000] {logging_mixin.py:188} INFO - [2024-03-07T18:18:12.289+0000] {dag.py:3047} INFO - Sync 1 DAGs
[2024-03-07T18:18:12.346+0000] {logging_mixin.py:188} INFO - [2024-03-07T18:18:12.345+0000] {dag.py:3834} INFO - Setting next_dagrun for example_weekday_branch_operator to 2024-03-06 00:00:00+00:00, run_after=2024-03-07 00:00:00+00:00
[2024-03-07T18:18:12.406+0000] {processor.py:183} INFO - Processing /home/airflow/.local/lib/python3.11/site-packages/airflow/example_dags/example_branch_day_of_week_operator.py took 0.206 seconds
[2024-03-07T18:18:43.158+0000] {processor.py:161} INFO - Started process (PID=675) to work on /home/airflow/.local/lib/python3.11/site-packages/airflow/example_dags/example_branch_day_of_week_operator.py
[2024-03-07T18:18:43.161+0000] {processor.py:830} INFO - Processing file /home/airflow/.local/lib/python3.11/site-packages/airflow/example_dags/example_branch_day_of_week_operator.py for tasks to queue
[2024-03-07T18:18:43.166+0000] {logging_mixin.py:188} INFO - [2024-03-07T18:18:43.165+0000] {dagbag.py:540} INFO - Filling up the DagBag from /home/airflow/.local/lib/python3.11/site-packages/airflow/example_dags/example_branch_day_of_week_operator.py
[2024-03-07T18:18:43.187+0000] {processor.py:840} INFO - DAG(s) 'example_weekday_branch_operator' retrieved from /home/airflow/.local/lib/python3.11/site-packages/airflow/example_dags/example_branch_day_of_week_operator.py
[2024-03-07T18:18:43.249+0000] {logging_mixin.py:188} INFO - [2024-03-07T18:18:43.248+0000] {dag.py:3047} INFO - Sync 1 DAGs
[2024-03-07T18:18:43.299+0000] {logging_mixin.py:188} INFO - [2024-03-07T18:18:43.298+0000] {dag.py:3834} INFO - Setting next_dagrun for example_weekday_branch_operator to 2024-03-06 00:00:00+00:00, run_after=2024-03-07 00:00:00+00:00
[2024-03-07T18:18:43.377+0000] {processor.py:183} INFO - Processing /home/airflow/.local/lib/python3.11/site-packages/airflow/example_dags/example_branch_day_of_week_operator.py took 0.225 seconds
[2024-03-07T18:19:13.735+0000] {processor.py:161} INFO - Started process (PID=734) to work on /home/airflow/.local/lib/python3.11/site-packages/airflow/example_dags/example_branch_day_of_week_operator.py
[2024-03-07T18:19:13.740+0000] {processor.py:830} INFO - Processing file /home/airflow/.local/lib/python3.11/site-packages/airflow/example_dags/example_branch_day_of_week_operator.py for tasks to queue
[2024-03-07T18:19:13.745+0000] {logging_mixin.py:188} INFO - [2024-03-07T18:19:13.744+0000] {dagbag.py:540} INFO - Filling up the DagBag from /home/airflow/.local/lib/python3.11/site-packages/airflow/example_dags/example_branch_day_of_week_operator.py
[2024-03-07T18:19:13.764+0000] {processor.py:840} INFO - DAG(s) 'example_weekday_branch_operator' retrieved from /home/airflow/.local/lib/python3.11/site-packages/airflow/example_dags/example_branch_day_of_week_operator.py
[2024-03-07T18:19:13.813+0000] {logging_mixin.py:188} INFO - [2024-03-07T18:19:13.813+0000] {dag.py:3047} INFO - Sync 1 DAGs
[2024-03-07T18:19:13.859+0000] {logging_mixin.py:188} INFO - [2024-03-07T18:19:13.858+0000] {dag.py:3834} INFO - Setting next_dagrun for example_weekday_branch_operator to 2024-03-06 00:00:00+00:00, run_after=2024-03-07 00:00:00+00:00
[2024-03-07T18:19:13.911+0000] {processor.py:183} INFO - Processing /home/airflow/.local/lib/python3.11/site-packages/airflow/example_dags/example_branch_day_of_week_operator.py took 0.181 seconds
[2024-03-07T18:19:44.829+0000] {processor.py:161} INFO - Started process (PID=792) to work on /home/airflow/.local/lib/python3.11/site-packages/airflow/example_dags/example_branch_day_of_week_operator.py
[2024-03-07T18:19:44.832+0000] {processor.py:830} INFO - Processing file /home/airflow/.local/lib/python3.11/site-packages/airflow/example_dags/example_branch_day_of_week_operator.py for tasks to queue
[2024-03-07T18:19:44.836+0000] {logging_mixin.py:188} INFO - [2024-03-07T18:19:44.835+0000] {dagbag.py:540} INFO - Filling up the DagBag from /home/airflow/.local/lib/python3.11/site-packages/airflow/example_dags/example_branch_day_of_week_operator.py
[2024-03-07T18:19:44.851+0000] {processor.py:840} INFO - DAG(s) 'example_weekday_branch_operator' retrieved from /home/airflow/.local/lib/python3.11/site-packages/airflow/example_dags/example_branch_day_of_week_operator.py
[2024-03-07T18:19:44.907+0000] {logging_mixin.py:188} INFO - [2024-03-07T18:19:44.906+0000] {dag.py:3047} INFO - Sync 1 DAGs
[2024-03-07T18:19:44.969+0000] {logging_mixin.py:188} INFO - [2024-03-07T18:19:44.968+0000] {dag.py:3834} INFO - Setting next_dagrun for example_weekday_branch_operator to 2024-03-06 00:00:00+00:00, run_after=2024-03-07 00:00:00+00:00
[2024-03-07T18:19:45.023+0000] {processor.py:183} INFO - Processing /home/airflow/.local/lib/python3.11/site-packages/airflow/example_dags/example_branch_day_of_week_operator.py took 0.202 seconds
[2024-03-07T18:20:15.731+0000] {processor.py:161} INFO - Started process (PID=849) to work on /home/airflow/.local/lib/python3.11/site-packages/airflow/example_dags/example_branch_day_of_week_operator.py
[2024-03-07T18:20:15.734+0000] {processor.py:830} INFO - Processing file /home/airflow/.local/lib/python3.11/site-packages/airflow/example_dags/example_branch_day_of_week_operator.py for tasks to queue
[2024-03-07T18:20:15.738+0000] {logging_mixin.py:188} INFO - [2024-03-07T18:20:15.737+0000] {dagbag.py:540} INFO - Filling up the DagBag from /home/airflow/.local/lib/python3.11/site-packages/airflow/example_dags/example_branch_day_of_week_operator.py
[2024-03-07T18:20:15.751+0000] {processor.py:840} INFO - DAG(s) 'example_weekday_branch_operator' retrieved from /home/airflow/.local/lib/python3.11/site-packages/airflow/example_dags/example_branch_day_of_week_operator.py
[2024-03-07T18:20:15.807+0000] {logging_mixin.py:188} INFO - [2024-03-07T18:20:15.806+0000] {dag.py:3047} INFO - Sync 1 DAGs
[2024-03-07T18:20:15.865+0000] {logging_mixin.py:188} INFO - [2024-03-07T18:20:15.864+0000] {dag.py:3834} INFO - Setting next_dagrun for example_weekday_branch_operator to 2024-03-06 00:00:00+00:00, run_after=2024-03-07 00:00:00+00:00
[2024-03-07T18:20:15.916+0000] {processor.py:183} INFO - Processing /home/airflow/.local/lib/python3.11/site-packages/airflow/example_dags/example_branch_day_of_week_operator.py took 0.190 seconds
[2024-03-07T18:20:46.107+0000] {processor.py:161} INFO - Started process (PID=907) to work on /home/airflow/.local/lib/python3.11/site-packages/airflow/example_dags/example_branch_day_of_week_operator.py
[2024-03-07T18:20:46.110+0000] {processor.py:830} INFO - Processing file /home/airflow/.local/lib/python3.11/site-packages/airflow/example_dags/example_branch_day_of_week_operator.py for tasks to queue
[2024-03-07T18:20:46.116+0000] {logging_mixin.py:188} INFO - [2024-03-07T18:20:46.115+0000] {dagbag.py:540} INFO - Filling up the DagBag from /home/airflow/.local/lib/python3.11/site-packages/airflow/example_dags/example_branch_day_of_week_operator.py
[2024-03-07T18:20:46.138+0000] {processor.py:840} INFO - DAG(s) 'example_weekday_branch_operator' retrieved from /home/airflow/.local/lib/python3.11/site-packages/airflow/example_dags/example_branch_day_of_week_operator.py
[2024-03-07T18:20:46.192+0000] {logging_mixin.py:188} INFO - [2024-03-07T18:20:46.192+0000] {dag.py:3047} INFO - Sync 1 DAGs
[2024-03-07T18:20:46.274+0000] {logging_mixin.py:188} INFO - [2024-03-07T18:20:46.274+0000] {dag.py:3834} INFO - Setting next_dagrun for example_weekday_branch_operator to 2024-03-06 00:00:00+00:00, run_after=2024-03-07 00:00:00+00:00
[2024-03-07T18:20:46.353+0000] {processor.py:183} INFO - Processing /home/airflow/.local/lib/python3.11/site-packages/airflow/example_dags/example_branch_day_of_week_operator.py took 0.252 seconds
[2024-03-07T18:21:16.971+0000] {processor.py:161} INFO - Started process (PID=964) to work on /home/airflow/.local/lib/python3.11/site-packages/airflow/example_dags/example_branch_day_of_week_operator.py
[2024-03-07T18:21:16.975+0000] {processor.py:830} INFO - Processing file /home/airflow/.local/lib/python3.11/site-packages/airflow/example_dags/example_branch_day_of_week_operator.py for tasks to queue
[2024-03-07T18:21:16.980+0000] {logging_mixin.py:188} INFO - [2024-03-07T18:21:16.979+0000] {dagbag.py:540} INFO - Filling up the DagBag from /home/airflow/.local/lib/python3.11/site-packages/airflow/example_dags/example_branch_day_of_week_operator.py
[2024-03-07T18:21:17.001+0000] {processor.py:840} INFO - DAG(s) 'example_weekday_branch_operator' retrieved from /home/airflow/.local/lib/python3.11/site-packages/airflow/example_dags/example_branch_day_of_week_operator.py
[2024-03-07T18:21:17.056+0000] {logging_mixin.py:188} INFO - [2024-03-07T18:21:17.056+0000] {dag.py:3047} INFO - Sync 1 DAGs
[2024-03-07T18:21:17.119+0000] {logging_mixin.py:188} INFO - [2024-03-07T18:21:17.118+0000] {dag.py:3834} INFO - Setting next_dagrun for example_weekday_branch_operator to 2024-03-06 00:00:00+00:00, run_after=2024-03-07 00:00:00+00:00
[2024-03-07T18:21:17.192+0000] {processor.py:183} INFO - Processing /home/airflow/.local/lib/python3.11/site-packages/airflow/example_dags/example_branch_day_of_week_operator.py took 0.228 seconds
[2024-03-07T18:21:47.983+0000] {processor.py:161} INFO - Started process (PID=1022) to work on /home/airflow/.local/lib/python3.11/site-packages/airflow/example_dags/example_branch_day_of_week_operator.py
[2024-03-07T18:21:47.986+0000] {processor.py:830} INFO - Processing file /home/airflow/.local/lib/python3.11/site-packages/airflow/example_dags/example_branch_day_of_week_operator.py for tasks to queue
[2024-03-07T18:21:47.991+0000] {logging_mixin.py:188} INFO - [2024-03-07T18:21:47.990+0000] {dagbag.py:540} INFO - Filling up the DagBag from /home/airflow/.local/lib/python3.11/site-packages/airflow/example_dags/example_branch_day_of_week_operator.py
[2024-03-07T18:21:48.013+0000] {processor.py:840} INFO - DAG(s) 'example_weekday_branch_operator' retrieved from /home/airflow/.local/lib/python3.11/site-packages/airflow/example_dags/example_branch_day_of_week_operator.py
[2024-03-07T18:21:48.071+0000] {logging_mixin.py:188} INFO - [2024-03-07T18:21:48.070+0000] {dag.py:3047} INFO - Sync 1 DAGs
[2024-03-07T18:21:48.141+0000] {logging_mixin.py:188} INFO - [2024-03-07T18:21:48.140+0000] {dag.py:3834} INFO - Setting next_dagrun for example_weekday_branch_operator to 2024-03-06 00:00:00+00:00, run_after=2024-03-07 00:00:00+00:00
[2024-03-07T18:21:48.204+0000] {processor.py:183} INFO - Processing /home/airflow/.local/lib/python3.11/site-packages/airflow/example_dags/example_branch_day_of_week_operator.py took 0.226 seconds
[2024-03-07T18:22:18.978+0000] {processor.py:161} INFO - Started process (PID=1080) to work on /home/airflow/.local/lib/python3.11/site-packages/airflow/example_dags/example_branch_day_of_week_operator.py
[2024-03-07T18:22:18.981+0000] {processor.py:830} INFO - Processing file /home/airflow/.local/lib/python3.11/site-packages/airflow/example_dags/example_branch_day_of_week_operator.py for tasks to queue
[2024-03-07T18:22:18.985+0000] {logging_mixin.py:188} INFO - [2024-03-07T18:22:18.984+0000] {dagbag.py:540} INFO - Filling up the DagBag from /home/airflow/.local/lib/python3.11/site-packages/airflow/example_dags/example_branch_day_of_week_operator.py
[2024-03-07T18:22:19.012+0000] {processor.py:840} INFO - DAG(s) 'example_weekday_branch_operator' retrieved from /home/airflow/.local/lib/python3.11/site-packages/airflow/example_dags/example_branch_day_of_week_operator.py
[2024-03-07T18:22:19.058+0000] {logging_mixin.py:188} INFO - [2024-03-07T18:22:19.057+0000] {dag.py:3047} INFO - Sync 1 DAGs
[2024-03-07T18:22:19.110+0000] {logging_mixin.py:188} INFO - [2024-03-07T18:22:19.109+0000] {dag.py:3834} INFO - Setting next_dagrun for example_weekday_branch_operator to 2024-03-06 00:00:00+00:00, run_after=2024-03-07 00:00:00+00:00
[2024-03-07T18:22:19.165+0000] {processor.py:183} INFO - Processing /home/airflow/.local/lib/python3.11/site-packages/airflow/example_dags/example_branch_day_of_week_operator.py took 0.191 seconds
[2024-03-07T18:22:50.793+0000] {processor.py:161} INFO - Started process (PID=1139) to work on /home/airflow/.local/lib/python3.11/site-packages/airflow/example_dags/example_branch_day_of_week_operator.py
[2024-03-07T18:22:50.797+0000] {processor.py:830} INFO - Processing file /home/airflow/.local/lib/python3.11/site-packages/airflow/example_dags/example_branch_day_of_week_operator.py for tasks to queue
[2024-03-07T18:22:50.801+0000] {logging_mixin.py:188} INFO - [2024-03-07T18:22:50.800+0000] {dagbag.py:540} INFO - Filling up the DagBag from /home/airflow/.local/lib/python3.11/site-packages/airflow/example_dags/example_branch_day_of_week_operator.py
[2024-03-07T18:22:50.814+0000] {processor.py:840} INFO - DAG(s) 'example_weekday_branch_operator' retrieved from /home/airflow/.local/lib/python3.11/site-packages/airflow/example_dags/example_branch_day_of_week_operator.py
[2024-03-07T18:22:50.862+0000] {logging_mixin.py:188} INFO - [2024-03-07T18:22:50.862+0000] {dag.py:3047} INFO - Sync 1 DAGs
[2024-03-07T18:22:50.918+0000] {logging_mixin.py:188} INFO - [2024-03-07T18:22:50.917+0000] {dag.py:3834} INFO - Setting next_dagrun for example_weekday_branch_operator to 2024-03-06 00:00:00+00:00, run_after=2024-03-07 00:00:00+00:00
[2024-03-07T18:22:50.969+0000] {processor.py:183} INFO - Processing /home/airflow/.local/lib/python3.11/site-packages/airflow/example_dags/example_branch_day_of_week_operator.py took 0.182 seconds
[2024-03-07T18:23:21.404+0000] {processor.py:161} INFO - Started process (PID=1197) to work on /home/airflow/.local/lib/python3.11/site-packages/airflow/example_dags/example_branch_day_of_week_operator.py
[2024-03-07T18:23:21.406+0000] {processor.py:830} INFO - Processing file /home/airflow/.local/lib/python3.11/site-packages/airflow/example_dags/example_branch_day_of_week_operator.py for tasks to queue
[2024-03-07T18:23:21.411+0000] {logging_mixin.py:188} INFO - [2024-03-07T18:23:21.410+0000] {dagbag.py:540} INFO - Filling up the DagBag from /home/airflow/.local/lib/python3.11/site-packages/airflow/example_dags/example_branch_day_of_week_operator.py
[2024-03-07T18:23:21.442+0000] {processor.py:840} INFO - DAG(s) 'example_weekday_branch_operator' retrieved from /home/airflow/.local/lib/python3.11/site-packages/airflow/example_dags/example_branch_day_of_week_operator.py
[2024-03-07T18:23:21.504+0000] {logging_mixin.py:188} INFO - [2024-03-07T18:23:21.503+0000] {dag.py:3047} INFO - Sync 1 DAGs
[2024-03-07T18:23:21.551+0000] {logging_mixin.py:188} INFO - [2024-03-07T18:23:21.551+0000] {dag.py:3834} INFO - Setting next_dagrun for example_weekday_branch_operator to 2024-03-06 00:00:00+00:00, run_after=2024-03-07 00:00:00+00:00
[2024-03-07T18:23:21.614+0000] {processor.py:183} INFO - Processing /home/airflow/.local/lib/python3.11/site-packages/airflow/example_dags/example_branch_day_of_week_operator.py took 0.215 seconds
[2024-03-07T18:23:52.518+0000] {processor.py:161} INFO - Started process (PID=1256) to work on /home/airflow/.local/lib/python3.11/site-packages/airflow/example_dags/example_branch_day_of_week_operator.py
[2024-03-07T18:23:52.520+0000] {processor.py:830} INFO - Processing file /home/airflow/.local/lib/python3.11/site-packages/airflow/example_dags/example_branch_day_of_week_operator.py for tasks to queue
[2024-03-07T18:23:52.525+0000] {logging_mixin.py:188} INFO - [2024-03-07T18:23:52.524+0000] {dagbag.py:540} INFO - Filling up the DagBag from /home/airflow/.local/lib/python3.11/site-packages/airflow/example_dags/example_branch_day_of_week_operator.py
[2024-03-07T18:23:52.540+0000] {processor.py:840} INFO - DAG(s) 'example_weekday_branch_operator' retrieved from /home/airflow/.local/lib/python3.11/site-packages/airflow/example_dags/example_branch_day_of_week_operator.py
[2024-03-07T18:23:52.591+0000] {logging_mixin.py:188} INFO - [2024-03-07T18:23:52.590+0000] {dag.py:3047} INFO - Sync 1 DAGs
[2024-03-07T18:23:52.651+0000] {logging_mixin.py:188} INFO - [2024-03-07T18:23:52.651+0000] {dag.py:3834} INFO - Setting next_dagrun for example_weekday_branch_operator to 2024-03-06 00:00:00+00:00, run_after=2024-03-07 00:00:00+00:00
[2024-03-07T18:23:52.711+0000] {processor.py:183} INFO - Processing /home/airflow/.local/lib/python3.11/site-packages/airflow/example_dags/example_branch_day_of_week_operator.py took 0.198 seconds
[2024-03-07T18:24:25.306+0000] {processor.py:161} INFO - Started process (PID=1314) to work on /home/airflow/.local/lib/python3.11/site-packages/airflow/example_dags/example_branch_day_of_week_operator.py
[2024-03-07T18:24:25.308+0000] {processor.py:830} INFO - Processing file /home/airflow/.local/lib/python3.11/site-packages/airflow/example_dags/example_branch_day_of_week_operator.py for tasks to queue
[2024-03-07T18:24:25.312+0000] {logging_mixin.py:188} INFO - [2024-03-07T18:24:25.311+0000] {dagbag.py:540} INFO - Filling up the DagBag from /home/airflow/.local/lib/python3.11/site-packages/airflow/example_dags/example_branch_day_of_week_operator.py
[2024-03-07T18:24:25.326+0000] {processor.py:840} INFO - DAG(s) 'example_weekday_branch_operator' retrieved from /home/airflow/.local/lib/python3.11/site-packages/airflow/example_dags/example_branch_day_of_week_operator.py
[2024-03-07T18:24:25.381+0000] {logging_mixin.py:188} INFO - [2024-03-07T18:24:25.380+0000] {dag.py:3047} INFO - Sync 1 DAGs
[2024-03-07T18:24:25.444+0000] {logging_mixin.py:188} INFO - [2024-03-07T18:24:25.444+0000] {dag.py:3834} INFO - Setting next_dagrun for example_weekday_branch_operator to 2024-03-06 00:00:00+00:00, run_after=2024-03-07 00:00:00+00:00
[2024-03-07T18:24:25.505+0000] {processor.py:183} INFO - Processing /home/airflow/.local/lib/python3.11/site-packages/airflow/example_dags/example_branch_day_of_week_operator.py took 0.204 seconds
[2024-03-07T18:24:56.275+0000] {processor.py:161} INFO - Started process (PID=1372) to work on /home/airflow/.local/lib/python3.11/site-packages/airflow/example_dags/example_branch_day_of_week_operator.py
[2024-03-07T18:24:56.279+0000] {processor.py:830} INFO - Processing file /home/airflow/.local/lib/python3.11/site-packages/airflow/example_dags/example_branch_day_of_week_operator.py for tasks to queue
[2024-03-07T18:24:56.285+0000] {logging_mixin.py:188} INFO - [2024-03-07T18:24:56.284+0000] {dagbag.py:540} INFO - Filling up the DagBag from /home/airflow/.local/lib/python3.11/site-packages/airflow/example_dags/example_branch_day_of_week_operator.py
[2024-03-07T18:24:56.310+0000] {processor.py:840} INFO - DAG(s) 'example_weekday_branch_operator' retrieved from /home/airflow/.local/lib/python3.11/site-packages/airflow/example_dags/example_branch_day_of_week_operator.py
[2024-03-07T18:24:56.363+0000] {logging_mixin.py:188} INFO - [2024-03-07T18:24:56.363+0000] {dag.py:3047} INFO - Sync 1 DAGs
[2024-03-07T18:24:56.417+0000] {logging_mixin.py:188} INFO - [2024-03-07T18:24:56.417+0000] {dag.py:3834} INFO - Setting next_dagrun for example_weekday_branch_operator to 2024-03-06 00:00:00+00:00, run_after=2024-03-07 00:00:00+00:00
[2024-03-07T18:24:56.469+0000] {processor.py:183} INFO - Processing /home/airflow/.local/lib/python3.11/site-packages/airflow/example_dags/example_branch_day_of_week_operator.py took 0.204 seconds
[2024-03-07T18:25:28.329+0000] {processor.py:161} INFO - Started process (PID=1432) to work on /home/airflow/.local/lib/python3.11/site-packages/airflow/example_dags/example_branch_day_of_week_operator.py
[2024-03-07T18:25:28.332+0000] {processor.py:830} INFO - Processing file /home/airflow/.local/lib/python3.11/site-packages/airflow/example_dags/example_branch_day_of_week_operator.py for tasks to queue
[2024-03-07T18:25:28.339+0000] {logging_mixin.py:188} INFO - [2024-03-07T18:25:28.337+0000] {dagbag.py:540} INFO - Filling up the DagBag from /home/airflow/.local/lib/python3.11/site-packages/airflow/example_dags/example_branch_day_of_week_operator.py
[2024-03-07T18:25:28.366+0000] {processor.py:840} INFO - DAG(s) 'example_weekday_branch_operator' retrieved from /home/airflow/.local/lib/python3.11/site-packages/airflow/example_dags/example_branch_day_of_week_operator.py
[2024-03-07T18:25:28.431+0000] {logging_mixin.py:188} INFO - [2024-03-07T18:25:28.431+0000] {dag.py:3047} INFO - Sync 1 DAGs
[2024-03-07T18:25:28.512+0000] {logging_mixin.py:188} INFO - [2024-03-07T18:25:28.511+0000] {dag.py:3834} INFO - Setting next_dagrun for example_weekday_branch_operator to 2024-03-06 00:00:00+00:00, run_after=2024-03-07 00:00:00+00:00
[2024-03-07T18:25:28.584+0000] {processor.py:183} INFO - Processing /home/airflow/.local/lib/python3.11/site-packages/airflow/example_dags/example_branch_day_of_week_operator.py took 0.262 seconds
[2024-03-07T18:26:00.176+0000] {processor.py:161} INFO - Started process (PID=1489) to work on /home/airflow/.local/lib/python3.11/site-packages/airflow/example_dags/example_branch_day_of_week_operator.py
[2024-03-07T18:26:00.178+0000] {processor.py:830} INFO - Processing file /home/airflow/.local/lib/python3.11/site-packages/airflow/example_dags/example_branch_day_of_week_operator.py for tasks to queue
[2024-03-07T18:26:00.183+0000] {logging_mixin.py:188} INFO - [2024-03-07T18:26:00.182+0000] {dagbag.py:540} INFO - Filling up the DagBag from /home/airflow/.local/lib/python3.11/site-packages/airflow/example_dags/example_branch_day_of_week_operator.py
[2024-03-07T18:26:00.199+0000] {processor.py:840} INFO - DAG(s) 'example_weekday_branch_operator' retrieved from /home/airflow/.local/lib/python3.11/site-packages/airflow/example_dags/example_branch_day_of_week_operator.py
[2024-03-07T18:26:00.243+0000] {logging_mixin.py:188} INFO - [2024-03-07T18:26:00.242+0000] {dag.py:3047} INFO - Sync 1 DAGs
[2024-03-07T18:26:00.301+0000] {logging_mixin.py:188} INFO - [2024-03-07T18:26:00.301+0000] {dag.py:3834} INFO - Setting next_dagrun for example_weekday_branch_operator to 2024-03-06 00:00:00+00:00, run_after=2024-03-07 00:00:00+00:00
[2024-03-07T18:26:00.351+0000] {processor.py:183} INFO - Processing /home/airflow/.local/lib/python3.11/site-packages/airflow/example_dags/example_branch_day_of_week_operator.py took 0.182 seconds
[2024-03-07T18:26:31.657+0000] {processor.py:161} INFO - Started process (PID=1546) to work on /home/airflow/.local/lib/python3.11/site-packages/airflow/example_dags/example_branch_day_of_week_operator.py
[2024-03-07T18:26:31.659+0000] {processor.py:830} INFO - Processing file /home/airflow/.local/lib/python3.11/site-packages/airflow/example_dags/example_branch_day_of_week_operator.py for tasks to queue
[2024-03-07T18:26:31.664+0000] {logging_mixin.py:188} INFO - [2024-03-07T18:26:31.663+0000] {dagbag.py:540} INFO - Filling up the DagBag from /home/airflow/.local/lib/python3.11/site-packages/airflow/example_dags/example_branch_day_of_week_operator.py
[2024-03-07T18:26:31.679+0000] {processor.py:840} INFO - DAG(s) 'example_weekday_branch_operator' retrieved from /home/airflow/.local/lib/python3.11/site-packages/airflow/example_dags/example_branch_day_of_week_operator.py
[2024-03-07T18:26:31.723+0000] {logging_mixin.py:188} INFO - [2024-03-07T18:26:31.722+0000] {dag.py:3047} INFO - Sync 1 DAGs
[2024-03-07T18:26:31.773+0000] {logging_mixin.py:188} INFO - [2024-03-07T18:26:31.773+0000] {dag.py:3834} INFO - Setting next_dagrun for example_weekday_branch_operator to 2024-03-06 00:00:00+00:00, run_after=2024-03-07 00:00:00+00:00
[2024-03-07T18:26:31.833+0000] {processor.py:183} INFO - Processing /home/airflow/.local/lib/python3.11/site-packages/airflow/example_dags/example_branch_day_of_week_operator.py took 0.181 seconds
[2024-03-07T18:27:03.642+0000] {processor.py:161} INFO - Started process (PID=1604) to work on /home/airflow/.local/lib/python3.11/site-packages/airflow/example_dags/example_branch_day_of_week_operator.py
[2024-03-07T18:27:03.645+0000] {processor.py:830} INFO - Processing file /home/airflow/.local/lib/python3.11/site-packages/airflow/example_dags/example_branch_day_of_week_operator.py for tasks to queue
[2024-03-07T18:27:03.649+0000] {logging_mixin.py:188} INFO - [2024-03-07T18:27:03.648+0000] {dagbag.py:540} INFO - Filling up the DagBag from /home/airflow/.local/lib/python3.11/site-packages/airflow/example_dags/example_branch_day_of_week_operator.py
[2024-03-07T18:27:03.663+0000] {processor.py:840} INFO - DAG(s) 'example_weekday_branch_operator' retrieved from /home/airflow/.local/lib/python3.11/site-packages/airflow/example_dags/example_branch_day_of_week_operator.py
[2024-03-07T18:27:03.711+0000] {logging_mixin.py:188} INFO - [2024-03-07T18:27:03.711+0000] {dag.py:3047} INFO - Sync 1 DAGs
[2024-03-07T18:27:03.823+0000] {logging_mixin.py:188} INFO - [2024-03-07T18:27:03.821+0000] {dag.py:3834} INFO - Setting next_dagrun for example_weekday_branch_operator to 2024-03-06 00:00:00+00:00, run_after=2024-03-07 00:00:00+00:00
[2024-03-07T18:27:03.980+0000] {processor.py:183} INFO - Processing /home/airflow/.local/lib/python3.11/site-packages/airflow/example_dags/example_branch_day_of_week_operator.py took 0.342 seconds
[2024-03-07T18:27:36.563+0000] {processor.py:161} INFO - Started process (PID=1661) to work on /home/airflow/.local/lib/python3.11/site-packages/airflow/example_dags/example_branch_day_of_week_operator.py
[2024-03-07T18:27:36.565+0000] {processor.py:830} INFO - Processing file /home/airflow/.local/lib/python3.11/site-packages/airflow/example_dags/example_branch_day_of_week_operator.py for tasks to queue
[2024-03-07T18:27:36.572+0000] {logging_mixin.py:188} INFO - [2024-03-07T18:27:36.570+0000] {dagbag.py:540} INFO - Filling up the DagBag from /home/airflow/.local/lib/python3.11/site-packages/airflow/example_dags/example_branch_day_of_week_operator.py
[2024-03-07T18:27:36.592+0000] {processor.py:840} INFO - DAG(s) 'example_weekday_branch_operator' retrieved from /home/airflow/.local/lib/python3.11/site-packages/airflow/example_dags/example_branch_day_of_week_operator.py
[2024-03-07T18:27:36.644+0000] {logging_mixin.py:188} INFO - [2024-03-07T18:27:36.643+0000] {dag.py:3047} INFO - Sync 1 DAGs
[2024-03-07T18:27:36.696+0000] {logging_mixin.py:188} INFO - [2024-03-07T18:27:36.695+0000] {dag.py:3834} INFO - Setting next_dagrun for example_weekday_branch_operator to 2024-03-06 00:00:00+00:00, run_after=2024-03-07 00:00:00+00:00
[2024-03-07T18:27:36.752+0000] {processor.py:183} INFO - Processing /home/airflow/.local/lib/python3.11/site-packages/airflow/example_dags/example_branch_day_of_week_operator.py took 0.194 seconds
[2024-03-07T18:28:10.890+0000] {processor.py:161} INFO - Started process (PID=1719) to work on /home/airflow/.local/lib/python3.11/site-packages/airflow/example_dags/example_branch_day_of_week_operator.py
[2024-03-07T18:28:10.892+0000] {processor.py:830} INFO - Processing file /home/airflow/.local/lib/python3.11/site-packages/airflow/example_dags/example_branch_day_of_week_operator.py for tasks to queue
[2024-03-07T18:28:10.896+0000] {logging_mixin.py:188} INFO - [2024-03-07T18:28:10.895+0000] {dagbag.py:540} INFO - Filling up the DagBag from /home/airflow/.local/lib/python3.11/site-packages/airflow/example_dags/example_branch_day_of_week_operator.py
[2024-03-07T18:28:10.910+0000] {processor.py:840} INFO - DAG(s) 'example_weekday_branch_operator' retrieved from /home/airflow/.local/lib/python3.11/site-packages/airflow/example_dags/example_branch_day_of_week_operator.py
[2024-03-07T18:28:10.962+0000] {logging_mixin.py:188} INFO - [2024-03-07T18:28:10.962+0000] {dag.py:3047} INFO - Sync 1 DAGs
[2024-03-07T18:28:11.017+0000] {logging_mixin.py:188} INFO - [2024-03-07T18:28:11.016+0000] {dag.py:3834} INFO - Setting next_dagrun for example_weekday_branch_operator to 2024-03-06 00:00:00+00:00, run_after=2024-03-07 00:00:00+00:00
[2024-03-07T18:28:11.074+0000] {processor.py:183} INFO - Processing /home/airflow/.local/lib/python3.11/site-packages/airflow/example_dags/example_branch_day_of_week_operator.py took 0.188 seconds
[2024-03-07T18:28:41.299+0000] {processor.py:161} INFO - Started process (PID=1777) to work on /home/airflow/.local/lib/python3.11/site-packages/airflow/example_dags/example_branch_day_of_week_operator.py
[2024-03-07T18:28:41.302+0000] {processor.py:830} INFO - Processing file /home/airflow/.local/lib/python3.11/site-packages/airflow/example_dags/example_branch_day_of_week_operator.py for tasks to queue
[2024-03-07T18:28:41.307+0000] {logging_mixin.py:188} INFO - [2024-03-07T18:28:41.306+0000] {dagbag.py:540} INFO - Filling up the DagBag from /home/airflow/.local/lib/python3.11/site-packages/airflow/example_dags/example_branch_day_of_week_operator.py
[2024-03-07T18:28:41.325+0000] {processor.py:840} INFO - DAG(s) 'example_weekday_branch_operator' retrieved from /home/airflow/.local/lib/python3.11/site-packages/airflow/example_dags/example_branch_day_of_week_operator.py
[2024-03-07T18:28:41.378+0000] {logging_mixin.py:188} INFO - [2024-03-07T18:28:41.377+0000] {dag.py:3047} INFO - Sync 1 DAGs
[2024-03-07T18:28:41.430+0000] {logging_mixin.py:188} INFO - [2024-03-07T18:28:41.429+0000] {dag.py:3834} INFO - Setting next_dagrun for example_weekday_branch_operator to 2024-03-06 00:00:00+00:00, run_after=2024-03-07 00:00:00+00:00
[2024-03-07T18:28:41.490+0000] {processor.py:183} INFO - Processing /home/airflow/.local/lib/python3.11/site-packages/airflow/example_dags/example_branch_day_of_week_operator.py took 0.200 seconds
[2024-03-07T18:29:12.227+0000] {processor.py:161} INFO - Started process (PID=1836) to work on /home/airflow/.local/lib/python3.11/site-packages/airflow/example_dags/example_branch_day_of_week_operator.py
[2024-03-07T18:29:12.229+0000] {processor.py:830} INFO - Processing file /home/airflow/.local/lib/python3.11/site-packages/airflow/example_dags/example_branch_day_of_week_operator.py for tasks to queue
[2024-03-07T18:29:12.234+0000] {logging_mixin.py:188} INFO - [2024-03-07T18:29:12.233+0000] {dagbag.py:540} INFO - Filling up the DagBag from /home/airflow/.local/lib/python3.11/site-packages/airflow/example_dags/example_branch_day_of_week_operator.py
[2024-03-07T18:29:12.252+0000] {processor.py:840} INFO - DAG(s) 'example_weekday_branch_operator' retrieved from /home/airflow/.local/lib/python3.11/site-packages/airflow/example_dags/example_branch_day_of_week_operator.py
[2024-03-07T18:29:12.302+0000] {logging_mixin.py:188} INFO - [2024-03-07T18:29:12.301+0000] {dag.py:3047} INFO - Sync 1 DAGs
[2024-03-07T18:29:12.351+0000] {logging_mixin.py:188} INFO - [2024-03-07T18:29:12.350+0000] {dag.py:3834} INFO - Setting next_dagrun for example_weekday_branch_operator to 2024-03-06 00:00:00+00:00, run_after=2024-03-07 00:00:00+00:00
[2024-03-07T18:29:12.401+0000] {processor.py:183} INFO - Processing /home/airflow/.local/lib/python3.11/site-packages/airflow/example_dags/example_branch_day_of_week_operator.py took 0.178 seconds
