[2024-03-07T18:13:30.713+0000] {processor.py:161} INFO - Started process (PID=97) to work on /home/airflow/.local/lib/python3.11/site-packages/airflow/example_dags/example_external_task_marker_dag.py
[2024-03-07T18:13:30.725+0000] {processor.py:830} INFO - Processing file /home/airflow/.local/lib/python3.11/site-packages/airflow/example_dags/example_external_task_marker_dag.py for tasks to queue
[2024-03-07T18:13:30.746+0000] {logging_mixin.py:188} INFO - [2024-03-07T18:13:30.736+0000] {dagbag.py:540} INFO - Filling up the DagBag from /home/airflow/.local/lib/python3.11/site-packages/airflow/example_dags/example_external_task_marker_dag.py
[2024-03-07T18:13:30.797+0000] {processor.py:840} INFO - DAG(s) 'example_external_task_marker_parent', 'example_external_task_marker_child' retrieved from /home/airflow/.local/lib/python3.11/site-packages/airflow/example_dags/example_external_task_marker_dag.py
[2024-03-07T18:13:30.985+0000] {logging_mixin.py:188} INFO - [2024-03-07T18:13:30.983+0000] {dag.py:3047} INFO - Sync 2 DAGs
[2024-03-07T18:13:31.080+0000] {logging_mixin.py:188} INFO - [2024-03-07T18:13:31.077+0000] {dag.py:3834} INFO - Setting next_dagrun for example_external_task_marker_child to None, run_after=None
[2024-03-07T18:13:31.099+0000] {logging_mixin.py:188} INFO - [2024-03-07T18:13:31.098+0000] {dag.py:3834} INFO - Setting next_dagrun for example_external_task_marker_parent to None, run_after=None
[2024-03-07T18:13:31.220+0000] {processor.py:183} INFO - Processing /home/airflow/.local/lib/python3.11/site-packages/airflow/example_dags/example_external_task_marker_dag.py took 0.528 seconds
[2024-03-07T18:14:01.540+0000] {processor.py:161} INFO - Started process (PID=154) to work on /home/airflow/.local/lib/python3.11/site-packages/airflow/example_dags/example_external_task_marker_dag.py
[2024-03-07T18:14:01.551+0000] {processor.py:830} INFO - Processing file /home/airflow/.local/lib/python3.11/site-packages/airflow/example_dags/example_external_task_marker_dag.py for tasks to queue
[2024-03-07T18:14:01.567+0000] {logging_mixin.py:188} INFO - [2024-03-07T18:14:01.556+0000] {dagbag.py:540} INFO - Filling up the DagBag from /home/airflow/.local/lib/python3.11/site-packages/airflow/example_dags/example_external_task_marker_dag.py
[2024-03-07T18:14:01.605+0000] {processor.py:840} INFO - DAG(s) 'example_external_task_marker_child', 'example_external_task_marker_parent' retrieved from /home/airflow/.local/lib/python3.11/site-packages/airflow/example_dags/example_external_task_marker_dag.py
[2024-03-07T18:14:01.735+0000] {logging_mixin.py:188} INFO - [2024-03-07T18:14:01.734+0000] {dag.py:3047} INFO - Sync 2 DAGs
[2024-03-07T18:14:01.831+0000] {logging_mixin.py:188} INFO - [2024-03-07T18:14:01.830+0000] {dag.py:3834} INFO - Setting next_dagrun for example_external_task_marker_child to None, run_after=None
[2024-03-07T18:14:01.865+0000] {logging_mixin.py:188} INFO - [2024-03-07T18:14:01.864+0000] {dag.py:3834} INFO - Setting next_dagrun for example_external_task_marker_parent to None, run_after=None
[2024-03-07T18:14:01.974+0000] {processor.py:183} INFO - Processing /home/airflow/.local/lib/python3.11/site-packages/airflow/example_dags/example_external_task_marker_dag.py took 0.444 seconds
[2024-03-07T18:14:33.687+0000] {processor.py:161} INFO - Started process (PID=212) to work on /home/airflow/.local/lib/python3.11/site-packages/airflow/example_dags/example_external_task_marker_dag.py
[2024-03-07T18:14:33.698+0000] {processor.py:830} INFO - Processing file /home/airflow/.local/lib/python3.11/site-packages/airflow/example_dags/example_external_task_marker_dag.py for tasks to queue
[2024-03-07T18:14:33.705+0000] {logging_mixin.py:188} INFO - [2024-03-07T18:14:33.704+0000] {dagbag.py:540} INFO - Filling up the DagBag from /home/airflow/.local/lib/python3.11/site-packages/airflow/example_dags/example_external_task_marker_dag.py
[2024-03-07T18:14:33.765+0000] {processor.py:840} INFO - DAG(s) 'example_external_task_marker_parent', 'example_external_task_marker_child' retrieved from /home/airflow/.local/lib/python3.11/site-packages/airflow/example_dags/example_external_task_marker_dag.py
[2024-03-07T18:14:33.980+0000] {logging_mixin.py:188} INFO - [2024-03-07T18:14:33.979+0000] {dag.py:3047} INFO - Sync 2 DAGs
[2024-03-07T18:14:34.143+0000] {logging_mixin.py:188} INFO - [2024-03-07T18:14:34.142+0000] {dag.py:3834} INFO - Setting next_dagrun for example_external_task_marker_child to None, run_after=None
[2024-03-07T18:14:34.289+0000] {logging_mixin.py:188} INFO - [2024-03-07T18:14:34.288+0000] {dag.py:3834} INFO - Setting next_dagrun for example_external_task_marker_parent to None, run_after=None
[2024-03-07T18:14:34.975+0000] {processor.py:183} INFO - Processing /home/airflow/.local/lib/python3.11/site-packages/airflow/example_dags/example_external_task_marker_dag.py took 1.308 seconds
[2024-03-07T18:15:05.586+0000] {processor.py:161} INFO - Started process (PID=269) to work on /home/airflow/.local/lib/python3.11/site-packages/airflow/example_dags/example_external_task_marker_dag.py
[2024-03-07T18:15:05.591+0000] {processor.py:830} INFO - Processing file /home/airflow/.local/lib/python3.11/site-packages/airflow/example_dags/example_external_task_marker_dag.py for tasks to queue
[2024-03-07T18:15:05.597+0000] {logging_mixin.py:188} INFO - [2024-03-07T18:15:05.596+0000] {dagbag.py:540} INFO - Filling up the DagBag from /home/airflow/.local/lib/python3.11/site-packages/airflow/example_dags/example_external_task_marker_dag.py
[2024-03-07T18:15:05.633+0000] {processor.py:840} INFO - DAG(s) 'example_external_task_marker_parent', 'example_external_task_marker_child' retrieved from /home/airflow/.local/lib/python3.11/site-packages/airflow/example_dags/example_external_task_marker_dag.py
[2024-03-07T18:15:05.683+0000] {logging_mixin.py:188} INFO - [2024-03-07T18:15:05.682+0000] {dag.py:3047} INFO - Sync 2 DAGs
[2024-03-07T18:15:05.749+0000] {logging_mixin.py:188} INFO - [2024-03-07T18:15:05.748+0000] {dag.py:3834} INFO - Setting next_dagrun for example_external_task_marker_child to None, run_after=None
[2024-03-07T18:15:05.764+0000] {logging_mixin.py:188} INFO - [2024-03-07T18:15:05.763+0000] {dag.py:3834} INFO - Setting next_dagrun for example_external_task_marker_parent to None, run_after=None
[2024-03-07T18:15:05.839+0000] {processor.py:183} INFO - Processing /home/airflow/.local/lib/python3.11/site-packages/airflow/example_dags/example_external_task_marker_dag.py took 0.262 seconds
[2024-03-07T18:15:42.473+0000] {processor.py:161} INFO - Started process (PID=335) to work on /home/airflow/.local/lib/python3.11/site-packages/airflow/example_dags/example_external_task_marker_dag.py
[2024-03-07T18:15:42.481+0000] {processor.py:830} INFO - Processing file /home/airflow/.local/lib/python3.11/site-packages/airflow/example_dags/example_external_task_marker_dag.py for tasks to queue
[2024-03-07T18:15:42.488+0000] {logging_mixin.py:188} INFO - [2024-03-07T18:15:42.487+0000] {dagbag.py:540} INFO - Filling up the DagBag from /home/airflow/.local/lib/python3.11/site-packages/airflow/example_dags/example_external_task_marker_dag.py
[2024-03-07T18:15:42.523+0000] {processor.py:840} INFO - DAG(s) 'example_external_task_marker_child', 'example_external_task_marker_parent' retrieved from /home/airflow/.local/lib/python3.11/site-packages/airflow/example_dags/example_external_task_marker_dag.py
[2024-03-07T18:15:42.954+0000] {logging_mixin.py:188} INFO - [2024-03-07T18:15:42.953+0000] {dag.py:3047} INFO - Sync 2 DAGs
[2024-03-07T18:15:43.001+0000] {logging_mixin.py:188} INFO - [2024-03-07T18:15:43.000+0000] {dag.py:3834} INFO - Setting next_dagrun for example_external_task_marker_child to None, run_after=None
[2024-03-07T18:15:43.015+0000] {logging_mixin.py:188} INFO - [2024-03-07T18:15:43.013+0000] {dag.py:3834} INFO - Setting next_dagrun for example_external_task_marker_parent to None, run_after=None
[2024-03-07T18:15:43.092+0000] {processor.py:183} INFO - Processing /home/airflow/.local/lib/python3.11/site-packages/airflow/example_dags/example_external_task_marker_dag.py took 0.628 seconds
[2024-03-07T18:16:13.308+0000] {processor.py:161} INFO - Started process (PID=393) to work on /home/airflow/.local/lib/python3.11/site-packages/airflow/example_dags/example_external_task_marker_dag.py
[2024-03-07T18:16:13.310+0000] {processor.py:830} INFO - Processing file /home/airflow/.local/lib/python3.11/site-packages/airflow/example_dags/example_external_task_marker_dag.py for tasks to queue
[2024-03-07T18:16:13.315+0000] {logging_mixin.py:188} INFO - [2024-03-07T18:16:13.314+0000] {dagbag.py:540} INFO - Filling up the DagBag from /home/airflow/.local/lib/python3.11/site-packages/airflow/example_dags/example_external_task_marker_dag.py
[2024-03-07T18:16:13.328+0000] {processor.py:840} INFO - DAG(s) 'example_external_task_marker_parent', 'example_external_task_marker_child' retrieved from /home/airflow/.local/lib/python3.11/site-packages/airflow/example_dags/example_external_task_marker_dag.py
[2024-03-07T18:16:13.389+0000] {logging_mixin.py:188} INFO - [2024-03-07T18:16:13.389+0000] {dag.py:3047} INFO - Sync 2 DAGs
[2024-03-07T18:16:13.422+0000] {logging_mixin.py:188} INFO - [2024-03-07T18:16:13.422+0000] {dag.py:3834} INFO - Setting next_dagrun for example_external_task_marker_child to None, run_after=None
[2024-03-07T18:16:13.431+0000] {logging_mixin.py:188} INFO - [2024-03-07T18:16:13.430+0000] {dag.py:3834} INFO - Setting next_dagrun for example_external_task_marker_parent to None, run_after=None
[2024-03-07T18:16:13.493+0000] {processor.py:183} INFO - Processing /home/airflow/.local/lib/python3.11/site-packages/airflow/example_dags/example_external_task_marker_dag.py took 0.191 seconds
[2024-03-07T18:16:44.098+0000] {processor.py:161} INFO - Started process (PID=451) to work on /home/airflow/.local/lib/python3.11/site-packages/airflow/example_dags/example_external_task_marker_dag.py
[2024-03-07T18:16:44.101+0000] {processor.py:830} INFO - Processing file /home/airflow/.local/lib/python3.11/site-packages/airflow/example_dags/example_external_task_marker_dag.py for tasks to queue
[2024-03-07T18:16:44.104+0000] {logging_mixin.py:188} INFO - [2024-03-07T18:16:44.104+0000] {dagbag.py:540} INFO - Filling up the DagBag from /home/airflow/.local/lib/python3.11/site-packages/airflow/example_dags/example_external_task_marker_dag.py
[2024-03-07T18:16:44.119+0000] {processor.py:840} INFO - DAG(s) 'example_external_task_marker_child', 'example_external_task_marker_parent' retrieved from /home/airflow/.local/lib/python3.11/site-packages/airflow/example_dags/example_external_task_marker_dag.py
[2024-03-07T18:16:44.178+0000] {logging_mixin.py:188} INFO - [2024-03-07T18:16:44.177+0000] {dag.py:3047} INFO - Sync 2 DAGs
[2024-03-07T18:16:44.220+0000] {logging_mixin.py:188} INFO - [2024-03-07T18:16:44.219+0000] {dag.py:3834} INFO - Setting next_dagrun for example_external_task_marker_child to None, run_after=None
[2024-03-07T18:16:44.233+0000] {logging_mixin.py:188} INFO - [2024-03-07T18:16:44.232+0000] {dag.py:3834} INFO - Setting next_dagrun for example_external_task_marker_parent to None, run_after=None
[2024-03-07T18:16:44.296+0000] {processor.py:183} INFO - Processing /home/airflow/.local/lib/python3.11/site-packages/airflow/example_dags/example_external_task_marker_dag.py took 0.203 seconds
[2024-03-07T18:17:14.514+0000] {processor.py:161} INFO - Started process (PID=508) to work on /home/airflow/.local/lib/python3.11/site-packages/airflow/example_dags/example_external_task_marker_dag.py
[2024-03-07T18:17:14.517+0000] {processor.py:830} INFO - Processing file /home/airflow/.local/lib/python3.11/site-packages/airflow/example_dags/example_external_task_marker_dag.py for tasks to queue
[2024-03-07T18:17:14.522+0000] {logging_mixin.py:188} INFO - [2024-03-07T18:17:14.521+0000] {dagbag.py:540} INFO - Filling up the DagBag from /home/airflow/.local/lib/python3.11/site-packages/airflow/example_dags/example_external_task_marker_dag.py
[2024-03-07T18:17:14.534+0000] {processor.py:840} INFO - DAG(s) 'example_external_task_marker_child', 'example_external_task_marker_parent' retrieved from /home/airflow/.local/lib/python3.11/site-packages/airflow/example_dags/example_external_task_marker_dag.py
[2024-03-07T18:17:14.588+0000] {logging_mixin.py:188} INFO - [2024-03-07T18:17:14.587+0000] {dag.py:3047} INFO - Sync 2 DAGs
[2024-03-07T18:17:14.617+0000] {logging_mixin.py:188} INFO - [2024-03-07T18:17:14.616+0000] {dag.py:3834} INFO - Setting next_dagrun for example_external_task_marker_child to None, run_after=None
[2024-03-07T18:17:14.626+0000] {logging_mixin.py:188} INFO - [2024-03-07T18:17:14.626+0000] {dag.py:3834} INFO - Setting next_dagrun for example_external_task_marker_parent to None, run_after=None
[2024-03-07T18:17:14.677+0000] {processor.py:183} INFO - Processing /home/airflow/.local/lib/python3.11/site-packages/airflow/example_dags/example_external_task_marker_dag.py took 0.170 seconds
[2024-03-07T18:17:45.425+0000] {processor.py:161} INFO - Started process (PID=566) to work on /home/airflow/.local/lib/python3.11/site-packages/airflow/example_dags/example_external_task_marker_dag.py
[2024-03-07T18:17:45.428+0000] {processor.py:830} INFO - Processing file /home/airflow/.local/lib/python3.11/site-packages/airflow/example_dags/example_external_task_marker_dag.py for tasks to queue
[2024-03-07T18:17:45.436+0000] {logging_mixin.py:188} INFO - [2024-03-07T18:17:45.435+0000] {dagbag.py:540} INFO - Filling up the DagBag from /home/airflow/.local/lib/python3.11/site-packages/airflow/example_dags/example_external_task_marker_dag.py
[2024-03-07T18:17:45.453+0000] {processor.py:840} INFO - DAG(s) 'example_external_task_marker_child', 'example_external_task_marker_parent' retrieved from /home/airflow/.local/lib/python3.11/site-packages/airflow/example_dags/example_external_task_marker_dag.py
[2024-03-07T18:17:45.529+0000] {logging_mixin.py:188} INFO - [2024-03-07T18:17:45.528+0000] {dag.py:3047} INFO - Sync 2 DAGs
[2024-03-07T18:17:45.569+0000] {logging_mixin.py:188} INFO - [2024-03-07T18:17:45.568+0000] {dag.py:3834} INFO - Setting next_dagrun for example_external_task_marker_child to None, run_after=None
[2024-03-07T18:17:45.587+0000] {logging_mixin.py:188} INFO - [2024-03-07T18:17:45.586+0000] {dag.py:3834} INFO - Setting next_dagrun for example_external_task_marker_parent to None, run_after=None
[2024-03-07T18:17:45.660+0000] {processor.py:183} INFO - Processing /home/airflow/.local/lib/python3.11/site-packages/airflow/example_dags/example_external_task_marker_dag.py took 0.242 seconds
[2024-03-07T18:18:16.217+0000] {processor.py:161} INFO - Started process (PID=624) to work on /home/airflow/.local/lib/python3.11/site-packages/airflow/example_dags/example_external_task_marker_dag.py
[2024-03-07T18:18:16.220+0000] {processor.py:830} INFO - Processing file /home/airflow/.local/lib/python3.11/site-packages/airflow/example_dags/example_external_task_marker_dag.py for tasks to queue
[2024-03-07T18:18:16.225+0000] {logging_mixin.py:188} INFO - [2024-03-07T18:18:16.224+0000] {dagbag.py:540} INFO - Filling up the DagBag from /home/airflow/.local/lib/python3.11/site-packages/airflow/example_dags/example_external_task_marker_dag.py
[2024-03-07T18:18:16.249+0000] {processor.py:840} INFO - DAG(s) 'example_external_task_marker_child', 'example_external_task_marker_parent' retrieved from /home/airflow/.local/lib/python3.11/site-packages/airflow/example_dags/example_external_task_marker_dag.py
[2024-03-07T18:18:16.313+0000] {logging_mixin.py:188} INFO - [2024-03-07T18:18:16.312+0000] {dag.py:3047} INFO - Sync 2 DAGs
[2024-03-07T18:18:16.347+0000] {logging_mixin.py:188} INFO - [2024-03-07T18:18:16.347+0000] {dag.py:3834} INFO - Setting next_dagrun for example_external_task_marker_child to None, run_after=None
[2024-03-07T18:18:16.357+0000] {logging_mixin.py:188} INFO - [2024-03-07T18:18:16.356+0000] {dag.py:3834} INFO - Setting next_dagrun for example_external_task_marker_parent to None, run_after=None
[2024-03-07T18:18:16.414+0000] {processor.py:183} INFO - Processing /home/airflow/.local/lib/python3.11/site-packages/airflow/example_dags/example_external_task_marker_dag.py took 0.207 seconds
[2024-03-07T18:18:47.062+0000] {processor.py:161} INFO - Started process (PID=682) to work on /home/airflow/.local/lib/python3.11/site-packages/airflow/example_dags/example_external_task_marker_dag.py
[2024-03-07T18:18:47.064+0000] {processor.py:830} INFO - Processing file /home/airflow/.local/lib/python3.11/site-packages/airflow/example_dags/example_external_task_marker_dag.py for tasks to queue
[2024-03-07T18:18:47.069+0000] {logging_mixin.py:188} INFO - [2024-03-07T18:18:47.068+0000] {dagbag.py:540} INFO - Filling up the DagBag from /home/airflow/.local/lib/python3.11/site-packages/airflow/example_dags/example_external_task_marker_dag.py
[2024-03-07T18:18:47.081+0000] {processor.py:840} INFO - DAG(s) 'example_external_task_marker_child', 'example_external_task_marker_parent' retrieved from /home/airflow/.local/lib/python3.11/site-packages/airflow/example_dags/example_external_task_marker_dag.py
[2024-03-07T18:18:47.135+0000] {logging_mixin.py:188} INFO - [2024-03-07T18:18:47.135+0000] {dag.py:3047} INFO - Sync 2 DAGs
[2024-03-07T18:18:47.163+0000] {logging_mixin.py:188} INFO - [2024-03-07T18:18:47.162+0000] {dag.py:3834} INFO - Setting next_dagrun for example_external_task_marker_child to None, run_after=None
[2024-03-07T18:18:47.173+0000] {logging_mixin.py:188} INFO - [2024-03-07T18:18:47.172+0000] {dag.py:3834} INFO - Setting next_dagrun for example_external_task_marker_parent to None, run_after=None
[2024-03-07T18:18:47.222+0000] {processor.py:183} INFO - Processing /home/airflow/.local/lib/python3.11/site-packages/airflow/example_dags/example_external_task_marker_dag.py took 0.164 seconds
[2024-03-07T18:19:17.314+0000] {processor.py:161} INFO - Started process (PID=740) to work on /home/airflow/.local/lib/python3.11/site-packages/airflow/example_dags/example_external_task_marker_dag.py
[2024-03-07T18:19:17.316+0000] {processor.py:830} INFO - Processing file /home/airflow/.local/lib/python3.11/site-packages/airflow/example_dags/example_external_task_marker_dag.py for tasks to queue
[2024-03-07T18:19:17.319+0000] {logging_mixin.py:188} INFO - [2024-03-07T18:19:17.319+0000] {dagbag.py:540} INFO - Filling up the DagBag from /home/airflow/.local/lib/python3.11/site-packages/airflow/example_dags/example_external_task_marker_dag.py
[2024-03-07T18:19:17.331+0000] {processor.py:840} INFO - DAG(s) 'example_external_task_marker_parent', 'example_external_task_marker_child' retrieved from /home/airflow/.local/lib/python3.11/site-packages/airflow/example_dags/example_external_task_marker_dag.py
[2024-03-07T18:19:17.387+0000] {logging_mixin.py:188} INFO - [2024-03-07T18:19:17.386+0000] {dag.py:3047} INFO - Sync 2 DAGs
[2024-03-07T18:19:17.419+0000] {logging_mixin.py:188} INFO - [2024-03-07T18:19:17.419+0000] {dag.py:3834} INFO - Setting next_dagrun for example_external_task_marker_child to None, run_after=None
[2024-03-07T18:19:17.429+0000] {logging_mixin.py:188} INFO - [2024-03-07T18:19:17.428+0000] {dag.py:3834} INFO - Setting next_dagrun for example_external_task_marker_parent to None, run_after=None
[2024-03-07T18:19:17.476+0000] {processor.py:183} INFO - Processing /home/airflow/.local/lib/python3.11/site-packages/airflow/example_dags/example_external_task_marker_dag.py took 0.167 seconds
[2024-03-07T18:19:47.680+0000] {processor.py:161} INFO - Started process (PID=798) to work on /home/airflow/.local/lib/python3.11/site-packages/airflow/example_dags/example_external_task_marker_dag.py
[2024-03-07T18:19:47.682+0000] {processor.py:830} INFO - Processing file /home/airflow/.local/lib/python3.11/site-packages/airflow/example_dags/example_external_task_marker_dag.py for tasks to queue
[2024-03-07T18:19:47.686+0000] {logging_mixin.py:188} INFO - [2024-03-07T18:19:47.685+0000] {dagbag.py:540} INFO - Filling up the DagBag from /home/airflow/.local/lib/python3.11/site-packages/airflow/example_dags/example_external_task_marker_dag.py
[2024-03-07T18:19:47.700+0000] {processor.py:840} INFO - DAG(s) 'example_external_task_marker_parent', 'example_external_task_marker_child' retrieved from /home/airflow/.local/lib/python3.11/site-packages/airflow/example_dags/example_external_task_marker_dag.py
[2024-03-07T18:19:47.751+0000] {logging_mixin.py:188} INFO - [2024-03-07T18:19:47.750+0000] {dag.py:3047} INFO - Sync 2 DAGs
[2024-03-07T18:19:47.777+0000] {logging_mixin.py:188} INFO - [2024-03-07T18:19:47.776+0000] {dag.py:3834} INFO - Setting next_dagrun for example_external_task_marker_child to None, run_after=None
[2024-03-07T18:19:47.786+0000] {logging_mixin.py:188} INFO - [2024-03-07T18:19:47.786+0000] {dag.py:3834} INFO - Setting next_dagrun for example_external_task_marker_parent to None, run_after=None
[2024-03-07T18:19:47.837+0000] {processor.py:183} INFO - Processing /home/airflow/.local/lib/python3.11/site-packages/airflow/example_dags/example_external_task_marker_dag.py took 0.163 seconds
[2024-03-07T18:20:18.506+0000] {processor.py:161} INFO - Started process (PID=855) to work on /home/airflow/.local/lib/python3.11/site-packages/airflow/example_dags/example_external_task_marker_dag.py
[2024-03-07T18:20:18.510+0000] {processor.py:830} INFO - Processing file /home/airflow/.local/lib/python3.11/site-packages/airflow/example_dags/example_external_task_marker_dag.py for tasks to queue
[2024-03-07T18:20:18.514+0000] {logging_mixin.py:188} INFO - [2024-03-07T18:20:18.513+0000] {dagbag.py:540} INFO - Filling up the DagBag from /home/airflow/.local/lib/python3.11/site-packages/airflow/example_dags/example_external_task_marker_dag.py
[2024-03-07T18:20:18.526+0000] {processor.py:840} INFO - DAG(s) 'example_external_task_marker_child', 'example_external_task_marker_parent' retrieved from /home/airflow/.local/lib/python3.11/site-packages/airflow/example_dags/example_external_task_marker_dag.py
[2024-03-07T18:20:18.612+0000] {logging_mixin.py:188} INFO - [2024-03-07T18:20:18.612+0000] {dag.py:3047} INFO - Sync 2 DAGs
[2024-03-07T18:20:18.640+0000] {logging_mixin.py:188} INFO - [2024-03-07T18:20:18.639+0000] {dag.py:3834} INFO - Setting next_dagrun for example_external_task_marker_child to None, run_after=None
[2024-03-07T18:20:18.654+0000] {logging_mixin.py:188} INFO - [2024-03-07T18:20:18.653+0000] {dag.py:3834} INFO - Setting next_dagrun for example_external_task_marker_parent to None, run_after=None
[2024-03-07T18:20:18.698+0000] {processor.py:183} INFO - Processing /home/airflow/.local/lib/python3.11/site-packages/airflow/example_dags/example_external_task_marker_dag.py took 0.200 seconds
[2024-03-07T18:20:49.133+0000] {processor.py:161} INFO - Started process (PID=913) to work on /home/airflow/.local/lib/python3.11/site-packages/airflow/example_dags/example_external_task_marker_dag.py
[2024-03-07T18:20:49.136+0000] {processor.py:830} INFO - Processing file /home/airflow/.local/lib/python3.11/site-packages/airflow/example_dags/example_external_task_marker_dag.py for tasks to queue
[2024-03-07T18:20:49.141+0000] {logging_mixin.py:188} INFO - [2024-03-07T18:20:49.140+0000] {dagbag.py:540} INFO - Filling up the DagBag from /home/airflow/.local/lib/python3.11/site-packages/airflow/example_dags/example_external_task_marker_dag.py
[2024-03-07T18:20:49.158+0000] {processor.py:840} INFO - DAG(s) 'example_external_task_marker_child', 'example_external_task_marker_parent' retrieved from /home/airflow/.local/lib/python3.11/site-packages/airflow/example_dags/example_external_task_marker_dag.py
[2024-03-07T18:20:49.220+0000] {logging_mixin.py:188} INFO - [2024-03-07T18:20:49.219+0000] {dag.py:3047} INFO - Sync 2 DAGs
[2024-03-07T18:20:49.249+0000] {logging_mixin.py:188} INFO - [2024-03-07T18:20:49.248+0000] {dag.py:3834} INFO - Setting next_dagrun for example_external_task_marker_child to None, run_after=None
[2024-03-07T18:20:49.270+0000] {logging_mixin.py:188} INFO - [2024-03-07T18:20:49.269+0000] {dag.py:3834} INFO - Setting next_dagrun for example_external_task_marker_parent to None, run_after=None
[2024-03-07T18:20:49.329+0000] {processor.py:183} INFO - Processing /home/airflow/.local/lib/python3.11/site-packages/airflow/example_dags/example_external_task_marker_dag.py took 0.202 seconds
[2024-03-07T18:21:19.912+0000] {processor.py:161} INFO - Started process (PID=970) to work on /home/airflow/.local/lib/python3.11/site-packages/airflow/example_dags/example_external_task_marker_dag.py
[2024-03-07T18:21:19.915+0000] {processor.py:830} INFO - Processing file /home/airflow/.local/lib/python3.11/site-packages/airflow/example_dags/example_external_task_marker_dag.py for tasks to queue
[2024-03-07T18:21:19.921+0000] {logging_mixin.py:188} INFO - [2024-03-07T18:21:19.919+0000] {dagbag.py:540} INFO - Filling up the DagBag from /home/airflow/.local/lib/python3.11/site-packages/airflow/example_dags/example_external_task_marker_dag.py
[2024-03-07T18:21:19.936+0000] {processor.py:840} INFO - DAG(s) 'example_external_task_marker_child', 'example_external_task_marker_parent' retrieved from /home/airflow/.local/lib/python3.11/site-packages/airflow/example_dags/example_external_task_marker_dag.py
[2024-03-07T18:21:20.017+0000] {logging_mixin.py:188} INFO - [2024-03-07T18:21:20.015+0000] {dag.py:3047} INFO - Sync 2 DAGs
[2024-03-07T18:21:20.063+0000] {logging_mixin.py:188} INFO - [2024-03-07T18:21:20.062+0000] {dag.py:3834} INFO - Setting next_dagrun for example_external_task_marker_child to None, run_after=None
[2024-03-07T18:21:20.079+0000] {logging_mixin.py:188} INFO - [2024-03-07T18:21:20.078+0000] {dag.py:3834} INFO - Setting next_dagrun for example_external_task_marker_parent to None, run_after=None
[2024-03-07T18:21:20.155+0000] {processor.py:183} INFO - Processing /home/airflow/.local/lib/python3.11/site-packages/airflow/example_dags/example_external_task_marker_dag.py took 0.248 seconds
[2024-03-07T18:21:50.884+0000] {processor.py:161} INFO - Started process (PID=1028) to work on /home/airflow/.local/lib/python3.11/site-packages/airflow/example_dags/example_external_task_marker_dag.py
[2024-03-07T18:21:50.886+0000] {processor.py:830} INFO - Processing file /home/airflow/.local/lib/python3.11/site-packages/airflow/example_dags/example_external_task_marker_dag.py for tasks to queue
[2024-03-07T18:21:50.891+0000] {logging_mixin.py:188} INFO - [2024-03-07T18:21:50.890+0000] {dagbag.py:540} INFO - Filling up the DagBag from /home/airflow/.local/lib/python3.11/site-packages/airflow/example_dags/example_external_task_marker_dag.py
[2024-03-07T18:21:50.909+0000] {processor.py:840} INFO - DAG(s) 'example_external_task_marker_child', 'example_external_task_marker_parent' retrieved from /home/airflow/.local/lib/python3.11/site-packages/airflow/example_dags/example_external_task_marker_dag.py
[2024-03-07T18:21:50.966+0000] {logging_mixin.py:188} INFO - [2024-03-07T18:21:50.966+0000] {dag.py:3047} INFO - Sync 2 DAGs
[2024-03-07T18:21:50.993+0000] {logging_mixin.py:188} INFO - [2024-03-07T18:21:50.992+0000] {dag.py:3834} INFO - Setting next_dagrun for example_external_task_marker_child to None, run_after=None
[2024-03-07T18:21:51.008+0000] {logging_mixin.py:188} INFO - [2024-03-07T18:21:51.007+0000] {dag.py:3834} INFO - Setting next_dagrun for example_external_task_marker_parent to None, run_after=None
[2024-03-07T18:21:51.061+0000] {processor.py:183} INFO - Processing /home/airflow/.local/lib/python3.11/site-packages/airflow/example_dags/example_external_task_marker_dag.py took 0.185 seconds
[2024-03-07T18:22:21.776+0000] {processor.py:161} INFO - Started process (PID=1086) to work on /home/airflow/.local/lib/python3.11/site-packages/airflow/example_dags/example_external_task_marker_dag.py
[2024-03-07T18:22:21.778+0000] {processor.py:830} INFO - Processing file /home/airflow/.local/lib/python3.11/site-packages/airflow/example_dags/example_external_task_marker_dag.py for tasks to queue
[2024-03-07T18:22:21.782+0000] {logging_mixin.py:188} INFO - [2024-03-07T18:22:21.782+0000] {dagbag.py:540} INFO - Filling up the DagBag from /home/airflow/.local/lib/python3.11/site-packages/airflow/example_dags/example_external_task_marker_dag.py
[2024-03-07T18:22:21.797+0000] {processor.py:840} INFO - DAG(s) 'example_external_task_marker_parent', 'example_external_task_marker_child' retrieved from /home/airflow/.local/lib/python3.11/site-packages/airflow/example_dags/example_external_task_marker_dag.py
[2024-03-07T18:22:21.856+0000] {logging_mixin.py:188} INFO - [2024-03-07T18:22:21.855+0000] {dag.py:3047} INFO - Sync 2 DAGs
[2024-03-07T18:22:21.891+0000] {logging_mixin.py:188} INFO - [2024-03-07T18:22:21.890+0000] {dag.py:3834} INFO - Setting next_dagrun for example_external_task_marker_child to None, run_after=None
[2024-03-07T18:22:21.901+0000] {logging_mixin.py:188} INFO - [2024-03-07T18:22:21.901+0000] {dag.py:3834} INFO - Setting next_dagrun for example_external_task_marker_parent to None, run_after=None
[2024-03-07T18:22:21.990+0000] {processor.py:183} INFO - Processing /home/airflow/.local/lib/python3.11/site-packages/airflow/example_dags/example_external_task_marker_dag.py took 0.218 seconds
[2024-03-07T18:22:52.588+0000] {processor.py:161} INFO - Started process (PID=1145) to work on /home/airflow/.local/lib/python3.11/site-packages/airflow/example_dags/example_external_task_marker_dag.py
[2024-03-07T18:22:52.592+0000] {processor.py:830} INFO - Processing file /home/airflow/.local/lib/python3.11/site-packages/airflow/example_dags/example_external_task_marker_dag.py for tasks to queue
[2024-03-07T18:22:52.596+0000] {logging_mixin.py:188} INFO - [2024-03-07T18:22:52.595+0000] {dagbag.py:540} INFO - Filling up the DagBag from /home/airflow/.local/lib/python3.11/site-packages/airflow/example_dags/example_external_task_marker_dag.py
[2024-03-07T18:22:52.610+0000] {processor.py:840} INFO - DAG(s) 'example_external_task_marker_parent', 'example_external_task_marker_child' retrieved from /home/airflow/.local/lib/python3.11/site-packages/airflow/example_dags/example_external_task_marker_dag.py
[2024-03-07T18:22:52.670+0000] {logging_mixin.py:188} INFO - [2024-03-07T18:22:52.669+0000] {dag.py:3047} INFO - Sync 2 DAGs
[2024-03-07T18:22:52.698+0000] {logging_mixin.py:188} INFO - [2024-03-07T18:22:52.698+0000] {dag.py:3834} INFO - Setting next_dagrun for example_external_task_marker_child to None, run_after=None
[2024-03-07T18:22:52.710+0000] {logging_mixin.py:188} INFO - [2024-03-07T18:22:52.709+0000] {dag.py:3834} INFO - Setting next_dagrun for example_external_task_marker_parent to None, run_after=None
[2024-03-07T18:22:52.763+0000] {processor.py:183} INFO - Processing /home/airflow/.local/lib/python3.11/site-packages/airflow/example_dags/example_external_task_marker_dag.py took 0.182 seconds
[2024-03-07T18:23:23.237+0000] {processor.py:161} INFO - Started process (PID=1203) to work on /home/airflow/.local/lib/python3.11/site-packages/airflow/example_dags/example_external_task_marker_dag.py
[2024-03-07T18:23:23.239+0000] {processor.py:830} INFO - Processing file /home/airflow/.local/lib/python3.11/site-packages/airflow/example_dags/example_external_task_marker_dag.py for tasks to queue
[2024-03-07T18:23:23.244+0000] {logging_mixin.py:188} INFO - [2024-03-07T18:23:23.243+0000] {dagbag.py:540} INFO - Filling up the DagBag from /home/airflow/.local/lib/python3.11/site-packages/airflow/example_dags/example_external_task_marker_dag.py
[2024-03-07T18:23:23.257+0000] {processor.py:840} INFO - DAG(s) 'example_external_task_marker_parent', 'example_external_task_marker_child' retrieved from /home/airflow/.local/lib/python3.11/site-packages/airflow/example_dags/example_external_task_marker_dag.py
[2024-03-07T18:23:23.320+0000] {logging_mixin.py:188} INFO - [2024-03-07T18:23:23.319+0000] {dag.py:3047} INFO - Sync 2 DAGs
[2024-03-07T18:23:23.352+0000] {logging_mixin.py:188} INFO - [2024-03-07T18:23:23.351+0000] {dag.py:3834} INFO - Setting next_dagrun for example_external_task_marker_child to None, run_after=None
[2024-03-07T18:23:23.361+0000] {logging_mixin.py:188} INFO - [2024-03-07T18:23:23.360+0000] {dag.py:3834} INFO - Setting next_dagrun for example_external_task_marker_parent to None, run_after=None
[2024-03-07T18:23:23.416+0000] {processor.py:183} INFO - Processing /home/airflow/.local/lib/python3.11/site-packages/airflow/example_dags/example_external_task_marker_dag.py took 0.184 seconds
[2024-03-07T18:23:53.558+0000] {processor.py:161} INFO - Started process (PID=1262) to work on /home/airflow/.local/lib/python3.11/site-packages/airflow/example_dags/example_external_task_marker_dag.py
[2024-03-07T18:23:53.560+0000] {processor.py:830} INFO - Processing file /home/airflow/.local/lib/python3.11/site-packages/airflow/example_dags/example_external_task_marker_dag.py for tasks to queue
[2024-03-07T18:23:53.565+0000] {logging_mixin.py:188} INFO - [2024-03-07T18:23:53.564+0000] {dagbag.py:540} INFO - Filling up the DagBag from /home/airflow/.local/lib/python3.11/site-packages/airflow/example_dags/example_external_task_marker_dag.py
[2024-03-07T18:23:53.577+0000] {processor.py:840} INFO - DAG(s) 'example_external_task_marker_child', 'example_external_task_marker_parent' retrieved from /home/airflow/.local/lib/python3.11/site-packages/airflow/example_dags/example_external_task_marker_dag.py
[2024-03-07T18:23:53.630+0000] {logging_mixin.py:188} INFO - [2024-03-07T18:23:53.630+0000] {dag.py:3047} INFO - Sync 2 DAGs
[2024-03-07T18:23:53.664+0000] {logging_mixin.py:188} INFO - [2024-03-07T18:23:53.663+0000] {dag.py:3834} INFO - Setting next_dagrun for example_external_task_marker_child to None, run_after=None
[2024-03-07T18:23:53.676+0000] {logging_mixin.py:188} INFO - [2024-03-07T18:23:53.676+0000] {dag.py:3834} INFO - Setting next_dagrun for example_external_task_marker_parent to None, run_after=None
[2024-03-07T18:23:53.742+0000] {processor.py:183} INFO - Processing /home/airflow/.local/lib/python3.11/site-packages/airflow/example_dags/example_external_task_marker_dag.py took 0.189 seconds
[2024-03-07T18:24:26.254+0000] {processor.py:161} INFO - Started process (PID=1320) to work on /home/airflow/.local/lib/python3.11/site-packages/airflow/example_dags/example_external_task_marker_dag.py
[2024-03-07T18:24:26.256+0000] {processor.py:830} INFO - Processing file /home/airflow/.local/lib/python3.11/site-packages/airflow/example_dags/example_external_task_marker_dag.py for tasks to queue
[2024-03-07T18:24:26.261+0000] {logging_mixin.py:188} INFO - [2024-03-07T18:24:26.260+0000] {dagbag.py:540} INFO - Filling up the DagBag from /home/airflow/.local/lib/python3.11/site-packages/airflow/example_dags/example_external_task_marker_dag.py
[2024-03-07T18:24:26.278+0000] {processor.py:840} INFO - DAG(s) 'example_external_task_marker_child', 'example_external_task_marker_parent' retrieved from /home/airflow/.local/lib/python3.11/site-packages/airflow/example_dags/example_external_task_marker_dag.py
[2024-03-07T18:24:26.353+0000] {logging_mixin.py:188} INFO - [2024-03-07T18:24:26.353+0000] {dag.py:3047} INFO - Sync 2 DAGs
[2024-03-07T18:24:26.384+0000] {logging_mixin.py:188} INFO - [2024-03-07T18:24:26.384+0000] {dag.py:3834} INFO - Setting next_dagrun for example_external_task_marker_child to None, run_after=None
[2024-03-07T18:24:26.394+0000] {logging_mixin.py:188} INFO - [2024-03-07T18:24:26.393+0000] {dag.py:3834} INFO - Setting next_dagrun for example_external_task_marker_parent to None, run_after=None
[2024-03-07T18:24:26.459+0000] {processor.py:183} INFO - Processing /home/airflow/.local/lib/python3.11/site-packages/airflow/example_dags/example_external_task_marker_dag.py took 0.211 seconds
[2024-03-07T18:24:57.429+0000] {processor.py:161} INFO - Started process (PID=1378) to work on /home/airflow/.local/lib/python3.11/site-packages/airflow/example_dags/example_external_task_marker_dag.py
[2024-03-07T18:24:57.432+0000] {processor.py:830} INFO - Processing file /home/airflow/.local/lib/python3.11/site-packages/airflow/example_dags/example_external_task_marker_dag.py for tasks to queue
[2024-03-07T18:24:57.436+0000] {logging_mixin.py:188} INFO - [2024-03-07T18:24:57.435+0000] {dagbag.py:540} INFO - Filling up the DagBag from /home/airflow/.local/lib/python3.11/site-packages/airflow/example_dags/example_external_task_marker_dag.py
[2024-03-07T18:24:57.453+0000] {processor.py:840} INFO - DAG(s) 'example_external_task_marker_child', 'example_external_task_marker_parent' retrieved from /home/airflow/.local/lib/python3.11/site-packages/airflow/example_dags/example_external_task_marker_dag.py
[2024-03-07T18:24:57.512+0000] {logging_mixin.py:188} INFO - [2024-03-07T18:24:57.512+0000] {dag.py:3047} INFO - Sync 2 DAGs
[2024-03-07T18:24:57.551+0000] {logging_mixin.py:188} INFO - [2024-03-07T18:24:57.550+0000] {dag.py:3834} INFO - Setting next_dagrun for example_external_task_marker_child to None, run_after=None
[2024-03-07T18:24:57.563+0000] {logging_mixin.py:188} INFO - [2024-03-07T18:24:57.562+0000] {dag.py:3834} INFO - Setting next_dagrun for example_external_task_marker_parent to None, run_after=None
[2024-03-07T18:24:57.615+0000] {processor.py:183} INFO - Processing /home/airflow/.local/lib/python3.11/site-packages/airflow/example_dags/example_external_task_marker_dag.py took 0.190 seconds
[2024-03-07T18:25:30.039+0000] {processor.py:161} INFO - Started process (PID=1438) to work on /home/airflow/.local/lib/python3.11/site-packages/airflow/example_dags/example_external_task_marker_dag.py
[2024-03-07T18:25:30.042+0000] {processor.py:830} INFO - Processing file /home/airflow/.local/lib/python3.11/site-packages/airflow/example_dags/example_external_task_marker_dag.py for tasks to queue
[2024-03-07T18:25:30.049+0000] {logging_mixin.py:188} INFO - [2024-03-07T18:25:30.047+0000] {dagbag.py:540} INFO - Filling up the DagBag from /home/airflow/.local/lib/python3.11/site-packages/airflow/example_dags/example_external_task_marker_dag.py
[2024-03-07T18:25:30.067+0000] {processor.py:840} INFO - DAG(s) 'example_external_task_marker_child', 'example_external_task_marker_parent' retrieved from /home/airflow/.local/lib/python3.11/site-packages/airflow/example_dags/example_external_task_marker_dag.py
[2024-03-07T18:25:30.149+0000] {logging_mixin.py:188} INFO - [2024-03-07T18:25:30.148+0000] {dag.py:3047} INFO - Sync 2 DAGs
[2024-03-07T18:25:30.196+0000] {logging_mixin.py:188} INFO - [2024-03-07T18:25:30.195+0000] {dag.py:3834} INFO - Setting next_dagrun for example_external_task_marker_child to None, run_after=None
[2024-03-07T18:25:30.210+0000] {logging_mixin.py:188} INFO - [2024-03-07T18:25:30.210+0000] {dag.py:3834} INFO - Setting next_dagrun for example_external_task_marker_parent to None, run_after=None
[2024-03-07T18:25:30.270+0000] {processor.py:183} INFO - Processing /home/airflow/.local/lib/python3.11/site-packages/airflow/example_dags/example_external_task_marker_dag.py took 0.237 seconds
[2024-03-07T18:26:00.872+0000] {processor.py:161} INFO - Started process (PID=1495) to work on /home/airflow/.local/lib/python3.11/site-packages/airflow/example_dags/example_external_task_marker_dag.py
[2024-03-07T18:26:00.875+0000] {processor.py:830} INFO - Processing file /home/airflow/.local/lib/python3.11/site-packages/airflow/example_dags/example_external_task_marker_dag.py for tasks to queue
[2024-03-07T18:26:00.879+0000] {logging_mixin.py:188} INFO - [2024-03-07T18:26:00.878+0000] {dagbag.py:540} INFO - Filling up the DagBag from /home/airflow/.local/lib/python3.11/site-packages/airflow/example_dags/example_external_task_marker_dag.py
[2024-03-07T18:26:00.892+0000] {processor.py:840} INFO - DAG(s) 'example_external_task_marker_child', 'example_external_task_marker_parent' retrieved from /home/airflow/.local/lib/python3.11/site-packages/airflow/example_dags/example_external_task_marker_dag.py
[2024-03-07T18:26:00.955+0000] {logging_mixin.py:188} INFO - [2024-03-07T18:26:00.955+0000] {dag.py:3047} INFO - Sync 2 DAGs
[2024-03-07T18:26:00.985+0000] {logging_mixin.py:188} INFO - [2024-03-07T18:26:00.985+0000] {dag.py:3834} INFO - Setting next_dagrun for example_external_task_marker_child to None, run_after=None
[2024-03-07T18:26:00.996+0000] {logging_mixin.py:188} INFO - [2024-03-07T18:26:00.995+0000] {dag.py:3834} INFO - Setting next_dagrun for example_external_task_marker_parent to None, run_after=None
[2024-03-07T18:26:01.043+0000] {processor.py:183} INFO - Processing /home/airflow/.local/lib/python3.11/site-packages/airflow/example_dags/example_external_task_marker_dag.py took 0.175 seconds
[2024-03-07T18:26:32.549+0000] {processor.py:161} INFO - Started process (PID=1554) to work on /home/airflow/.local/lib/python3.11/site-packages/airflow/example_dags/example_external_task_marker_dag.py
[2024-03-07T18:26:32.551+0000] {processor.py:830} INFO - Processing file /home/airflow/.local/lib/python3.11/site-packages/airflow/example_dags/example_external_task_marker_dag.py for tasks to queue
[2024-03-07T18:26:32.556+0000] {logging_mixin.py:188} INFO - [2024-03-07T18:26:32.555+0000] {dagbag.py:540} INFO - Filling up the DagBag from /home/airflow/.local/lib/python3.11/site-packages/airflow/example_dags/example_external_task_marker_dag.py
[2024-03-07T18:26:32.572+0000] {processor.py:840} INFO - DAG(s) 'example_external_task_marker_child', 'example_external_task_marker_parent' retrieved from /home/airflow/.local/lib/python3.11/site-packages/airflow/example_dags/example_external_task_marker_dag.py
[2024-03-07T18:26:32.628+0000] {logging_mixin.py:188} INFO - [2024-03-07T18:26:32.628+0000] {dag.py:3047} INFO - Sync 2 DAGs
[2024-03-07T18:26:32.658+0000] {logging_mixin.py:188} INFO - [2024-03-07T18:26:32.658+0000] {dag.py:3834} INFO - Setting next_dagrun for example_external_task_marker_child to None, run_after=None
[2024-03-07T18:26:32.667+0000] {logging_mixin.py:188} INFO - [2024-03-07T18:26:32.667+0000] {dag.py:3834} INFO - Setting next_dagrun for example_external_task_marker_parent to None, run_after=None
[2024-03-07T18:26:32.722+0000] {processor.py:183} INFO - Processing /home/airflow/.local/lib/python3.11/site-packages/airflow/example_dags/example_external_task_marker_dag.py took 0.178 seconds
[2024-03-07T18:27:04.900+0000] {processor.py:161} INFO - Started process (PID=1611) to work on /home/airflow/.local/lib/python3.11/site-packages/airflow/example_dags/example_external_task_marker_dag.py
[2024-03-07T18:27:04.902+0000] {processor.py:830} INFO - Processing file /home/airflow/.local/lib/python3.11/site-packages/airflow/example_dags/example_external_task_marker_dag.py for tasks to queue
[2024-03-07T18:27:04.906+0000] {logging_mixin.py:188} INFO - [2024-03-07T18:27:04.905+0000] {dagbag.py:540} INFO - Filling up the DagBag from /home/airflow/.local/lib/python3.11/site-packages/airflow/example_dags/example_external_task_marker_dag.py
[2024-03-07T18:27:04.918+0000] {processor.py:840} INFO - DAG(s) 'example_external_task_marker_child', 'example_external_task_marker_parent' retrieved from /home/airflow/.local/lib/python3.11/site-packages/airflow/example_dags/example_external_task_marker_dag.py
[2024-03-07T18:27:04.973+0000] {logging_mixin.py:188} INFO - [2024-03-07T18:27:04.973+0000] {dag.py:3047} INFO - Sync 2 DAGs
[2024-03-07T18:27:05.006+0000] {logging_mixin.py:188} INFO - [2024-03-07T18:27:05.006+0000] {dag.py:3834} INFO - Setting next_dagrun for example_external_task_marker_child to None, run_after=None
[2024-03-07T18:27:05.015+0000] {logging_mixin.py:188} INFO - [2024-03-07T18:27:05.014+0000] {dag.py:3834} INFO - Setting next_dagrun for example_external_task_marker_parent to None, run_after=None
[2024-03-07T18:27:05.065+0000] {processor.py:183} INFO - Processing /home/airflow/.local/lib/python3.11/site-packages/airflow/example_dags/example_external_task_marker_dag.py took 0.170 seconds
[2024-03-07T18:27:37.546+0000] {processor.py:161} INFO - Started process (PID=1668) to work on /home/airflow/.local/lib/python3.11/site-packages/airflow/example_dags/example_external_task_marker_dag.py
[2024-03-07T18:27:37.549+0000] {processor.py:830} INFO - Processing file /home/airflow/.local/lib/python3.11/site-packages/airflow/example_dags/example_external_task_marker_dag.py for tasks to queue
[2024-03-07T18:27:37.553+0000] {logging_mixin.py:188} INFO - [2024-03-07T18:27:37.552+0000] {dagbag.py:540} INFO - Filling up the DagBag from /home/airflow/.local/lib/python3.11/site-packages/airflow/example_dags/example_external_task_marker_dag.py
[2024-03-07T18:27:37.566+0000] {processor.py:840} INFO - DAG(s) 'example_external_task_marker_parent', 'example_external_task_marker_child' retrieved from /home/airflow/.local/lib/python3.11/site-packages/airflow/example_dags/example_external_task_marker_dag.py
[2024-03-07T18:27:37.616+0000] {logging_mixin.py:188} INFO - [2024-03-07T18:27:37.615+0000] {dag.py:3047} INFO - Sync 2 DAGs
[2024-03-07T18:27:37.643+0000] {logging_mixin.py:188} INFO - [2024-03-07T18:27:37.643+0000] {dag.py:3834} INFO - Setting next_dagrun for example_external_task_marker_child to None, run_after=None
[2024-03-07T18:27:37.653+0000] {logging_mixin.py:188} INFO - [2024-03-07T18:27:37.652+0000] {dag.py:3834} INFO - Setting next_dagrun for example_external_task_marker_parent to None, run_after=None
[2024-03-07T18:27:37.702+0000] {processor.py:183} INFO - Processing /home/airflow/.local/lib/python3.11/site-packages/airflow/example_dags/example_external_task_marker_dag.py took 0.161 seconds
[2024-03-07T18:28:12.102+0000] {processor.py:161} INFO - Started process (PID=1726) to work on /home/airflow/.local/lib/python3.11/site-packages/airflow/example_dags/example_external_task_marker_dag.py
[2024-03-07T18:28:12.104+0000] {processor.py:830} INFO - Processing file /home/airflow/.local/lib/python3.11/site-packages/airflow/example_dags/example_external_task_marker_dag.py for tasks to queue
[2024-03-07T18:28:12.108+0000] {logging_mixin.py:188} INFO - [2024-03-07T18:28:12.108+0000] {dagbag.py:540} INFO - Filling up the DagBag from /home/airflow/.local/lib/python3.11/site-packages/airflow/example_dags/example_external_task_marker_dag.py
[2024-03-07T18:28:12.120+0000] {processor.py:840} INFO - DAG(s) 'example_external_task_marker_child', 'example_external_task_marker_parent' retrieved from /home/airflow/.local/lib/python3.11/site-packages/airflow/example_dags/example_external_task_marker_dag.py
[2024-03-07T18:28:12.177+0000] {logging_mixin.py:188} INFO - [2024-03-07T18:28:12.176+0000] {dag.py:3047} INFO - Sync 2 DAGs
[2024-03-07T18:28:12.212+0000] {logging_mixin.py:188} INFO - [2024-03-07T18:28:12.211+0000] {dag.py:3834} INFO - Setting next_dagrun for example_external_task_marker_child to None, run_after=None
[2024-03-07T18:28:12.223+0000] {logging_mixin.py:188} INFO - [2024-03-07T18:28:12.222+0000] {dag.py:3834} INFO - Setting next_dagrun for example_external_task_marker_parent to None, run_after=None
[2024-03-07T18:28:12.275+0000] {processor.py:183} INFO - Processing /home/airflow/.local/lib/python3.11/site-packages/airflow/example_dags/example_external_task_marker_dag.py took 0.178 seconds
[2024-03-07T18:28:42.634+0000] {processor.py:161} INFO - Started process (PID=1784) to work on /home/airflow/.local/lib/python3.11/site-packages/airflow/example_dags/example_external_task_marker_dag.py
[2024-03-07T18:28:42.637+0000] {processor.py:830} INFO - Processing file /home/airflow/.local/lib/python3.11/site-packages/airflow/example_dags/example_external_task_marker_dag.py for tasks to queue
[2024-03-07T18:28:42.642+0000] {logging_mixin.py:188} INFO - [2024-03-07T18:28:42.641+0000] {dagbag.py:540} INFO - Filling up the DagBag from /home/airflow/.local/lib/python3.11/site-packages/airflow/example_dags/example_external_task_marker_dag.py
[2024-03-07T18:28:42.654+0000] {processor.py:840} INFO - DAG(s) 'example_external_task_marker_parent', 'example_external_task_marker_child' retrieved from /home/airflow/.local/lib/python3.11/site-packages/airflow/example_dags/example_external_task_marker_dag.py
[2024-03-07T18:28:42.732+0000] {logging_mixin.py:188} INFO - [2024-03-07T18:28:42.731+0000] {dag.py:3047} INFO - Sync 2 DAGs
[2024-03-07T18:28:42.789+0000] {logging_mixin.py:188} INFO - [2024-03-07T18:28:42.788+0000] {dag.py:3834} INFO - Setting next_dagrun for example_external_task_marker_child to None, run_after=None
[2024-03-07T18:28:42.805+0000] {logging_mixin.py:188} INFO - [2024-03-07T18:28:42.804+0000] {dag.py:3834} INFO - Setting next_dagrun for example_external_task_marker_parent to None, run_after=None
[2024-03-07T18:28:42.882+0000] {processor.py:183} INFO - Processing /home/airflow/.local/lib/python3.11/site-packages/airflow/example_dags/example_external_task_marker_dag.py took 0.254 seconds
[2024-03-07T18:29:13.348+0000] {processor.py:161} INFO - Started process (PID=1843) to work on /home/airflow/.local/lib/python3.11/site-packages/airflow/example_dags/example_external_task_marker_dag.py
[2024-03-07T18:29:13.351+0000] {processor.py:830} INFO - Processing file /home/airflow/.local/lib/python3.11/site-packages/airflow/example_dags/example_external_task_marker_dag.py for tasks to queue
[2024-03-07T18:29:13.355+0000] {logging_mixin.py:188} INFO - [2024-03-07T18:29:13.354+0000] {dagbag.py:540} INFO - Filling up the DagBag from /home/airflow/.local/lib/python3.11/site-packages/airflow/example_dags/example_external_task_marker_dag.py
[2024-03-07T18:29:13.366+0000] {processor.py:840} INFO - DAG(s) 'example_external_task_marker_child', 'example_external_task_marker_parent' retrieved from /home/airflow/.local/lib/python3.11/site-packages/airflow/example_dags/example_external_task_marker_dag.py
[2024-03-07T18:29:13.413+0000] {logging_mixin.py:188} INFO - [2024-03-07T18:29:13.413+0000] {dag.py:3047} INFO - Sync 2 DAGs
[2024-03-07T18:29:13.439+0000] {logging_mixin.py:188} INFO - [2024-03-07T18:29:13.439+0000] {dag.py:3834} INFO - Setting next_dagrun for example_external_task_marker_child to None, run_after=None
[2024-03-07T18:29:13.449+0000] {logging_mixin.py:188} INFO - [2024-03-07T18:29:13.448+0000] {dag.py:3834} INFO - Setting next_dagrun for example_external_task_marker_parent to None, run_after=None
[2024-03-07T18:29:13.495+0000] {processor.py:183} INFO - Processing /home/airflow/.local/lib/python3.11/site-packages/airflow/example_dags/example_external_task_marker_dag.py took 0.152 seconds
