[2024-03-07T18:13:08.737+0000] {processor.py:161} INFO - Started process (PID=61) to work on /home/airflow/.local/lib/python3.11/site-packages/airflow/example_dags/example_skip_dag.py
[2024-03-07T18:13:08.817+0000] {processor.py:830} INFO - Processing file /home/airflow/.local/lib/python3.11/site-packages/airflow/example_dags/example_skip_dag.py for tasks to queue
[2024-03-07T18:13:08.889+0000] {logging_mixin.py:188} INFO - [2024-03-07T18:13:08.888+0000] {dagbag.py:540} INFO - Filling up the DagBag from /home/airflow/.local/lib/python3.11/site-packages/airflow/example_dags/example_skip_dag.py
[2024-03-07T18:13:09.029+0000] {processor.py:840} INFO - DAG(s) 'example_skip_dag' retrieved from /home/airflow/.local/lib/python3.11/site-packages/airflow/example_dags/example_skip_dag.py
[2024-03-07T18:13:09.213+0000] {logging_mixin.py:188} INFO - [2024-03-07T18:13:09.212+0000] {dag.py:3047} INFO - Sync 1 DAGs
[2024-03-07T18:13:09.354+0000] {logging_mixin.py:188} INFO - [2024-03-07T18:13:09.353+0000] {dag.py:3834} INFO - Setting next_dagrun for example_skip_dag to 2024-03-06 00:00:00+00:00, run_after=2024-03-07 00:00:00+00:00
[2024-03-07T18:13:09.493+0000] {processor.py:183} INFO - Processing /home/airflow/.local/lib/python3.11/site-packages/airflow/example_dags/example_skip_dag.py took 0.787 seconds
[2024-03-07T18:13:41.169+0000] {processor.py:161} INFO - Started process (PID=119) to work on /home/airflow/.local/lib/python3.11/site-packages/airflow/example_dags/example_skip_dag.py
[2024-03-07T18:13:41.178+0000] {processor.py:830} INFO - Processing file /home/airflow/.local/lib/python3.11/site-packages/airflow/example_dags/example_skip_dag.py for tasks to queue
[2024-03-07T18:13:41.200+0000] {logging_mixin.py:188} INFO - [2024-03-07T18:13:41.199+0000] {dagbag.py:540} INFO - Filling up the DagBag from /home/airflow/.local/lib/python3.11/site-packages/airflow/example_dags/example_skip_dag.py
[2024-03-07T18:13:41.313+0000] {processor.py:840} INFO - DAG(s) 'example_skip_dag' retrieved from /home/airflow/.local/lib/python3.11/site-packages/airflow/example_dags/example_skip_dag.py
[2024-03-07T18:13:41.608+0000] {logging_mixin.py:188} INFO - [2024-03-07T18:13:41.596+0000] {dag.py:3047} INFO - Sync 1 DAGs
[2024-03-07T18:13:41.942+0000] {logging_mixin.py:188} INFO - [2024-03-07T18:13:41.940+0000] {dag.py:3834} INFO - Setting next_dagrun for example_skip_dag to 2024-03-06 00:00:00+00:00, run_after=2024-03-07 00:00:00+00:00
[2024-03-07T18:13:42.194+0000] {processor.py:183} INFO - Processing /home/airflow/.local/lib/python3.11/site-packages/airflow/example_dags/example_skip_dag.py took 1.044 seconds
[2024-03-07T18:14:13.720+0000] {processor.py:161} INFO - Started process (PID=177) to work on /home/airflow/.local/lib/python3.11/site-packages/airflow/example_dags/example_skip_dag.py
[2024-03-07T18:14:13.731+0000] {processor.py:830} INFO - Processing file /home/airflow/.local/lib/python3.11/site-packages/airflow/example_dags/example_skip_dag.py for tasks to queue
[2024-03-07T18:14:13.753+0000] {logging_mixin.py:188} INFO - [2024-03-07T18:14:13.749+0000] {dagbag.py:540} INFO - Filling up the DagBag from /home/airflow/.local/lib/python3.11/site-packages/airflow/example_dags/example_skip_dag.py
[2024-03-07T18:14:13.838+0000] {processor.py:840} INFO - DAG(s) 'example_skip_dag' retrieved from /home/airflow/.local/lib/python3.11/site-packages/airflow/example_dags/example_skip_dag.py
[2024-03-07T18:14:14.090+0000] {logging_mixin.py:188} INFO - [2024-03-07T18:14:14.089+0000] {dag.py:3047} INFO - Sync 1 DAGs
[2024-03-07T18:14:14.335+0000] {logging_mixin.py:188} INFO - [2024-03-07T18:14:14.334+0000] {dag.py:3834} INFO - Setting next_dagrun for example_skip_dag to 2024-03-06 00:00:00+00:00, run_after=2024-03-07 00:00:00+00:00
[2024-03-07T18:14:14.493+0000] {processor.py:183} INFO - Processing /home/airflow/.local/lib/python3.11/site-packages/airflow/example_dags/example_skip_dag.py took 0.791 seconds
[2024-03-07T18:14:47.268+0000] {processor.py:161} INFO - Started process (PID=233) to work on /home/airflow/.local/lib/python3.11/site-packages/airflow/example_dags/example_skip_dag.py
[2024-03-07T18:14:47.280+0000] {processor.py:830} INFO - Processing file /home/airflow/.local/lib/python3.11/site-packages/airflow/example_dags/example_skip_dag.py for tasks to queue
[2024-03-07T18:14:47.296+0000] {logging_mixin.py:188} INFO - [2024-03-07T18:14:47.295+0000] {dagbag.py:540} INFO - Filling up the DagBag from /home/airflow/.local/lib/python3.11/site-packages/airflow/example_dags/example_skip_dag.py
[2024-03-07T18:14:47.347+0000] {processor.py:840} INFO - DAG(s) 'example_skip_dag' retrieved from /home/airflow/.local/lib/python3.11/site-packages/airflow/example_dags/example_skip_dag.py
[2024-03-07T18:14:47.433+0000] {logging_mixin.py:188} INFO - [2024-03-07T18:14:47.425+0000] {dag.py:3047} INFO - Sync 1 DAGs
[2024-03-07T18:14:47.696+0000] {logging_mixin.py:188} INFO - [2024-03-07T18:14:47.695+0000] {dag.py:3834} INFO - Setting next_dagrun for example_skip_dag to 2024-03-06 00:00:00+00:00, run_after=2024-03-07 00:00:00+00:00
[2024-03-07T18:14:47.869+0000] {processor.py:183} INFO - Processing /home/airflow/.local/lib/python3.11/site-packages/airflow/example_dags/example_skip_dag.py took 0.609 seconds
[2024-03-07T18:15:18.265+0000] {processor.py:161} INFO - Started process (PID=291) to work on /home/airflow/.local/lib/python3.11/site-packages/airflow/example_dags/example_skip_dag.py
[2024-03-07T18:15:18.268+0000] {processor.py:830} INFO - Processing file /home/airflow/.local/lib/python3.11/site-packages/airflow/example_dags/example_skip_dag.py for tasks to queue
[2024-03-07T18:15:18.273+0000] {logging_mixin.py:188} INFO - [2024-03-07T18:15:18.272+0000] {dagbag.py:540} INFO - Filling up the DagBag from /home/airflow/.local/lib/python3.11/site-packages/airflow/example_dags/example_skip_dag.py
[2024-03-07T18:15:18.291+0000] {processor.py:840} INFO - DAG(s) 'example_skip_dag' retrieved from /home/airflow/.local/lib/python3.11/site-packages/airflow/example_dags/example_skip_dag.py
[2024-03-07T18:15:18.646+0000] {logging_mixin.py:188} INFO - [2024-03-07T18:15:18.645+0000] {dag.py:3047} INFO - Sync 1 DAGs
[2024-03-07T18:15:18.709+0000] {logging_mixin.py:188} INFO - [2024-03-07T18:15:18.708+0000] {dag.py:3834} INFO - Setting next_dagrun for example_skip_dag to 2024-03-06 00:00:00+00:00, run_after=2024-03-07 00:00:00+00:00
[2024-03-07T18:15:18.773+0000] {processor.py:183} INFO - Processing /home/airflow/.local/lib/python3.11/site-packages/airflow/example_dags/example_skip_dag.py took 0.527 seconds
[2024-03-07T18:15:50.065+0000] {processor.py:161} INFO - Started process (PID=349) to work on /home/airflow/.local/lib/python3.11/site-packages/airflow/example_dags/example_skip_dag.py
[2024-03-07T18:15:50.067+0000] {processor.py:830} INFO - Processing file /home/airflow/.local/lib/python3.11/site-packages/airflow/example_dags/example_skip_dag.py for tasks to queue
[2024-03-07T18:15:50.072+0000] {logging_mixin.py:188} INFO - [2024-03-07T18:15:50.071+0000] {dagbag.py:540} INFO - Filling up the DagBag from /home/airflow/.local/lib/python3.11/site-packages/airflow/example_dags/example_skip_dag.py
[2024-03-07T18:15:50.084+0000] {processor.py:840} INFO - DAG(s) 'example_skip_dag' retrieved from /home/airflow/.local/lib/python3.11/site-packages/airflow/example_dags/example_skip_dag.py
[2024-03-07T18:15:50.123+0000] {logging_mixin.py:188} INFO - [2024-03-07T18:15:50.123+0000] {dag.py:3047} INFO - Sync 1 DAGs
[2024-03-07T18:15:50.202+0000] {logging_mixin.py:188} INFO - [2024-03-07T18:15:50.201+0000] {dag.py:3834} INFO - Setting next_dagrun for example_skip_dag to 2024-03-06 00:00:00+00:00, run_after=2024-03-07 00:00:00+00:00
[2024-03-07T18:15:50.245+0000] {processor.py:183} INFO - Processing /home/airflow/.local/lib/python3.11/site-packages/airflow/example_dags/example_skip_dag.py took 0.185 seconds
[2024-03-07T18:16:21.088+0000] {processor.py:161} INFO - Started process (PID=406) to work on /home/airflow/.local/lib/python3.11/site-packages/airflow/example_dags/example_skip_dag.py
[2024-03-07T18:16:21.091+0000] {processor.py:830} INFO - Processing file /home/airflow/.local/lib/python3.11/site-packages/airflow/example_dags/example_skip_dag.py for tasks to queue
[2024-03-07T18:16:21.096+0000] {logging_mixin.py:188} INFO - [2024-03-07T18:16:21.095+0000] {dagbag.py:540} INFO - Filling up the DagBag from /home/airflow/.local/lib/python3.11/site-packages/airflow/example_dags/example_skip_dag.py
[2024-03-07T18:16:21.112+0000] {processor.py:840} INFO - DAG(s) 'example_skip_dag' retrieved from /home/airflow/.local/lib/python3.11/site-packages/airflow/example_dags/example_skip_dag.py
[2024-03-07T18:16:21.167+0000] {logging_mixin.py:188} INFO - [2024-03-07T18:16:21.166+0000] {dag.py:3047} INFO - Sync 1 DAGs
[2024-03-07T18:16:21.246+0000] {logging_mixin.py:188} INFO - [2024-03-07T18:16:21.246+0000] {dag.py:3834} INFO - Setting next_dagrun for example_skip_dag to 2024-03-06 00:00:00+00:00, run_after=2024-03-07 00:00:00+00:00
[2024-03-07T18:16:21.308+0000] {processor.py:183} INFO - Processing /home/airflow/.local/lib/python3.11/site-packages/airflow/example_dags/example_skip_dag.py took 0.228 seconds
[2024-03-07T18:16:52.843+0000] {processor.py:161} INFO - Started process (PID=464) to work on /home/airflow/.local/lib/python3.11/site-packages/airflow/example_dags/example_skip_dag.py
[2024-03-07T18:16:52.846+0000] {processor.py:830} INFO - Processing file /home/airflow/.local/lib/python3.11/site-packages/airflow/example_dags/example_skip_dag.py for tasks to queue
[2024-03-07T18:16:52.851+0000] {logging_mixin.py:188} INFO - [2024-03-07T18:16:52.850+0000] {dagbag.py:540} INFO - Filling up the DagBag from /home/airflow/.local/lib/python3.11/site-packages/airflow/example_dags/example_skip_dag.py
[2024-03-07T18:16:52.869+0000] {processor.py:840} INFO - DAG(s) 'example_skip_dag' retrieved from /home/airflow/.local/lib/python3.11/site-packages/airflow/example_dags/example_skip_dag.py
[2024-03-07T18:16:52.918+0000] {logging_mixin.py:188} INFO - [2024-03-07T18:16:52.917+0000] {dag.py:3047} INFO - Sync 1 DAGs
[2024-03-07T18:16:52.983+0000] {logging_mixin.py:188} INFO - [2024-03-07T18:16:52.982+0000] {dag.py:3834} INFO - Setting next_dagrun for example_skip_dag to 2024-03-06 00:00:00+00:00, run_after=2024-03-07 00:00:00+00:00
[2024-03-07T18:16:53.042+0000] {processor.py:183} INFO - Processing /home/airflow/.local/lib/python3.11/site-packages/airflow/example_dags/example_skip_dag.py took 0.204 seconds
[2024-03-07T18:17:24.954+0000] {processor.py:161} INFO - Started process (PID=521) to work on /home/airflow/.local/lib/python3.11/site-packages/airflow/example_dags/example_skip_dag.py
[2024-03-07T18:17:24.957+0000] {processor.py:830} INFO - Processing file /home/airflow/.local/lib/python3.11/site-packages/airflow/example_dags/example_skip_dag.py for tasks to queue
[2024-03-07T18:17:24.963+0000] {logging_mixin.py:188} INFO - [2024-03-07T18:17:24.962+0000] {dagbag.py:540} INFO - Filling up the DagBag from /home/airflow/.local/lib/python3.11/site-packages/airflow/example_dags/example_skip_dag.py
[2024-03-07T18:17:24.981+0000] {processor.py:840} INFO - DAG(s) 'example_skip_dag' retrieved from /home/airflow/.local/lib/python3.11/site-packages/airflow/example_dags/example_skip_dag.py
[2024-03-07T18:17:25.040+0000] {logging_mixin.py:188} INFO - [2024-03-07T18:17:25.039+0000] {dag.py:3047} INFO - Sync 1 DAGs
[2024-03-07T18:17:25.107+0000] {logging_mixin.py:188} INFO - [2024-03-07T18:17:25.106+0000] {dag.py:3834} INFO - Setting next_dagrun for example_skip_dag to 2024-03-06 00:00:00+00:00, run_after=2024-03-07 00:00:00+00:00
[2024-03-07T18:17:25.166+0000] {processor.py:183} INFO - Processing /home/airflow/.local/lib/python3.11/site-packages/airflow/example_dags/example_skip_dag.py took 0.220 seconds
[2024-03-07T18:17:56.683+0000] {processor.py:161} INFO - Started process (PID=579) to work on /home/airflow/.local/lib/python3.11/site-packages/airflow/example_dags/example_skip_dag.py
[2024-03-07T18:17:56.687+0000] {processor.py:830} INFO - Processing file /home/airflow/.local/lib/python3.11/site-packages/airflow/example_dags/example_skip_dag.py for tasks to queue
[2024-03-07T18:17:56.692+0000] {logging_mixin.py:188} INFO - [2024-03-07T18:17:56.691+0000] {dagbag.py:540} INFO - Filling up the DagBag from /home/airflow/.local/lib/python3.11/site-packages/airflow/example_dags/example_skip_dag.py
[2024-03-07T18:17:56.713+0000] {processor.py:840} INFO - DAG(s) 'example_skip_dag' retrieved from /home/airflow/.local/lib/python3.11/site-packages/airflow/example_dags/example_skip_dag.py
[2024-03-07T18:17:56.776+0000] {logging_mixin.py:188} INFO - [2024-03-07T18:17:56.775+0000] {dag.py:3047} INFO - Sync 1 DAGs
[2024-03-07T18:17:56.863+0000] {logging_mixin.py:188} INFO - [2024-03-07T18:17:56.862+0000] {dag.py:3834} INFO - Setting next_dagrun for example_skip_dag to 2024-03-06 00:00:00+00:00, run_after=2024-03-07 00:00:00+00:00
[2024-03-07T18:17:56.932+0000] {processor.py:183} INFO - Processing /home/airflow/.local/lib/python3.11/site-packages/airflow/example_dags/example_skip_dag.py took 0.254 seconds
[2024-03-07T18:18:28.594+0000] {processor.py:161} INFO - Started process (PID=637) to work on /home/airflow/.local/lib/python3.11/site-packages/airflow/example_dags/example_skip_dag.py
[2024-03-07T18:18:28.596+0000] {processor.py:830} INFO - Processing file /home/airflow/.local/lib/python3.11/site-packages/airflow/example_dags/example_skip_dag.py for tasks to queue
[2024-03-07T18:18:28.600+0000] {logging_mixin.py:188} INFO - [2024-03-07T18:18:28.599+0000] {dagbag.py:540} INFO - Filling up the DagBag from /home/airflow/.local/lib/python3.11/site-packages/airflow/example_dags/example_skip_dag.py
[2024-03-07T18:18:28.617+0000] {processor.py:840} INFO - DAG(s) 'example_skip_dag' retrieved from /home/airflow/.local/lib/python3.11/site-packages/airflow/example_dags/example_skip_dag.py
[2024-03-07T18:18:28.666+0000] {logging_mixin.py:188} INFO - [2024-03-07T18:18:28.665+0000] {dag.py:3047} INFO - Sync 1 DAGs
[2024-03-07T18:18:28.722+0000] {logging_mixin.py:188} INFO - [2024-03-07T18:18:28.721+0000] {dag.py:3834} INFO - Setting next_dagrun for example_skip_dag to 2024-03-06 00:00:00+00:00, run_after=2024-03-07 00:00:00+00:00
[2024-03-07T18:18:28.775+0000] {processor.py:183} INFO - Processing /home/airflow/.local/lib/python3.11/site-packages/airflow/example_dags/example_skip_dag.py took 0.186 seconds
[2024-03-07T18:18:59.518+0000] {processor.py:161} INFO - Started process (PID=695) to work on /home/airflow/.local/lib/python3.11/site-packages/airflow/example_dags/example_skip_dag.py
[2024-03-07T18:18:59.520+0000] {processor.py:830} INFO - Processing file /home/airflow/.local/lib/python3.11/site-packages/airflow/example_dags/example_skip_dag.py for tasks to queue
[2024-03-07T18:18:59.524+0000] {logging_mixin.py:188} INFO - [2024-03-07T18:18:59.523+0000] {dagbag.py:540} INFO - Filling up the DagBag from /home/airflow/.local/lib/python3.11/site-packages/airflow/example_dags/example_skip_dag.py
[2024-03-07T18:18:59.540+0000] {processor.py:840} INFO - DAG(s) 'example_skip_dag' retrieved from /home/airflow/.local/lib/python3.11/site-packages/airflow/example_dags/example_skip_dag.py
[2024-03-07T18:18:59.586+0000] {logging_mixin.py:188} INFO - [2024-03-07T18:18:59.586+0000] {dag.py:3047} INFO - Sync 1 DAGs
[2024-03-07T18:18:59.649+0000] {logging_mixin.py:188} INFO - [2024-03-07T18:18:59.648+0000] {dag.py:3834} INFO - Setting next_dagrun for example_skip_dag to 2024-03-06 00:00:00+00:00, run_after=2024-03-07 00:00:00+00:00
[2024-03-07T18:18:59.711+0000] {processor.py:183} INFO - Processing /home/airflow/.local/lib/python3.11/site-packages/airflow/example_dags/example_skip_dag.py took 0.200 seconds
[2024-03-07T18:19:31.212+0000] {processor.py:161} INFO - Started process (PID=754) to work on /home/airflow/.local/lib/python3.11/site-packages/airflow/example_dags/example_skip_dag.py
[2024-03-07T18:19:31.215+0000] {processor.py:830} INFO - Processing file /home/airflow/.local/lib/python3.11/site-packages/airflow/example_dags/example_skip_dag.py for tasks to queue
[2024-03-07T18:19:31.220+0000] {logging_mixin.py:188} INFO - [2024-03-07T18:19:31.219+0000] {dagbag.py:540} INFO - Filling up the DagBag from /home/airflow/.local/lib/python3.11/site-packages/airflow/example_dags/example_skip_dag.py
[2024-03-07T18:19:31.234+0000] {processor.py:840} INFO - DAG(s) 'example_skip_dag' retrieved from /home/airflow/.local/lib/python3.11/site-packages/airflow/example_dags/example_skip_dag.py
[2024-03-07T18:19:31.274+0000] {logging_mixin.py:188} INFO - [2024-03-07T18:19:31.273+0000] {dag.py:3047} INFO - Sync 1 DAGs
[2024-03-07T18:19:31.327+0000] {logging_mixin.py:188} INFO - [2024-03-07T18:19:31.326+0000] {dag.py:3834} INFO - Setting next_dagrun for example_skip_dag to 2024-03-06 00:00:00+00:00, run_after=2024-03-07 00:00:00+00:00
[2024-03-07T18:19:31.416+0000] {processor.py:183} INFO - Processing /home/airflow/.local/lib/python3.11/site-packages/airflow/example_dags/example_skip_dag.py took 0.208 seconds
[2024-03-07T18:20:03.047+0000] {processor.py:161} INFO - Started process (PID=812) to work on /home/airflow/.local/lib/python3.11/site-packages/airflow/example_dags/example_skip_dag.py
[2024-03-07T18:20:03.061+0000] {processor.py:830} INFO - Processing file /home/airflow/.local/lib/python3.11/site-packages/airflow/example_dags/example_skip_dag.py for tasks to queue
[2024-03-07T18:20:03.075+0000] {logging_mixin.py:188} INFO - [2024-03-07T18:20:03.073+0000] {dagbag.py:540} INFO - Filling up the DagBag from /home/airflow/.local/lib/python3.11/site-packages/airflow/example_dags/example_skip_dag.py
[2024-03-07T18:20:03.140+0000] {processor.py:840} INFO - DAG(s) 'example_skip_dag' retrieved from /home/airflow/.local/lib/python3.11/site-packages/airflow/example_dags/example_skip_dag.py
[2024-03-07T18:20:03.245+0000] {logging_mixin.py:188} INFO - [2024-03-07T18:20:03.244+0000] {dag.py:3047} INFO - Sync 1 DAGs
[2024-03-07T18:20:03.304+0000] {logging_mixin.py:188} INFO - [2024-03-07T18:20:03.304+0000] {dag.py:3834} INFO - Setting next_dagrun for example_skip_dag to 2024-03-06 00:00:00+00:00, run_after=2024-03-07 00:00:00+00:00
[2024-03-07T18:20:03.364+0000] {processor.py:183} INFO - Processing /home/airflow/.local/lib/python3.11/site-packages/airflow/example_dags/example_skip_dag.py took 0.335 seconds
[2024-03-07T18:20:34.881+0000] {processor.py:161} INFO - Started process (PID=869) to work on /home/airflow/.local/lib/python3.11/site-packages/airflow/example_dags/example_skip_dag.py
[2024-03-07T18:20:34.883+0000] {processor.py:830} INFO - Processing file /home/airflow/.local/lib/python3.11/site-packages/airflow/example_dags/example_skip_dag.py for tasks to queue
[2024-03-07T18:20:34.888+0000] {logging_mixin.py:188} INFO - [2024-03-07T18:20:34.887+0000] {dagbag.py:540} INFO - Filling up the DagBag from /home/airflow/.local/lib/python3.11/site-packages/airflow/example_dags/example_skip_dag.py
[2024-03-07T18:20:34.900+0000] {processor.py:840} INFO - DAG(s) 'example_skip_dag' retrieved from /home/airflow/.local/lib/python3.11/site-packages/airflow/example_dags/example_skip_dag.py
[2024-03-07T18:20:34.942+0000] {logging_mixin.py:188} INFO - [2024-03-07T18:20:34.941+0000] {dag.py:3047} INFO - Sync 1 DAGs
[2024-03-07T18:20:34.990+0000] {logging_mixin.py:188} INFO - [2024-03-07T18:20:34.990+0000] {dag.py:3834} INFO - Setting next_dagrun for example_skip_dag to 2024-03-06 00:00:00+00:00, run_after=2024-03-07 00:00:00+00:00
[2024-03-07T18:20:35.076+0000] {processor.py:183} INFO - Processing /home/airflow/.local/lib/python3.11/site-packages/airflow/example_dags/example_skip_dag.py took 0.200 seconds
[2024-03-07T18:21:06.524+0000] {processor.py:161} INFO - Started process (PID=927) to work on /home/airflow/.local/lib/python3.11/site-packages/airflow/example_dags/example_skip_dag.py
[2024-03-07T18:21:06.527+0000] {processor.py:830} INFO - Processing file /home/airflow/.local/lib/python3.11/site-packages/airflow/example_dags/example_skip_dag.py for tasks to queue
[2024-03-07T18:21:06.531+0000] {logging_mixin.py:188} INFO - [2024-03-07T18:21:06.530+0000] {dagbag.py:540} INFO - Filling up the DagBag from /home/airflow/.local/lib/python3.11/site-packages/airflow/example_dags/example_skip_dag.py
[2024-03-07T18:21:06.549+0000] {processor.py:840} INFO - DAG(s) 'example_skip_dag' retrieved from /home/airflow/.local/lib/python3.11/site-packages/airflow/example_dags/example_skip_dag.py
[2024-03-07T18:21:06.602+0000] {logging_mixin.py:188} INFO - [2024-03-07T18:21:06.601+0000] {dag.py:3047} INFO - Sync 1 DAGs
[2024-03-07T18:21:06.675+0000] {logging_mixin.py:188} INFO - [2024-03-07T18:21:06.674+0000] {dag.py:3834} INFO - Setting next_dagrun for example_skip_dag to 2024-03-06 00:00:00+00:00, run_after=2024-03-07 00:00:00+00:00
[2024-03-07T18:21:06.734+0000] {processor.py:183} INFO - Processing /home/airflow/.local/lib/python3.11/site-packages/airflow/example_dags/example_skip_dag.py took 0.218 seconds
[2024-03-07T18:21:38.855+0000] {processor.py:161} INFO - Started process (PID=984) to work on /home/airflow/.local/lib/python3.11/site-packages/airflow/example_dags/example_skip_dag.py
[2024-03-07T18:21:38.858+0000] {processor.py:830} INFO - Processing file /home/airflow/.local/lib/python3.11/site-packages/airflow/example_dags/example_skip_dag.py for tasks to queue
[2024-03-07T18:21:38.863+0000] {logging_mixin.py:188} INFO - [2024-03-07T18:21:38.862+0000] {dagbag.py:540} INFO - Filling up the DagBag from /home/airflow/.local/lib/python3.11/site-packages/airflow/example_dags/example_skip_dag.py
[2024-03-07T18:21:38.878+0000] {processor.py:840} INFO - DAG(s) 'example_skip_dag' retrieved from /home/airflow/.local/lib/python3.11/site-packages/airflow/example_dags/example_skip_dag.py
[2024-03-07T18:21:38.929+0000] {logging_mixin.py:188} INFO - [2024-03-07T18:21:38.928+0000] {dag.py:3047} INFO - Sync 1 DAGs
[2024-03-07T18:21:38.996+0000] {logging_mixin.py:188} INFO - [2024-03-07T18:21:38.995+0000] {dag.py:3834} INFO - Setting next_dagrun for example_skip_dag to 2024-03-06 00:00:00+00:00, run_after=2024-03-07 00:00:00+00:00
[2024-03-07T18:21:39.080+0000] {processor.py:183} INFO - Processing /home/airflow/.local/lib/python3.11/site-packages/airflow/example_dags/example_skip_dag.py took 0.235 seconds
[2024-03-07T18:22:10.976+0000] {processor.py:161} INFO - Started process (PID=1048) to work on /home/airflow/.local/lib/python3.11/site-packages/airflow/example_dags/example_skip_dag.py
[2024-03-07T18:22:10.978+0000] {processor.py:830} INFO - Processing file /home/airflow/.local/lib/python3.11/site-packages/airflow/example_dags/example_skip_dag.py for tasks to queue
[2024-03-07T18:22:10.983+0000] {logging_mixin.py:188} INFO - [2024-03-07T18:22:10.982+0000] {dagbag.py:540} INFO - Filling up the DagBag from /home/airflow/.local/lib/python3.11/site-packages/airflow/example_dags/example_skip_dag.py
[2024-03-07T18:22:10.999+0000] {processor.py:840} INFO - DAG(s) 'example_skip_dag' retrieved from /home/airflow/.local/lib/python3.11/site-packages/airflow/example_dags/example_skip_dag.py
[2024-03-07T18:22:11.050+0000] {logging_mixin.py:188} INFO - [2024-03-07T18:22:11.049+0000] {dag.py:3047} INFO - Sync 1 DAGs
[2024-03-07T18:22:11.112+0000] {logging_mixin.py:188} INFO - [2024-03-07T18:22:11.111+0000] {dag.py:3834} INFO - Setting next_dagrun for example_skip_dag to 2024-03-06 00:00:00+00:00, run_after=2024-03-07 00:00:00+00:00
[2024-03-07T18:22:11.187+0000] {processor.py:183} INFO - Processing /home/airflow/.local/lib/python3.11/site-packages/airflow/example_dags/example_skip_dag.py took 0.218 seconds
[2024-03-07T18:22:42.741+0000] {processor.py:161} INFO - Started process (PID=1107) to work on /home/airflow/.local/lib/python3.11/site-packages/airflow/example_dags/example_skip_dag.py
[2024-03-07T18:22:42.748+0000] {processor.py:830} INFO - Processing file /home/airflow/.local/lib/python3.11/site-packages/airflow/example_dags/example_skip_dag.py for tasks to queue
[2024-03-07T18:22:42.762+0000] {logging_mixin.py:188} INFO - [2024-03-07T18:22:42.760+0000] {dagbag.py:540} INFO - Filling up the DagBag from /home/airflow/.local/lib/python3.11/site-packages/airflow/example_dags/example_skip_dag.py
[2024-03-07T18:22:42.834+0000] {processor.py:840} INFO - DAG(s) 'example_skip_dag' retrieved from /home/airflow/.local/lib/python3.11/site-packages/airflow/example_dags/example_skip_dag.py
[2024-03-07T18:22:42.947+0000] {logging_mixin.py:188} INFO - [2024-03-07T18:22:42.946+0000] {dag.py:3047} INFO - Sync 1 DAGs
[2024-03-07T18:22:43.050+0000] {logging_mixin.py:188} INFO - [2024-03-07T18:22:43.047+0000] {dag.py:3834} INFO - Setting next_dagrun for example_skip_dag to 2024-03-06 00:00:00+00:00, run_after=2024-03-07 00:00:00+00:00
[2024-03-07T18:22:43.139+0000] {processor.py:183} INFO - Processing /home/airflow/.local/lib/python3.11/site-packages/airflow/example_dags/example_skip_dag.py took 0.427 seconds
[2024-03-07T18:23:14.282+0000] {processor.py:161} INFO - Started process (PID=1165) to work on /home/airflow/.local/lib/python3.11/site-packages/airflow/example_dags/example_skip_dag.py
[2024-03-07T18:23:14.285+0000] {processor.py:830} INFO - Processing file /home/airflow/.local/lib/python3.11/site-packages/airflow/example_dags/example_skip_dag.py for tasks to queue
[2024-03-07T18:23:14.290+0000] {logging_mixin.py:188} INFO - [2024-03-07T18:23:14.289+0000] {dagbag.py:540} INFO - Filling up the DagBag from /home/airflow/.local/lib/python3.11/site-packages/airflow/example_dags/example_skip_dag.py
[2024-03-07T18:23:14.307+0000] {processor.py:840} INFO - DAG(s) 'example_skip_dag' retrieved from /home/airflow/.local/lib/python3.11/site-packages/airflow/example_dags/example_skip_dag.py
[2024-03-07T18:23:14.353+0000] {logging_mixin.py:188} INFO - [2024-03-07T18:23:14.352+0000] {dag.py:3047} INFO - Sync 1 DAGs
[2024-03-07T18:23:14.412+0000] {logging_mixin.py:188} INFO - [2024-03-07T18:23:14.411+0000] {dag.py:3834} INFO - Setting next_dagrun for example_skip_dag to 2024-03-06 00:00:00+00:00, run_after=2024-03-07 00:00:00+00:00
[2024-03-07T18:23:14.498+0000] {processor.py:183} INFO - Processing /home/airflow/.local/lib/python3.11/site-packages/airflow/example_dags/example_skip_dag.py took 0.222 seconds
[2024-03-07T18:23:46.002+0000] {processor.py:161} INFO - Started process (PID=1224) to work on /home/airflow/.local/lib/python3.11/site-packages/airflow/example_dags/example_skip_dag.py
[2024-03-07T18:23:46.005+0000] {processor.py:830} INFO - Processing file /home/airflow/.local/lib/python3.11/site-packages/airflow/example_dags/example_skip_dag.py for tasks to queue
[2024-03-07T18:23:46.010+0000] {logging_mixin.py:188} INFO - [2024-03-07T18:23:46.009+0000] {dagbag.py:540} INFO - Filling up the DagBag from /home/airflow/.local/lib/python3.11/site-packages/airflow/example_dags/example_skip_dag.py
[2024-03-07T18:23:46.026+0000] {processor.py:840} INFO - DAG(s) 'example_skip_dag' retrieved from /home/airflow/.local/lib/python3.11/site-packages/airflow/example_dags/example_skip_dag.py
[2024-03-07T18:23:46.075+0000] {logging_mixin.py:188} INFO - [2024-03-07T18:23:46.075+0000] {dag.py:3047} INFO - Sync 1 DAGs
[2024-03-07T18:23:46.140+0000] {logging_mixin.py:188} INFO - [2024-03-07T18:23:46.140+0000] {dag.py:3834} INFO - Setting next_dagrun for example_skip_dag to 2024-03-06 00:00:00+00:00, run_after=2024-03-07 00:00:00+00:00
[2024-03-07T18:23:46.205+0000] {processor.py:183} INFO - Processing /home/airflow/.local/lib/python3.11/site-packages/airflow/example_dags/example_skip_dag.py took 0.210 seconds
[2024-03-07T18:24:18.280+0000] {processor.py:161} INFO - Started process (PID=1282) to work on /home/airflow/.local/lib/python3.11/site-packages/airflow/example_dags/example_skip_dag.py
[2024-03-07T18:24:18.283+0000] {processor.py:830} INFO - Processing file /home/airflow/.local/lib/python3.11/site-packages/airflow/example_dags/example_skip_dag.py for tasks to queue
[2024-03-07T18:24:18.287+0000] {logging_mixin.py:188} INFO - [2024-03-07T18:24:18.287+0000] {dagbag.py:540} INFO - Filling up the DagBag from /home/airflow/.local/lib/python3.11/site-packages/airflow/example_dags/example_skip_dag.py
[2024-03-07T18:24:18.302+0000] {processor.py:840} INFO - DAG(s) 'example_skip_dag' retrieved from /home/airflow/.local/lib/python3.11/site-packages/airflow/example_dags/example_skip_dag.py
[2024-03-07T18:24:18.351+0000] {logging_mixin.py:188} INFO - [2024-03-07T18:24:18.351+0000] {dag.py:3047} INFO - Sync 1 DAGs
[2024-03-07T18:24:18.400+0000] {logging_mixin.py:188} INFO - [2024-03-07T18:24:18.399+0000] {dag.py:3834} INFO - Setting next_dagrun for example_skip_dag to 2024-03-06 00:00:00+00:00, run_after=2024-03-07 00:00:00+00:00
[2024-03-07T18:24:18.473+0000] {processor.py:183} INFO - Processing /home/airflow/.local/lib/python3.11/site-packages/airflow/example_dags/example_skip_dag.py took 0.199 seconds
[2024-03-07T18:24:50.167+0000] {processor.py:161} INFO - Started process (PID=1340) to work on /home/airflow/.local/lib/python3.11/site-packages/airflow/example_dags/example_skip_dag.py
[2024-03-07T18:24:50.181+0000] {processor.py:830} INFO - Processing file /home/airflow/.local/lib/python3.11/site-packages/airflow/example_dags/example_skip_dag.py for tasks to queue
[2024-03-07T18:24:50.200+0000] {logging_mixin.py:188} INFO - [2024-03-07T18:24:50.192+0000] {dagbag.py:540} INFO - Filling up the DagBag from /home/airflow/.local/lib/python3.11/site-packages/airflow/example_dags/example_skip_dag.py
[2024-03-07T18:24:50.226+0000] {processor.py:840} INFO - DAG(s) 'example_skip_dag' retrieved from /home/airflow/.local/lib/python3.11/site-packages/airflow/example_dags/example_skip_dag.py
[2024-03-07T18:24:50.284+0000] {logging_mixin.py:188} INFO - [2024-03-07T18:24:50.283+0000] {dag.py:3047} INFO - Sync 1 DAGs
[2024-03-07T18:24:50.343+0000] {logging_mixin.py:188} INFO - [2024-03-07T18:24:50.343+0000] {dag.py:3834} INFO - Setting next_dagrun for example_skip_dag to 2024-03-06 00:00:00+00:00, run_after=2024-03-07 00:00:00+00:00
[2024-03-07T18:24:50.424+0000] {processor.py:183} INFO - Processing /home/airflow/.local/lib/python3.11/site-packages/airflow/example_dags/example_skip_dag.py took 0.267 seconds
[2024-03-07T18:25:22.677+0000] {processor.py:161} INFO - Started process (PID=1400) to work on /home/airflow/.local/lib/python3.11/site-packages/airflow/example_dags/example_skip_dag.py
[2024-03-07T18:25:22.679+0000] {processor.py:830} INFO - Processing file /home/airflow/.local/lib/python3.11/site-packages/airflow/example_dags/example_skip_dag.py for tasks to queue
[2024-03-07T18:25:22.683+0000] {logging_mixin.py:188} INFO - [2024-03-07T18:25:22.682+0000] {dagbag.py:540} INFO - Filling up the DagBag from /home/airflow/.local/lib/python3.11/site-packages/airflow/example_dags/example_skip_dag.py
[2024-03-07T18:25:22.698+0000] {processor.py:840} INFO - DAG(s) 'example_skip_dag' retrieved from /home/airflow/.local/lib/python3.11/site-packages/airflow/example_dags/example_skip_dag.py
[2024-03-07T18:25:22.745+0000] {logging_mixin.py:188} INFO - [2024-03-07T18:25:22.745+0000] {dag.py:3047} INFO - Sync 1 DAGs
[2024-03-07T18:25:22.832+0000] {logging_mixin.py:188} INFO - [2024-03-07T18:25:22.831+0000] {dag.py:3834} INFO - Setting next_dagrun for example_skip_dag to 2024-03-06 00:00:00+00:00, run_after=2024-03-07 00:00:00+00:00
[2024-03-07T18:25:23.013+0000] {processor.py:183} INFO - Processing /home/airflow/.local/lib/python3.11/site-packages/airflow/example_dags/example_skip_dag.py took 0.340 seconds
[2024-03-07T18:25:54.861+0000] {processor.py:161} INFO - Started process (PID=1457) to work on /home/airflow/.local/lib/python3.11/site-packages/airflow/example_dags/example_skip_dag.py
[2024-03-07T18:25:54.864+0000] {processor.py:830} INFO - Processing file /home/airflow/.local/lib/python3.11/site-packages/airflow/example_dags/example_skip_dag.py for tasks to queue
[2024-03-07T18:25:54.868+0000] {logging_mixin.py:188} INFO - [2024-03-07T18:25:54.867+0000] {dagbag.py:540} INFO - Filling up the DagBag from /home/airflow/.local/lib/python3.11/site-packages/airflow/example_dags/example_skip_dag.py
[2024-03-07T18:25:54.881+0000] {processor.py:840} INFO - DAG(s) 'example_skip_dag' retrieved from /home/airflow/.local/lib/python3.11/site-packages/airflow/example_dags/example_skip_dag.py
[2024-03-07T18:25:54.928+0000] {logging_mixin.py:188} INFO - [2024-03-07T18:25:54.927+0000] {dag.py:3047} INFO - Sync 1 DAGs
[2024-03-07T18:25:54.976+0000] {logging_mixin.py:188} INFO - [2024-03-07T18:25:54.975+0000] {dag.py:3834} INFO - Setting next_dagrun for example_skip_dag to 2024-03-06 00:00:00+00:00, run_after=2024-03-07 00:00:00+00:00
[2024-03-07T18:25:55.038+0000] {processor.py:183} INFO - Processing /home/airflow/.local/lib/python3.11/site-packages/airflow/example_dags/example_skip_dag.py took 0.182 seconds
[2024-03-07T18:26:26.689+0000] {processor.py:161} INFO - Started process (PID=1515) to work on /home/airflow/.local/lib/python3.11/site-packages/airflow/example_dags/example_skip_dag.py
[2024-03-07T18:26:26.691+0000] {processor.py:830} INFO - Processing file /home/airflow/.local/lib/python3.11/site-packages/airflow/example_dags/example_skip_dag.py for tasks to queue
[2024-03-07T18:26:26.695+0000] {logging_mixin.py:188} INFO - [2024-03-07T18:26:26.694+0000] {dagbag.py:540} INFO - Filling up the DagBag from /home/airflow/.local/lib/python3.11/site-packages/airflow/example_dags/example_skip_dag.py
[2024-03-07T18:26:26.707+0000] {processor.py:840} INFO - DAG(s) 'example_skip_dag' retrieved from /home/airflow/.local/lib/python3.11/site-packages/airflow/example_dags/example_skip_dag.py
[2024-03-07T18:26:26.750+0000] {logging_mixin.py:188} INFO - [2024-03-07T18:26:26.750+0000] {dag.py:3047} INFO - Sync 1 DAGs
[2024-03-07T18:26:26.804+0000] {logging_mixin.py:188} INFO - [2024-03-07T18:26:26.803+0000] {dag.py:3834} INFO - Setting next_dagrun for example_skip_dag to 2024-03-06 00:00:00+00:00, run_after=2024-03-07 00:00:00+00:00
[2024-03-07T18:26:26.857+0000] {processor.py:183} INFO - Processing /home/airflow/.local/lib/python3.11/site-packages/airflow/example_dags/example_skip_dag.py took 0.172 seconds
[2024-03-07T18:26:58.964+0000] {processor.py:161} INFO - Started process (PID=1573) to work on /home/airflow/.local/lib/python3.11/site-packages/airflow/example_dags/example_skip_dag.py
[2024-03-07T18:26:58.967+0000] {processor.py:830} INFO - Processing file /home/airflow/.local/lib/python3.11/site-packages/airflow/example_dags/example_skip_dag.py for tasks to queue
[2024-03-07T18:26:58.971+0000] {logging_mixin.py:188} INFO - [2024-03-07T18:26:58.971+0000] {dagbag.py:540} INFO - Filling up the DagBag from /home/airflow/.local/lib/python3.11/site-packages/airflow/example_dags/example_skip_dag.py
[2024-03-07T18:26:58.984+0000] {processor.py:840} INFO - DAG(s) 'example_skip_dag' retrieved from /home/airflow/.local/lib/python3.11/site-packages/airflow/example_dags/example_skip_dag.py
[2024-03-07T18:26:59.040+0000] {logging_mixin.py:188} INFO - [2024-03-07T18:26:59.039+0000] {dag.py:3047} INFO - Sync 1 DAGs
[2024-03-07T18:26:59.095+0000] {logging_mixin.py:188} INFO - [2024-03-07T18:26:59.094+0000] {dag.py:3834} INFO - Setting next_dagrun for example_skip_dag to 2024-03-06 00:00:00+00:00, run_after=2024-03-07 00:00:00+00:00
[2024-03-07T18:26:59.165+0000] {processor.py:183} INFO - Processing /home/airflow/.local/lib/python3.11/site-packages/airflow/example_dags/example_skip_dag.py took 0.206 seconds
[2024-03-07T18:27:31.380+0000] {processor.py:161} INFO - Started process (PID=1632) to work on /home/airflow/.local/lib/python3.11/site-packages/airflow/example_dags/example_skip_dag.py
[2024-03-07T18:27:31.382+0000] {processor.py:830} INFO - Processing file /home/airflow/.local/lib/python3.11/site-packages/airflow/example_dags/example_skip_dag.py for tasks to queue
[2024-03-07T18:27:31.386+0000] {logging_mixin.py:188} INFO - [2024-03-07T18:27:31.385+0000] {dagbag.py:540} INFO - Filling up the DagBag from /home/airflow/.local/lib/python3.11/site-packages/airflow/example_dags/example_skip_dag.py
[2024-03-07T18:27:31.404+0000] {processor.py:840} INFO - DAG(s) 'example_skip_dag' retrieved from /home/airflow/.local/lib/python3.11/site-packages/airflow/example_dags/example_skip_dag.py
[2024-03-07T18:27:31.449+0000] {logging_mixin.py:188} INFO - [2024-03-07T18:27:31.448+0000] {dag.py:3047} INFO - Sync 1 DAGs
[2024-03-07T18:27:31.515+0000] {logging_mixin.py:188} INFO - [2024-03-07T18:27:31.514+0000] {dag.py:3834} INFO - Setting next_dagrun for example_skip_dag to 2024-03-06 00:00:00+00:00, run_after=2024-03-07 00:00:00+00:00
[2024-03-07T18:27:31.581+0000] {processor.py:183} INFO - Processing /home/airflow/.local/lib/python3.11/site-packages/airflow/example_dags/example_skip_dag.py took 0.206 seconds
[2024-03-07T18:28:03.660+0000] {processor.py:161} INFO - Started process (PID=1690) to work on /home/airflow/.local/lib/python3.11/site-packages/airflow/example_dags/example_skip_dag.py
[2024-03-07T18:28:03.663+0000] {processor.py:830} INFO - Processing file /home/airflow/.local/lib/python3.11/site-packages/airflow/example_dags/example_skip_dag.py for tasks to queue
[2024-03-07T18:28:03.669+0000] {logging_mixin.py:188} INFO - [2024-03-07T18:28:03.668+0000] {dagbag.py:540} INFO - Filling up the DagBag from /home/airflow/.local/lib/python3.11/site-packages/airflow/example_dags/example_skip_dag.py
[2024-03-07T18:28:03.684+0000] {processor.py:840} INFO - DAG(s) 'example_skip_dag' retrieved from /home/airflow/.local/lib/python3.11/site-packages/airflow/example_dags/example_skip_dag.py
[2024-03-07T18:28:03.731+0000] {logging_mixin.py:188} INFO - [2024-03-07T18:28:03.731+0000] {dag.py:3047} INFO - Sync 1 DAGs
[2024-03-07T18:28:03.778+0000] {logging_mixin.py:188} INFO - [2024-03-07T18:28:03.777+0000] {dag.py:3834} INFO - Setting next_dagrun for example_skip_dag to 2024-03-06 00:00:00+00:00, run_after=2024-03-07 00:00:00+00:00
[2024-03-07T18:28:03.829+0000] {processor.py:183} INFO - Processing /home/airflow/.local/lib/python3.11/site-packages/airflow/example_dags/example_skip_dag.py took 0.176 seconds
[2024-03-07T18:28:36.442+0000] {processor.py:161} INFO - Started process (PID=1748) to work on /home/airflow/.local/lib/python3.11/site-packages/airflow/example_dags/example_skip_dag.py
[2024-03-07T18:28:36.445+0000] {processor.py:830} INFO - Processing file /home/airflow/.local/lib/python3.11/site-packages/airflow/example_dags/example_skip_dag.py for tasks to queue
[2024-03-07T18:28:36.450+0000] {logging_mixin.py:188} INFO - [2024-03-07T18:28:36.449+0000] {dagbag.py:540} INFO - Filling up the DagBag from /home/airflow/.local/lib/python3.11/site-packages/airflow/example_dags/example_skip_dag.py
[2024-03-07T18:28:36.468+0000] {processor.py:840} INFO - DAG(s) 'example_skip_dag' retrieved from /home/airflow/.local/lib/python3.11/site-packages/airflow/example_dags/example_skip_dag.py
[2024-03-07T18:28:36.520+0000] {logging_mixin.py:188} INFO - [2024-03-07T18:28:36.520+0000] {dag.py:3047} INFO - Sync 1 DAGs
[2024-03-07T18:28:36.573+0000] {logging_mixin.py:188} INFO - [2024-03-07T18:28:36.572+0000] {dag.py:3834} INFO - Setting next_dagrun for example_skip_dag to 2024-03-06 00:00:00+00:00, run_after=2024-03-07 00:00:00+00:00
[2024-03-07T18:28:36.625+0000] {processor.py:183} INFO - Processing /home/airflow/.local/lib/python3.11/site-packages/airflow/example_dags/example_skip_dag.py took 0.190 seconds
[2024-03-07T18:29:06.780+0000] {processor.py:161} INFO - Started process (PID=1805) to work on /home/airflow/.local/lib/python3.11/site-packages/airflow/example_dags/example_skip_dag.py
[2024-03-07T18:29:06.782+0000] {processor.py:830} INFO - Processing file /home/airflow/.local/lib/python3.11/site-packages/airflow/example_dags/example_skip_dag.py for tasks to queue
[2024-03-07T18:29:06.786+0000] {logging_mixin.py:188} INFO - [2024-03-07T18:29:06.785+0000] {dagbag.py:540} INFO - Filling up the DagBag from /home/airflow/.local/lib/python3.11/site-packages/airflow/example_dags/example_skip_dag.py
[2024-03-07T18:29:06.799+0000] {processor.py:840} INFO - DAG(s) 'example_skip_dag' retrieved from /home/airflow/.local/lib/python3.11/site-packages/airflow/example_dags/example_skip_dag.py
[2024-03-07T18:29:06.863+0000] {logging_mixin.py:188} INFO - [2024-03-07T18:29:06.863+0000] {dag.py:3047} INFO - Sync 1 DAGs
[2024-03-07T18:29:06.916+0000] {logging_mixin.py:188} INFO - [2024-03-07T18:29:06.915+0000] {dag.py:3834} INFO - Setting next_dagrun for example_skip_dag to 2024-03-06 00:00:00+00:00, run_after=2024-03-07 00:00:00+00:00
[2024-03-07T18:29:06.984+0000] {processor.py:183} INFO - Processing /home/airflow/.local/lib/python3.11/site-packages/airflow/example_dags/example_skip_dag.py took 0.209 seconds
