[2024-03-07T18:13:29.724+0000] {processor.py:161} INFO - Started process (PID=95) to work on /home/airflow/.local/lib/python3.11/site-packages/airflow/example_dags/example_dag_decorator.py
[2024-03-07T18:13:29.727+0000] {processor.py:830} INFO - Processing file /home/airflow/.local/lib/python3.11/site-packages/airflow/example_dags/example_dag_decorator.py for tasks to queue
[2024-03-07T18:13:29.744+0000] {logging_mixin.py:188} INFO - [2024-03-07T18:13:29.733+0000] {dagbag.py:540} INFO - Filling up the DagBag from /home/airflow/.local/lib/python3.11/site-packages/airflow/example_dags/example_dag_decorator.py
[2024-03-07T18:13:30.546+0000] {processor.py:840} INFO - DAG(s) 'example_dag_decorator' retrieved from /home/airflow/.local/lib/python3.11/site-packages/airflow/example_dags/example_dag_decorator.py
[2024-03-07T18:13:31.184+0000] {logging_mixin.py:188} INFO - [2024-03-07T18:13:31.183+0000] {dag.py:3047} INFO - Sync 1 DAGs
[2024-03-07T18:13:31.239+0000] {logging_mixin.py:188} INFO - [2024-03-07T18:13:31.238+0000] {dag.py:3834} INFO - Setting next_dagrun for example_dag_decorator to None, run_after=None
[2024-03-07T18:13:31.418+0000] {processor.py:183} INFO - Processing /home/airflow/.local/lib/python3.11/site-packages/airflow/example_dags/example_dag_decorator.py took 1.714 seconds
[2024-03-07T18:14:01.833+0000] {processor.py:161} INFO - Started process (PID=155) to work on /home/airflow/.local/lib/python3.11/site-packages/airflow/example_dags/example_dag_decorator.py
[2024-03-07T18:14:01.837+0000] {processor.py:830} INFO - Processing file /home/airflow/.local/lib/python3.11/site-packages/airflow/example_dags/example_dag_decorator.py for tasks to queue
[2024-03-07T18:14:01.851+0000] {logging_mixin.py:188} INFO - [2024-03-07T18:14:01.850+0000] {dagbag.py:540} INFO - Filling up the DagBag from /home/airflow/.local/lib/python3.11/site-packages/airflow/example_dags/example_dag_decorator.py
[2024-03-07T18:14:02.387+0000] {processor.py:840} INFO - DAG(s) 'example_dag_decorator' retrieved from /home/airflow/.local/lib/python3.11/site-packages/airflow/example_dags/example_dag_decorator.py
[2024-03-07T18:14:03.237+0000] {logging_mixin.py:188} INFO - [2024-03-07T18:14:03.223+0000] {dag.py:3047} INFO - Sync 1 DAGs
[2024-03-07T18:14:03.335+0000] {logging_mixin.py:188} INFO - [2024-03-07T18:14:03.334+0000] {dag.py:3834} INFO - Setting next_dagrun for example_dag_decorator to None, run_after=None
[2024-03-07T18:14:03.480+0000] {processor.py:183} INFO - Processing /home/airflow/.local/lib/python3.11/site-packages/airflow/example_dags/example_dag_decorator.py took 1.663 seconds
[2024-03-07T18:14:35.266+0000] {processor.py:161} INFO - Started process (PID=214) to work on /home/airflow/.local/lib/python3.11/site-packages/airflow/example_dags/example_dag_decorator.py
[2024-03-07T18:14:35.271+0000] {processor.py:830} INFO - Processing file /home/airflow/.local/lib/python3.11/site-packages/airflow/example_dags/example_dag_decorator.py for tasks to queue
[2024-03-07T18:14:35.297+0000] {logging_mixin.py:188} INFO - [2024-03-07T18:14:35.287+0000] {dagbag.py:540} INFO - Filling up the DagBag from /home/airflow/.local/lib/python3.11/site-packages/airflow/example_dags/example_dag_decorator.py
[2024-03-07T18:14:36.174+0000] {processor.py:840} INFO - DAG(s) 'example_dag_decorator' retrieved from /home/airflow/.local/lib/python3.11/site-packages/airflow/example_dags/example_dag_decorator.py
[2024-03-07T18:14:36.445+0000] {logging_mixin.py:188} INFO - [2024-03-07T18:14:36.444+0000] {dag.py:3047} INFO - Sync 1 DAGs
[2024-03-07T18:14:36.592+0000] {logging_mixin.py:188} INFO - [2024-03-07T18:14:36.591+0000] {dag.py:3834} INFO - Setting next_dagrun for example_dag_decorator to None, run_after=None
[2024-03-07T18:14:36.767+0000] {processor.py:183} INFO - Processing /home/airflow/.local/lib/python3.11/site-packages/airflow/example_dags/example_dag_decorator.py took 1.526 seconds
[2024-03-07T18:15:07.169+0000] {processor.py:161} INFO - Started process (PID=278) to work on /home/airflow/.local/lib/python3.11/site-packages/airflow/example_dags/example_dag_decorator.py
[2024-03-07T18:15:07.174+0000] {processor.py:830} INFO - Processing file /home/airflow/.local/lib/python3.11/site-packages/airflow/example_dags/example_dag_decorator.py for tasks to queue
[2024-03-07T18:15:07.196+0000] {logging_mixin.py:188} INFO - [2024-03-07T18:15:07.193+0000] {dagbag.py:540} INFO - Filling up the DagBag from /home/airflow/.local/lib/python3.11/site-packages/airflow/example_dags/example_dag_decorator.py
[2024-03-07T18:15:07.821+0000] {processor.py:840} INFO - DAG(s) 'example_dag_decorator' retrieved from /home/airflow/.local/lib/python3.11/site-packages/airflow/example_dags/example_dag_decorator.py
[2024-03-07T18:15:07.928+0000] {logging_mixin.py:188} INFO - [2024-03-07T18:15:07.927+0000] {dag.py:3047} INFO - Sync 1 DAGs
[2024-03-07T18:15:08.064+0000] {logging_mixin.py:188} INFO - [2024-03-07T18:15:08.063+0000] {dag.py:3834} INFO - Setting next_dagrun for example_dag_decorator to None, run_after=None
[2024-03-07T18:15:08.252+0000] {processor.py:183} INFO - Processing /home/airflow/.local/lib/python3.11/site-packages/airflow/example_dags/example_dag_decorator.py took 1.126 seconds
[2024-03-07T18:15:40.980+0000] {processor.py:161} INFO - Started process (PID=333) to work on /home/airflow/.local/lib/python3.11/site-packages/airflow/example_dags/example_dag_decorator.py
[2024-03-07T18:15:40.995+0000] {processor.py:830} INFO - Processing file /home/airflow/.local/lib/python3.11/site-packages/airflow/example_dags/example_dag_decorator.py for tasks to queue
[2024-03-07T18:15:41.014+0000] {logging_mixin.py:188} INFO - [2024-03-07T18:15:41.013+0000] {dagbag.py:540} INFO - Filling up the DagBag from /home/airflow/.local/lib/python3.11/site-packages/airflow/example_dags/example_dag_decorator.py
[2024-03-07T18:15:41.556+0000] {processor.py:840} INFO - DAG(s) 'example_dag_decorator' retrieved from /home/airflow/.local/lib/python3.11/site-packages/airflow/example_dags/example_dag_decorator.py
[2024-03-07T18:15:42.163+0000] {logging_mixin.py:188} INFO - [2024-03-07T18:15:42.161+0000] {dag.py:3047} INFO - Sync 1 DAGs
[2024-03-07T18:15:42.234+0000] {logging_mixin.py:188} INFO - [2024-03-07T18:15:42.223+0000] {dag.py:3834} INFO - Setting next_dagrun for example_dag_decorator to None, run_after=None
[2024-03-07T18:15:42.343+0000] {processor.py:183} INFO - Processing /home/airflow/.local/lib/python3.11/site-packages/airflow/example_dags/example_dag_decorator.py took 1.380 seconds
[2024-03-07T18:16:13.022+0000] {processor.py:161} INFO - Started process (PID=391) to work on /home/airflow/.local/lib/python3.11/site-packages/airflow/example_dags/example_dag_decorator.py
[2024-03-07T18:16:13.025+0000] {processor.py:830} INFO - Processing file /home/airflow/.local/lib/python3.11/site-packages/airflow/example_dags/example_dag_decorator.py for tasks to queue
[2024-03-07T18:16:13.030+0000] {logging_mixin.py:188} INFO - [2024-03-07T18:16:13.029+0000] {dagbag.py:540} INFO - Filling up the DagBag from /home/airflow/.local/lib/python3.11/site-packages/airflow/example_dags/example_dag_decorator.py
[2024-03-07T18:16:13.296+0000] {processor.py:840} INFO - DAG(s) 'example_dag_decorator' retrieved from /home/airflow/.local/lib/python3.11/site-packages/airflow/example_dags/example_dag_decorator.py
[2024-03-07T18:16:13.351+0000] {logging_mixin.py:188} INFO - [2024-03-07T18:16:13.350+0000] {dag.py:3047} INFO - Sync 1 DAGs
[2024-03-07T18:16:13.377+0000] {logging_mixin.py:188} INFO - [2024-03-07T18:16:13.376+0000] {dag.py:3834} INFO - Setting next_dagrun for example_dag_decorator to None, run_after=None
[2024-03-07T18:16:13.436+0000] {processor.py:183} INFO - Processing /home/airflow/.local/lib/python3.11/site-packages/airflow/example_dags/example_dag_decorator.py took 0.421 seconds
[2024-03-07T18:16:43.801+0000] {processor.py:161} INFO - Started process (PID=449) to work on /home/airflow/.local/lib/python3.11/site-packages/airflow/example_dags/example_dag_decorator.py
[2024-03-07T18:16:43.804+0000] {processor.py:830} INFO - Processing file /home/airflow/.local/lib/python3.11/site-packages/airflow/example_dags/example_dag_decorator.py for tasks to queue
[2024-03-07T18:16:43.809+0000] {logging_mixin.py:188} INFO - [2024-03-07T18:16:43.808+0000] {dagbag.py:540} INFO - Filling up the DagBag from /home/airflow/.local/lib/python3.11/site-packages/airflow/example_dags/example_dag_decorator.py
[2024-03-07T18:16:44.016+0000] {processor.py:840} INFO - DAG(s) 'example_dag_decorator' retrieved from /home/airflow/.local/lib/python3.11/site-packages/airflow/example_dags/example_dag_decorator.py
[2024-03-07T18:16:44.077+0000] {logging_mixin.py:188} INFO - [2024-03-07T18:16:44.077+0000] {dag.py:3047} INFO - Sync 1 DAGs
[2024-03-07T18:16:44.114+0000] {logging_mixin.py:188} INFO - [2024-03-07T18:16:44.113+0000] {dag.py:3834} INFO - Setting next_dagrun for example_dag_decorator to None, run_after=None
[2024-03-07T18:16:44.179+0000] {processor.py:183} INFO - Processing /home/airflow/.local/lib/python3.11/site-packages/airflow/example_dags/example_dag_decorator.py took 0.384 seconds
[2024-03-07T18:17:14.268+0000] {processor.py:161} INFO - Started process (PID=507) to work on /home/airflow/.local/lib/python3.11/site-packages/airflow/example_dags/example_dag_decorator.py
[2024-03-07T18:17:14.271+0000] {processor.py:830} INFO - Processing file /home/airflow/.local/lib/python3.11/site-packages/airflow/example_dags/example_dag_decorator.py for tasks to queue
[2024-03-07T18:17:14.276+0000] {logging_mixin.py:188} INFO - [2024-03-07T18:17:14.275+0000] {dagbag.py:540} INFO - Filling up the DagBag from /home/airflow/.local/lib/python3.11/site-packages/airflow/example_dags/example_dag_decorator.py
[2024-03-07T18:17:14.485+0000] {processor.py:840} INFO - DAG(s) 'example_dag_decorator' retrieved from /home/airflow/.local/lib/python3.11/site-packages/airflow/example_dags/example_dag_decorator.py
[2024-03-07T18:17:14.553+0000] {logging_mixin.py:188} INFO - [2024-03-07T18:17:14.552+0000] {dag.py:3047} INFO - Sync 1 DAGs
[2024-03-07T18:17:14.589+0000] {logging_mixin.py:188} INFO - [2024-03-07T18:17:14.588+0000] {dag.py:3834} INFO - Setting next_dagrun for example_dag_decorator to None, run_after=None
[2024-03-07T18:17:14.644+0000] {processor.py:183} INFO - Processing /home/airflow/.local/lib/python3.11/site-packages/airflow/example_dags/example_dag_decorator.py took 0.383 seconds
[2024-03-07T18:17:45.110+0000] {processor.py:161} INFO - Started process (PID=564) to work on /home/airflow/.local/lib/python3.11/site-packages/airflow/example_dags/example_dag_decorator.py
[2024-03-07T18:17:45.113+0000] {processor.py:830} INFO - Processing file /home/airflow/.local/lib/python3.11/site-packages/airflow/example_dags/example_dag_decorator.py for tasks to queue
[2024-03-07T18:17:45.117+0000] {logging_mixin.py:188} INFO - [2024-03-07T18:17:45.116+0000] {dagbag.py:540} INFO - Filling up the DagBag from /home/airflow/.local/lib/python3.11/site-packages/airflow/example_dags/example_dag_decorator.py
[2024-03-07T18:17:45.362+0000] {processor.py:840} INFO - DAG(s) 'example_dag_decorator' retrieved from /home/airflow/.local/lib/python3.11/site-packages/airflow/example_dags/example_dag_decorator.py
[2024-03-07T18:17:45.426+0000] {logging_mixin.py:188} INFO - [2024-03-07T18:17:45.425+0000] {dag.py:3047} INFO - Sync 1 DAGs
[2024-03-07T18:17:45.465+0000] {logging_mixin.py:188} INFO - [2024-03-07T18:17:45.464+0000] {dag.py:3834} INFO - Setting next_dagrun for example_dag_decorator to None, run_after=None
[2024-03-07T18:17:45.544+0000] {processor.py:183} INFO - Processing /home/airflow/.local/lib/python3.11/site-packages/airflow/example_dags/example_dag_decorator.py took 0.440 seconds
[2024-03-07T18:18:15.873+0000] {processor.py:161} INFO - Started process (PID=622) to work on /home/airflow/.local/lib/python3.11/site-packages/airflow/example_dags/example_dag_decorator.py
[2024-03-07T18:18:15.875+0000] {processor.py:830} INFO - Processing file /home/airflow/.local/lib/python3.11/site-packages/airflow/example_dags/example_dag_decorator.py for tasks to queue
[2024-03-07T18:18:15.881+0000] {logging_mixin.py:188} INFO - [2024-03-07T18:18:15.880+0000] {dagbag.py:540} INFO - Filling up the DagBag from /home/airflow/.local/lib/python3.11/site-packages/airflow/example_dags/example_dag_decorator.py
[2024-03-07T18:18:16.177+0000] {processor.py:840} INFO - DAG(s) 'example_dag_decorator' retrieved from /home/airflow/.local/lib/python3.11/site-packages/airflow/example_dags/example_dag_decorator.py
[2024-03-07T18:18:16.509+0000] {logging_mixin.py:188} INFO - [2024-03-07T18:18:16.508+0000] {dag.py:3047} INFO - Sync 1 DAGs
[2024-03-07T18:18:16.589+0000] {logging_mixin.py:188} INFO - [2024-03-07T18:18:16.588+0000] {dag.py:3834} INFO - Setting next_dagrun for example_dag_decorator to None, run_after=None
[2024-03-07T18:18:16.649+0000] {processor.py:183} INFO - Processing /home/airflow/.local/lib/python3.11/site-packages/airflow/example_dags/example_dag_decorator.py took 0.782 seconds
[2024-03-07T18:18:46.803+0000] {processor.py:161} INFO - Started process (PID=680) to work on /home/airflow/.local/lib/python3.11/site-packages/airflow/example_dags/example_dag_decorator.py
[2024-03-07T18:18:46.806+0000] {processor.py:830} INFO - Processing file /home/airflow/.local/lib/python3.11/site-packages/airflow/example_dags/example_dag_decorator.py for tasks to queue
[2024-03-07T18:18:46.811+0000] {logging_mixin.py:188} INFO - [2024-03-07T18:18:46.810+0000] {dagbag.py:540} INFO - Filling up the DagBag from /home/airflow/.local/lib/python3.11/site-packages/airflow/example_dags/example_dag_decorator.py
[2024-03-07T18:18:47.033+0000] {processor.py:840} INFO - DAG(s) 'example_dag_decorator' retrieved from /home/airflow/.local/lib/python3.11/site-packages/airflow/example_dags/example_dag_decorator.py
[2024-03-07T18:18:47.288+0000] {logging_mixin.py:188} INFO - [2024-03-07T18:18:47.287+0000] {dag.py:3047} INFO - Sync 1 DAGs
[2024-03-07T18:18:47.317+0000] {logging_mixin.py:188} INFO - [2024-03-07T18:18:47.317+0000] {dag.py:3834} INFO - Setting next_dagrun for example_dag_decorator to None, run_after=None
[2024-03-07T18:18:47.408+0000] {processor.py:183} INFO - Processing /home/airflow/.local/lib/python3.11/site-packages/airflow/example_dags/example_dag_decorator.py took 0.611 seconds
[2024-03-07T18:19:17.562+0000] {processor.py:161} INFO - Started process (PID=741) to work on /home/airflow/.local/lib/python3.11/site-packages/airflow/example_dags/example_dag_decorator.py
[2024-03-07T18:19:17.648+0000] {processor.py:830} INFO - Processing file /home/airflow/.local/lib/python3.11/site-packages/airflow/example_dags/example_dag_decorator.py for tasks to queue
[2024-03-07T18:19:17.653+0000] {logging_mixin.py:188} INFO - [2024-03-07T18:19:17.652+0000] {dagbag.py:540} INFO - Filling up the DagBag from /home/airflow/.local/lib/python3.11/site-packages/airflow/example_dags/example_dag_decorator.py
[2024-03-07T18:19:17.858+0000] {processor.py:840} INFO - DAG(s) 'example_dag_decorator' retrieved from /home/airflow/.local/lib/python3.11/site-packages/airflow/example_dags/example_dag_decorator.py
[2024-03-07T18:19:18.064+0000] {logging_mixin.py:188} INFO - [2024-03-07T18:19:18.064+0000] {dag.py:3047} INFO - Sync 1 DAGs
[2024-03-07T18:19:18.086+0000] {logging_mixin.py:188} INFO - [2024-03-07T18:19:18.086+0000] {dag.py:3834} INFO - Setting next_dagrun for example_dag_decorator to None, run_after=None
[2024-03-07T18:19:18.143+0000] {processor.py:183} INFO - Processing /home/airflow/.local/lib/python3.11/site-packages/airflow/example_dags/example_dag_decorator.py took 0.586 seconds
[2024-03-07T18:19:48.971+0000] {processor.py:161} INFO - Started process (PID=800) to work on /home/airflow/.local/lib/python3.11/site-packages/airflow/example_dags/example_dag_decorator.py
[2024-03-07T18:19:48.974+0000] {processor.py:830} INFO - Processing file /home/airflow/.local/lib/python3.11/site-packages/airflow/example_dags/example_dag_decorator.py for tasks to queue
[2024-03-07T18:19:48.979+0000] {logging_mixin.py:188} INFO - [2024-03-07T18:19:48.978+0000] {dagbag.py:540} INFO - Filling up the DagBag from /home/airflow/.local/lib/python3.11/site-packages/airflow/example_dags/example_dag_decorator.py
[2024-03-07T18:19:49.181+0000] {processor.py:840} INFO - DAG(s) 'example_dag_decorator' retrieved from /home/airflow/.local/lib/python3.11/site-packages/airflow/example_dags/example_dag_decorator.py
[2024-03-07T18:19:49.411+0000] {logging_mixin.py:188} INFO - [2024-03-07T18:19:49.411+0000] {dag.py:3047} INFO - Sync 1 DAGs
[2024-03-07T18:19:49.434+0000] {logging_mixin.py:188} INFO - [2024-03-07T18:19:49.433+0000] {dag.py:3834} INFO - Setting next_dagrun for example_dag_decorator to None, run_after=None
[2024-03-07T18:19:49.492+0000] {processor.py:183} INFO - Processing /home/airflow/.local/lib/python3.11/site-packages/airflow/example_dags/example_dag_decorator.py took 0.527 seconds
[2024-03-07T18:20:19.849+0000] {processor.py:161} INFO - Started process (PID=857) to work on /home/airflow/.local/lib/python3.11/site-packages/airflow/example_dags/example_dag_decorator.py
[2024-03-07T18:20:19.851+0000] {processor.py:830} INFO - Processing file /home/airflow/.local/lib/python3.11/site-packages/airflow/example_dags/example_dag_decorator.py for tasks to queue
[2024-03-07T18:20:19.856+0000] {logging_mixin.py:188} INFO - [2024-03-07T18:20:19.855+0000] {dagbag.py:540} INFO - Filling up the DagBag from /home/airflow/.local/lib/python3.11/site-packages/airflow/example_dags/example_dag_decorator.py
[2024-03-07T18:20:20.070+0000] {processor.py:840} INFO - DAG(s) 'example_dag_decorator' retrieved from /home/airflow/.local/lib/python3.11/site-packages/airflow/example_dags/example_dag_decorator.py
[2024-03-07T18:20:20.276+0000] {logging_mixin.py:188} INFO - [2024-03-07T18:20:20.275+0000] {dag.py:3047} INFO - Sync 1 DAGs
[2024-03-07T18:20:20.296+0000] {logging_mixin.py:188} INFO - [2024-03-07T18:20:20.295+0000] {dag.py:3834} INFO - Setting next_dagrun for example_dag_decorator to None, run_after=None
[2024-03-07T18:20:20.367+0000] {processor.py:183} INFO - Processing /home/airflow/.local/lib/python3.11/site-packages/airflow/example_dags/example_dag_decorator.py took 0.523 seconds
[2024-03-07T18:20:50.644+0000] {processor.py:161} INFO - Started process (PID=916) to work on /home/airflow/.local/lib/python3.11/site-packages/airflow/example_dags/example_dag_decorator.py
[2024-03-07T18:20:50.647+0000] {processor.py:830} INFO - Processing file /home/airflow/.local/lib/python3.11/site-packages/airflow/example_dags/example_dag_decorator.py for tasks to queue
[2024-03-07T18:20:50.651+0000] {logging_mixin.py:188} INFO - [2024-03-07T18:20:50.650+0000] {dagbag.py:540} INFO - Filling up the DagBag from /home/airflow/.local/lib/python3.11/site-packages/airflow/example_dags/example_dag_decorator.py
[2024-03-07T18:20:50.887+0000] {processor.py:840} INFO - DAG(s) 'example_dag_decorator' retrieved from /home/airflow/.local/lib/python3.11/site-packages/airflow/example_dags/example_dag_decorator.py
[2024-03-07T18:20:51.149+0000] {logging_mixin.py:188} INFO - [2024-03-07T18:20:51.149+0000] {dag.py:3047} INFO - Sync 1 DAGs
[2024-03-07T18:20:51.173+0000] {logging_mixin.py:188} INFO - [2024-03-07T18:20:51.173+0000] {dag.py:3834} INFO - Setting next_dagrun for example_dag_decorator to None, run_after=None
[2024-03-07T18:20:51.245+0000] {processor.py:183} INFO - Processing /home/airflow/.local/lib/python3.11/site-packages/airflow/example_dags/example_dag_decorator.py took 0.605 seconds
[2024-03-07T18:21:22.021+0000] {processor.py:161} INFO - Started process (PID=976) to work on /home/airflow/.local/lib/python3.11/site-packages/airflow/example_dags/example_dag_decorator.py
[2024-03-07T18:21:22.024+0000] {processor.py:830} INFO - Processing file /home/airflow/.local/lib/python3.11/site-packages/airflow/example_dags/example_dag_decorator.py for tasks to queue
[2024-03-07T18:21:22.030+0000] {logging_mixin.py:188} INFO - [2024-03-07T18:21:22.029+0000] {dagbag.py:540} INFO - Filling up the DagBag from /home/airflow/.local/lib/python3.11/site-packages/airflow/example_dags/example_dag_decorator.py
[2024-03-07T18:21:22.227+0000] {processor.py:840} INFO - DAG(s) 'example_dag_decorator' retrieved from /home/airflow/.local/lib/python3.11/site-packages/airflow/example_dags/example_dag_decorator.py
[2024-03-07T18:21:22.482+0000] {logging_mixin.py:188} INFO - [2024-03-07T18:21:22.482+0000] {dag.py:3047} INFO - Sync 1 DAGs
[2024-03-07T18:21:22.506+0000] {logging_mixin.py:188} INFO - [2024-03-07T18:21:22.505+0000] {dag.py:3834} INFO - Setting next_dagrun for example_dag_decorator to None, run_after=None
[2024-03-07T18:21:22.557+0000] {processor.py:183} INFO - Processing /home/airflow/.local/lib/python3.11/site-packages/airflow/example_dags/example_dag_decorator.py took 0.542 seconds
[2024-03-07T18:21:52.714+0000] {processor.py:161} INFO - Started process (PID=1034) to work on /home/airflow/.local/lib/python3.11/site-packages/airflow/example_dags/example_dag_decorator.py
[2024-03-07T18:21:52.716+0000] {processor.py:830} INFO - Processing file /home/airflow/.local/lib/python3.11/site-packages/airflow/example_dags/example_dag_decorator.py for tasks to queue
[2024-03-07T18:21:52.721+0000] {logging_mixin.py:188} INFO - [2024-03-07T18:21:52.720+0000] {dagbag.py:540} INFO - Filling up the DagBag from /home/airflow/.local/lib/python3.11/site-packages/airflow/example_dags/example_dag_decorator.py
[2024-03-07T18:21:52.945+0000] {processor.py:840} INFO - DAG(s) 'example_dag_decorator' retrieved from /home/airflow/.local/lib/python3.11/site-packages/airflow/example_dags/example_dag_decorator.py
[2024-03-07T18:21:53.206+0000] {logging_mixin.py:188} INFO - [2024-03-07T18:21:53.205+0000] {dag.py:3047} INFO - Sync 1 DAGs
[2024-03-07T18:21:53.247+0000] {logging_mixin.py:188} INFO - [2024-03-07T18:21:53.247+0000] {dag.py:3834} INFO - Setting next_dagrun for example_dag_decorator to None, run_after=None
[2024-03-07T18:21:53.315+0000] {processor.py:183} INFO - Processing /home/airflow/.local/lib/python3.11/site-packages/airflow/example_dags/example_dag_decorator.py took 0.615 seconds
[2024-03-07T18:22:23.501+0000] {processor.py:161} INFO - Started process (PID=1092) to work on /home/airflow/.local/lib/python3.11/site-packages/airflow/example_dags/example_dag_decorator.py
[2024-03-07T18:22:23.503+0000] {processor.py:830} INFO - Processing file /home/airflow/.local/lib/python3.11/site-packages/airflow/example_dags/example_dag_decorator.py for tasks to queue
[2024-03-07T18:22:23.506+0000] {logging_mixin.py:188} INFO - [2024-03-07T18:22:23.505+0000] {dagbag.py:540} INFO - Filling up the DagBag from /home/airflow/.local/lib/python3.11/site-packages/airflow/example_dags/example_dag_decorator.py
[2024-03-07T18:22:23.715+0000] {processor.py:840} INFO - DAG(s) 'example_dag_decorator' retrieved from /home/airflow/.local/lib/python3.11/site-packages/airflow/example_dags/example_dag_decorator.py
[2024-03-07T18:22:24.039+0000] {logging_mixin.py:188} INFO - [2024-03-07T18:22:24.039+0000] {dag.py:3047} INFO - Sync 1 DAGs
[2024-03-07T18:22:24.071+0000] {logging_mixin.py:188} INFO - [2024-03-07T18:22:24.071+0000] {dag.py:3834} INFO - Setting next_dagrun for example_dag_decorator to None, run_after=None
[2024-03-07T18:22:24.150+0000] {processor.py:183} INFO - Processing /home/airflow/.local/lib/python3.11/site-packages/airflow/example_dags/example_dag_decorator.py took 0.652 seconds
[2024-03-07T18:22:54.469+0000] {processor.py:161} INFO - Started process (PID=1151) to work on /home/airflow/.local/lib/python3.11/site-packages/airflow/example_dags/example_dag_decorator.py
[2024-03-07T18:22:54.472+0000] {processor.py:830} INFO - Processing file /home/airflow/.local/lib/python3.11/site-packages/airflow/example_dags/example_dag_decorator.py for tasks to queue
[2024-03-07T18:22:54.476+0000] {logging_mixin.py:188} INFO - [2024-03-07T18:22:54.475+0000] {dagbag.py:540} INFO - Filling up the DagBag from /home/airflow/.local/lib/python3.11/site-packages/airflow/example_dags/example_dag_decorator.py
[2024-03-07T18:22:54.652+0000] {processor.py:840} INFO - DAG(s) 'example_dag_decorator' retrieved from /home/airflow/.local/lib/python3.11/site-packages/airflow/example_dags/example_dag_decorator.py
[2024-03-07T18:22:54.916+0000] {logging_mixin.py:188} INFO - [2024-03-07T18:22:54.915+0000] {dag.py:3047} INFO - Sync 1 DAGs
[2024-03-07T18:22:54.943+0000] {logging_mixin.py:188} INFO - [2024-03-07T18:22:54.943+0000] {dag.py:3834} INFO - Setting next_dagrun for example_dag_decorator to None, run_after=None
[2024-03-07T18:22:54.992+0000] {processor.py:183} INFO - Processing /home/airflow/.local/lib/python3.11/site-packages/airflow/example_dags/example_dag_decorator.py took 0.529 seconds
[2024-03-07T18:23:25.951+0000] {processor.py:161} INFO - Started process (PID=1209) to work on /home/airflow/.local/lib/python3.11/site-packages/airflow/example_dags/example_dag_decorator.py
[2024-03-07T18:23:25.953+0000] {processor.py:830} INFO - Processing file /home/airflow/.local/lib/python3.11/site-packages/airflow/example_dags/example_dag_decorator.py for tasks to queue
[2024-03-07T18:23:25.957+0000] {logging_mixin.py:188} INFO - [2024-03-07T18:23:25.956+0000] {dagbag.py:540} INFO - Filling up the DagBag from /home/airflow/.local/lib/python3.11/site-packages/airflow/example_dags/example_dag_decorator.py
[2024-03-07T18:23:26.171+0000] {processor.py:840} INFO - DAG(s) 'example_dag_decorator' retrieved from /home/airflow/.local/lib/python3.11/site-packages/airflow/example_dags/example_dag_decorator.py
[2024-03-07T18:23:26.446+0000] {logging_mixin.py:188} INFO - [2024-03-07T18:23:26.445+0000] {dag.py:3047} INFO - Sync 1 DAGs
[2024-03-07T18:23:26.470+0000] {logging_mixin.py:188} INFO - [2024-03-07T18:23:26.470+0000] {dag.py:3834} INFO - Setting next_dagrun for example_dag_decorator to None, run_after=None
[2024-03-07T18:23:26.547+0000] {processor.py:183} INFO - Processing /home/airflow/.local/lib/python3.11/site-packages/airflow/example_dags/example_dag_decorator.py took 0.602 seconds
[2024-03-07T18:23:57.468+0000] {processor.py:161} INFO - Started process (PID=1268) to work on /home/airflow/.local/lib/python3.11/site-packages/airflow/example_dags/example_dag_decorator.py
[2024-03-07T18:23:57.474+0000] {processor.py:830} INFO - Processing file /home/airflow/.local/lib/python3.11/site-packages/airflow/example_dags/example_dag_decorator.py for tasks to queue
[2024-03-07T18:23:57.488+0000] {logging_mixin.py:188} INFO - [2024-03-07T18:23:57.487+0000] {dagbag.py:540} INFO - Filling up the DagBag from /home/airflow/.local/lib/python3.11/site-packages/airflow/example_dags/example_dag_decorator.py
[2024-03-07T18:23:57.734+0000] {processor.py:840} INFO - DAG(s) 'example_dag_decorator' retrieved from /home/airflow/.local/lib/python3.11/site-packages/airflow/example_dags/example_dag_decorator.py
[2024-03-07T18:23:57.782+0000] {logging_mixin.py:188} INFO - [2024-03-07T18:23:57.782+0000] {dag.py:3047} INFO - Sync 1 DAGs
[2024-03-07T18:23:57.817+0000] {logging_mixin.py:188} INFO - [2024-03-07T18:23:57.816+0000] {dag.py:3834} INFO - Setting next_dagrun for example_dag_decorator to None, run_after=None
[2024-03-07T18:23:57.867+0000] {processor.py:183} INFO - Processing /home/airflow/.local/lib/python3.11/site-packages/airflow/example_dags/example_dag_decorator.py took 0.415 seconds
[2024-03-07T18:24:28.236+0000] {processor.py:161} INFO - Started process (PID=1326) to work on /home/airflow/.local/lib/python3.11/site-packages/airflow/example_dags/example_dag_decorator.py
[2024-03-07T18:24:28.238+0000] {processor.py:830} INFO - Processing file /home/airflow/.local/lib/python3.11/site-packages/airflow/example_dags/example_dag_decorator.py for tasks to queue
[2024-03-07T18:24:28.242+0000] {logging_mixin.py:188} INFO - [2024-03-07T18:24:28.241+0000] {dagbag.py:540} INFO - Filling up the DagBag from /home/airflow/.local/lib/python3.11/site-packages/airflow/example_dags/example_dag_decorator.py
[2024-03-07T18:24:28.427+0000] {processor.py:840} INFO - DAG(s) 'example_dag_decorator' retrieved from /home/airflow/.local/lib/python3.11/site-packages/airflow/example_dags/example_dag_decorator.py
[2024-03-07T18:24:28.667+0000] {logging_mixin.py:188} INFO - [2024-03-07T18:24:28.666+0000] {dag.py:3047} INFO - Sync 1 DAGs
[2024-03-07T18:24:28.704+0000] {logging_mixin.py:188} INFO - [2024-03-07T18:24:28.704+0000] {dag.py:3834} INFO - Setting next_dagrun for example_dag_decorator to None, run_after=None
[2024-03-07T18:24:28.777+0000] {processor.py:183} INFO - Processing /home/airflow/.local/lib/python3.11/site-packages/airflow/example_dags/example_dag_decorator.py took 0.546 seconds
[2024-03-07T18:24:59.223+0000] {processor.py:161} INFO - Started process (PID=1384) to work on /home/airflow/.local/lib/python3.11/site-packages/airflow/example_dags/example_dag_decorator.py
[2024-03-07T18:24:59.225+0000] {processor.py:830} INFO - Processing file /home/airflow/.local/lib/python3.11/site-packages/airflow/example_dags/example_dag_decorator.py for tasks to queue
[2024-03-07T18:24:59.229+0000] {logging_mixin.py:188} INFO - [2024-03-07T18:24:59.228+0000] {dagbag.py:540} INFO - Filling up the DagBag from /home/airflow/.local/lib/python3.11/site-packages/airflow/example_dags/example_dag_decorator.py
[2024-03-07T18:24:59.419+0000] {processor.py:840} INFO - DAG(s) 'example_dag_decorator' retrieved from /home/airflow/.local/lib/python3.11/site-packages/airflow/example_dags/example_dag_decorator.py
[2024-03-07T18:24:59.666+0000] {logging_mixin.py:188} INFO - [2024-03-07T18:24:59.666+0000] {dag.py:3047} INFO - Sync 1 DAGs
[2024-03-07T18:24:59.688+0000] {logging_mixin.py:188} INFO - [2024-03-07T18:24:59.688+0000] {dag.py:3834} INFO - Setting next_dagrun for example_dag_decorator to None, run_after=None
[2024-03-07T18:24:59.746+0000] {processor.py:183} INFO - Processing /home/airflow/.local/lib/python3.11/site-packages/airflow/example_dags/example_dag_decorator.py took 0.528 seconds
[2024-03-07T18:25:30.360+0000] {processor.py:161} INFO - Started process (PID=1440) to work on /home/airflow/.local/lib/python3.11/site-packages/airflow/example_dags/example_dag_decorator.py
[2024-03-07T18:25:30.363+0000] {processor.py:830} INFO - Processing file /home/airflow/.local/lib/python3.11/site-packages/airflow/example_dags/example_dag_decorator.py for tasks to queue
[2024-03-07T18:25:30.368+0000] {logging_mixin.py:188} INFO - [2024-03-07T18:25:30.367+0000] {dagbag.py:540} INFO - Filling up the DagBag from /home/airflow/.local/lib/python3.11/site-packages/airflow/example_dags/example_dag_decorator.py
[2024-03-07T18:25:30.548+0000] {processor.py:840} INFO - DAG(s) 'example_dag_decorator' retrieved from /home/airflow/.local/lib/python3.11/site-packages/airflow/example_dags/example_dag_decorator.py
[2024-03-07T18:25:30.765+0000] {logging_mixin.py:188} INFO - [2024-03-07T18:25:30.765+0000] {dag.py:3047} INFO - Sync 1 DAGs
[2024-03-07T18:25:30.790+0000] {logging_mixin.py:188} INFO - [2024-03-07T18:25:30.790+0000] {dag.py:3834} INFO - Setting next_dagrun for example_dag_decorator to None, run_after=None
[2024-03-07T18:25:30.857+0000] {processor.py:183} INFO - Processing /home/airflow/.local/lib/python3.11/site-packages/airflow/example_dags/example_dag_decorator.py took 0.502 seconds
[2024-03-07T18:26:01.117+0000] {processor.py:161} INFO - Started process (PID=1497) to work on /home/airflow/.local/lib/python3.11/site-packages/airflow/example_dags/example_dag_decorator.py
[2024-03-07T18:26:01.119+0000] {processor.py:830} INFO - Processing file /home/airflow/.local/lib/python3.11/site-packages/airflow/example_dags/example_dag_decorator.py for tasks to queue
[2024-03-07T18:26:01.124+0000] {logging_mixin.py:188} INFO - [2024-03-07T18:26:01.123+0000] {dagbag.py:540} INFO - Filling up the DagBag from /home/airflow/.local/lib/python3.11/site-packages/airflow/example_dags/example_dag_decorator.py
[2024-03-07T18:26:01.288+0000] {processor.py:840} INFO - DAG(s) 'example_dag_decorator' retrieved from /home/airflow/.local/lib/python3.11/site-packages/airflow/example_dags/example_dag_decorator.py
[2024-03-07T18:26:01.491+0000] {logging_mixin.py:188} INFO - [2024-03-07T18:26:01.490+0000] {dag.py:3047} INFO - Sync 1 DAGs
[2024-03-07T18:26:01.517+0000] {logging_mixin.py:188} INFO - [2024-03-07T18:26:01.516+0000] {dag.py:3834} INFO - Setting next_dagrun for example_dag_decorator to None, run_after=None
[2024-03-07T18:26:01.574+0000] {processor.py:183} INFO - Processing /home/airflow/.local/lib/python3.11/site-packages/airflow/example_dags/example_dag_decorator.py took 0.462 seconds
[2024-03-07T18:26:32.471+0000] {processor.py:161} INFO - Started process (PID=1553) to work on /home/airflow/.local/lib/python3.11/site-packages/airflow/example_dags/example_dag_decorator.py
[2024-03-07T18:26:32.473+0000] {processor.py:830} INFO - Processing file /home/airflow/.local/lib/python3.11/site-packages/airflow/example_dags/example_dag_decorator.py for tasks to queue
[2024-03-07T18:26:32.477+0000] {logging_mixin.py:188} INFO - [2024-03-07T18:26:32.476+0000] {dagbag.py:540} INFO - Filling up the DagBag from /home/airflow/.local/lib/python3.11/site-packages/airflow/example_dags/example_dag_decorator.py
[2024-03-07T18:26:32.674+0000] {processor.py:840} INFO - DAG(s) 'example_dag_decorator' retrieved from /home/airflow/.local/lib/python3.11/site-packages/airflow/example_dags/example_dag_decorator.py
[2024-03-07T18:26:33.049+0000] {logging_mixin.py:188} INFO - [2024-03-07T18:26:33.037+0000] {dag.py:3047} INFO - Sync 1 DAGs
[2024-03-07T18:26:33.129+0000] {logging_mixin.py:188} INFO - [2024-03-07T18:26:33.128+0000] {dag.py:3834} INFO - Setting next_dagrun for example_dag_decorator to None, run_after=None
[2024-03-07T18:26:33.206+0000] {processor.py:183} INFO - Processing /home/airflow/.local/lib/python3.11/site-packages/airflow/example_dags/example_dag_decorator.py took 0.740 seconds
[2024-03-07T18:27:04.488+0000] {processor.py:161} INFO - Started process (PID=1609) to work on /home/airflow/.local/lib/python3.11/site-packages/airflow/example_dags/example_dag_decorator.py
[2024-03-07T18:27:04.491+0000] {processor.py:830} INFO - Processing file /home/airflow/.local/lib/python3.11/site-packages/airflow/example_dags/example_dag_decorator.py for tasks to queue
[2024-03-07T18:27:04.496+0000] {logging_mixin.py:188} INFO - [2024-03-07T18:27:04.495+0000] {dagbag.py:540} INFO - Filling up the DagBag from /home/airflow/.local/lib/python3.11/site-packages/airflow/example_dags/example_dag_decorator.py
[2024-03-07T18:27:04.707+0000] {processor.py:840} INFO - DAG(s) 'example_dag_decorator' retrieved from /home/airflow/.local/lib/python3.11/site-packages/airflow/example_dags/example_dag_decorator.py
[2024-03-07T18:27:04.944+0000] {logging_mixin.py:188} INFO - [2024-03-07T18:27:04.943+0000] {dag.py:3047} INFO - Sync 1 DAGs
[2024-03-07T18:27:04.973+0000] {logging_mixin.py:188} INFO - [2024-03-07T18:27:04.973+0000] {dag.py:3834} INFO - Setting next_dagrun for example_dag_decorator to None, run_after=None
[2024-03-07T18:27:05.032+0000] {processor.py:183} INFO - Processing /home/airflow/.local/lib/python3.11/site-packages/airflow/example_dags/example_dag_decorator.py took 0.554 seconds
[2024-03-07T18:27:37.108+0000] {processor.py:161} INFO - Started process (PID=1666) to work on /home/airflow/.local/lib/python3.11/site-packages/airflow/example_dags/example_dag_decorator.py
[2024-03-07T18:27:37.110+0000] {processor.py:830} INFO - Processing file /home/airflow/.local/lib/python3.11/site-packages/airflow/example_dags/example_dag_decorator.py for tasks to queue
[2024-03-07T18:27:37.114+0000] {logging_mixin.py:188} INFO - [2024-03-07T18:27:37.113+0000] {dagbag.py:540} INFO - Filling up the DagBag from /home/airflow/.local/lib/python3.11/site-packages/airflow/example_dags/example_dag_decorator.py
[2024-03-07T18:27:37.295+0000] {processor.py:840} INFO - DAG(s) 'example_dag_decorator' retrieved from /home/airflow/.local/lib/python3.11/site-packages/airflow/example_dags/example_dag_decorator.py
[2024-03-07T18:27:37.573+0000] {logging_mixin.py:188} INFO - [2024-03-07T18:27:37.572+0000] {dag.py:3047} INFO - Sync 1 DAGs
[2024-03-07T18:27:37.597+0000] {logging_mixin.py:188} INFO - [2024-03-07T18:27:37.597+0000] {dag.py:3834} INFO - Setting next_dagrun for example_dag_decorator to None, run_after=None
[2024-03-07T18:27:37.653+0000] {processor.py:183} INFO - Processing /home/airflow/.local/lib/python3.11/site-packages/airflow/example_dags/example_dag_decorator.py took 0.551 seconds
[2024-03-07T18:28:11.649+0000] {processor.py:161} INFO - Started process (PID=1724) to work on /home/airflow/.local/lib/python3.11/site-packages/airflow/example_dags/example_dag_decorator.py
[2024-03-07T18:28:11.651+0000] {processor.py:830} INFO - Processing file /home/airflow/.local/lib/python3.11/site-packages/airflow/example_dags/example_dag_decorator.py for tasks to queue
[2024-03-07T18:28:11.656+0000] {logging_mixin.py:188} INFO - [2024-03-07T18:28:11.656+0000] {dagbag.py:540} INFO - Filling up the DagBag from /home/airflow/.local/lib/python3.11/site-packages/airflow/example_dags/example_dag_decorator.py
[2024-03-07T18:28:11.847+0000] {processor.py:840} INFO - DAG(s) 'example_dag_decorator' retrieved from /home/airflow/.local/lib/python3.11/site-packages/airflow/example_dags/example_dag_decorator.py
[2024-03-07T18:28:12.132+0000] {logging_mixin.py:188} INFO - [2024-03-07T18:28:12.131+0000] {dag.py:3047} INFO - Sync 1 DAGs
[2024-03-07T18:28:12.163+0000] {logging_mixin.py:188} INFO - [2024-03-07T18:28:12.163+0000] {dag.py:3834} INFO - Setting next_dagrun for example_dag_decorator to None, run_after=None
[2024-03-07T18:28:12.224+0000] {processor.py:183} INFO - Processing /home/airflow/.local/lib/python3.11/site-packages/airflow/example_dags/example_dag_decorator.py took 0.582 seconds
[2024-03-07T18:28:42.329+0000] {processor.py:161} INFO - Started process (PID=1782) to work on /home/airflow/.local/lib/python3.11/site-packages/airflow/example_dags/example_dag_decorator.py
[2024-03-07T18:28:42.331+0000] {processor.py:830} INFO - Processing file /home/airflow/.local/lib/python3.11/site-packages/airflow/example_dags/example_dag_decorator.py for tasks to queue
[2024-03-07T18:28:42.343+0000] {logging_mixin.py:188} INFO - [2024-03-07T18:28:42.342+0000] {dagbag.py:540} INFO - Filling up the DagBag from /home/airflow/.local/lib/python3.11/site-packages/airflow/example_dags/example_dag_decorator.py
[2024-03-07T18:28:42.583+0000] {processor.py:840} INFO - DAG(s) 'example_dag_decorator' retrieved from /home/airflow/.local/lib/python3.11/site-packages/airflow/example_dags/example_dag_decorator.py
[2024-03-07T18:28:42.637+0000] {logging_mixin.py:188} INFO - [2024-03-07T18:28:42.636+0000] {dag.py:3047} INFO - Sync 1 DAGs
[2024-03-07T18:28:42.667+0000] {logging_mixin.py:188} INFO - [2024-03-07T18:28:42.666+0000] {dag.py:3834} INFO - Setting next_dagrun for example_dag_decorator to None, run_after=None
[2024-03-07T18:28:42.729+0000] {processor.py:183} INFO - Processing /home/airflow/.local/lib/python3.11/site-packages/airflow/example_dags/example_dag_decorator.py took 0.407 seconds
[2024-03-07T18:29:12.964+0000] {processor.py:161} INFO - Started process (PID=1841) to work on /home/airflow/.local/lib/python3.11/site-packages/airflow/example_dags/example_dag_decorator.py
[2024-03-07T18:29:12.966+0000] {processor.py:830} INFO - Processing file /home/airflow/.local/lib/python3.11/site-packages/airflow/example_dags/example_dag_decorator.py for tasks to queue
[2024-03-07T18:29:12.969+0000] {logging_mixin.py:188} INFO - [2024-03-07T18:29:12.969+0000] {dagbag.py:540} INFO - Filling up the DagBag from /home/airflow/.local/lib/python3.11/site-packages/airflow/example_dags/example_dag_decorator.py
[2024-03-07T18:29:13.135+0000] {processor.py:840} INFO - DAG(s) 'example_dag_decorator' retrieved from /home/airflow/.local/lib/python3.11/site-packages/airflow/example_dags/example_dag_decorator.py
[2024-03-07T18:29:13.184+0000] {logging_mixin.py:188} INFO - [2024-03-07T18:29:13.184+0000] {dag.py:3047} INFO - Sync 1 DAGs
[2024-03-07T18:29:13.207+0000] {logging_mixin.py:188} INFO - [2024-03-07T18:29:13.206+0000] {dag.py:3834} INFO - Setting next_dagrun for example_dag_decorator to None, run_after=None
[2024-03-07T18:29:13.258+0000] {processor.py:183} INFO - Processing /home/airflow/.local/lib/python3.11/site-packages/airflow/example_dags/example_dag_decorator.py took 0.299 seconds
