[2024-03-07T18:13:16.916+0000] {processor.py:161} INFO - Started process (PID=74) to work on /home/airflow/.local/lib/python3.11/site-packages/airflow/example_dags/example_xcom.py
[2024-03-07T18:13:16.921+0000] {processor.py:830} INFO - Processing file /home/airflow/.local/lib/python3.11/site-packages/airflow/example_dags/example_xcom.py for tasks to queue
[2024-03-07T18:13:16.971+0000] {logging_mixin.py:188} INFO - [2024-03-07T18:13:16.970+0000] {dagbag.py:540} INFO - Filling up the DagBag from /home/airflow/.local/lib/python3.11/site-packages/airflow/example_dags/example_xcom.py
[2024-03-07T18:13:17.067+0000] {processor.py:840} INFO - DAG(s) 'example_xcom' retrieved from /home/airflow/.local/lib/python3.11/site-packages/airflow/example_dags/example_xcom.py
[2024-03-07T18:13:17.336+0000] {logging_mixin.py:188} INFO - [2024-03-07T18:13:17.335+0000] {dag.py:3047} INFO - Sync 1 DAGs
[2024-03-07T18:13:17.617+0000] {logging_mixin.py:188} INFO - [2024-03-07T18:13:17.608+0000] {dag.py:3834} INFO - Setting next_dagrun for example_xcom to 2021-01-01 00:00:00+00:00, run_after=2021-01-01 00:00:00+00:00
[2024-03-07T18:13:17.799+0000] {processor.py:183} INFO - Processing /home/airflow/.local/lib/python3.11/site-packages/airflow/example_dags/example_xcom.py took 0.927 seconds
[2024-03-07T18:13:48.494+0000] {processor.py:161} INFO - Started process (PID=132) to work on /home/airflow/.local/lib/python3.11/site-packages/airflow/example_dags/example_xcom.py
[2024-03-07T18:13:48.498+0000] {processor.py:830} INFO - Processing file /home/airflow/.local/lib/python3.11/site-packages/airflow/example_dags/example_xcom.py for tasks to queue
[2024-03-07T18:13:48.521+0000] {logging_mixin.py:188} INFO - [2024-03-07T18:13:48.520+0000] {dagbag.py:540} INFO - Filling up the DagBag from /home/airflow/.local/lib/python3.11/site-packages/airflow/example_dags/example_xcom.py
[2024-03-07T18:13:48.556+0000] {processor.py:840} INFO - DAG(s) 'example_xcom' retrieved from /home/airflow/.local/lib/python3.11/site-packages/airflow/example_dags/example_xcom.py
[2024-03-07T18:13:48.664+0000] {logging_mixin.py:188} INFO - [2024-03-07T18:13:48.663+0000] {dag.py:3047} INFO - Sync 1 DAGs
[2024-03-07T18:13:48.776+0000] {logging_mixin.py:188} INFO - [2024-03-07T18:13:48.774+0000] {dag.py:3834} INFO - Setting next_dagrun for example_xcom to 2021-01-01 00:00:00+00:00, run_after=2021-01-01 00:00:00+00:00
[2024-03-07T18:13:48.889+0000] {processor.py:183} INFO - Processing /home/airflow/.local/lib/python3.11/site-packages/airflow/example_dags/example_xcom.py took 0.411 seconds
[2024-03-07T18:14:20.868+0000] {processor.py:161} INFO - Started process (PID=190) to work on /home/airflow/.local/lib/python3.11/site-packages/airflow/example_dags/example_xcom.py
[2024-03-07T18:14:20.887+0000] {processor.py:830} INFO - Processing file /home/airflow/.local/lib/python3.11/site-packages/airflow/example_dags/example_xcom.py for tasks to queue
[2024-03-07T18:14:20.908+0000] {logging_mixin.py:188} INFO - [2024-03-07T18:14:20.903+0000] {dagbag.py:540} INFO - Filling up the DagBag from /home/airflow/.local/lib/python3.11/site-packages/airflow/example_dags/example_xcom.py
[2024-03-07T18:14:20.950+0000] {processor.py:840} INFO - DAG(s) 'example_xcom' retrieved from /home/airflow/.local/lib/python3.11/site-packages/airflow/example_dags/example_xcom.py
[2024-03-07T18:14:21.155+0000] {logging_mixin.py:188} INFO - [2024-03-07T18:14:21.154+0000] {dag.py:3047} INFO - Sync 1 DAGs
[2024-03-07T18:14:21.331+0000] {logging_mixin.py:188} INFO - [2024-03-07T18:14:21.330+0000] {dag.py:3834} INFO - Setting next_dagrun for example_xcom to 2021-01-01 00:00:00+00:00, run_after=2021-01-01 00:00:00+00:00
[2024-03-07T18:14:21.526+0000] {processor.py:183} INFO - Processing /home/airflow/.local/lib/python3.11/site-packages/airflow/example_dags/example_xcom.py took 0.686 seconds
[2024-03-07T18:14:53.400+0000] {processor.py:161} INFO - Started process (PID=247) to work on /home/airflow/.local/lib/python3.11/site-packages/airflow/example_dags/example_xcom.py
[2024-03-07T18:14:53.407+0000] {processor.py:830} INFO - Processing file /home/airflow/.local/lib/python3.11/site-packages/airflow/example_dags/example_xcom.py for tasks to queue
[2024-03-07T18:14:53.413+0000] {logging_mixin.py:188} INFO - [2024-03-07T18:14:53.412+0000] {dagbag.py:540} INFO - Filling up the DagBag from /home/airflow/.local/lib/python3.11/site-packages/airflow/example_dags/example_xcom.py
[2024-03-07T18:14:53.468+0000] {processor.py:840} INFO - DAG(s) 'example_xcom' retrieved from /home/airflow/.local/lib/python3.11/site-packages/airflow/example_dags/example_xcom.py
[2024-03-07T18:14:53.553+0000] {logging_mixin.py:188} INFO - [2024-03-07T18:14:53.552+0000] {dag.py:3047} INFO - Sync 1 DAGs
[2024-03-07T18:14:53.737+0000] {logging_mixin.py:188} INFO - [2024-03-07T18:14:53.736+0000] {dag.py:3834} INFO - Setting next_dagrun for example_xcom to 2021-01-01 00:00:00+00:00, run_after=2021-01-01 00:00:00+00:00
[2024-03-07T18:14:53.899+0000] {processor.py:183} INFO - Processing /home/airflow/.local/lib/python3.11/site-packages/airflow/example_dags/example_xcom.py took 0.514 seconds
[2024-03-07T18:15:25.990+0000] {processor.py:161} INFO - Started process (PID=306) to work on /home/airflow/.local/lib/python3.11/site-packages/airflow/example_dags/example_xcom.py
[2024-03-07T18:15:25.999+0000] {processor.py:830} INFO - Processing file /home/airflow/.local/lib/python3.11/site-packages/airflow/example_dags/example_xcom.py for tasks to queue
[2024-03-07T18:15:26.006+0000] {logging_mixin.py:188} INFO - [2024-03-07T18:15:26.004+0000] {dagbag.py:540} INFO - Filling up the DagBag from /home/airflow/.local/lib/python3.11/site-packages/airflow/example_dags/example_xcom.py
[2024-03-07T18:15:26.079+0000] {processor.py:840} INFO - DAG(s) 'example_xcom' retrieved from /home/airflow/.local/lib/python3.11/site-packages/airflow/example_dags/example_xcom.py
[2024-03-07T18:15:26.850+0000] {logging_mixin.py:188} INFO - [2024-03-07T18:15:26.849+0000] {dag.py:3047} INFO - Sync 1 DAGs
[2024-03-07T18:15:26.990+0000] {logging_mixin.py:188} INFO - [2024-03-07T18:15:26.989+0000] {dag.py:3834} INFO - Setting next_dagrun for example_xcom to 2021-01-01 00:00:00+00:00, run_after=2021-01-01 00:00:00+00:00
[2024-03-07T18:15:27.107+0000] {processor.py:183} INFO - Processing /home/airflow/.local/lib/python3.11/site-packages/airflow/example_dags/example_xcom.py took 1.138 seconds
[2024-03-07T18:15:57.346+0000] {processor.py:161} INFO - Started process (PID=364) to work on /home/airflow/.local/lib/python3.11/site-packages/airflow/example_dags/example_xcom.py
[2024-03-07T18:15:57.348+0000] {processor.py:830} INFO - Processing file /home/airflow/.local/lib/python3.11/site-packages/airflow/example_dags/example_xcom.py for tasks to queue
[2024-03-07T18:15:57.354+0000] {logging_mixin.py:188} INFO - [2024-03-07T18:15:57.353+0000] {dagbag.py:540} INFO - Filling up the DagBag from /home/airflow/.local/lib/python3.11/site-packages/airflow/example_dags/example_xcom.py
[2024-03-07T18:15:57.384+0000] {processor.py:840} INFO - DAG(s) 'example_xcom' retrieved from /home/airflow/.local/lib/python3.11/site-packages/airflow/example_dags/example_xcom.py
[2024-03-07T18:15:57.462+0000] {logging_mixin.py:188} INFO - [2024-03-07T18:15:57.461+0000] {dag.py:3047} INFO - Sync 1 DAGs
[2024-03-07T18:15:57.540+0000] {logging_mixin.py:188} INFO - [2024-03-07T18:15:57.539+0000] {dag.py:3834} INFO - Setting next_dagrun for example_xcom to 2021-01-01 00:00:00+00:00, run_after=2021-01-01 00:00:00+00:00
[2024-03-07T18:15:57.612+0000] {processor.py:183} INFO - Processing /home/airflow/.local/lib/python3.11/site-packages/airflow/example_dags/example_xcom.py took 0.273 seconds
[2024-03-07T18:16:28.240+0000] {processor.py:161} INFO - Started process (PID=422) to work on /home/airflow/.local/lib/python3.11/site-packages/airflow/example_dags/example_xcom.py
[2024-03-07T18:16:28.243+0000] {processor.py:830} INFO - Processing file /home/airflow/.local/lib/python3.11/site-packages/airflow/example_dags/example_xcom.py for tasks to queue
[2024-03-07T18:16:28.248+0000] {logging_mixin.py:188} INFO - [2024-03-07T18:16:28.247+0000] {dagbag.py:540} INFO - Filling up the DagBag from /home/airflow/.local/lib/python3.11/site-packages/airflow/example_dags/example_xcom.py
[2024-03-07T18:16:28.270+0000] {processor.py:840} INFO - DAG(s) 'example_xcom' retrieved from /home/airflow/.local/lib/python3.11/site-packages/airflow/example_dags/example_xcom.py
[2024-03-07T18:16:28.323+0000] {logging_mixin.py:188} INFO - [2024-03-07T18:16:28.322+0000] {dag.py:3047} INFO - Sync 1 DAGs
[2024-03-07T18:16:28.371+0000] {logging_mixin.py:188} INFO - [2024-03-07T18:16:28.371+0000] {dag.py:3834} INFO - Setting next_dagrun for example_xcom to 2021-01-01 00:00:00+00:00, run_after=2021-01-01 00:00:00+00:00
[2024-03-07T18:16:28.429+0000] {processor.py:183} INFO - Processing /home/airflow/.local/lib/python3.11/site-packages/airflow/example_dags/example_xcom.py took 0.197 seconds
[2024-03-07T18:16:59.184+0000] {processor.py:161} INFO - Started process (PID=480) to work on /home/airflow/.local/lib/python3.11/site-packages/airflow/example_dags/example_xcom.py
[2024-03-07T18:16:59.188+0000] {processor.py:830} INFO - Processing file /home/airflow/.local/lib/python3.11/site-packages/airflow/example_dags/example_xcom.py for tasks to queue
[2024-03-07T18:16:59.195+0000] {logging_mixin.py:188} INFO - [2024-03-07T18:16:59.194+0000] {dagbag.py:540} INFO - Filling up the DagBag from /home/airflow/.local/lib/python3.11/site-packages/airflow/example_dags/example_xcom.py
[2024-03-07T18:16:59.220+0000] {processor.py:840} INFO - DAG(s) 'example_xcom' retrieved from /home/airflow/.local/lib/python3.11/site-packages/airflow/example_dags/example_xcom.py
[2024-03-07T18:16:59.298+0000] {logging_mixin.py:188} INFO - [2024-03-07T18:16:59.297+0000] {dag.py:3047} INFO - Sync 1 DAGs
[2024-03-07T18:16:59.358+0000] {logging_mixin.py:188} INFO - [2024-03-07T18:16:59.357+0000] {dag.py:3834} INFO - Setting next_dagrun for example_xcom to 2021-01-01 00:00:00+00:00, run_after=2021-01-01 00:00:00+00:00
[2024-03-07T18:16:59.490+0000] {processor.py:183} INFO - Processing /home/airflow/.local/lib/python3.11/site-packages/airflow/example_dags/example_xcom.py took 0.315 seconds
[2024-03-07T18:17:29.623+0000] {processor.py:161} INFO - Started process (PID=537) to work on /home/airflow/.local/lib/python3.11/site-packages/airflow/example_dags/example_xcom.py
[2024-03-07T18:17:29.625+0000] {processor.py:830} INFO - Processing file /home/airflow/.local/lib/python3.11/site-packages/airflow/example_dags/example_xcom.py for tasks to queue
[2024-03-07T18:17:29.629+0000] {logging_mixin.py:188} INFO - [2024-03-07T18:17:29.628+0000] {dagbag.py:540} INFO - Filling up the DagBag from /home/airflow/.local/lib/python3.11/site-packages/airflow/example_dags/example_xcom.py
[2024-03-07T18:17:29.648+0000] {processor.py:840} INFO - DAG(s) 'example_xcom' retrieved from /home/airflow/.local/lib/python3.11/site-packages/airflow/example_dags/example_xcom.py
[2024-03-07T18:17:29.710+0000] {logging_mixin.py:188} INFO - [2024-03-07T18:17:29.709+0000] {dag.py:3047} INFO - Sync 1 DAGs
[2024-03-07T18:17:29.760+0000] {logging_mixin.py:188} INFO - [2024-03-07T18:17:29.760+0000] {dag.py:3834} INFO - Setting next_dagrun for example_xcom to 2021-01-01 00:00:00+00:00, run_after=2021-01-01 00:00:00+00:00
[2024-03-07T18:17:29.811+0000] {processor.py:183} INFO - Processing /home/airflow/.local/lib/python3.11/site-packages/airflow/example_dags/example_xcom.py took 0.196 seconds
[2024-03-07T18:18:00.669+0000] {processor.py:161} INFO - Started process (PID=595) to work on /home/airflow/.local/lib/python3.11/site-packages/airflow/example_dags/example_xcom.py
[2024-03-07T18:18:00.673+0000] {processor.py:830} INFO - Processing file /home/airflow/.local/lib/python3.11/site-packages/airflow/example_dags/example_xcom.py for tasks to queue
[2024-03-07T18:18:00.680+0000] {logging_mixin.py:188} INFO - [2024-03-07T18:18:00.679+0000] {dagbag.py:540} INFO - Filling up the DagBag from /home/airflow/.local/lib/python3.11/site-packages/airflow/example_dags/example_xcom.py
[2024-03-07T18:18:00.704+0000] {processor.py:840} INFO - DAG(s) 'example_xcom' retrieved from /home/airflow/.local/lib/python3.11/site-packages/airflow/example_dags/example_xcom.py
[2024-03-07T18:18:00.756+0000] {logging_mixin.py:188} INFO - [2024-03-07T18:18:00.755+0000] {dag.py:3047} INFO - Sync 1 DAGs
[2024-03-07T18:18:00.800+0000] {logging_mixin.py:188} INFO - [2024-03-07T18:18:00.799+0000] {dag.py:3834} INFO - Setting next_dagrun for example_xcom to 2021-01-01 00:00:00+00:00, run_after=2021-01-01 00:00:00+00:00
[2024-03-07T18:18:00.853+0000] {processor.py:183} INFO - Processing /home/airflow/.local/lib/python3.11/site-packages/airflow/example_dags/example_xcom.py took 0.188 seconds
[2024-03-07T18:18:31.697+0000] {processor.py:161} INFO - Started process (PID=653) to work on /home/airflow/.local/lib/python3.11/site-packages/airflow/example_dags/example_xcom.py
[2024-03-07T18:18:31.699+0000] {processor.py:830} INFO - Processing file /home/airflow/.local/lib/python3.11/site-packages/airflow/example_dags/example_xcom.py for tasks to queue
[2024-03-07T18:18:31.703+0000] {logging_mixin.py:188} INFO - [2024-03-07T18:18:31.702+0000] {dagbag.py:540} INFO - Filling up the DagBag from /home/airflow/.local/lib/python3.11/site-packages/airflow/example_dags/example_xcom.py
[2024-03-07T18:18:31.715+0000] {processor.py:840} INFO - DAG(s) 'example_xcom' retrieved from /home/airflow/.local/lib/python3.11/site-packages/airflow/example_dags/example_xcom.py
[2024-03-07T18:18:31.810+0000] {logging_mixin.py:188} INFO - [2024-03-07T18:18:31.809+0000] {dag.py:3047} INFO - Sync 1 DAGs
[2024-03-07T18:18:31.932+0000] {logging_mixin.py:188} INFO - [2024-03-07T18:18:31.931+0000] {dag.py:3834} INFO - Setting next_dagrun for example_xcom to 2021-01-01 00:00:00+00:00, run_after=2021-01-01 00:00:00+00:00
[2024-03-07T18:18:31.984+0000] {processor.py:183} INFO - Processing /home/airflow/.local/lib/python3.11/site-packages/airflow/example_dags/example_xcom.py took 0.291 seconds
[2024-03-07T18:19:04.366+0000] {processor.py:161} INFO - Started process (PID=711) to work on /home/airflow/.local/lib/python3.11/site-packages/airflow/example_dags/example_xcom.py
[2024-03-07T18:19:04.369+0000] {processor.py:830} INFO - Processing file /home/airflow/.local/lib/python3.11/site-packages/airflow/example_dags/example_xcom.py for tasks to queue
[2024-03-07T18:19:04.374+0000] {logging_mixin.py:188} INFO - [2024-03-07T18:19:04.373+0000] {dagbag.py:540} INFO - Filling up the DagBag from /home/airflow/.local/lib/python3.11/site-packages/airflow/example_dags/example_xcom.py
[2024-03-07T18:19:04.394+0000] {processor.py:840} INFO - DAG(s) 'example_xcom' retrieved from /home/airflow/.local/lib/python3.11/site-packages/airflow/example_dags/example_xcom.py
[2024-03-07T18:19:04.440+0000] {logging_mixin.py:188} INFO - [2024-03-07T18:19:04.439+0000] {dag.py:3047} INFO - Sync 1 DAGs
[2024-03-07T18:19:04.491+0000] {logging_mixin.py:188} INFO - [2024-03-07T18:19:04.490+0000] {dag.py:3834} INFO - Setting next_dagrun for example_xcom to 2021-01-01 00:00:00+00:00, run_after=2021-01-01 00:00:00+00:00
[2024-03-07T18:19:04.545+0000] {processor.py:183} INFO - Processing /home/airflow/.local/lib/python3.11/site-packages/airflow/example_dags/example_xcom.py took 0.184 seconds
[2024-03-07T18:19:35.588+0000] {processor.py:161} INFO - Started process (PID=770) to work on /home/airflow/.local/lib/python3.11/site-packages/airflow/example_dags/example_xcom.py
[2024-03-07T18:19:35.591+0000] {processor.py:830} INFO - Processing file /home/airflow/.local/lib/python3.11/site-packages/airflow/example_dags/example_xcom.py for tasks to queue
[2024-03-07T18:19:35.594+0000] {logging_mixin.py:188} INFO - [2024-03-07T18:19:35.594+0000] {dagbag.py:540} INFO - Filling up the DagBag from /home/airflow/.local/lib/python3.11/site-packages/airflow/example_dags/example_xcom.py
[2024-03-07T18:19:35.607+0000] {processor.py:840} INFO - DAG(s) 'example_xcom' retrieved from /home/airflow/.local/lib/python3.11/site-packages/airflow/example_dags/example_xcom.py
[2024-03-07T18:19:35.649+0000] {logging_mixin.py:188} INFO - [2024-03-07T18:19:35.649+0000] {dag.py:3047} INFO - Sync 1 DAGs
[2024-03-07T18:19:35.711+0000] {logging_mixin.py:188} INFO - [2024-03-07T18:19:35.711+0000] {dag.py:3834} INFO - Setting next_dagrun for example_xcom to 2021-01-01 00:00:00+00:00, run_after=2021-01-01 00:00:00+00:00
[2024-03-07T18:19:35.774+0000] {processor.py:183} INFO - Processing /home/airflow/.local/lib/python3.11/site-packages/airflow/example_dags/example_xcom.py took 0.190 seconds
[2024-03-07T18:20:06.127+0000] {processor.py:161} INFO - Started process (PID=826) to work on /home/airflow/.local/lib/python3.11/site-packages/airflow/example_dags/example_xcom.py
[2024-03-07T18:20:06.130+0000] {processor.py:830} INFO - Processing file /home/airflow/.local/lib/python3.11/site-packages/airflow/example_dags/example_xcom.py for tasks to queue
[2024-03-07T18:20:06.135+0000] {logging_mixin.py:188} INFO - [2024-03-07T18:20:06.134+0000] {dagbag.py:540} INFO - Filling up the DagBag from /home/airflow/.local/lib/python3.11/site-packages/airflow/example_dags/example_xcom.py
[2024-03-07T18:20:06.149+0000] {processor.py:840} INFO - DAG(s) 'example_xcom' retrieved from /home/airflow/.local/lib/python3.11/site-packages/airflow/example_dags/example_xcom.py
[2024-03-07T18:20:06.284+0000] {logging_mixin.py:188} INFO - [2024-03-07T18:20:06.283+0000] {dag.py:3047} INFO - Sync 1 DAGs
[2024-03-07T18:20:06.327+0000] {logging_mixin.py:188} INFO - [2024-03-07T18:20:06.326+0000] {dag.py:3834} INFO - Setting next_dagrun for example_xcom to 2021-01-01 00:00:00+00:00, run_after=2021-01-01 00:00:00+00:00
[2024-03-07T18:20:06.375+0000] {processor.py:183} INFO - Processing /home/airflow/.local/lib/python3.11/site-packages/airflow/example_dags/example_xcom.py took 0.253 seconds
[2024-03-07T18:20:36.980+0000] {processor.py:161} INFO - Started process (PID=883) to work on /home/airflow/.local/lib/python3.11/site-packages/airflow/example_dags/example_xcom.py
[2024-03-07T18:20:36.983+0000] {processor.py:830} INFO - Processing file /home/airflow/.local/lib/python3.11/site-packages/airflow/example_dags/example_xcom.py for tasks to queue
[2024-03-07T18:20:36.988+0000] {logging_mixin.py:188} INFO - [2024-03-07T18:20:36.987+0000] {dagbag.py:540} INFO - Filling up the DagBag from /home/airflow/.local/lib/python3.11/site-packages/airflow/example_dags/example_xcom.py
[2024-03-07T18:20:37.010+0000] {processor.py:840} INFO - DAG(s) 'example_xcom' retrieved from /home/airflow/.local/lib/python3.11/site-packages/airflow/example_dags/example_xcom.py
[2024-03-07T18:20:37.062+0000] {logging_mixin.py:188} INFO - [2024-03-07T18:20:37.061+0000] {dag.py:3047} INFO - Sync 1 DAGs
[2024-03-07T18:20:37.131+0000] {logging_mixin.py:188} INFO - [2024-03-07T18:20:37.131+0000] {dag.py:3834} INFO - Setting next_dagrun for example_xcom to 2021-01-01 00:00:00+00:00, run_after=2021-01-01 00:00:00+00:00
[2024-03-07T18:20:37.186+0000] {processor.py:183} INFO - Processing /home/airflow/.local/lib/python3.11/site-packages/airflow/example_dags/example_xcom.py took 0.212 seconds
[2024-03-07T18:21:08.587+0000] {processor.py:161} INFO - Started process (PID=941) to work on /home/airflow/.local/lib/python3.11/site-packages/airflow/example_dags/example_xcom.py
[2024-03-07T18:21:08.589+0000] {processor.py:830} INFO - Processing file /home/airflow/.local/lib/python3.11/site-packages/airflow/example_dags/example_xcom.py for tasks to queue
[2024-03-07T18:21:08.594+0000] {logging_mixin.py:188} INFO - [2024-03-07T18:21:08.593+0000] {dagbag.py:540} INFO - Filling up the DagBag from /home/airflow/.local/lib/python3.11/site-packages/airflow/example_dags/example_xcom.py
[2024-03-07T18:21:08.609+0000] {processor.py:840} INFO - DAG(s) 'example_xcom' retrieved from /home/airflow/.local/lib/python3.11/site-packages/airflow/example_dags/example_xcom.py
[2024-03-07T18:21:08.653+0000] {logging_mixin.py:188} INFO - [2024-03-07T18:21:08.653+0000] {dag.py:3047} INFO - Sync 1 DAGs
[2024-03-07T18:21:08.698+0000] {logging_mixin.py:188} INFO - [2024-03-07T18:21:08.697+0000] {dag.py:3834} INFO - Setting next_dagrun for example_xcom to 2021-01-01 00:00:00+00:00, run_after=2021-01-01 00:00:00+00:00
[2024-03-07T18:21:08.748+0000] {processor.py:183} INFO - Processing /home/airflow/.local/lib/python3.11/site-packages/airflow/example_dags/example_xcom.py took 0.166 seconds
[2024-03-07T18:21:41.885+0000] {processor.py:161} INFO - Started process (PID=1003) to work on /home/airflow/.local/lib/python3.11/site-packages/airflow/example_dags/example_xcom.py
[2024-03-07T18:21:41.888+0000] {processor.py:830} INFO - Processing file /home/airflow/.local/lib/python3.11/site-packages/airflow/example_dags/example_xcom.py for tasks to queue
[2024-03-07T18:21:41.893+0000] {logging_mixin.py:188} INFO - [2024-03-07T18:21:41.892+0000] {dagbag.py:540} INFO - Filling up the DagBag from /home/airflow/.local/lib/python3.11/site-packages/airflow/example_dags/example_xcom.py
[2024-03-07T18:21:41.909+0000] {processor.py:840} INFO - DAG(s) 'example_xcom' retrieved from /home/airflow/.local/lib/python3.11/site-packages/airflow/example_dags/example_xcom.py
[2024-03-07T18:21:41.986+0000] {logging_mixin.py:188} INFO - [2024-03-07T18:21:41.985+0000] {dag.py:3047} INFO - Sync 1 DAGs
[2024-03-07T18:21:42.059+0000] {logging_mixin.py:188} INFO - [2024-03-07T18:21:42.058+0000] {dag.py:3834} INFO - Setting next_dagrun for example_xcom to 2021-01-01 00:00:00+00:00, run_after=2021-01-01 00:00:00+00:00
[2024-03-07T18:21:42.124+0000] {processor.py:183} INFO - Processing /home/airflow/.local/lib/python3.11/site-packages/airflow/example_dags/example_xcom.py took 0.247 seconds
[2024-03-07T18:22:12.920+0000] {processor.py:161} INFO - Started process (PID=1061) to work on /home/airflow/.local/lib/python3.11/site-packages/airflow/example_dags/example_xcom.py
[2024-03-07T18:22:12.925+0000] {processor.py:830} INFO - Processing file /home/airflow/.local/lib/python3.11/site-packages/airflow/example_dags/example_xcom.py for tasks to queue
[2024-03-07T18:22:12.932+0000] {logging_mixin.py:188} INFO - [2024-03-07T18:22:12.931+0000] {dagbag.py:540} INFO - Filling up the DagBag from /home/airflow/.local/lib/python3.11/site-packages/airflow/example_dags/example_xcom.py
[2024-03-07T18:22:12.952+0000] {processor.py:840} INFO - DAG(s) 'example_xcom' retrieved from /home/airflow/.local/lib/python3.11/site-packages/airflow/example_dags/example_xcom.py
[2024-03-07T18:22:12.998+0000] {logging_mixin.py:188} INFO - [2024-03-07T18:22:12.998+0000] {dag.py:3047} INFO - Sync 1 DAGs
[2024-03-07T18:22:13.093+0000] {logging_mixin.py:188} INFO - [2024-03-07T18:22:13.092+0000] {dag.py:3834} INFO - Setting next_dagrun for example_xcom to 2021-01-01 00:00:00+00:00, run_after=2021-01-01 00:00:00+00:00
[2024-03-07T18:22:13.157+0000] {processor.py:183} INFO - Processing /home/airflow/.local/lib/python3.11/site-packages/airflow/example_dags/example_xcom.py took 0.246 seconds
[2024-03-07T18:22:45.354+0000] {processor.py:161} INFO - Started process (PID=1120) to work on /home/airflow/.local/lib/python3.11/site-packages/airflow/example_dags/example_xcom.py
[2024-03-07T18:22:45.356+0000] {processor.py:830} INFO - Processing file /home/airflow/.local/lib/python3.11/site-packages/airflow/example_dags/example_xcom.py for tasks to queue
[2024-03-07T18:22:45.361+0000] {logging_mixin.py:188} INFO - [2024-03-07T18:22:45.360+0000] {dagbag.py:540} INFO - Filling up the DagBag from /home/airflow/.local/lib/python3.11/site-packages/airflow/example_dags/example_xcom.py
[2024-03-07T18:22:45.374+0000] {processor.py:840} INFO - DAG(s) 'example_xcom' retrieved from /home/airflow/.local/lib/python3.11/site-packages/airflow/example_dags/example_xcom.py
[2024-03-07T18:22:45.421+0000] {logging_mixin.py:188} INFO - [2024-03-07T18:22:45.420+0000] {dag.py:3047} INFO - Sync 1 DAGs
[2024-03-07T18:22:45.486+0000] {logging_mixin.py:188} INFO - [2024-03-07T18:22:45.486+0000] {dag.py:3834} INFO - Setting next_dagrun for example_xcom to 2021-01-01 00:00:00+00:00, run_after=2021-01-01 00:00:00+00:00
[2024-03-07T18:22:45.556+0000] {processor.py:183} INFO - Processing /home/airflow/.local/lib/python3.11/site-packages/airflow/example_dags/example_xcom.py took 0.207 seconds
[2024-03-07T18:23:16.178+0000] {processor.py:161} INFO - Started process (PID=1178) to work on /home/airflow/.local/lib/python3.11/site-packages/airflow/example_dags/example_xcom.py
[2024-03-07T18:23:16.180+0000] {processor.py:830} INFO - Processing file /home/airflow/.local/lib/python3.11/site-packages/airflow/example_dags/example_xcom.py for tasks to queue
[2024-03-07T18:23:16.184+0000] {logging_mixin.py:188} INFO - [2024-03-07T18:23:16.183+0000] {dagbag.py:540} INFO - Filling up the DagBag from /home/airflow/.local/lib/python3.11/site-packages/airflow/example_dags/example_xcom.py
[2024-03-07T18:23:16.200+0000] {processor.py:840} INFO - DAG(s) 'example_xcom' retrieved from /home/airflow/.local/lib/python3.11/site-packages/airflow/example_dags/example_xcom.py
[2024-03-07T18:23:16.243+0000] {logging_mixin.py:188} INFO - [2024-03-07T18:23:16.243+0000] {dag.py:3047} INFO - Sync 1 DAGs
[2024-03-07T18:23:16.288+0000] {logging_mixin.py:188} INFO - [2024-03-07T18:23:16.287+0000] {dag.py:3834} INFO - Setting next_dagrun for example_xcom to 2021-01-01 00:00:00+00:00, run_after=2021-01-01 00:00:00+00:00
[2024-03-07T18:23:16.343+0000] {processor.py:183} INFO - Processing /home/airflow/.local/lib/python3.11/site-packages/airflow/example_dags/example_xcom.py took 0.170 seconds
[2024-03-07T18:23:48.455+0000] {processor.py:161} INFO - Started process (PID=1237) to work on /home/airflow/.local/lib/python3.11/site-packages/airflow/example_dags/example_xcom.py
[2024-03-07T18:23:48.458+0000] {processor.py:830} INFO - Processing file /home/airflow/.local/lib/python3.11/site-packages/airflow/example_dags/example_xcom.py for tasks to queue
[2024-03-07T18:23:48.463+0000] {logging_mixin.py:188} INFO - [2024-03-07T18:23:48.462+0000] {dagbag.py:540} INFO - Filling up the DagBag from /home/airflow/.local/lib/python3.11/site-packages/airflow/example_dags/example_xcom.py
[2024-03-07T18:23:48.502+0000] {processor.py:840} INFO - DAG(s) 'example_xcom' retrieved from /home/airflow/.local/lib/python3.11/site-packages/airflow/example_dags/example_xcom.py
[2024-03-07T18:23:48.633+0000] {logging_mixin.py:188} INFO - [2024-03-07T18:23:48.632+0000] {dag.py:3047} INFO - Sync 1 DAGs
[2024-03-07T18:23:48.683+0000] {logging_mixin.py:188} INFO - [2024-03-07T18:23:48.682+0000] {dag.py:3834} INFO - Setting next_dagrun for example_xcom to 2021-01-01 00:00:00+00:00, run_after=2021-01-01 00:00:00+00:00
[2024-03-07T18:23:48.732+0000] {processor.py:183} INFO - Processing /home/airflow/.local/lib/python3.11/site-packages/airflow/example_dags/example_xcom.py took 0.283 seconds
[2024-03-07T18:24:20.468+0000] {processor.py:161} INFO - Started process (PID=1295) to work on /home/airflow/.local/lib/python3.11/site-packages/airflow/example_dags/example_xcom.py
[2024-03-07T18:24:20.470+0000] {processor.py:830} INFO - Processing file /home/airflow/.local/lib/python3.11/site-packages/airflow/example_dags/example_xcom.py for tasks to queue
[2024-03-07T18:24:20.475+0000] {logging_mixin.py:188} INFO - [2024-03-07T18:24:20.474+0000] {dagbag.py:540} INFO - Filling up the DagBag from /home/airflow/.local/lib/python3.11/site-packages/airflow/example_dags/example_xcom.py
[2024-03-07T18:24:20.496+0000] {processor.py:840} INFO - DAG(s) 'example_xcom' retrieved from /home/airflow/.local/lib/python3.11/site-packages/airflow/example_dags/example_xcom.py
[2024-03-07T18:24:20.541+0000] {logging_mixin.py:188} INFO - [2024-03-07T18:24:20.540+0000] {dag.py:3047} INFO - Sync 1 DAGs
[2024-03-07T18:24:20.594+0000] {logging_mixin.py:188} INFO - [2024-03-07T18:24:20.593+0000] {dag.py:3834} INFO - Setting next_dagrun for example_xcom to 2021-01-01 00:00:00+00:00, run_after=2021-01-01 00:00:00+00:00
[2024-03-07T18:24:20.646+0000] {processor.py:183} INFO - Processing /home/airflow/.local/lib/python3.11/site-packages/airflow/example_dags/example_xcom.py took 0.185 seconds
[2024-03-07T18:24:51.993+0000] {processor.py:161} INFO - Started process (PID=1353) to work on /home/airflow/.local/lib/python3.11/site-packages/airflow/example_dags/example_xcom.py
[2024-03-07T18:24:51.996+0000] {processor.py:830} INFO - Processing file /home/airflow/.local/lib/python3.11/site-packages/airflow/example_dags/example_xcom.py for tasks to queue
[2024-03-07T18:24:52.001+0000] {logging_mixin.py:188} INFO - [2024-03-07T18:24:52.000+0000] {dagbag.py:540} INFO - Filling up the DagBag from /home/airflow/.local/lib/python3.11/site-packages/airflow/example_dags/example_xcom.py
[2024-03-07T18:24:52.017+0000] {processor.py:840} INFO - DAG(s) 'example_xcom' retrieved from /home/airflow/.local/lib/python3.11/site-packages/airflow/example_dags/example_xcom.py
[2024-03-07T18:24:52.063+0000] {logging_mixin.py:188} INFO - [2024-03-07T18:24:52.062+0000] {dag.py:3047} INFO - Sync 1 DAGs
[2024-03-07T18:24:52.132+0000] {logging_mixin.py:188} INFO - [2024-03-07T18:24:52.132+0000] {dag.py:3834} INFO - Setting next_dagrun for example_xcom to 2021-01-01 00:00:00+00:00, run_after=2021-01-01 00:00:00+00:00
[2024-03-07T18:24:52.184+0000] {processor.py:183} INFO - Processing /home/airflow/.local/lib/python3.11/site-packages/airflow/example_dags/example_xcom.py took 0.196 seconds
[2024-03-07T18:25:24.610+0000] {processor.py:161} INFO - Started process (PID=1413) to work on /home/airflow/.local/lib/python3.11/site-packages/airflow/example_dags/example_xcom.py
[2024-03-07T18:25:24.614+0000] {processor.py:830} INFO - Processing file /home/airflow/.local/lib/python3.11/site-packages/airflow/example_dags/example_xcom.py for tasks to queue
[2024-03-07T18:25:24.621+0000] {logging_mixin.py:188} INFO - [2024-03-07T18:25:24.619+0000] {dagbag.py:540} INFO - Filling up the DagBag from /home/airflow/.local/lib/python3.11/site-packages/airflow/example_dags/example_xcom.py
[2024-03-07T18:25:24.654+0000] {processor.py:840} INFO - DAG(s) 'example_xcom' retrieved from /home/airflow/.local/lib/python3.11/site-packages/airflow/example_dags/example_xcom.py
[2024-03-07T18:25:24.718+0000] {logging_mixin.py:188} INFO - [2024-03-07T18:25:24.718+0000] {dag.py:3047} INFO - Sync 1 DAGs
[2024-03-07T18:25:24.762+0000] {logging_mixin.py:188} INFO - [2024-03-07T18:25:24.761+0000] {dag.py:3834} INFO - Setting next_dagrun for example_xcom to 2021-01-01 00:00:00+00:00, run_after=2021-01-01 00:00:00+00:00
[2024-03-07T18:25:24.817+0000] {processor.py:183} INFO - Processing /home/airflow/.local/lib/python3.11/site-packages/airflow/example_dags/example_xcom.py took 0.217 seconds
[2024-03-07T18:25:57.013+0000] {processor.py:161} INFO - Started process (PID=1472) to work on /home/airflow/.local/lib/python3.11/site-packages/airflow/example_dags/example_xcom.py
[2024-03-07T18:25:57.015+0000] {processor.py:830} INFO - Processing file /home/airflow/.local/lib/python3.11/site-packages/airflow/example_dags/example_xcom.py for tasks to queue
[2024-03-07T18:25:57.020+0000] {logging_mixin.py:188} INFO - [2024-03-07T18:25:57.019+0000] {dagbag.py:540} INFO - Filling up the DagBag from /home/airflow/.local/lib/python3.11/site-packages/airflow/example_dags/example_xcom.py
[2024-03-07T18:25:57.036+0000] {processor.py:840} INFO - DAG(s) 'example_xcom' retrieved from /home/airflow/.local/lib/python3.11/site-packages/airflow/example_dags/example_xcom.py
[2024-03-07T18:25:57.084+0000] {logging_mixin.py:188} INFO - [2024-03-07T18:25:57.084+0000] {dag.py:3047} INFO - Sync 1 DAGs
[2024-03-07T18:25:57.152+0000] {logging_mixin.py:188} INFO - [2024-03-07T18:25:57.151+0000] {dag.py:3834} INFO - Setting next_dagrun for example_xcom to 2021-01-01 00:00:00+00:00, run_after=2021-01-01 00:00:00+00:00
[2024-03-07T18:25:57.209+0000] {processor.py:183} INFO - Processing /home/airflow/.local/lib/python3.11/site-packages/airflow/example_dags/example_xcom.py took 0.202 seconds
[2024-03-07T18:26:28.984+0000] {processor.py:161} INFO - Started process (PID=1530) to work on /home/airflow/.local/lib/python3.11/site-packages/airflow/example_dags/example_xcom.py
[2024-03-07T18:26:28.987+0000] {processor.py:830} INFO - Processing file /home/airflow/.local/lib/python3.11/site-packages/airflow/example_dags/example_xcom.py for tasks to queue
[2024-03-07T18:26:28.992+0000] {logging_mixin.py:188} INFO - [2024-03-07T18:26:28.991+0000] {dagbag.py:540} INFO - Filling up the DagBag from /home/airflow/.local/lib/python3.11/site-packages/airflow/example_dags/example_xcom.py
[2024-03-07T18:26:29.012+0000] {processor.py:840} INFO - DAG(s) 'example_xcom' retrieved from /home/airflow/.local/lib/python3.11/site-packages/airflow/example_dags/example_xcom.py
[2024-03-07T18:26:29.062+0000] {logging_mixin.py:188} INFO - [2024-03-07T18:26:29.062+0000] {dag.py:3047} INFO - Sync 1 DAGs
[2024-03-07T18:26:29.119+0000] {logging_mixin.py:188} INFO - [2024-03-07T18:26:29.118+0000] {dag.py:3834} INFO - Setting next_dagrun for example_xcom to 2021-01-01 00:00:00+00:00, run_after=2021-01-01 00:00:00+00:00
[2024-03-07T18:26:29.176+0000] {processor.py:183} INFO - Processing /home/airflow/.local/lib/python3.11/site-packages/airflow/example_dags/example_xcom.py took 0.196 seconds
[2024-03-07T18:27:01.525+0000] {processor.py:161} INFO - Started process (PID=1588) to work on /home/airflow/.local/lib/python3.11/site-packages/airflow/example_dags/example_xcom.py
[2024-03-07T18:27:01.527+0000] {processor.py:830} INFO - Processing file /home/airflow/.local/lib/python3.11/site-packages/airflow/example_dags/example_xcom.py for tasks to queue
[2024-03-07T18:27:01.532+0000] {logging_mixin.py:188} INFO - [2024-03-07T18:27:01.531+0000] {dagbag.py:540} INFO - Filling up the DagBag from /home/airflow/.local/lib/python3.11/site-packages/airflow/example_dags/example_xcom.py
[2024-03-07T18:27:01.546+0000] {processor.py:840} INFO - DAG(s) 'example_xcom' retrieved from /home/airflow/.local/lib/python3.11/site-packages/airflow/example_dags/example_xcom.py
[2024-03-07T18:27:01.594+0000] {logging_mixin.py:188} INFO - [2024-03-07T18:27:01.594+0000] {dag.py:3047} INFO - Sync 1 DAGs
[2024-03-07T18:27:01.648+0000] {logging_mixin.py:188} INFO - [2024-03-07T18:27:01.647+0000] {dag.py:3834} INFO - Setting next_dagrun for example_xcom to 2021-01-01 00:00:00+00:00, run_after=2021-01-01 00:00:00+00:00
[2024-03-07T18:27:01.706+0000] {processor.py:183} INFO - Processing /home/airflow/.local/lib/python3.11/site-packages/airflow/example_dags/example_xcom.py took 0.187 seconds
[2024-03-07T18:27:34.018+0000] {processor.py:161} INFO - Started process (PID=1645) to work on /home/airflow/.local/lib/python3.11/site-packages/airflow/example_dags/example_xcom.py
[2024-03-07T18:27:34.020+0000] {processor.py:830} INFO - Processing file /home/airflow/.local/lib/python3.11/site-packages/airflow/example_dags/example_xcom.py for tasks to queue
[2024-03-07T18:27:34.024+0000] {logging_mixin.py:188} INFO - [2024-03-07T18:27:34.023+0000] {dagbag.py:540} INFO - Filling up the DagBag from /home/airflow/.local/lib/python3.11/site-packages/airflow/example_dags/example_xcom.py
[2024-03-07T18:27:34.041+0000] {processor.py:840} INFO - DAG(s) 'example_xcom' retrieved from /home/airflow/.local/lib/python3.11/site-packages/airflow/example_dags/example_xcom.py
[2024-03-07T18:27:34.093+0000] {logging_mixin.py:188} INFO - [2024-03-07T18:27:34.092+0000] {dag.py:3047} INFO - Sync 1 DAGs
[2024-03-07T18:27:34.176+0000] {logging_mixin.py:188} INFO - [2024-03-07T18:27:34.175+0000] {dag.py:3834} INFO - Setting next_dagrun for example_xcom to 2021-01-01 00:00:00+00:00, run_after=2021-01-01 00:00:00+00:00
[2024-03-07T18:27:34.227+0000] {processor.py:183} INFO - Processing /home/airflow/.local/lib/python3.11/site-packages/airflow/example_dags/example_xcom.py took 0.214 seconds
[2024-03-07T18:28:06.665+0000] {processor.py:161} INFO - Started process (PID=1703) to work on /home/airflow/.local/lib/python3.11/site-packages/airflow/example_dags/example_xcom.py
[2024-03-07T18:28:06.668+0000] {processor.py:830} INFO - Processing file /home/airflow/.local/lib/python3.11/site-packages/airflow/example_dags/example_xcom.py for tasks to queue
[2024-03-07T18:28:06.676+0000] {logging_mixin.py:188} INFO - [2024-03-07T18:28:06.674+0000] {dagbag.py:540} INFO - Filling up the DagBag from /home/airflow/.local/lib/python3.11/site-packages/airflow/example_dags/example_xcom.py
[2024-03-07T18:28:06.711+0000] {processor.py:840} INFO - DAG(s) 'example_xcom' retrieved from /home/airflow/.local/lib/python3.11/site-packages/airflow/example_dags/example_xcom.py
[2024-03-07T18:28:06.766+0000] {logging_mixin.py:188} INFO - [2024-03-07T18:28:06.766+0000] {dag.py:3047} INFO - Sync 1 DAGs
[2024-03-07T18:28:06.822+0000] {logging_mixin.py:188} INFO - [2024-03-07T18:28:06.822+0000] {dag.py:3834} INFO - Setting next_dagrun for example_xcom to 2021-01-01 00:00:00+00:00, run_after=2021-01-01 00:00:00+00:00
[2024-03-07T18:28:06.897+0000] {processor.py:183} INFO - Processing /home/airflow/.local/lib/python3.11/site-packages/airflow/example_dags/example_xcom.py took 0.238 seconds
[2024-03-07T18:28:39.036+0000] {processor.py:161} INFO - Started process (PID=1761) to work on /home/airflow/.local/lib/python3.11/site-packages/airflow/example_dags/example_xcom.py
[2024-03-07T18:28:39.039+0000] {processor.py:830} INFO - Processing file /home/airflow/.local/lib/python3.11/site-packages/airflow/example_dags/example_xcom.py for tasks to queue
[2024-03-07T18:28:39.043+0000] {logging_mixin.py:188} INFO - [2024-03-07T18:28:39.042+0000] {dagbag.py:540} INFO - Filling up the DagBag from /home/airflow/.local/lib/python3.11/site-packages/airflow/example_dags/example_xcom.py
[2024-03-07T18:28:39.059+0000] {processor.py:840} INFO - DAG(s) 'example_xcom' retrieved from /home/airflow/.local/lib/python3.11/site-packages/airflow/example_dags/example_xcom.py
[2024-03-07T18:28:39.102+0000] {logging_mixin.py:188} INFO - [2024-03-07T18:28:39.101+0000] {dag.py:3047} INFO - Sync 1 DAGs
[2024-03-07T18:28:39.154+0000] {logging_mixin.py:188} INFO - [2024-03-07T18:28:39.153+0000] {dag.py:3834} INFO - Setting next_dagrun for example_xcom to 2021-01-01 00:00:00+00:00, run_after=2021-01-01 00:00:00+00:00
[2024-03-07T18:28:39.211+0000] {processor.py:183} INFO - Processing /home/airflow/.local/lib/python3.11/site-packages/airflow/example_dags/example_xcom.py took 0.180 seconds
[2024-03-07T18:29:10.184+0000] {processor.py:161} INFO - Started process (PID=1820) to work on /home/airflow/.local/lib/python3.11/site-packages/airflow/example_dags/example_xcom.py
[2024-03-07T18:29:10.186+0000] {processor.py:830} INFO - Processing file /home/airflow/.local/lib/python3.11/site-packages/airflow/example_dags/example_xcom.py for tasks to queue
[2024-03-07T18:29:10.191+0000] {logging_mixin.py:188} INFO - [2024-03-07T18:29:10.190+0000] {dagbag.py:540} INFO - Filling up the DagBag from /home/airflow/.local/lib/python3.11/site-packages/airflow/example_dags/example_xcom.py
[2024-03-07T18:29:10.206+0000] {processor.py:840} INFO - DAG(s) 'example_xcom' retrieved from /home/airflow/.local/lib/python3.11/site-packages/airflow/example_dags/example_xcom.py
[2024-03-07T18:29:10.255+0000] {logging_mixin.py:188} INFO - [2024-03-07T18:29:10.254+0000] {dag.py:3047} INFO - Sync 1 DAGs
[2024-03-07T18:29:10.302+0000] {logging_mixin.py:188} INFO - [2024-03-07T18:29:10.302+0000] {dag.py:3834} INFO - Setting next_dagrun for example_xcom to 2021-01-01 00:00:00+00:00, run_after=2021-01-01 00:00:00+00:00
[2024-03-07T18:29:10.356+0000] {processor.py:183} INFO - Processing /home/airflow/.local/lib/python3.11/site-packages/airflow/example_dags/example_xcom.py took 0.177 seconds
