[2024-03-07T18:13:10.967+0000] {processor.py:161} INFO - Started process (PID=66) to work on /home/airflow/.local/lib/python3.11/site-packages/airflow/example_dags/example_subdag_operator.py
[2024-03-07T18:13:10.985+0000] {processor.py:830} INFO - Processing file /home/airflow/.local/lib/python3.11/site-packages/airflow/example_dags/example_subdag_operator.py for tasks to queue
[2024-03-07T18:13:10.993+0000] {logging_mixin.py:188} INFO - [2024-03-07T18:13:10.991+0000] {dagbag.py:540} INFO - Filling up the DagBag from /home/airflow/.local/lib/python3.11/site-packages/airflow/example_dags/example_subdag_operator.py
[2024-03-07T18:13:11.144+0000] {processor.py:840} INFO - DAG(s) 'example_subdag_operator.section-1', 'example_subdag_operator.section-2', 'example_subdag_operator' retrieved from /home/airflow/.local/lib/python3.11/site-packages/airflow/example_dags/example_subdag_operator.py
[2024-03-07T18:13:11.319+0000] {logging_mixin.py:188} INFO - [2024-03-07T18:13:11.306+0000] {dag.py:3047} INFO - Sync 3 DAGs
[2024-03-07T18:13:11.590+0000] {logging_mixin.py:188} INFO - [2024-03-07T18:13:11.589+0000] {dag.py:3834} INFO - Setting next_dagrun for example_subdag_operator to 2022-01-01 00:00:00+00:00, run_after=2022-01-01 00:00:00+00:00
[2024-03-07T18:13:11.637+0000] {logging_mixin.py:188} INFO - [2024-03-07T18:13:11.625+0000] {dag.py:3834} INFO - Setting next_dagrun for example_subdag_operator.section-1 to None, run_after=None
[2024-03-07T18:13:11.655+0000] {logging_mixin.py:188} INFO - [2024-03-07T18:13:11.654+0000] {dag.py:3834} INFO - Setting next_dagrun for example_subdag_operator.section-2 to None, run_after=None
[2024-03-07T18:13:11.748+0000] {logging_mixin.py:188} INFO - [2024-03-07T18:13:11.748+0000] {dag.py:3047} INFO - Sync 2 DAGs
[2024-03-07T18:13:11.796+0000] {logging_mixin.py:188} INFO - [2024-03-07T18:13:11.789+0000] {dag.py:3834} INFO - Setting next_dagrun for example_subdag_operator.section-1 to None, run_after=None
[2024-03-07T18:13:11.822+0000] {logging_mixin.py:188} INFO - [2024-03-07T18:13:11.821+0000] {dag.py:3834} INFO - Setting next_dagrun for example_subdag_operator.section-2 to None, run_after=None
[2024-03-07T18:13:11.939+0000] {processor.py:183} INFO - Processing /home/airflow/.local/lib/python3.11/site-packages/airflow/example_dags/example_subdag_operator.py took 0.989 seconds
[2024-03-07T18:13:43.441+0000] {processor.py:161} INFO - Started process (PID=124) to work on /home/airflow/.local/lib/python3.11/site-packages/airflow/example_dags/example_subdag_operator.py
[2024-03-07T18:13:43.444+0000] {processor.py:830} INFO - Processing file /home/airflow/.local/lib/python3.11/site-packages/airflow/example_dags/example_subdag_operator.py for tasks to queue
[2024-03-07T18:13:43.460+0000] {logging_mixin.py:188} INFO - [2024-03-07T18:13:43.459+0000] {dagbag.py:540} INFO - Filling up the DagBag from /home/airflow/.local/lib/python3.11/site-packages/airflow/example_dags/example_subdag_operator.py
[2024-03-07T18:13:43.706+0000] {processor.py:840} INFO - DAG(s) 'example_subdag_operator.section-1', 'example_subdag_operator.section-2', 'example_subdag_operator' retrieved from /home/airflow/.local/lib/python3.11/site-packages/airflow/example_dags/example_subdag_operator.py
[2024-03-07T18:13:43.851+0000] {logging_mixin.py:188} INFO - [2024-03-07T18:13:43.850+0000] {dag.py:3047} INFO - Sync 3 DAGs
[2024-03-07T18:13:44.153+0000] {logging_mixin.py:188} INFO - [2024-03-07T18:13:44.152+0000] {dag.py:3834} INFO - Setting next_dagrun for example_subdag_operator to 2022-01-01 00:00:00+00:00, run_after=2022-01-01 00:00:00+00:00
[2024-03-07T18:13:44.189+0000] {logging_mixin.py:188} INFO - [2024-03-07T18:13:44.188+0000] {dag.py:3834} INFO - Setting next_dagrun for example_subdag_operator.section-1 to None, run_after=None
[2024-03-07T18:13:44.217+0000] {logging_mixin.py:188} INFO - [2024-03-07T18:13:44.205+0000] {dag.py:3834} INFO - Setting next_dagrun for example_subdag_operator.section-2 to None, run_after=None
[2024-03-07T18:13:44.267+0000] {logging_mixin.py:188} INFO - [2024-03-07T18:13:44.266+0000] {dag.py:3047} INFO - Sync 2 DAGs
[2024-03-07T18:13:44.308+0000] {logging_mixin.py:188} INFO - [2024-03-07T18:13:44.307+0000] {dag.py:3834} INFO - Setting next_dagrun for example_subdag_operator.section-1 to None, run_after=None
[2024-03-07T18:13:44.311+0000] {logging_mixin.py:188} INFO - [2024-03-07T18:13:44.310+0000] {dag.py:3834} INFO - Setting next_dagrun for example_subdag_operator.section-2 to None, run_after=None
[2024-03-07T18:13:44.422+0000] {processor.py:183} INFO - Processing /home/airflow/.local/lib/python3.11/site-packages/airflow/example_dags/example_subdag_operator.py took 1.007 seconds
[2024-03-07T18:14:16.067+0000] {processor.py:161} INFO - Started process (PID=182) to work on /home/airflow/.local/lib/python3.11/site-packages/airflow/example_dags/example_subdag_operator.py
[2024-03-07T18:14:16.081+0000] {processor.py:830} INFO - Processing file /home/airflow/.local/lib/python3.11/site-packages/airflow/example_dags/example_subdag_operator.py for tasks to queue
[2024-03-07T18:14:16.128+0000] {logging_mixin.py:188} INFO - [2024-03-07T18:14:16.100+0000] {dagbag.py:540} INFO - Filling up the DagBag from /home/airflow/.local/lib/python3.11/site-packages/airflow/example_dags/example_subdag_operator.py
[2024-03-07T18:14:16.402+0000] {processor.py:840} INFO - DAG(s) 'example_subdag_operator.section-1', 'example_subdag_operator.section-2', 'example_subdag_operator' retrieved from /home/airflow/.local/lib/python3.11/site-packages/airflow/example_dags/example_subdag_operator.py
[2024-03-07T18:14:16.672+0000] {logging_mixin.py:188} INFO - [2024-03-07T18:14:16.671+0000] {dag.py:3047} INFO - Sync 3 DAGs
[2024-03-07T18:14:16.953+0000] {logging_mixin.py:188} INFO - [2024-03-07T18:14:16.952+0000] {dag.py:3834} INFO - Setting next_dagrun for example_subdag_operator to 2022-01-01 00:00:00+00:00, run_after=2022-01-01 00:00:00+00:00
[2024-03-07T18:14:17.000+0000] {logging_mixin.py:188} INFO - [2024-03-07T18:14:16.999+0000] {dag.py:3834} INFO - Setting next_dagrun for example_subdag_operator.section-1 to None, run_after=None
[2024-03-07T18:14:17.018+0000] {logging_mixin.py:188} INFO - [2024-03-07T18:14:17.018+0000] {dag.py:3834} INFO - Setting next_dagrun for example_subdag_operator.section-2 to None, run_after=None
[2024-03-07T18:14:17.104+0000] {logging_mixin.py:188} INFO - [2024-03-07T18:14:17.096+0000] {dag.py:3047} INFO - Sync 2 DAGs
[2024-03-07T18:14:17.161+0000] {logging_mixin.py:188} INFO - [2024-03-07T18:14:17.160+0000] {dag.py:3834} INFO - Setting next_dagrun for example_subdag_operator.section-1 to None, run_after=None
[2024-03-07T18:14:17.166+0000] {logging_mixin.py:188} INFO - [2024-03-07T18:14:17.165+0000] {dag.py:3834} INFO - Setting next_dagrun for example_subdag_operator.section-2 to None, run_after=None
[2024-03-07T18:14:17.276+0000] {processor.py:183} INFO - Processing /home/airflow/.local/lib/python3.11/site-packages/airflow/example_dags/example_subdag_operator.py took 1.256 seconds
[2024-03-07T18:14:50.829+0000] {processor.py:161} INFO - Started process (PID=239) to work on /home/airflow/.local/lib/python3.11/site-packages/airflow/example_dags/example_subdag_operator.py
[2024-03-07T18:14:50.833+0000] {processor.py:830} INFO - Processing file /home/airflow/.local/lib/python3.11/site-packages/airflow/example_dags/example_subdag_operator.py for tasks to queue
[2024-03-07T18:14:50.842+0000] {logging_mixin.py:188} INFO - [2024-03-07T18:14:50.840+0000] {dagbag.py:540} INFO - Filling up the DagBag from /home/airflow/.local/lib/python3.11/site-packages/airflow/example_dags/example_subdag_operator.py
[2024-03-07T18:14:50.945+0000] {processor.py:840} INFO - DAG(s) 'example_subdag_operator.section-1', 'example_subdag_operator.section-2', 'example_subdag_operator' retrieved from /home/airflow/.local/lib/python3.11/site-packages/airflow/example_dags/example_subdag_operator.py
[2024-03-07T18:14:50.962+0000] {logging_mixin.py:188} INFO - [2024-03-07T18:14:50.962+0000] {dag.py:3047} INFO - Sync 3 DAGs
[2024-03-07T18:14:51.079+0000] {logging_mixin.py:188} INFO - [2024-03-07T18:14:51.078+0000] {dag.py:3834} INFO - Setting next_dagrun for example_subdag_operator to 2022-01-01 00:00:00+00:00, run_after=2022-01-01 00:00:00+00:00
[2024-03-07T18:14:51.095+0000] {logging_mixin.py:188} INFO - [2024-03-07T18:14:51.094+0000] {dag.py:3834} INFO - Setting next_dagrun for example_subdag_operator.section-1 to None, run_after=None
[2024-03-07T18:14:51.100+0000] {logging_mixin.py:188} INFO - [2024-03-07T18:14:51.100+0000] {dag.py:3834} INFO - Setting next_dagrun for example_subdag_operator.section-2 to None, run_after=None
[2024-03-07T18:14:51.129+0000] {logging_mixin.py:188} INFO - [2024-03-07T18:14:51.128+0000] {dag.py:3047} INFO - Sync 2 DAGs
[2024-03-07T18:14:51.154+0000] {logging_mixin.py:188} INFO - [2024-03-07T18:14:51.153+0000] {dag.py:3834} INFO - Setting next_dagrun for example_subdag_operator.section-1 to None, run_after=None
[2024-03-07T18:14:51.157+0000] {logging_mixin.py:188} INFO - [2024-03-07T18:14:51.157+0000] {dag.py:3834} INFO - Setting next_dagrun for example_subdag_operator.section-2 to None, run_after=None
[2024-03-07T18:14:51.217+0000] {processor.py:183} INFO - Processing /home/airflow/.local/lib/python3.11/site-packages/airflow/example_dags/example_subdag_operator.py took 0.397 seconds
[2024-03-07T18:15:22.538+0000] {processor.py:161} INFO - Started process (PID=298) to work on /home/airflow/.local/lib/python3.11/site-packages/airflow/example_dags/example_subdag_operator.py
[2024-03-07T18:15:22.541+0000] {processor.py:830} INFO - Processing file /home/airflow/.local/lib/python3.11/site-packages/airflow/example_dags/example_subdag_operator.py for tasks to queue
[2024-03-07T18:15:22.550+0000] {logging_mixin.py:188} INFO - [2024-03-07T18:15:22.548+0000] {dagbag.py:540} INFO - Filling up the DagBag from /home/airflow/.local/lib/python3.11/site-packages/airflow/example_dags/example_subdag_operator.py
[2024-03-07T18:15:22.636+0000] {processor.py:840} INFO - DAG(s) 'example_subdag_operator.section-1', 'example_subdag_operator.section-2', 'example_subdag_operator' retrieved from /home/airflow/.local/lib/python3.11/site-packages/airflow/example_dags/example_subdag_operator.py
[2024-03-07T18:15:23.018+0000] {logging_mixin.py:188} INFO - [2024-03-07T18:15:23.018+0000] {dag.py:3047} INFO - Sync 3 DAGs
[2024-03-07T18:15:23.091+0000] {logging_mixin.py:188} INFO - [2024-03-07T18:15:23.090+0000] {dag.py:3834} INFO - Setting next_dagrun for example_subdag_operator to 2022-01-01 00:00:00+00:00, run_after=2022-01-01 00:00:00+00:00
[2024-03-07T18:15:23.116+0000] {logging_mixin.py:188} INFO - [2024-03-07T18:15:23.115+0000] {dag.py:3834} INFO - Setting next_dagrun for example_subdag_operator.section-1 to None, run_after=None
[2024-03-07T18:15:23.130+0000] {logging_mixin.py:188} INFO - [2024-03-07T18:15:23.128+0000] {dag.py:3834} INFO - Setting next_dagrun for example_subdag_operator.section-2 to None, run_after=None
[2024-03-07T18:15:23.179+0000] {logging_mixin.py:188} INFO - [2024-03-07T18:15:23.178+0000] {dag.py:3047} INFO - Sync 2 DAGs
[2024-03-07T18:15:23.212+0000] {logging_mixin.py:188} INFO - [2024-03-07T18:15:23.211+0000] {dag.py:3834} INFO - Setting next_dagrun for example_subdag_operator.section-1 to None, run_after=None
[2024-03-07T18:15:23.215+0000] {logging_mixin.py:188} INFO - [2024-03-07T18:15:23.214+0000] {dag.py:3834} INFO - Setting next_dagrun for example_subdag_operator.section-2 to None, run_after=None
[2024-03-07T18:15:23.284+0000] {processor.py:183} INFO - Processing /home/airflow/.local/lib/python3.11/site-packages/airflow/example_dags/example_subdag_operator.py took 0.762 seconds
[2024-03-07T18:15:53.823+0000] {processor.py:161} INFO - Started process (PID=356) to work on /home/airflow/.local/lib/python3.11/site-packages/airflow/example_dags/example_subdag_operator.py
[2024-03-07T18:15:53.827+0000] {processor.py:830} INFO - Processing file /home/airflow/.local/lib/python3.11/site-packages/airflow/example_dags/example_subdag_operator.py for tasks to queue
[2024-03-07T18:15:53.832+0000] {logging_mixin.py:188} INFO - [2024-03-07T18:15:53.831+0000] {dagbag.py:540} INFO - Filling up the DagBag from /home/airflow/.local/lib/python3.11/site-packages/airflow/example_dags/example_subdag_operator.py
[2024-03-07T18:15:53.897+0000] {processor.py:840} INFO - DAG(s) 'example_subdag_operator.section-1', 'example_subdag_operator.section-2', 'example_subdag_operator' retrieved from /home/airflow/.local/lib/python3.11/site-packages/airflow/example_dags/example_subdag_operator.py
[2024-03-07T18:15:53.935+0000] {logging_mixin.py:188} INFO - [2024-03-07T18:15:53.935+0000] {dag.py:3047} INFO - Sync 3 DAGs
[2024-03-07T18:15:53.989+0000] {logging_mixin.py:188} INFO - [2024-03-07T18:15:53.989+0000] {dag.py:3834} INFO - Setting next_dagrun for example_subdag_operator to 2022-01-01 00:00:00+00:00, run_after=2022-01-01 00:00:00+00:00
[2024-03-07T18:15:53.999+0000] {logging_mixin.py:188} INFO - [2024-03-07T18:15:53.998+0000] {dag.py:3834} INFO - Setting next_dagrun for example_subdag_operator.section-1 to None, run_after=None
[2024-03-07T18:15:54.005+0000] {logging_mixin.py:188} INFO - [2024-03-07T18:15:54.005+0000] {dag.py:3834} INFO - Setting next_dagrun for example_subdag_operator.section-2 to None, run_after=None
[2024-03-07T18:15:54.026+0000] {logging_mixin.py:188} INFO - [2024-03-07T18:15:54.025+0000] {dag.py:3047} INFO - Sync 2 DAGs
[2024-03-07T18:15:54.039+0000] {logging_mixin.py:188} INFO - [2024-03-07T18:15:54.038+0000] {dag.py:3834} INFO - Setting next_dagrun for example_subdag_operator.section-1 to None, run_after=None
[2024-03-07T18:15:54.041+0000] {logging_mixin.py:188} INFO - [2024-03-07T18:15:54.040+0000] {dag.py:3834} INFO - Setting next_dagrun for example_subdag_operator.section-2 to None, run_after=None
[2024-03-07T18:15:54.072+0000] {processor.py:183} INFO - Processing /home/airflow/.local/lib/python3.11/site-packages/airflow/example_dags/example_subdag_operator.py took 0.254 seconds
[2024-03-07T18:16:25.079+0000] {processor.py:161} INFO - Started process (PID=414) to work on /home/airflow/.local/lib/python3.11/site-packages/airflow/example_dags/example_subdag_operator.py
[2024-03-07T18:16:25.082+0000] {processor.py:830} INFO - Processing file /home/airflow/.local/lib/python3.11/site-packages/airflow/example_dags/example_subdag_operator.py for tasks to queue
[2024-03-07T18:16:25.088+0000] {logging_mixin.py:188} INFO - [2024-03-07T18:16:25.087+0000] {dagbag.py:540} INFO - Filling up the DagBag from /home/airflow/.local/lib/python3.11/site-packages/airflow/example_dags/example_subdag_operator.py
[2024-03-07T18:16:25.156+0000] {processor.py:840} INFO - DAG(s) 'example_subdag_operator.section-1', 'example_subdag_operator.section-2', 'example_subdag_operator' retrieved from /home/airflow/.local/lib/python3.11/site-packages/airflow/example_dags/example_subdag_operator.py
[2024-03-07T18:16:25.204+0000] {logging_mixin.py:188} INFO - [2024-03-07T18:16:25.204+0000] {dag.py:3047} INFO - Sync 3 DAGs
[2024-03-07T18:16:25.277+0000] {logging_mixin.py:188} INFO - [2024-03-07T18:16:25.276+0000] {dag.py:3834} INFO - Setting next_dagrun for example_subdag_operator to 2022-01-01 00:00:00+00:00, run_after=2022-01-01 00:00:00+00:00
[2024-03-07T18:16:25.288+0000] {logging_mixin.py:188} INFO - [2024-03-07T18:16:25.288+0000] {dag.py:3834} INFO - Setting next_dagrun for example_subdag_operator.section-1 to None, run_after=None
[2024-03-07T18:16:25.293+0000] {logging_mixin.py:188} INFO - [2024-03-07T18:16:25.292+0000] {dag.py:3834} INFO - Setting next_dagrun for example_subdag_operator.section-2 to None, run_after=None
[2024-03-07T18:16:25.314+0000] {logging_mixin.py:188} INFO - [2024-03-07T18:16:25.313+0000] {dag.py:3047} INFO - Sync 2 DAGs
[2024-03-07T18:16:25.332+0000] {logging_mixin.py:188} INFO - [2024-03-07T18:16:25.331+0000] {dag.py:3834} INFO - Setting next_dagrun for example_subdag_operator.section-1 to None, run_after=None
[2024-03-07T18:16:25.334+0000] {logging_mixin.py:188} INFO - [2024-03-07T18:16:25.334+0000] {dag.py:3834} INFO - Setting next_dagrun for example_subdag_operator.section-2 to None, run_after=None
[2024-03-07T18:16:25.384+0000] {processor.py:183} INFO - Processing /home/airflow/.local/lib/python3.11/site-packages/airflow/example_dags/example_subdag_operator.py took 0.313 seconds
[2024-03-07T18:16:55.874+0000] {processor.py:161} INFO - Started process (PID=473) to work on /home/airflow/.local/lib/python3.11/site-packages/airflow/example_dags/example_subdag_operator.py
[2024-03-07T18:16:55.877+0000] {processor.py:830} INFO - Processing file /home/airflow/.local/lib/python3.11/site-packages/airflow/example_dags/example_subdag_operator.py for tasks to queue
[2024-03-07T18:16:55.882+0000] {logging_mixin.py:188} INFO - [2024-03-07T18:16:55.881+0000] {dagbag.py:540} INFO - Filling up the DagBag from /home/airflow/.local/lib/python3.11/site-packages/airflow/example_dags/example_subdag_operator.py
[2024-03-07T18:16:55.951+0000] {processor.py:840} INFO - DAG(s) 'example_subdag_operator.section-1', 'example_subdag_operator.section-2', 'example_subdag_operator' retrieved from /home/airflow/.local/lib/python3.11/site-packages/airflow/example_dags/example_subdag_operator.py
[2024-03-07T18:16:56.011+0000] {logging_mixin.py:188} INFO - [2024-03-07T18:16:56.007+0000] {dag.py:3047} INFO - Sync 3 DAGs
[2024-03-07T18:16:56.110+0000] {logging_mixin.py:188} INFO - [2024-03-07T18:16:56.109+0000] {dag.py:3834} INFO - Setting next_dagrun for example_subdag_operator to 2022-01-01 00:00:00+00:00, run_after=2022-01-01 00:00:00+00:00
[2024-03-07T18:16:56.127+0000] {logging_mixin.py:188} INFO - [2024-03-07T18:16:56.126+0000] {dag.py:3834} INFO - Setting next_dagrun for example_subdag_operator.section-1 to None, run_after=None
[2024-03-07T18:16:56.133+0000] {logging_mixin.py:188} INFO - [2024-03-07T18:16:56.132+0000] {dag.py:3834} INFO - Setting next_dagrun for example_subdag_operator.section-2 to None, run_after=None
[2024-03-07T18:16:56.164+0000] {logging_mixin.py:188} INFO - [2024-03-07T18:16:56.162+0000] {dag.py:3047} INFO - Sync 2 DAGs
[2024-03-07T18:16:56.193+0000] {logging_mixin.py:188} INFO - [2024-03-07T18:16:56.192+0000] {dag.py:3834} INFO - Setting next_dagrun for example_subdag_operator.section-1 to None, run_after=None
[2024-03-07T18:16:56.197+0000] {logging_mixin.py:188} INFO - [2024-03-07T18:16:56.196+0000] {dag.py:3834} INFO - Setting next_dagrun for example_subdag_operator.section-2 to None, run_after=None
[2024-03-07T18:16:56.248+0000] {processor.py:183} INFO - Processing /home/airflow/.local/lib/python3.11/site-packages/airflow/example_dags/example_subdag_operator.py took 0.382 seconds
[2024-03-07T18:17:26.786+0000] {processor.py:161} INFO - Started process (PID=527) to work on /home/airflow/.local/lib/python3.11/site-packages/airflow/example_dags/example_subdag_operator.py
[2024-03-07T18:17:26.789+0000] {processor.py:830} INFO - Processing file /home/airflow/.local/lib/python3.11/site-packages/airflow/example_dags/example_subdag_operator.py for tasks to queue
[2024-03-07T18:17:26.796+0000] {logging_mixin.py:188} INFO - [2024-03-07T18:17:26.795+0000] {dagbag.py:540} INFO - Filling up the DagBag from /home/airflow/.local/lib/python3.11/site-packages/airflow/example_dags/example_subdag_operator.py
[2024-03-07T18:17:26.860+0000] {processor.py:840} INFO - DAG(s) 'example_subdag_operator.section-1', 'example_subdag_operator.section-2', 'example_subdag_operator' retrieved from /home/airflow/.local/lib/python3.11/site-packages/airflow/example_dags/example_subdag_operator.py
[2024-03-07T18:17:26.903+0000] {logging_mixin.py:188} INFO - [2024-03-07T18:17:26.902+0000] {dag.py:3047} INFO - Sync 3 DAGs
[2024-03-07T18:17:26.967+0000] {logging_mixin.py:188} INFO - [2024-03-07T18:17:26.966+0000] {dag.py:3834} INFO - Setting next_dagrun for example_subdag_operator to 2022-01-01 00:00:00+00:00, run_after=2022-01-01 00:00:00+00:00
[2024-03-07T18:17:26.979+0000] {logging_mixin.py:188} INFO - [2024-03-07T18:17:26.978+0000] {dag.py:3834} INFO - Setting next_dagrun for example_subdag_operator.section-1 to None, run_after=None
[2024-03-07T18:17:26.985+0000] {logging_mixin.py:188} INFO - [2024-03-07T18:17:26.984+0000] {dag.py:3834} INFO - Setting next_dagrun for example_subdag_operator.section-2 to None, run_after=None
[2024-03-07T18:17:27.007+0000] {logging_mixin.py:188} INFO - [2024-03-07T18:17:27.006+0000] {dag.py:3047} INFO - Sync 2 DAGs
[2024-03-07T18:17:27.022+0000] {logging_mixin.py:188} INFO - [2024-03-07T18:17:27.021+0000] {dag.py:3834} INFO - Setting next_dagrun for example_subdag_operator.section-1 to None, run_after=None
[2024-03-07T18:17:27.024+0000] {logging_mixin.py:188} INFO - [2024-03-07T18:17:27.023+0000] {dag.py:3834} INFO - Setting next_dagrun for example_subdag_operator.section-2 to None, run_after=None
[2024-03-07T18:17:27.063+0000] {processor.py:183} INFO - Processing /home/airflow/.local/lib/python3.11/site-packages/airflow/example_dags/example_subdag_operator.py took 0.283 seconds
[2024-03-07T18:17:57.582+0000] {processor.py:161} INFO - Started process (PID=585) to work on /home/airflow/.local/lib/python3.11/site-packages/airflow/example_dags/example_subdag_operator.py
[2024-03-07T18:17:57.584+0000] {processor.py:830} INFO - Processing file /home/airflow/.local/lib/python3.11/site-packages/airflow/example_dags/example_subdag_operator.py for tasks to queue
[2024-03-07T18:17:57.590+0000] {logging_mixin.py:188} INFO - [2024-03-07T18:17:57.589+0000] {dagbag.py:540} INFO - Filling up the DagBag from /home/airflow/.local/lib/python3.11/site-packages/airflow/example_dags/example_subdag_operator.py
[2024-03-07T18:17:57.653+0000] {processor.py:840} INFO - DAG(s) 'example_subdag_operator.section-1', 'example_subdag_operator.section-2', 'example_subdag_operator' retrieved from /home/airflow/.local/lib/python3.11/site-packages/airflow/example_dags/example_subdag_operator.py
[2024-03-07T18:17:57.692+0000] {logging_mixin.py:188} INFO - [2024-03-07T18:17:57.691+0000] {dag.py:3047} INFO - Sync 3 DAGs
[2024-03-07T18:17:57.752+0000] {logging_mixin.py:188} INFO - [2024-03-07T18:17:57.751+0000] {dag.py:3834} INFO - Setting next_dagrun for example_subdag_operator to 2022-01-01 00:00:00+00:00, run_after=2022-01-01 00:00:00+00:00
[2024-03-07T18:17:57.762+0000] {logging_mixin.py:188} INFO - [2024-03-07T18:17:57.761+0000] {dag.py:3834} INFO - Setting next_dagrun for example_subdag_operator.section-1 to None, run_after=None
[2024-03-07T18:17:57.769+0000] {logging_mixin.py:188} INFO - [2024-03-07T18:17:57.768+0000] {dag.py:3834} INFO - Setting next_dagrun for example_subdag_operator.section-2 to None, run_after=None
[2024-03-07T18:17:57.791+0000] {logging_mixin.py:188} INFO - [2024-03-07T18:17:57.790+0000] {dag.py:3047} INFO - Sync 2 DAGs
[2024-03-07T18:17:57.809+0000] {logging_mixin.py:188} INFO - [2024-03-07T18:17:57.808+0000] {dag.py:3834} INFO - Setting next_dagrun for example_subdag_operator.section-1 to None, run_after=None
[2024-03-07T18:17:57.810+0000] {logging_mixin.py:188} INFO - [2024-03-07T18:17:57.810+0000] {dag.py:3834} INFO - Setting next_dagrun for example_subdag_operator.section-2 to None, run_after=None
[2024-03-07T18:17:57.845+0000] {processor.py:183} INFO - Processing /home/airflow/.local/lib/python3.11/site-packages/airflow/example_dags/example_subdag_operator.py took 0.270 seconds
[2024-03-07T18:18:29.242+0000] {processor.py:161} INFO - Started process (PID=643) to work on /home/airflow/.local/lib/python3.11/site-packages/airflow/example_dags/example_subdag_operator.py
[2024-03-07T18:18:29.244+0000] {processor.py:830} INFO - Processing file /home/airflow/.local/lib/python3.11/site-packages/airflow/example_dags/example_subdag_operator.py for tasks to queue
[2024-03-07T18:18:29.248+0000] {logging_mixin.py:188} INFO - [2024-03-07T18:18:29.248+0000] {dagbag.py:540} INFO - Filling up the DagBag from /home/airflow/.local/lib/python3.11/site-packages/airflow/example_dags/example_subdag_operator.py
[2024-03-07T18:18:29.305+0000] {processor.py:840} INFO - DAG(s) 'example_subdag_operator.section-1', 'example_subdag_operator.section-2', 'example_subdag_operator' retrieved from /home/airflow/.local/lib/python3.11/site-packages/airflow/example_dags/example_subdag_operator.py
[2024-03-07T18:18:29.338+0000] {logging_mixin.py:188} INFO - [2024-03-07T18:18:29.337+0000] {dag.py:3047} INFO - Sync 3 DAGs
[2024-03-07T18:18:29.388+0000] {logging_mixin.py:188} INFO - [2024-03-07T18:18:29.388+0000] {dag.py:3834} INFO - Setting next_dagrun for example_subdag_operator to 2022-01-01 00:00:00+00:00, run_after=2022-01-01 00:00:00+00:00
[2024-03-07T18:18:29.400+0000] {logging_mixin.py:188} INFO - [2024-03-07T18:18:29.399+0000] {dag.py:3834} INFO - Setting next_dagrun for example_subdag_operator.section-1 to None, run_after=None
[2024-03-07T18:18:29.405+0000] {logging_mixin.py:188} INFO - [2024-03-07T18:18:29.404+0000] {dag.py:3834} INFO - Setting next_dagrun for example_subdag_operator.section-2 to None, run_after=None
[2024-03-07T18:18:29.424+0000] {logging_mixin.py:188} INFO - [2024-03-07T18:18:29.423+0000] {dag.py:3047} INFO - Sync 2 DAGs
[2024-03-07T18:18:29.447+0000] {logging_mixin.py:188} INFO - [2024-03-07T18:18:29.446+0000] {dag.py:3834} INFO - Setting next_dagrun for example_subdag_operator.section-1 to None, run_after=None
[2024-03-07T18:18:29.449+0000] {logging_mixin.py:188} INFO - [2024-03-07T18:18:29.449+0000] {dag.py:3834} INFO - Setting next_dagrun for example_subdag_operator.section-2 to None, run_after=None
[2024-03-07T18:18:29.513+0000] {processor.py:183} INFO - Processing /home/airflow/.local/lib/python3.11/site-packages/airflow/example_dags/example_subdag_operator.py took 0.277 seconds
[2024-03-07T18:19:00.098+0000] {processor.py:161} INFO - Started process (PID=700) to work on /home/airflow/.local/lib/python3.11/site-packages/airflow/example_dags/example_subdag_operator.py
[2024-03-07T18:19:00.101+0000] {processor.py:830} INFO - Processing file /home/airflow/.local/lib/python3.11/site-packages/airflow/example_dags/example_subdag_operator.py for tasks to queue
[2024-03-07T18:19:00.105+0000] {logging_mixin.py:188} INFO - [2024-03-07T18:19:00.104+0000] {dagbag.py:540} INFO - Filling up the DagBag from /home/airflow/.local/lib/python3.11/site-packages/airflow/example_dags/example_subdag_operator.py
[2024-03-07T18:19:00.183+0000] {processor.py:840} INFO - DAG(s) 'example_subdag_operator.section-1', 'example_subdag_operator.section-2', 'example_subdag_operator' retrieved from /home/airflow/.local/lib/python3.11/site-packages/airflow/example_dags/example_subdag_operator.py
[2024-03-07T18:19:00.215+0000] {logging_mixin.py:188} INFO - [2024-03-07T18:19:00.215+0000] {dag.py:3047} INFO - Sync 3 DAGs
[2024-03-07T18:19:00.296+0000] {logging_mixin.py:188} INFO - [2024-03-07T18:19:00.295+0000] {dag.py:3834} INFO - Setting next_dagrun for example_subdag_operator to 2022-01-01 00:00:00+00:00, run_after=2022-01-01 00:00:00+00:00
[2024-03-07T18:19:00.311+0000] {logging_mixin.py:188} INFO - [2024-03-07T18:19:00.311+0000] {dag.py:3834} INFO - Setting next_dagrun for example_subdag_operator.section-1 to None, run_after=None
[2024-03-07T18:19:00.319+0000] {logging_mixin.py:188} INFO - [2024-03-07T18:19:00.318+0000] {dag.py:3834} INFO - Setting next_dagrun for example_subdag_operator.section-2 to None, run_after=None
[2024-03-07T18:19:00.339+0000] {logging_mixin.py:188} INFO - [2024-03-07T18:19:00.338+0000] {dag.py:3047} INFO - Sync 2 DAGs
[2024-03-07T18:19:00.355+0000] {logging_mixin.py:188} INFO - [2024-03-07T18:19:00.354+0000] {dag.py:3834} INFO - Setting next_dagrun for example_subdag_operator.section-1 to None, run_after=None
[2024-03-07T18:19:00.357+0000] {logging_mixin.py:188} INFO - [2024-03-07T18:19:00.356+0000] {dag.py:3834} INFO - Setting next_dagrun for example_subdag_operator.section-2 to None, run_after=None
[2024-03-07T18:19:00.402+0000] {processor.py:183} INFO - Processing /home/airflow/.local/lib/python3.11/site-packages/airflow/example_dags/example_subdag_operator.py took 0.308 seconds
[2024-03-07T18:19:32.043+0000] {processor.py:161} INFO - Started process (PID=759) to work on /home/airflow/.local/lib/python3.11/site-packages/airflow/example_dags/example_subdag_operator.py
[2024-03-07T18:19:32.045+0000] {processor.py:830} INFO - Processing file /home/airflow/.local/lib/python3.11/site-packages/airflow/example_dags/example_subdag_operator.py for tasks to queue
[2024-03-07T18:19:32.049+0000] {logging_mixin.py:188} INFO - [2024-03-07T18:19:32.048+0000] {dagbag.py:540} INFO - Filling up the DagBag from /home/airflow/.local/lib/python3.11/site-packages/airflow/example_dags/example_subdag_operator.py
[2024-03-07T18:19:32.099+0000] {processor.py:840} INFO - DAG(s) 'example_subdag_operator.section-1', 'example_subdag_operator.section-2', 'example_subdag_operator' retrieved from /home/airflow/.local/lib/python3.11/site-packages/airflow/example_dags/example_subdag_operator.py
[2024-03-07T18:19:32.141+0000] {logging_mixin.py:188} INFO - [2024-03-07T18:19:32.140+0000] {dag.py:3047} INFO - Sync 3 DAGs
[2024-03-07T18:19:32.208+0000] {logging_mixin.py:188} INFO - [2024-03-07T18:19:32.207+0000] {dag.py:3834} INFO - Setting next_dagrun for example_subdag_operator to 2022-01-01 00:00:00+00:00, run_after=2022-01-01 00:00:00+00:00
[2024-03-07T18:19:32.223+0000] {logging_mixin.py:188} INFO - [2024-03-07T18:19:32.223+0000] {dag.py:3834} INFO - Setting next_dagrun for example_subdag_operator.section-1 to None, run_after=None
[2024-03-07T18:19:32.229+0000] {logging_mixin.py:188} INFO - [2024-03-07T18:19:32.228+0000] {dag.py:3834} INFO - Setting next_dagrun for example_subdag_operator.section-2 to None, run_after=None
[2024-03-07T18:19:32.248+0000] {logging_mixin.py:188} INFO - [2024-03-07T18:19:32.247+0000] {dag.py:3047} INFO - Sync 2 DAGs
[2024-03-07T18:19:32.262+0000] {logging_mixin.py:188} INFO - [2024-03-07T18:19:32.262+0000] {dag.py:3834} INFO - Setting next_dagrun for example_subdag_operator.section-1 to None, run_after=None
[2024-03-07T18:19:32.264+0000] {logging_mixin.py:188} INFO - [2024-03-07T18:19:32.264+0000] {dag.py:3834} INFO - Setting next_dagrun for example_subdag_operator.section-2 to None, run_after=None
[2024-03-07T18:19:32.304+0000] {processor.py:183} INFO - Processing /home/airflow/.local/lib/python3.11/site-packages/airflow/example_dags/example_subdag_operator.py took 0.266 seconds
[2024-03-07T18:20:03.828+0000] {processor.py:161} INFO - Started process (PID=817) to work on /home/airflow/.local/lib/python3.11/site-packages/airflow/example_dags/example_subdag_operator.py
[2024-03-07T18:20:03.831+0000] {processor.py:830} INFO - Processing file /home/airflow/.local/lib/python3.11/site-packages/airflow/example_dags/example_subdag_operator.py for tasks to queue
[2024-03-07T18:20:03.837+0000] {logging_mixin.py:188} INFO - [2024-03-07T18:20:03.836+0000] {dagbag.py:540} INFO - Filling up the DagBag from /home/airflow/.local/lib/python3.11/site-packages/airflow/example_dags/example_subdag_operator.py
[2024-03-07T18:20:03.901+0000] {processor.py:840} INFO - DAG(s) 'example_subdag_operator.section-1', 'example_subdag_operator.section-2', 'example_subdag_operator' retrieved from /home/airflow/.local/lib/python3.11/site-packages/airflow/example_dags/example_subdag_operator.py
[2024-03-07T18:20:03.938+0000] {logging_mixin.py:188} INFO - [2024-03-07T18:20:03.938+0000] {dag.py:3047} INFO - Sync 3 DAGs
[2024-03-07T18:20:03.992+0000] {logging_mixin.py:188} INFO - [2024-03-07T18:20:03.991+0000] {dag.py:3834} INFO - Setting next_dagrun for example_subdag_operator to 2022-01-01 00:00:00+00:00, run_after=2022-01-01 00:00:00+00:00
[2024-03-07T18:20:04.002+0000] {logging_mixin.py:188} INFO - [2024-03-07T18:20:04.001+0000] {dag.py:3834} INFO - Setting next_dagrun for example_subdag_operator.section-1 to None, run_after=None
[2024-03-07T18:20:04.020+0000] {logging_mixin.py:188} INFO - [2024-03-07T18:20:04.019+0000] {dag.py:3834} INFO - Setting next_dagrun for example_subdag_operator.section-2 to None, run_after=None
[2024-03-07T18:20:04.050+0000] {logging_mixin.py:188} INFO - [2024-03-07T18:20:04.049+0000] {dag.py:3047} INFO - Sync 2 DAGs
[2024-03-07T18:20:04.067+0000] {logging_mixin.py:188} INFO - [2024-03-07T18:20:04.066+0000] {dag.py:3834} INFO - Setting next_dagrun for example_subdag_operator.section-1 to None, run_after=None
[2024-03-07T18:20:04.069+0000] {logging_mixin.py:188} INFO - [2024-03-07T18:20:04.068+0000] {dag.py:3834} INFO - Setting next_dagrun for example_subdag_operator.section-2 to None, run_after=None
[2024-03-07T18:20:04.111+0000] {processor.py:183} INFO - Processing /home/airflow/.local/lib/python3.11/site-packages/airflow/example_dags/example_subdag_operator.py took 0.288 seconds
[2024-03-07T18:20:35.557+0000] {processor.py:161} INFO - Started process (PID=874) to work on /home/airflow/.local/lib/python3.11/site-packages/airflow/example_dags/example_subdag_operator.py
[2024-03-07T18:20:35.559+0000] {processor.py:830} INFO - Processing file /home/airflow/.local/lib/python3.11/site-packages/airflow/example_dags/example_subdag_operator.py for tasks to queue
[2024-03-07T18:20:35.564+0000] {logging_mixin.py:188} INFO - [2024-03-07T18:20:35.563+0000] {dagbag.py:540} INFO - Filling up the DagBag from /home/airflow/.local/lib/python3.11/site-packages/airflow/example_dags/example_subdag_operator.py
[2024-03-07T18:20:35.630+0000] {processor.py:840} INFO - DAG(s) 'example_subdag_operator.section-1', 'example_subdag_operator.section-2', 'example_subdag_operator' retrieved from /home/airflow/.local/lib/python3.11/site-packages/airflow/example_dags/example_subdag_operator.py
[2024-03-07T18:20:35.679+0000] {logging_mixin.py:188} INFO - [2024-03-07T18:20:35.678+0000] {dag.py:3047} INFO - Sync 3 DAGs
[2024-03-07T18:20:35.752+0000] {logging_mixin.py:188} INFO - [2024-03-07T18:20:35.752+0000] {dag.py:3834} INFO - Setting next_dagrun for example_subdag_operator to 2022-01-01 00:00:00+00:00, run_after=2022-01-01 00:00:00+00:00
[2024-03-07T18:20:35.767+0000] {logging_mixin.py:188} INFO - [2024-03-07T18:20:35.767+0000] {dag.py:3834} INFO - Setting next_dagrun for example_subdag_operator.section-1 to None, run_after=None
[2024-03-07T18:20:35.773+0000] {logging_mixin.py:188} INFO - [2024-03-07T18:20:35.772+0000] {dag.py:3834} INFO - Setting next_dagrun for example_subdag_operator.section-2 to None, run_after=None
[2024-03-07T18:20:35.796+0000] {logging_mixin.py:188} INFO - [2024-03-07T18:20:35.795+0000] {dag.py:3047} INFO - Sync 2 DAGs
[2024-03-07T18:20:35.816+0000] {logging_mixin.py:188} INFO - [2024-03-07T18:20:35.815+0000] {dag.py:3834} INFO - Setting next_dagrun for example_subdag_operator.section-1 to None, run_after=None
[2024-03-07T18:20:35.818+0000] {logging_mixin.py:188} INFO - [2024-03-07T18:20:35.817+0000] {dag.py:3834} INFO - Setting next_dagrun for example_subdag_operator.section-2 to None, run_after=None
[2024-03-07T18:20:35.854+0000] {processor.py:183} INFO - Processing /home/airflow/.local/lib/python3.11/site-packages/airflow/example_dags/example_subdag_operator.py took 0.303 seconds
[2024-03-07T18:21:07.210+0000] {processor.py:161} INFO - Started process (PID=932) to work on /home/airflow/.local/lib/python3.11/site-packages/airflow/example_dags/example_subdag_operator.py
[2024-03-07T18:21:07.212+0000] {processor.py:830} INFO - Processing file /home/airflow/.local/lib/python3.11/site-packages/airflow/example_dags/example_subdag_operator.py for tasks to queue
[2024-03-07T18:21:07.216+0000] {logging_mixin.py:188} INFO - [2024-03-07T18:21:07.215+0000] {dagbag.py:540} INFO - Filling up the DagBag from /home/airflow/.local/lib/python3.11/site-packages/airflow/example_dags/example_subdag_operator.py
[2024-03-07T18:21:07.268+0000] {processor.py:840} INFO - DAG(s) 'example_subdag_operator.section-1', 'example_subdag_operator.section-2', 'example_subdag_operator' retrieved from /home/airflow/.local/lib/python3.11/site-packages/airflow/example_dags/example_subdag_operator.py
[2024-03-07T18:21:07.298+0000] {logging_mixin.py:188} INFO - [2024-03-07T18:21:07.297+0000] {dag.py:3047} INFO - Sync 3 DAGs
[2024-03-07T18:21:07.350+0000] {logging_mixin.py:188} INFO - [2024-03-07T18:21:07.349+0000] {dag.py:3834} INFO - Setting next_dagrun for example_subdag_operator to 2022-01-01 00:00:00+00:00, run_after=2022-01-01 00:00:00+00:00
[2024-03-07T18:21:07.359+0000] {logging_mixin.py:188} INFO - [2024-03-07T18:21:07.358+0000] {dag.py:3834} INFO - Setting next_dagrun for example_subdag_operator.section-1 to None, run_after=None
[2024-03-07T18:21:07.366+0000] {logging_mixin.py:188} INFO - [2024-03-07T18:21:07.365+0000] {dag.py:3834} INFO - Setting next_dagrun for example_subdag_operator.section-2 to None, run_after=None
[2024-03-07T18:21:07.385+0000] {logging_mixin.py:188} INFO - [2024-03-07T18:21:07.385+0000] {dag.py:3047} INFO - Sync 2 DAGs
[2024-03-07T18:21:07.400+0000] {logging_mixin.py:188} INFO - [2024-03-07T18:21:07.399+0000] {dag.py:3834} INFO - Setting next_dagrun for example_subdag_operator.section-1 to None, run_after=None
[2024-03-07T18:21:07.402+0000] {logging_mixin.py:188} INFO - [2024-03-07T18:21:07.401+0000] {dag.py:3834} INFO - Setting next_dagrun for example_subdag_operator.section-2 to None, run_after=None
[2024-03-07T18:21:07.439+0000] {processor.py:183} INFO - Processing /home/airflow/.local/lib/python3.11/site-packages/airflow/example_dags/example_subdag_operator.py took 0.234 seconds
[2024-03-07T18:21:40.237+0000] {processor.py:161} INFO - Started process (PID=995) to work on /home/airflow/.local/lib/python3.11/site-packages/airflow/example_dags/example_subdag_operator.py
[2024-03-07T18:21:40.240+0000] {processor.py:830} INFO - Processing file /home/airflow/.local/lib/python3.11/site-packages/airflow/example_dags/example_subdag_operator.py for tasks to queue
[2024-03-07T18:21:40.245+0000] {logging_mixin.py:188} INFO - [2024-03-07T18:21:40.244+0000] {dagbag.py:540} INFO - Filling up the DagBag from /home/airflow/.local/lib/python3.11/site-packages/airflow/example_dags/example_subdag_operator.py
[2024-03-07T18:21:40.313+0000] {processor.py:840} INFO - DAG(s) 'example_subdag_operator.section-1', 'example_subdag_operator.section-2', 'example_subdag_operator' retrieved from /home/airflow/.local/lib/python3.11/site-packages/airflow/example_dags/example_subdag_operator.py
[2024-03-07T18:21:40.363+0000] {logging_mixin.py:188} INFO - [2024-03-07T18:21:40.362+0000] {dag.py:3047} INFO - Sync 3 DAGs
[2024-03-07T18:21:40.427+0000] {logging_mixin.py:188} INFO - [2024-03-07T18:21:40.427+0000] {dag.py:3834} INFO - Setting next_dagrun for example_subdag_operator to 2022-01-01 00:00:00+00:00, run_after=2022-01-01 00:00:00+00:00
[2024-03-07T18:21:40.440+0000] {logging_mixin.py:188} INFO - [2024-03-07T18:21:40.440+0000] {dag.py:3834} INFO - Setting next_dagrun for example_subdag_operator.section-1 to None, run_after=None
[2024-03-07T18:21:40.446+0000] {logging_mixin.py:188} INFO - [2024-03-07T18:21:40.446+0000] {dag.py:3834} INFO - Setting next_dagrun for example_subdag_operator.section-2 to None, run_after=None
[2024-03-07T18:21:40.473+0000] {logging_mixin.py:188} INFO - [2024-03-07T18:21:40.473+0000] {dag.py:3047} INFO - Sync 2 DAGs
[2024-03-07T18:21:40.496+0000] {logging_mixin.py:188} INFO - [2024-03-07T18:21:40.494+0000] {dag.py:3834} INFO - Setting next_dagrun for example_subdag_operator.section-1 to None, run_after=None
[2024-03-07T18:21:40.498+0000] {logging_mixin.py:188} INFO - [2024-03-07T18:21:40.498+0000] {dag.py:3834} INFO - Setting next_dagrun for example_subdag_operator.section-2 to None, run_after=None
[2024-03-07T18:21:40.547+0000] {processor.py:183} INFO - Processing /home/airflow/.local/lib/python3.11/site-packages/airflow/example_dags/example_subdag_operator.py took 0.316 seconds
[2024-03-07T18:22:11.674+0000] {processor.py:161} INFO - Started process (PID=1053) to work on /home/airflow/.local/lib/python3.11/site-packages/airflow/example_dags/example_subdag_operator.py
[2024-03-07T18:22:11.676+0000] {processor.py:830} INFO - Processing file /home/airflow/.local/lib/python3.11/site-packages/airflow/example_dags/example_subdag_operator.py for tasks to queue
[2024-03-07T18:22:11.682+0000] {logging_mixin.py:188} INFO - [2024-03-07T18:22:11.679+0000] {dagbag.py:540} INFO - Filling up the DagBag from /home/airflow/.local/lib/python3.11/site-packages/airflow/example_dags/example_subdag_operator.py
[2024-03-07T18:22:11.730+0000] {processor.py:840} INFO - DAG(s) 'example_subdag_operator.section-1', 'example_subdag_operator.section-2', 'example_subdag_operator' retrieved from /home/airflow/.local/lib/python3.11/site-packages/airflow/example_dags/example_subdag_operator.py
[2024-03-07T18:22:11.762+0000] {logging_mixin.py:188} INFO - [2024-03-07T18:22:11.761+0000] {dag.py:3047} INFO - Sync 3 DAGs
[2024-03-07T18:22:11.832+0000] {logging_mixin.py:188} INFO - [2024-03-07T18:22:11.831+0000] {dag.py:3834} INFO - Setting next_dagrun for example_subdag_operator to 2022-01-01 00:00:00+00:00, run_after=2022-01-01 00:00:00+00:00
[2024-03-07T18:22:11.845+0000] {logging_mixin.py:188} INFO - [2024-03-07T18:22:11.843+0000] {dag.py:3834} INFO - Setting next_dagrun for example_subdag_operator.section-1 to None, run_after=None
[2024-03-07T18:22:11.851+0000] {logging_mixin.py:188} INFO - [2024-03-07T18:22:11.850+0000] {dag.py:3834} INFO - Setting next_dagrun for example_subdag_operator.section-2 to None, run_after=None
[2024-03-07T18:22:11.886+0000] {logging_mixin.py:188} INFO - [2024-03-07T18:22:11.886+0000] {dag.py:3047} INFO - Sync 2 DAGs
[2024-03-07T18:22:11.903+0000] {logging_mixin.py:188} INFO - [2024-03-07T18:22:11.902+0000] {dag.py:3834} INFO - Setting next_dagrun for example_subdag_operator.section-1 to None, run_after=None
[2024-03-07T18:22:11.905+0000] {logging_mixin.py:188} INFO - [2024-03-07T18:22:11.904+0000] {dag.py:3834} INFO - Setting next_dagrun for example_subdag_operator.section-2 to None, run_after=None
[2024-03-07T18:22:11.940+0000] {processor.py:183} INFO - Processing /home/airflow/.local/lib/python3.11/site-packages/airflow/example_dags/example_subdag_operator.py took 0.271 seconds
[2024-03-07T18:22:43.847+0000] {processor.py:161} INFO - Started process (PID=1112) to work on /home/airflow/.local/lib/python3.11/site-packages/airflow/example_dags/example_subdag_operator.py
[2024-03-07T18:22:43.851+0000] {processor.py:830} INFO - Processing file /home/airflow/.local/lib/python3.11/site-packages/airflow/example_dags/example_subdag_operator.py for tasks to queue
[2024-03-07T18:22:43.861+0000] {logging_mixin.py:188} INFO - [2024-03-07T18:22:43.859+0000] {dagbag.py:540} INFO - Filling up the DagBag from /home/airflow/.local/lib/python3.11/site-packages/airflow/example_dags/example_subdag_operator.py
[2024-03-07T18:22:44.049+0000] {processor.py:840} INFO - DAG(s) 'example_subdag_operator.section-1', 'example_subdag_operator.section-2', 'example_subdag_operator' retrieved from /home/airflow/.local/lib/python3.11/site-packages/airflow/example_dags/example_subdag_operator.py
[2024-03-07T18:22:44.147+0000] {logging_mixin.py:188} INFO - [2024-03-07T18:22:44.146+0000] {dag.py:3047} INFO - Sync 3 DAGs
[2024-03-07T18:22:44.263+0000] {logging_mixin.py:188} INFO - [2024-03-07T18:22:44.262+0000] {dag.py:3834} INFO - Setting next_dagrun for example_subdag_operator to 2022-01-01 00:00:00+00:00, run_after=2022-01-01 00:00:00+00:00
[2024-03-07T18:22:44.281+0000] {logging_mixin.py:188} INFO - [2024-03-07T18:22:44.280+0000] {dag.py:3834} INFO - Setting next_dagrun for example_subdag_operator.section-1 to None, run_after=None
[2024-03-07T18:22:44.292+0000] {logging_mixin.py:188} INFO - [2024-03-07T18:22:44.291+0000] {dag.py:3834} INFO - Setting next_dagrun for example_subdag_operator.section-2 to None, run_after=None
[2024-03-07T18:22:44.328+0000] {logging_mixin.py:188} INFO - [2024-03-07T18:22:44.327+0000] {dag.py:3047} INFO - Sync 2 DAGs
[2024-03-07T18:22:44.355+0000] {logging_mixin.py:188} INFO - [2024-03-07T18:22:44.355+0000] {dag.py:3834} INFO - Setting next_dagrun for example_subdag_operator.section-1 to None, run_after=None
[2024-03-07T18:22:44.359+0000] {logging_mixin.py:188} INFO - [2024-03-07T18:22:44.358+0000] {dag.py:3834} INFO - Setting next_dagrun for example_subdag_operator.section-2 to None, run_after=None
[2024-03-07T18:22:44.427+0000] {processor.py:183} INFO - Processing /home/airflow/.local/lib/python3.11/site-packages/airflow/example_dags/example_subdag_operator.py took 0.589 seconds
[2024-03-07T18:23:14.965+0000] {processor.py:161} INFO - Started process (PID=1170) to work on /home/airflow/.local/lib/python3.11/site-packages/airflow/example_dags/example_subdag_operator.py
[2024-03-07T18:23:14.967+0000] {processor.py:830} INFO - Processing file /home/airflow/.local/lib/python3.11/site-packages/airflow/example_dags/example_subdag_operator.py for tasks to queue
[2024-03-07T18:23:14.973+0000] {logging_mixin.py:188} INFO - [2024-03-07T18:23:14.972+0000] {dagbag.py:540} INFO - Filling up the DagBag from /home/airflow/.local/lib/python3.11/site-packages/airflow/example_dags/example_subdag_operator.py
[2024-03-07T18:23:15.025+0000] {processor.py:840} INFO - DAG(s) 'example_subdag_operator.section-1', 'example_subdag_operator.section-2', 'example_subdag_operator' retrieved from /home/airflow/.local/lib/python3.11/site-packages/airflow/example_dags/example_subdag_operator.py
[2024-03-07T18:23:15.089+0000] {logging_mixin.py:188} INFO - [2024-03-07T18:23:15.088+0000] {dag.py:3047} INFO - Sync 3 DAGs
[2024-03-07T18:23:15.159+0000] {logging_mixin.py:188} INFO - [2024-03-07T18:23:15.157+0000] {dag.py:3834} INFO - Setting next_dagrun for example_subdag_operator to 2022-01-01 00:00:00+00:00, run_after=2022-01-01 00:00:00+00:00
[2024-03-07T18:23:15.174+0000] {logging_mixin.py:188} INFO - [2024-03-07T18:23:15.173+0000] {dag.py:3834} INFO - Setting next_dagrun for example_subdag_operator.section-1 to None, run_after=None
[2024-03-07T18:23:15.181+0000] {logging_mixin.py:188} INFO - [2024-03-07T18:23:15.180+0000] {dag.py:3834} INFO - Setting next_dagrun for example_subdag_operator.section-2 to None, run_after=None
[2024-03-07T18:23:15.210+0000] {logging_mixin.py:188} INFO - [2024-03-07T18:23:15.209+0000] {dag.py:3047} INFO - Sync 2 DAGs
[2024-03-07T18:23:15.232+0000] {logging_mixin.py:188} INFO - [2024-03-07T18:23:15.231+0000] {dag.py:3834} INFO - Setting next_dagrun for example_subdag_operator.section-1 to None, run_after=None
[2024-03-07T18:23:15.234+0000] {logging_mixin.py:188} INFO - [2024-03-07T18:23:15.233+0000] {dag.py:3834} INFO - Setting next_dagrun for example_subdag_operator.section-2 to None, run_after=None
[2024-03-07T18:23:15.274+0000] {processor.py:183} INFO - Processing /home/airflow/.local/lib/python3.11/site-packages/airflow/example_dags/example_subdag_operator.py took 0.315 seconds
[2024-03-07T18:23:46.621+0000] {processor.py:161} INFO - Started process (PID=1229) to work on /home/airflow/.local/lib/python3.11/site-packages/airflow/example_dags/example_subdag_operator.py
[2024-03-07T18:23:46.623+0000] {processor.py:830} INFO - Processing file /home/airflow/.local/lib/python3.11/site-packages/airflow/example_dags/example_subdag_operator.py for tasks to queue
[2024-03-07T18:23:46.629+0000] {logging_mixin.py:188} INFO - [2024-03-07T18:23:46.628+0000] {dagbag.py:540} INFO - Filling up the DagBag from /home/airflow/.local/lib/python3.11/site-packages/airflow/example_dags/example_subdag_operator.py
[2024-03-07T18:23:46.701+0000] {processor.py:840} INFO - DAG(s) 'example_subdag_operator.section-1', 'example_subdag_operator.section-2', 'example_subdag_operator' retrieved from /home/airflow/.local/lib/python3.11/site-packages/airflow/example_dags/example_subdag_operator.py
[2024-03-07T18:23:46.752+0000] {logging_mixin.py:188} INFO - [2024-03-07T18:23:46.751+0000] {dag.py:3047} INFO - Sync 3 DAGs
[2024-03-07T18:23:46.834+0000] {logging_mixin.py:188} INFO - [2024-03-07T18:23:46.833+0000] {dag.py:3834} INFO - Setting next_dagrun for example_subdag_operator to 2022-01-01 00:00:00+00:00, run_after=2022-01-01 00:00:00+00:00
[2024-03-07T18:23:46.843+0000] {logging_mixin.py:188} INFO - [2024-03-07T18:23:46.843+0000] {dag.py:3834} INFO - Setting next_dagrun for example_subdag_operator.section-1 to None, run_after=None
[2024-03-07T18:23:46.848+0000] {logging_mixin.py:188} INFO - [2024-03-07T18:23:46.848+0000] {dag.py:3834} INFO - Setting next_dagrun for example_subdag_operator.section-2 to None, run_after=None
[2024-03-07T18:23:46.872+0000] {logging_mixin.py:188} INFO - [2024-03-07T18:23:46.872+0000] {dag.py:3047} INFO - Sync 2 DAGs
[2024-03-07T18:23:46.886+0000] {logging_mixin.py:188} INFO - [2024-03-07T18:23:46.885+0000] {dag.py:3834} INFO - Setting next_dagrun for example_subdag_operator.section-1 to None, run_after=None
[2024-03-07T18:23:46.890+0000] {logging_mixin.py:188} INFO - [2024-03-07T18:23:46.890+0000] {dag.py:3834} INFO - Setting next_dagrun for example_subdag_operator.section-2 to None, run_after=None
[2024-03-07T18:23:46.960+0000] {processor.py:183} INFO - Processing /home/airflow/.local/lib/python3.11/site-packages/airflow/example_dags/example_subdag_operator.py took 0.345 seconds
[2024-03-07T18:24:18.910+0000] {processor.py:161} INFO - Started process (PID=1287) to work on /home/airflow/.local/lib/python3.11/site-packages/airflow/example_dags/example_subdag_operator.py
[2024-03-07T18:24:18.913+0000] {processor.py:830} INFO - Processing file /home/airflow/.local/lib/python3.11/site-packages/airflow/example_dags/example_subdag_operator.py for tasks to queue
[2024-03-07T18:24:18.917+0000] {logging_mixin.py:188} INFO - [2024-03-07T18:24:18.916+0000] {dagbag.py:540} INFO - Filling up the DagBag from /home/airflow/.local/lib/python3.11/site-packages/airflow/example_dags/example_subdag_operator.py
[2024-03-07T18:24:18.973+0000] {processor.py:840} INFO - DAG(s) 'example_subdag_operator.section-1', 'example_subdag_operator.section-2', 'example_subdag_operator' retrieved from /home/airflow/.local/lib/python3.11/site-packages/airflow/example_dags/example_subdag_operator.py
[2024-03-07T18:24:19.009+0000] {logging_mixin.py:188} INFO - [2024-03-07T18:24:19.008+0000] {dag.py:3047} INFO - Sync 3 DAGs
[2024-03-07T18:24:19.109+0000] {logging_mixin.py:188} INFO - [2024-03-07T18:24:19.107+0000] {dag.py:3834} INFO - Setting next_dagrun for example_subdag_operator to 2022-01-01 00:00:00+00:00, run_after=2022-01-01 00:00:00+00:00
[2024-03-07T18:24:19.148+0000] {logging_mixin.py:188} INFO - [2024-03-07T18:24:19.147+0000] {dag.py:3834} INFO - Setting next_dagrun for example_subdag_operator.section-1 to None, run_after=None
[2024-03-07T18:24:19.176+0000] {logging_mixin.py:188} INFO - [2024-03-07T18:24:19.163+0000] {dag.py:3834} INFO - Setting next_dagrun for example_subdag_operator.section-2 to None, run_after=None
[2024-03-07T18:24:19.252+0000] {logging_mixin.py:188} INFO - [2024-03-07T18:24:19.241+0000] {dag.py:3047} INFO - Sync 2 DAGs
[2024-03-07T18:24:19.275+0000] {logging_mixin.py:188} INFO - [2024-03-07T18:24:19.274+0000] {dag.py:3834} INFO - Setting next_dagrun for example_subdag_operator.section-1 to None, run_after=None
[2024-03-07T18:24:19.277+0000] {logging_mixin.py:188} INFO - [2024-03-07T18:24:19.276+0000] {dag.py:3834} INFO - Setting next_dagrun for example_subdag_operator.section-2 to None, run_after=None
[2024-03-07T18:24:19.331+0000] {processor.py:183} INFO - Processing /home/airflow/.local/lib/python3.11/site-packages/airflow/example_dags/example_subdag_operator.py took 0.426 seconds
[2024-03-07T18:24:50.868+0000] {processor.py:161} INFO - Started process (PID=1345) to work on /home/airflow/.local/lib/python3.11/site-packages/airflow/example_dags/example_subdag_operator.py
[2024-03-07T18:24:50.870+0000] {processor.py:830} INFO - Processing file /home/airflow/.local/lib/python3.11/site-packages/airflow/example_dags/example_subdag_operator.py for tasks to queue
[2024-03-07T18:24:50.874+0000] {logging_mixin.py:188} INFO - [2024-03-07T18:24:50.873+0000] {dagbag.py:540} INFO - Filling up the DagBag from /home/airflow/.local/lib/python3.11/site-packages/airflow/example_dags/example_subdag_operator.py
[2024-03-07T18:24:50.937+0000] {processor.py:840} INFO - DAG(s) 'example_subdag_operator.section-1', 'example_subdag_operator.section-2', 'example_subdag_operator' retrieved from /home/airflow/.local/lib/python3.11/site-packages/airflow/example_dags/example_subdag_operator.py
[2024-03-07T18:24:50.970+0000] {logging_mixin.py:188} INFO - [2024-03-07T18:24:50.969+0000] {dag.py:3047} INFO - Sync 3 DAGs
[2024-03-07T18:24:51.021+0000] {logging_mixin.py:188} INFO - [2024-03-07T18:24:51.020+0000] {dag.py:3834} INFO - Setting next_dagrun for example_subdag_operator to 2022-01-01 00:00:00+00:00, run_after=2022-01-01 00:00:00+00:00
[2024-03-07T18:24:51.031+0000] {logging_mixin.py:188} INFO - [2024-03-07T18:24:51.031+0000] {dag.py:3834} INFO - Setting next_dagrun for example_subdag_operator.section-1 to None, run_after=None
[2024-03-07T18:24:51.037+0000] {logging_mixin.py:188} INFO - [2024-03-07T18:24:51.036+0000] {dag.py:3834} INFO - Setting next_dagrun for example_subdag_operator.section-2 to None, run_after=None
[2024-03-07T18:24:51.056+0000] {logging_mixin.py:188} INFO - [2024-03-07T18:24:51.056+0000] {dag.py:3047} INFO - Sync 2 DAGs
[2024-03-07T18:24:51.071+0000] {logging_mixin.py:188} INFO - [2024-03-07T18:24:51.071+0000] {dag.py:3834} INFO - Setting next_dagrun for example_subdag_operator.section-1 to None, run_after=None
[2024-03-07T18:24:51.073+0000] {logging_mixin.py:188} INFO - [2024-03-07T18:24:51.073+0000] {dag.py:3834} INFO - Setting next_dagrun for example_subdag_operator.section-2 to None, run_after=None
[2024-03-07T18:24:51.108+0000] {processor.py:183} INFO - Processing /home/airflow/.local/lib/python3.11/site-packages/airflow/example_dags/example_subdag_operator.py took 0.244 seconds
[2024-03-07T18:25:23.559+0000] {processor.py:161} INFO - Started process (PID=1405) to work on /home/airflow/.local/lib/python3.11/site-packages/airflow/example_dags/example_subdag_operator.py
[2024-03-07T18:25:23.561+0000] {processor.py:830} INFO - Processing file /home/airflow/.local/lib/python3.11/site-packages/airflow/example_dags/example_subdag_operator.py for tasks to queue
[2024-03-07T18:25:23.565+0000] {logging_mixin.py:188} INFO - [2024-03-07T18:25:23.564+0000] {dagbag.py:540} INFO - Filling up the DagBag from /home/airflow/.local/lib/python3.11/site-packages/airflow/example_dags/example_subdag_operator.py
[2024-03-07T18:25:23.624+0000] {processor.py:840} INFO - DAG(s) 'example_subdag_operator.section-1', 'example_subdag_operator.section-2', 'example_subdag_operator' retrieved from /home/airflow/.local/lib/python3.11/site-packages/airflow/example_dags/example_subdag_operator.py
[2024-03-07T18:25:23.670+0000] {logging_mixin.py:188} INFO - [2024-03-07T18:25:23.669+0000] {dag.py:3047} INFO - Sync 3 DAGs
[2024-03-07T18:25:23.719+0000] {logging_mixin.py:188} INFO - [2024-03-07T18:25:23.718+0000] {dag.py:3834} INFO - Setting next_dagrun for example_subdag_operator to 2022-01-01 00:00:00+00:00, run_after=2022-01-01 00:00:00+00:00
[2024-03-07T18:25:23.728+0000] {logging_mixin.py:188} INFO - [2024-03-07T18:25:23.728+0000] {dag.py:3834} INFO - Setting next_dagrun for example_subdag_operator.section-1 to None, run_after=None
[2024-03-07T18:25:23.733+0000] {logging_mixin.py:188} INFO - [2024-03-07T18:25:23.733+0000] {dag.py:3834} INFO - Setting next_dagrun for example_subdag_operator.section-2 to None, run_after=None
[2024-03-07T18:25:23.752+0000] {logging_mixin.py:188} INFO - [2024-03-07T18:25:23.751+0000] {dag.py:3047} INFO - Sync 2 DAGs
[2024-03-07T18:25:23.769+0000] {logging_mixin.py:188} INFO - [2024-03-07T18:25:23.769+0000] {dag.py:3834} INFO - Setting next_dagrun for example_subdag_operator.section-1 to None, run_after=None
[2024-03-07T18:25:23.771+0000] {logging_mixin.py:188} INFO - [2024-03-07T18:25:23.771+0000] {dag.py:3834} INFO - Setting next_dagrun for example_subdag_operator.section-2 to None, run_after=None
[2024-03-07T18:25:23.807+0000] {processor.py:183} INFO - Processing /home/airflow/.local/lib/python3.11/site-packages/airflow/example_dags/example_subdag_operator.py took 0.252 seconds
[2024-03-07T18:25:55.572+0000] {processor.py:161} INFO - Started process (PID=1462) to work on /home/airflow/.local/lib/python3.11/site-packages/airflow/example_dags/example_subdag_operator.py
[2024-03-07T18:25:55.575+0000] {processor.py:830} INFO - Processing file /home/airflow/.local/lib/python3.11/site-packages/airflow/example_dags/example_subdag_operator.py for tasks to queue
[2024-03-07T18:25:55.580+0000] {logging_mixin.py:188} INFO - [2024-03-07T18:25:55.578+0000] {dagbag.py:540} INFO - Filling up the DagBag from /home/airflow/.local/lib/python3.11/site-packages/airflow/example_dags/example_subdag_operator.py
[2024-03-07T18:25:55.633+0000] {processor.py:840} INFO - DAG(s) 'example_subdag_operator.section-1', 'example_subdag_operator.section-2', 'example_subdag_operator' retrieved from /home/airflow/.local/lib/python3.11/site-packages/airflow/example_dags/example_subdag_operator.py
[2024-03-07T18:25:55.685+0000] {logging_mixin.py:188} INFO - [2024-03-07T18:25:55.684+0000] {dag.py:3047} INFO - Sync 3 DAGs
[2024-03-07T18:25:55.755+0000] {logging_mixin.py:188} INFO - [2024-03-07T18:25:55.755+0000] {dag.py:3834} INFO - Setting next_dagrun for example_subdag_operator to 2022-01-01 00:00:00+00:00, run_after=2022-01-01 00:00:00+00:00
[2024-03-07T18:25:55.768+0000] {logging_mixin.py:188} INFO - [2024-03-07T18:25:55.767+0000] {dag.py:3834} INFO - Setting next_dagrun for example_subdag_operator.section-1 to None, run_after=None
[2024-03-07T18:25:55.772+0000] {logging_mixin.py:188} INFO - [2024-03-07T18:25:55.772+0000] {dag.py:3834} INFO - Setting next_dagrun for example_subdag_operator.section-2 to None, run_after=None
[2024-03-07T18:25:55.792+0000] {logging_mixin.py:188} INFO - [2024-03-07T18:25:55.792+0000] {dag.py:3047} INFO - Sync 2 DAGs
[2024-03-07T18:25:55.808+0000] {logging_mixin.py:188} INFO - [2024-03-07T18:25:55.807+0000] {dag.py:3834} INFO - Setting next_dagrun for example_subdag_operator.section-1 to None, run_after=None
[2024-03-07T18:25:55.810+0000] {logging_mixin.py:188} INFO - [2024-03-07T18:25:55.809+0000] {dag.py:3834} INFO - Setting next_dagrun for example_subdag_operator.section-2 to None, run_after=None
[2024-03-07T18:25:55.844+0000] {processor.py:183} INFO - Processing /home/airflow/.local/lib/python3.11/site-packages/airflow/example_dags/example_subdag_operator.py took 0.278 seconds
[2024-03-07T18:26:27.339+0000] {processor.py:161} INFO - Started process (PID=1520) to work on /home/airflow/.local/lib/python3.11/site-packages/airflow/example_dags/example_subdag_operator.py
[2024-03-07T18:26:27.342+0000] {processor.py:830} INFO - Processing file /home/airflow/.local/lib/python3.11/site-packages/airflow/example_dags/example_subdag_operator.py for tasks to queue
[2024-03-07T18:26:27.346+0000] {logging_mixin.py:188} INFO - [2024-03-07T18:26:27.345+0000] {dagbag.py:540} INFO - Filling up the DagBag from /home/airflow/.local/lib/python3.11/site-packages/airflow/example_dags/example_subdag_operator.py
[2024-03-07T18:26:27.398+0000] {processor.py:840} INFO - DAG(s) 'example_subdag_operator.section-1', 'example_subdag_operator.section-2', 'example_subdag_operator' retrieved from /home/airflow/.local/lib/python3.11/site-packages/airflow/example_dags/example_subdag_operator.py
[2024-03-07T18:26:27.436+0000] {logging_mixin.py:188} INFO - [2024-03-07T18:26:27.435+0000] {dag.py:3047} INFO - Sync 3 DAGs
[2024-03-07T18:26:27.486+0000] {logging_mixin.py:188} INFO - [2024-03-07T18:26:27.485+0000] {dag.py:3834} INFO - Setting next_dagrun for example_subdag_operator to 2022-01-01 00:00:00+00:00, run_after=2022-01-01 00:00:00+00:00
[2024-03-07T18:26:27.503+0000] {logging_mixin.py:188} INFO - [2024-03-07T18:26:27.502+0000] {dag.py:3834} INFO - Setting next_dagrun for example_subdag_operator.section-1 to None, run_after=None
[2024-03-07T18:26:27.509+0000] {logging_mixin.py:188} INFO - [2024-03-07T18:26:27.509+0000] {dag.py:3834} INFO - Setting next_dagrun for example_subdag_operator.section-2 to None, run_after=None
[2024-03-07T18:26:27.530+0000] {logging_mixin.py:188} INFO - [2024-03-07T18:26:27.530+0000] {dag.py:3047} INFO - Sync 2 DAGs
[2024-03-07T18:26:27.545+0000] {logging_mixin.py:188} INFO - [2024-03-07T18:26:27.544+0000] {dag.py:3834} INFO - Setting next_dagrun for example_subdag_operator.section-1 to None, run_after=None
[2024-03-07T18:26:27.546+0000] {logging_mixin.py:188} INFO - [2024-03-07T18:26:27.546+0000] {dag.py:3834} INFO - Setting next_dagrun for example_subdag_operator.section-2 to None, run_after=None
[2024-03-07T18:26:27.586+0000] {processor.py:183} INFO - Processing /home/airflow/.local/lib/python3.11/site-packages/airflow/example_dags/example_subdag_operator.py took 0.253 seconds
[2024-03-07T18:27:00.206+0000] {processor.py:161} INFO - Started process (PID=1580) to work on /home/airflow/.local/lib/python3.11/site-packages/airflow/example_dags/example_subdag_operator.py
[2024-03-07T18:27:00.209+0000] {processor.py:830} INFO - Processing file /home/airflow/.local/lib/python3.11/site-packages/airflow/example_dags/example_subdag_operator.py for tasks to queue
[2024-03-07T18:27:00.214+0000] {logging_mixin.py:188} INFO - [2024-03-07T18:27:00.213+0000] {dagbag.py:540} INFO - Filling up the DagBag from /home/airflow/.local/lib/python3.11/site-packages/airflow/example_dags/example_subdag_operator.py
[2024-03-07T18:27:00.265+0000] {processor.py:840} INFO - DAG(s) 'example_subdag_operator.section-1', 'example_subdag_operator.section-2', 'example_subdag_operator' retrieved from /home/airflow/.local/lib/python3.11/site-packages/airflow/example_dags/example_subdag_operator.py
[2024-03-07T18:27:00.306+0000] {logging_mixin.py:188} INFO - [2024-03-07T18:27:00.306+0000] {dag.py:3047} INFO - Sync 3 DAGs
[2024-03-07T18:27:00.354+0000] {logging_mixin.py:188} INFO - [2024-03-07T18:27:00.354+0000] {dag.py:3834} INFO - Setting next_dagrun for example_subdag_operator to 2022-01-01 00:00:00+00:00, run_after=2022-01-01 00:00:00+00:00
[2024-03-07T18:27:00.363+0000] {logging_mixin.py:188} INFO - [2024-03-07T18:27:00.363+0000] {dag.py:3834} INFO - Setting next_dagrun for example_subdag_operator.section-1 to None, run_after=None
[2024-03-07T18:27:00.368+0000] {logging_mixin.py:188} INFO - [2024-03-07T18:27:00.367+0000] {dag.py:3834} INFO - Setting next_dagrun for example_subdag_operator.section-2 to None, run_after=None
[2024-03-07T18:27:00.386+0000] {logging_mixin.py:188} INFO - [2024-03-07T18:27:00.386+0000] {dag.py:3047} INFO - Sync 2 DAGs
[2024-03-07T18:27:00.403+0000] {logging_mixin.py:188} INFO - [2024-03-07T18:27:00.403+0000] {dag.py:3834} INFO - Setting next_dagrun for example_subdag_operator.section-1 to None, run_after=None
[2024-03-07T18:27:00.425+0000] {logging_mixin.py:188} INFO - [2024-03-07T18:27:00.424+0000] {dag.py:3834} INFO - Setting next_dagrun for example_subdag_operator.section-2 to None, run_after=None
[2024-03-07T18:27:00.462+0000] {processor.py:183} INFO - Processing /home/airflow/.local/lib/python3.11/site-packages/airflow/example_dags/example_subdag_operator.py took 0.261 seconds
[2024-03-07T18:27:32.551+0000] {processor.py:161} INFO - Started process (PID=1637) to work on /home/airflow/.local/lib/python3.11/site-packages/airflow/example_dags/example_subdag_operator.py
[2024-03-07T18:27:32.553+0000] {processor.py:830} INFO - Processing file /home/airflow/.local/lib/python3.11/site-packages/airflow/example_dags/example_subdag_operator.py for tasks to queue
[2024-03-07T18:27:32.559+0000] {logging_mixin.py:188} INFO - [2024-03-07T18:27:32.558+0000] {dagbag.py:540} INFO - Filling up the DagBag from /home/airflow/.local/lib/python3.11/site-packages/airflow/example_dags/example_subdag_operator.py
[2024-03-07T18:27:32.625+0000] {processor.py:840} INFO - DAG(s) 'example_subdag_operator.section-1', 'example_subdag_operator.section-2', 'example_subdag_operator' retrieved from /home/airflow/.local/lib/python3.11/site-packages/airflow/example_dags/example_subdag_operator.py
[2024-03-07T18:27:32.658+0000] {logging_mixin.py:188} INFO - [2024-03-07T18:27:32.658+0000] {dag.py:3047} INFO - Sync 3 DAGs
[2024-03-07T18:27:32.704+0000] {logging_mixin.py:188} INFO - [2024-03-07T18:27:32.704+0000] {dag.py:3834} INFO - Setting next_dagrun for example_subdag_operator to 2022-01-01 00:00:00+00:00, run_after=2022-01-01 00:00:00+00:00
[2024-03-07T18:27:32.714+0000] {logging_mixin.py:188} INFO - [2024-03-07T18:27:32.714+0000] {dag.py:3834} INFO - Setting next_dagrun for example_subdag_operator.section-1 to None, run_after=None
[2024-03-07T18:27:32.719+0000] {logging_mixin.py:188} INFO - [2024-03-07T18:27:32.719+0000] {dag.py:3834} INFO - Setting next_dagrun for example_subdag_operator.section-2 to None, run_after=None
[2024-03-07T18:27:32.739+0000] {logging_mixin.py:188} INFO - [2024-03-07T18:27:32.738+0000] {dag.py:3047} INFO - Sync 2 DAGs
[2024-03-07T18:27:32.755+0000] {logging_mixin.py:188} INFO - [2024-03-07T18:27:32.755+0000] {dag.py:3834} INFO - Setting next_dagrun for example_subdag_operator.section-1 to None, run_after=None
[2024-03-07T18:27:32.757+0000] {logging_mixin.py:188} INFO - [2024-03-07T18:27:32.757+0000] {dag.py:3834} INFO - Setting next_dagrun for example_subdag_operator.section-2 to None, run_after=None
[2024-03-07T18:27:32.793+0000] {processor.py:183} INFO - Processing /home/airflow/.local/lib/python3.11/site-packages/airflow/example_dags/example_subdag_operator.py took 0.248 seconds
[2024-03-07T18:28:04.712+0000] {processor.py:161} INFO - Started process (PID=1695) to work on /home/airflow/.local/lib/python3.11/site-packages/airflow/example_dags/example_subdag_operator.py
[2024-03-07T18:28:04.714+0000] {processor.py:830} INFO - Processing file /home/airflow/.local/lib/python3.11/site-packages/airflow/example_dags/example_subdag_operator.py for tasks to queue
[2024-03-07T18:28:04.721+0000] {logging_mixin.py:188} INFO - [2024-03-07T18:28:04.720+0000] {dagbag.py:540} INFO - Filling up the DagBag from /home/airflow/.local/lib/python3.11/site-packages/airflow/example_dags/example_subdag_operator.py
[2024-03-07T18:28:04.790+0000] {processor.py:840} INFO - DAG(s) 'example_subdag_operator.section-1', 'example_subdag_operator.section-2', 'example_subdag_operator' retrieved from /home/airflow/.local/lib/python3.11/site-packages/airflow/example_dags/example_subdag_operator.py
[2024-03-07T18:28:04.830+0000] {logging_mixin.py:188} INFO - [2024-03-07T18:28:04.829+0000] {dag.py:3047} INFO - Sync 3 DAGs
[2024-03-07T18:28:04.884+0000] {logging_mixin.py:188} INFO - [2024-03-07T18:28:04.883+0000] {dag.py:3834} INFO - Setting next_dagrun for example_subdag_operator to 2022-01-01 00:00:00+00:00, run_after=2022-01-01 00:00:00+00:00
[2024-03-07T18:28:04.894+0000] {logging_mixin.py:188} INFO - [2024-03-07T18:28:04.894+0000] {dag.py:3834} INFO - Setting next_dagrun for example_subdag_operator.section-1 to None, run_after=None
[2024-03-07T18:28:04.900+0000] {logging_mixin.py:188} INFO - [2024-03-07T18:28:04.899+0000] {dag.py:3834} INFO - Setting next_dagrun for example_subdag_operator.section-2 to None, run_after=None
[2024-03-07T18:28:04.925+0000] {logging_mixin.py:188} INFO - [2024-03-07T18:28:04.924+0000] {dag.py:3047} INFO - Sync 2 DAGs
[2024-03-07T18:28:04.954+0000] {logging_mixin.py:188} INFO - [2024-03-07T18:28:04.949+0000] {dag.py:3834} INFO - Setting next_dagrun for example_subdag_operator.section-1 to None, run_after=None
[2024-03-07T18:28:04.956+0000] {logging_mixin.py:188} INFO - [2024-03-07T18:28:04.956+0000] {dag.py:3834} INFO - Setting next_dagrun for example_subdag_operator.section-2 to None, run_after=None
[2024-03-07T18:28:05.011+0000] {processor.py:183} INFO - Processing /home/airflow/.local/lib/python3.11/site-packages/airflow/example_dags/example_subdag_operator.py took 0.307 seconds
[2024-03-07T18:28:37.836+0000] {processor.py:161} INFO - Started process (PID=1753) to work on /home/airflow/.local/lib/python3.11/site-packages/airflow/example_dags/example_subdag_operator.py
[2024-03-07T18:28:37.839+0000] {processor.py:830} INFO - Processing file /home/airflow/.local/lib/python3.11/site-packages/airflow/example_dags/example_subdag_operator.py for tasks to queue
[2024-03-07T18:28:37.845+0000] {logging_mixin.py:188} INFO - [2024-03-07T18:28:37.844+0000] {dagbag.py:540} INFO - Filling up the DagBag from /home/airflow/.local/lib/python3.11/site-packages/airflow/example_dags/example_subdag_operator.py
[2024-03-07T18:28:37.926+0000] {processor.py:840} INFO - DAG(s) 'example_subdag_operator.section-1', 'example_subdag_operator.section-2', 'example_subdag_operator' retrieved from /home/airflow/.local/lib/python3.11/site-packages/airflow/example_dags/example_subdag_operator.py
[2024-03-07T18:28:37.973+0000] {logging_mixin.py:188} INFO - [2024-03-07T18:28:37.972+0000] {dag.py:3047} INFO - Sync 3 DAGs
[2024-03-07T18:28:38.038+0000] {logging_mixin.py:188} INFO - [2024-03-07T18:28:38.038+0000] {dag.py:3834} INFO - Setting next_dagrun for example_subdag_operator to 2022-01-01 00:00:00+00:00, run_after=2022-01-01 00:00:00+00:00
[2024-03-07T18:28:38.049+0000] {logging_mixin.py:188} INFO - [2024-03-07T18:28:38.048+0000] {dag.py:3834} INFO - Setting next_dagrun for example_subdag_operator.section-1 to None, run_after=None
[2024-03-07T18:28:38.054+0000] {logging_mixin.py:188} INFO - [2024-03-07T18:28:38.053+0000] {dag.py:3834} INFO - Setting next_dagrun for example_subdag_operator.section-2 to None, run_after=None
[2024-03-07T18:28:38.072+0000] {logging_mixin.py:188} INFO - [2024-03-07T18:28:38.072+0000] {dag.py:3047} INFO - Sync 2 DAGs
[2024-03-07T18:28:38.087+0000] {logging_mixin.py:188} INFO - [2024-03-07T18:28:38.087+0000] {dag.py:3834} INFO - Setting next_dagrun for example_subdag_operator.section-1 to None, run_after=None
[2024-03-07T18:28:38.089+0000] {logging_mixin.py:188} INFO - [2024-03-07T18:28:38.089+0000] {dag.py:3834} INFO - Setting next_dagrun for example_subdag_operator.section-2 to None, run_after=None
[2024-03-07T18:28:38.157+0000] {processor.py:183} INFO - Processing /home/airflow/.local/lib/python3.11/site-packages/airflow/example_dags/example_subdag_operator.py took 0.334 seconds
[2024-03-07T18:29:08.792+0000] {processor.py:161} INFO - Started process (PID=1812) to work on /home/airflow/.local/lib/python3.11/site-packages/airflow/example_dags/example_subdag_operator.py
[2024-03-07T18:29:08.794+0000] {processor.py:830} INFO - Processing file /home/airflow/.local/lib/python3.11/site-packages/airflow/example_dags/example_subdag_operator.py for tasks to queue
[2024-03-07T18:29:08.799+0000] {logging_mixin.py:188} INFO - [2024-03-07T18:29:08.798+0000] {dagbag.py:540} INFO - Filling up the DagBag from /home/airflow/.local/lib/python3.11/site-packages/airflow/example_dags/example_subdag_operator.py
[2024-03-07T18:29:08.850+0000] {processor.py:840} INFO - DAG(s) 'example_subdag_operator.section-1', 'example_subdag_operator.section-2', 'example_subdag_operator' retrieved from /home/airflow/.local/lib/python3.11/site-packages/airflow/example_dags/example_subdag_operator.py
[2024-03-07T18:29:08.892+0000] {logging_mixin.py:188} INFO - [2024-03-07T18:29:08.892+0000] {dag.py:3047} INFO - Sync 3 DAGs
[2024-03-07T18:29:08.984+0000] {logging_mixin.py:188} INFO - [2024-03-07T18:29:08.983+0000] {dag.py:3834} INFO - Setting next_dagrun for example_subdag_operator to 2022-01-01 00:00:00+00:00, run_after=2022-01-01 00:00:00+00:00
[2024-03-07T18:29:09.005+0000] {logging_mixin.py:188} INFO - [2024-03-07T18:29:09.005+0000] {dag.py:3834} INFO - Setting next_dagrun for example_subdag_operator.section-1 to None, run_after=None
[2024-03-07T18:29:09.011+0000] {logging_mixin.py:188} INFO - [2024-03-07T18:29:09.010+0000] {dag.py:3834} INFO - Setting next_dagrun for example_subdag_operator.section-2 to None, run_after=None
[2024-03-07T18:29:09.041+0000] {logging_mixin.py:188} INFO - [2024-03-07T18:29:09.040+0000] {dag.py:3047} INFO - Sync 2 DAGs
[2024-03-07T18:29:09.056+0000] {logging_mixin.py:188} INFO - [2024-03-07T18:29:09.056+0000] {dag.py:3834} INFO - Setting next_dagrun for example_subdag_operator.section-1 to None, run_after=None
[2024-03-07T18:29:09.058+0000] {logging_mixin.py:188} INFO - [2024-03-07T18:29:09.058+0000] {dag.py:3834} INFO - Setting next_dagrun for example_subdag_operator.section-2 to None, run_after=None
[2024-03-07T18:29:09.097+0000] {processor.py:183} INFO - Processing /home/airflow/.local/lib/python3.11/site-packages/airflow/example_dags/example_subdag_operator.py took 0.310 seconds
