[2024-03-07T18:13:19.985+0000] {processor.py:161} INFO - Started process (PID=78) to work on /home/airflow/.local/lib/python3.11/site-packages/airflow/example_dags/example_latest_only_with_trigger.py
[2024-03-07T18:13:19.991+0000] {processor.py:830} INFO - Processing file /home/airflow/.local/lib/python3.11/site-packages/airflow/example_dags/example_latest_only_with_trigger.py for tasks to queue
[2024-03-07T18:13:20.014+0000] {logging_mixin.py:188} INFO - [2024-03-07T18:13:20.004+0000] {dagbag.py:540} INFO - Filling up the DagBag from /home/airflow/.local/lib/python3.11/site-packages/airflow/example_dags/example_latest_only_with_trigger.py
[2024-03-07T18:13:20.036+0000] {processor.py:840} INFO - DAG(s) 'latest_only_with_trigger' retrieved from /home/airflow/.local/lib/python3.11/site-packages/airflow/example_dags/example_latest_only_with_trigger.py
[2024-03-07T18:13:20.154+0000] {logging_mixin.py:188} INFO - [2024-03-07T18:13:20.153+0000] {dag.py:3047} INFO - Sync 1 DAGs
[2024-03-07T18:13:20.350+0000] {logging_mixin.py:188} INFO - [2024-03-07T18:13:20.348+0000] {dag.py:3834} INFO - Setting next_dagrun for latest_only_with_trigger to 2024-03-07 12:00:00+00:00, run_after=2024-03-07 16:00:00+00:00
[2024-03-07T18:13:20.626+0000] {processor.py:183} INFO - Processing /home/airflow/.local/lib/python3.11/site-packages/airflow/example_dags/example_latest_only_with_trigger.py took 0.654 seconds
[2024-03-07T18:13:50.895+0000] {processor.py:161} INFO - Started process (PID=136) to work on /home/airflow/.local/lib/python3.11/site-packages/airflow/example_dags/example_latest_only_with_trigger.py
[2024-03-07T18:13:50.908+0000] {processor.py:830} INFO - Processing file /home/airflow/.local/lib/python3.11/site-packages/airflow/example_dags/example_latest_only_with_trigger.py for tasks to queue
[2024-03-07T18:13:50.913+0000] {logging_mixin.py:188} INFO - [2024-03-07T18:13:50.912+0000] {dagbag.py:540} INFO - Filling up the DagBag from /home/airflow/.local/lib/python3.11/site-packages/airflow/example_dags/example_latest_only_with_trigger.py
[2024-03-07T18:13:50.944+0000] {processor.py:840} INFO - DAG(s) 'latest_only_with_trigger' retrieved from /home/airflow/.local/lib/python3.11/site-packages/airflow/example_dags/example_latest_only_with_trigger.py
[2024-03-07T18:13:51.080+0000] {logging_mixin.py:188} INFO - [2024-03-07T18:13:51.079+0000] {dag.py:3047} INFO - Sync 1 DAGs
[2024-03-07T18:13:51.234+0000] {logging_mixin.py:188} INFO - [2024-03-07T18:13:51.233+0000] {dag.py:3834} INFO - Setting next_dagrun for latest_only_with_trigger to 2024-03-07 12:00:00+00:00, run_after=2024-03-07 16:00:00+00:00
[2024-03-07T18:13:51.350+0000] {processor.py:183} INFO - Processing /home/airflow/.local/lib/python3.11/site-packages/airflow/example_dags/example_latest_only_with_trigger.py took 0.460 seconds
[2024-03-07T18:14:22.629+0000] {processor.py:161} INFO - Started process (PID=194) to work on /home/airflow/.local/lib/python3.11/site-packages/airflow/example_dags/example_latest_only_with_trigger.py
[2024-03-07T18:14:22.633+0000] {processor.py:830} INFO - Processing file /home/airflow/.local/lib/python3.11/site-packages/airflow/example_dags/example_latest_only_with_trigger.py for tasks to queue
[2024-03-07T18:14:22.647+0000] {logging_mixin.py:188} INFO - [2024-03-07T18:14:22.646+0000] {dagbag.py:540} INFO - Filling up the DagBag from /home/airflow/.local/lib/python3.11/site-packages/airflow/example_dags/example_latest_only_with_trigger.py
[2024-03-07T18:14:22.671+0000] {processor.py:840} INFO - DAG(s) 'latest_only_with_trigger' retrieved from /home/airflow/.local/lib/python3.11/site-packages/airflow/example_dags/example_latest_only_with_trigger.py
[2024-03-07T18:14:22.792+0000] {logging_mixin.py:188} INFO - [2024-03-07T18:14:22.791+0000] {dag.py:3047} INFO - Sync 1 DAGs
[2024-03-07T18:14:22.977+0000] {logging_mixin.py:188} INFO - [2024-03-07T18:14:22.969+0000] {dag.py:3834} INFO - Setting next_dagrun for latest_only_with_trigger to 2024-03-07 12:00:00+00:00, run_after=2024-03-07 16:00:00+00:00
[2024-03-07T18:14:23.154+0000] {processor.py:183} INFO - Processing /home/airflow/.local/lib/python3.11/site-packages/airflow/example_dags/example_latest_only_with_trigger.py took 0.540 seconds
[2024-03-07T18:14:54.790+0000] {processor.py:161} INFO - Started process (PID=251) to work on /home/airflow/.local/lib/python3.11/site-packages/airflow/example_dags/example_latest_only_with_trigger.py
[2024-03-07T18:14:54.796+0000] {processor.py:830} INFO - Processing file /home/airflow/.local/lib/python3.11/site-packages/airflow/example_dags/example_latest_only_with_trigger.py for tasks to queue
[2024-03-07T18:14:54.804+0000] {logging_mixin.py:188} INFO - [2024-03-07T18:14:54.802+0000] {dagbag.py:540} INFO - Filling up the DagBag from /home/airflow/.local/lib/python3.11/site-packages/airflow/example_dags/example_latest_only_with_trigger.py
[2024-03-07T18:14:54.826+0000] {processor.py:840} INFO - DAG(s) 'latest_only_with_trigger' retrieved from /home/airflow/.local/lib/python3.11/site-packages/airflow/example_dags/example_latest_only_with_trigger.py
[2024-03-07T18:14:54.876+0000] {logging_mixin.py:188} INFO - [2024-03-07T18:14:54.875+0000] {dag.py:3047} INFO - Sync 1 DAGs
[2024-03-07T18:14:55.109+0000] {logging_mixin.py:188} INFO - [2024-03-07T18:14:55.102+0000] {dag.py:3834} INFO - Setting next_dagrun for latest_only_with_trigger to 2024-03-07 12:00:00+00:00, run_after=2024-03-07 16:00:00+00:00
[2024-03-07T18:14:55.263+0000] {processor.py:183} INFO - Processing /home/airflow/.local/lib/python3.11/site-packages/airflow/example_dags/example_latest_only_with_trigger.py took 0.487 seconds
[2024-03-07T18:15:28.392+0000] {processor.py:161} INFO - Started process (PID=310) to work on /home/airflow/.local/lib/python3.11/site-packages/airflow/example_dags/example_latest_only_with_trigger.py
[2024-03-07T18:15:28.396+0000] {processor.py:830} INFO - Processing file /home/airflow/.local/lib/python3.11/site-packages/airflow/example_dags/example_latest_only_with_trigger.py for tasks to queue
[2024-03-07T18:15:28.410+0000] {logging_mixin.py:188} INFO - [2024-03-07T18:15:28.409+0000] {dagbag.py:540} INFO - Filling up the DagBag from /home/airflow/.local/lib/python3.11/site-packages/airflow/example_dags/example_latest_only_with_trigger.py
[2024-03-07T18:15:28.450+0000] {processor.py:840} INFO - DAG(s) 'latest_only_with_trigger' retrieved from /home/airflow/.local/lib/python3.11/site-packages/airflow/example_dags/example_latest_only_with_trigger.py
[2024-03-07T18:15:29.228+0000] {logging_mixin.py:188} INFO - [2024-03-07T18:15:29.225+0000] {dag.py:3047} INFO - Sync 1 DAGs
[2024-03-07T18:15:29.492+0000] {logging_mixin.py:188} INFO - [2024-03-07T18:15:29.491+0000] {dag.py:3834} INFO - Setting next_dagrun for latest_only_with_trigger to 2024-03-07 12:00:00+00:00, run_after=2024-03-07 16:00:00+00:00
[2024-03-07T18:15:29.664+0000] {processor.py:183} INFO - Processing /home/airflow/.local/lib/python3.11/site-packages/airflow/example_dags/example_latest_only_with_trigger.py took 1.288 seconds
[2024-03-07T18:16:00.071+0000] {processor.py:161} INFO - Started process (PID=368) to work on /home/airflow/.local/lib/python3.11/site-packages/airflow/example_dags/example_latest_only_with_trigger.py
[2024-03-07T18:16:00.075+0000] {processor.py:830} INFO - Processing file /home/airflow/.local/lib/python3.11/site-packages/airflow/example_dags/example_latest_only_with_trigger.py for tasks to queue
[2024-03-07T18:16:00.084+0000] {logging_mixin.py:188} INFO - [2024-03-07T18:16:00.082+0000] {dagbag.py:540} INFO - Filling up the DagBag from /home/airflow/.local/lib/python3.11/site-packages/airflow/example_dags/example_latest_only_with_trigger.py
[2024-03-07T18:16:00.106+0000] {processor.py:840} INFO - DAG(s) 'latest_only_with_trigger' retrieved from /home/airflow/.local/lib/python3.11/site-packages/airflow/example_dags/example_latest_only_with_trigger.py
[2024-03-07T18:16:00.185+0000] {logging_mixin.py:188} INFO - [2024-03-07T18:16:00.184+0000] {dag.py:3047} INFO - Sync 1 DAGs
[2024-03-07T18:16:00.258+0000] {logging_mixin.py:188} INFO - [2024-03-07T18:16:00.258+0000] {dag.py:3834} INFO - Setting next_dagrun for latest_only_with_trigger to 2024-03-07 12:00:00+00:00, run_after=2024-03-07 16:00:00+00:00
[2024-03-07T18:16:00.334+0000] {processor.py:183} INFO - Processing /home/airflow/.local/lib/python3.11/site-packages/airflow/example_dags/example_latest_only_with_trigger.py took 0.275 seconds
[2024-03-07T18:16:30.590+0000] {processor.py:161} INFO - Started process (PID=426) to work on /home/airflow/.local/lib/python3.11/site-packages/airflow/example_dags/example_latest_only_with_trigger.py
[2024-03-07T18:16:30.596+0000] {processor.py:830} INFO - Processing file /home/airflow/.local/lib/python3.11/site-packages/airflow/example_dags/example_latest_only_with_trigger.py for tasks to queue
[2024-03-07T18:16:30.602+0000] {logging_mixin.py:188} INFO - [2024-03-07T18:16:30.601+0000] {dagbag.py:540} INFO - Filling up the DagBag from /home/airflow/.local/lib/python3.11/site-packages/airflow/example_dags/example_latest_only_with_trigger.py
[2024-03-07T18:16:30.617+0000] {processor.py:840} INFO - DAG(s) 'latest_only_with_trigger' retrieved from /home/airflow/.local/lib/python3.11/site-packages/airflow/example_dags/example_latest_only_with_trigger.py
[2024-03-07T18:16:30.676+0000] {logging_mixin.py:188} INFO - [2024-03-07T18:16:30.674+0000] {dag.py:3047} INFO - Sync 1 DAGs
[2024-03-07T18:16:30.806+0000] {logging_mixin.py:188} INFO - [2024-03-07T18:16:30.801+0000] {dag.py:3834} INFO - Setting next_dagrun for latest_only_with_trigger to 2024-03-07 12:00:00+00:00, run_after=2024-03-07 16:00:00+00:00
[2024-03-07T18:16:30.888+0000] {processor.py:183} INFO - Processing /home/airflow/.local/lib/python3.11/site-packages/airflow/example_dags/example_latest_only_with_trigger.py took 0.306 seconds
[2024-03-07T18:17:01.965+0000] {processor.py:161} INFO - Started process (PID=484) to work on /home/airflow/.local/lib/python3.11/site-packages/airflow/example_dags/example_latest_only_with_trigger.py
[2024-03-07T18:17:01.970+0000] {processor.py:830} INFO - Processing file /home/airflow/.local/lib/python3.11/site-packages/airflow/example_dags/example_latest_only_with_trigger.py for tasks to queue
[2024-03-07T18:17:01.978+0000] {logging_mixin.py:188} INFO - [2024-03-07T18:17:01.976+0000] {dagbag.py:540} INFO - Filling up the DagBag from /home/airflow/.local/lib/python3.11/site-packages/airflow/example_dags/example_latest_only_with_trigger.py
[2024-03-07T18:17:02.002+0000] {processor.py:840} INFO - DAG(s) 'latest_only_with_trigger' retrieved from /home/airflow/.local/lib/python3.11/site-packages/airflow/example_dags/example_latest_only_with_trigger.py
[2024-03-07T18:17:02.093+0000] {logging_mixin.py:188} INFO - [2024-03-07T18:17:02.093+0000] {dag.py:3047} INFO - Sync 1 DAGs
[2024-03-07T18:17:02.208+0000] {logging_mixin.py:188} INFO - [2024-03-07T18:17:02.207+0000] {dag.py:3834} INFO - Setting next_dagrun for latest_only_with_trigger to 2024-03-07 12:00:00+00:00, run_after=2024-03-07 16:00:00+00:00
[2024-03-07T18:17:02.275+0000] {processor.py:183} INFO - Processing /home/airflow/.local/lib/python3.11/site-packages/airflow/example_dags/example_latest_only_with_trigger.py took 0.321 seconds
[2024-03-07T18:17:32.577+0000] {processor.py:161} INFO - Started process (PID=541) to work on /home/airflow/.local/lib/python3.11/site-packages/airflow/example_dags/example_latest_only_with_trigger.py
[2024-03-07T18:17:32.581+0000] {processor.py:830} INFO - Processing file /home/airflow/.local/lib/python3.11/site-packages/airflow/example_dags/example_latest_only_with_trigger.py for tasks to queue
[2024-03-07T18:17:32.585+0000] {logging_mixin.py:188} INFO - [2024-03-07T18:17:32.584+0000] {dagbag.py:540} INFO - Filling up the DagBag from /home/airflow/.local/lib/python3.11/site-packages/airflow/example_dags/example_latest_only_with_trigger.py
[2024-03-07T18:17:32.602+0000] {processor.py:840} INFO - DAG(s) 'latest_only_with_trigger' retrieved from /home/airflow/.local/lib/python3.11/site-packages/airflow/example_dags/example_latest_only_with_trigger.py
[2024-03-07T18:17:32.654+0000] {logging_mixin.py:188} INFO - [2024-03-07T18:17:32.653+0000] {dag.py:3047} INFO - Sync 1 DAGs
[2024-03-07T18:17:32.721+0000] {logging_mixin.py:188} INFO - [2024-03-07T18:17:32.720+0000] {dag.py:3834} INFO - Setting next_dagrun for latest_only_with_trigger to 2024-03-07 12:00:00+00:00, run_after=2024-03-07 16:00:00+00:00
[2024-03-07T18:17:32.787+0000] {processor.py:183} INFO - Processing /home/airflow/.local/lib/python3.11/site-packages/airflow/example_dags/example_latest_only_with_trigger.py took 0.217 seconds
[2024-03-07T18:18:03.064+0000] {processor.py:161} INFO - Started process (PID=599) to work on /home/airflow/.local/lib/python3.11/site-packages/airflow/example_dags/example_latest_only_with_trigger.py
[2024-03-07T18:18:03.067+0000] {processor.py:830} INFO - Processing file /home/airflow/.local/lib/python3.11/site-packages/airflow/example_dags/example_latest_only_with_trigger.py for tasks to queue
[2024-03-07T18:18:03.071+0000] {logging_mixin.py:188} INFO - [2024-03-07T18:18:03.071+0000] {dagbag.py:540} INFO - Filling up the DagBag from /home/airflow/.local/lib/python3.11/site-packages/airflow/example_dags/example_latest_only_with_trigger.py
[2024-03-07T18:18:03.085+0000] {processor.py:840} INFO - DAG(s) 'latest_only_with_trigger' retrieved from /home/airflow/.local/lib/python3.11/site-packages/airflow/example_dags/example_latest_only_with_trigger.py
[2024-03-07T18:18:03.143+0000] {logging_mixin.py:188} INFO - [2024-03-07T18:18:03.142+0000] {dag.py:3047} INFO - Sync 1 DAGs
[2024-03-07T18:18:03.210+0000] {logging_mixin.py:188} INFO - [2024-03-07T18:18:03.209+0000] {dag.py:3834} INFO - Setting next_dagrun for latest_only_with_trigger to 2024-03-07 12:00:00+00:00, run_after=2024-03-07 16:00:00+00:00
[2024-03-07T18:18:03.267+0000] {processor.py:183} INFO - Processing /home/airflow/.local/lib/python3.11/site-packages/airflow/example_dags/example_latest_only_with_trigger.py took 0.209 seconds
[2024-03-07T18:18:33.494+0000] {processor.py:161} INFO - Started process (PID=657) to work on /home/airflow/.local/lib/python3.11/site-packages/airflow/example_dags/example_latest_only_with_trigger.py
[2024-03-07T18:18:33.497+0000] {processor.py:830} INFO - Processing file /home/airflow/.local/lib/python3.11/site-packages/airflow/example_dags/example_latest_only_with_trigger.py for tasks to queue
[2024-03-07T18:18:33.501+0000] {logging_mixin.py:188} INFO - [2024-03-07T18:18:33.500+0000] {dagbag.py:540} INFO - Filling up the DagBag from /home/airflow/.local/lib/python3.11/site-packages/airflow/example_dags/example_latest_only_with_trigger.py
[2024-03-07T18:18:33.513+0000] {processor.py:840} INFO - DAG(s) 'latest_only_with_trigger' retrieved from /home/airflow/.local/lib/python3.11/site-packages/airflow/example_dags/example_latest_only_with_trigger.py
[2024-03-07T18:18:33.558+0000] {logging_mixin.py:188} INFO - [2024-03-07T18:18:33.557+0000] {dag.py:3047} INFO - Sync 1 DAGs
[2024-03-07T18:18:33.606+0000] {logging_mixin.py:188} INFO - [2024-03-07T18:18:33.605+0000] {dag.py:3834} INFO - Setting next_dagrun for latest_only_with_trigger to 2024-03-07 12:00:00+00:00, run_after=2024-03-07 16:00:00+00:00
[2024-03-07T18:18:33.658+0000] {processor.py:183} INFO - Processing /home/airflow/.local/lib/python3.11/site-packages/airflow/example_dags/example_latest_only_with_trigger.py took 0.171 seconds
[2024-03-07T18:19:04.869+0000] {processor.py:161} INFO - Started process (PID=715) to work on /home/airflow/.local/lib/python3.11/site-packages/airflow/example_dags/example_latest_only_with_trigger.py
[2024-03-07T18:19:04.871+0000] {processor.py:830} INFO - Processing file /home/airflow/.local/lib/python3.11/site-packages/airflow/example_dags/example_latest_only_with_trigger.py for tasks to queue
[2024-03-07T18:19:04.877+0000] {logging_mixin.py:188} INFO - [2024-03-07T18:19:04.876+0000] {dagbag.py:540} INFO - Filling up the DagBag from /home/airflow/.local/lib/python3.11/site-packages/airflow/example_dags/example_latest_only_with_trigger.py
[2024-03-07T18:19:04.889+0000] {processor.py:840} INFO - DAG(s) 'latest_only_with_trigger' retrieved from /home/airflow/.local/lib/python3.11/site-packages/airflow/example_dags/example_latest_only_with_trigger.py
[2024-03-07T18:19:04.932+0000] {logging_mixin.py:188} INFO - [2024-03-07T18:19:04.931+0000] {dag.py:3047} INFO - Sync 1 DAGs
[2024-03-07T18:19:04.982+0000] {logging_mixin.py:188} INFO - [2024-03-07T18:19:04.982+0000] {dag.py:3834} INFO - Setting next_dagrun for latest_only_with_trigger to 2024-03-07 12:00:00+00:00, run_after=2024-03-07 16:00:00+00:00
[2024-03-07T18:19:05.040+0000] {processor.py:183} INFO - Processing /home/airflow/.local/lib/python3.11/site-packages/airflow/example_dags/example_latest_only_with_trigger.py took 0.177 seconds
[2024-03-07T18:19:36.252+0000] {processor.py:161} INFO - Started process (PID=774) to work on /home/airflow/.local/lib/python3.11/site-packages/airflow/example_dags/example_latest_only_with_trigger.py
[2024-03-07T18:19:36.254+0000] {processor.py:830} INFO - Processing file /home/airflow/.local/lib/python3.11/site-packages/airflow/example_dags/example_latest_only_with_trigger.py for tasks to queue
[2024-03-07T18:19:36.257+0000] {logging_mixin.py:188} INFO - [2024-03-07T18:19:36.257+0000] {dagbag.py:540} INFO - Filling up the DagBag from /home/airflow/.local/lib/python3.11/site-packages/airflow/example_dags/example_latest_only_with_trigger.py
[2024-03-07T18:19:36.268+0000] {processor.py:840} INFO - DAG(s) 'latest_only_with_trigger' retrieved from /home/airflow/.local/lib/python3.11/site-packages/airflow/example_dags/example_latest_only_with_trigger.py
[2024-03-07T18:19:36.320+0000] {logging_mixin.py:188} INFO - [2024-03-07T18:19:36.319+0000] {dag.py:3047} INFO - Sync 1 DAGs
[2024-03-07T18:19:36.384+0000] {logging_mixin.py:188} INFO - [2024-03-07T18:19:36.384+0000] {dag.py:3834} INFO - Setting next_dagrun for latest_only_with_trigger to 2024-03-07 12:00:00+00:00, run_after=2024-03-07 16:00:00+00:00
[2024-03-07T18:19:36.447+0000] {processor.py:183} INFO - Processing /home/airflow/.local/lib/python3.11/site-packages/airflow/example_dags/example_latest_only_with_trigger.py took 0.201 seconds
[2024-03-07T18:20:07.275+0000] {processor.py:161} INFO - Started process (PID=832) to work on /home/airflow/.local/lib/python3.11/site-packages/airflow/example_dags/example_latest_only_with_trigger.py
[2024-03-07T18:20:07.278+0000] {processor.py:830} INFO - Processing file /home/airflow/.local/lib/python3.11/site-packages/airflow/example_dags/example_latest_only_with_trigger.py for tasks to queue
[2024-03-07T18:20:07.283+0000] {logging_mixin.py:188} INFO - [2024-03-07T18:20:07.282+0000] {dagbag.py:540} INFO - Filling up the DagBag from /home/airflow/.local/lib/python3.11/site-packages/airflow/example_dags/example_latest_only_with_trigger.py
[2024-03-07T18:20:07.299+0000] {processor.py:840} INFO - DAG(s) 'latest_only_with_trigger' retrieved from /home/airflow/.local/lib/python3.11/site-packages/airflow/example_dags/example_latest_only_with_trigger.py
[2024-03-07T18:20:07.350+0000] {logging_mixin.py:188} INFO - [2024-03-07T18:20:07.349+0000] {dag.py:3047} INFO - Sync 1 DAGs
[2024-03-07T18:20:07.400+0000] {logging_mixin.py:188} INFO - [2024-03-07T18:20:07.399+0000] {dag.py:3834} INFO - Setting next_dagrun for latest_only_with_trigger to 2024-03-07 12:00:00+00:00, run_after=2024-03-07 16:00:00+00:00
[2024-03-07T18:20:07.459+0000] {processor.py:183} INFO - Processing /home/airflow/.local/lib/python3.11/site-packages/airflow/example_dags/example_latest_only_with_trigger.py took 0.188 seconds
[2024-03-07T18:20:37.844+0000] {processor.py:161} INFO - Started process (PID=889) to work on /home/airflow/.local/lib/python3.11/site-packages/airflow/example_dags/example_latest_only_with_trigger.py
[2024-03-07T18:20:37.847+0000] {processor.py:830} INFO - Processing file /home/airflow/.local/lib/python3.11/site-packages/airflow/example_dags/example_latest_only_with_trigger.py for tasks to queue
[2024-03-07T18:20:37.852+0000] {logging_mixin.py:188} INFO - [2024-03-07T18:20:37.851+0000] {dagbag.py:540} INFO - Filling up the DagBag from /home/airflow/.local/lib/python3.11/site-packages/airflow/example_dags/example_latest_only_with_trigger.py
[2024-03-07T18:20:37.863+0000] {processor.py:840} INFO - DAG(s) 'latest_only_with_trigger' retrieved from /home/airflow/.local/lib/python3.11/site-packages/airflow/example_dags/example_latest_only_with_trigger.py
[2024-03-07T18:20:37.929+0000] {logging_mixin.py:188} INFO - [2024-03-07T18:20:37.928+0000] {dag.py:3047} INFO - Sync 1 DAGs
[2024-03-07T18:20:38.006+0000] {logging_mixin.py:188} INFO - [2024-03-07T18:20:38.006+0000] {dag.py:3834} INFO - Setting next_dagrun for latest_only_with_trigger to 2024-03-07 12:00:00+00:00, run_after=2024-03-07 16:00:00+00:00
[2024-03-07T18:20:38.064+0000] {processor.py:183} INFO - Processing /home/airflow/.local/lib/python3.11/site-packages/airflow/example_dags/example_latest_only_with_trigger.py took 0.225 seconds
[2024-03-07T18:21:09.309+0000] {processor.py:161} INFO - Started process (PID=950) to work on /home/airflow/.local/lib/python3.11/site-packages/airflow/example_dags/example_latest_only_with_trigger.py
[2024-03-07T18:21:09.312+0000] {processor.py:830} INFO - Processing file /home/airflow/.local/lib/python3.11/site-packages/airflow/example_dags/example_latest_only_with_trigger.py for tasks to queue
[2024-03-07T18:21:09.317+0000] {logging_mixin.py:188} INFO - [2024-03-07T18:21:09.316+0000] {dagbag.py:540} INFO - Filling up the DagBag from /home/airflow/.local/lib/python3.11/site-packages/airflow/example_dags/example_latest_only_with_trigger.py
[2024-03-07T18:21:09.330+0000] {processor.py:840} INFO - DAG(s) 'latest_only_with_trigger' retrieved from /home/airflow/.local/lib/python3.11/site-packages/airflow/example_dags/example_latest_only_with_trigger.py
[2024-03-07T18:21:09.399+0000] {logging_mixin.py:188} INFO - [2024-03-07T18:21:09.399+0000] {dag.py:3047} INFO - Sync 1 DAGs
[2024-03-07T18:21:09.539+0000] {logging_mixin.py:188} INFO - [2024-03-07T18:21:09.538+0000] {dag.py:3834} INFO - Setting next_dagrun for latest_only_with_trigger to 2024-03-07 12:00:00+00:00, run_after=2024-03-07 16:00:00+00:00
[2024-03-07T18:21:09.701+0000] {processor.py:183} INFO - Processing /home/airflow/.local/lib/python3.11/site-packages/airflow/example_dags/example_latest_only_with_trigger.py took 0.397 seconds
[2024-03-07T18:21:43.483+0000] {processor.py:161} INFO - Started process (PID=1010) to work on /home/airflow/.local/lib/python3.11/site-packages/airflow/example_dags/example_latest_only_with_trigger.py
[2024-03-07T18:21:43.485+0000] {processor.py:830} INFO - Processing file /home/airflow/.local/lib/python3.11/site-packages/airflow/example_dags/example_latest_only_with_trigger.py for tasks to queue
[2024-03-07T18:21:43.490+0000] {logging_mixin.py:188} INFO - [2024-03-07T18:21:43.489+0000] {dagbag.py:540} INFO - Filling up the DagBag from /home/airflow/.local/lib/python3.11/site-packages/airflow/example_dags/example_latest_only_with_trigger.py
[2024-03-07T18:21:43.504+0000] {processor.py:840} INFO - DAG(s) 'latest_only_with_trigger' retrieved from /home/airflow/.local/lib/python3.11/site-packages/airflow/example_dags/example_latest_only_with_trigger.py
[2024-03-07T18:21:43.543+0000] {logging_mixin.py:188} INFO - [2024-03-07T18:21:43.543+0000] {dag.py:3047} INFO - Sync 1 DAGs
[2024-03-07T18:21:43.586+0000] {logging_mixin.py:188} INFO - [2024-03-07T18:21:43.585+0000] {dag.py:3834} INFO - Setting next_dagrun for latest_only_with_trigger to 2024-03-07 12:00:00+00:00, run_after=2024-03-07 16:00:00+00:00
[2024-03-07T18:21:43.631+0000] {processor.py:183} INFO - Processing /home/airflow/.local/lib/python3.11/site-packages/airflow/example_dags/example_latest_only_with_trigger.py took 0.153 seconds
[2024-03-07T18:22:14.628+0000] {processor.py:161} INFO - Started process (PID=1068) to work on /home/airflow/.local/lib/python3.11/site-packages/airflow/example_dags/example_latest_only_with_trigger.py
[2024-03-07T18:22:14.630+0000] {processor.py:830} INFO - Processing file /home/airflow/.local/lib/python3.11/site-packages/airflow/example_dags/example_latest_only_with_trigger.py for tasks to queue
[2024-03-07T18:22:14.634+0000] {logging_mixin.py:188} INFO - [2024-03-07T18:22:14.633+0000] {dagbag.py:540} INFO - Filling up the DagBag from /home/airflow/.local/lib/python3.11/site-packages/airflow/example_dags/example_latest_only_with_trigger.py
[2024-03-07T18:22:14.644+0000] {processor.py:840} INFO - DAG(s) 'latest_only_with_trigger' retrieved from /home/airflow/.local/lib/python3.11/site-packages/airflow/example_dags/example_latest_only_with_trigger.py
[2024-03-07T18:22:14.691+0000] {logging_mixin.py:188} INFO - [2024-03-07T18:22:14.690+0000] {dag.py:3047} INFO - Sync 1 DAGs
[2024-03-07T18:22:14.752+0000] {logging_mixin.py:188} INFO - [2024-03-07T18:22:14.751+0000] {dag.py:3834} INFO - Setting next_dagrun for latest_only_with_trigger to 2024-03-07 12:00:00+00:00, run_after=2024-03-07 16:00:00+00:00
[2024-03-07T18:22:14.826+0000] {processor.py:183} INFO - Processing /home/airflow/.local/lib/python3.11/site-packages/airflow/example_dags/example_latest_only_with_trigger.py took 0.203 seconds
[2024-03-07T18:22:47.121+0000] {processor.py:161} INFO - Started process (PID=1127) to work on /home/airflow/.local/lib/python3.11/site-packages/airflow/example_dags/example_latest_only_with_trigger.py
[2024-03-07T18:22:47.124+0000] {processor.py:830} INFO - Processing file /home/airflow/.local/lib/python3.11/site-packages/airflow/example_dags/example_latest_only_with_trigger.py for tasks to queue
[2024-03-07T18:22:47.129+0000] {logging_mixin.py:188} INFO - [2024-03-07T18:22:47.128+0000] {dagbag.py:540} INFO - Filling up the DagBag from /home/airflow/.local/lib/python3.11/site-packages/airflow/example_dags/example_latest_only_with_trigger.py
[2024-03-07T18:22:47.142+0000] {processor.py:840} INFO - DAG(s) 'latest_only_with_trigger' retrieved from /home/airflow/.local/lib/python3.11/site-packages/airflow/example_dags/example_latest_only_with_trigger.py
[2024-03-07T18:22:47.185+0000] {logging_mixin.py:188} INFO - [2024-03-07T18:22:47.184+0000] {dag.py:3047} INFO - Sync 1 DAGs
[2024-03-07T18:22:47.239+0000] {logging_mixin.py:188} INFO - [2024-03-07T18:22:47.238+0000] {dag.py:3834} INFO - Setting next_dagrun for latest_only_with_trigger to 2024-03-07 12:00:00+00:00, run_after=2024-03-07 16:00:00+00:00
[2024-03-07T18:22:47.306+0000] {processor.py:183} INFO - Processing /home/airflow/.local/lib/python3.11/site-packages/airflow/example_dags/example_latest_only_with_trigger.py took 0.190 seconds
[2024-03-07T18:23:18.271+0000] {processor.py:161} INFO - Started process (PID=1185) to work on /home/airflow/.local/lib/python3.11/site-packages/airflow/example_dags/example_latest_only_with_trigger.py
[2024-03-07T18:23:18.273+0000] {processor.py:830} INFO - Processing file /home/airflow/.local/lib/python3.11/site-packages/airflow/example_dags/example_latest_only_with_trigger.py for tasks to queue
[2024-03-07T18:23:18.277+0000] {logging_mixin.py:188} INFO - [2024-03-07T18:23:18.276+0000] {dagbag.py:540} INFO - Filling up the DagBag from /home/airflow/.local/lib/python3.11/site-packages/airflow/example_dags/example_latest_only_with_trigger.py
[2024-03-07T18:23:18.288+0000] {processor.py:840} INFO - DAG(s) 'latest_only_with_trigger' retrieved from /home/airflow/.local/lib/python3.11/site-packages/airflow/example_dags/example_latest_only_with_trigger.py
[2024-03-07T18:23:18.329+0000] {logging_mixin.py:188} INFO - [2024-03-07T18:23:18.329+0000] {dag.py:3047} INFO - Sync 1 DAGs
[2024-03-07T18:23:18.379+0000] {logging_mixin.py:188} INFO - [2024-03-07T18:23:18.378+0000] {dag.py:3834} INFO - Setting next_dagrun for latest_only_with_trigger to 2024-03-07 12:00:00+00:00, run_after=2024-03-07 16:00:00+00:00
[2024-03-07T18:23:18.435+0000] {processor.py:183} INFO - Processing /home/airflow/.local/lib/python3.11/site-packages/airflow/example_dags/example_latest_only_with_trigger.py took 0.168 seconds
[2024-03-07T18:23:49.621+0000] {processor.py:161} INFO - Started process (PID=1244) to work on /home/airflow/.local/lib/python3.11/site-packages/airflow/example_dags/example_latest_only_with_trigger.py
[2024-03-07T18:23:49.624+0000] {processor.py:830} INFO - Processing file /home/airflow/.local/lib/python3.11/site-packages/airflow/example_dags/example_latest_only_with_trigger.py for tasks to queue
[2024-03-07T18:23:49.630+0000] {logging_mixin.py:188} INFO - [2024-03-07T18:23:49.629+0000] {dagbag.py:540} INFO - Filling up the DagBag from /home/airflow/.local/lib/python3.11/site-packages/airflow/example_dags/example_latest_only_with_trigger.py
[2024-03-07T18:23:49.648+0000] {processor.py:840} INFO - DAG(s) 'latest_only_with_trigger' retrieved from /home/airflow/.local/lib/python3.11/site-packages/airflow/example_dags/example_latest_only_with_trigger.py
[2024-03-07T18:23:49.708+0000] {logging_mixin.py:188} INFO - [2024-03-07T18:23:49.707+0000] {dag.py:3047} INFO - Sync 1 DAGs
[2024-03-07T18:23:49.758+0000] {logging_mixin.py:188} INFO - [2024-03-07T18:23:49.757+0000] {dag.py:3834} INFO - Setting next_dagrun for latest_only_with_trigger to 2024-03-07 12:00:00+00:00, run_after=2024-03-07 16:00:00+00:00
[2024-03-07T18:23:49.823+0000] {processor.py:183} INFO - Processing /home/airflow/.local/lib/python3.11/site-packages/airflow/example_dags/example_latest_only_with_trigger.py took 0.213 seconds
[2024-03-07T18:24:20.984+0000] {processor.py:161} INFO - Started process (PID=1299) to work on /home/airflow/.local/lib/python3.11/site-packages/airflow/example_dags/example_latest_only_with_trigger.py
[2024-03-07T18:24:20.987+0000] {processor.py:830} INFO - Processing file /home/airflow/.local/lib/python3.11/site-packages/airflow/example_dags/example_latest_only_with_trigger.py for tasks to queue
[2024-03-07T18:24:20.991+0000] {logging_mixin.py:188} INFO - [2024-03-07T18:24:20.990+0000] {dagbag.py:540} INFO - Filling up the DagBag from /home/airflow/.local/lib/python3.11/site-packages/airflow/example_dags/example_latest_only_with_trigger.py
[2024-03-07T18:24:21.004+0000] {processor.py:840} INFO - DAG(s) 'latest_only_with_trigger' retrieved from /home/airflow/.local/lib/python3.11/site-packages/airflow/example_dags/example_latest_only_with_trigger.py
[2024-03-07T18:24:21.064+0000] {logging_mixin.py:188} INFO - [2024-03-07T18:24:21.063+0000] {dag.py:3047} INFO - Sync 1 DAGs
[2024-03-07T18:24:21.128+0000] {logging_mixin.py:188} INFO - [2024-03-07T18:24:21.127+0000] {dag.py:3834} INFO - Setting next_dagrun for latest_only_with_trigger to 2024-03-07 12:00:00+00:00, run_after=2024-03-07 16:00:00+00:00
[2024-03-07T18:24:21.188+0000] {processor.py:183} INFO - Processing /home/airflow/.local/lib/python3.11/site-packages/airflow/example_dags/example_latest_only_with_trigger.py took 0.209 seconds
[2024-03-07T18:24:52.491+0000] {processor.py:161} INFO - Started process (PID=1357) to work on /home/airflow/.local/lib/python3.11/site-packages/airflow/example_dags/example_latest_only_with_trigger.py
[2024-03-07T18:24:52.494+0000] {processor.py:830} INFO - Processing file /home/airflow/.local/lib/python3.11/site-packages/airflow/example_dags/example_latest_only_with_trigger.py for tasks to queue
[2024-03-07T18:24:52.498+0000] {logging_mixin.py:188} INFO - [2024-03-07T18:24:52.497+0000] {dagbag.py:540} INFO - Filling up the DagBag from /home/airflow/.local/lib/python3.11/site-packages/airflow/example_dags/example_latest_only_with_trigger.py
[2024-03-07T18:24:52.508+0000] {processor.py:840} INFO - DAG(s) 'latest_only_with_trigger' retrieved from /home/airflow/.local/lib/python3.11/site-packages/airflow/example_dags/example_latest_only_with_trigger.py
[2024-03-07T18:24:52.550+0000] {logging_mixin.py:188} INFO - [2024-03-07T18:24:52.549+0000] {dag.py:3047} INFO - Sync 1 DAGs
[2024-03-07T18:24:52.605+0000] {logging_mixin.py:188} INFO - [2024-03-07T18:24:52.605+0000] {dag.py:3834} INFO - Setting next_dagrun for latest_only_with_trigger to 2024-03-07 12:00:00+00:00, run_after=2024-03-07 16:00:00+00:00
[2024-03-07T18:24:52.663+0000] {processor.py:183} INFO - Processing /home/airflow/.local/lib/python3.11/site-packages/airflow/example_dags/example_latest_only_with_trigger.py took 0.178 seconds
[2024-03-07T18:25:25.782+0000] {processor.py:161} INFO - Started process (PID=1419) to work on /home/airflow/.local/lib/python3.11/site-packages/airflow/example_dags/example_latest_only_with_trigger.py
[2024-03-07T18:25:25.785+0000] {processor.py:830} INFO - Processing file /home/airflow/.local/lib/python3.11/site-packages/airflow/example_dags/example_latest_only_with_trigger.py for tasks to queue
[2024-03-07T18:25:25.789+0000] {logging_mixin.py:188} INFO - [2024-03-07T18:25:25.788+0000] {dagbag.py:540} INFO - Filling up the DagBag from /home/airflow/.local/lib/python3.11/site-packages/airflow/example_dags/example_latest_only_with_trigger.py
[2024-03-07T18:25:25.802+0000] {processor.py:840} INFO - DAG(s) 'latest_only_with_trigger' retrieved from /home/airflow/.local/lib/python3.11/site-packages/airflow/example_dags/example_latest_only_with_trigger.py
[2024-03-07T18:25:25.841+0000] {logging_mixin.py:188} INFO - [2024-03-07T18:25:25.841+0000] {dag.py:3047} INFO - Sync 1 DAGs
[2024-03-07T18:25:25.909+0000] {logging_mixin.py:188} INFO - [2024-03-07T18:25:25.908+0000] {dag.py:3834} INFO - Setting next_dagrun for latest_only_with_trigger to 2024-03-07 12:00:00+00:00, run_after=2024-03-07 16:00:00+00:00
[2024-03-07T18:25:25.959+0000] {processor.py:183} INFO - Processing /home/airflow/.local/lib/python3.11/site-packages/airflow/example_dags/example_latest_only_with_trigger.py took 0.183 seconds
[2024-03-07T18:25:57.865+0000] {processor.py:161} INFO - Started process (PID=1476) to work on /home/airflow/.local/lib/python3.11/site-packages/airflow/example_dags/example_latest_only_with_trigger.py
[2024-03-07T18:25:57.867+0000] {processor.py:830} INFO - Processing file /home/airflow/.local/lib/python3.11/site-packages/airflow/example_dags/example_latest_only_with_trigger.py for tasks to queue
[2024-03-07T18:25:57.872+0000] {logging_mixin.py:188} INFO - [2024-03-07T18:25:57.871+0000] {dagbag.py:540} INFO - Filling up the DagBag from /home/airflow/.local/lib/python3.11/site-packages/airflow/example_dags/example_latest_only_with_trigger.py
[2024-03-07T18:25:57.883+0000] {processor.py:840} INFO - DAG(s) 'latest_only_with_trigger' retrieved from /home/airflow/.local/lib/python3.11/site-packages/airflow/example_dags/example_latest_only_with_trigger.py
[2024-03-07T18:25:57.941+0000] {logging_mixin.py:188} INFO - [2024-03-07T18:25:57.941+0000] {dag.py:3047} INFO - Sync 1 DAGs
[2024-03-07T18:25:57.999+0000] {logging_mixin.py:188} INFO - [2024-03-07T18:25:57.998+0000] {dag.py:3834} INFO - Setting next_dagrun for latest_only_with_trigger to 2024-03-07 12:00:00+00:00, run_after=2024-03-07 16:00:00+00:00
[2024-03-07T18:25:58.072+0000] {processor.py:183} INFO - Processing /home/airflow/.local/lib/python3.11/site-packages/airflow/example_dags/example_latest_only_with_trigger.py took 0.216 seconds
[2024-03-07T18:26:29.543+0000] {processor.py:161} INFO - Started process (PID=1534) to work on /home/airflow/.local/lib/python3.11/site-packages/airflow/example_dags/example_latest_only_with_trigger.py
[2024-03-07T18:26:29.546+0000] {processor.py:830} INFO - Processing file /home/airflow/.local/lib/python3.11/site-packages/airflow/example_dags/example_latest_only_with_trigger.py for tasks to queue
[2024-03-07T18:26:29.552+0000] {logging_mixin.py:188} INFO - [2024-03-07T18:26:29.551+0000] {dagbag.py:540} INFO - Filling up the DagBag from /home/airflow/.local/lib/python3.11/site-packages/airflow/example_dags/example_latest_only_with_trigger.py
[2024-03-07T18:26:29.565+0000] {processor.py:840} INFO - DAG(s) 'latest_only_with_trigger' retrieved from /home/airflow/.local/lib/python3.11/site-packages/airflow/example_dags/example_latest_only_with_trigger.py
[2024-03-07T18:26:29.626+0000] {logging_mixin.py:188} INFO - [2024-03-07T18:26:29.625+0000] {dag.py:3047} INFO - Sync 1 DAGs
[2024-03-07T18:26:29.762+0000] {logging_mixin.py:188} INFO - [2024-03-07T18:26:29.762+0000] {dag.py:3834} INFO - Setting next_dagrun for latest_only_with_trigger to 2024-03-07 12:00:00+00:00, run_after=2024-03-07 16:00:00+00:00
[2024-03-07T18:26:29.820+0000] {processor.py:183} INFO - Processing /home/airflow/.local/lib/python3.11/site-packages/airflow/example_dags/example_latest_only_with_trigger.py took 0.284 seconds
[2024-03-07T18:27:02.002+0000] {processor.py:161} INFO - Started process (PID=1592) to work on /home/airflow/.local/lib/python3.11/site-packages/airflow/example_dags/example_latest_only_with_trigger.py
[2024-03-07T18:27:02.005+0000] {processor.py:830} INFO - Processing file /home/airflow/.local/lib/python3.11/site-packages/airflow/example_dags/example_latest_only_with_trigger.py for tasks to queue
[2024-03-07T18:27:02.009+0000] {logging_mixin.py:188} INFO - [2024-03-07T18:27:02.008+0000] {dagbag.py:540} INFO - Filling up the DagBag from /home/airflow/.local/lib/python3.11/site-packages/airflow/example_dags/example_latest_only_with_trigger.py
[2024-03-07T18:27:02.022+0000] {processor.py:840} INFO - DAG(s) 'latest_only_with_trigger' retrieved from /home/airflow/.local/lib/python3.11/site-packages/airflow/example_dags/example_latest_only_with_trigger.py
[2024-03-07T18:27:02.073+0000] {logging_mixin.py:188} INFO - [2024-03-07T18:27:02.072+0000] {dag.py:3047} INFO - Sync 1 DAGs
[2024-03-07T18:27:02.125+0000] {logging_mixin.py:188} INFO - [2024-03-07T18:27:02.124+0000] {dag.py:3834} INFO - Setting next_dagrun for latest_only_with_trigger to 2024-03-07 12:00:00+00:00, run_after=2024-03-07 16:00:00+00:00
[2024-03-07T18:27:02.178+0000] {processor.py:183} INFO - Processing /home/airflow/.local/lib/python3.11/site-packages/airflow/example_dags/example_latest_only_with_trigger.py took 0.181 seconds
[2024-03-07T18:27:34.555+0000] {processor.py:161} INFO - Started process (PID=1649) to work on /home/airflow/.local/lib/python3.11/site-packages/airflow/example_dags/example_latest_only_with_trigger.py
[2024-03-07T18:27:34.558+0000] {processor.py:830} INFO - Processing file /home/airflow/.local/lib/python3.11/site-packages/airflow/example_dags/example_latest_only_with_trigger.py for tasks to queue
[2024-03-07T18:27:34.563+0000] {logging_mixin.py:188} INFO - [2024-03-07T18:27:34.562+0000] {dagbag.py:540} INFO - Filling up the DagBag from /home/airflow/.local/lib/python3.11/site-packages/airflow/example_dags/example_latest_only_with_trigger.py
[2024-03-07T18:27:34.576+0000] {processor.py:840} INFO - DAG(s) 'latest_only_with_trigger' retrieved from /home/airflow/.local/lib/python3.11/site-packages/airflow/example_dags/example_latest_only_with_trigger.py
[2024-03-07T18:27:34.628+0000] {logging_mixin.py:188} INFO - [2024-03-07T18:27:34.627+0000] {dag.py:3047} INFO - Sync 1 DAGs
[2024-03-07T18:27:34.683+0000] {logging_mixin.py:188} INFO - [2024-03-07T18:27:34.682+0000] {dag.py:3834} INFO - Setting next_dagrun for latest_only_with_trigger to 2024-03-07 12:00:00+00:00, run_after=2024-03-07 16:00:00+00:00
[2024-03-07T18:27:34.740+0000] {processor.py:183} INFO - Processing /home/airflow/.local/lib/python3.11/site-packages/airflow/example_dags/example_latest_only_with_trigger.py took 0.194 seconds
[2024-03-07T18:28:07.333+0000] {processor.py:161} INFO - Started process (PID=1707) to work on /home/airflow/.local/lib/python3.11/site-packages/airflow/example_dags/example_latest_only_with_trigger.py
[2024-03-07T18:28:07.335+0000] {processor.py:830} INFO - Processing file /home/airflow/.local/lib/python3.11/site-packages/airflow/example_dags/example_latest_only_with_trigger.py for tasks to queue
[2024-03-07T18:28:07.339+0000] {logging_mixin.py:188} INFO - [2024-03-07T18:28:07.338+0000] {dagbag.py:540} INFO - Filling up the DagBag from /home/airflow/.local/lib/python3.11/site-packages/airflow/example_dags/example_latest_only_with_trigger.py
[2024-03-07T18:28:07.349+0000] {processor.py:840} INFO - DAG(s) 'latest_only_with_trigger' retrieved from /home/airflow/.local/lib/python3.11/site-packages/airflow/example_dags/example_latest_only_with_trigger.py
[2024-03-07T18:28:07.392+0000] {logging_mixin.py:188} INFO - [2024-03-07T18:28:07.392+0000] {dag.py:3047} INFO - Sync 1 DAGs
[2024-03-07T18:28:07.436+0000] {logging_mixin.py:188} INFO - [2024-03-07T18:28:07.435+0000] {dag.py:3834} INFO - Setting next_dagrun for latest_only_with_trigger to 2024-03-07 12:00:00+00:00, run_after=2024-03-07 16:00:00+00:00
[2024-03-07T18:28:07.500+0000] {processor.py:183} INFO - Processing /home/airflow/.local/lib/python3.11/site-packages/airflow/example_dags/example_latest_only_with_trigger.py took 0.171 seconds
[2024-03-07T18:28:39.548+0000] {processor.py:161} INFO - Started process (PID=1765) to work on /home/airflow/.local/lib/python3.11/site-packages/airflow/example_dags/example_latest_only_with_trigger.py
[2024-03-07T18:28:39.551+0000] {processor.py:830} INFO - Processing file /home/airflow/.local/lib/python3.11/site-packages/airflow/example_dags/example_latest_only_with_trigger.py for tasks to queue
[2024-03-07T18:28:39.556+0000] {logging_mixin.py:188} INFO - [2024-03-07T18:28:39.555+0000] {dagbag.py:540} INFO - Filling up the DagBag from /home/airflow/.local/lib/python3.11/site-packages/airflow/example_dags/example_latest_only_with_trigger.py
[2024-03-07T18:28:39.565+0000] {processor.py:840} INFO - DAG(s) 'latest_only_with_trigger' retrieved from /home/airflow/.local/lib/python3.11/site-packages/airflow/example_dags/example_latest_only_with_trigger.py
[2024-03-07T18:28:39.611+0000] {logging_mixin.py:188} INFO - [2024-03-07T18:28:39.610+0000] {dag.py:3047} INFO - Sync 1 DAGs
[2024-03-07T18:28:39.684+0000] {logging_mixin.py:188} INFO - [2024-03-07T18:28:39.683+0000] {dag.py:3834} INFO - Setting next_dagrun for latest_only_with_trigger to 2024-03-07 12:00:00+00:00, run_after=2024-03-07 16:00:00+00:00
[2024-03-07T18:28:39.759+0000] {processor.py:183} INFO - Processing /home/airflow/.local/lib/python3.11/site-packages/airflow/example_dags/example_latest_only_with_trigger.py took 0.217 seconds
[2024-03-07T18:29:10.675+0000] {processor.py:161} INFO - Started process (PID=1824) to work on /home/airflow/.local/lib/python3.11/site-packages/airflow/example_dags/example_latest_only_with_trigger.py
[2024-03-07T18:29:10.677+0000] {processor.py:830} INFO - Processing file /home/airflow/.local/lib/python3.11/site-packages/airflow/example_dags/example_latest_only_with_trigger.py for tasks to queue
[2024-03-07T18:29:10.686+0000] {logging_mixin.py:188} INFO - [2024-03-07T18:29:10.684+0000] {dagbag.py:540} INFO - Filling up the DagBag from /home/airflow/.local/lib/python3.11/site-packages/airflow/example_dags/example_latest_only_with_trigger.py
[2024-03-07T18:29:10.706+0000] {processor.py:840} INFO - DAG(s) 'latest_only_with_trigger' retrieved from /home/airflow/.local/lib/python3.11/site-packages/airflow/example_dags/example_latest_only_with_trigger.py
[2024-03-07T18:29:10.755+0000] {logging_mixin.py:188} INFO - [2024-03-07T18:29:10.755+0000] {dag.py:3047} INFO - Sync 1 DAGs
[2024-03-07T18:29:10.802+0000] {logging_mixin.py:188} INFO - [2024-03-07T18:29:10.802+0000] {dag.py:3834} INFO - Setting next_dagrun for latest_only_with_trigger to 2024-03-07 12:00:00+00:00, run_after=2024-03-07 16:00:00+00:00
[2024-03-07T18:29:10.852+0000] {processor.py:183} INFO - Processing /home/airflow/.local/lib/python3.11/site-packages/airflow/example_dags/example_latest_only_with_trigger.py took 0.183 seconds
