[2024-03-07T18:13:10.032+0000] {processor.py:161} INFO - Started process (PID=64) to work on /home/airflow/.local/lib/python3.11/site-packages/airflow/example_dags/example_latest_only.py
[2024-03-07T18:13:10.042+0000] {processor.py:830} INFO - Processing file /home/airflow/.local/lib/python3.11/site-packages/airflow/example_dags/example_latest_only.py for tasks to queue
[2024-03-07T18:13:10.048+0000] {logging_mixin.py:188} INFO - [2024-03-07T18:13:10.047+0000] {dagbag.py:540} INFO - Filling up the DagBag from /home/airflow/.local/lib/python3.11/site-packages/airflow/example_dags/example_latest_only.py
[2024-03-07T18:13:10.073+0000] {processor.py:840} INFO - DAG(s) 'latest_only' retrieved from /home/airflow/.local/lib/python3.11/site-packages/airflow/example_dags/example_latest_only.py
[2024-03-07T18:13:10.215+0000] {logging_mixin.py:188} INFO - [2024-03-07T18:13:10.214+0000] {dag.py:3047} INFO - Sync 1 DAGs
[2024-03-07T18:13:10.471+0000] {logging_mixin.py:188} INFO - [2024-03-07T18:13:10.470+0000] {dag.py:3834} INFO - Setting next_dagrun for latest_only to 2024-03-07 12:00:00+00:00, run_after=2024-03-07 16:00:00+00:00
[2024-03-07T18:13:10.625+0000] {processor.py:183} INFO - Processing /home/airflow/.local/lib/python3.11/site-packages/airflow/example_dags/example_latest_only.py took 0.610 seconds
[2024-03-07T18:13:42.443+0000] {processor.py:161} INFO - Started process (PID=122) to work on /home/airflow/.local/lib/python3.11/site-packages/airflow/example_dags/example_latest_only.py
[2024-03-07T18:13:42.455+0000] {processor.py:830} INFO - Processing file /home/airflow/.local/lib/python3.11/site-packages/airflow/example_dags/example_latest_only.py for tasks to queue
[2024-03-07T18:13:42.471+0000] {logging_mixin.py:188} INFO - [2024-03-07T18:13:42.469+0000] {dagbag.py:540} INFO - Filling up the DagBag from /home/airflow/.local/lib/python3.11/site-packages/airflow/example_dags/example_latest_only.py
[2024-03-07T18:13:42.505+0000] {processor.py:840} INFO - DAG(s) 'latest_only' retrieved from /home/airflow/.local/lib/python3.11/site-packages/airflow/example_dags/example_latest_only.py
[2024-03-07T18:13:42.658+0000] {logging_mixin.py:188} INFO - [2024-03-07T18:13:42.655+0000] {dag.py:3047} INFO - Sync 1 DAGs
[2024-03-07T18:13:42.918+0000] {logging_mixin.py:188} INFO - [2024-03-07T18:13:42.917+0000] {dag.py:3834} INFO - Setting next_dagrun for latest_only to 2024-03-07 12:00:00+00:00, run_after=2024-03-07 16:00:00+00:00
[2024-03-07T18:13:43.113+0000] {processor.py:183} INFO - Processing /home/airflow/.local/lib/python3.11/site-packages/airflow/example_dags/example_latest_only.py took 0.683 seconds
[2024-03-07T18:14:14.671+0000] {processor.py:161} INFO - Started process (PID=179) to work on /home/airflow/.local/lib/python3.11/site-packages/airflow/example_dags/example_latest_only.py
[2024-03-07T18:14:14.678+0000] {processor.py:830} INFO - Processing file /home/airflow/.local/lib/python3.11/site-packages/airflow/example_dags/example_latest_only.py for tasks to queue
[2024-03-07T18:14:14.686+0000] {logging_mixin.py:188} INFO - [2024-03-07T18:14:14.685+0000] {dagbag.py:540} INFO - Filling up the DagBag from /home/airflow/.local/lib/python3.11/site-packages/airflow/example_dags/example_latest_only.py
[2024-03-07T18:14:14.711+0000] {processor.py:840} INFO - DAG(s) 'latest_only' retrieved from /home/airflow/.local/lib/python3.11/site-packages/airflow/example_dags/example_latest_only.py
[2024-03-07T18:14:14.835+0000] {logging_mixin.py:188} INFO - [2024-03-07T18:14:14.835+0000] {dag.py:3047} INFO - Sync 1 DAGs
[2024-03-07T18:14:14.998+0000] {logging_mixin.py:188} INFO - [2024-03-07T18:14:14.989+0000] {dag.py:3834} INFO - Setting next_dagrun for latest_only to 2024-03-07 12:00:00+00:00, run_after=2024-03-07 16:00:00+00:00
[2024-03-07T18:14:15.153+0000] {processor.py:183} INFO - Processing /home/airflow/.local/lib/python3.11/site-packages/airflow/example_dags/example_latest_only.py took 0.494 seconds
[2024-03-07T18:14:50.315+0000] {processor.py:161} INFO - Started process (PID=237) to work on /home/airflow/.local/lib/python3.11/site-packages/airflow/example_dags/example_latest_only.py
[2024-03-07T18:14:50.332+0000] {processor.py:830} INFO - Processing file /home/airflow/.local/lib/python3.11/site-packages/airflow/example_dags/example_latest_only.py for tasks to queue
[2024-03-07T18:14:50.349+0000] {logging_mixin.py:188} INFO - [2024-03-07T18:14:50.338+0000] {dagbag.py:540} INFO - Filling up the DagBag from /home/airflow/.local/lib/python3.11/site-packages/airflow/example_dags/example_latest_only.py
[2024-03-07T18:14:50.386+0000] {processor.py:840} INFO - DAG(s) 'latest_only' retrieved from /home/airflow/.local/lib/python3.11/site-packages/airflow/example_dags/example_latest_only.py
[2024-03-07T18:14:50.459+0000] {logging_mixin.py:188} INFO - [2024-03-07T18:14:50.458+0000] {dag.py:3047} INFO - Sync 1 DAGs
[2024-03-07T18:14:50.607+0000] {logging_mixin.py:188} INFO - [2024-03-07T18:14:50.607+0000] {dag.py:3834} INFO - Setting next_dagrun for latest_only to 2024-03-07 12:00:00+00:00, run_after=2024-03-07 16:00:00+00:00
[2024-03-07T18:14:50.698+0000] {processor.py:183} INFO - Processing /home/airflow/.local/lib/python3.11/site-packages/airflow/example_dags/example_latest_only.py took 0.400 seconds
[2024-03-07T18:15:21.160+0000] {processor.py:161} INFO - Started process (PID=296) to work on /home/airflow/.local/lib/python3.11/site-packages/airflow/example_dags/example_latest_only.py
[2024-03-07T18:15:21.162+0000] {processor.py:830} INFO - Processing file /home/airflow/.local/lib/python3.11/site-packages/airflow/example_dags/example_latest_only.py for tasks to queue
[2024-03-07T18:15:21.170+0000] {logging_mixin.py:188} INFO - [2024-03-07T18:15:21.169+0000] {dagbag.py:540} INFO - Filling up the DagBag from /home/airflow/.local/lib/python3.11/site-packages/airflow/example_dags/example_latest_only.py
[2024-03-07T18:15:21.192+0000] {processor.py:840} INFO - DAG(s) 'latest_only' retrieved from /home/airflow/.local/lib/python3.11/site-packages/airflow/example_dags/example_latest_only.py
[2024-03-07T18:15:21.622+0000] {logging_mixin.py:188} INFO - [2024-03-07T18:15:21.621+0000] {dag.py:3047} INFO - Sync 1 DAGs
[2024-03-07T18:15:21.712+0000] {logging_mixin.py:188} INFO - [2024-03-07T18:15:21.711+0000] {dag.py:3834} INFO - Setting next_dagrun for latest_only to 2024-03-07 12:00:00+00:00, run_after=2024-03-07 16:00:00+00:00
[2024-03-07T18:15:21.813+0000] {processor.py:183} INFO - Processing /home/airflow/.local/lib/python3.11/site-packages/airflow/example_dags/example_latest_only.py took 0.659 seconds
[2024-03-07T18:15:52.400+0000] {processor.py:161} INFO - Started process (PID=352) to work on /home/airflow/.local/lib/python3.11/site-packages/airflow/example_dags/example_latest_only.py
[2024-03-07T18:15:52.403+0000] {processor.py:830} INFO - Processing file /home/airflow/.local/lib/python3.11/site-packages/airflow/example_dags/example_latest_only.py for tasks to queue
[2024-03-07T18:15:52.407+0000] {logging_mixin.py:188} INFO - [2024-03-07T18:15:52.407+0000] {dagbag.py:540} INFO - Filling up the DagBag from /home/airflow/.local/lib/python3.11/site-packages/airflow/example_dags/example_latest_only.py
[2024-03-07T18:15:52.419+0000] {processor.py:840} INFO - DAG(s) 'latest_only' retrieved from /home/airflow/.local/lib/python3.11/site-packages/airflow/example_dags/example_latest_only.py
[2024-03-07T18:15:52.467+0000] {logging_mixin.py:188} INFO - [2024-03-07T18:15:52.466+0000] {dag.py:3047} INFO - Sync 1 DAGs
[2024-03-07T18:15:52.523+0000] {logging_mixin.py:188} INFO - [2024-03-07T18:15:52.523+0000] {dag.py:3834} INFO - Setting next_dagrun for latest_only to 2024-03-07 12:00:00+00:00, run_after=2024-03-07 16:00:00+00:00
[2024-03-07T18:15:52.587+0000] {processor.py:183} INFO - Processing /home/airflow/.local/lib/python3.11/site-packages/airflow/example_dags/example_latest_only.py took 0.194 seconds
[2024-03-07T18:16:22.724+0000] {processor.py:161} INFO - Started process (PID=410) to work on /home/airflow/.local/lib/python3.11/site-packages/airflow/example_dags/example_latest_only.py
[2024-03-07T18:16:22.726+0000] {processor.py:830} INFO - Processing file /home/airflow/.local/lib/python3.11/site-packages/airflow/example_dags/example_latest_only.py for tasks to queue
[2024-03-07T18:16:22.732+0000] {logging_mixin.py:188} INFO - [2024-03-07T18:16:22.731+0000] {dagbag.py:540} INFO - Filling up the DagBag from /home/airflow/.local/lib/python3.11/site-packages/airflow/example_dags/example_latest_only.py
[2024-03-07T18:16:22.744+0000] {processor.py:840} INFO - DAG(s) 'latest_only' retrieved from /home/airflow/.local/lib/python3.11/site-packages/airflow/example_dags/example_latest_only.py
[2024-03-07T18:16:22.797+0000] {logging_mixin.py:188} INFO - [2024-03-07T18:16:22.797+0000] {dag.py:3047} INFO - Sync 1 DAGs
[2024-03-07T18:16:22.862+0000] {logging_mixin.py:188} INFO - [2024-03-07T18:16:22.861+0000] {dag.py:3834} INFO - Setting next_dagrun for latest_only to 2024-03-07 12:00:00+00:00, run_after=2024-03-07 16:00:00+00:00
[2024-03-07T18:16:22.924+0000] {processor.py:183} INFO - Processing /home/airflow/.local/lib/python3.11/site-packages/airflow/example_dags/example_latest_only.py took 0.204 seconds
[2024-03-07T18:16:53.409+0000] {processor.py:161} INFO - Started process (PID=468) to work on /home/airflow/.local/lib/python3.11/site-packages/airflow/example_dags/example_latest_only.py
[2024-03-07T18:16:53.411+0000] {processor.py:830} INFO - Processing file /home/airflow/.local/lib/python3.11/site-packages/airflow/example_dags/example_latest_only.py for tasks to queue
[2024-03-07T18:16:53.415+0000] {logging_mixin.py:188} INFO - [2024-03-07T18:16:53.414+0000] {dagbag.py:540} INFO - Filling up the DagBag from /home/airflow/.local/lib/python3.11/site-packages/airflow/example_dags/example_latest_only.py
[2024-03-07T18:16:53.424+0000] {processor.py:840} INFO - DAG(s) 'latest_only' retrieved from /home/airflow/.local/lib/python3.11/site-packages/airflow/example_dags/example_latest_only.py
[2024-03-07T18:16:53.527+0000] {logging_mixin.py:188} INFO - [2024-03-07T18:16:53.525+0000] {dag.py:3047} INFO - Sync 1 DAGs
[2024-03-07T18:16:53.607+0000] {logging_mixin.py:188} INFO - [2024-03-07T18:16:53.607+0000] {dag.py:3834} INFO - Setting next_dagrun for latest_only to 2024-03-07 12:00:00+00:00, run_after=2024-03-07 16:00:00+00:00
[2024-03-07T18:16:53.666+0000] {processor.py:183} INFO - Processing /home/airflow/.local/lib/python3.11/site-packages/airflow/example_dags/example_latest_only.py took 0.262 seconds
[2024-03-07T18:17:25.380+0000] {processor.py:161} INFO - Started process (PID=524) to work on /home/airflow/.local/lib/python3.11/site-packages/airflow/example_dags/example_latest_only.py
[2024-03-07T18:17:25.382+0000] {processor.py:830} INFO - Processing file /home/airflow/.local/lib/python3.11/site-packages/airflow/example_dags/example_latest_only.py for tasks to queue
[2024-03-07T18:17:25.387+0000] {logging_mixin.py:188} INFO - [2024-03-07T18:17:25.386+0000] {dagbag.py:540} INFO - Filling up the DagBag from /home/airflow/.local/lib/python3.11/site-packages/airflow/example_dags/example_latest_only.py
[2024-03-07T18:17:25.397+0000] {processor.py:840} INFO - DAG(s) 'latest_only' retrieved from /home/airflow/.local/lib/python3.11/site-packages/airflow/example_dags/example_latest_only.py
[2024-03-07T18:17:25.446+0000] {logging_mixin.py:188} INFO - [2024-03-07T18:17:25.446+0000] {dag.py:3047} INFO - Sync 1 DAGs
[2024-03-07T18:17:25.499+0000] {logging_mixin.py:188} INFO - [2024-03-07T18:17:25.498+0000] {dag.py:3834} INFO - Setting next_dagrun for latest_only to 2024-03-07 12:00:00+00:00, run_after=2024-03-07 16:00:00+00:00
[2024-03-07T18:17:25.553+0000] {processor.py:183} INFO - Processing /home/airflow/.local/lib/python3.11/site-packages/airflow/example_dags/example_latest_only.py took 0.180 seconds
[2024-03-07T18:17:57.157+0000] {processor.py:161} INFO - Started process (PID=582) to work on /home/airflow/.local/lib/python3.11/site-packages/airflow/example_dags/example_latest_only.py
[2024-03-07T18:17:57.160+0000] {processor.py:830} INFO - Processing file /home/airflow/.local/lib/python3.11/site-packages/airflow/example_dags/example_latest_only.py for tasks to queue
[2024-03-07T18:17:57.165+0000] {logging_mixin.py:188} INFO - [2024-03-07T18:17:57.165+0000] {dagbag.py:540} INFO - Filling up the DagBag from /home/airflow/.local/lib/python3.11/site-packages/airflow/example_dags/example_latest_only.py
[2024-03-07T18:17:57.180+0000] {processor.py:840} INFO - DAG(s) 'latest_only' retrieved from /home/airflow/.local/lib/python3.11/site-packages/airflow/example_dags/example_latest_only.py
[2024-03-07T18:17:57.239+0000] {logging_mixin.py:188} INFO - [2024-03-07T18:17:57.238+0000] {dag.py:3047} INFO - Sync 1 DAGs
[2024-03-07T18:17:57.303+0000] {logging_mixin.py:188} INFO - [2024-03-07T18:17:57.302+0000] {dag.py:3834} INFO - Setting next_dagrun for latest_only to 2024-03-07 12:00:00+00:00, run_after=2024-03-07 16:00:00+00:00
[2024-03-07T18:17:57.359+0000] {processor.py:183} INFO - Processing /home/airflow/.local/lib/python3.11/site-packages/airflow/example_dags/example_latest_only.py took 0.209 seconds
[2024-03-07T18:18:28.979+0000] {processor.py:161} INFO - Started process (PID=640) to work on /home/airflow/.local/lib/python3.11/site-packages/airflow/example_dags/example_latest_only.py
[2024-03-07T18:18:28.981+0000] {processor.py:830} INFO - Processing file /home/airflow/.local/lib/python3.11/site-packages/airflow/example_dags/example_latest_only.py for tasks to queue
[2024-03-07T18:18:28.985+0000] {logging_mixin.py:188} INFO - [2024-03-07T18:18:28.984+0000] {dagbag.py:540} INFO - Filling up the DagBag from /home/airflow/.local/lib/python3.11/site-packages/airflow/example_dags/example_latest_only.py
[2024-03-07T18:18:28.998+0000] {processor.py:840} INFO - DAG(s) 'latest_only' retrieved from /home/airflow/.local/lib/python3.11/site-packages/airflow/example_dags/example_latest_only.py
[2024-03-07T18:18:29.043+0000] {logging_mixin.py:188} INFO - [2024-03-07T18:18:29.043+0000] {dag.py:3047} INFO - Sync 1 DAGs
[2024-03-07T18:18:29.097+0000] {logging_mixin.py:188} INFO - [2024-03-07T18:18:29.096+0000] {dag.py:3834} INFO - Setting next_dagrun for latest_only to 2024-03-07 12:00:00+00:00, run_after=2024-03-07 16:00:00+00:00
[2024-03-07T18:18:29.173+0000] {processor.py:183} INFO - Processing /home/airflow/.local/lib/python3.11/site-packages/airflow/example_dags/example_latest_only.py took 0.199 seconds
[2024-03-07T18:18:59.849+0000] {processor.py:161} INFO - Started process (PID=698) to work on /home/airflow/.local/lib/python3.11/site-packages/airflow/example_dags/example_latest_only.py
[2024-03-07T18:18:59.852+0000] {processor.py:830} INFO - Processing file /home/airflow/.local/lib/python3.11/site-packages/airflow/example_dags/example_latest_only.py for tasks to queue
[2024-03-07T18:18:59.855+0000] {logging_mixin.py:188} INFO - [2024-03-07T18:18:59.854+0000] {dagbag.py:540} INFO - Filling up the DagBag from /home/airflow/.local/lib/python3.11/site-packages/airflow/example_dags/example_latest_only.py
[2024-03-07T18:18:59.868+0000] {processor.py:840} INFO - DAG(s) 'latest_only' retrieved from /home/airflow/.local/lib/python3.11/site-packages/airflow/example_dags/example_latest_only.py
[2024-03-07T18:18:59.916+0000] {logging_mixin.py:188} INFO - [2024-03-07T18:18:59.915+0000] {dag.py:3047} INFO - Sync 1 DAGs
[2024-03-07T18:18:59.963+0000] {logging_mixin.py:188} INFO - [2024-03-07T18:18:59.963+0000] {dag.py:3834} INFO - Setting next_dagrun for latest_only to 2024-03-07 12:00:00+00:00, run_after=2024-03-07 16:00:00+00:00
[2024-03-07T18:19:00.015+0000] {processor.py:183} INFO - Processing /home/airflow/.local/lib/python3.11/site-packages/airflow/example_dags/example_latest_only.py took 0.170 seconds
[2024-03-07T18:19:31.804+0000] {processor.py:161} INFO - Started process (PID=757) to work on /home/airflow/.local/lib/python3.11/site-packages/airflow/example_dags/example_latest_only.py
[2024-03-07T18:19:31.807+0000] {processor.py:830} INFO - Processing file /home/airflow/.local/lib/python3.11/site-packages/airflow/example_dags/example_latest_only.py for tasks to queue
[2024-03-07T18:19:31.811+0000] {logging_mixin.py:188} INFO - [2024-03-07T18:19:31.810+0000] {dagbag.py:540} INFO - Filling up the DagBag from /home/airflow/.local/lib/python3.11/site-packages/airflow/example_dags/example_latest_only.py
[2024-03-07T18:19:31.822+0000] {processor.py:840} INFO - DAG(s) 'latest_only' retrieved from /home/airflow/.local/lib/python3.11/site-packages/airflow/example_dags/example_latest_only.py
[2024-03-07T18:19:31.871+0000] {logging_mixin.py:188} INFO - [2024-03-07T18:19:31.871+0000] {dag.py:3047} INFO - Sync 1 DAGs
[2024-03-07T18:19:31.926+0000] {logging_mixin.py:188} INFO - [2024-03-07T18:19:31.925+0000] {dag.py:3834} INFO - Setting next_dagrun for latest_only to 2024-03-07 12:00:00+00:00, run_after=2024-03-07 16:00:00+00:00
[2024-03-07T18:19:31.980+0000] {processor.py:183} INFO - Processing /home/airflow/.local/lib/python3.11/site-packages/airflow/example_dags/example_latest_only.py took 0.182 seconds
[2024-03-07T18:20:03.566+0000] {processor.py:161} INFO - Started process (PID=815) to work on /home/airflow/.local/lib/python3.11/site-packages/airflow/example_dags/example_latest_only.py
[2024-03-07T18:20:03.568+0000] {processor.py:830} INFO - Processing file /home/airflow/.local/lib/python3.11/site-packages/airflow/example_dags/example_latest_only.py for tasks to queue
[2024-03-07T18:20:03.573+0000] {logging_mixin.py:188} INFO - [2024-03-07T18:20:03.572+0000] {dagbag.py:540} INFO - Filling up the DagBag from /home/airflow/.local/lib/python3.11/site-packages/airflow/example_dags/example_latest_only.py
[2024-03-07T18:20:03.587+0000] {processor.py:840} INFO - DAG(s) 'latest_only' retrieved from /home/airflow/.local/lib/python3.11/site-packages/airflow/example_dags/example_latest_only.py
[2024-03-07T18:20:03.639+0000] {logging_mixin.py:188} INFO - [2024-03-07T18:20:03.639+0000] {dag.py:3047} INFO - Sync 1 DAGs
[2024-03-07T18:20:03.701+0000] {logging_mixin.py:188} INFO - [2024-03-07T18:20:03.701+0000] {dag.py:3834} INFO - Setting next_dagrun for latest_only to 2024-03-07 12:00:00+00:00, run_after=2024-03-07 16:00:00+00:00
[2024-03-07T18:20:03.758+0000] {processor.py:183} INFO - Processing /home/airflow/.local/lib/python3.11/site-packages/airflow/example_dags/example_latest_only.py took 0.199 seconds
[2024-03-07T18:20:35.279+0000] {processor.py:161} INFO - Started process (PID=872) to work on /home/airflow/.local/lib/python3.11/site-packages/airflow/example_dags/example_latest_only.py
[2024-03-07T18:20:35.282+0000] {processor.py:830} INFO - Processing file /home/airflow/.local/lib/python3.11/site-packages/airflow/example_dags/example_latest_only.py for tasks to queue
[2024-03-07T18:20:35.287+0000] {logging_mixin.py:188} INFO - [2024-03-07T18:20:35.286+0000] {dagbag.py:540} INFO - Filling up the DagBag from /home/airflow/.local/lib/python3.11/site-packages/airflow/example_dags/example_latest_only.py
[2024-03-07T18:20:35.297+0000] {processor.py:840} INFO - DAG(s) 'latest_only' retrieved from /home/airflow/.local/lib/python3.11/site-packages/airflow/example_dags/example_latest_only.py
[2024-03-07T18:20:35.349+0000] {logging_mixin.py:188} INFO - [2024-03-07T18:20:35.349+0000] {dag.py:3047} INFO - Sync 1 DAGs
[2024-03-07T18:20:35.407+0000] {logging_mixin.py:188} INFO - [2024-03-07T18:20:35.406+0000] {dag.py:3834} INFO - Setting next_dagrun for latest_only to 2024-03-07 12:00:00+00:00, run_after=2024-03-07 16:00:00+00:00
[2024-03-07T18:20:35.491+0000] {processor.py:183} INFO - Processing /home/airflow/.local/lib/python3.11/site-packages/airflow/example_dags/example_latest_only.py took 0.218 seconds
[2024-03-07T18:21:06.949+0000] {processor.py:161} INFO - Started process (PID=930) to work on /home/airflow/.local/lib/python3.11/site-packages/airflow/example_dags/example_latest_only.py
[2024-03-07T18:21:06.952+0000] {processor.py:830} INFO - Processing file /home/airflow/.local/lib/python3.11/site-packages/airflow/example_dags/example_latest_only.py for tasks to queue
[2024-03-07T18:21:06.957+0000] {logging_mixin.py:188} INFO - [2024-03-07T18:21:06.956+0000] {dagbag.py:540} INFO - Filling up the DagBag from /home/airflow/.local/lib/python3.11/site-packages/airflow/example_dags/example_latest_only.py
[2024-03-07T18:21:06.966+0000] {processor.py:840} INFO - DAG(s) 'latest_only' retrieved from /home/airflow/.local/lib/python3.11/site-packages/airflow/example_dags/example_latest_only.py
[2024-03-07T18:21:07.019+0000] {logging_mixin.py:188} INFO - [2024-03-07T18:21:07.018+0000] {dag.py:3047} INFO - Sync 1 DAGs
[2024-03-07T18:21:07.084+0000] {logging_mixin.py:188} INFO - [2024-03-07T18:21:07.083+0000] {dag.py:3834} INFO - Setting next_dagrun for latest_only to 2024-03-07 12:00:00+00:00, run_after=2024-03-07 16:00:00+00:00
[2024-03-07T18:21:07.133+0000] {processor.py:183} INFO - Processing /home/airflow/.local/lib/python3.11/site-packages/airflow/example_dags/example_latest_only.py took 0.190 seconds
[2024-03-07T18:21:39.604+0000] {processor.py:161} INFO - Started process (PID=993) to work on /home/airflow/.local/lib/python3.11/site-packages/airflow/example_dags/example_latest_only.py
[2024-03-07T18:21:39.607+0000] {processor.py:830} INFO - Processing file /home/airflow/.local/lib/python3.11/site-packages/airflow/example_dags/example_latest_only.py for tasks to queue
[2024-03-07T18:21:39.612+0000] {logging_mixin.py:188} INFO - [2024-03-07T18:21:39.611+0000] {dagbag.py:540} INFO - Filling up the DagBag from /home/airflow/.local/lib/python3.11/site-packages/airflow/example_dags/example_latest_only.py
[2024-03-07T18:21:39.623+0000] {processor.py:840} INFO - DAG(s) 'latest_only' retrieved from /home/airflow/.local/lib/python3.11/site-packages/airflow/example_dags/example_latest_only.py
[2024-03-07T18:21:39.811+0000] {logging_mixin.py:188} INFO - [2024-03-07T18:21:39.808+0000] {dag.py:3047} INFO - Sync 1 DAGs
[2024-03-07T18:21:39.990+0000] {logging_mixin.py:188} INFO - [2024-03-07T18:21:39.989+0000] {dag.py:3834} INFO - Setting next_dagrun for latest_only to 2024-03-07 12:00:00+00:00, run_after=2024-03-07 16:00:00+00:00
[2024-03-07T18:21:40.155+0000] {processor.py:183} INFO - Processing /home/airflow/.local/lib/python3.11/site-packages/airflow/example_dags/example_latest_only.py took 0.557 seconds
[2024-03-07T18:22:11.450+0000] {processor.py:161} INFO - Started process (PID=1051) to work on /home/airflow/.local/lib/python3.11/site-packages/airflow/example_dags/example_latest_only.py
[2024-03-07T18:22:11.453+0000] {processor.py:830} INFO - Processing file /home/airflow/.local/lib/python3.11/site-packages/airflow/example_dags/example_latest_only.py for tasks to queue
[2024-03-07T18:22:11.456+0000] {logging_mixin.py:188} INFO - [2024-03-07T18:22:11.456+0000] {dagbag.py:540} INFO - Filling up the DagBag from /home/airflow/.local/lib/python3.11/site-packages/airflow/example_dags/example_latest_only.py
[2024-03-07T18:22:11.466+0000] {processor.py:840} INFO - DAG(s) 'latest_only' retrieved from /home/airflow/.local/lib/python3.11/site-packages/airflow/example_dags/example_latest_only.py
[2024-03-07T18:22:11.505+0000] {logging_mixin.py:188} INFO - [2024-03-07T18:22:11.505+0000] {dag.py:3047} INFO - Sync 1 DAGs
[2024-03-07T18:22:11.561+0000] {logging_mixin.py:188} INFO - [2024-03-07T18:22:11.561+0000] {dag.py:3834} INFO - Setting next_dagrun for latest_only to 2024-03-07 12:00:00+00:00, run_after=2024-03-07 16:00:00+00:00
[2024-03-07T18:22:11.613+0000] {processor.py:183} INFO - Processing /home/airflow/.local/lib/python3.11/site-packages/airflow/example_dags/example_latest_only.py took 0.169 seconds
[2024-03-07T18:22:43.468+0000] {processor.py:161} INFO - Started process (PID=1110) to work on /home/airflow/.local/lib/python3.11/site-packages/airflow/example_dags/example_latest_only.py
[2024-03-07T18:22:43.471+0000] {processor.py:830} INFO - Processing file /home/airflow/.local/lib/python3.11/site-packages/airflow/example_dags/example_latest_only.py for tasks to queue
[2024-03-07T18:22:43.478+0000] {logging_mixin.py:188} INFO - [2024-03-07T18:22:43.475+0000] {dagbag.py:540} INFO - Filling up the DagBag from /home/airflow/.local/lib/python3.11/site-packages/airflow/example_dags/example_latest_only.py
[2024-03-07T18:22:43.489+0000] {processor.py:840} INFO - DAG(s) 'latest_only' retrieved from /home/airflow/.local/lib/python3.11/site-packages/airflow/example_dags/example_latest_only.py
[2024-03-07T18:22:43.567+0000] {logging_mixin.py:188} INFO - [2024-03-07T18:22:43.566+0000] {dag.py:3047} INFO - Sync 1 DAGs
[2024-03-07T18:22:43.665+0000] {logging_mixin.py:188} INFO - [2024-03-07T18:22:43.664+0000] {dag.py:3834} INFO - Setting next_dagrun for latest_only to 2024-03-07 12:00:00+00:00, run_after=2024-03-07 16:00:00+00:00
[2024-03-07T18:22:43.741+0000] {processor.py:183} INFO - Processing /home/airflow/.local/lib/python3.11/site-packages/airflow/example_dags/example_latest_only.py took 0.279 seconds
[2024-03-07T18:23:14.668+0000] {processor.py:161} INFO - Started process (PID=1168) to work on /home/airflow/.local/lib/python3.11/site-packages/airflow/example_dags/example_latest_only.py
[2024-03-07T18:23:14.670+0000] {processor.py:830} INFO - Processing file /home/airflow/.local/lib/python3.11/site-packages/airflow/example_dags/example_latest_only.py for tasks to queue
[2024-03-07T18:23:14.676+0000] {logging_mixin.py:188} INFO - [2024-03-07T18:23:14.675+0000] {dagbag.py:540} INFO - Filling up the DagBag from /home/airflow/.local/lib/python3.11/site-packages/airflow/example_dags/example_latest_only.py
[2024-03-07T18:23:14.691+0000] {processor.py:840} INFO - DAG(s) 'latest_only' retrieved from /home/airflow/.local/lib/python3.11/site-packages/airflow/example_dags/example_latest_only.py
[2024-03-07T18:23:14.738+0000] {logging_mixin.py:188} INFO - [2024-03-07T18:23:14.737+0000] {dag.py:3047} INFO - Sync 1 DAGs
[2024-03-07T18:23:14.811+0000] {logging_mixin.py:188} INFO - [2024-03-07T18:23:14.810+0000] {dag.py:3834} INFO - Setting next_dagrun for latest_only to 2024-03-07 12:00:00+00:00, run_after=2024-03-07 16:00:00+00:00
[2024-03-07T18:23:14.903+0000] {processor.py:183} INFO - Processing /home/airflow/.local/lib/python3.11/site-packages/airflow/example_dags/example_latest_only.py took 0.242 seconds
[2024-03-07T18:23:46.353+0000] {processor.py:161} INFO - Started process (PID=1227) to work on /home/airflow/.local/lib/python3.11/site-packages/airflow/example_dags/example_latest_only.py
[2024-03-07T18:23:46.356+0000] {processor.py:830} INFO - Processing file /home/airflow/.local/lib/python3.11/site-packages/airflow/example_dags/example_latest_only.py for tasks to queue
[2024-03-07T18:23:46.361+0000] {logging_mixin.py:188} INFO - [2024-03-07T18:23:46.360+0000] {dagbag.py:540} INFO - Filling up the DagBag from /home/airflow/.local/lib/python3.11/site-packages/airflow/example_dags/example_latest_only.py
[2024-03-07T18:23:46.370+0000] {processor.py:840} INFO - DAG(s) 'latest_only' retrieved from /home/airflow/.local/lib/python3.11/site-packages/airflow/example_dags/example_latest_only.py
[2024-03-07T18:23:46.431+0000] {logging_mixin.py:188} INFO - [2024-03-07T18:23:46.431+0000] {dag.py:3047} INFO - Sync 1 DAGs
[2024-03-07T18:23:46.495+0000] {logging_mixin.py:188} INFO - [2024-03-07T18:23:46.494+0000] {dag.py:3834} INFO - Setting next_dagrun for latest_only to 2024-03-07 12:00:00+00:00, run_after=2024-03-07 16:00:00+00:00
[2024-03-07T18:23:46.560+0000] {processor.py:183} INFO - Processing /home/airflow/.local/lib/python3.11/site-packages/airflow/example_dags/example_latest_only.py took 0.214 seconds
[2024-03-07T18:24:18.623+0000] {processor.py:161} INFO - Started process (PID=1285) to work on /home/airflow/.local/lib/python3.11/site-packages/airflow/example_dags/example_latest_only.py
[2024-03-07T18:24:18.625+0000] {processor.py:830} INFO - Processing file /home/airflow/.local/lib/python3.11/site-packages/airflow/example_dags/example_latest_only.py for tasks to queue
[2024-03-07T18:24:18.630+0000] {logging_mixin.py:188} INFO - [2024-03-07T18:24:18.629+0000] {dagbag.py:540} INFO - Filling up the DagBag from /home/airflow/.local/lib/python3.11/site-packages/airflow/example_dags/example_latest_only.py
[2024-03-07T18:24:18.641+0000] {processor.py:840} INFO - DAG(s) 'latest_only' retrieved from /home/airflow/.local/lib/python3.11/site-packages/airflow/example_dags/example_latest_only.py
[2024-03-07T18:24:18.696+0000] {logging_mixin.py:188} INFO - [2024-03-07T18:24:18.696+0000] {dag.py:3047} INFO - Sync 1 DAGs
[2024-03-07T18:24:18.758+0000] {logging_mixin.py:188} INFO - [2024-03-07T18:24:18.757+0000] {dag.py:3834} INFO - Setting next_dagrun for latest_only to 2024-03-07 12:00:00+00:00, run_after=2024-03-07 16:00:00+00:00
[2024-03-07T18:24:18.825+0000] {processor.py:183} INFO - Processing /home/airflow/.local/lib/python3.11/site-packages/airflow/example_dags/example_latest_only.py took 0.207 seconds
[2024-03-07T18:24:50.629+0000] {processor.py:161} INFO - Started process (PID=1343) to work on /home/airflow/.local/lib/python3.11/site-packages/airflow/example_dags/example_latest_only.py
[2024-03-07T18:24:50.632+0000] {processor.py:830} INFO - Processing file /home/airflow/.local/lib/python3.11/site-packages/airflow/example_dags/example_latest_only.py for tasks to queue
[2024-03-07T18:24:50.637+0000] {logging_mixin.py:188} INFO - [2024-03-07T18:24:50.636+0000] {dagbag.py:540} INFO - Filling up the DagBag from /home/airflow/.local/lib/python3.11/site-packages/airflow/example_dags/example_latest_only.py
[2024-03-07T18:24:50.650+0000] {processor.py:840} INFO - DAG(s) 'latest_only' retrieved from /home/airflow/.local/lib/python3.11/site-packages/airflow/example_dags/example_latest_only.py
[2024-03-07T18:24:50.694+0000] {logging_mixin.py:188} INFO - [2024-03-07T18:24:50.694+0000] {dag.py:3047} INFO - Sync 1 DAGs
[2024-03-07T18:24:50.756+0000] {logging_mixin.py:188} INFO - [2024-03-07T18:24:50.756+0000] {dag.py:3834} INFO - Setting next_dagrun for latest_only to 2024-03-07 12:00:00+00:00, run_after=2024-03-07 16:00:00+00:00
[2024-03-07T18:24:50.807+0000] {processor.py:183} INFO - Processing /home/airflow/.local/lib/python3.11/site-packages/airflow/example_dags/example_latest_only.py took 0.183 seconds
[2024-03-07T18:25:23.324+0000] {processor.py:161} INFO - Started process (PID=1403) to work on /home/airflow/.local/lib/python3.11/site-packages/airflow/example_dags/example_latest_only.py
[2024-03-07T18:25:23.326+0000] {processor.py:830} INFO - Processing file /home/airflow/.local/lib/python3.11/site-packages/airflow/example_dags/example_latest_only.py for tasks to queue
[2024-03-07T18:25:23.331+0000] {logging_mixin.py:188} INFO - [2024-03-07T18:25:23.330+0000] {dagbag.py:540} INFO - Filling up the DagBag from /home/airflow/.local/lib/python3.11/site-packages/airflow/example_dags/example_latest_only.py
[2024-03-07T18:25:23.341+0000] {processor.py:840} INFO - DAG(s) 'latest_only' retrieved from /home/airflow/.local/lib/python3.11/site-packages/airflow/example_dags/example_latest_only.py
[2024-03-07T18:25:23.392+0000] {logging_mixin.py:188} INFO - [2024-03-07T18:25:23.391+0000] {dag.py:3047} INFO - Sync 1 DAGs
[2024-03-07T18:25:23.442+0000] {logging_mixin.py:188} INFO - [2024-03-07T18:25:23.441+0000] {dag.py:3834} INFO - Setting next_dagrun for latest_only to 2024-03-07 12:00:00+00:00, run_after=2024-03-07 16:00:00+00:00
[2024-03-07T18:25:23.493+0000] {processor.py:183} INFO - Processing /home/airflow/.local/lib/python3.11/site-packages/airflow/example_dags/example_latest_only.py took 0.173 seconds
[2024-03-07T18:25:55.319+0000] {processor.py:161} INFO - Started process (PID=1460) to work on /home/airflow/.local/lib/python3.11/site-packages/airflow/example_dags/example_latest_only.py
[2024-03-07T18:25:55.322+0000] {processor.py:830} INFO - Processing file /home/airflow/.local/lib/python3.11/site-packages/airflow/example_dags/example_latest_only.py for tasks to queue
[2024-03-07T18:25:55.325+0000] {logging_mixin.py:188} INFO - [2024-03-07T18:25:55.325+0000] {dagbag.py:540} INFO - Filling up the DagBag from /home/airflow/.local/lib/python3.11/site-packages/airflow/example_dags/example_latest_only.py
[2024-03-07T18:25:55.335+0000] {processor.py:840} INFO - DAG(s) 'latest_only' retrieved from /home/airflow/.local/lib/python3.11/site-packages/airflow/example_dags/example_latest_only.py
[2024-03-07T18:25:55.391+0000] {logging_mixin.py:188} INFO - [2024-03-07T18:25:55.390+0000] {dag.py:3047} INFO - Sync 1 DAGs
[2024-03-07T18:25:55.443+0000] {logging_mixin.py:188} INFO - [2024-03-07T18:25:55.442+0000] {dag.py:3834} INFO - Setting next_dagrun for latest_only to 2024-03-07 12:00:00+00:00, run_after=2024-03-07 16:00:00+00:00
[2024-03-07T18:25:55.502+0000] {processor.py:183} INFO - Processing /home/airflow/.local/lib/python3.11/site-packages/airflow/example_dags/example_latest_only.py took 0.188 seconds
[2024-03-07T18:26:27.061+0000] {processor.py:161} INFO - Started process (PID=1518) to work on /home/airflow/.local/lib/python3.11/site-packages/airflow/example_dags/example_latest_only.py
[2024-03-07T18:26:27.064+0000] {processor.py:830} INFO - Processing file /home/airflow/.local/lib/python3.11/site-packages/airflow/example_dags/example_latest_only.py for tasks to queue
[2024-03-07T18:26:27.069+0000] {logging_mixin.py:188} INFO - [2024-03-07T18:26:27.068+0000] {dagbag.py:540} INFO - Filling up the DagBag from /home/airflow/.local/lib/python3.11/site-packages/airflow/example_dags/example_latest_only.py
[2024-03-07T18:26:27.080+0000] {processor.py:840} INFO - DAG(s) 'latest_only' retrieved from /home/airflow/.local/lib/python3.11/site-packages/airflow/example_dags/example_latest_only.py
[2024-03-07T18:26:27.124+0000] {logging_mixin.py:188} INFO - [2024-03-07T18:26:27.123+0000] {dag.py:3047} INFO - Sync 1 DAGs
[2024-03-07T18:26:27.184+0000] {logging_mixin.py:188} INFO - [2024-03-07T18:26:27.183+0000] {dag.py:3834} INFO - Setting next_dagrun for latest_only to 2024-03-07 12:00:00+00:00, run_after=2024-03-07 16:00:00+00:00
[2024-03-07T18:26:27.272+0000] {processor.py:183} INFO - Processing /home/airflow/.local/lib/python3.11/site-packages/airflow/example_dags/example_latest_only.py took 0.217 seconds
[2024-03-07T18:26:59.688+0000] {processor.py:161} INFO - Started process (PID=1578) to work on /home/airflow/.local/lib/python3.11/site-packages/airflow/example_dags/example_latest_only.py
[2024-03-07T18:26:59.691+0000] {processor.py:830} INFO - Processing file /home/airflow/.local/lib/python3.11/site-packages/airflow/example_dags/example_latest_only.py for tasks to queue
[2024-03-07T18:26:59.696+0000] {logging_mixin.py:188} INFO - [2024-03-07T18:26:59.695+0000] {dagbag.py:540} INFO - Filling up the DagBag from /home/airflow/.local/lib/python3.11/site-packages/airflow/example_dags/example_latest_only.py
[2024-03-07T18:26:59.707+0000] {processor.py:840} INFO - DAG(s) 'latest_only' retrieved from /home/airflow/.local/lib/python3.11/site-packages/airflow/example_dags/example_latest_only.py
[2024-03-07T18:26:59.759+0000] {logging_mixin.py:188} INFO - [2024-03-07T18:26:59.758+0000] {dag.py:3047} INFO - Sync 1 DAGs
[2024-03-07T18:26:59.803+0000] {logging_mixin.py:188} INFO - [2024-03-07T18:26:59.803+0000] {dag.py:3834} INFO - Setting next_dagrun for latest_only to 2024-03-07 12:00:00+00:00, run_after=2024-03-07 16:00:00+00:00
[2024-03-07T18:26:59.856+0000] {processor.py:183} INFO - Processing /home/airflow/.local/lib/python3.11/site-packages/airflow/example_dags/example_latest_only.py took 0.173 seconds
[2024-03-07T18:27:32.310+0000] {processor.py:161} INFO - Started process (PID=1635) to work on /home/airflow/.local/lib/python3.11/site-packages/airflow/example_dags/example_latest_only.py
[2024-03-07T18:27:32.312+0000] {processor.py:830} INFO - Processing file /home/airflow/.local/lib/python3.11/site-packages/airflow/example_dags/example_latest_only.py for tasks to queue
[2024-03-07T18:27:32.316+0000] {logging_mixin.py:188} INFO - [2024-03-07T18:27:32.315+0000] {dagbag.py:540} INFO - Filling up the DagBag from /home/airflow/.local/lib/python3.11/site-packages/airflow/example_dags/example_latest_only.py
[2024-03-07T18:27:32.327+0000] {processor.py:840} INFO - DAG(s) 'latest_only' retrieved from /home/airflow/.local/lib/python3.11/site-packages/airflow/example_dags/example_latest_only.py
[2024-03-07T18:27:32.370+0000] {logging_mixin.py:188} INFO - [2024-03-07T18:27:32.370+0000] {dag.py:3047} INFO - Sync 1 DAGs
[2024-03-07T18:27:32.421+0000] {logging_mixin.py:188} INFO - [2024-03-07T18:27:32.420+0000] {dag.py:3834} INFO - Setting next_dagrun for latest_only to 2024-03-07 12:00:00+00:00, run_after=2024-03-07 16:00:00+00:00
[2024-03-07T18:27:32.483+0000] {processor.py:183} INFO - Processing /home/airflow/.local/lib/python3.11/site-packages/airflow/example_dags/example_latest_only.py took 0.178 seconds
[2024-03-07T18:28:04.393+0000] {processor.py:161} INFO - Started process (PID=1693) to work on /home/airflow/.local/lib/python3.11/site-packages/airflow/example_dags/example_latest_only.py
[2024-03-07T18:28:04.396+0000] {processor.py:830} INFO - Processing file /home/airflow/.local/lib/python3.11/site-packages/airflow/example_dags/example_latest_only.py for tasks to queue
[2024-03-07T18:28:04.401+0000] {logging_mixin.py:188} INFO - [2024-03-07T18:28:04.400+0000] {dagbag.py:540} INFO - Filling up the DagBag from /home/airflow/.local/lib/python3.11/site-packages/airflow/example_dags/example_latest_only.py
[2024-03-07T18:28:04.412+0000] {processor.py:840} INFO - DAG(s) 'latest_only' retrieved from /home/airflow/.local/lib/python3.11/site-packages/airflow/example_dags/example_latest_only.py
[2024-03-07T18:28:04.458+0000] {logging_mixin.py:188} INFO - [2024-03-07T18:28:04.457+0000] {dag.py:3047} INFO - Sync 1 DAGs
[2024-03-07T18:28:04.524+0000] {logging_mixin.py:188} INFO - [2024-03-07T18:28:04.523+0000] {dag.py:3834} INFO - Setting next_dagrun for latest_only to 2024-03-07 12:00:00+00:00, run_after=2024-03-07 16:00:00+00:00
[2024-03-07T18:28:04.629+0000] {processor.py:183} INFO - Processing /home/airflow/.local/lib/python3.11/site-packages/airflow/example_dags/example_latest_only.py took 0.241 seconds
[2024-03-07T18:28:37.231+0000] {processor.py:161} INFO - Started process (PID=1751) to work on /home/airflow/.local/lib/python3.11/site-packages/airflow/example_dags/example_latest_only.py
[2024-03-07T18:28:37.256+0000] {processor.py:830} INFO - Processing file /home/airflow/.local/lib/python3.11/site-packages/airflow/example_dags/example_latest_only.py for tasks to queue
[2024-03-07T18:28:37.298+0000] {logging_mixin.py:188} INFO - [2024-03-07T18:28:37.297+0000] {dagbag.py:540} INFO - Filling up the DagBag from /home/airflow/.local/lib/python3.11/site-packages/airflow/example_dags/example_latest_only.py
[2024-03-07T18:28:37.368+0000] {processor.py:840} INFO - DAG(s) 'latest_only' retrieved from /home/airflow/.local/lib/python3.11/site-packages/airflow/example_dags/example_latest_only.py
[2024-03-07T18:28:37.529+0000] {logging_mixin.py:188} INFO - [2024-03-07T18:28:37.528+0000] {dag.py:3047} INFO - Sync 1 DAGs
[2024-03-07T18:28:37.659+0000] {logging_mixin.py:188} INFO - [2024-03-07T18:28:37.658+0000] {dag.py:3834} INFO - Setting next_dagrun for latest_only to 2024-03-07 12:00:00+00:00, run_after=2024-03-07 16:00:00+00:00
[2024-03-07T18:28:37.754+0000] {processor.py:183} INFO - Processing /home/airflow/.local/lib/python3.11/site-packages/airflow/example_dags/example_latest_only.py took 0.548 seconds
[2024-03-07T18:29:08.545+0000] {processor.py:161} INFO - Started process (PID=1810) to work on /home/airflow/.local/lib/python3.11/site-packages/airflow/example_dags/example_latest_only.py
[2024-03-07T18:29:08.548+0000] {processor.py:830} INFO - Processing file /home/airflow/.local/lib/python3.11/site-packages/airflow/example_dags/example_latest_only.py for tasks to queue
[2024-03-07T18:29:08.552+0000] {logging_mixin.py:188} INFO - [2024-03-07T18:29:08.551+0000] {dagbag.py:540} INFO - Filling up the DagBag from /home/airflow/.local/lib/python3.11/site-packages/airflow/example_dags/example_latest_only.py
[2024-03-07T18:29:08.561+0000] {processor.py:840} INFO - DAG(s) 'latest_only' retrieved from /home/airflow/.local/lib/python3.11/site-packages/airflow/example_dags/example_latest_only.py
[2024-03-07T18:29:08.601+0000] {logging_mixin.py:188} INFO - [2024-03-07T18:29:08.600+0000] {dag.py:3047} INFO - Sync 1 DAGs
[2024-03-07T18:29:08.643+0000] {logging_mixin.py:188} INFO - [2024-03-07T18:29:08.643+0000] {dag.py:3834} INFO - Setting next_dagrun for latest_only to 2024-03-07 12:00:00+00:00, run_after=2024-03-07 16:00:00+00:00
[2024-03-07T18:29:08.698+0000] {processor.py:183} INFO - Processing /home/airflow/.local/lib/python3.11/site-packages/airflow/example_dags/example_latest_only.py took 0.158 seconds
