[2024-03-07T18:13:13.738+0000] {processor.py:161} INFO - Started process (PID=71) to work on /home/airflow/.local/lib/python3.11/site-packages/airflow/example_dags/example_datasets.py
[2024-03-07T18:13:13.752+0000] {processor.py:830} INFO - Processing file /home/airflow/.local/lib/python3.11/site-packages/airflow/example_dags/example_datasets.py for tasks to queue
[2024-03-07T18:13:13.771+0000] {logging_mixin.py:188} INFO - [2024-03-07T18:13:13.768+0000] {dagbag.py:540} INFO - Filling up the DagBag from /home/airflow/.local/lib/python3.11/site-packages/airflow/example_dags/example_datasets.py
[2024-03-07T18:13:13.856+0000] {processor.py:840} INFO - DAG(s) 'dataset_produces_2', 'dataset_consumes_1_never_scheduled', 'dataset_produces_1', 'dataset_consumes_1', 'dataset_consumes_1_and_2', 'dataset_consumes_unknown_never_scheduled' retrieved from /home/airflow/.local/lib/python3.11/site-packages/airflow/example_dags/example_datasets.py
[2024-03-07T18:13:14.245+0000] {logging_mixin.py:188} INFO - [2024-03-07T18:13:14.244+0000] {dag.py:3047} INFO - Sync 6 DAGs
[2024-03-07T18:13:14.546+0000] {logging_mixin.py:188} INFO - [2024-03-07T18:13:14.537+0000] {dag.py:3834} INFO - Setting next_dagrun for dataset_consumes_1 to None, run_after=None
[2024-03-07T18:13:14.596+0000] {logging_mixin.py:188} INFO - [2024-03-07T18:13:14.595+0000] {dag.py:3834} INFO - Setting next_dagrun for dataset_consumes_1_and_2 to None, run_after=None
[2024-03-07T18:13:14.612+0000] {logging_mixin.py:188} INFO - [2024-03-07T18:13:14.611+0000] {dag.py:3834} INFO - Setting next_dagrun for dataset_consumes_1_never_scheduled to None, run_after=None
[2024-03-07T18:13:14.640+0000] {logging_mixin.py:188} INFO - [2024-03-07T18:13:14.634+0000] {dag.py:3834} INFO - Setting next_dagrun for dataset_consumes_unknown_never_scheduled to None, run_after=None
[2024-03-07T18:13:14.674+0000] {logging_mixin.py:188} INFO - [2024-03-07T18:13:14.673+0000] {dag.py:3834} INFO - Setting next_dagrun for dataset_produces_1 to 2024-03-06 00:00:00+00:00, run_after=2024-03-07 00:00:00+00:00
[2024-03-07T18:13:14.734+0000] {logging_mixin.py:188} INFO - [2024-03-07T18:13:14.733+0000] {dag.py:3834} INFO - Setting next_dagrun for dataset_produces_2 to None, run_after=None
[2024-03-07T18:13:15.250+0000] {processor.py:183} INFO - Processing /home/airflow/.local/lib/python3.11/site-packages/airflow/example_dags/example_datasets.py took 1.551 seconds
[2024-03-07T18:13:45.691+0000] {processor.py:161} INFO - Started process (PID=129) to work on /home/airflow/.local/lib/python3.11/site-packages/airflow/example_dags/example_datasets.py
[2024-03-07T18:13:45.697+0000] {processor.py:830} INFO - Processing file /home/airflow/.local/lib/python3.11/site-packages/airflow/example_dags/example_datasets.py for tasks to queue
[2024-03-07T18:13:45.703+0000] {logging_mixin.py:188} INFO - [2024-03-07T18:13:45.702+0000] {dagbag.py:540} INFO - Filling up the DagBag from /home/airflow/.local/lib/python3.11/site-packages/airflow/example_dags/example_datasets.py
[2024-03-07T18:13:45.761+0000] {processor.py:840} INFO - DAG(s) 'dataset_produces_2', 'dataset_consumes_1_and_2', 'dataset_consumes_unknown_never_scheduled', 'dataset_produces_1', 'dataset_consumes_1', 'dataset_consumes_1_never_scheduled' retrieved from /home/airflow/.local/lib/python3.11/site-packages/airflow/example_dags/example_datasets.py
[2024-03-07T18:13:46.106+0000] {logging_mixin.py:188} INFO - [2024-03-07T18:13:46.105+0000] {dag.py:3047} INFO - Sync 6 DAGs
[2024-03-07T18:13:46.255+0000] {logging_mixin.py:188} INFO - [2024-03-07T18:13:46.254+0000] {dag.py:3834} INFO - Setting next_dagrun for dataset_consumes_1 to None, run_after=None
[2024-03-07T18:13:46.275+0000] {logging_mixin.py:188} INFO - [2024-03-07T18:13:46.274+0000] {dag.py:3834} INFO - Setting next_dagrun for dataset_consumes_1_and_2 to None, run_after=None
[2024-03-07T18:13:46.284+0000] {logging_mixin.py:188} INFO - [2024-03-07T18:13:46.282+0000] {dag.py:3834} INFO - Setting next_dagrun for dataset_consumes_1_never_scheduled to None, run_after=None
[2024-03-07T18:13:46.296+0000] {logging_mixin.py:188} INFO - [2024-03-07T18:13:46.295+0000] {dag.py:3834} INFO - Setting next_dagrun for dataset_consumes_unknown_never_scheduled to None, run_after=None
[2024-03-07T18:13:46.328+0000] {logging_mixin.py:188} INFO - [2024-03-07T18:13:46.321+0000] {dag.py:3834} INFO - Setting next_dagrun for dataset_produces_1 to 2024-03-06 00:00:00+00:00, run_after=2024-03-07 00:00:00+00:00
[2024-03-07T18:13:46.334+0000] {logging_mixin.py:188} INFO - [2024-03-07T18:13:46.333+0000] {dag.py:3834} INFO - Setting next_dagrun for dataset_produces_2 to None, run_after=None
[2024-03-07T18:13:46.558+0000] {processor.py:183} INFO - Processing /home/airflow/.local/lib/python3.11/site-packages/airflow/example_dags/example_datasets.py took 0.883 seconds
[2024-03-07T18:14:19.313+0000] {processor.py:161} INFO - Started process (PID=187) to work on /home/airflow/.local/lib/python3.11/site-packages/airflow/example_dags/example_datasets.py
[2024-03-07T18:14:19.322+0000] {processor.py:830} INFO - Processing file /home/airflow/.local/lib/python3.11/site-packages/airflow/example_dags/example_datasets.py for tasks to queue
[2024-03-07T18:14:19.334+0000] {logging_mixin.py:188} INFO - [2024-03-07T18:14:19.333+0000] {dagbag.py:540} INFO - Filling up the DagBag from /home/airflow/.local/lib/python3.11/site-packages/airflow/example_dags/example_datasets.py
[2024-03-07T18:14:19.413+0000] {processor.py:840} INFO - DAG(s) 'dataset_consumes_1', 'dataset_consumes_1_never_scheduled', 'dataset_produces_2', 'dataset_consumes_unknown_never_scheduled', 'dataset_produces_1', 'dataset_consumes_1_and_2' retrieved from /home/airflow/.local/lib/python3.11/site-packages/airflow/example_dags/example_datasets.py
[2024-03-07T18:14:19.672+0000] {logging_mixin.py:188} INFO - [2024-03-07T18:14:19.671+0000] {dag.py:3047} INFO - Sync 6 DAGs
[2024-03-07T18:14:19.832+0000] {logging_mixin.py:188} INFO - [2024-03-07T18:14:19.831+0000] {dag.py:3834} INFO - Setting next_dagrun for dataset_consumes_1 to None, run_after=None
[2024-03-07T18:14:19.861+0000] {logging_mixin.py:188} INFO - [2024-03-07T18:14:19.860+0000] {dag.py:3834} INFO - Setting next_dagrun for dataset_consumes_1_and_2 to None, run_after=None
[2024-03-07T18:14:19.879+0000] {logging_mixin.py:188} INFO - [2024-03-07T18:14:19.878+0000] {dag.py:3834} INFO - Setting next_dagrun for dataset_consumes_1_never_scheduled to None, run_after=None
[2024-03-07T18:14:19.891+0000] {logging_mixin.py:188} INFO - [2024-03-07T18:14:19.890+0000] {dag.py:3834} INFO - Setting next_dagrun for dataset_consumes_unknown_never_scheduled to None, run_after=None
[2024-03-07T18:14:19.923+0000] {logging_mixin.py:188} INFO - [2024-03-07T18:14:19.922+0000] {dag.py:3834} INFO - Setting next_dagrun for dataset_produces_1 to 2024-03-06 00:00:00+00:00, run_after=2024-03-07 00:00:00+00:00
[2024-03-07T18:14:19.938+0000] {logging_mixin.py:188} INFO - [2024-03-07T18:14:19.936+0000] {dag.py:3834} INFO - Setting next_dagrun for dataset_produces_2 to None, run_after=None
[2024-03-07T18:14:20.209+0000] {processor.py:183} INFO - Processing /home/airflow/.local/lib/python3.11/site-packages/airflow/example_dags/example_datasets.py took 0.934 seconds
[2024-03-07T18:14:52.051+0000] {processor.py:161} INFO - Started process (PID=244) to work on /home/airflow/.local/lib/python3.11/site-packages/airflow/example_dags/example_datasets.py
[2024-03-07T18:14:52.054+0000] {processor.py:830} INFO - Processing file /home/airflow/.local/lib/python3.11/site-packages/airflow/example_dags/example_datasets.py for tasks to queue
[2024-03-07T18:14:52.060+0000] {logging_mixin.py:188} INFO - [2024-03-07T18:14:52.059+0000] {dagbag.py:540} INFO - Filling up the DagBag from /home/airflow/.local/lib/python3.11/site-packages/airflow/example_dags/example_datasets.py
[2024-03-07T18:14:52.089+0000] {processor.py:840} INFO - DAG(s) 'dataset_consumes_1_and_2', 'dataset_consumes_1_never_scheduled', 'dataset_produces_2', 'dataset_produces_1', 'dataset_consumes_unknown_never_scheduled', 'dataset_consumes_1' retrieved from /home/airflow/.local/lib/python3.11/site-packages/airflow/example_dags/example_datasets.py
[2024-03-07T18:14:52.149+0000] {logging_mixin.py:188} INFO - [2024-03-07T18:14:52.146+0000] {dag.py:3047} INFO - Sync 6 DAGs
[2024-03-07T18:14:52.239+0000] {logging_mixin.py:188} INFO - [2024-03-07T18:14:52.238+0000] {dag.py:3834} INFO - Setting next_dagrun for dataset_consumes_1 to None, run_after=None
[2024-03-07T18:14:52.324+0000] {logging_mixin.py:188} INFO - [2024-03-07T18:14:52.323+0000] {dag.py:3834} INFO - Setting next_dagrun for dataset_consumes_1_and_2 to None, run_after=None
[2024-03-07T18:14:52.331+0000] {logging_mixin.py:188} INFO - [2024-03-07T18:14:52.330+0000] {dag.py:3834} INFO - Setting next_dagrun for dataset_consumes_1_never_scheduled to None, run_after=None
[2024-03-07T18:14:52.338+0000] {logging_mixin.py:188} INFO - [2024-03-07T18:14:52.337+0000] {dag.py:3834} INFO - Setting next_dagrun for dataset_consumes_unknown_never_scheduled to None, run_after=None
[2024-03-07T18:14:52.354+0000] {logging_mixin.py:188} INFO - [2024-03-07T18:14:52.353+0000] {dag.py:3834} INFO - Setting next_dagrun for dataset_produces_1 to 2024-03-06 00:00:00+00:00, run_after=2024-03-07 00:00:00+00:00
[2024-03-07T18:14:52.366+0000] {logging_mixin.py:188} INFO - [2024-03-07T18:14:52.365+0000] {dag.py:3834} INFO - Setting next_dagrun for dataset_produces_2 to None, run_after=None
[2024-03-07T18:14:52.590+0000] {processor.py:183} INFO - Processing /home/airflow/.local/lib/python3.11/site-packages/airflow/example_dags/example_datasets.py took 0.548 seconds
[2024-03-07T18:15:24.309+0000] {processor.py:161} INFO - Started process (PID=303) to work on /home/airflow/.local/lib/python3.11/site-packages/airflow/example_dags/example_datasets.py
[2024-03-07T18:15:24.312+0000] {processor.py:830} INFO - Processing file /home/airflow/.local/lib/python3.11/site-packages/airflow/example_dags/example_datasets.py for tasks to queue
[2024-03-07T18:15:24.317+0000] {logging_mixin.py:188} INFO - [2024-03-07T18:15:24.317+0000] {dagbag.py:540} INFO - Filling up the DagBag from /home/airflow/.local/lib/python3.11/site-packages/airflow/example_dags/example_datasets.py
[2024-03-07T18:15:24.345+0000] {processor.py:840} INFO - DAG(s) 'dataset_consumes_unknown_never_scheduled', 'dataset_consumes_1_and_2', 'dataset_consumes_1_never_scheduled', 'dataset_produces_1', 'dataset_produces_2', 'dataset_consumes_1' retrieved from /home/airflow/.local/lib/python3.11/site-packages/airflow/example_dags/example_datasets.py
[2024-03-07T18:15:25.476+0000] {logging_mixin.py:188} INFO - [2024-03-07T18:15:25.475+0000] {dag.py:3047} INFO - Sync 6 DAGs
[2024-03-07T18:15:25.544+0000] {logging_mixin.py:188} INFO - [2024-03-07T18:15:25.543+0000] {dag.py:3834} INFO - Setting next_dagrun for dataset_consumes_1 to None, run_after=None
[2024-03-07T18:15:25.558+0000] {logging_mixin.py:188} INFO - [2024-03-07T18:15:25.557+0000] {dag.py:3834} INFO - Setting next_dagrun for dataset_consumes_1_and_2 to None, run_after=None
[2024-03-07T18:15:25.563+0000] {logging_mixin.py:188} INFO - [2024-03-07T18:15:25.563+0000] {dag.py:3834} INFO - Setting next_dagrun for dataset_consumes_1_never_scheduled to None, run_after=None
[2024-03-07T18:15:25.570+0000] {logging_mixin.py:188} INFO - [2024-03-07T18:15:25.569+0000] {dag.py:3834} INFO - Setting next_dagrun for dataset_consumes_unknown_never_scheduled to None, run_after=None
[2024-03-07T18:15:25.588+0000] {logging_mixin.py:188} INFO - [2024-03-07T18:15:25.587+0000] {dag.py:3834} INFO - Setting next_dagrun for dataset_produces_1 to 2024-03-06 00:00:00+00:00, run_after=2024-03-07 00:00:00+00:00
[2024-03-07T18:15:25.596+0000] {logging_mixin.py:188} INFO - [2024-03-07T18:15:25.595+0000] {dag.py:3834} INFO - Setting next_dagrun for dataset_produces_2 to None, run_after=None
[2024-03-07T18:15:25.782+0000] {processor.py:183} INFO - Processing /home/airflow/.local/lib/python3.11/site-packages/airflow/example_dags/example_datasets.py took 1.480 seconds
[2024-03-07T18:15:56.690+0000] {processor.py:161} INFO - Started process (PID=361) to work on /home/airflow/.local/lib/python3.11/site-packages/airflow/example_dags/example_datasets.py
[2024-03-07T18:15:56.693+0000] {processor.py:830} INFO - Processing file /home/airflow/.local/lib/python3.11/site-packages/airflow/example_dags/example_datasets.py for tasks to queue
[2024-03-07T18:15:56.699+0000] {logging_mixin.py:188} INFO - [2024-03-07T18:15:56.698+0000] {dagbag.py:540} INFO - Filling up the DagBag from /home/airflow/.local/lib/python3.11/site-packages/airflow/example_dags/example_datasets.py
[2024-03-07T18:15:56.732+0000] {processor.py:840} INFO - DAG(s) 'dataset_consumes_1', 'dataset_consumes_1_never_scheduled', 'dataset_produces_1', 'dataset_consumes_1_and_2', 'dataset_produces_2', 'dataset_consumes_unknown_never_scheduled' retrieved from /home/airflow/.local/lib/python3.11/site-packages/airflow/example_dags/example_datasets.py
[2024-03-07T18:15:56.852+0000] {logging_mixin.py:188} INFO - [2024-03-07T18:15:56.851+0000] {dag.py:3047} INFO - Sync 6 DAGs
[2024-03-07T18:15:57.012+0000] {logging_mixin.py:188} INFO - [2024-03-07T18:15:57.011+0000] {dag.py:3834} INFO - Setting next_dagrun for dataset_consumes_1 to None, run_after=None
[2024-03-07T18:15:57.035+0000] {logging_mixin.py:188} INFO - [2024-03-07T18:15:57.034+0000] {dag.py:3834} INFO - Setting next_dagrun for dataset_consumes_1_and_2 to None, run_after=None
[2024-03-07T18:15:57.045+0000] {logging_mixin.py:188} INFO - [2024-03-07T18:15:57.044+0000] {dag.py:3834} INFO - Setting next_dagrun for dataset_consumes_1_never_scheduled to None, run_after=None
[2024-03-07T18:15:57.052+0000] {logging_mixin.py:188} INFO - [2024-03-07T18:15:57.052+0000] {dag.py:3834} INFO - Setting next_dagrun for dataset_consumes_unknown_never_scheduled to None, run_after=None
[2024-03-07T18:15:57.065+0000] {logging_mixin.py:188} INFO - [2024-03-07T18:15:57.064+0000] {dag.py:3834} INFO - Setting next_dagrun for dataset_produces_1 to 2024-03-06 00:00:00+00:00, run_after=2024-03-07 00:00:00+00:00
[2024-03-07T18:15:57.073+0000] {logging_mixin.py:188} INFO - [2024-03-07T18:15:57.072+0000] {dag.py:3834} INFO - Setting next_dagrun for dataset_produces_2 to None, run_after=None
[2024-03-07T18:15:57.246+0000] {processor.py:183} INFO - Processing /home/airflow/.local/lib/python3.11/site-packages/airflow/example_dags/example_datasets.py took 0.564 seconds
[2024-03-07T18:16:27.815+0000] {processor.py:161} INFO - Started process (PID=419) to work on /home/airflow/.local/lib/python3.11/site-packages/airflow/example_dags/example_datasets.py
[2024-03-07T18:16:27.819+0000] {processor.py:830} INFO - Processing file /home/airflow/.local/lib/python3.11/site-packages/airflow/example_dags/example_datasets.py for tasks to queue
[2024-03-07T18:16:27.825+0000] {logging_mixin.py:188} INFO - [2024-03-07T18:16:27.823+0000] {dagbag.py:540} INFO - Filling up the DagBag from /home/airflow/.local/lib/python3.11/site-packages/airflow/example_dags/example_datasets.py
[2024-03-07T18:16:27.852+0000] {processor.py:840} INFO - DAG(s) 'dataset_consumes_1_never_scheduled', 'dataset_consumes_1_and_2', 'dataset_consumes_unknown_never_scheduled', 'dataset_produces_2', 'dataset_consumes_1', 'dataset_produces_1' retrieved from /home/airflow/.local/lib/python3.11/site-packages/airflow/example_dags/example_datasets.py
[2024-03-07T18:16:27.944+0000] {logging_mixin.py:188} INFO - [2024-03-07T18:16:27.943+0000] {dag.py:3047} INFO - Sync 6 DAGs
[2024-03-07T18:16:27.999+0000] {logging_mixin.py:188} INFO - [2024-03-07T18:16:27.998+0000] {dag.py:3834} INFO - Setting next_dagrun for dataset_consumes_1 to None, run_after=None
[2024-03-07T18:16:28.012+0000] {logging_mixin.py:188} INFO - [2024-03-07T18:16:28.011+0000] {dag.py:3834} INFO - Setting next_dagrun for dataset_consumes_1_and_2 to None, run_after=None
[2024-03-07T18:16:28.017+0000] {logging_mixin.py:188} INFO - [2024-03-07T18:16:28.017+0000] {dag.py:3834} INFO - Setting next_dagrun for dataset_consumes_1_never_scheduled to None, run_after=None
[2024-03-07T18:16:28.026+0000] {logging_mixin.py:188} INFO - [2024-03-07T18:16:28.025+0000] {dag.py:3834} INFO - Setting next_dagrun for dataset_consumes_unknown_never_scheduled to None, run_after=None
[2024-03-07T18:16:28.033+0000] {logging_mixin.py:188} INFO - [2024-03-07T18:16:28.033+0000] {dag.py:3834} INFO - Setting next_dagrun for dataset_produces_1 to 2024-03-06 00:00:00+00:00, run_after=2024-03-07 00:00:00+00:00
[2024-03-07T18:16:28.040+0000] {logging_mixin.py:188} INFO - [2024-03-07T18:16:28.039+0000] {dag.py:3834} INFO - Setting next_dagrun for dataset_produces_2 to None, run_after=None
[2024-03-07T18:16:28.157+0000] {processor.py:183} INFO - Processing /home/airflow/.local/lib/python3.11/site-packages/airflow/example_dags/example_datasets.py took 0.356 seconds
[2024-03-07T18:16:58.412+0000] {processor.py:161} INFO - Started process (PID=478) to work on /home/airflow/.local/lib/python3.11/site-packages/airflow/example_dags/example_datasets.py
[2024-03-07T18:16:58.417+0000] {processor.py:830} INFO - Processing file /home/airflow/.local/lib/python3.11/site-packages/airflow/example_dags/example_datasets.py for tasks to queue
[2024-03-07T18:16:58.425+0000] {logging_mixin.py:188} INFO - [2024-03-07T18:16:58.423+0000] {dagbag.py:540} INFO - Filling up the DagBag from /home/airflow/.local/lib/python3.11/site-packages/airflow/example_dags/example_datasets.py
[2024-03-07T18:16:58.465+0000] {processor.py:840} INFO - DAG(s) 'dataset_produces_2', 'dataset_consumes_unknown_never_scheduled', 'dataset_consumes_1_never_scheduled', 'dataset_consumes_1_and_2', 'dataset_consumes_1', 'dataset_produces_1' retrieved from /home/airflow/.local/lib/python3.11/site-packages/airflow/example_dags/example_datasets.py
[2024-03-07T18:16:58.713+0000] {logging_mixin.py:188} INFO - [2024-03-07T18:16:58.712+0000] {dag.py:3047} INFO - Sync 6 DAGs
[2024-03-07T18:16:58.824+0000] {logging_mixin.py:188} INFO - [2024-03-07T18:16:58.823+0000] {dag.py:3834} INFO - Setting next_dagrun for dataset_consumes_1 to None, run_after=None
[2024-03-07T18:16:58.841+0000] {logging_mixin.py:188} INFO - [2024-03-07T18:16:58.840+0000] {dag.py:3834} INFO - Setting next_dagrun for dataset_consumes_1_and_2 to None, run_after=None
[2024-03-07T18:16:58.849+0000] {logging_mixin.py:188} INFO - [2024-03-07T18:16:58.848+0000] {dag.py:3834} INFO - Setting next_dagrun for dataset_consumes_1_never_scheduled to None, run_after=None
[2024-03-07T18:16:58.861+0000] {logging_mixin.py:188} INFO - [2024-03-07T18:16:58.860+0000] {dag.py:3834} INFO - Setting next_dagrun for dataset_consumes_unknown_never_scheduled to None, run_after=None
[2024-03-07T18:16:58.877+0000] {logging_mixin.py:188} INFO - [2024-03-07T18:16:58.876+0000] {dag.py:3834} INFO - Setting next_dagrun for dataset_produces_1 to 2024-03-06 00:00:00+00:00, run_after=2024-03-07 00:00:00+00:00
[2024-03-07T18:16:58.883+0000] {logging_mixin.py:188} INFO - [2024-03-07T18:16:58.882+0000] {dag.py:3834} INFO - Setting next_dagrun for dataset_produces_2 to None, run_after=None
[2024-03-07T18:16:59.079+0000] {processor.py:183} INFO - Processing /home/airflow/.local/lib/python3.11/site-packages/airflow/example_dags/example_datasets.py took 0.677 seconds
[2024-03-07T18:17:29.327+0000] {processor.py:161} INFO - Started process (PID=535) to work on /home/airflow/.local/lib/python3.11/site-packages/airflow/example_dags/example_datasets.py
[2024-03-07T18:17:29.329+0000] {processor.py:830} INFO - Processing file /home/airflow/.local/lib/python3.11/site-packages/airflow/example_dags/example_datasets.py for tasks to queue
[2024-03-07T18:17:29.334+0000] {logging_mixin.py:188} INFO - [2024-03-07T18:17:29.333+0000] {dagbag.py:540} INFO - Filling up the DagBag from /home/airflow/.local/lib/python3.11/site-packages/airflow/example_dags/example_datasets.py
[2024-03-07T18:17:29.358+0000] {processor.py:840} INFO - DAG(s) 'dataset_consumes_unknown_never_scheduled', 'dataset_consumes_1', 'dataset_produces_1', 'dataset_consumes_1_never_scheduled', 'dataset_produces_2', 'dataset_consumes_1_and_2' retrieved from /home/airflow/.local/lib/python3.11/site-packages/airflow/example_dags/example_datasets.py
[2024-03-07T18:17:29.453+0000] {logging_mixin.py:188} INFO - [2024-03-07T18:17:29.452+0000] {dag.py:3047} INFO - Sync 6 DAGs
[2024-03-07T18:17:29.521+0000] {logging_mixin.py:188} INFO - [2024-03-07T18:17:29.521+0000] {dag.py:3834} INFO - Setting next_dagrun for dataset_consumes_1 to None, run_after=None
[2024-03-07T18:17:29.533+0000] {logging_mixin.py:188} INFO - [2024-03-07T18:17:29.532+0000] {dag.py:3834} INFO - Setting next_dagrun for dataset_consumes_1_and_2 to None, run_after=None
[2024-03-07T18:17:29.538+0000] {logging_mixin.py:188} INFO - [2024-03-07T18:17:29.537+0000] {dag.py:3834} INFO - Setting next_dagrun for dataset_consumes_1_never_scheduled to None, run_after=None
[2024-03-07T18:17:29.544+0000] {logging_mixin.py:188} INFO - [2024-03-07T18:17:29.543+0000] {dag.py:3834} INFO - Setting next_dagrun for dataset_consumes_unknown_never_scheduled to None, run_after=None
[2024-03-07T18:17:29.554+0000] {logging_mixin.py:188} INFO - [2024-03-07T18:17:29.554+0000] {dag.py:3834} INFO - Setting next_dagrun for dataset_produces_1 to 2024-03-06 00:00:00+00:00, run_after=2024-03-07 00:00:00+00:00
[2024-03-07T18:17:29.560+0000] {logging_mixin.py:188} INFO - [2024-03-07T18:17:29.560+0000] {dag.py:3834} INFO - Setting next_dagrun for dataset_produces_2 to None, run_after=None
[2024-03-07T18:17:29.682+0000] {processor.py:183} INFO - Processing /home/airflow/.local/lib/python3.11/site-packages/airflow/example_dags/example_datasets.py took 0.365 seconds
[2024-03-07T18:17:59.872+0000] {processor.py:161} INFO - Started process (PID=593) to work on /home/airflow/.local/lib/python3.11/site-packages/airflow/example_dags/example_datasets.py
[2024-03-07T18:17:59.874+0000] {processor.py:830} INFO - Processing file /home/airflow/.local/lib/python3.11/site-packages/airflow/example_dags/example_datasets.py for tasks to queue
[2024-03-07T18:17:59.879+0000] {logging_mixin.py:188} INFO - [2024-03-07T18:17:59.878+0000] {dagbag.py:540} INFO - Filling up the DagBag from /home/airflow/.local/lib/python3.11/site-packages/airflow/example_dags/example_datasets.py
[2024-03-07T18:17:59.901+0000] {processor.py:840} INFO - DAG(s) 'dataset_consumes_1', 'dataset_produces_1', 'dataset_consumes_unknown_never_scheduled', 'dataset_produces_2', 'dataset_consumes_1_never_scheduled', 'dataset_consumes_1_and_2' retrieved from /home/airflow/.local/lib/python3.11/site-packages/airflow/example_dags/example_datasets.py
[2024-03-07T18:18:00.002+0000] {logging_mixin.py:188} INFO - [2024-03-07T18:18:00.002+0000] {dag.py:3047} INFO - Sync 6 DAGs
[2024-03-07T18:18:00.086+0000] {logging_mixin.py:188} INFO - [2024-03-07T18:18:00.085+0000] {dag.py:3834} INFO - Setting next_dagrun for dataset_consumes_1 to None, run_after=None
[2024-03-07T18:18:00.105+0000] {logging_mixin.py:188} INFO - [2024-03-07T18:18:00.103+0000] {dag.py:3834} INFO - Setting next_dagrun for dataset_consumes_1_and_2 to None, run_after=None
[2024-03-07T18:18:00.111+0000] {logging_mixin.py:188} INFO - [2024-03-07T18:18:00.110+0000] {dag.py:3834} INFO - Setting next_dagrun for dataset_consumes_1_never_scheduled to None, run_after=None
[2024-03-07T18:18:00.116+0000] {logging_mixin.py:188} INFO - [2024-03-07T18:18:00.116+0000] {dag.py:3834} INFO - Setting next_dagrun for dataset_consumes_unknown_never_scheduled to None, run_after=None
[2024-03-07T18:18:00.127+0000] {logging_mixin.py:188} INFO - [2024-03-07T18:18:00.126+0000] {dag.py:3834} INFO - Setting next_dagrun for dataset_produces_1 to 2024-03-06 00:00:00+00:00, run_after=2024-03-07 00:00:00+00:00
[2024-03-07T18:18:00.132+0000] {logging_mixin.py:188} INFO - [2024-03-07T18:18:00.131+0000] {dag.py:3834} INFO - Setting next_dagrun for dataset_produces_2 to None, run_after=None
[2024-03-07T18:18:00.269+0000] {processor.py:183} INFO - Processing /home/airflow/.local/lib/python3.11/site-packages/airflow/example_dags/example_datasets.py took 0.403 seconds
[2024-03-07T18:18:31.072+0000] {processor.py:161} INFO - Started process (PID=650) to work on /home/airflow/.local/lib/python3.11/site-packages/airflow/example_dags/example_datasets.py
[2024-03-07T18:18:31.075+0000] {processor.py:830} INFO - Processing file /home/airflow/.local/lib/python3.11/site-packages/airflow/example_dags/example_datasets.py for tasks to queue
[2024-03-07T18:18:31.079+0000] {logging_mixin.py:188} INFO - [2024-03-07T18:18:31.078+0000] {dagbag.py:540} INFO - Filling up the DagBag from /home/airflow/.local/lib/python3.11/site-packages/airflow/example_dags/example_datasets.py
[2024-03-07T18:18:31.105+0000] {processor.py:840} INFO - DAG(s) 'dataset_produces_2', 'dataset_consumes_1', 'dataset_consumes_1_and_2', 'dataset_consumes_unknown_never_scheduled', 'dataset_consumes_1_never_scheduled', 'dataset_produces_1' retrieved from /home/airflow/.local/lib/python3.11/site-packages/airflow/example_dags/example_datasets.py
[2024-03-07T18:18:31.202+0000] {logging_mixin.py:188} INFO - [2024-03-07T18:18:31.201+0000] {dag.py:3047} INFO - Sync 6 DAGs
[2024-03-07T18:18:31.260+0000] {logging_mixin.py:188} INFO - [2024-03-07T18:18:31.259+0000] {dag.py:3834} INFO - Setting next_dagrun for dataset_consumes_1 to None, run_after=None
[2024-03-07T18:18:31.272+0000] {logging_mixin.py:188} INFO - [2024-03-07T18:18:31.271+0000] {dag.py:3834} INFO - Setting next_dagrun for dataset_consumes_1_and_2 to None, run_after=None
[2024-03-07T18:18:31.277+0000] {logging_mixin.py:188} INFO - [2024-03-07T18:18:31.276+0000] {dag.py:3834} INFO - Setting next_dagrun for dataset_consumes_1_never_scheduled to None, run_after=None
[2024-03-07T18:18:31.281+0000] {logging_mixin.py:188} INFO - [2024-03-07T18:18:31.281+0000] {dag.py:3834} INFO - Setting next_dagrun for dataset_consumes_unknown_never_scheduled to None, run_after=None
[2024-03-07T18:18:31.289+0000] {logging_mixin.py:188} INFO - [2024-03-07T18:18:31.288+0000] {dag.py:3834} INFO - Setting next_dagrun for dataset_produces_1 to 2024-03-06 00:00:00+00:00, run_after=2024-03-07 00:00:00+00:00
[2024-03-07T18:18:31.293+0000] {logging_mixin.py:188} INFO - [2024-03-07T18:18:31.293+0000] {dag.py:3834} INFO - Setting next_dagrun for dataset_produces_2 to None, run_after=None
[2024-03-07T18:18:31.393+0000] {processor.py:183} INFO - Processing /home/airflow/.local/lib/python3.11/site-packages/airflow/example_dags/example_datasets.py took 0.327 seconds
[2024-03-07T18:19:03.658+0000] {processor.py:161} INFO - Started process (PID=709) to work on /home/airflow/.local/lib/python3.11/site-packages/airflow/example_dags/example_datasets.py
[2024-03-07T18:19:03.660+0000] {processor.py:830} INFO - Processing file /home/airflow/.local/lib/python3.11/site-packages/airflow/example_dags/example_datasets.py for tasks to queue
[2024-03-07T18:19:03.665+0000] {logging_mixin.py:188} INFO - [2024-03-07T18:19:03.664+0000] {dagbag.py:540} INFO - Filling up the DagBag from /home/airflow/.local/lib/python3.11/site-packages/airflow/example_dags/example_datasets.py
[2024-03-07T18:19:03.684+0000] {processor.py:840} INFO - DAG(s) 'dataset_produces_2', 'dataset_consumes_1', 'dataset_consumes_1_and_2', 'dataset_consumes_1_never_scheduled', 'dataset_consumes_unknown_never_scheduled', 'dataset_produces_1' retrieved from /home/airflow/.local/lib/python3.11/site-packages/airflow/example_dags/example_datasets.py
[2024-03-07T18:19:03.780+0000] {logging_mixin.py:188} INFO - [2024-03-07T18:19:03.779+0000] {dag.py:3047} INFO - Sync 6 DAGs
[2024-03-07T18:19:03.863+0000] {logging_mixin.py:188} INFO - [2024-03-07T18:19:03.862+0000] {dag.py:3834} INFO - Setting next_dagrun for dataset_consumes_1 to None, run_after=None
[2024-03-07T18:19:03.902+0000] {logging_mixin.py:188} INFO - [2024-03-07T18:19:03.901+0000] {dag.py:3834} INFO - Setting next_dagrun for dataset_consumes_1_and_2 to None, run_after=None
[2024-03-07T18:19:03.917+0000] {logging_mixin.py:188} INFO - [2024-03-07T18:19:03.916+0000] {dag.py:3834} INFO - Setting next_dagrun for dataset_consumes_1_never_scheduled to None, run_after=None
[2024-03-07T18:19:03.931+0000] {logging_mixin.py:188} INFO - [2024-03-07T18:19:03.930+0000] {dag.py:3834} INFO - Setting next_dagrun for dataset_consumes_unknown_never_scheduled to None, run_after=None
[2024-03-07T18:19:03.964+0000] {logging_mixin.py:188} INFO - [2024-03-07T18:19:03.963+0000] {dag.py:3834} INFO - Setting next_dagrun for dataset_produces_1 to 2024-03-06 00:00:00+00:00, run_after=2024-03-07 00:00:00+00:00
[2024-03-07T18:19:03.982+0000] {logging_mixin.py:188} INFO - [2024-03-07T18:19:03.981+0000] {dag.py:3834} INFO - Setting next_dagrun for dataset_produces_2 to None, run_after=None
[2024-03-07T18:19:04.174+0000] {processor.py:183} INFO - Processing /home/airflow/.local/lib/python3.11/site-packages/airflow/example_dags/example_datasets.py took 0.523 seconds
[2024-03-07T18:19:34.902+0000] {processor.py:161} INFO - Started process (PID=767) to work on /home/airflow/.local/lib/python3.11/site-packages/airflow/example_dags/example_datasets.py
[2024-03-07T18:19:34.904+0000] {processor.py:830} INFO - Processing file /home/airflow/.local/lib/python3.11/site-packages/airflow/example_dags/example_datasets.py for tasks to queue
[2024-03-07T18:19:34.911+0000] {logging_mixin.py:188} INFO - [2024-03-07T18:19:34.910+0000] {dagbag.py:540} INFO - Filling up the DagBag from /home/airflow/.local/lib/python3.11/site-packages/airflow/example_dags/example_datasets.py
[2024-03-07T18:19:34.936+0000] {processor.py:840} INFO - DAG(s) 'dataset_produces_1', 'dataset_consumes_1_never_scheduled', 'dataset_consumes_1_and_2', 'dataset_consumes_unknown_never_scheduled', 'dataset_produces_2', 'dataset_consumes_1' retrieved from /home/airflow/.local/lib/python3.11/site-packages/airflow/example_dags/example_datasets.py
[2024-03-07T18:19:35.043+0000] {logging_mixin.py:188} INFO - [2024-03-07T18:19:35.042+0000] {dag.py:3047} INFO - Sync 6 DAGs
[2024-03-07T18:19:35.100+0000] {logging_mixin.py:188} INFO - [2024-03-07T18:19:35.099+0000] {dag.py:3834} INFO - Setting next_dagrun for dataset_consumes_1 to None, run_after=None
[2024-03-07T18:19:35.113+0000] {logging_mixin.py:188} INFO - [2024-03-07T18:19:35.112+0000] {dag.py:3834} INFO - Setting next_dagrun for dataset_consumes_1_and_2 to None, run_after=None
[2024-03-07T18:19:35.118+0000] {logging_mixin.py:188} INFO - [2024-03-07T18:19:35.117+0000] {dag.py:3834} INFO - Setting next_dagrun for dataset_consumes_1_never_scheduled to None, run_after=None
[2024-03-07T18:19:35.122+0000] {logging_mixin.py:188} INFO - [2024-03-07T18:19:35.121+0000] {dag.py:3834} INFO - Setting next_dagrun for dataset_consumes_unknown_never_scheduled to None, run_after=None
[2024-03-07T18:19:35.135+0000] {logging_mixin.py:188} INFO - [2024-03-07T18:19:35.135+0000] {dag.py:3834} INFO - Setting next_dagrun for dataset_produces_1 to 2024-03-06 00:00:00+00:00, run_after=2024-03-07 00:00:00+00:00
[2024-03-07T18:19:35.140+0000] {logging_mixin.py:188} INFO - [2024-03-07T18:19:35.139+0000] {dag.py:3834} INFO - Setting next_dagrun for dataset_produces_2 to None, run_after=None
[2024-03-07T18:19:35.247+0000] {processor.py:183} INFO - Processing /home/airflow/.local/lib/python3.11/site-packages/airflow/example_dags/example_datasets.py took 0.351 seconds
[2024-03-07T18:20:05.777+0000] {processor.py:161} INFO - Started process (PID=824) to work on /home/airflow/.local/lib/python3.11/site-packages/airflow/example_dags/example_datasets.py
[2024-03-07T18:20:05.780+0000] {processor.py:830} INFO - Processing file /home/airflow/.local/lib/python3.11/site-packages/airflow/example_dags/example_datasets.py for tasks to queue
[2024-03-07T18:20:05.785+0000] {logging_mixin.py:188} INFO - [2024-03-07T18:20:05.784+0000] {dagbag.py:540} INFO - Filling up the DagBag from /home/airflow/.local/lib/python3.11/site-packages/airflow/example_dags/example_datasets.py
[2024-03-07T18:20:05.809+0000] {processor.py:840} INFO - DAG(s) 'dataset_produces_2', 'dataset_consumes_1_and_2', 'dataset_consumes_1', 'dataset_consumes_1_never_scheduled', 'dataset_consumes_unknown_never_scheduled', 'dataset_produces_1' retrieved from /home/airflow/.local/lib/python3.11/site-packages/airflow/example_dags/example_datasets.py
[2024-03-07T18:20:05.943+0000] {logging_mixin.py:188} INFO - [2024-03-07T18:20:05.942+0000] {dag.py:3047} INFO - Sync 6 DAGs
[2024-03-07T18:20:06.001+0000] {logging_mixin.py:188} INFO - [2024-03-07T18:20:06.000+0000] {dag.py:3834} INFO - Setting next_dagrun for dataset_consumes_1 to None, run_after=None
[2024-03-07T18:20:06.011+0000] {logging_mixin.py:188} INFO - [2024-03-07T18:20:06.011+0000] {dag.py:3834} INFO - Setting next_dagrun for dataset_consumes_1_and_2 to None, run_after=None
[2024-03-07T18:20:06.017+0000] {logging_mixin.py:188} INFO - [2024-03-07T18:20:06.016+0000] {dag.py:3834} INFO - Setting next_dagrun for dataset_consumes_1_never_scheduled to None, run_after=None
[2024-03-07T18:20:06.023+0000] {logging_mixin.py:188} INFO - [2024-03-07T18:20:06.022+0000] {dag.py:3834} INFO - Setting next_dagrun for dataset_consumes_unknown_never_scheduled to None, run_after=None
[2024-03-07T18:20:06.031+0000] {logging_mixin.py:188} INFO - [2024-03-07T18:20:06.031+0000] {dag.py:3834} INFO - Setting next_dagrun for dataset_produces_1 to 2024-03-06 00:00:00+00:00, run_after=2024-03-07 00:00:00+00:00
[2024-03-07T18:20:06.038+0000] {logging_mixin.py:188} INFO - [2024-03-07T18:20:06.037+0000] {dag.py:3834} INFO - Setting next_dagrun for dataset_produces_2 to None, run_after=None
[2024-03-07T18:20:06.236+0000] {processor.py:183} INFO - Processing /home/airflow/.local/lib/python3.11/site-packages/airflow/example_dags/example_datasets.py took 0.464 seconds
[2024-03-07T18:20:36.639+0000] {processor.py:161} INFO - Started process (PID=881) to work on /home/airflow/.local/lib/python3.11/site-packages/airflow/example_dags/example_datasets.py
[2024-03-07T18:20:36.643+0000] {processor.py:830} INFO - Processing file /home/airflow/.local/lib/python3.11/site-packages/airflow/example_dags/example_datasets.py for tasks to queue
[2024-03-07T18:20:36.650+0000] {logging_mixin.py:188} INFO - [2024-03-07T18:20:36.649+0000] {dagbag.py:540} INFO - Filling up the DagBag from /home/airflow/.local/lib/python3.11/site-packages/airflow/example_dags/example_datasets.py
[2024-03-07T18:20:36.678+0000] {processor.py:840} INFO - DAG(s) 'dataset_produces_2', 'dataset_consumes_1_never_scheduled', 'dataset_consumes_1', 'dataset_produces_1', 'dataset_consumes_1_and_2', 'dataset_consumes_unknown_never_scheduled' retrieved from /home/airflow/.local/lib/python3.11/site-packages/airflow/example_dags/example_datasets.py
[2024-03-07T18:20:36.777+0000] {logging_mixin.py:188} INFO - [2024-03-07T18:20:36.776+0000] {dag.py:3047} INFO - Sync 6 DAGs
[2024-03-07T18:20:36.831+0000] {logging_mixin.py:188} INFO - [2024-03-07T18:20:36.830+0000] {dag.py:3834} INFO - Setting next_dagrun for dataset_consumes_1 to None, run_after=None
[2024-03-07T18:20:36.847+0000] {logging_mixin.py:188} INFO - [2024-03-07T18:20:36.846+0000] {dag.py:3834} INFO - Setting next_dagrun for dataset_consumes_1_and_2 to None, run_after=None
[2024-03-07T18:20:36.853+0000] {logging_mixin.py:188} INFO - [2024-03-07T18:20:36.852+0000] {dag.py:3834} INFO - Setting next_dagrun for dataset_consumes_1_never_scheduled to None, run_after=None
[2024-03-07T18:20:36.859+0000] {logging_mixin.py:188} INFO - [2024-03-07T18:20:36.858+0000] {dag.py:3834} INFO - Setting next_dagrun for dataset_consumes_unknown_never_scheduled to None, run_after=None
[2024-03-07T18:20:36.871+0000] {logging_mixin.py:188} INFO - [2024-03-07T18:20:36.870+0000] {dag.py:3834} INFO - Setting next_dagrun for dataset_produces_1 to 2024-03-06 00:00:00+00:00, run_after=2024-03-07 00:00:00+00:00
[2024-03-07T18:20:36.876+0000] {logging_mixin.py:188} INFO - [2024-03-07T18:20:36.876+0000] {dag.py:3834} INFO - Setting next_dagrun for dataset_produces_2 to None, run_after=None
[2024-03-07T18:20:36.994+0000] {processor.py:183} INFO - Processing /home/airflow/.local/lib/python3.11/site-packages/airflow/example_dags/example_datasets.py took 0.360 seconds
[2024-03-07T18:21:07.986+0000] {processor.py:161} INFO - Started process (PID=937) to work on /home/airflow/.local/lib/python3.11/site-packages/airflow/example_dags/example_datasets.py
[2024-03-07T18:21:07.988+0000] {processor.py:830} INFO - Processing file /home/airflow/.local/lib/python3.11/site-packages/airflow/example_dags/example_datasets.py for tasks to queue
[2024-03-07T18:21:07.992+0000] {logging_mixin.py:188} INFO - [2024-03-07T18:21:07.991+0000] {dagbag.py:540} INFO - Filling up the DagBag from /home/airflow/.local/lib/python3.11/site-packages/airflow/example_dags/example_datasets.py
[2024-03-07T18:21:08.010+0000] {processor.py:840} INFO - DAG(s) 'dataset_consumes_1_and_2', 'dataset_consumes_1_never_scheduled', 'dataset_produces_2', 'dataset_produces_1', 'dataset_consumes_unknown_never_scheduled', 'dataset_consumes_1' retrieved from /home/airflow/.local/lib/python3.11/site-packages/airflow/example_dags/example_datasets.py
[2024-03-07T18:21:08.088+0000] {logging_mixin.py:188} INFO - [2024-03-07T18:21:08.088+0000] {dag.py:3047} INFO - Sync 6 DAGs
[2024-03-07T18:21:08.135+0000] {logging_mixin.py:188} INFO - [2024-03-07T18:21:08.134+0000] {dag.py:3834} INFO - Setting next_dagrun for dataset_consumes_1 to None, run_after=None
[2024-03-07T18:21:08.144+0000] {logging_mixin.py:188} INFO - [2024-03-07T18:21:08.143+0000] {dag.py:3834} INFO - Setting next_dagrun for dataset_consumes_1_and_2 to None, run_after=None
[2024-03-07T18:21:08.148+0000] {logging_mixin.py:188} INFO - [2024-03-07T18:21:08.148+0000] {dag.py:3834} INFO - Setting next_dagrun for dataset_consumes_1_never_scheduled to None, run_after=None
[2024-03-07T18:21:08.152+0000] {logging_mixin.py:188} INFO - [2024-03-07T18:21:08.152+0000] {dag.py:3834} INFO - Setting next_dagrun for dataset_consumes_unknown_never_scheduled to None, run_after=None
[2024-03-07T18:21:08.159+0000] {logging_mixin.py:188} INFO - [2024-03-07T18:21:08.159+0000] {dag.py:3834} INFO - Setting next_dagrun for dataset_produces_1 to 2024-03-06 00:00:00+00:00, run_after=2024-03-07 00:00:00+00:00
[2024-03-07T18:21:08.164+0000] {logging_mixin.py:188} INFO - [2024-03-07T18:21:08.163+0000] {dag.py:3834} INFO - Setting next_dagrun for dataset_produces_2 to None, run_after=None
[2024-03-07T18:21:08.249+0000] {processor.py:183} INFO - Processing /home/airflow/.local/lib/python3.11/site-packages/airflow/example_dags/example_datasets.py took 0.268 seconds
[2024-03-07T18:21:41.306+0000] {processor.py:161} INFO - Started process (PID=1000) to work on /home/airflow/.local/lib/python3.11/site-packages/airflow/example_dags/example_datasets.py
[2024-03-07T18:21:41.308+0000] {processor.py:830} INFO - Processing file /home/airflow/.local/lib/python3.11/site-packages/airflow/example_dags/example_datasets.py for tasks to queue
[2024-03-07T18:21:41.313+0000] {logging_mixin.py:188} INFO - [2024-03-07T18:21:41.312+0000] {dagbag.py:540} INFO - Filling up the DagBag from /home/airflow/.local/lib/python3.11/site-packages/airflow/example_dags/example_datasets.py
[2024-03-07T18:21:41.338+0000] {processor.py:840} INFO - DAG(s) 'dataset_consumes_1', 'dataset_consumes_1_and_2', 'dataset_produces_1', 'dataset_produces_2', 'dataset_consumes_1_never_scheduled', 'dataset_consumes_unknown_never_scheduled' retrieved from /home/airflow/.local/lib/python3.11/site-packages/airflow/example_dags/example_datasets.py
[2024-03-07T18:21:41.438+0000] {logging_mixin.py:188} INFO - [2024-03-07T18:21:41.437+0000] {dag.py:3047} INFO - Sync 6 DAGs
[2024-03-07T18:21:41.525+0000] {logging_mixin.py:188} INFO - [2024-03-07T18:21:41.524+0000] {dag.py:3834} INFO - Setting next_dagrun for dataset_consumes_1 to None, run_after=None
[2024-03-07T18:21:41.541+0000] {logging_mixin.py:188} INFO - [2024-03-07T18:21:41.541+0000] {dag.py:3834} INFO - Setting next_dagrun for dataset_consumes_1_and_2 to None, run_after=None
[2024-03-07T18:21:41.549+0000] {logging_mixin.py:188} INFO - [2024-03-07T18:21:41.548+0000] {dag.py:3834} INFO - Setting next_dagrun for dataset_consumes_1_never_scheduled to None, run_after=None
[2024-03-07T18:21:41.555+0000] {logging_mixin.py:188} INFO - [2024-03-07T18:21:41.554+0000] {dag.py:3834} INFO - Setting next_dagrun for dataset_consumes_unknown_never_scheduled to None, run_after=None
[2024-03-07T18:21:41.564+0000] {logging_mixin.py:188} INFO - [2024-03-07T18:21:41.564+0000] {dag.py:3834} INFO - Setting next_dagrun for dataset_produces_1 to 2024-03-06 00:00:00+00:00, run_after=2024-03-07 00:00:00+00:00
[2024-03-07T18:21:41.569+0000] {logging_mixin.py:188} INFO - [2024-03-07T18:21:41.568+0000] {dag.py:3834} INFO - Setting next_dagrun for dataset_produces_2 to None, run_after=None
[2024-03-07T18:21:41.701+0000] {processor.py:183} INFO - Processing /home/airflow/.local/lib/python3.11/site-packages/airflow/example_dags/example_datasets.py took 0.403 seconds
[2024-03-07T18:22:12.430+0000] {processor.py:161} INFO - Started process (PID=1058) to work on /home/airflow/.local/lib/python3.11/site-packages/airflow/example_dags/example_datasets.py
[2024-03-07T18:22:12.433+0000] {processor.py:830} INFO - Processing file /home/airflow/.local/lib/python3.11/site-packages/airflow/example_dags/example_datasets.py for tasks to queue
[2024-03-07T18:22:12.438+0000] {logging_mixin.py:188} INFO - [2024-03-07T18:22:12.436+0000] {dagbag.py:540} INFO - Filling up the DagBag from /home/airflow/.local/lib/python3.11/site-packages/airflow/example_dags/example_datasets.py
[2024-03-07T18:22:12.465+0000] {processor.py:840} INFO - DAG(s) 'dataset_produces_1', 'dataset_consumes_1_and_2', 'dataset_consumes_1', 'dataset_consumes_unknown_never_scheduled', 'dataset_produces_2', 'dataset_consumes_1_never_scheduled' retrieved from /home/airflow/.local/lib/python3.11/site-packages/airflow/example_dags/example_datasets.py
[2024-03-07T18:22:12.591+0000] {logging_mixin.py:188} INFO - [2024-03-07T18:22:12.590+0000] {dag.py:3047} INFO - Sync 6 DAGs
[2024-03-07T18:22:12.658+0000] {logging_mixin.py:188} INFO - [2024-03-07T18:22:12.657+0000] {dag.py:3834} INFO - Setting next_dagrun for dataset_consumes_1 to None, run_after=None
[2024-03-07T18:22:12.669+0000] {logging_mixin.py:188} INFO - [2024-03-07T18:22:12.668+0000] {dag.py:3834} INFO - Setting next_dagrun for dataset_consumes_1_and_2 to None, run_after=None
[2024-03-07T18:22:12.677+0000] {logging_mixin.py:188} INFO - [2024-03-07T18:22:12.676+0000] {dag.py:3834} INFO - Setting next_dagrun for dataset_consumes_1_never_scheduled to None, run_after=None
[2024-03-07T18:22:12.681+0000] {logging_mixin.py:188} INFO - [2024-03-07T18:22:12.680+0000] {dag.py:3834} INFO - Setting next_dagrun for dataset_consumes_unknown_never_scheduled to None, run_after=None
[2024-03-07T18:22:12.692+0000] {logging_mixin.py:188} INFO - [2024-03-07T18:22:12.692+0000] {dag.py:3834} INFO - Setting next_dagrun for dataset_produces_1 to 2024-03-06 00:00:00+00:00, run_after=2024-03-07 00:00:00+00:00
[2024-03-07T18:22:12.697+0000] {logging_mixin.py:188} INFO - [2024-03-07T18:22:12.696+0000] {dag.py:3834} INFO - Setting next_dagrun for dataset_produces_2 to None, run_after=None
[2024-03-07T18:22:12.820+0000] {processor.py:183} INFO - Processing /home/airflow/.local/lib/python3.11/site-packages/airflow/example_dags/example_datasets.py took 0.396 seconds
[2024-03-07T18:22:44.970+0000] {processor.py:161} INFO - Started process (PID=1117) to work on /home/airflow/.local/lib/python3.11/site-packages/airflow/example_dags/example_datasets.py
[2024-03-07T18:22:44.972+0000] {processor.py:830} INFO - Processing file /home/airflow/.local/lib/python3.11/site-packages/airflow/example_dags/example_datasets.py for tasks to queue
[2024-03-07T18:22:44.976+0000] {logging_mixin.py:188} INFO - [2024-03-07T18:22:44.975+0000] {dagbag.py:540} INFO - Filling up the DagBag from /home/airflow/.local/lib/python3.11/site-packages/airflow/example_dags/example_datasets.py
[2024-03-07T18:22:45.002+0000] {processor.py:840} INFO - DAG(s) 'dataset_consumes_1_and_2', 'dataset_consumes_1', 'dataset_consumes_1_never_scheduled', 'dataset_consumes_unknown_never_scheduled', 'dataset_produces_1', 'dataset_produces_2' retrieved from /home/airflow/.local/lib/python3.11/site-packages/airflow/example_dags/example_datasets.py
[2024-03-07T18:22:45.085+0000] {logging_mixin.py:188} INFO - [2024-03-07T18:22:45.084+0000] {dag.py:3047} INFO - Sync 6 DAGs
[2024-03-07T18:22:45.145+0000] {logging_mixin.py:188} INFO - [2024-03-07T18:22:45.144+0000] {dag.py:3834} INFO - Setting next_dagrun for dataset_consumes_1 to None, run_after=None
[2024-03-07T18:22:45.154+0000] {logging_mixin.py:188} INFO - [2024-03-07T18:22:45.154+0000] {dag.py:3834} INFO - Setting next_dagrun for dataset_consumes_1_and_2 to None, run_after=None
[2024-03-07T18:22:45.158+0000] {logging_mixin.py:188} INFO - [2024-03-07T18:22:45.158+0000] {dag.py:3834} INFO - Setting next_dagrun for dataset_consumes_1_never_scheduled to None, run_after=None
[2024-03-07T18:22:45.163+0000] {logging_mixin.py:188} INFO - [2024-03-07T18:22:45.162+0000] {dag.py:3834} INFO - Setting next_dagrun for dataset_consumes_unknown_never_scheduled to None, run_after=None
[2024-03-07T18:22:45.174+0000] {logging_mixin.py:188} INFO - [2024-03-07T18:22:45.174+0000] {dag.py:3834} INFO - Setting next_dagrun for dataset_produces_1 to 2024-03-06 00:00:00+00:00, run_after=2024-03-07 00:00:00+00:00
[2024-03-07T18:22:45.179+0000] {logging_mixin.py:188} INFO - [2024-03-07T18:22:45.179+0000] {dag.py:3834} INFO - Setting next_dagrun for dataset_produces_2 to None, run_after=None
[2024-03-07T18:22:45.280+0000] {processor.py:183} INFO - Processing /home/airflow/.local/lib/python3.11/site-packages/airflow/example_dags/example_datasets.py took 0.316 seconds
[2024-03-07T18:23:15.721+0000] {processor.py:161} INFO - Started process (PID=1175) to work on /home/airflow/.local/lib/python3.11/site-packages/airflow/example_dags/example_datasets.py
[2024-03-07T18:23:15.724+0000] {processor.py:830} INFO - Processing file /home/airflow/.local/lib/python3.11/site-packages/airflow/example_dags/example_datasets.py for tasks to queue
[2024-03-07T18:23:15.729+0000] {logging_mixin.py:188} INFO - [2024-03-07T18:23:15.728+0000] {dagbag.py:540} INFO - Filling up the DagBag from /home/airflow/.local/lib/python3.11/site-packages/airflow/example_dags/example_datasets.py
[2024-03-07T18:23:15.747+0000] {processor.py:840} INFO - DAG(s) 'dataset_consumes_1_and_2', 'dataset_produces_1', 'dataset_consumes_1_never_scheduled', 'dataset_consumes_1', 'dataset_produces_2', 'dataset_consumes_unknown_never_scheduled' retrieved from /home/airflow/.local/lib/python3.11/site-packages/airflow/example_dags/example_datasets.py
[2024-03-07T18:23:15.854+0000] {logging_mixin.py:188} INFO - [2024-03-07T18:23:15.850+0000] {dag.py:3047} INFO - Sync 6 DAGs
[2024-03-07T18:23:15.936+0000] {logging_mixin.py:188} INFO - [2024-03-07T18:23:15.936+0000] {dag.py:3834} INFO - Setting next_dagrun for dataset_consumes_1 to None, run_after=None
[2024-03-07T18:23:15.948+0000] {logging_mixin.py:188} INFO - [2024-03-07T18:23:15.947+0000] {dag.py:3834} INFO - Setting next_dagrun for dataset_consumes_1_and_2 to None, run_after=None
[2024-03-07T18:23:15.955+0000] {logging_mixin.py:188} INFO - [2024-03-07T18:23:15.954+0000] {dag.py:3834} INFO - Setting next_dagrun for dataset_consumes_1_never_scheduled to None, run_after=None
[2024-03-07T18:23:15.960+0000] {logging_mixin.py:188} INFO - [2024-03-07T18:23:15.959+0000] {dag.py:3834} INFO - Setting next_dagrun for dataset_consumes_unknown_never_scheduled to None, run_after=None
[2024-03-07T18:23:15.968+0000] {logging_mixin.py:188} INFO - [2024-03-07T18:23:15.968+0000] {dag.py:3834} INFO - Setting next_dagrun for dataset_produces_1 to 2024-03-06 00:00:00+00:00, run_after=2024-03-07 00:00:00+00:00
[2024-03-07T18:23:15.974+0000] {logging_mixin.py:188} INFO - [2024-03-07T18:23:15.973+0000] {dag.py:3834} INFO - Setting next_dagrun for dataset_produces_2 to None, run_after=None
[2024-03-07T18:23:16.109+0000] {processor.py:183} INFO - Processing /home/airflow/.local/lib/python3.11/site-packages/airflow/example_dags/example_datasets.py took 0.393 seconds
[2024-03-07T18:23:47.801+0000] {processor.py:161} INFO - Started process (PID=1234) to work on /home/airflow/.local/lib/python3.11/site-packages/airflow/example_dags/example_datasets.py
[2024-03-07T18:23:47.803+0000] {processor.py:830} INFO - Processing file /home/airflow/.local/lib/python3.11/site-packages/airflow/example_dags/example_datasets.py for tasks to queue
[2024-03-07T18:23:47.808+0000] {logging_mixin.py:188} INFO - [2024-03-07T18:23:47.807+0000] {dagbag.py:540} INFO - Filling up the DagBag from /home/airflow/.local/lib/python3.11/site-packages/airflow/example_dags/example_datasets.py
[2024-03-07T18:23:47.837+0000] {processor.py:840} INFO - DAG(s) 'dataset_consumes_unknown_never_scheduled', 'dataset_produces_1', 'dataset_produces_2', 'dataset_consumes_1_never_scheduled', 'dataset_consumes_1_and_2', 'dataset_consumes_1' retrieved from /home/airflow/.local/lib/python3.11/site-packages/airflow/example_dags/example_datasets.py
[2024-03-07T18:23:47.961+0000] {logging_mixin.py:188} INFO - [2024-03-07T18:23:47.959+0000] {dag.py:3047} INFO - Sync 6 DAGs
[2024-03-07T18:23:48.032+0000] {logging_mixin.py:188} INFO - [2024-03-07T18:23:48.031+0000] {dag.py:3834} INFO - Setting next_dagrun for dataset_consumes_1 to None, run_after=None
[2024-03-07T18:23:48.048+0000] {logging_mixin.py:188} INFO - [2024-03-07T18:23:48.047+0000] {dag.py:3834} INFO - Setting next_dagrun for dataset_consumes_1_and_2 to None, run_after=None
[2024-03-07T18:23:48.054+0000] {logging_mixin.py:188} INFO - [2024-03-07T18:23:48.054+0000] {dag.py:3834} INFO - Setting next_dagrun for dataset_consumes_1_never_scheduled to None, run_after=None
[2024-03-07T18:23:48.061+0000] {logging_mixin.py:188} INFO - [2024-03-07T18:23:48.060+0000] {dag.py:3834} INFO - Setting next_dagrun for dataset_consumes_unknown_never_scheduled to None, run_after=None
[2024-03-07T18:23:48.076+0000] {logging_mixin.py:188} INFO - [2024-03-07T18:23:48.075+0000] {dag.py:3834} INFO - Setting next_dagrun for dataset_produces_1 to 2024-03-06 00:00:00+00:00, run_after=2024-03-07 00:00:00+00:00
[2024-03-07T18:23:48.083+0000] {logging_mixin.py:188} INFO - [2024-03-07T18:23:48.082+0000] {dag.py:3834} INFO - Setting next_dagrun for dataset_produces_2 to None, run_after=None
[2024-03-07T18:23:48.380+0000] {processor.py:183} INFO - Processing /home/airflow/.local/lib/python3.11/site-packages/airflow/example_dags/example_datasets.py took 0.584 seconds
[2024-03-07T18:24:19.917+0000] {processor.py:161} INFO - Started process (PID=1293) to work on /home/airflow/.local/lib/python3.11/site-packages/airflow/example_dags/example_datasets.py
[2024-03-07T18:24:19.920+0000] {processor.py:830} INFO - Processing file /home/airflow/.local/lib/python3.11/site-packages/airflow/example_dags/example_datasets.py for tasks to queue
[2024-03-07T18:24:19.924+0000] {logging_mixin.py:188} INFO - [2024-03-07T18:24:19.924+0000] {dagbag.py:540} INFO - Filling up the DagBag from /home/airflow/.local/lib/python3.11/site-packages/airflow/example_dags/example_datasets.py
[2024-03-07T18:24:19.959+0000] {processor.py:840} INFO - DAG(s) 'dataset_consumes_1_never_scheduled', 'dataset_consumes_1_and_2', 'dataset_consumes_1', 'dataset_produces_1', 'dataset_consumes_unknown_never_scheduled', 'dataset_produces_2' retrieved from /home/airflow/.local/lib/python3.11/site-packages/airflow/example_dags/example_datasets.py
[2024-03-07T18:24:20.060+0000] {logging_mixin.py:188} INFO - [2024-03-07T18:24:20.060+0000] {dag.py:3047} INFO - Sync 6 DAGs
[2024-03-07T18:24:20.160+0000] {logging_mixin.py:188} INFO - [2024-03-07T18:24:20.153+0000] {dag.py:3834} INFO - Setting next_dagrun for dataset_consumes_1 to None, run_after=None
[2024-03-07T18:24:20.197+0000] {logging_mixin.py:188} INFO - [2024-03-07T18:24:20.196+0000] {dag.py:3834} INFO - Setting next_dagrun for dataset_consumes_1_and_2 to None, run_after=None
[2024-03-07T18:24:20.252+0000] {logging_mixin.py:188} INFO - [2024-03-07T18:24:20.237+0000] {dag.py:3834} INFO - Setting next_dagrun for dataset_consumes_1_never_scheduled to None, run_after=None
[2024-03-07T18:24:20.273+0000] {logging_mixin.py:188} INFO - [2024-03-07T18:24:20.272+0000] {dag.py:3834} INFO - Setting next_dagrun for dataset_consumes_unknown_never_scheduled to None, run_after=None
[2024-03-07T18:24:20.292+0000] {logging_mixin.py:188} INFO - [2024-03-07T18:24:20.291+0000] {dag.py:3834} INFO - Setting next_dagrun for dataset_produces_1 to 2024-03-06 00:00:00+00:00, run_after=2024-03-07 00:00:00+00:00
[2024-03-07T18:24:20.297+0000] {logging_mixin.py:188} INFO - [2024-03-07T18:24:20.296+0000] {dag.py:3834} INFO - Setting next_dagrun for dataset_produces_2 to None, run_after=None
[2024-03-07T18:24:20.395+0000] {processor.py:183} INFO - Processing /home/airflow/.local/lib/python3.11/site-packages/airflow/example_dags/example_datasets.py took 0.485 seconds
[2024-03-07T18:24:51.622+0000] {processor.py:161} INFO - Started process (PID=1350) to work on /home/airflow/.local/lib/python3.11/site-packages/airflow/example_dags/example_datasets.py
[2024-03-07T18:24:51.624+0000] {processor.py:830} INFO - Processing file /home/airflow/.local/lib/python3.11/site-packages/airflow/example_dags/example_datasets.py for tasks to queue
[2024-03-07T18:24:51.628+0000] {logging_mixin.py:188} INFO - [2024-03-07T18:24:51.627+0000] {dagbag.py:540} INFO - Filling up the DagBag from /home/airflow/.local/lib/python3.11/site-packages/airflow/example_dags/example_datasets.py
[2024-03-07T18:24:51.647+0000] {processor.py:840} INFO - DAG(s) 'dataset_produces_2', 'dataset_produces_1', 'dataset_consumes_1_and_2', 'dataset_consumes_1', 'dataset_consumes_1_never_scheduled', 'dataset_consumes_unknown_never_scheduled' retrieved from /home/airflow/.local/lib/python3.11/site-packages/airflow/example_dags/example_datasets.py
[2024-03-07T18:24:51.732+0000] {logging_mixin.py:188} INFO - [2024-03-07T18:24:51.732+0000] {dag.py:3047} INFO - Sync 6 DAGs
[2024-03-07T18:24:51.785+0000] {logging_mixin.py:188} INFO - [2024-03-07T18:24:51.784+0000] {dag.py:3834} INFO - Setting next_dagrun for dataset_consumes_1 to None, run_after=None
[2024-03-07T18:24:51.794+0000] {logging_mixin.py:188} INFO - [2024-03-07T18:24:51.794+0000] {dag.py:3834} INFO - Setting next_dagrun for dataset_consumes_1_and_2 to None, run_after=None
[2024-03-07T18:24:51.799+0000] {logging_mixin.py:188} INFO - [2024-03-07T18:24:51.798+0000] {dag.py:3834} INFO - Setting next_dagrun for dataset_consumes_1_never_scheduled to None, run_after=None
[2024-03-07T18:24:51.803+0000] {logging_mixin.py:188} INFO - [2024-03-07T18:24:51.803+0000] {dag.py:3834} INFO - Setting next_dagrun for dataset_consumes_unknown_never_scheduled to None, run_after=None
[2024-03-07T18:24:51.812+0000] {logging_mixin.py:188} INFO - [2024-03-07T18:24:51.811+0000] {dag.py:3834} INFO - Setting next_dagrun for dataset_produces_1 to 2024-03-06 00:00:00+00:00, run_after=2024-03-07 00:00:00+00:00
[2024-03-07T18:24:51.818+0000] {logging_mixin.py:188} INFO - [2024-03-07T18:24:51.817+0000] {dag.py:3834} INFO - Setting next_dagrun for dataset_produces_2 to None, run_after=None
[2024-03-07T18:24:51.920+0000] {processor.py:183} INFO - Processing /home/airflow/.local/lib/python3.11/site-packages/airflow/example_dags/example_datasets.py took 0.307 seconds
[2024-03-07T18:25:24.176+0000] {processor.py:161} INFO - Started process (PID=1410) to work on /home/airflow/.local/lib/python3.11/site-packages/airflow/example_dags/example_datasets.py
[2024-03-07T18:25:24.178+0000] {processor.py:830} INFO - Processing file /home/airflow/.local/lib/python3.11/site-packages/airflow/example_dags/example_datasets.py for tasks to queue
[2024-03-07T18:25:24.182+0000] {logging_mixin.py:188} INFO - [2024-03-07T18:25:24.182+0000] {dagbag.py:540} INFO - Filling up the DagBag from /home/airflow/.local/lib/python3.11/site-packages/airflow/example_dags/example_datasets.py
[2024-03-07T18:25:24.202+0000] {processor.py:840} INFO - DAG(s) 'dataset_produces_2', 'dataset_consumes_unknown_never_scheduled', 'dataset_produces_1', 'dataset_consumes_1_and_2', 'dataset_consumes_1', 'dataset_consumes_1_never_scheduled' retrieved from /home/airflow/.local/lib/python3.11/site-packages/airflow/example_dags/example_datasets.py
[2024-03-07T18:25:24.293+0000] {logging_mixin.py:188} INFO - [2024-03-07T18:25:24.292+0000] {dag.py:3047} INFO - Sync 6 DAGs
[2024-03-07T18:25:24.354+0000] {logging_mixin.py:188} INFO - [2024-03-07T18:25:24.353+0000] {dag.py:3834} INFO - Setting next_dagrun for dataset_consumes_1 to None, run_after=None
[2024-03-07T18:25:24.364+0000] {logging_mixin.py:188} INFO - [2024-03-07T18:25:24.364+0000] {dag.py:3834} INFO - Setting next_dagrun for dataset_consumes_1_and_2 to None, run_after=None
[2024-03-07T18:25:24.370+0000] {logging_mixin.py:188} INFO - [2024-03-07T18:25:24.369+0000] {dag.py:3834} INFO - Setting next_dagrun for dataset_consumes_1_never_scheduled to None, run_after=None
[2024-03-07T18:25:24.374+0000] {logging_mixin.py:188} INFO - [2024-03-07T18:25:24.373+0000] {dag.py:3834} INFO - Setting next_dagrun for dataset_consumes_unknown_never_scheduled to None, run_after=None
[2024-03-07T18:25:24.382+0000] {logging_mixin.py:188} INFO - [2024-03-07T18:25:24.382+0000] {dag.py:3834} INFO - Setting next_dagrun for dataset_produces_1 to 2024-03-06 00:00:00+00:00, run_after=2024-03-07 00:00:00+00:00
[2024-03-07T18:25:24.387+0000] {logging_mixin.py:188} INFO - [2024-03-07T18:25:24.386+0000] {dag.py:3834} INFO - Setting next_dagrun for dataset_produces_2 to None, run_after=None
[2024-03-07T18:25:24.490+0000] {processor.py:183} INFO - Processing /home/airflow/.local/lib/python3.11/site-packages/airflow/example_dags/example_datasets.py took 0.319 seconds
[2024-03-07T18:25:56.293+0000] {processor.py:161} INFO - Started process (PID=1467) to work on /home/airflow/.local/lib/python3.11/site-packages/airflow/example_dags/example_datasets.py
[2024-03-07T18:25:56.295+0000] {processor.py:830} INFO - Processing file /home/airflow/.local/lib/python3.11/site-packages/airflow/example_dags/example_datasets.py for tasks to queue
[2024-03-07T18:25:56.300+0000] {logging_mixin.py:188} INFO - [2024-03-07T18:25:56.299+0000] {dagbag.py:540} INFO - Filling up the DagBag from /home/airflow/.local/lib/python3.11/site-packages/airflow/example_dags/example_datasets.py
[2024-03-07T18:25:56.321+0000] {processor.py:840} INFO - DAG(s) 'dataset_consumes_1_never_scheduled', 'dataset_produces_1', 'dataset_produces_2', 'dataset_consumes_unknown_never_scheduled', 'dataset_consumes_1', 'dataset_consumes_1_and_2' retrieved from /home/airflow/.local/lib/python3.11/site-packages/airflow/example_dags/example_datasets.py
[2024-03-07T18:25:56.433+0000] {logging_mixin.py:188} INFO - [2024-03-07T18:25:56.432+0000] {dag.py:3047} INFO - Sync 6 DAGs
[2024-03-07T18:25:56.494+0000] {logging_mixin.py:188} INFO - [2024-03-07T18:25:56.494+0000] {dag.py:3834} INFO - Setting next_dagrun for dataset_consumes_1 to None, run_after=None
[2024-03-07T18:25:56.506+0000] {logging_mixin.py:188} INFO - [2024-03-07T18:25:56.505+0000] {dag.py:3834} INFO - Setting next_dagrun for dataset_consumes_1_and_2 to None, run_after=None
[2024-03-07T18:25:56.512+0000] {logging_mixin.py:188} INFO - [2024-03-07T18:25:56.511+0000] {dag.py:3834} INFO - Setting next_dagrun for dataset_consumes_1_never_scheduled to None, run_after=None
[2024-03-07T18:25:56.517+0000] {logging_mixin.py:188} INFO - [2024-03-07T18:25:56.516+0000] {dag.py:3834} INFO - Setting next_dagrun for dataset_consumes_unknown_never_scheduled to None, run_after=None
[2024-03-07T18:25:56.526+0000] {logging_mixin.py:188} INFO - [2024-03-07T18:25:56.526+0000] {dag.py:3834} INFO - Setting next_dagrun for dataset_produces_1 to 2024-03-06 00:00:00+00:00, run_after=2024-03-07 00:00:00+00:00
[2024-03-07T18:25:56.531+0000] {logging_mixin.py:188} INFO - [2024-03-07T18:25:56.530+0000] {dag.py:3834} INFO - Setting next_dagrun for dataset_produces_2 to None, run_after=None
[2024-03-07T18:25:56.648+0000] {processor.py:183} INFO - Processing /home/airflow/.local/lib/python3.11/site-packages/airflow/example_dags/example_datasets.py took 0.361 seconds
[2024-03-07T18:26:28.398+0000] {processor.py:161} INFO - Started process (PID=1527) to work on /home/airflow/.local/lib/python3.11/site-packages/airflow/example_dags/example_datasets.py
[2024-03-07T18:26:28.400+0000] {processor.py:830} INFO - Processing file /home/airflow/.local/lib/python3.11/site-packages/airflow/example_dags/example_datasets.py for tasks to queue
[2024-03-07T18:26:28.404+0000] {logging_mixin.py:188} INFO - [2024-03-07T18:26:28.403+0000] {dagbag.py:540} INFO - Filling up the DagBag from /home/airflow/.local/lib/python3.11/site-packages/airflow/example_dags/example_datasets.py
[2024-03-07T18:26:28.421+0000] {processor.py:840} INFO - DAG(s) 'dataset_consumes_1_never_scheduled', 'dataset_consumes_1', 'dataset_produces_1', 'dataset_consumes_unknown_never_scheduled', 'dataset_consumes_1_and_2', 'dataset_produces_2' retrieved from /home/airflow/.local/lib/python3.11/site-packages/airflow/example_dags/example_datasets.py
[2024-03-07T18:26:28.513+0000] {logging_mixin.py:188} INFO - [2024-03-07T18:26:28.513+0000] {dag.py:3047} INFO - Sync 6 DAGs
[2024-03-07T18:26:28.606+0000] {logging_mixin.py:188} INFO - [2024-03-07T18:26:28.605+0000] {dag.py:3834} INFO - Setting next_dagrun for dataset_consumes_1 to None, run_after=None
[2024-03-07T18:26:28.615+0000] {logging_mixin.py:188} INFO - [2024-03-07T18:26:28.614+0000] {dag.py:3834} INFO - Setting next_dagrun for dataset_consumes_1_and_2 to None, run_after=None
[2024-03-07T18:26:28.619+0000] {logging_mixin.py:188} INFO - [2024-03-07T18:26:28.619+0000] {dag.py:3834} INFO - Setting next_dagrun for dataset_consumes_1_never_scheduled to None, run_after=None
[2024-03-07T18:26:28.624+0000] {logging_mixin.py:188} INFO - [2024-03-07T18:26:28.623+0000] {dag.py:3834} INFO - Setting next_dagrun for dataset_consumes_unknown_never_scheduled to None, run_after=None
[2024-03-07T18:26:28.631+0000] {logging_mixin.py:188} INFO - [2024-03-07T18:26:28.630+0000] {dag.py:3834} INFO - Setting next_dagrun for dataset_produces_1 to 2024-03-06 00:00:00+00:00, run_after=2024-03-07 00:00:00+00:00
[2024-03-07T18:26:28.635+0000] {logging_mixin.py:188} INFO - [2024-03-07T18:26:28.635+0000] {dag.py:3834} INFO - Setting next_dagrun for dataset_produces_2 to None, run_after=None
[2024-03-07T18:26:28.733+0000] {processor.py:183} INFO - Processing /home/airflow/.local/lib/python3.11/site-packages/airflow/example_dags/example_datasets.py took 0.339 seconds
[2024-03-07T18:27:00.874+0000] {processor.py:161} INFO - Started process (PID=1585) to work on /home/airflow/.local/lib/python3.11/site-packages/airflow/example_dags/example_datasets.py
[2024-03-07T18:27:00.877+0000] {processor.py:830} INFO - Processing file /home/airflow/.local/lib/python3.11/site-packages/airflow/example_dags/example_datasets.py for tasks to queue
[2024-03-07T18:27:00.883+0000] {logging_mixin.py:188} INFO - [2024-03-07T18:27:00.882+0000] {dagbag.py:540} INFO - Filling up the DagBag from /home/airflow/.local/lib/python3.11/site-packages/airflow/example_dags/example_datasets.py
[2024-03-07T18:27:00.903+0000] {processor.py:840} INFO - DAG(s) 'dataset_consumes_unknown_never_scheduled', 'dataset_consumes_1_never_scheduled', 'dataset_consumes_1_and_2', 'dataset_produces_1', 'dataset_consumes_1', 'dataset_produces_2' retrieved from /home/airflow/.local/lib/python3.11/site-packages/airflow/example_dags/example_datasets.py
[2024-03-07T18:27:01.006+0000] {logging_mixin.py:188} INFO - [2024-03-07T18:27:01.005+0000] {dag.py:3047} INFO - Sync 6 DAGs
[2024-03-07T18:27:01.118+0000] {logging_mixin.py:188} INFO - [2024-03-07T18:27:01.117+0000] {dag.py:3834} INFO - Setting next_dagrun for dataset_consumes_1 to None, run_after=None
[2024-03-07T18:27:01.146+0000] {logging_mixin.py:188} INFO - [2024-03-07T18:27:01.145+0000] {dag.py:3834} INFO - Setting next_dagrun for dataset_consumes_1_and_2 to None, run_after=None
[2024-03-07T18:27:01.172+0000] {logging_mixin.py:188} INFO - [2024-03-07T18:27:01.171+0000] {dag.py:3834} INFO - Setting next_dagrun for dataset_consumes_1_never_scheduled to None, run_after=None
[2024-03-07T18:27:01.216+0000] {logging_mixin.py:188} INFO - [2024-03-07T18:27:01.215+0000] {dag.py:3834} INFO - Setting next_dagrun for dataset_consumes_unknown_never_scheduled to None, run_after=None
[2024-03-07T18:27:01.253+0000] {logging_mixin.py:188} INFO - [2024-03-07T18:27:01.242+0000] {dag.py:3834} INFO - Setting next_dagrun for dataset_produces_1 to 2024-03-06 00:00:00+00:00, run_after=2024-03-07 00:00:00+00:00
[2024-03-07T18:27:01.266+0000] {logging_mixin.py:188} INFO - [2024-03-07T18:27:01.265+0000] {dag.py:3834} INFO - Setting next_dagrun for dataset_produces_2 to None, run_after=None
[2024-03-07T18:27:01.453+0000] {processor.py:183} INFO - Processing /home/airflow/.local/lib/python3.11/site-packages/airflow/example_dags/example_datasets.py took 0.584 seconds
[2024-03-07T18:27:33.438+0000] {processor.py:161} INFO - Started process (PID=1642) to work on /home/airflow/.local/lib/python3.11/site-packages/airflow/example_dags/example_datasets.py
[2024-03-07T18:27:33.440+0000] {processor.py:830} INFO - Processing file /home/airflow/.local/lib/python3.11/site-packages/airflow/example_dags/example_datasets.py for tasks to queue
[2024-03-07T18:27:33.445+0000] {logging_mixin.py:188} INFO - [2024-03-07T18:27:33.444+0000] {dagbag.py:540} INFO - Filling up the DagBag from /home/airflow/.local/lib/python3.11/site-packages/airflow/example_dags/example_datasets.py
[2024-03-07T18:27:33.465+0000] {processor.py:840} INFO - DAG(s) 'dataset_consumes_1', 'dataset_produces_2', 'dataset_consumes_unknown_never_scheduled', 'dataset_produces_1', 'dataset_consumes_1_never_scheduled', 'dataset_consumes_1_and_2' retrieved from /home/airflow/.local/lib/python3.11/site-packages/airflow/example_dags/example_datasets.py
[2024-03-07T18:27:33.547+0000] {logging_mixin.py:188} INFO - [2024-03-07T18:27:33.547+0000] {dag.py:3047} INFO - Sync 6 DAGs
[2024-03-07T18:27:33.595+0000] {logging_mixin.py:188} INFO - [2024-03-07T18:27:33.595+0000] {dag.py:3834} INFO - Setting next_dagrun for dataset_consumes_1 to None, run_after=None
[2024-03-07T18:27:33.606+0000] {logging_mixin.py:188} INFO - [2024-03-07T18:27:33.605+0000] {dag.py:3834} INFO - Setting next_dagrun for dataset_consumes_1_and_2 to None, run_after=None
[2024-03-07T18:27:33.611+0000] {logging_mixin.py:188} INFO - [2024-03-07T18:27:33.610+0000] {dag.py:3834} INFO - Setting next_dagrun for dataset_consumes_1_never_scheduled to None, run_after=None
[2024-03-07T18:27:33.615+0000] {logging_mixin.py:188} INFO - [2024-03-07T18:27:33.615+0000] {dag.py:3834} INFO - Setting next_dagrun for dataset_consumes_unknown_never_scheduled to None, run_after=None
[2024-03-07T18:27:33.622+0000] {logging_mixin.py:188} INFO - [2024-03-07T18:27:33.622+0000] {dag.py:3834} INFO - Setting next_dagrun for dataset_produces_1 to 2024-03-06 00:00:00+00:00, run_after=2024-03-07 00:00:00+00:00
[2024-03-07T18:27:33.626+0000] {logging_mixin.py:188} INFO - [2024-03-07T18:27:33.626+0000] {dag.py:3834} INFO - Setting next_dagrun for dataset_produces_2 to None, run_after=None
[2024-03-07T18:27:33.709+0000] {processor.py:183} INFO - Processing /home/airflow/.local/lib/python3.11/site-packages/airflow/example_dags/example_datasets.py took 0.278 seconds
[2024-03-07T18:28:05.497+0000] {processor.py:161} INFO - Started process (PID=1700) to work on /home/airflow/.local/lib/python3.11/site-packages/airflow/example_dags/example_datasets.py
[2024-03-07T18:28:05.500+0000] {processor.py:830} INFO - Processing file /home/airflow/.local/lib/python3.11/site-packages/airflow/example_dags/example_datasets.py for tasks to queue
[2024-03-07T18:28:05.505+0000] {logging_mixin.py:188} INFO - [2024-03-07T18:28:05.504+0000] {dagbag.py:540} INFO - Filling up the DagBag from /home/airflow/.local/lib/python3.11/site-packages/airflow/example_dags/example_datasets.py
[2024-03-07T18:28:05.533+0000] {processor.py:840} INFO - DAG(s) 'dataset_produces_1', 'dataset_consumes_1_and_2', 'dataset_consumes_1', 'dataset_consumes_unknown_never_scheduled', 'dataset_consumes_1_never_scheduled', 'dataset_produces_2' retrieved from /home/airflow/.local/lib/python3.11/site-packages/airflow/example_dags/example_datasets.py
[2024-03-07T18:28:05.637+0000] {logging_mixin.py:188} INFO - [2024-03-07T18:28:05.637+0000] {dag.py:3047} INFO - Sync 6 DAGs
[2024-03-07T18:28:05.687+0000] {logging_mixin.py:188} INFO - [2024-03-07T18:28:05.686+0000] {dag.py:3834} INFO - Setting next_dagrun for dataset_consumes_1 to None, run_after=None
[2024-03-07T18:28:05.708+0000] {logging_mixin.py:188} INFO - [2024-03-07T18:28:05.707+0000] {dag.py:3834} INFO - Setting next_dagrun for dataset_consumes_1_and_2 to None, run_after=None
[2024-03-07T18:28:05.714+0000] {logging_mixin.py:188} INFO - [2024-03-07T18:28:05.713+0000] {dag.py:3834} INFO - Setting next_dagrun for dataset_consumes_1_never_scheduled to None, run_after=None
[2024-03-07T18:28:05.720+0000] {logging_mixin.py:188} INFO - [2024-03-07T18:28:05.719+0000] {dag.py:3834} INFO - Setting next_dagrun for dataset_consumes_unknown_never_scheduled to None, run_after=None
[2024-03-07T18:28:05.730+0000] {logging_mixin.py:188} INFO - [2024-03-07T18:28:05.729+0000] {dag.py:3834} INFO - Setting next_dagrun for dataset_produces_1 to 2024-03-06 00:00:00+00:00, run_after=2024-03-07 00:00:00+00:00
[2024-03-07T18:28:05.737+0000] {logging_mixin.py:188} INFO - [2024-03-07T18:28:05.737+0000] {dag.py:3834} INFO - Setting next_dagrun for dataset_produces_2 to None, run_after=None
[2024-03-07T18:28:06.161+0000] {processor.py:183} INFO - Processing /home/airflow/.local/lib/python3.11/site-packages/airflow/example_dags/example_datasets.py took 0.671 seconds
[2024-03-07T18:28:38.631+0000] {processor.py:161} INFO - Started process (PID=1758) to work on /home/airflow/.local/lib/python3.11/site-packages/airflow/example_dags/example_datasets.py
[2024-03-07T18:28:38.633+0000] {processor.py:830} INFO - Processing file /home/airflow/.local/lib/python3.11/site-packages/airflow/example_dags/example_datasets.py for tasks to queue
[2024-03-07T18:28:38.639+0000] {logging_mixin.py:188} INFO - [2024-03-07T18:28:38.638+0000] {dagbag.py:540} INFO - Filling up the DagBag from /home/airflow/.local/lib/python3.11/site-packages/airflow/example_dags/example_datasets.py
[2024-03-07T18:28:38.662+0000] {processor.py:840} INFO - DAG(s) 'dataset_produces_1', 'dataset_produces_2', 'dataset_consumes_unknown_never_scheduled', 'dataset_consumes_1', 'dataset_consumes_1_and_2', 'dataset_consumes_1_never_scheduled' retrieved from /home/airflow/.local/lib/python3.11/site-packages/airflow/example_dags/example_datasets.py
[2024-03-07T18:28:38.767+0000] {logging_mixin.py:188} INFO - [2024-03-07T18:28:38.766+0000] {dag.py:3047} INFO - Sync 6 DAGs
[2024-03-07T18:28:38.822+0000] {logging_mixin.py:188} INFO - [2024-03-07T18:28:38.822+0000] {dag.py:3834} INFO - Setting next_dagrun for dataset_consumes_1 to None, run_after=None
[2024-03-07T18:28:38.835+0000] {logging_mixin.py:188} INFO - [2024-03-07T18:28:38.834+0000] {dag.py:3834} INFO - Setting next_dagrun for dataset_consumes_1_and_2 to None, run_after=None
[2024-03-07T18:28:38.840+0000] {logging_mixin.py:188} INFO - [2024-03-07T18:28:38.840+0000] {dag.py:3834} INFO - Setting next_dagrun for dataset_consumes_1_never_scheduled to None, run_after=None
[2024-03-07T18:28:38.845+0000] {logging_mixin.py:188} INFO - [2024-03-07T18:28:38.845+0000] {dag.py:3834} INFO - Setting next_dagrun for dataset_consumes_unknown_never_scheduled to None, run_after=None
[2024-03-07T18:28:38.853+0000] {logging_mixin.py:188} INFO - [2024-03-07T18:28:38.852+0000] {dag.py:3834} INFO - Setting next_dagrun for dataset_produces_1 to 2024-03-06 00:00:00+00:00, run_after=2024-03-07 00:00:00+00:00
[2024-03-07T18:28:38.858+0000] {logging_mixin.py:188} INFO - [2024-03-07T18:28:38.857+0000] {dag.py:3834} INFO - Setting next_dagrun for dataset_produces_2 to None, run_after=None
[2024-03-07T18:28:38.966+0000] {processor.py:183} INFO - Processing /home/airflow/.local/lib/python3.11/site-packages/airflow/example_dags/example_datasets.py took 0.340 seconds
[2024-03-07T18:29:09.647+0000] {processor.py:161} INFO - Started process (PID=1817) to work on /home/airflow/.local/lib/python3.11/site-packages/airflow/example_dags/example_datasets.py
[2024-03-07T18:29:09.649+0000] {processor.py:830} INFO - Processing file /home/airflow/.local/lib/python3.11/site-packages/airflow/example_dags/example_datasets.py for tasks to queue
[2024-03-07T18:29:09.652+0000] {logging_mixin.py:188} INFO - [2024-03-07T18:29:09.651+0000] {dagbag.py:540} INFO - Filling up the DagBag from /home/airflow/.local/lib/python3.11/site-packages/airflow/example_dags/example_datasets.py
[2024-03-07T18:29:09.668+0000] {processor.py:840} INFO - DAG(s) 'dataset_consumes_1_never_scheduled', 'dataset_consumes_1_and_2', 'dataset_produces_2', 'dataset_produces_1', 'dataset_consumes_1', 'dataset_consumes_unknown_never_scheduled' retrieved from /home/airflow/.local/lib/python3.11/site-packages/airflow/example_dags/example_datasets.py
[2024-03-07T18:29:09.739+0000] {logging_mixin.py:188} INFO - [2024-03-07T18:29:09.739+0000] {dag.py:3047} INFO - Sync 6 DAGs
[2024-03-07T18:29:09.783+0000] {logging_mixin.py:188} INFO - [2024-03-07T18:29:09.783+0000] {dag.py:3834} INFO - Setting next_dagrun for dataset_consumes_1 to None, run_after=None
[2024-03-07T18:29:09.792+0000] {logging_mixin.py:188} INFO - [2024-03-07T18:29:09.792+0000] {dag.py:3834} INFO - Setting next_dagrun for dataset_consumes_1_and_2 to None, run_after=None
[2024-03-07T18:29:09.797+0000] {logging_mixin.py:188} INFO - [2024-03-07T18:29:09.797+0000] {dag.py:3834} INFO - Setting next_dagrun for dataset_consumes_1_never_scheduled to None, run_after=None
[2024-03-07T18:29:09.802+0000] {logging_mixin.py:188} INFO - [2024-03-07T18:29:09.801+0000] {dag.py:3834} INFO - Setting next_dagrun for dataset_consumes_unknown_never_scheduled to None, run_after=None
[2024-03-07T18:29:09.808+0000] {logging_mixin.py:188} INFO - [2024-03-07T18:29:09.808+0000] {dag.py:3834} INFO - Setting next_dagrun for dataset_produces_1 to 2024-03-06 00:00:00+00:00, run_after=2024-03-07 00:00:00+00:00
[2024-03-07T18:29:09.812+0000] {logging_mixin.py:188} INFO - [2024-03-07T18:29:09.812+0000] {dag.py:3834} INFO - Setting next_dagrun for dataset_produces_2 to None, run_after=None
[2024-03-07T18:29:09.891+0000] {processor.py:183} INFO - Processing /home/airflow/.local/lib/python3.11/site-packages/airflow/example_dags/example_datasets.py took 0.248 seconds
