[2024-03-07T18:13:10.631+0000] {processor.py:161} INFO - Started process (PID=65) to work on /home/airflow/.local/lib/python3.11/site-packages/airflow/example_dags/example_task_group_decorator.py
[2024-03-07T18:13:10.635+0000] {processor.py:830} INFO - Processing file /home/airflow/.local/lib/python3.11/site-packages/airflow/example_dags/example_task_group_decorator.py for tasks to queue
[2024-03-07T18:13:10.653+0000] {logging_mixin.py:188} INFO - [2024-03-07T18:13:10.652+0000] {dagbag.py:540} INFO - Filling up the DagBag from /home/airflow/.local/lib/python3.11/site-packages/airflow/example_dags/example_task_group_decorator.py
[2024-03-07T18:13:10.818+0000] {processor.py:840} INFO - DAG(s) 'example_task_group_decorator' retrieved from /home/airflow/.local/lib/python3.11/site-packages/airflow/example_dags/example_task_group_decorator.py
[2024-03-07T18:13:10.993+0000] {logging_mixin.py:188} INFO - [2024-03-07T18:13:10.992+0000] {dag.py:3047} INFO - Sync 1 DAGs
[2024-03-07T18:13:11.154+0000] {logging_mixin.py:188} INFO - [2024-03-07T18:13:11.151+0000] {dag.py:3834} INFO - Setting next_dagrun for example_task_group_decorator to 2024-03-06 00:00:00+00:00, run_after=2024-03-07 00:00:00+00:00
[2024-03-07T18:13:11.373+0000] {processor.py:183} INFO - Processing /home/airflow/.local/lib/python3.11/site-packages/airflow/example_dags/example_task_group_decorator.py took 0.764 seconds
[2024-03-07T18:13:43.362+0000] {processor.py:161} INFO - Started process (PID=123) to work on /home/airflow/.local/lib/python3.11/site-packages/airflow/example_dags/example_task_group_decorator.py
[2024-03-07T18:13:43.366+0000] {processor.py:830} INFO - Processing file /home/airflow/.local/lib/python3.11/site-packages/airflow/example_dags/example_task_group_decorator.py for tasks to queue
[2024-03-07T18:13:43.392+0000] {logging_mixin.py:188} INFO - [2024-03-07T18:13:43.381+0000] {dagbag.py:540} INFO - Filling up the DagBag from /home/airflow/.local/lib/python3.11/site-packages/airflow/example_dags/example_task_group_decorator.py
[2024-03-07T18:13:43.480+0000] {processor.py:840} INFO - DAG(s) 'example_task_group_decorator' retrieved from /home/airflow/.local/lib/python3.11/site-packages/airflow/example_dags/example_task_group_decorator.py
[2024-03-07T18:13:43.645+0000] {logging_mixin.py:188} INFO - [2024-03-07T18:13:43.644+0000] {dag.py:3047} INFO - Sync 1 DAGs
[2024-03-07T18:13:43.792+0000] {logging_mixin.py:188} INFO - [2024-03-07T18:13:43.792+0000] {dag.py:3834} INFO - Setting next_dagrun for example_task_group_decorator to 2024-03-06 00:00:00+00:00, run_after=2024-03-07 00:00:00+00:00
[2024-03-07T18:13:43.910+0000] {processor.py:183} INFO - Processing /home/airflow/.local/lib/python3.11/site-packages/airflow/example_dags/example_task_group_decorator.py took 0.562 seconds
[2024-03-07T18:14:15.294+0000] {processor.py:161} INFO - Started process (PID=181) to work on /home/airflow/.local/lib/python3.11/site-packages/airflow/example_dags/example_task_group_decorator.py
[2024-03-07T18:14:15.297+0000] {processor.py:830} INFO - Processing file /home/airflow/.local/lib/python3.11/site-packages/airflow/example_dags/example_task_group_decorator.py for tasks to queue
[2024-03-07T18:14:15.303+0000] {logging_mixin.py:188} INFO - [2024-03-07T18:14:15.302+0000] {dagbag.py:540} INFO - Filling up the DagBag from /home/airflow/.local/lib/python3.11/site-packages/airflow/example_dags/example_task_group_decorator.py
[2024-03-07T18:14:15.404+0000] {processor.py:840} INFO - DAG(s) 'example_task_group_decorator' retrieved from /home/airflow/.local/lib/python3.11/site-packages/airflow/example_dags/example_task_group_decorator.py
[2024-03-07T18:14:15.600+0000] {logging_mixin.py:188} INFO - [2024-03-07T18:14:15.596+0000] {dag.py:3047} INFO - Sync 1 DAGs
[2024-03-07T18:14:15.805+0000] {logging_mixin.py:188} INFO - [2024-03-07T18:14:15.804+0000] {dag.py:3834} INFO - Setting next_dagrun for example_task_group_decorator to 2024-03-06 00:00:00+00:00, run_after=2024-03-07 00:00:00+00:00
[2024-03-07T18:14:16.099+0000] {processor.py:183} INFO - Processing /home/airflow/.local/lib/python3.11/site-packages/airflow/example_dags/example_task_group_decorator.py took 0.822 seconds
[2024-03-07T18:14:50.557+0000] {processor.py:161} INFO - Started process (PID=238) to work on /home/airflow/.local/lib/python3.11/site-packages/airflow/example_dags/example_task_group_decorator.py
[2024-03-07T18:14:50.561+0000] {processor.py:830} INFO - Processing file /home/airflow/.local/lib/python3.11/site-packages/airflow/example_dags/example_task_group_decorator.py for tasks to queue
[2024-03-07T18:14:50.567+0000] {logging_mixin.py:188} INFO - [2024-03-07T18:14:50.566+0000] {dagbag.py:540} INFO - Filling up the DagBag from /home/airflow/.local/lib/python3.11/site-packages/airflow/example_dags/example_task_group_decorator.py
[2024-03-07T18:14:50.628+0000] {processor.py:840} INFO - DAG(s) 'example_task_group_decorator' retrieved from /home/airflow/.local/lib/python3.11/site-packages/airflow/example_dags/example_task_group_decorator.py
[2024-03-07T18:14:50.677+0000] {logging_mixin.py:188} INFO - [2024-03-07T18:14:50.677+0000] {dag.py:3047} INFO - Sync 1 DAGs
[2024-03-07T18:14:50.773+0000] {logging_mixin.py:188} INFO - [2024-03-07T18:14:50.772+0000] {dag.py:3834} INFO - Setting next_dagrun for example_task_group_decorator to 2024-03-06 00:00:00+00:00, run_after=2024-03-07 00:00:00+00:00
[2024-03-07T18:14:50.865+0000] {processor.py:183} INFO - Processing /home/airflow/.local/lib/python3.11/site-packages/airflow/example_dags/example_task_group_decorator.py took 0.321 seconds
[2024-03-07T18:15:21.909+0000] {processor.py:161} INFO - Started process (PID=297) to work on /home/airflow/.local/lib/python3.11/site-packages/airflow/example_dags/example_task_group_decorator.py
[2024-03-07T18:15:21.911+0000] {processor.py:830} INFO - Processing file /home/airflow/.local/lib/python3.11/site-packages/airflow/example_dags/example_task_group_decorator.py for tasks to queue
[2024-03-07T18:15:21.916+0000] {logging_mixin.py:188} INFO - [2024-03-07T18:15:21.915+0000] {dagbag.py:540} INFO - Filling up the DagBag from /home/airflow/.local/lib/python3.11/site-packages/airflow/example_dags/example_task_group_decorator.py
[2024-03-07T18:15:21.968+0000] {processor.py:840} INFO - DAG(s) 'example_task_group_decorator' retrieved from /home/airflow/.local/lib/python3.11/site-packages/airflow/example_dags/example_task_group_decorator.py
[2024-03-07T18:15:22.365+0000] {logging_mixin.py:188} INFO - [2024-03-07T18:15:22.364+0000] {dag.py:3047} INFO - Sync 1 DAGs
[2024-03-07T18:15:22.474+0000] {logging_mixin.py:188} INFO - [2024-03-07T18:15:22.472+0000] {dag.py:3834} INFO - Setting next_dagrun for example_task_group_decorator to 2024-03-06 00:00:00+00:00, run_after=2024-03-07 00:00:00+00:00
[2024-03-07T18:15:22.577+0000] {processor.py:183} INFO - Processing /home/airflow/.local/lib/python3.11/site-packages/airflow/example_dags/example_task_group_decorator.py took 0.675 seconds
[2024-03-07T18:15:53.406+0000] {processor.py:161} INFO - Started process (PID=355) to work on /home/airflow/.local/lib/python3.11/site-packages/airflow/example_dags/example_task_group_decorator.py
[2024-03-07T18:15:53.408+0000] {processor.py:830} INFO - Processing file /home/airflow/.local/lib/python3.11/site-packages/airflow/example_dags/example_task_group_decorator.py for tasks to queue
[2024-03-07T18:15:53.414+0000] {logging_mixin.py:188} INFO - [2024-03-07T18:15:53.413+0000] {dagbag.py:540} INFO - Filling up the DagBag from /home/airflow/.local/lib/python3.11/site-packages/airflow/example_dags/example_task_group_decorator.py
[2024-03-07T18:15:53.446+0000] {processor.py:840} INFO - DAG(s) 'example_task_group_decorator' retrieved from /home/airflow/.local/lib/python3.11/site-packages/airflow/example_dags/example_task_group_decorator.py
[2024-03-07T18:15:53.507+0000] {logging_mixin.py:188} INFO - [2024-03-07T18:15:53.507+0000] {dag.py:3047} INFO - Sync 1 DAGs
[2024-03-07T18:15:53.569+0000] {logging_mixin.py:188} INFO - [2024-03-07T18:15:53.568+0000] {dag.py:3834} INFO - Setting next_dagrun for example_task_group_decorator to 2024-03-06 00:00:00+00:00, run_after=2024-03-07 00:00:00+00:00
[2024-03-07T18:15:53.626+0000] {processor.py:183} INFO - Processing /home/airflow/.local/lib/python3.11/site-packages/airflow/example_dags/example_task_group_decorator.py took 0.227 seconds
[2024-03-07T18:16:23.757+0000] {processor.py:161} INFO - Started process (PID=411) to work on /home/airflow/.local/lib/python3.11/site-packages/airflow/example_dags/example_task_group_decorator.py
[2024-03-07T18:16:23.759+0000] {processor.py:830} INFO - Processing file /home/airflow/.local/lib/python3.11/site-packages/airflow/example_dags/example_task_group_decorator.py for tasks to queue
[2024-03-07T18:16:23.763+0000] {logging_mixin.py:188} INFO - [2024-03-07T18:16:23.762+0000] {dagbag.py:540} INFO - Filling up the DagBag from /home/airflow/.local/lib/python3.11/site-packages/airflow/example_dags/example_task_group_decorator.py
[2024-03-07T18:16:23.838+0000] {processor.py:840} INFO - DAG(s) 'example_task_group_decorator' retrieved from /home/airflow/.local/lib/python3.11/site-packages/airflow/example_dags/example_task_group_decorator.py
[2024-03-07T18:16:23.884+0000] {logging_mixin.py:188} INFO - [2024-03-07T18:16:23.884+0000] {dag.py:3047} INFO - Sync 1 DAGs
[2024-03-07T18:16:23.933+0000] {logging_mixin.py:188} INFO - [2024-03-07T18:16:23.932+0000] {dag.py:3834} INFO - Setting next_dagrun for example_task_group_decorator to 2024-03-06 00:00:00+00:00, run_after=2024-03-07 00:00:00+00:00
[2024-03-07T18:16:24.016+0000] {processor.py:183} INFO - Processing /home/airflow/.local/lib/python3.11/site-packages/airflow/example_dags/example_task_group_decorator.py took 0.265 seconds
[2024-03-07T18:16:54.431+0000] {processor.py:161} INFO - Started process (PID=469) to work on /home/airflow/.local/lib/python3.11/site-packages/airflow/example_dags/example_task_group_decorator.py
[2024-03-07T18:16:54.433+0000] {processor.py:830} INFO - Processing file /home/airflow/.local/lib/python3.11/site-packages/airflow/example_dags/example_task_group_decorator.py for tasks to queue
[2024-03-07T18:16:54.438+0000] {logging_mixin.py:188} INFO - [2024-03-07T18:16:54.437+0000] {dagbag.py:540} INFO - Filling up the DagBag from /home/airflow/.local/lib/python3.11/site-packages/airflow/example_dags/example_task_group_decorator.py
[2024-03-07T18:16:54.473+0000] {processor.py:840} INFO - DAG(s) 'example_task_group_decorator' retrieved from /home/airflow/.local/lib/python3.11/site-packages/airflow/example_dags/example_task_group_decorator.py
[2024-03-07T18:16:54.533+0000] {logging_mixin.py:188} INFO - [2024-03-07T18:16:54.533+0000] {dag.py:3047} INFO - Sync 1 DAGs
[2024-03-07T18:16:54.604+0000] {logging_mixin.py:188} INFO - [2024-03-07T18:16:54.604+0000] {dag.py:3834} INFO - Setting next_dagrun for example_task_group_decorator to 2024-03-06 00:00:00+00:00, run_after=2024-03-07 00:00:00+00:00
[2024-03-07T18:16:54.661+0000] {processor.py:183} INFO - Processing /home/airflow/.local/lib/python3.11/site-packages/airflow/example_dags/example_task_group_decorator.py took 0.234 seconds
[2024-03-07T18:17:25.483+0000] {processor.py:161} INFO - Started process (PID=525) to work on /home/airflow/.local/lib/python3.11/site-packages/airflow/example_dags/example_task_group_decorator.py
[2024-03-07T18:17:25.486+0000] {processor.py:830} INFO - Processing file /home/airflow/.local/lib/python3.11/site-packages/airflow/example_dags/example_task_group_decorator.py for tasks to queue
[2024-03-07T18:17:25.491+0000] {logging_mixin.py:188} INFO - [2024-03-07T18:17:25.490+0000] {dagbag.py:540} INFO - Filling up the DagBag from /home/airflow/.local/lib/python3.11/site-packages/airflow/example_dags/example_task_group_decorator.py
[2024-03-07T18:17:25.532+0000] {processor.py:840} INFO - DAG(s) 'example_task_group_decorator' retrieved from /home/airflow/.local/lib/python3.11/site-packages/airflow/example_dags/example_task_group_decorator.py
[2024-03-07T18:17:25.592+0000] {logging_mixin.py:188} INFO - [2024-03-07T18:17:25.590+0000] {dag.py:3047} INFO - Sync 1 DAGs
[2024-03-07T18:17:25.651+0000] {logging_mixin.py:188} INFO - [2024-03-07T18:17:25.650+0000] {dag.py:3834} INFO - Setting next_dagrun for example_task_group_decorator to 2024-03-06 00:00:00+00:00, run_after=2024-03-07 00:00:00+00:00
[2024-03-07T18:17:25.719+0000] {processor.py:183} INFO - Processing /home/airflow/.local/lib/python3.11/site-packages/airflow/example_dags/example_task_group_decorator.py took 0.241 seconds
[2024-03-07T18:17:57.313+0000] {processor.py:161} INFO - Started process (PID=583) to work on /home/airflow/.local/lib/python3.11/site-packages/airflow/example_dags/example_task_group_decorator.py
[2024-03-07T18:17:57.315+0000] {processor.py:830} INFO - Processing file /home/airflow/.local/lib/python3.11/site-packages/airflow/example_dags/example_task_group_decorator.py for tasks to queue
[2024-03-07T18:17:57.321+0000] {logging_mixin.py:188} INFO - [2024-03-07T18:17:57.319+0000] {dagbag.py:540} INFO - Filling up the DagBag from /home/airflow/.local/lib/python3.11/site-packages/airflow/example_dags/example_task_group_decorator.py
[2024-03-07T18:17:57.365+0000] {processor.py:840} INFO - DAG(s) 'example_task_group_decorator' retrieved from /home/airflow/.local/lib/python3.11/site-packages/airflow/example_dags/example_task_group_decorator.py
[2024-03-07T18:17:57.449+0000] {logging_mixin.py:188} INFO - [2024-03-07T18:17:57.449+0000] {dag.py:3047} INFO - Sync 1 DAGs
[2024-03-07T18:17:57.513+0000] {logging_mixin.py:188} INFO - [2024-03-07T18:17:57.512+0000] {dag.py:3834} INFO - Setting next_dagrun for example_task_group_decorator to 2024-03-06 00:00:00+00:00, run_after=2024-03-07 00:00:00+00:00
[2024-03-07T18:17:57.582+0000] {processor.py:183} INFO - Processing /home/airflow/.local/lib/python3.11/site-packages/airflow/example_dags/example_task_group_decorator.py took 0.275 seconds
[2024-03-07T18:18:29.169+0000] {processor.py:161} INFO - Started process (PID=642) to work on /home/airflow/.local/lib/python3.11/site-packages/airflow/example_dags/example_task_group_decorator.py
[2024-03-07T18:18:29.171+0000] {processor.py:830} INFO - Processing file /home/airflow/.local/lib/python3.11/site-packages/airflow/example_dags/example_task_group_decorator.py for tasks to queue
[2024-03-07T18:18:29.175+0000] {logging_mixin.py:188} INFO - [2024-03-07T18:18:29.175+0000] {dagbag.py:540} INFO - Filling up the DagBag from /home/airflow/.local/lib/python3.11/site-packages/airflow/example_dags/example_task_group_decorator.py
[2024-03-07T18:18:29.212+0000] {processor.py:840} INFO - DAG(s) 'example_task_group_decorator' retrieved from /home/airflow/.local/lib/python3.11/site-packages/airflow/example_dags/example_task_group_decorator.py
[2024-03-07T18:18:29.280+0000] {logging_mixin.py:188} INFO - [2024-03-07T18:18:29.279+0000] {dag.py:3047} INFO - Sync 1 DAGs
[2024-03-07T18:18:29.327+0000] {logging_mixin.py:188} INFO - [2024-03-07T18:18:29.327+0000] {dag.py:3834} INFO - Setting next_dagrun for example_task_group_decorator to 2024-03-06 00:00:00+00:00, run_after=2024-03-07 00:00:00+00:00
[2024-03-07T18:18:29.387+0000] {processor.py:183} INFO - Processing /home/airflow/.local/lib/python3.11/site-packages/airflow/example_dags/example_task_group_decorator.py took 0.223 seconds
[2024-03-07T18:19:00.089+0000] {processor.py:161} INFO - Started process (PID=699) to work on /home/airflow/.local/lib/python3.11/site-packages/airflow/example_dags/example_task_group_decorator.py
[2024-03-07T18:19:00.092+0000] {processor.py:830} INFO - Processing file /home/airflow/.local/lib/python3.11/site-packages/airflow/example_dags/example_task_group_decorator.py for tasks to queue
[2024-03-07T18:19:00.095+0000] {logging_mixin.py:188} INFO - [2024-03-07T18:19:00.095+0000] {dagbag.py:540} INFO - Filling up the DagBag from /home/airflow/.local/lib/python3.11/site-packages/airflow/example_dags/example_task_group_decorator.py
[2024-03-07T18:19:00.156+0000] {processor.py:840} INFO - DAG(s) 'example_task_group_decorator' retrieved from /home/airflow/.local/lib/python3.11/site-packages/airflow/example_dags/example_task_group_decorator.py
[2024-03-07T18:19:00.210+0000] {logging_mixin.py:188} INFO - [2024-03-07T18:19:00.209+0000] {dag.py:3047} INFO - Sync 1 DAGs
[2024-03-07T18:19:00.277+0000] {logging_mixin.py:188} INFO - [2024-03-07T18:19:00.277+0000] {dag.py:3834} INFO - Setting next_dagrun for example_task_group_decorator to 2024-03-06 00:00:00+00:00, run_after=2024-03-07 00:00:00+00:00
[2024-03-07T18:19:00.347+0000] {processor.py:183} INFO - Processing /home/airflow/.local/lib/python3.11/site-packages/airflow/example_dags/example_task_group_decorator.py took 0.262 seconds
[2024-03-07T18:19:31.888+0000] {processor.py:161} INFO - Started process (PID=758) to work on /home/airflow/.local/lib/python3.11/site-packages/airflow/example_dags/example_task_group_decorator.py
[2024-03-07T18:19:31.891+0000] {processor.py:830} INFO - Processing file /home/airflow/.local/lib/python3.11/site-packages/airflow/example_dags/example_task_group_decorator.py for tasks to queue
[2024-03-07T18:19:31.895+0000] {logging_mixin.py:188} INFO - [2024-03-07T18:19:31.894+0000] {dagbag.py:540} INFO - Filling up the DagBag from /home/airflow/.local/lib/python3.11/site-packages/airflow/example_dags/example_task_group_decorator.py
[2024-03-07T18:19:31.937+0000] {processor.py:840} INFO - DAG(s) 'example_task_group_decorator' retrieved from /home/airflow/.local/lib/python3.11/site-packages/airflow/example_dags/example_task_group_decorator.py
[2024-03-07T18:19:31.999+0000] {logging_mixin.py:188} INFO - [2024-03-07T18:19:31.999+0000] {dag.py:3047} INFO - Sync 1 DAGs
[2024-03-07T18:19:32.060+0000] {logging_mixin.py:188} INFO - [2024-03-07T18:19:32.059+0000] {dag.py:3834} INFO - Setting next_dagrun for example_task_group_decorator to 2024-03-06 00:00:00+00:00, run_after=2024-03-07 00:00:00+00:00
[2024-03-07T18:19:32.114+0000] {processor.py:183} INFO - Processing /home/airflow/.local/lib/python3.11/site-packages/airflow/example_dags/example_task_group_decorator.py took 0.231 seconds
[2024-03-07T18:20:03.707+0000] {processor.py:161} INFO - Started process (PID=816) to work on /home/airflow/.local/lib/python3.11/site-packages/airflow/example_dags/example_task_group_decorator.py
[2024-03-07T18:20:03.709+0000] {processor.py:830} INFO - Processing file /home/airflow/.local/lib/python3.11/site-packages/airflow/example_dags/example_task_group_decorator.py for tasks to queue
[2024-03-07T18:20:03.714+0000] {logging_mixin.py:188} INFO - [2024-03-07T18:20:03.713+0000] {dagbag.py:540} INFO - Filling up the DagBag from /home/airflow/.local/lib/python3.11/site-packages/airflow/example_dags/example_task_group_decorator.py
[2024-03-07T18:20:03.748+0000] {processor.py:840} INFO - DAG(s) 'example_task_group_decorator' retrieved from /home/airflow/.local/lib/python3.11/site-packages/airflow/example_dags/example_task_group_decorator.py
[2024-03-07T18:20:03.804+0000] {logging_mixin.py:188} INFO - [2024-03-07T18:20:03.803+0000] {dag.py:3047} INFO - Sync 1 DAGs
[2024-03-07T18:20:03.869+0000] {logging_mixin.py:188} INFO - [2024-03-07T18:20:03.869+0000] {dag.py:3834} INFO - Setting next_dagrun for example_task_group_decorator to 2024-03-06 00:00:00+00:00, run_after=2024-03-07 00:00:00+00:00
[2024-03-07T18:20:03.926+0000] {processor.py:183} INFO - Processing /home/airflow/.local/lib/python3.11/site-packages/airflow/example_dags/example_task_group_decorator.py took 0.224 seconds
[2024-03-07T18:20:35.384+0000] {processor.py:161} INFO - Started process (PID=873) to work on /home/airflow/.local/lib/python3.11/site-packages/airflow/example_dags/example_task_group_decorator.py
[2024-03-07T18:20:35.387+0000] {processor.py:830} INFO - Processing file /home/airflow/.local/lib/python3.11/site-packages/airflow/example_dags/example_task_group_decorator.py for tasks to queue
[2024-03-07T18:20:35.391+0000] {logging_mixin.py:188} INFO - [2024-03-07T18:20:35.390+0000] {dagbag.py:540} INFO - Filling up the DagBag from /home/airflow/.local/lib/python3.11/site-packages/airflow/example_dags/example_task_group_decorator.py
[2024-03-07T18:20:35.424+0000] {processor.py:840} INFO - DAG(s) 'example_task_group_decorator' retrieved from /home/airflow/.local/lib/python3.11/site-packages/airflow/example_dags/example_task_group_decorator.py
[2024-03-07T18:20:35.472+0000] {logging_mixin.py:188} INFO - [2024-03-07T18:20:35.471+0000] {dag.py:3047} INFO - Sync 1 DAGs
[2024-03-07T18:20:35.538+0000] {logging_mixin.py:188} INFO - [2024-03-07T18:20:35.537+0000] {dag.py:3834} INFO - Setting next_dagrun for example_task_group_decorator to 2024-03-06 00:00:00+00:00, run_after=2024-03-07 00:00:00+00:00
[2024-03-07T18:20:35.598+0000] {processor.py:183} INFO - Processing /home/airflow/.local/lib/python3.11/site-packages/airflow/example_dags/example_task_group_decorator.py took 0.218 seconds
[2024-03-07T18:21:07.093+0000] {processor.py:161} INFO - Started process (PID=931) to work on /home/airflow/.local/lib/python3.11/site-packages/airflow/example_dags/example_task_group_decorator.py
[2024-03-07T18:21:07.096+0000] {processor.py:830} INFO - Processing file /home/airflow/.local/lib/python3.11/site-packages/airflow/example_dags/example_task_group_decorator.py for tasks to queue
[2024-03-07T18:21:07.100+0000] {logging_mixin.py:188} INFO - [2024-03-07T18:21:07.099+0000] {dagbag.py:540} INFO - Filling up the DagBag from /home/airflow/.local/lib/python3.11/site-packages/airflow/example_dags/example_task_group_decorator.py
[2024-03-07T18:21:07.130+0000] {processor.py:840} INFO - DAG(s) 'example_task_group_decorator' retrieved from /home/airflow/.local/lib/python3.11/site-packages/airflow/example_dags/example_task_group_decorator.py
[2024-03-07T18:21:07.189+0000] {logging_mixin.py:188} INFO - [2024-03-07T18:21:07.189+0000] {dag.py:3047} INFO - Sync 1 DAGs
[2024-03-07T18:21:07.239+0000] {logging_mixin.py:188} INFO - [2024-03-07T18:21:07.238+0000] {dag.py:3834} INFO - Setting next_dagrun for example_task_group_decorator to 2024-03-06 00:00:00+00:00, run_after=2024-03-07 00:00:00+00:00
[2024-03-07T18:21:07.311+0000] {processor.py:183} INFO - Processing /home/airflow/.local/lib/python3.11/site-packages/airflow/example_dags/example_task_group_decorator.py took 0.222 seconds
[2024-03-07T18:21:40.170+0000] {processor.py:161} INFO - Started process (PID=994) to work on /home/airflow/.local/lib/python3.11/site-packages/airflow/example_dags/example_task_group_decorator.py
[2024-03-07T18:21:40.173+0000] {processor.py:830} INFO - Processing file /home/airflow/.local/lib/python3.11/site-packages/airflow/example_dags/example_task_group_decorator.py for tasks to queue
[2024-03-07T18:21:40.178+0000] {logging_mixin.py:188} INFO - [2024-03-07T18:21:40.177+0000] {dagbag.py:540} INFO - Filling up the DagBag from /home/airflow/.local/lib/python3.11/site-packages/airflow/example_dags/example_task_group_decorator.py
[2024-03-07T18:21:40.232+0000] {processor.py:840} INFO - DAG(s) 'example_task_group_decorator' retrieved from /home/airflow/.local/lib/python3.11/site-packages/airflow/example_dags/example_task_group_decorator.py
[2024-03-07T18:21:40.310+0000] {logging_mixin.py:188} INFO - [2024-03-07T18:21:40.310+0000] {dag.py:3047} INFO - Sync 1 DAGs
[2024-03-07T18:21:40.372+0000] {logging_mixin.py:188} INFO - [2024-03-07T18:21:40.371+0000] {dag.py:3834} INFO - Setting next_dagrun for example_task_group_decorator to 2024-03-06 00:00:00+00:00, run_after=2024-03-07 00:00:00+00:00
[2024-03-07T18:21:40.434+0000] {processor.py:183} INFO - Processing /home/airflow/.local/lib/python3.11/site-packages/airflow/example_dags/example_task_group_decorator.py took 0.271 seconds
[2024-03-07T18:22:11.549+0000] {processor.py:161} INFO - Started process (PID=1052) to work on /home/airflow/.local/lib/python3.11/site-packages/airflow/example_dags/example_task_group_decorator.py
[2024-03-07T18:22:11.551+0000] {processor.py:830} INFO - Processing file /home/airflow/.local/lib/python3.11/site-packages/airflow/example_dags/example_task_group_decorator.py for tasks to queue
[2024-03-07T18:22:11.555+0000] {logging_mixin.py:188} INFO - [2024-03-07T18:22:11.554+0000] {dagbag.py:540} INFO - Filling up the DagBag from /home/airflow/.local/lib/python3.11/site-packages/airflow/example_dags/example_task_group_decorator.py
[2024-03-07T18:22:11.584+0000] {processor.py:840} INFO - DAG(s) 'example_task_group_decorator' retrieved from /home/airflow/.local/lib/python3.11/site-packages/airflow/example_dags/example_task_group_decorator.py
[2024-03-07T18:22:11.633+0000] {logging_mixin.py:188} INFO - [2024-03-07T18:22:11.633+0000] {dag.py:3047} INFO - Sync 1 DAGs
[2024-03-07T18:22:11.690+0000] {logging_mixin.py:188} INFO - [2024-03-07T18:22:11.690+0000] {dag.py:3834} INFO - Setting next_dagrun for example_task_group_decorator to 2024-03-06 00:00:00+00:00, run_after=2024-03-07 00:00:00+00:00
[2024-03-07T18:22:11.744+0000] {processor.py:183} INFO - Processing /home/airflow/.local/lib/python3.11/site-packages/airflow/example_dags/example_task_group_decorator.py took 0.201 seconds
[2024-03-07T18:22:43.588+0000] {processor.py:161} INFO - Started process (PID=1111) to work on /home/airflow/.local/lib/python3.11/site-packages/airflow/example_dags/example_task_group_decorator.py
[2024-03-07T18:22:43.591+0000] {processor.py:830} INFO - Processing file /home/airflow/.local/lib/python3.11/site-packages/airflow/example_dags/example_task_group_decorator.py for tasks to queue
[2024-03-07T18:22:43.601+0000] {logging_mixin.py:188} INFO - [2024-03-07T18:22:43.599+0000] {dagbag.py:540} INFO - Filling up the DagBag from /home/airflow/.local/lib/python3.11/site-packages/airflow/example_dags/example_task_group_decorator.py
[2024-03-07T18:22:43.672+0000] {processor.py:840} INFO - DAG(s) 'example_task_group_decorator' retrieved from /home/airflow/.local/lib/python3.11/site-packages/airflow/example_dags/example_task_group_decorator.py
[2024-03-07T18:22:43.761+0000] {logging_mixin.py:188} INFO - [2024-03-07T18:22:43.759+0000] {dag.py:3047} INFO - Sync 1 DAGs
[2024-03-07T18:22:43.878+0000] {logging_mixin.py:188} INFO - [2024-03-07T18:22:43.876+0000] {dag.py:3834} INFO - Setting next_dagrun for example_task_group_decorator to 2024-03-06 00:00:00+00:00, run_after=2024-03-07 00:00:00+00:00
[2024-03-07T18:22:44.065+0000] {processor.py:183} INFO - Processing /home/airflow/.local/lib/python3.11/site-packages/airflow/example_dags/example_task_group_decorator.py took 0.486 seconds
[2024-03-07T18:23:14.844+0000] {processor.py:161} INFO - Started process (PID=1169) to work on /home/airflow/.local/lib/python3.11/site-packages/airflow/example_dags/example_task_group_decorator.py
[2024-03-07T18:23:14.847+0000] {processor.py:830} INFO - Processing file /home/airflow/.local/lib/python3.11/site-packages/airflow/example_dags/example_task_group_decorator.py for tasks to queue
[2024-03-07T18:23:14.853+0000] {logging_mixin.py:188} INFO - [2024-03-07T18:23:14.852+0000] {dagbag.py:540} INFO - Filling up the DagBag from /home/airflow/.local/lib/python3.11/site-packages/airflow/example_dags/example_task_group_decorator.py
[2024-03-07T18:23:14.881+0000] {processor.py:840} INFO - DAG(s) 'example_task_group_decorator' retrieved from /home/airflow/.local/lib/python3.11/site-packages/airflow/example_dags/example_task_group_decorator.py
[2024-03-07T18:23:14.943+0000] {logging_mixin.py:188} INFO - [2024-03-07T18:23:14.942+0000] {dag.py:3047} INFO - Sync 1 DAGs
[2024-03-07T18:23:14.989+0000] {logging_mixin.py:188} INFO - [2024-03-07T18:23:14.989+0000] {dag.py:3834} INFO - Setting next_dagrun for example_task_group_decorator to 2024-03-06 00:00:00+00:00, run_after=2024-03-07 00:00:00+00:00
[2024-03-07T18:23:15.048+0000] {processor.py:183} INFO - Processing /home/airflow/.local/lib/python3.11/site-packages/airflow/example_dags/example_task_group_decorator.py took 0.211 seconds
[2024-03-07T18:23:46.554+0000] {processor.py:161} INFO - Started process (PID=1228) to work on /home/airflow/.local/lib/python3.11/site-packages/airflow/example_dags/example_task_group_decorator.py
[2024-03-07T18:23:46.556+0000] {processor.py:830} INFO - Processing file /home/airflow/.local/lib/python3.11/site-packages/airflow/example_dags/example_task_group_decorator.py for tasks to queue
[2024-03-07T18:23:46.562+0000] {logging_mixin.py:188} INFO - [2024-03-07T18:23:46.561+0000] {dagbag.py:540} INFO - Filling up the DagBag from /home/airflow/.local/lib/python3.11/site-packages/airflow/example_dags/example_task_group_decorator.py
[2024-03-07T18:23:46.613+0000] {processor.py:840} INFO - DAG(s) 'example_task_group_decorator' retrieved from /home/airflow/.local/lib/python3.11/site-packages/airflow/example_dags/example_task_group_decorator.py
[2024-03-07T18:23:46.676+0000] {logging_mixin.py:188} INFO - [2024-03-07T18:23:46.676+0000] {dag.py:3047} INFO - Sync 1 DAGs
[2024-03-07T18:23:46.735+0000] {logging_mixin.py:188} INFO - [2024-03-07T18:23:46.734+0000] {dag.py:3834} INFO - Setting next_dagrun for example_task_group_decorator to 2024-03-06 00:00:00+00:00, run_after=2024-03-07 00:00:00+00:00
[2024-03-07T18:23:46.805+0000] {processor.py:183} INFO - Processing /home/airflow/.local/lib/python3.11/site-packages/airflow/example_dags/example_task_group_decorator.py took 0.255 seconds
[2024-03-07T18:24:18.839+0000] {processor.py:161} INFO - Started process (PID=1286) to work on /home/airflow/.local/lib/python3.11/site-packages/airflow/example_dags/example_task_group_decorator.py
[2024-03-07T18:24:18.842+0000] {processor.py:830} INFO - Processing file /home/airflow/.local/lib/python3.11/site-packages/airflow/example_dags/example_task_group_decorator.py for tasks to queue
[2024-03-07T18:24:18.848+0000] {logging_mixin.py:188} INFO - [2024-03-07T18:24:18.847+0000] {dagbag.py:540} INFO - Filling up the DagBag from /home/airflow/.local/lib/python3.11/site-packages/airflow/example_dags/example_task_group_decorator.py
[2024-03-07T18:24:18.882+0000] {processor.py:840} INFO - DAG(s) 'example_task_group_decorator' retrieved from /home/airflow/.local/lib/python3.11/site-packages/airflow/example_dags/example_task_group_decorator.py
[2024-03-07T18:24:18.948+0000] {logging_mixin.py:188} INFO - [2024-03-07T18:24:18.947+0000] {dag.py:3047} INFO - Sync 1 DAGs
[2024-03-07T18:24:18.997+0000] {logging_mixin.py:188} INFO - [2024-03-07T18:24:18.996+0000] {dag.py:3834} INFO - Setting next_dagrun for example_task_group_decorator to 2024-03-06 00:00:00+00:00, run_after=2024-03-07 00:00:00+00:00
[2024-03-07T18:24:19.052+0000] {processor.py:183} INFO - Processing /home/airflow/.local/lib/python3.11/site-packages/airflow/example_dags/example_task_group_decorator.py took 0.218 seconds
[2024-03-07T18:24:50.779+0000] {processor.py:161} INFO - Started process (PID=1344) to work on /home/airflow/.local/lib/python3.11/site-packages/airflow/example_dags/example_task_group_decorator.py
[2024-03-07T18:24:50.782+0000] {processor.py:830} INFO - Processing file /home/airflow/.local/lib/python3.11/site-packages/airflow/example_dags/example_task_group_decorator.py for tasks to queue
[2024-03-07T18:24:50.786+0000] {logging_mixin.py:188} INFO - [2024-03-07T18:24:50.785+0000] {dagbag.py:540} INFO - Filling up the DagBag from /home/airflow/.local/lib/python3.11/site-packages/airflow/example_dags/example_task_group_decorator.py
[2024-03-07T18:24:50.827+0000] {processor.py:840} INFO - DAG(s) 'example_task_group_decorator' retrieved from /home/airflow/.local/lib/python3.11/site-packages/airflow/example_dags/example_task_group_decorator.py
[2024-03-07T18:24:50.888+0000] {logging_mixin.py:188} INFO - [2024-03-07T18:24:50.887+0000] {dag.py:3047} INFO - Sync 1 DAGs
[2024-03-07T18:24:50.950+0000] {logging_mixin.py:188} INFO - [2024-03-07T18:24:50.949+0000] {dag.py:3834} INFO - Setting next_dagrun for example_task_group_decorator to 2024-03-06 00:00:00+00:00, run_after=2024-03-07 00:00:00+00:00
[2024-03-07T18:24:50.997+0000] {processor.py:183} INFO - Processing /home/airflow/.local/lib/python3.11/site-packages/airflow/example_dags/example_task_group_decorator.py took 0.223 seconds
[2024-03-07T18:25:23.391+0000] {processor.py:161} INFO - Started process (PID=1404) to work on /home/airflow/.local/lib/python3.11/site-packages/airflow/example_dags/example_task_group_decorator.py
[2024-03-07T18:25:23.393+0000] {processor.py:830} INFO - Processing file /home/airflow/.local/lib/python3.11/site-packages/airflow/example_dags/example_task_group_decorator.py for tasks to queue
[2024-03-07T18:25:23.397+0000] {logging_mixin.py:188} INFO - [2024-03-07T18:25:23.396+0000] {dagbag.py:540} INFO - Filling up the DagBag from /home/airflow/.local/lib/python3.11/site-packages/airflow/example_dags/example_task_group_decorator.py
[2024-03-07T18:25:23.425+0000] {processor.py:840} INFO - DAG(s) 'example_task_group_decorator' retrieved from /home/airflow/.local/lib/python3.11/site-packages/airflow/example_dags/example_task_group_decorator.py
[2024-03-07T18:25:23.480+0000] {logging_mixin.py:188} INFO - [2024-03-07T18:25:23.479+0000] {dag.py:3047} INFO - Sync 1 DAGs
[2024-03-07T18:25:23.533+0000] {logging_mixin.py:188} INFO - [2024-03-07T18:25:23.532+0000] {dag.py:3834} INFO - Setting next_dagrun for example_task_group_decorator to 2024-03-06 00:00:00+00:00, run_after=2024-03-07 00:00:00+00:00
[2024-03-07T18:25:23.582+0000] {processor.py:183} INFO - Processing /home/airflow/.local/lib/python3.11/site-packages/airflow/example_dags/example_task_group_decorator.py took 0.197 seconds
[2024-03-07T18:25:55.392+0000] {processor.py:161} INFO - Started process (PID=1461) to work on /home/airflow/.local/lib/python3.11/site-packages/airflow/example_dags/example_task_group_decorator.py
[2024-03-07T18:25:55.394+0000] {processor.py:830} INFO - Processing file /home/airflow/.local/lib/python3.11/site-packages/airflow/example_dags/example_task_group_decorator.py for tasks to queue
[2024-03-07T18:25:55.398+0000] {logging_mixin.py:188} INFO - [2024-03-07T18:25:55.397+0000] {dagbag.py:540} INFO - Filling up the DagBag from /home/airflow/.local/lib/python3.11/site-packages/airflow/example_dags/example_task_group_decorator.py
[2024-03-07T18:25:55.437+0000] {processor.py:840} INFO - DAG(s) 'example_task_group_decorator' retrieved from /home/airflow/.local/lib/python3.11/site-packages/airflow/example_dags/example_task_group_decorator.py
[2024-03-07T18:25:55.507+0000] {logging_mixin.py:188} INFO - [2024-03-07T18:25:55.506+0000] {dag.py:3047} INFO - Sync 1 DAGs
[2024-03-07T18:25:55.573+0000] {logging_mixin.py:188} INFO - [2024-03-07T18:25:55.572+0000] {dag.py:3834} INFO - Setting next_dagrun for example_task_group_decorator to 2024-03-06 00:00:00+00:00, run_after=2024-03-07 00:00:00+00:00
[2024-03-07T18:25:55.635+0000] {processor.py:183} INFO - Processing /home/airflow/.local/lib/python3.11/site-packages/airflow/example_dags/example_task_group_decorator.py took 0.248 seconds
[2024-03-07T18:26:27.162+0000] {processor.py:161} INFO - Started process (PID=1519) to work on /home/airflow/.local/lib/python3.11/site-packages/airflow/example_dags/example_task_group_decorator.py
[2024-03-07T18:26:27.165+0000] {processor.py:830} INFO - Processing file /home/airflow/.local/lib/python3.11/site-packages/airflow/example_dags/example_task_group_decorator.py for tasks to queue
[2024-03-07T18:26:27.169+0000] {logging_mixin.py:188} INFO - [2024-03-07T18:26:27.168+0000] {dagbag.py:540} INFO - Filling up the DagBag from /home/airflow/.local/lib/python3.11/site-packages/airflow/example_dags/example_task_group_decorator.py
[2024-03-07T18:26:27.198+0000] {processor.py:840} INFO - DAG(s) 'example_task_group_decorator' retrieved from /home/airflow/.local/lib/python3.11/site-packages/airflow/example_dags/example_task_group_decorator.py
[2024-03-07T18:26:27.253+0000] {logging_mixin.py:188} INFO - [2024-03-07T18:26:27.252+0000] {dag.py:3047} INFO - Sync 1 DAGs
[2024-03-07T18:26:27.313+0000] {logging_mixin.py:188} INFO - [2024-03-07T18:26:27.313+0000] {dag.py:3834} INFO - Setting next_dagrun for example_task_group_decorator to 2024-03-06 00:00:00+00:00, run_after=2024-03-07 00:00:00+00:00
[2024-03-07T18:26:27.368+0000] {processor.py:183} INFO - Processing /home/airflow/.local/lib/python3.11/site-packages/airflow/example_dags/example_task_group_decorator.py took 0.211 seconds
[2024-03-07T18:26:59.931+0000] {processor.py:161} INFO - Started process (PID=1579) to work on /home/airflow/.local/lib/python3.11/site-packages/airflow/example_dags/example_task_group_decorator.py
[2024-03-07T18:26:59.934+0000] {processor.py:830} INFO - Processing file /home/airflow/.local/lib/python3.11/site-packages/airflow/example_dags/example_task_group_decorator.py for tasks to queue
[2024-03-07T18:26:59.939+0000] {logging_mixin.py:188} INFO - [2024-03-07T18:26:59.938+0000] {dagbag.py:540} INFO - Filling up the DagBag from /home/airflow/.local/lib/python3.11/site-packages/airflow/example_dags/example_task_group_decorator.py
[2024-03-07T18:26:59.974+0000] {processor.py:840} INFO - DAG(s) 'example_task_group_decorator' retrieved from /home/airflow/.local/lib/python3.11/site-packages/airflow/example_dags/example_task_group_decorator.py
[2024-03-07T18:27:00.048+0000] {logging_mixin.py:188} INFO - [2024-03-07T18:27:00.048+0000] {dag.py:3047} INFO - Sync 1 DAGs
[2024-03-07T18:27:00.092+0000] {logging_mixin.py:188} INFO - [2024-03-07T18:27:00.092+0000] {dag.py:3834} INFO - Setting next_dagrun for example_task_group_decorator to 2024-03-06 00:00:00+00:00, run_after=2024-03-07 00:00:00+00:00
[2024-03-07T18:27:00.142+0000] {processor.py:183} INFO - Processing /home/airflow/.local/lib/python3.11/site-packages/airflow/example_dags/example_task_group_decorator.py took 0.217 seconds
[2024-03-07T18:27:32.470+0000] {processor.py:161} INFO - Started process (PID=1636) to work on /home/airflow/.local/lib/python3.11/site-packages/airflow/example_dags/example_task_group_decorator.py
[2024-03-07T18:27:32.473+0000] {processor.py:830} INFO - Processing file /home/airflow/.local/lib/python3.11/site-packages/airflow/example_dags/example_task_group_decorator.py for tasks to queue
[2024-03-07T18:27:32.478+0000] {logging_mixin.py:188} INFO - [2024-03-07T18:27:32.477+0000] {dagbag.py:540} INFO - Filling up the DagBag from /home/airflow/.local/lib/python3.11/site-packages/airflow/example_dags/example_task_group_decorator.py
[2024-03-07T18:27:32.522+0000] {processor.py:840} INFO - DAG(s) 'example_task_group_decorator' retrieved from /home/airflow/.local/lib/python3.11/site-packages/airflow/example_dags/example_task_group_decorator.py
[2024-03-07T18:27:32.594+0000] {logging_mixin.py:188} INFO - [2024-03-07T18:27:32.593+0000] {dag.py:3047} INFO - Sync 1 DAGs
[2024-03-07T18:27:32.647+0000] {logging_mixin.py:188} INFO - [2024-03-07T18:27:32.647+0000] {dag.py:3834} INFO - Setting next_dagrun for example_task_group_decorator to 2024-03-06 00:00:00+00:00, run_after=2024-03-07 00:00:00+00:00
[2024-03-07T18:27:32.694+0000] {processor.py:183} INFO - Processing /home/airflow/.local/lib/python3.11/site-packages/airflow/example_dags/example_task_group_decorator.py took 0.230 seconds
[2024-03-07T18:28:04.510+0000] {processor.py:161} INFO - Started process (PID=1694) to work on /home/airflow/.local/lib/python3.11/site-packages/airflow/example_dags/example_task_group_decorator.py
[2024-03-07T18:28:04.512+0000] {processor.py:830} INFO - Processing file /home/airflow/.local/lib/python3.11/site-packages/airflow/example_dags/example_task_group_decorator.py for tasks to queue
[2024-03-07T18:28:04.518+0000] {logging_mixin.py:188} INFO - [2024-03-07T18:28:04.517+0000] {dagbag.py:540} INFO - Filling up the DagBag from /home/airflow/.local/lib/python3.11/site-packages/airflow/example_dags/example_task_group_decorator.py
[2024-03-07T18:28:04.570+0000] {processor.py:840} INFO - DAG(s) 'example_task_group_decorator' retrieved from /home/airflow/.local/lib/python3.11/site-packages/airflow/example_dags/example_task_group_decorator.py
[2024-03-07T18:28:04.638+0000] {logging_mixin.py:188} INFO - [2024-03-07T18:28:04.637+0000] {dag.py:3047} INFO - Sync 1 DAGs
[2024-03-07T18:28:04.718+0000] {logging_mixin.py:188} INFO - [2024-03-07T18:28:04.717+0000] {dag.py:3834} INFO - Setting next_dagrun for example_task_group_decorator to 2024-03-06 00:00:00+00:00, run_after=2024-03-07 00:00:00+00:00
[2024-03-07T18:28:04.802+0000] {processor.py:183} INFO - Processing /home/airflow/.local/lib/python3.11/site-packages/airflow/example_dags/example_task_group_decorator.py took 0.300 seconds
[2024-03-07T18:28:37.706+0000] {processor.py:161} INFO - Started process (PID=1752) to work on /home/airflow/.local/lib/python3.11/site-packages/airflow/example_dags/example_task_group_decorator.py
[2024-03-07T18:28:37.709+0000] {processor.py:830} INFO - Processing file /home/airflow/.local/lib/python3.11/site-packages/airflow/example_dags/example_task_group_decorator.py for tasks to queue
[2024-03-07T18:28:37.713+0000] {logging_mixin.py:188} INFO - [2024-03-07T18:28:37.712+0000] {dagbag.py:540} INFO - Filling up the DagBag from /home/airflow/.local/lib/python3.11/site-packages/airflow/example_dags/example_task_group_decorator.py
[2024-03-07T18:28:37.758+0000] {processor.py:840} INFO - DAG(s) 'example_task_group_decorator' retrieved from /home/airflow/.local/lib/python3.11/site-packages/airflow/example_dags/example_task_group_decorator.py
[2024-03-07T18:28:37.822+0000] {logging_mixin.py:188} INFO - [2024-03-07T18:28:37.821+0000] {dag.py:3047} INFO - Sync 1 DAGs
[2024-03-07T18:28:37.906+0000] {logging_mixin.py:188} INFO - [2024-03-07T18:28:37.905+0000] {dag.py:3834} INFO - Setting next_dagrun for example_task_group_decorator to 2024-03-06 00:00:00+00:00, run_after=2024-03-07 00:00:00+00:00
[2024-03-07T18:28:37.971+0000] {processor.py:183} INFO - Processing /home/airflow/.local/lib/python3.11/site-packages/airflow/example_dags/example_task_group_decorator.py took 0.270 seconds
[2024-03-07T18:29:08.777+0000] {processor.py:161} INFO - Started process (PID=1811) to work on /home/airflow/.local/lib/python3.11/site-packages/airflow/example_dags/example_task_group_decorator.py
[2024-03-07T18:29:08.780+0000] {processor.py:830} INFO - Processing file /home/airflow/.local/lib/python3.11/site-packages/airflow/example_dags/example_task_group_decorator.py for tasks to queue
[2024-03-07T18:29:08.784+0000] {logging_mixin.py:188} INFO - [2024-03-07T18:29:08.783+0000] {dagbag.py:540} INFO - Filling up the DagBag from /home/airflow/.local/lib/python3.11/site-packages/airflow/example_dags/example_task_group_decorator.py
[2024-03-07T18:29:08.813+0000] {processor.py:840} INFO - DAG(s) 'example_task_group_decorator' retrieved from /home/airflow/.local/lib/python3.11/site-packages/airflow/example_dags/example_task_group_decorator.py
[2024-03-07T18:29:08.866+0000] {logging_mixin.py:188} INFO - [2024-03-07T18:29:08.866+0000] {dag.py:3047} INFO - Sync 1 DAGs
[2024-03-07T18:29:08.919+0000] {logging_mixin.py:188} INFO - [2024-03-07T18:29:08.919+0000] {dag.py:3834} INFO - Setting next_dagrun for example_task_group_decorator to 2024-03-06 00:00:00+00:00, run_after=2024-03-07 00:00:00+00:00
[2024-03-07T18:29:08.976+0000] {processor.py:183} INFO - Processing /home/airflow/.local/lib/python3.11/site-packages/airflow/example_dags/example_task_group_decorator.py took 0.203 seconds
