[2024-03-07T18:13:22.254+0000] {processor.py:161} INFO - Started process (PID=82) to work on /home/airflow/.local/lib/python3.11/site-packages/airflow/example_dags/example_short_circuit_operator.py
[2024-03-07T18:13:22.268+0000] {processor.py:830} INFO - Processing file /home/airflow/.local/lib/python3.11/site-packages/airflow/example_dags/example_short_circuit_operator.py for tasks to queue
[2024-03-07T18:13:22.282+0000] {logging_mixin.py:188} INFO - [2024-03-07T18:13:22.272+0000] {dagbag.py:540} INFO - Filling up the DagBag from /home/airflow/.local/lib/python3.11/site-packages/airflow/example_dags/example_short_circuit_operator.py
[2024-03-07T18:13:22.347+0000] {processor.py:840} INFO - DAG(s) 'example_short_circuit_operator' retrieved from /home/airflow/.local/lib/python3.11/site-packages/airflow/example_dags/example_short_circuit_operator.py
[2024-03-07T18:13:22.599+0000] {logging_mixin.py:188} INFO - [2024-03-07T18:13:22.588+0000] {dag.py:3047} INFO - Sync 1 DAGs
[2024-03-07T18:13:22.845+0000] {logging_mixin.py:188} INFO - [2024-03-07T18:13:22.844+0000] {dag.py:3834} INFO - Setting next_dagrun for example_short_circuit_operator to 2024-03-06 00:00:00+00:00, run_after=2024-03-07 00:00:00+00:00
[2024-03-07T18:13:23.068+0000] {processor.py:183} INFO - Processing /home/airflow/.local/lib/python3.11/site-packages/airflow/example_dags/example_short_circuit_operator.py took 0.829 seconds
[2024-03-07T18:13:53.791+0000] {processor.py:161} INFO - Started process (PID=140) to work on /home/airflow/.local/lib/python3.11/site-packages/airflow/example_dags/example_short_circuit_operator.py
[2024-03-07T18:13:53.795+0000] {processor.py:830} INFO - Processing file /home/airflow/.local/lib/python3.11/site-packages/airflow/example_dags/example_short_circuit_operator.py for tasks to queue
[2024-03-07T18:13:53.805+0000] {logging_mixin.py:188} INFO - [2024-03-07T18:13:53.801+0000] {dagbag.py:540} INFO - Filling up the DagBag from /home/airflow/.local/lib/python3.11/site-packages/airflow/example_dags/example_short_circuit_operator.py
[2024-03-07T18:13:53.839+0000] {processor.py:840} INFO - DAG(s) 'example_short_circuit_operator' retrieved from /home/airflow/.local/lib/python3.11/site-packages/airflow/example_dags/example_short_circuit_operator.py
[2024-03-07T18:13:53.914+0000] {logging_mixin.py:188} INFO - [2024-03-07T18:13:53.913+0000] {dag.py:3047} INFO - Sync 1 DAGs
[2024-03-07T18:13:53.977+0000] {logging_mixin.py:188} INFO - [2024-03-07T18:13:53.976+0000] {dag.py:3834} INFO - Setting next_dagrun for example_short_circuit_operator to 2024-03-06 00:00:00+00:00, run_after=2024-03-07 00:00:00+00:00
[2024-03-07T18:13:54.048+0000] {processor.py:183} INFO - Processing /home/airflow/.local/lib/python3.11/site-packages/airflow/example_dags/example_short_circuit_operator.py took 0.266 seconds
[2024-03-07T18:14:24.385+0000] {processor.py:161} INFO - Started process (PID=198) to work on /home/airflow/.local/lib/python3.11/site-packages/airflow/example_dags/example_short_circuit_operator.py
[2024-03-07T18:14:24.389+0000] {processor.py:830} INFO - Processing file /home/airflow/.local/lib/python3.11/site-packages/airflow/example_dags/example_short_circuit_operator.py for tasks to queue
[2024-03-07T18:14:24.396+0000] {logging_mixin.py:188} INFO - [2024-03-07T18:14:24.395+0000] {dagbag.py:540} INFO - Filling up the DagBag from /home/airflow/.local/lib/python3.11/site-packages/airflow/example_dags/example_short_circuit_operator.py
[2024-03-07T18:14:24.455+0000] {processor.py:840} INFO - DAG(s) 'example_short_circuit_operator' retrieved from /home/airflow/.local/lib/python3.11/site-packages/airflow/example_dags/example_short_circuit_operator.py
[2024-03-07T18:14:24.670+0000] {logging_mixin.py:188} INFO - [2024-03-07T18:14:24.670+0000] {dag.py:3047} INFO - Sync 1 DAGs
[2024-03-07T18:14:24.969+0000] {logging_mixin.py:188} INFO - [2024-03-07T18:14:24.957+0000] {dag.py:3834} INFO - Setting next_dagrun for example_short_circuit_operator to 2024-03-06 00:00:00+00:00, run_after=2024-03-07 00:00:00+00:00
[2024-03-07T18:14:25.241+0000] {processor.py:183} INFO - Processing /home/airflow/.local/lib/python3.11/site-packages/airflow/example_dags/example_short_circuit_operator.py took 0.870 seconds
[2024-03-07T18:14:56.249+0000] {processor.py:161} INFO - Started process (PID=255) to work on /home/airflow/.local/lib/python3.11/site-packages/airflow/example_dags/example_short_circuit_operator.py
[2024-03-07T18:14:56.278+0000] {processor.py:830} INFO - Processing file /home/airflow/.local/lib/python3.11/site-packages/airflow/example_dags/example_short_circuit_operator.py for tasks to queue
[2024-03-07T18:14:56.291+0000] {logging_mixin.py:188} INFO - [2024-03-07T18:14:56.288+0000] {dagbag.py:540} INFO - Filling up the DagBag from /home/airflow/.local/lib/python3.11/site-packages/airflow/example_dags/example_short_circuit_operator.py
[2024-03-07T18:14:56.328+0000] {processor.py:840} INFO - DAG(s) 'example_short_circuit_operator' retrieved from /home/airflow/.local/lib/python3.11/site-packages/airflow/example_dags/example_short_circuit_operator.py
[2024-03-07T18:14:56.387+0000] {logging_mixin.py:188} INFO - [2024-03-07T18:14:56.386+0000] {dag.py:3047} INFO - Sync 1 DAGs
[2024-03-07T18:14:56.547+0000] {logging_mixin.py:188} INFO - [2024-03-07T18:14:56.545+0000] {dag.py:3834} INFO - Setting next_dagrun for example_short_circuit_operator to 2024-03-06 00:00:00+00:00, run_after=2024-03-07 00:00:00+00:00
[2024-03-07T18:14:56.641+0000] {processor.py:183} INFO - Processing /home/airflow/.local/lib/python3.11/site-packages/airflow/example_dags/example_short_circuit_operator.py took 0.420 seconds
[2024-03-07T18:15:31.147+0000] {processor.py:161} INFO - Started process (PID=314) to work on /home/airflow/.local/lib/python3.11/site-packages/airflow/example_dags/example_short_circuit_operator.py
[2024-03-07T18:15:31.157+0000] {processor.py:830} INFO - Processing file /home/airflow/.local/lib/python3.11/site-packages/airflow/example_dags/example_short_circuit_operator.py for tasks to queue
[2024-03-07T18:15:31.163+0000] {logging_mixin.py:188} INFO - [2024-03-07T18:15:31.162+0000] {dagbag.py:540} INFO - Filling up the DagBag from /home/airflow/.local/lib/python3.11/site-packages/airflow/example_dags/example_short_circuit_operator.py
[2024-03-07T18:15:31.280+0000] {processor.py:840} INFO - DAG(s) 'example_short_circuit_operator' retrieved from /home/airflow/.local/lib/python3.11/site-packages/airflow/example_dags/example_short_circuit_operator.py
[2024-03-07T18:15:32.222+0000] {logging_mixin.py:188} INFO - [2024-03-07T18:15:32.221+0000] {dag.py:3047} INFO - Sync 1 DAGs
[2024-03-07T18:15:32.399+0000] {logging_mixin.py:188} INFO - [2024-03-07T18:15:32.397+0000] {dag.py:3834} INFO - Setting next_dagrun for example_short_circuit_operator to 2024-03-06 00:00:00+00:00, run_after=2024-03-07 00:00:00+00:00
[2024-03-07T18:15:32.551+0000] {processor.py:183} INFO - Processing /home/airflow/.local/lib/python3.11/site-packages/airflow/example_dags/example_short_circuit_operator.py took 1.437 seconds
[2024-03-07T18:16:02.807+0000] {processor.py:161} INFO - Started process (PID=372) to work on /home/airflow/.local/lib/python3.11/site-packages/airflow/example_dags/example_short_circuit_operator.py
[2024-03-07T18:16:02.809+0000] {processor.py:830} INFO - Processing file /home/airflow/.local/lib/python3.11/site-packages/airflow/example_dags/example_short_circuit_operator.py for tasks to queue
[2024-03-07T18:16:02.818+0000] {logging_mixin.py:188} INFO - [2024-03-07T18:16:02.817+0000] {dagbag.py:540} INFO - Filling up the DagBag from /home/airflow/.local/lib/python3.11/site-packages/airflow/example_dags/example_short_circuit_operator.py
[2024-03-07T18:16:02.835+0000] {processor.py:840} INFO - DAG(s) 'example_short_circuit_operator' retrieved from /home/airflow/.local/lib/python3.11/site-packages/airflow/example_dags/example_short_circuit_operator.py
[2024-03-07T18:16:02.902+0000] {logging_mixin.py:188} INFO - [2024-03-07T18:16:02.902+0000] {dag.py:3047} INFO - Sync 1 DAGs
[2024-03-07T18:16:02.969+0000] {logging_mixin.py:188} INFO - [2024-03-07T18:16:02.968+0000] {dag.py:3834} INFO - Setting next_dagrun for example_short_circuit_operator to 2024-03-06 00:00:00+00:00, run_after=2024-03-07 00:00:00+00:00
[2024-03-07T18:16:03.036+0000] {processor.py:183} INFO - Processing /home/airflow/.local/lib/python3.11/site-packages/airflow/example_dags/example_short_circuit_operator.py took 0.236 seconds
[2024-03-07T18:16:33.295+0000] {processor.py:161} INFO - Started process (PID=430) to work on /home/airflow/.local/lib/python3.11/site-packages/airflow/example_dags/example_short_circuit_operator.py
[2024-03-07T18:16:33.298+0000] {processor.py:830} INFO - Processing file /home/airflow/.local/lib/python3.11/site-packages/airflow/example_dags/example_short_circuit_operator.py for tasks to queue
[2024-03-07T18:16:33.302+0000] {logging_mixin.py:188} INFO - [2024-03-07T18:16:33.301+0000] {dagbag.py:540} INFO - Filling up the DagBag from /home/airflow/.local/lib/python3.11/site-packages/airflow/example_dags/example_short_circuit_operator.py
[2024-03-07T18:16:33.321+0000] {processor.py:840} INFO - DAG(s) 'example_short_circuit_operator' retrieved from /home/airflow/.local/lib/python3.11/site-packages/airflow/example_dags/example_short_circuit_operator.py
[2024-03-07T18:16:33.372+0000] {logging_mixin.py:188} INFO - [2024-03-07T18:16:33.372+0000] {dag.py:3047} INFO - Sync 1 DAGs
[2024-03-07T18:16:33.420+0000] {logging_mixin.py:188} INFO - [2024-03-07T18:16:33.420+0000] {dag.py:3834} INFO - Setting next_dagrun for example_short_circuit_operator to 2024-03-06 00:00:00+00:00, run_after=2024-03-07 00:00:00+00:00
[2024-03-07T18:16:33.481+0000] {processor.py:183} INFO - Processing /home/airflow/.local/lib/python3.11/site-packages/airflow/example_dags/example_short_circuit_operator.py took 0.192 seconds
[2024-03-07T18:17:03.688+0000] {processor.py:161} INFO - Started process (PID=488) to work on /home/airflow/.local/lib/python3.11/site-packages/airflow/example_dags/example_short_circuit_operator.py
[2024-03-07T18:17:03.691+0000] {processor.py:830} INFO - Processing file /home/airflow/.local/lib/python3.11/site-packages/airflow/example_dags/example_short_circuit_operator.py for tasks to queue
[2024-03-07T18:17:03.696+0000] {logging_mixin.py:188} INFO - [2024-03-07T18:17:03.695+0000] {dagbag.py:540} INFO - Filling up the DagBag from /home/airflow/.local/lib/python3.11/site-packages/airflow/example_dags/example_short_circuit_operator.py
[2024-03-07T18:17:03.713+0000] {processor.py:840} INFO - DAG(s) 'example_short_circuit_operator' retrieved from /home/airflow/.local/lib/python3.11/site-packages/airflow/example_dags/example_short_circuit_operator.py
[2024-03-07T18:17:03.774+0000] {logging_mixin.py:188} INFO - [2024-03-07T18:17:03.773+0000] {dag.py:3047} INFO - Sync 1 DAGs
[2024-03-07T18:17:03.838+0000] {logging_mixin.py:188} INFO - [2024-03-07T18:17:03.837+0000] {dag.py:3834} INFO - Setting next_dagrun for example_short_circuit_operator to 2024-03-06 00:00:00+00:00, run_after=2024-03-07 00:00:00+00:00
[2024-03-07T18:17:03.890+0000] {processor.py:183} INFO - Processing /home/airflow/.local/lib/python3.11/site-packages/airflow/example_dags/example_short_circuit_operator.py took 0.208 seconds
[2024-03-07T18:17:34.185+0000] {processor.py:161} INFO - Started process (PID=545) to work on /home/airflow/.local/lib/python3.11/site-packages/airflow/example_dags/example_short_circuit_operator.py
[2024-03-07T18:17:34.188+0000] {processor.py:830} INFO - Processing file /home/airflow/.local/lib/python3.11/site-packages/airflow/example_dags/example_short_circuit_operator.py for tasks to queue
[2024-03-07T18:17:34.196+0000] {logging_mixin.py:188} INFO - [2024-03-07T18:17:34.194+0000] {dagbag.py:540} INFO - Filling up the DagBag from /home/airflow/.local/lib/python3.11/site-packages/airflow/example_dags/example_short_circuit_operator.py
[2024-03-07T18:17:34.225+0000] {processor.py:840} INFO - DAG(s) 'example_short_circuit_operator' retrieved from /home/airflow/.local/lib/python3.11/site-packages/airflow/example_dags/example_short_circuit_operator.py
[2024-03-07T18:17:34.306+0000] {logging_mixin.py:188} INFO - [2024-03-07T18:17:34.305+0000] {dag.py:3047} INFO - Sync 1 DAGs
[2024-03-07T18:17:34.369+0000] {logging_mixin.py:188} INFO - [2024-03-07T18:17:34.369+0000] {dag.py:3834} INFO - Setting next_dagrun for example_short_circuit_operator to 2024-03-06 00:00:00+00:00, run_after=2024-03-07 00:00:00+00:00
[2024-03-07T18:17:34.428+0000] {processor.py:183} INFO - Processing /home/airflow/.local/lib/python3.11/site-packages/airflow/example_dags/example_short_circuit_operator.py took 0.254 seconds
[2024-03-07T18:18:04.637+0000] {processor.py:161} INFO - Started process (PID=603) to work on /home/airflow/.local/lib/python3.11/site-packages/airflow/example_dags/example_short_circuit_operator.py
[2024-03-07T18:18:04.639+0000] {processor.py:830} INFO - Processing file /home/airflow/.local/lib/python3.11/site-packages/airflow/example_dags/example_short_circuit_operator.py for tasks to queue
[2024-03-07T18:18:04.643+0000] {logging_mixin.py:188} INFO - [2024-03-07T18:18:04.643+0000] {dagbag.py:540} INFO - Filling up the DagBag from /home/airflow/.local/lib/python3.11/site-packages/airflow/example_dags/example_short_circuit_operator.py
[2024-03-07T18:18:04.661+0000] {processor.py:840} INFO - DAG(s) 'example_short_circuit_operator' retrieved from /home/airflow/.local/lib/python3.11/site-packages/airflow/example_dags/example_short_circuit_operator.py
[2024-03-07T18:18:04.717+0000] {logging_mixin.py:188} INFO - [2024-03-07T18:18:04.717+0000] {dag.py:3047} INFO - Sync 1 DAGs
[2024-03-07T18:18:04.776+0000] {logging_mixin.py:188} INFO - [2024-03-07T18:18:04.775+0000] {dag.py:3834} INFO - Setting next_dagrun for example_short_circuit_operator to 2024-03-06 00:00:00+00:00, run_after=2024-03-07 00:00:00+00:00
[2024-03-07T18:18:04.839+0000] {processor.py:183} INFO - Processing /home/airflow/.local/lib/python3.11/site-packages/airflow/example_dags/example_short_circuit_operator.py took 0.207 seconds
[2024-03-07T18:18:35.073+0000] {processor.py:161} INFO - Started process (PID=661) to work on /home/airflow/.local/lib/python3.11/site-packages/airflow/example_dags/example_short_circuit_operator.py
[2024-03-07T18:18:35.076+0000] {processor.py:830} INFO - Processing file /home/airflow/.local/lib/python3.11/site-packages/airflow/example_dags/example_short_circuit_operator.py for tasks to queue
[2024-03-07T18:18:35.081+0000] {logging_mixin.py:188} INFO - [2024-03-07T18:18:35.080+0000] {dagbag.py:540} INFO - Filling up the DagBag from /home/airflow/.local/lib/python3.11/site-packages/airflow/example_dags/example_short_circuit_operator.py
[2024-03-07T18:18:35.095+0000] {processor.py:840} INFO - DAG(s) 'example_short_circuit_operator' retrieved from /home/airflow/.local/lib/python3.11/site-packages/airflow/example_dags/example_short_circuit_operator.py
[2024-03-07T18:18:35.154+0000] {logging_mixin.py:188} INFO - [2024-03-07T18:18:35.153+0000] {dag.py:3047} INFO - Sync 1 DAGs
[2024-03-07T18:18:35.203+0000] {logging_mixin.py:188} INFO - [2024-03-07T18:18:35.202+0000] {dag.py:3834} INFO - Setting next_dagrun for example_short_circuit_operator to 2024-03-06 00:00:00+00:00, run_after=2024-03-07 00:00:00+00:00
[2024-03-07T18:18:35.254+0000] {processor.py:183} INFO - Processing /home/airflow/.local/lib/python3.11/site-packages/airflow/example_dags/example_short_circuit_operator.py took 0.189 seconds
[2024-03-07T18:19:05.382+0000] {processor.py:161} INFO - Started process (PID=719) to work on /home/airflow/.local/lib/python3.11/site-packages/airflow/example_dags/example_short_circuit_operator.py
[2024-03-07T18:19:05.385+0000] {processor.py:830} INFO - Processing file /home/airflow/.local/lib/python3.11/site-packages/airflow/example_dags/example_short_circuit_operator.py for tasks to queue
[2024-03-07T18:19:05.389+0000] {logging_mixin.py:188} INFO - [2024-03-07T18:19:05.388+0000] {dagbag.py:540} INFO - Filling up the DagBag from /home/airflow/.local/lib/python3.11/site-packages/airflow/example_dags/example_short_circuit_operator.py
[2024-03-07T18:19:05.407+0000] {processor.py:840} INFO - DAG(s) 'example_short_circuit_operator' retrieved from /home/airflow/.local/lib/python3.11/site-packages/airflow/example_dags/example_short_circuit_operator.py
[2024-03-07T18:19:05.460+0000] {logging_mixin.py:188} INFO - [2024-03-07T18:19:05.460+0000] {dag.py:3047} INFO - Sync 1 DAGs
[2024-03-07T18:19:05.511+0000] {logging_mixin.py:188} INFO - [2024-03-07T18:19:05.510+0000] {dag.py:3834} INFO - Setting next_dagrun for example_short_circuit_operator to 2024-03-06 00:00:00+00:00, run_after=2024-03-07 00:00:00+00:00
[2024-03-07T18:19:05.563+0000] {processor.py:183} INFO - Processing /home/airflow/.local/lib/python3.11/site-packages/airflow/example_dags/example_short_circuit_operator.py took 0.186 seconds
[2024-03-07T18:19:36.769+0000] {processor.py:161} INFO - Started process (PID=778) to work on /home/airflow/.local/lib/python3.11/site-packages/airflow/example_dags/example_short_circuit_operator.py
[2024-03-07T18:19:36.771+0000] {processor.py:830} INFO - Processing file /home/airflow/.local/lib/python3.11/site-packages/airflow/example_dags/example_short_circuit_operator.py for tasks to queue
[2024-03-07T18:19:36.776+0000] {logging_mixin.py:188} INFO - [2024-03-07T18:19:36.775+0000] {dagbag.py:540} INFO - Filling up the DagBag from /home/airflow/.local/lib/python3.11/site-packages/airflow/example_dags/example_short_circuit_operator.py
[2024-03-07T18:19:36.790+0000] {processor.py:840} INFO - DAG(s) 'example_short_circuit_operator' retrieved from /home/airflow/.local/lib/python3.11/site-packages/airflow/example_dags/example_short_circuit_operator.py
[2024-03-07T18:19:36.836+0000] {logging_mixin.py:188} INFO - [2024-03-07T18:19:36.836+0000] {dag.py:3047} INFO - Sync 1 DAGs
[2024-03-07T18:19:36.882+0000] {logging_mixin.py:188} INFO - [2024-03-07T18:19:36.882+0000] {dag.py:3834} INFO - Setting next_dagrun for example_short_circuit_operator to 2024-03-06 00:00:00+00:00, run_after=2024-03-07 00:00:00+00:00
[2024-03-07T18:19:36.929+0000] {processor.py:183} INFO - Processing /home/airflow/.local/lib/python3.11/site-packages/airflow/example_dags/example_short_circuit_operator.py took 0.165 seconds
[2024-03-07T18:20:07.756+0000] {processor.py:161} INFO - Started process (PID=836) to work on /home/airflow/.local/lib/python3.11/site-packages/airflow/example_dags/example_short_circuit_operator.py
[2024-03-07T18:20:07.758+0000] {processor.py:830} INFO - Processing file /home/airflow/.local/lib/python3.11/site-packages/airflow/example_dags/example_short_circuit_operator.py for tasks to queue
[2024-03-07T18:20:07.762+0000] {logging_mixin.py:188} INFO - [2024-03-07T18:20:07.761+0000] {dagbag.py:540} INFO - Filling up the DagBag from /home/airflow/.local/lib/python3.11/site-packages/airflow/example_dags/example_short_circuit_operator.py
[2024-03-07T18:20:07.774+0000] {processor.py:840} INFO - DAG(s) 'example_short_circuit_operator' retrieved from /home/airflow/.local/lib/python3.11/site-packages/airflow/example_dags/example_short_circuit_operator.py
[2024-03-07T18:20:07.819+0000] {logging_mixin.py:188} INFO - [2024-03-07T18:20:07.818+0000] {dag.py:3047} INFO - Sync 1 DAGs
[2024-03-07T18:20:07.864+0000] {logging_mixin.py:188} INFO - [2024-03-07T18:20:07.863+0000] {dag.py:3834} INFO - Setting next_dagrun for example_short_circuit_operator to 2024-03-06 00:00:00+00:00, run_after=2024-03-07 00:00:00+00:00
[2024-03-07T18:20:07.909+0000] {processor.py:183} INFO - Processing /home/airflow/.local/lib/python3.11/site-packages/airflow/example_dags/example_short_circuit_operator.py took 0.157 seconds
[2024-03-07T18:20:38.769+0000] {processor.py:161} INFO - Started process (PID=893) to work on /home/airflow/.local/lib/python3.11/site-packages/airflow/example_dags/example_short_circuit_operator.py
[2024-03-07T18:20:38.784+0000] {processor.py:830} INFO - Processing file /home/airflow/.local/lib/python3.11/site-packages/airflow/example_dags/example_short_circuit_operator.py for tasks to queue
[2024-03-07T18:20:38.817+0000] {logging_mixin.py:188} INFO - [2024-03-07T18:20:38.809+0000] {dagbag.py:540} INFO - Filling up the DagBag from /home/airflow/.local/lib/python3.11/site-packages/airflow/example_dags/example_short_circuit_operator.py
[2024-03-07T18:20:38.855+0000] {processor.py:840} INFO - DAG(s) 'example_short_circuit_operator' retrieved from /home/airflow/.local/lib/python3.11/site-packages/airflow/example_dags/example_short_circuit_operator.py
[2024-03-07T18:20:38.996+0000] {logging_mixin.py:188} INFO - [2024-03-07T18:20:38.995+0000] {dag.py:3047} INFO - Sync 1 DAGs
[2024-03-07T18:20:39.068+0000] {logging_mixin.py:188} INFO - [2024-03-07T18:20:39.067+0000] {dag.py:3834} INFO - Setting next_dagrun for example_short_circuit_operator to 2024-03-06 00:00:00+00:00, run_after=2024-03-07 00:00:00+00:00
[2024-03-07T18:20:39.120+0000] {processor.py:183} INFO - Processing /home/airflow/.local/lib/python3.11/site-packages/airflow/example_dags/example_short_circuit_operator.py took 0.394 seconds
[2024-03-07T18:21:10.344+0000] {processor.py:161} INFO - Started process (PID=956) to work on /home/airflow/.local/lib/python3.11/site-packages/airflow/example_dags/example_short_circuit_operator.py
[2024-03-07T18:21:10.346+0000] {processor.py:830} INFO - Processing file /home/airflow/.local/lib/python3.11/site-packages/airflow/example_dags/example_short_circuit_operator.py for tasks to queue
[2024-03-07T18:21:10.350+0000] {logging_mixin.py:188} INFO - [2024-03-07T18:21:10.349+0000] {dagbag.py:540} INFO - Filling up the DagBag from /home/airflow/.local/lib/python3.11/site-packages/airflow/example_dags/example_short_circuit_operator.py
[2024-03-07T18:21:10.366+0000] {processor.py:840} INFO - DAG(s) 'example_short_circuit_operator' retrieved from /home/airflow/.local/lib/python3.11/site-packages/airflow/example_dags/example_short_circuit_operator.py
[2024-03-07T18:21:10.417+0000] {logging_mixin.py:188} INFO - [2024-03-07T18:21:10.417+0000] {dag.py:3047} INFO - Sync 1 DAGs
[2024-03-07T18:21:10.476+0000] {logging_mixin.py:188} INFO - [2024-03-07T18:21:10.475+0000] {dag.py:3834} INFO - Setting next_dagrun for example_short_circuit_operator to 2024-03-06 00:00:00+00:00, run_after=2024-03-07 00:00:00+00:00
[2024-03-07T18:21:10.558+0000] {processor.py:183} INFO - Processing /home/airflow/.local/lib/python3.11/site-packages/airflow/example_dags/example_short_circuit_operator.py took 0.218 seconds
[2024-03-07T18:21:44.218+0000] {processor.py:161} INFO - Started process (PID=1014) to work on /home/airflow/.local/lib/python3.11/site-packages/airflow/example_dags/example_short_circuit_operator.py
[2024-03-07T18:21:44.221+0000] {processor.py:830} INFO - Processing file /home/airflow/.local/lib/python3.11/site-packages/airflow/example_dags/example_short_circuit_operator.py for tasks to queue
[2024-03-07T18:21:44.225+0000] {logging_mixin.py:188} INFO - [2024-03-07T18:21:44.225+0000] {dagbag.py:540} INFO - Filling up the DagBag from /home/airflow/.local/lib/python3.11/site-packages/airflow/example_dags/example_short_circuit_operator.py
[2024-03-07T18:21:44.242+0000] {processor.py:840} INFO - DAG(s) 'example_short_circuit_operator' retrieved from /home/airflow/.local/lib/python3.11/site-packages/airflow/example_dags/example_short_circuit_operator.py
[2024-03-07T18:21:44.314+0000] {logging_mixin.py:188} INFO - [2024-03-07T18:21:44.313+0000] {dag.py:3047} INFO - Sync 1 DAGs
[2024-03-07T18:21:44.636+0000] {logging_mixin.py:188} INFO - [2024-03-07T18:21:44.622+0000] {dag.py:3834} INFO - Setting next_dagrun for example_short_circuit_operator to 2024-03-06 00:00:00+00:00, run_after=2024-03-07 00:00:00+00:00
[2024-03-07T18:21:44.862+0000] {processor.py:183} INFO - Processing /home/airflow/.local/lib/python3.11/site-packages/airflow/example_dags/example_short_circuit_operator.py took 0.653 seconds
[2024-03-07T18:22:15.159+0000] {processor.py:161} INFO - Started process (PID=1072) to work on /home/airflow/.local/lib/python3.11/site-packages/airflow/example_dags/example_short_circuit_operator.py
[2024-03-07T18:22:15.161+0000] {processor.py:830} INFO - Processing file /home/airflow/.local/lib/python3.11/site-packages/airflow/example_dags/example_short_circuit_operator.py for tasks to queue
[2024-03-07T18:22:15.166+0000] {logging_mixin.py:188} INFO - [2024-03-07T18:22:15.165+0000] {dagbag.py:540} INFO - Filling up the DagBag from /home/airflow/.local/lib/python3.11/site-packages/airflow/example_dags/example_short_circuit_operator.py
[2024-03-07T18:22:15.179+0000] {processor.py:840} INFO - DAG(s) 'example_short_circuit_operator' retrieved from /home/airflow/.local/lib/python3.11/site-packages/airflow/example_dags/example_short_circuit_operator.py
[2024-03-07T18:22:15.218+0000] {logging_mixin.py:188} INFO - [2024-03-07T18:22:15.218+0000] {dag.py:3047} INFO - Sync 1 DAGs
[2024-03-07T18:22:15.256+0000] {logging_mixin.py:188} INFO - [2024-03-07T18:22:15.256+0000] {dag.py:3834} INFO - Setting next_dagrun for example_short_circuit_operator to 2024-03-06 00:00:00+00:00, run_after=2024-03-07 00:00:00+00:00
[2024-03-07T18:22:15.303+0000] {processor.py:183} INFO - Processing /home/airflow/.local/lib/python3.11/site-packages/airflow/example_dags/example_short_circuit_operator.py took 0.150 seconds
[2024-03-07T18:22:47.858+0000] {processor.py:161} INFO - Started process (PID=1131) to work on /home/airflow/.local/lib/python3.11/site-packages/airflow/example_dags/example_short_circuit_operator.py
[2024-03-07T18:22:47.860+0000] {processor.py:830} INFO - Processing file /home/airflow/.local/lib/python3.11/site-packages/airflow/example_dags/example_short_circuit_operator.py for tasks to queue
[2024-03-07T18:22:47.864+0000] {logging_mixin.py:188} INFO - [2024-03-07T18:22:47.863+0000] {dagbag.py:540} INFO - Filling up the DagBag from /home/airflow/.local/lib/python3.11/site-packages/airflow/example_dags/example_short_circuit_operator.py
[2024-03-07T18:22:47.877+0000] {processor.py:840} INFO - DAG(s) 'example_short_circuit_operator' retrieved from /home/airflow/.local/lib/python3.11/site-packages/airflow/example_dags/example_short_circuit_operator.py
[2024-03-07T18:22:47.934+0000] {logging_mixin.py:188} INFO - [2024-03-07T18:22:47.933+0000] {dag.py:3047} INFO - Sync 1 DAGs
[2024-03-07T18:22:47.988+0000] {logging_mixin.py:188} INFO - [2024-03-07T18:22:47.987+0000] {dag.py:3834} INFO - Setting next_dagrun for example_short_circuit_operator to 2024-03-06 00:00:00+00:00, run_after=2024-03-07 00:00:00+00:00
[2024-03-07T18:22:48.045+0000] {processor.py:183} INFO - Processing /home/airflow/.local/lib/python3.11/site-packages/airflow/example_dags/example_short_circuit_operator.py took 0.191 seconds
[2024-03-07T18:23:19.015+0000] {processor.py:161} INFO - Started process (PID=1189) to work on /home/airflow/.local/lib/python3.11/site-packages/airflow/example_dags/example_short_circuit_operator.py
[2024-03-07T18:23:19.017+0000] {processor.py:830} INFO - Processing file /home/airflow/.local/lib/python3.11/site-packages/airflow/example_dags/example_short_circuit_operator.py for tasks to queue
[2024-03-07T18:23:19.021+0000] {logging_mixin.py:188} INFO - [2024-03-07T18:23:19.021+0000] {dagbag.py:540} INFO - Filling up the DagBag from /home/airflow/.local/lib/python3.11/site-packages/airflow/example_dags/example_short_circuit_operator.py
[2024-03-07T18:23:19.035+0000] {processor.py:840} INFO - DAG(s) 'example_short_circuit_operator' retrieved from /home/airflow/.local/lib/python3.11/site-packages/airflow/example_dags/example_short_circuit_operator.py
[2024-03-07T18:23:19.083+0000] {logging_mixin.py:188} INFO - [2024-03-07T18:23:19.082+0000] {dag.py:3047} INFO - Sync 1 DAGs
[2024-03-07T18:23:19.132+0000] {logging_mixin.py:188} INFO - [2024-03-07T18:23:19.131+0000] {dag.py:3834} INFO - Setting next_dagrun for example_short_circuit_operator to 2024-03-06 00:00:00+00:00, run_after=2024-03-07 00:00:00+00:00
[2024-03-07T18:23:19.184+0000] {processor.py:183} INFO - Processing /home/airflow/.local/lib/python3.11/site-packages/airflow/example_dags/example_short_circuit_operator.py took 0.174 seconds
[2024-03-07T18:23:50.420+0000] {processor.py:161} INFO - Started process (PID=1248) to work on /home/airflow/.local/lib/python3.11/site-packages/airflow/example_dags/example_short_circuit_operator.py
[2024-03-07T18:23:50.422+0000] {processor.py:830} INFO - Processing file /home/airflow/.local/lib/python3.11/site-packages/airflow/example_dags/example_short_circuit_operator.py for tasks to queue
[2024-03-07T18:23:50.426+0000] {logging_mixin.py:188} INFO - [2024-03-07T18:23:50.425+0000] {dagbag.py:540} INFO - Filling up the DagBag from /home/airflow/.local/lib/python3.11/site-packages/airflow/example_dags/example_short_circuit_operator.py
[2024-03-07T18:23:50.440+0000] {processor.py:840} INFO - DAG(s) 'example_short_circuit_operator' retrieved from /home/airflow/.local/lib/python3.11/site-packages/airflow/example_dags/example_short_circuit_operator.py
[2024-03-07T18:23:50.487+0000] {logging_mixin.py:188} INFO - [2024-03-07T18:23:50.486+0000] {dag.py:3047} INFO - Sync 1 DAGs
[2024-03-07T18:23:50.537+0000] {logging_mixin.py:188} INFO - [2024-03-07T18:23:50.536+0000] {dag.py:3834} INFO - Setting next_dagrun for example_short_circuit_operator to 2024-03-06 00:00:00+00:00, run_after=2024-03-07 00:00:00+00:00
[2024-03-07T18:23:50.591+0000] {processor.py:183} INFO - Processing /home/airflow/.local/lib/python3.11/site-packages/airflow/example_dags/example_short_circuit_operator.py took 0.175 seconds
[2024-03-07T18:24:22.579+0000] {processor.py:161} INFO - Started process (PID=1306) to work on /home/airflow/.local/lib/python3.11/site-packages/airflow/example_dags/example_short_circuit_operator.py
[2024-03-07T18:24:22.581+0000] {processor.py:830} INFO - Processing file /home/airflow/.local/lib/python3.11/site-packages/airflow/example_dags/example_short_circuit_operator.py for tasks to queue
[2024-03-07T18:24:22.585+0000] {logging_mixin.py:188} INFO - [2024-03-07T18:24:22.585+0000] {dagbag.py:540} INFO - Filling up the DagBag from /home/airflow/.local/lib/python3.11/site-packages/airflow/example_dags/example_short_circuit_operator.py
[2024-03-07T18:24:22.599+0000] {processor.py:840} INFO - DAG(s) 'example_short_circuit_operator' retrieved from /home/airflow/.local/lib/python3.11/site-packages/airflow/example_dags/example_short_circuit_operator.py
[2024-03-07T18:24:22.659+0000] {logging_mixin.py:188} INFO - [2024-03-07T18:24:22.659+0000] {dag.py:3047} INFO - Sync 1 DAGs
[2024-03-07T18:24:22.719+0000] {logging_mixin.py:188} INFO - [2024-03-07T18:24:22.718+0000] {dag.py:3834} INFO - Setting next_dagrun for example_short_circuit_operator to 2024-03-06 00:00:00+00:00, run_after=2024-03-07 00:00:00+00:00
[2024-03-07T18:24:22.777+0000] {processor.py:183} INFO - Processing /home/airflow/.local/lib/python3.11/site-packages/airflow/example_dags/example_short_circuit_operator.py took 0.206 seconds
[2024-03-07T18:24:54.059+0000] {processor.py:161} INFO - Started process (PID=1364) to work on /home/airflow/.local/lib/python3.11/site-packages/airflow/example_dags/example_short_circuit_operator.py
[2024-03-07T18:24:54.062+0000] {processor.py:830} INFO - Processing file /home/airflow/.local/lib/python3.11/site-packages/airflow/example_dags/example_short_circuit_operator.py for tasks to queue
[2024-03-07T18:24:54.066+0000] {logging_mixin.py:188} INFO - [2024-03-07T18:24:54.065+0000] {dagbag.py:540} INFO - Filling up the DagBag from /home/airflow/.local/lib/python3.11/site-packages/airflow/example_dags/example_short_circuit_operator.py
[2024-03-07T18:24:54.081+0000] {processor.py:840} INFO - DAG(s) 'example_short_circuit_operator' retrieved from /home/airflow/.local/lib/python3.11/site-packages/airflow/example_dags/example_short_circuit_operator.py
[2024-03-07T18:24:54.132+0000] {logging_mixin.py:188} INFO - [2024-03-07T18:24:54.132+0000] {dag.py:3047} INFO - Sync 1 DAGs
[2024-03-07T18:24:54.198+0000] {logging_mixin.py:188} INFO - [2024-03-07T18:24:54.197+0000] {dag.py:3834} INFO - Setting next_dagrun for example_short_circuit_operator to 2024-03-06 00:00:00+00:00, run_after=2024-03-07 00:00:00+00:00
[2024-03-07T18:24:54.251+0000] {processor.py:183} INFO - Processing /home/airflow/.local/lib/python3.11/site-packages/airflow/example_dags/example_short_circuit_operator.py took 0.198 seconds
[2024-03-07T18:25:26.741+0000] {processor.py:161} INFO - Started process (PID=1423) to work on /home/airflow/.local/lib/python3.11/site-packages/airflow/example_dags/example_short_circuit_operator.py
[2024-03-07T18:25:26.744+0000] {processor.py:830} INFO - Processing file /home/airflow/.local/lib/python3.11/site-packages/airflow/example_dags/example_short_circuit_operator.py for tasks to queue
[2024-03-07T18:25:26.748+0000] {logging_mixin.py:188} INFO - [2024-03-07T18:25:26.748+0000] {dagbag.py:540} INFO - Filling up the DagBag from /home/airflow/.local/lib/python3.11/site-packages/airflow/example_dags/example_short_circuit_operator.py
[2024-03-07T18:25:26.763+0000] {processor.py:840} INFO - DAG(s) 'example_short_circuit_operator' retrieved from /home/airflow/.local/lib/python3.11/site-packages/airflow/example_dags/example_short_circuit_operator.py
[2024-03-07T18:25:26.822+0000] {logging_mixin.py:188} INFO - [2024-03-07T18:25:26.822+0000] {dag.py:3047} INFO - Sync 1 DAGs
[2024-03-07T18:25:26.867+0000] {logging_mixin.py:188} INFO - [2024-03-07T18:25:26.867+0000] {dag.py:3834} INFO - Setting next_dagrun for example_short_circuit_operator to 2024-03-06 00:00:00+00:00, run_after=2024-03-07 00:00:00+00:00
[2024-03-07T18:25:26.919+0000] {processor.py:183} INFO - Processing /home/airflow/.local/lib/python3.11/site-packages/airflow/example_dags/example_short_circuit_operator.py took 0.182 seconds
[2024-03-07T18:25:58.459+0000] {processor.py:161} INFO - Started process (PID=1480) to work on /home/airflow/.local/lib/python3.11/site-packages/airflow/example_dags/example_short_circuit_operator.py
[2024-03-07T18:25:58.461+0000] {processor.py:830} INFO - Processing file /home/airflow/.local/lib/python3.11/site-packages/airflow/example_dags/example_short_circuit_operator.py for tasks to queue
[2024-03-07T18:25:58.465+0000] {logging_mixin.py:188} INFO - [2024-03-07T18:25:58.464+0000] {dagbag.py:540} INFO - Filling up the DagBag from /home/airflow/.local/lib/python3.11/site-packages/airflow/example_dags/example_short_circuit_operator.py
[2024-03-07T18:25:58.481+0000] {processor.py:840} INFO - DAG(s) 'example_short_circuit_operator' retrieved from /home/airflow/.local/lib/python3.11/site-packages/airflow/example_dags/example_short_circuit_operator.py
[2024-03-07T18:25:58.543+0000] {logging_mixin.py:188} INFO - [2024-03-07T18:25:58.543+0000] {dag.py:3047} INFO - Sync 1 DAGs
[2024-03-07T18:25:58.617+0000] {logging_mixin.py:188} INFO - [2024-03-07T18:25:58.617+0000] {dag.py:3834} INFO - Setting next_dagrun for example_short_circuit_operator to 2024-03-06 00:00:00+00:00, run_after=2024-03-07 00:00:00+00:00
[2024-03-07T18:25:58.687+0000] {processor.py:183} INFO - Processing /home/airflow/.local/lib/python3.11/site-packages/airflow/example_dags/example_short_circuit_operator.py took 0.234 seconds
[2024-03-07T18:26:30.149+0000] {processor.py:161} INFO - Started process (PID=1538) to work on /home/airflow/.local/lib/python3.11/site-packages/airflow/example_dags/example_short_circuit_operator.py
[2024-03-07T18:26:30.151+0000] {processor.py:830} INFO - Processing file /home/airflow/.local/lib/python3.11/site-packages/airflow/example_dags/example_short_circuit_operator.py for tasks to queue
[2024-03-07T18:26:30.156+0000] {logging_mixin.py:188} INFO - [2024-03-07T18:26:30.155+0000] {dagbag.py:540} INFO - Filling up the DagBag from /home/airflow/.local/lib/python3.11/site-packages/airflow/example_dags/example_short_circuit_operator.py
[2024-03-07T18:26:30.175+0000] {processor.py:840} INFO - DAG(s) 'example_short_circuit_operator' retrieved from /home/airflow/.local/lib/python3.11/site-packages/airflow/example_dags/example_short_circuit_operator.py
[2024-03-07T18:26:30.232+0000] {logging_mixin.py:188} INFO - [2024-03-07T18:26:30.231+0000] {dag.py:3047} INFO - Sync 1 DAGs
[2024-03-07T18:26:30.301+0000] {logging_mixin.py:188} INFO - [2024-03-07T18:26:30.300+0000] {dag.py:3834} INFO - Setting next_dagrun for example_short_circuit_operator to 2024-03-06 00:00:00+00:00, run_after=2024-03-07 00:00:00+00:00
[2024-03-07T18:26:30.352+0000] {processor.py:183} INFO - Processing /home/airflow/.local/lib/python3.11/site-packages/airflow/example_dags/example_short_circuit_operator.py took 0.208 seconds
[2024-03-07T18:27:02.506+0000] {processor.py:161} INFO - Started process (PID=1596) to work on /home/airflow/.local/lib/python3.11/site-packages/airflow/example_dags/example_short_circuit_operator.py
[2024-03-07T18:27:02.508+0000] {processor.py:830} INFO - Processing file /home/airflow/.local/lib/python3.11/site-packages/airflow/example_dags/example_short_circuit_operator.py for tasks to queue
[2024-03-07T18:27:02.512+0000] {logging_mixin.py:188} INFO - [2024-03-07T18:27:02.512+0000] {dagbag.py:540} INFO - Filling up the DagBag from /home/airflow/.local/lib/python3.11/site-packages/airflow/example_dags/example_short_circuit_operator.py
[2024-03-07T18:27:02.527+0000] {processor.py:840} INFO - DAG(s) 'example_short_circuit_operator' retrieved from /home/airflow/.local/lib/python3.11/site-packages/airflow/example_dags/example_short_circuit_operator.py
[2024-03-07T18:27:02.600+0000] {logging_mixin.py:188} INFO - [2024-03-07T18:27:02.600+0000] {dag.py:3047} INFO - Sync 1 DAGs
[2024-03-07T18:27:02.666+0000] {logging_mixin.py:188} INFO - [2024-03-07T18:27:02.665+0000] {dag.py:3834} INFO - Setting next_dagrun for example_short_circuit_operator to 2024-03-06 00:00:00+00:00, run_after=2024-03-07 00:00:00+00:00
[2024-03-07T18:27:02.714+0000] {processor.py:183} INFO - Processing /home/airflow/.local/lib/python3.11/site-packages/airflow/example_dags/example_short_circuit_operator.py took 0.216 seconds
[2024-03-07T18:27:35.523+0000] {processor.py:161} INFO - Started process (PID=1653) to work on /home/airflow/.local/lib/python3.11/site-packages/airflow/example_dags/example_short_circuit_operator.py
[2024-03-07T18:27:35.525+0000] {processor.py:830} INFO - Processing file /home/airflow/.local/lib/python3.11/site-packages/airflow/example_dags/example_short_circuit_operator.py for tasks to queue
[2024-03-07T18:27:35.530+0000] {logging_mixin.py:188} INFO - [2024-03-07T18:27:35.529+0000] {dagbag.py:540} INFO - Filling up the DagBag from /home/airflow/.local/lib/python3.11/site-packages/airflow/example_dags/example_short_circuit_operator.py
[2024-03-07T18:27:35.552+0000] {processor.py:840} INFO - DAG(s) 'example_short_circuit_operator' retrieved from /home/airflow/.local/lib/python3.11/site-packages/airflow/example_dags/example_short_circuit_operator.py
[2024-03-07T18:27:35.599+0000] {logging_mixin.py:188} INFO - [2024-03-07T18:27:35.599+0000] {dag.py:3047} INFO - Sync 1 DAGs
[2024-03-07T18:27:35.657+0000] {logging_mixin.py:188} INFO - [2024-03-07T18:27:35.657+0000] {dag.py:3834} INFO - Setting next_dagrun for example_short_circuit_operator to 2024-03-06 00:00:00+00:00, run_after=2024-03-07 00:00:00+00:00
[2024-03-07T18:27:35.712+0000] {processor.py:183} INFO - Processing /home/airflow/.local/lib/python3.11/site-packages/airflow/example_dags/example_short_circuit_operator.py took 0.194 seconds
[2024-03-07T18:28:08.034+0000] {processor.py:161} INFO - Started process (PID=1711) to work on /home/airflow/.local/lib/python3.11/site-packages/airflow/example_dags/example_short_circuit_operator.py
[2024-03-07T18:28:08.036+0000] {processor.py:830} INFO - Processing file /home/airflow/.local/lib/python3.11/site-packages/airflow/example_dags/example_short_circuit_operator.py for tasks to queue
[2024-03-07T18:28:08.040+0000] {logging_mixin.py:188} INFO - [2024-03-07T18:28:08.039+0000] {dagbag.py:540} INFO - Filling up the DagBag from /home/airflow/.local/lib/python3.11/site-packages/airflow/example_dags/example_short_circuit_operator.py
[2024-03-07T18:28:08.052+0000] {processor.py:840} INFO - DAG(s) 'example_short_circuit_operator' retrieved from /home/airflow/.local/lib/python3.11/site-packages/airflow/example_dags/example_short_circuit_operator.py
[2024-03-07T18:28:08.091+0000] {logging_mixin.py:188} INFO - [2024-03-07T18:28:08.090+0000] {dag.py:3047} INFO - Sync 1 DAGs
[2024-03-07T18:28:08.129+0000] {logging_mixin.py:188} INFO - [2024-03-07T18:28:08.129+0000] {dag.py:3834} INFO - Setting next_dagrun for example_short_circuit_operator to 2024-03-06 00:00:00+00:00, run_after=2024-03-07 00:00:00+00:00
[2024-03-07T18:28:08.185+0000] {processor.py:183} INFO - Processing /home/airflow/.local/lib/python3.11/site-packages/airflow/example_dags/example_short_circuit_operator.py took 0.155 seconds
[2024-03-07T18:28:40.014+0000] {processor.py:161} INFO - Started process (PID=1768) to work on /home/airflow/.local/lib/python3.11/site-packages/airflow/example_dags/example_short_circuit_operator.py
[2024-03-07T18:28:40.017+0000] {processor.py:830} INFO - Processing file /home/airflow/.local/lib/python3.11/site-packages/airflow/example_dags/example_short_circuit_operator.py for tasks to queue
[2024-03-07T18:28:40.023+0000] {logging_mixin.py:188} INFO - [2024-03-07T18:28:40.022+0000] {dagbag.py:540} INFO - Filling up the DagBag from /home/airflow/.local/lib/python3.11/site-packages/airflow/example_dags/example_short_circuit_operator.py
[2024-03-07T18:28:40.043+0000] {processor.py:840} INFO - DAG(s) 'example_short_circuit_operator' retrieved from /home/airflow/.local/lib/python3.11/site-packages/airflow/example_dags/example_short_circuit_operator.py
[2024-03-07T18:28:40.094+0000] {logging_mixin.py:188} INFO - [2024-03-07T18:28:40.093+0000] {dag.py:3047} INFO - Sync 1 DAGs
[2024-03-07T18:28:40.147+0000] {logging_mixin.py:188} INFO - [2024-03-07T18:28:40.146+0000] {dag.py:3834} INFO - Setting next_dagrun for example_short_circuit_operator to 2024-03-06 00:00:00+00:00, run_after=2024-03-07 00:00:00+00:00
[2024-03-07T18:28:40.208+0000] {processor.py:183} INFO - Processing /home/airflow/.local/lib/python3.11/site-packages/airflow/example_dags/example_short_circuit_operator.py took 0.201 seconds
[2024-03-07T18:29:11.175+0000] {processor.py:161} INFO - Started process (PID=1828) to work on /home/airflow/.local/lib/python3.11/site-packages/airflow/example_dags/example_short_circuit_operator.py
[2024-03-07T18:29:11.178+0000] {processor.py:830} INFO - Processing file /home/airflow/.local/lib/python3.11/site-packages/airflow/example_dags/example_short_circuit_operator.py for tasks to queue
[2024-03-07T18:29:11.183+0000] {logging_mixin.py:188} INFO - [2024-03-07T18:29:11.182+0000] {dagbag.py:540} INFO - Filling up the DagBag from /home/airflow/.local/lib/python3.11/site-packages/airflow/example_dags/example_short_circuit_operator.py
[2024-03-07T18:29:11.199+0000] {processor.py:840} INFO - DAG(s) 'example_short_circuit_operator' retrieved from /home/airflow/.local/lib/python3.11/site-packages/airflow/example_dags/example_short_circuit_operator.py
[2024-03-07T18:29:11.268+0000] {logging_mixin.py:188} INFO - [2024-03-07T18:29:11.268+0000] {dag.py:3047} INFO - Sync 1 DAGs
[2024-03-07T18:29:11.320+0000] {logging_mixin.py:188} INFO - [2024-03-07T18:29:11.319+0000] {dag.py:3834} INFO - Setting next_dagrun for example_short_circuit_operator to 2024-03-06 00:00:00+00:00, run_after=2024-03-07 00:00:00+00:00
[2024-03-07T18:29:11.374+0000] {processor.py:183} INFO - Processing /home/airflow/.local/lib/python3.11/site-packages/airflow/example_dags/example_short_circuit_operator.py took 0.209 seconds
