[2024-03-07T18:13:09.670+0000] {processor.py:161} INFO - Started process (PID=63) to work on /home/airflow/.local/lib/python3.11/site-packages/airflow/example_dags/example_branch_labels.py
[2024-03-07T18:13:09.675+0000] {processor.py:830} INFO - Processing file /home/airflow/.local/lib/python3.11/site-packages/airflow/example_dags/example_branch_labels.py for tasks to queue
[2024-03-07T18:13:09.690+0000] {logging_mixin.py:188} INFO - [2024-03-07T18:13:09.689+0000] {dagbag.py:540} INFO - Filling up the DagBag from /home/airflow/.local/lib/python3.11/site-packages/airflow/example_dags/example_branch_labels.py
[2024-03-07T18:13:09.748+0000] {processor.py:840} INFO - DAG(s) 'example_branch_labels' retrieved from /home/airflow/.local/lib/python3.11/site-packages/airflow/example_dags/example_branch_labels.py
[2024-03-07T18:13:09.896+0000] {logging_mixin.py:188} INFO - [2024-03-07T18:13:09.887+0000] {dag.py:3047} INFO - Sync 1 DAGs
[2024-03-07T18:13:10.102+0000] {logging_mixin.py:188} INFO - [2024-03-07T18:13:10.102+0000] {dag.py:3834} INFO - Setting next_dagrun for example_branch_labels to 2024-03-06 00:00:00+00:00, run_after=2024-03-07 00:00:00+00:00
[2024-03-07T18:13:10.292+0000] {processor.py:183} INFO - Processing /home/airflow/.local/lib/python3.11/site-packages/airflow/example_dags/example_branch_labels.py took 0.633 seconds
[2024-03-07T18:13:42.453+0000] {processor.py:161} INFO - Started process (PID=121) to work on /home/airflow/.local/lib/python3.11/site-packages/airflow/example_dags/example_branch_labels.py
[2024-03-07T18:13:42.457+0000] {processor.py:830} INFO - Processing file /home/airflow/.local/lib/python3.11/site-packages/airflow/example_dags/example_branch_labels.py for tasks to queue
[2024-03-07T18:13:42.475+0000] {logging_mixin.py:188} INFO - [2024-03-07T18:13:42.471+0000] {dagbag.py:540} INFO - Filling up the DagBag from /home/airflow/.local/lib/python3.11/site-packages/airflow/example_dags/example_branch_labels.py
[2024-03-07T18:13:42.585+0000] {processor.py:840} INFO - DAG(s) 'example_branch_labels' retrieved from /home/airflow/.local/lib/python3.11/site-packages/airflow/example_dags/example_branch_labels.py
[2024-03-07T18:13:42.854+0000] {logging_mixin.py:188} INFO - [2024-03-07T18:13:42.853+0000] {dag.py:3047} INFO - Sync 1 DAGs
[2024-03-07T18:13:43.090+0000] {logging_mixin.py:188} INFO - [2024-03-07T18:13:43.090+0000] {dag.py:3834} INFO - Setting next_dagrun for example_branch_labels to 2024-03-06 00:00:00+00:00, run_after=2024-03-07 00:00:00+00:00
[2024-03-07T18:13:43.233+0000] {processor.py:183} INFO - Processing /home/airflow/.local/lib/python3.11/site-packages/airflow/example_dags/example_branch_labels.py took 0.801 seconds
[2024-03-07T18:14:15.150+0000] {processor.py:161} INFO - Started process (PID=180) to work on /home/airflow/.local/lib/python3.11/site-packages/airflow/example_dags/example_branch_labels.py
[2024-03-07T18:14:15.165+0000] {processor.py:830} INFO - Processing file /home/airflow/.local/lib/python3.11/site-packages/airflow/example_dags/example_branch_labels.py for tasks to queue
[2024-03-07T18:14:15.182+0000] {logging_mixin.py:188} INFO - [2024-03-07T18:14:15.180+0000] {dagbag.py:540} INFO - Filling up the DagBag from /home/airflow/.local/lib/python3.11/site-packages/airflow/example_dags/example_branch_labels.py
[2024-03-07T18:14:15.240+0000] {processor.py:840} INFO - DAG(s) 'example_branch_labels' retrieved from /home/airflow/.local/lib/python3.11/site-packages/airflow/example_dags/example_branch_labels.py
[2024-03-07T18:14:15.379+0000] {logging_mixin.py:188} INFO - [2024-03-07T18:14:15.378+0000] {dag.py:3047} INFO - Sync 1 DAGs
[2024-03-07T18:14:15.627+0000] {logging_mixin.py:188} INFO - [2024-03-07T18:14:15.626+0000] {dag.py:3834} INFO - Setting next_dagrun for example_branch_labels to 2024-03-06 00:00:00+00:00, run_after=2024-03-07 00:00:00+00:00
[2024-03-07T18:14:15.810+0000] {processor.py:183} INFO - Processing /home/airflow/.local/lib/python3.11/site-packages/airflow/example_dags/example_branch_labels.py took 0.679 seconds
[2024-03-07T18:14:49.317+0000] {processor.py:161} INFO - Started process (PID=236) to work on /home/airflow/.local/lib/python3.11/site-packages/airflow/example_dags/example_branch_labels.py
[2024-03-07T18:14:49.322+0000] {processor.py:830} INFO - Processing file /home/airflow/.local/lib/python3.11/site-packages/airflow/example_dags/example_branch_labels.py for tasks to queue
[2024-03-07T18:14:49.335+0000] {logging_mixin.py:188} INFO - [2024-03-07T18:14:49.334+0000] {dagbag.py:540} INFO - Filling up the DagBag from /home/airflow/.local/lib/python3.11/site-packages/airflow/example_dags/example_branch_labels.py
[2024-03-07T18:14:49.417+0000] {processor.py:840} INFO - DAG(s) 'example_branch_labels' retrieved from /home/airflow/.local/lib/python3.11/site-packages/airflow/example_dags/example_branch_labels.py
[2024-03-07T18:14:49.497+0000] {logging_mixin.py:188} INFO - [2024-03-07T18:14:49.496+0000] {dag.py:3047} INFO - Sync 1 DAGs
[2024-03-07T18:14:49.774+0000] {logging_mixin.py:188} INFO - [2024-03-07T18:14:49.773+0000] {dag.py:3834} INFO - Setting next_dagrun for example_branch_labels to 2024-03-06 00:00:00+00:00, run_after=2024-03-07 00:00:00+00:00
[2024-03-07T18:14:49.937+0000] {processor.py:183} INFO - Processing /home/airflow/.local/lib/python3.11/site-packages/airflow/example_dags/example_branch_labels.py took 0.639 seconds
[2024-03-07T18:15:20.419+0000] {processor.py:161} INFO - Started process (PID=293) to work on /home/airflow/.local/lib/python3.11/site-packages/airflow/example_dags/example_branch_labels.py
[2024-03-07T18:15:20.423+0000] {processor.py:830} INFO - Processing file /home/airflow/.local/lib/python3.11/site-packages/airflow/example_dags/example_branch_labels.py for tasks to queue
[2024-03-07T18:15:20.428+0000] {logging_mixin.py:188} INFO - [2024-03-07T18:15:20.426+0000] {dagbag.py:540} INFO - Filling up the DagBag from /home/airflow/.local/lib/python3.11/site-packages/airflow/example_dags/example_branch_labels.py
[2024-03-07T18:15:20.451+0000] {processor.py:840} INFO - DAG(s) 'example_branch_labels' retrieved from /home/airflow/.local/lib/python3.11/site-packages/airflow/example_dags/example_branch_labels.py
[2024-03-07T18:15:20.864+0000] {logging_mixin.py:188} INFO - [2024-03-07T18:15:20.863+0000] {dag.py:3047} INFO - Sync 1 DAGs
[2024-03-07T18:15:20.957+0000] {logging_mixin.py:188} INFO - [2024-03-07T18:15:20.956+0000] {dag.py:3834} INFO - Setting next_dagrun for example_branch_labels to 2024-03-06 00:00:00+00:00, run_after=2024-03-07 00:00:00+00:00
[2024-03-07T18:15:21.054+0000] {processor.py:183} INFO - Processing /home/airflow/.local/lib/python3.11/site-packages/airflow/example_dags/example_branch_labels.py took 0.641 seconds
[2024-03-07T18:15:51.346+0000] {processor.py:161} INFO - Started process (PID=351) to work on /home/airflow/.local/lib/python3.11/site-packages/airflow/example_dags/example_branch_labels.py
[2024-03-07T18:15:51.348+0000] {processor.py:830} INFO - Processing file /home/airflow/.local/lib/python3.11/site-packages/airflow/example_dags/example_branch_labels.py for tasks to queue
[2024-03-07T18:15:51.352+0000] {logging_mixin.py:188} INFO - [2024-03-07T18:15:51.351+0000] {dagbag.py:540} INFO - Filling up the DagBag from /home/airflow/.local/lib/python3.11/site-packages/airflow/example_dags/example_branch_labels.py
[2024-03-07T18:15:51.366+0000] {processor.py:840} INFO - DAG(s) 'example_branch_labels' retrieved from /home/airflow/.local/lib/python3.11/site-packages/airflow/example_dags/example_branch_labels.py
[2024-03-07T18:15:51.430+0000] {logging_mixin.py:188} INFO - [2024-03-07T18:15:51.429+0000] {dag.py:3047} INFO - Sync 1 DAGs
[2024-03-07T18:15:51.491+0000] {logging_mixin.py:188} INFO - [2024-03-07T18:15:51.490+0000] {dag.py:3834} INFO - Setting next_dagrun for example_branch_labels to 2024-03-06 00:00:00+00:00, run_after=2024-03-07 00:00:00+00:00
[2024-03-07T18:15:51.550+0000] {processor.py:183} INFO - Processing /home/airflow/.local/lib/python3.11/site-packages/airflow/example_dags/example_branch_labels.py took 0.212 seconds
[2024-03-07T18:16:21.701+0000] {processor.py:161} INFO - Started process (PID=409) to work on /home/airflow/.local/lib/python3.11/site-packages/airflow/example_dags/example_branch_labels.py
[2024-03-07T18:16:21.704+0000] {processor.py:830} INFO - Processing file /home/airflow/.local/lib/python3.11/site-packages/airflow/example_dags/example_branch_labels.py for tasks to queue
[2024-03-07T18:16:21.710+0000] {logging_mixin.py:188} INFO - [2024-03-07T18:16:21.709+0000] {dagbag.py:540} INFO - Filling up the DagBag from /home/airflow/.local/lib/python3.11/site-packages/airflow/example_dags/example_branch_labels.py
[2024-03-07T18:16:21.735+0000] {processor.py:840} INFO - DAG(s) 'example_branch_labels' retrieved from /home/airflow/.local/lib/python3.11/site-packages/airflow/example_dags/example_branch_labels.py
[2024-03-07T18:16:21.783+0000] {logging_mixin.py:188} INFO - [2024-03-07T18:16:21.783+0000] {dag.py:3047} INFO - Sync 1 DAGs
[2024-03-07T18:16:21.841+0000] {logging_mixin.py:188} INFO - [2024-03-07T18:16:21.841+0000] {dag.py:3834} INFO - Setting next_dagrun for example_branch_labels to 2024-03-06 00:00:00+00:00, run_after=2024-03-07 00:00:00+00:00
[2024-03-07T18:16:21.903+0000] {processor.py:183} INFO - Processing /home/airflow/.local/lib/python3.11/site-packages/airflow/example_dags/example_branch_labels.py took 0.209 seconds
[2024-03-07T18:16:53.113+0000] {processor.py:161} INFO - Started process (PID=466) to work on /home/airflow/.local/lib/python3.11/site-packages/airflow/example_dags/example_branch_labels.py
[2024-03-07T18:16:53.116+0000] {processor.py:830} INFO - Processing file /home/airflow/.local/lib/python3.11/site-packages/airflow/example_dags/example_branch_labels.py for tasks to queue
[2024-03-07T18:16:53.120+0000] {logging_mixin.py:188} INFO - [2024-03-07T18:16:53.119+0000] {dagbag.py:540} INFO - Filling up the DagBag from /home/airflow/.local/lib/python3.11/site-packages/airflow/example_dags/example_branch_labels.py
[2024-03-07T18:16:53.138+0000] {processor.py:840} INFO - DAG(s) 'example_branch_labels' retrieved from /home/airflow/.local/lib/python3.11/site-packages/airflow/example_dags/example_branch_labels.py
[2024-03-07T18:16:53.194+0000] {logging_mixin.py:188} INFO - [2024-03-07T18:16:53.193+0000] {dag.py:3047} INFO - Sync 1 DAGs
[2024-03-07T18:16:53.263+0000] {logging_mixin.py:188} INFO - [2024-03-07T18:16:53.262+0000] {dag.py:3834} INFO - Setting next_dagrun for example_branch_labels to 2024-03-06 00:00:00+00:00, run_after=2024-03-07 00:00:00+00:00
[2024-03-07T18:16:53.328+0000] {processor.py:183} INFO - Processing /home/airflow/.local/lib/python3.11/site-packages/airflow/example_dags/example_branch_labels.py took 0.222 seconds
[2024-03-07T18:17:25.234+0000] {processor.py:161} INFO - Started process (PID=523) to work on /home/airflow/.local/lib/python3.11/site-packages/airflow/example_dags/example_branch_labels.py
[2024-03-07T18:17:25.237+0000] {processor.py:830} INFO - Processing file /home/airflow/.local/lib/python3.11/site-packages/airflow/example_dags/example_branch_labels.py for tasks to queue
[2024-03-07T18:17:25.243+0000] {logging_mixin.py:188} INFO - [2024-03-07T18:17:25.242+0000] {dagbag.py:540} INFO - Filling up the DagBag from /home/airflow/.local/lib/python3.11/site-packages/airflow/example_dags/example_branch_labels.py
[2024-03-07T18:17:25.258+0000] {processor.py:840} INFO - DAG(s) 'example_branch_labels' retrieved from /home/airflow/.local/lib/python3.11/site-packages/airflow/example_dags/example_branch_labels.py
[2024-03-07T18:17:25.302+0000] {logging_mixin.py:188} INFO - [2024-03-07T18:17:25.301+0000] {dag.py:3047} INFO - Sync 1 DAGs
[2024-03-07T18:17:25.358+0000] {logging_mixin.py:188} INFO - [2024-03-07T18:17:25.357+0000] {dag.py:3834} INFO - Setting next_dagrun for example_branch_labels to 2024-03-06 00:00:00+00:00, run_after=2024-03-07 00:00:00+00:00
[2024-03-07T18:17:25.414+0000] {processor.py:183} INFO - Processing /home/airflow/.local/lib/python3.11/site-packages/airflow/example_dags/example_branch_labels.py took 0.184 seconds
[2024-03-07T18:17:57.008+0000] {processor.py:161} INFO - Started process (PID=581) to work on /home/airflow/.local/lib/python3.11/site-packages/airflow/example_dags/example_branch_labels.py
[2024-03-07T18:17:57.011+0000] {processor.py:830} INFO - Processing file /home/airflow/.local/lib/python3.11/site-packages/airflow/example_dags/example_branch_labels.py for tasks to queue
[2024-03-07T18:17:57.017+0000] {logging_mixin.py:188} INFO - [2024-03-07T18:17:57.016+0000] {dagbag.py:540} INFO - Filling up the DagBag from /home/airflow/.local/lib/python3.11/site-packages/airflow/example_dags/example_branch_labels.py
[2024-03-07T18:17:57.040+0000] {processor.py:840} INFO - DAG(s) 'example_branch_labels' retrieved from /home/airflow/.local/lib/python3.11/site-packages/airflow/example_dags/example_branch_labels.py
[2024-03-07T18:17:57.096+0000] {logging_mixin.py:188} INFO - [2024-03-07T18:17:57.095+0000] {dag.py:3047} INFO - Sync 1 DAGs
[2024-03-07T18:17:57.169+0000] {logging_mixin.py:188} INFO - [2024-03-07T18:17:57.168+0000] {dag.py:3834} INFO - Setting next_dagrun for example_branch_labels to 2024-03-06 00:00:00+00:00, run_after=2024-03-07 00:00:00+00:00
[2024-03-07T18:17:57.239+0000] {processor.py:183} INFO - Processing /home/airflow/.local/lib/python3.11/site-packages/airflow/example_dags/example_branch_labels.py took 0.237 seconds
[2024-03-07T18:18:28.832+0000] {processor.py:161} INFO - Started process (PID=639) to work on /home/airflow/.local/lib/python3.11/site-packages/airflow/example_dags/example_branch_labels.py
[2024-03-07T18:18:28.834+0000] {processor.py:830} INFO - Processing file /home/airflow/.local/lib/python3.11/site-packages/airflow/example_dags/example_branch_labels.py for tasks to queue
[2024-03-07T18:18:28.838+0000] {logging_mixin.py:188} INFO - [2024-03-07T18:18:28.837+0000] {dagbag.py:540} INFO - Filling up the DagBag from /home/airflow/.local/lib/python3.11/site-packages/airflow/example_dags/example_branch_labels.py
[2024-03-07T18:18:28.857+0000] {processor.py:840} INFO - DAG(s) 'example_branch_labels' retrieved from /home/airflow/.local/lib/python3.11/site-packages/airflow/example_dags/example_branch_labels.py
[2024-03-07T18:18:28.896+0000] {logging_mixin.py:188} INFO - [2024-03-07T18:18:28.895+0000] {dag.py:3047} INFO - Sync 1 DAGs
[2024-03-07T18:18:28.942+0000] {logging_mixin.py:188} INFO - [2024-03-07T18:18:28.942+0000] {dag.py:3834} INFO - Setting next_dagrun for example_branch_labels to 2024-03-06 00:00:00+00:00, run_after=2024-03-07 00:00:00+00:00
[2024-03-07T18:18:28.998+0000] {processor.py:183} INFO - Processing /home/airflow/.local/lib/python3.11/site-packages/airflow/example_dags/example_branch_labels.py took 0.170 seconds
[2024-03-07T18:18:59.788+0000] {processor.py:161} INFO - Started process (PID=697) to work on /home/airflow/.local/lib/python3.11/site-packages/airflow/example_dags/example_branch_labels.py
[2024-03-07T18:18:59.792+0000] {processor.py:830} INFO - Processing file /home/airflow/.local/lib/python3.11/site-packages/airflow/example_dags/example_branch_labels.py for tasks to queue
[2024-03-07T18:18:59.802+0000] {logging_mixin.py:188} INFO - [2024-03-07T18:18:59.798+0000] {dagbag.py:540} INFO - Filling up the DagBag from /home/airflow/.local/lib/python3.11/site-packages/airflow/example_dags/example_branch_labels.py
[2024-03-07T18:18:59.822+0000] {processor.py:840} INFO - DAG(s) 'example_branch_labels' retrieved from /home/airflow/.local/lib/python3.11/site-packages/airflow/example_dags/example_branch_labels.py
[2024-03-07T18:18:59.870+0000] {logging_mixin.py:188} INFO - [2024-03-07T18:18:59.870+0000] {dag.py:3047} INFO - Sync 1 DAGs
[2024-03-07T18:18:59.938+0000] {logging_mixin.py:188} INFO - [2024-03-07T18:18:59.937+0000] {dag.py:3834} INFO - Setting next_dagrun for example_branch_labels to 2024-03-06 00:00:00+00:00, run_after=2024-03-07 00:00:00+00:00
[2024-03-07T18:18:59.994+0000] {processor.py:183} INFO - Processing /home/airflow/.local/lib/python3.11/site-packages/airflow/example_dags/example_branch_labels.py took 0.211 seconds
[2024-03-07T18:19:31.573+0000] {processor.py:161} INFO - Started process (PID=756) to work on /home/airflow/.local/lib/python3.11/site-packages/airflow/example_dags/example_branch_labels.py
[2024-03-07T18:19:31.576+0000] {processor.py:830} INFO - Processing file /home/airflow/.local/lib/python3.11/site-packages/airflow/example_dags/example_branch_labels.py for tasks to queue
[2024-03-07T18:19:31.584+0000] {logging_mixin.py:188} INFO - [2024-03-07T18:19:31.582+0000] {dagbag.py:540} INFO - Filling up the DagBag from /home/airflow/.local/lib/python3.11/site-packages/airflow/example_dags/example_branch_labels.py
[2024-03-07T18:19:31.612+0000] {processor.py:840} INFO - DAG(s) 'example_branch_labels' retrieved from /home/airflow/.local/lib/python3.11/site-packages/airflow/example_dags/example_branch_labels.py
[2024-03-07T18:19:31.711+0000] {logging_mixin.py:188} INFO - [2024-03-07T18:19:31.710+0000] {dag.py:3047} INFO - Sync 1 DAGs
[2024-03-07T18:19:31.766+0000] {logging_mixin.py:188} INFO - [2024-03-07T18:19:31.765+0000] {dag.py:3834} INFO - Setting next_dagrun for example_branch_labels to 2024-03-06 00:00:00+00:00, run_after=2024-03-07 00:00:00+00:00
[2024-03-07T18:19:31.826+0000] {processor.py:183} INFO - Processing /home/airflow/.local/lib/python3.11/site-packages/airflow/example_dags/example_branch_labels.py took 0.265 seconds
[2024-03-07T18:20:03.435+0000] {processor.py:161} INFO - Started process (PID=814) to work on /home/airflow/.local/lib/python3.11/site-packages/airflow/example_dags/example_branch_labels.py
[2024-03-07T18:20:03.437+0000] {processor.py:830} INFO - Processing file /home/airflow/.local/lib/python3.11/site-packages/airflow/example_dags/example_branch_labels.py for tasks to queue
[2024-03-07T18:20:03.441+0000] {logging_mixin.py:188} INFO - [2024-03-07T18:20:03.440+0000] {dagbag.py:540} INFO - Filling up the DagBag from /home/airflow/.local/lib/python3.11/site-packages/airflow/example_dags/example_branch_labels.py
[2024-03-07T18:20:03.456+0000] {processor.py:840} INFO - DAG(s) 'example_branch_labels' retrieved from /home/airflow/.local/lib/python3.11/site-packages/airflow/example_dags/example_branch_labels.py
[2024-03-07T18:20:03.507+0000] {logging_mixin.py:188} INFO - [2024-03-07T18:20:03.507+0000] {dag.py:3047} INFO - Sync 1 DAGs
[2024-03-07T18:20:03.565+0000] {logging_mixin.py:188} INFO - [2024-03-07T18:20:03.565+0000] {dag.py:3834} INFO - Setting next_dagrun for example_branch_labels to 2024-03-06 00:00:00+00:00, run_after=2024-03-07 00:00:00+00:00
[2024-03-07T18:20:03.640+0000] {processor.py:183} INFO - Processing /home/airflow/.local/lib/python3.11/site-packages/airflow/example_dags/example_branch_labels.py took 0.212 seconds
[2024-03-07T18:20:35.137+0000] {processor.py:161} INFO - Started process (PID=871) to work on /home/airflow/.local/lib/python3.11/site-packages/airflow/example_dags/example_branch_labels.py
[2024-03-07T18:20:35.139+0000] {processor.py:830} INFO - Processing file /home/airflow/.local/lib/python3.11/site-packages/airflow/example_dags/example_branch_labels.py for tasks to queue
[2024-03-07T18:20:35.143+0000] {logging_mixin.py:188} INFO - [2024-03-07T18:20:35.142+0000] {dagbag.py:540} INFO - Filling up the DagBag from /home/airflow/.local/lib/python3.11/site-packages/airflow/example_dags/example_branch_labels.py
[2024-03-07T18:20:35.158+0000] {processor.py:840} INFO - DAG(s) 'example_branch_labels' retrieved from /home/airflow/.local/lib/python3.11/site-packages/airflow/example_dags/example_branch_labels.py
[2024-03-07T18:20:35.200+0000] {logging_mixin.py:188} INFO - [2024-03-07T18:20:35.200+0000] {dag.py:3047} INFO - Sync 1 DAGs
[2024-03-07T18:20:35.262+0000] {logging_mixin.py:188} INFO - [2024-03-07T18:20:35.262+0000] {dag.py:3834} INFO - Setting next_dagrun for example_branch_labels to 2024-03-06 00:00:00+00:00, run_after=2024-03-07 00:00:00+00:00
[2024-03-07T18:20:35.319+0000] {processor.py:183} INFO - Processing /home/airflow/.local/lib/python3.11/site-packages/airflow/example_dags/example_branch_labels.py took 0.187 seconds
[2024-03-07T18:21:06.818+0000] {processor.py:161} INFO - Started process (PID=929) to work on /home/airflow/.local/lib/python3.11/site-packages/airflow/example_dags/example_branch_labels.py
[2024-03-07T18:21:06.821+0000] {processor.py:830} INFO - Processing file /home/airflow/.local/lib/python3.11/site-packages/airflow/example_dags/example_branch_labels.py for tasks to queue
[2024-03-07T18:21:06.826+0000] {logging_mixin.py:188} INFO - [2024-03-07T18:21:06.825+0000] {dagbag.py:540} INFO - Filling up the DagBag from /home/airflow/.local/lib/python3.11/site-packages/airflow/example_dags/example_branch_labels.py
[2024-03-07T18:21:06.856+0000] {processor.py:840} INFO - DAG(s) 'example_branch_labels' retrieved from /home/airflow/.local/lib/python3.11/site-packages/airflow/example_dags/example_branch_labels.py
[2024-03-07T18:21:06.909+0000] {logging_mixin.py:188} INFO - [2024-03-07T18:21:06.909+0000] {dag.py:3047} INFO - Sync 1 DAGs
[2024-03-07T18:21:06.970+0000] {logging_mixin.py:188} INFO - [2024-03-07T18:21:06.970+0000] {dag.py:3834} INFO - Setting next_dagrun for example_branch_labels to 2024-03-06 00:00:00+00:00, run_after=2024-03-07 00:00:00+00:00
[2024-03-07T18:21:07.025+0000] {processor.py:183} INFO - Processing /home/airflow/.local/lib/python3.11/site-packages/airflow/example_dags/example_branch_labels.py took 0.214 seconds
[2024-03-07T18:21:39.419+0000] {processor.py:161} INFO - Started process (PID=986) to work on /home/airflow/.local/lib/python3.11/site-packages/airflow/example_dags/example_branch_labels.py
[2024-03-07T18:21:39.452+0000] {processor.py:830} INFO - Processing file /home/airflow/.local/lib/python3.11/site-packages/airflow/example_dags/example_branch_labels.py for tasks to queue
[2024-03-07T18:21:39.473+0000] {logging_mixin.py:188} INFO - [2024-03-07T18:21:39.471+0000] {dagbag.py:540} INFO - Filling up the DagBag from /home/airflow/.local/lib/python3.11/site-packages/airflow/example_dags/example_branch_labels.py
[2024-03-07T18:21:39.570+0000] {processor.py:840} INFO - DAG(s) 'example_branch_labels' retrieved from /home/airflow/.local/lib/python3.11/site-packages/airflow/example_dags/example_branch_labels.py
[2024-03-07T18:21:39.627+0000] {logging_mixin.py:188} INFO - [2024-03-07T18:21:39.626+0000] {dag.py:3047} INFO - Sync 1 DAGs
[2024-03-07T18:21:39.877+0000] {logging_mixin.py:188} INFO - [2024-03-07T18:21:39.874+0000] {dag.py:3834} INFO - Setting next_dagrun for example_branch_labels to 2024-03-06 00:00:00+00:00, run_after=2024-03-07 00:00:00+00:00
[2024-03-07T18:21:40.043+0000] {processor.py:183} INFO - Processing /home/airflow/.local/lib/python3.11/site-packages/airflow/example_dags/example_branch_labels.py took 0.649 seconds
[2024-03-07T18:22:11.271+0000] {processor.py:161} INFO - Started process (PID=1050) to work on /home/airflow/.local/lib/python3.11/site-packages/airflow/example_dags/example_branch_labels.py
[2024-03-07T18:22:11.274+0000] {processor.py:830} INFO - Processing file /home/airflow/.local/lib/python3.11/site-packages/airflow/example_dags/example_branch_labels.py for tasks to queue
[2024-03-07T18:22:11.279+0000] {logging_mixin.py:188} INFO - [2024-03-07T18:22:11.278+0000] {dagbag.py:540} INFO - Filling up the DagBag from /home/airflow/.local/lib/python3.11/site-packages/airflow/example_dags/example_branch_labels.py
[2024-03-07T18:22:11.297+0000] {processor.py:840} INFO - DAG(s) 'example_branch_labels' retrieved from /home/airflow/.local/lib/python3.11/site-packages/airflow/example_dags/example_branch_labels.py
[2024-03-07T18:22:11.355+0000] {logging_mixin.py:188} INFO - [2024-03-07T18:22:11.354+0000] {dag.py:3047} INFO - Sync 1 DAGs
[2024-03-07T18:22:11.422+0000] {logging_mixin.py:188} INFO - [2024-03-07T18:22:11.422+0000] {dag.py:3834} INFO - Setting next_dagrun for example_branch_labels to 2024-03-06 00:00:00+00:00, run_after=2024-03-07 00:00:00+00:00
[2024-03-07T18:22:11.479+0000] {processor.py:183} INFO - Processing /home/airflow/.local/lib/python3.11/site-packages/airflow/example_dags/example_branch_labels.py took 0.213 seconds
[2024-03-07T18:22:43.225+0000] {processor.py:161} INFO - Started process (PID=1109) to work on /home/airflow/.local/lib/python3.11/site-packages/airflow/example_dags/example_branch_labels.py
[2024-03-07T18:22:43.229+0000] {processor.py:830} INFO - Processing file /home/airflow/.local/lib/python3.11/site-packages/airflow/example_dags/example_branch_labels.py for tasks to queue
[2024-03-07T18:22:43.235+0000] {logging_mixin.py:188} INFO - [2024-03-07T18:22:43.234+0000] {dagbag.py:540} INFO - Filling up the DagBag from /home/airflow/.local/lib/python3.11/site-packages/airflow/example_dags/example_branch_labels.py
[2024-03-07T18:22:43.270+0000] {processor.py:840} INFO - DAG(s) 'example_branch_labels' retrieved from /home/airflow/.local/lib/python3.11/site-packages/airflow/example_dags/example_branch_labels.py
[2024-03-07T18:22:43.345+0000] {logging_mixin.py:188} INFO - [2024-03-07T18:22:43.344+0000] {dag.py:3047} INFO - Sync 1 DAGs
[2024-03-07T18:22:43.423+0000] {logging_mixin.py:188} INFO - [2024-03-07T18:22:43.422+0000] {dag.py:3834} INFO - Setting next_dagrun for example_branch_labels to 2024-03-06 00:00:00+00:00, run_after=2024-03-07 00:00:00+00:00
[2024-03-07T18:22:43.495+0000] {processor.py:183} INFO - Processing /home/airflow/.local/lib/python3.11/site-packages/airflow/example_dags/example_branch_labels.py took 0.281 seconds
[2024-03-07T18:23:14.564+0000] {processor.py:161} INFO - Started process (PID=1167) to work on /home/airflow/.local/lib/python3.11/site-packages/airflow/example_dags/example_branch_labels.py
[2024-03-07T18:23:14.566+0000] {processor.py:830} INFO - Processing file /home/airflow/.local/lib/python3.11/site-packages/airflow/example_dags/example_branch_labels.py for tasks to queue
[2024-03-07T18:23:14.571+0000] {logging_mixin.py:188} INFO - [2024-03-07T18:23:14.569+0000] {dagbag.py:540} INFO - Filling up the DagBag from /home/airflow/.local/lib/python3.11/site-packages/airflow/example_dags/example_branch_labels.py
[2024-03-07T18:23:14.591+0000] {processor.py:840} INFO - DAG(s) 'example_branch_labels' retrieved from /home/airflow/.local/lib/python3.11/site-packages/airflow/example_dags/example_branch_labels.py
[2024-03-07T18:23:14.644+0000] {logging_mixin.py:188} INFO - [2024-03-07T18:23:14.643+0000] {dag.py:3047} INFO - Sync 1 DAGs
[2024-03-07T18:23:14.706+0000] {logging_mixin.py:188} INFO - [2024-03-07T18:23:14.705+0000] {dag.py:3834} INFO - Setting next_dagrun for example_branch_labels to 2024-03-06 00:00:00+00:00, run_after=2024-03-07 00:00:00+00:00
[2024-03-07T18:23:14.764+0000] {processor.py:183} INFO - Processing /home/airflow/.local/lib/python3.11/site-packages/airflow/example_dags/example_branch_labels.py took 0.206 seconds
[2024-03-07T18:23:46.283+0000] {processor.py:161} INFO - Started process (PID=1226) to work on /home/airflow/.local/lib/python3.11/site-packages/airflow/example_dags/example_branch_labels.py
[2024-03-07T18:23:46.286+0000] {processor.py:830} INFO - Processing file /home/airflow/.local/lib/python3.11/site-packages/airflow/example_dags/example_branch_labels.py for tasks to queue
[2024-03-07T18:23:46.291+0000] {logging_mixin.py:188} INFO - [2024-03-07T18:23:46.290+0000] {dagbag.py:540} INFO - Filling up the DagBag from /home/airflow/.local/lib/python3.11/site-packages/airflow/example_dags/example_branch_labels.py
[2024-03-07T18:23:46.314+0000] {processor.py:840} INFO - DAG(s) 'example_branch_labels' retrieved from /home/airflow/.local/lib/python3.11/site-packages/airflow/example_dags/example_branch_labels.py
[2024-03-07T18:23:46.365+0000] {logging_mixin.py:188} INFO - [2024-03-07T18:23:46.364+0000] {dag.py:3047} INFO - Sync 1 DAGs
[2024-03-07T18:23:46.430+0000] {logging_mixin.py:188} INFO - [2024-03-07T18:23:46.429+0000] {dag.py:3834} INFO - Setting next_dagrun for example_branch_labels to 2024-03-06 00:00:00+00:00, run_after=2024-03-07 00:00:00+00:00
[2024-03-07T18:23:46.490+0000] {processor.py:183} INFO - Processing /home/airflow/.local/lib/python3.11/site-packages/airflow/example_dags/example_branch_labels.py took 0.212 seconds
[2024-03-07T18:24:18.539+0000] {processor.py:161} INFO - Started process (PID=1284) to work on /home/airflow/.local/lib/python3.11/site-packages/airflow/example_dags/example_branch_labels.py
[2024-03-07T18:24:18.541+0000] {processor.py:830} INFO - Processing file /home/airflow/.local/lib/python3.11/site-packages/airflow/example_dags/example_branch_labels.py for tasks to queue
[2024-03-07T18:24:18.545+0000] {logging_mixin.py:188} INFO - [2024-03-07T18:24:18.544+0000] {dagbag.py:540} INFO - Filling up the DagBag from /home/airflow/.local/lib/python3.11/site-packages/airflow/example_dags/example_branch_labels.py
[2024-03-07T18:24:18.560+0000] {processor.py:840} INFO - DAG(s) 'example_branch_labels' retrieved from /home/airflow/.local/lib/python3.11/site-packages/airflow/example_dags/example_branch_labels.py
[2024-03-07T18:24:18.617+0000] {logging_mixin.py:188} INFO - [2024-03-07T18:24:18.617+0000] {dag.py:3047} INFO - Sync 1 DAGs
[2024-03-07T18:24:18.708+0000] {logging_mixin.py:188} INFO - [2024-03-07T18:24:18.707+0000] {dag.py:3834} INFO - Setting next_dagrun for example_branch_labels to 2024-03-06 00:00:00+00:00, run_after=2024-03-07 00:00:00+00:00
[2024-03-07T18:24:18.777+0000] {processor.py:183} INFO - Processing /home/airflow/.local/lib/python3.11/site-packages/airflow/example_dags/example_branch_labels.py took 0.244 seconds
[2024-03-07T18:24:50.500+0000] {processor.py:161} INFO - Started process (PID=1342) to work on /home/airflow/.local/lib/python3.11/site-packages/airflow/example_dags/example_branch_labels.py
[2024-03-07T18:24:50.503+0000] {processor.py:830} INFO - Processing file /home/airflow/.local/lib/python3.11/site-packages/airflow/example_dags/example_branch_labels.py for tasks to queue
[2024-03-07T18:24:50.507+0000] {logging_mixin.py:188} INFO - [2024-03-07T18:24:50.506+0000] {dagbag.py:540} INFO - Filling up the DagBag from /home/airflow/.local/lib/python3.11/site-packages/airflow/example_dags/example_branch_labels.py
[2024-03-07T18:24:50.526+0000] {processor.py:840} INFO - DAG(s) 'example_branch_labels' retrieved from /home/airflow/.local/lib/python3.11/site-packages/airflow/example_dags/example_branch_labels.py
[2024-03-07T18:24:50.581+0000] {logging_mixin.py:188} INFO - [2024-03-07T18:24:50.580+0000] {dag.py:3047} INFO - Sync 1 DAGs
[2024-03-07T18:24:50.650+0000] {logging_mixin.py:188} INFO - [2024-03-07T18:24:50.649+0000] {dag.py:3834} INFO - Setting next_dagrun for example_branch_labels to 2024-03-06 00:00:00+00:00, run_after=2024-03-07 00:00:00+00:00
[2024-03-07T18:24:50.713+0000] {processor.py:183} INFO - Processing /home/airflow/.local/lib/python3.11/site-packages/airflow/example_dags/example_branch_labels.py took 0.218 seconds
[2024-03-07T18:25:23.107+0000] {processor.py:161} INFO - Started process (PID=1402) to work on /home/airflow/.local/lib/python3.11/site-packages/airflow/example_dags/example_branch_labels.py
[2024-03-07T18:25:23.110+0000] {processor.py:830} INFO - Processing file /home/airflow/.local/lib/python3.11/site-packages/airflow/example_dags/example_branch_labels.py for tasks to queue
[2024-03-07T18:25:23.116+0000] {logging_mixin.py:188} INFO - [2024-03-07T18:25:23.115+0000] {dagbag.py:540} INFO - Filling up the DagBag from /home/airflow/.local/lib/python3.11/site-packages/airflow/example_dags/example_branch_labels.py
[2024-03-07T18:25:23.135+0000] {processor.py:840} INFO - DAG(s) 'example_branch_labels' retrieved from /home/airflow/.local/lib/python3.11/site-packages/airflow/example_dags/example_branch_labels.py
[2024-03-07T18:25:23.188+0000] {logging_mixin.py:188} INFO - [2024-03-07T18:25:23.188+0000] {dag.py:3047} INFO - Sync 1 DAGs
[2024-03-07T18:25:23.264+0000] {logging_mixin.py:188} INFO - [2024-03-07T18:25:23.263+0000] {dag.py:3834} INFO - Setting next_dagrun for example_branch_labels to 2024-03-06 00:00:00+00:00, run_after=2024-03-07 00:00:00+00:00
[2024-03-07T18:25:23.326+0000] {processor.py:183} INFO - Processing /home/airflow/.local/lib/python3.11/site-packages/airflow/example_dags/example_branch_labels.py took 0.226 seconds
[2024-03-07T18:25:55.106+0000] {processor.py:161} INFO - Started process (PID=1459) to work on /home/airflow/.local/lib/python3.11/site-packages/airflow/example_dags/example_branch_labels.py
[2024-03-07T18:25:55.109+0000] {processor.py:830} INFO - Processing file /home/airflow/.local/lib/python3.11/site-packages/airflow/example_dags/example_branch_labels.py for tasks to queue
[2024-03-07T18:25:55.114+0000] {logging_mixin.py:188} INFO - [2024-03-07T18:25:55.113+0000] {dagbag.py:540} INFO - Filling up the DagBag from /home/airflow/.local/lib/python3.11/site-packages/airflow/example_dags/example_branch_labels.py
[2024-03-07T18:25:55.131+0000] {processor.py:840} INFO - DAG(s) 'example_branch_labels' retrieved from /home/airflow/.local/lib/python3.11/site-packages/airflow/example_dags/example_branch_labels.py
[2024-03-07T18:25:55.182+0000] {logging_mixin.py:188} INFO - [2024-03-07T18:25:55.182+0000] {dag.py:3047} INFO - Sync 1 DAGs
[2024-03-07T18:25:55.252+0000] {logging_mixin.py:188} INFO - [2024-03-07T18:25:55.251+0000] {dag.py:3834} INFO - Setting next_dagrun for example_branch_labels to 2024-03-06 00:00:00+00:00, run_after=2024-03-07 00:00:00+00:00
[2024-03-07T18:25:55.323+0000] {processor.py:183} INFO - Processing /home/airflow/.local/lib/python3.11/site-packages/airflow/example_dags/example_branch_labels.py took 0.224 seconds
[2024-03-07T18:26:26.929+0000] {processor.py:161} INFO - Started process (PID=1517) to work on /home/airflow/.local/lib/python3.11/site-packages/airflow/example_dags/example_branch_labels.py
[2024-03-07T18:26:26.931+0000] {processor.py:830} INFO - Processing file /home/airflow/.local/lib/python3.11/site-packages/airflow/example_dags/example_branch_labels.py for tasks to queue
[2024-03-07T18:26:26.935+0000] {logging_mixin.py:188} INFO - [2024-03-07T18:26:26.935+0000] {dagbag.py:540} INFO - Filling up the DagBag from /home/airflow/.local/lib/python3.11/site-packages/airflow/example_dags/example_branch_labels.py
[2024-03-07T18:26:26.949+0000] {processor.py:840} INFO - DAG(s) 'example_branch_labels' retrieved from /home/airflow/.local/lib/python3.11/site-packages/airflow/example_dags/example_branch_labels.py
[2024-03-07T18:26:26.991+0000] {logging_mixin.py:188} INFO - [2024-03-07T18:26:26.990+0000] {dag.py:3047} INFO - Sync 1 DAGs
[2024-03-07T18:26:27.047+0000] {logging_mixin.py:188} INFO - [2024-03-07T18:26:27.046+0000] {dag.py:3834} INFO - Setting next_dagrun for example_branch_labels to 2024-03-06 00:00:00+00:00, run_after=2024-03-07 00:00:00+00:00
[2024-03-07T18:26:27.097+0000] {processor.py:183} INFO - Processing /home/airflow/.local/lib/python3.11/site-packages/airflow/example_dags/example_branch_labels.py took 0.175 seconds
[2024-03-07T18:26:59.404+0000] {processor.py:161} INFO - Started process (PID=1577) to work on /home/airflow/.local/lib/python3.11/site-packages/airflow/example_dags/example_branch_labels.py
[2024-03-07T18:26:59.406+0000] {processor.py:830} INFO - Processing file /home/airflow/.local/lib/python3.11/site-packages/airflow/example_dags/example_branch_labels.py for tasks to queue
[2024-03-07T18:26:59.411+0000] {logging_mixin.py:188} INFO - [2024-03-07T18:26:59.410+0000] {dagbag.py:540} INFO - Filling up the DagBag from /home/airflow/.local/lib/python3.11/site-packages/airflow/example_dags/example_branch_labels.py
[2024-03-07T18:26:59.426+0000] {processor.py:840} INFO - DAG(s) 'example_branch_labels' retrieved from /home/airflow/.local/lib/python3.11/site-packages/airflow/example_dags/example_branch_labels.py
[2024-03-07T18:26:59.475+0000] {logging_mixin.py:188} INFO - [2024-03-07T18:26:59.474+0000] {dag.py:3047} INFO - Sync 1 DAGs
[2024-03-07T18:26:59.536+0000] {logging_mixin.py:188} INFO - [2024-03-07T18:26:59.535+0000] {dag.py:3834} INFO - Setting next_dagrun for example_branch_labels to 2024-03-06 00:00:00+00:00, run_after=2024-03-07 00:00:00+00:00
[2024-03-07T18:26:59.593+0000] {processor.py:183} INFO - Processing /home/airflow/.local/lib/python3.11/site-packages/airflow/example_dags/example_branch_labels.py took 0.194 seconds
[2024-03-07T18:27:32.189+0000] {processor.py:161} INFO - Started process (PID=1634) to work on /home/airflow/.local/lib/python3.11/site-packages/airflow/example_dags/example_branch_labels.py
[2024-03-07T18:27:32.193+0000] {processor.py:830} INFO - Processing file /home/airflow/.local/lib/python3.11/site-packages/airflow/example_dags/example_branch_labels.py for tasks to queue
[2024-03-07T18:27:32.199+0000] {logging_mixin.py:188} INFO - [2024-03-07T18:27:32.198+0000] {dagbag.py:540} INFO - Filling up the DagBag from /home/airflow/.local/lib/python3.11/site-packages/airflow/example_dags/example_branch_labels.py
[2024-03-07T18:27:32.217+0000] {processor.py:840} INFO - DAG(s) 'example_branch_labels' retrieved from /home/airflow/.local/lib/python3.11/site-packages/airflow/example_dags/example_branch_labels.py
[2024-03-07T18:27:32.270+0000] {logging_mixin.py:188} INFO - [2024-03-07T18:27:32.269+0000] {dag.py:3047} INFO - Sync 1 DAGs
[2024-03-07T18:27:32.327+0000] {logging_mixin.py:188} INFO - [2024-03-07T18:27:32.326+0000] {dag.py:3834} INFO - Setting next_dagrun for example_branch_labels to 2024-03-06 00:00:00+00:00, run_after=2024-03-07 00:00:00+00:00
[2024-03-07T18:27:32.407+0000] {processor.py:183} INFO - Processing /home/airflow/.local/lib/python3.11/site-packages/airflow/example_dags/example_branch_labels.py took 0.222 seconds
[2024-03-07T18:28:04.185+0000] {processor.py:161} INFO - Started process (PID=1692) to work on /home/airflow/.local/lib/python3.11/site-packages/airflow/example_dags/example_branch_labels.py
[2024-03-07T18:28:04.188+0000] {processor.py:830} INFO - Processing file /home/airflow/.local/lib/python3.11/site-packages/airflow/example_dags/example_branch_labels.py for tasks to queue
[2024-03-07T18:28:04.196+0000] {logging_mixin.py:188} INFO - [2024-03-07T18:28:04.194+0000] {dagbag.py:540} INFO - Filling up the DagBag from /home/airflow/.local/lib/python3.11/site-packages/airflow/example_dags/example_branch_labels.py
[2024-03-07T18:28:04.239+0000] {processor.py:840} INFO - DAG(s) 'example_branch_labels' retrieved from /home/airflow/.local/lib/python3.11/site-packages/airflow/example_dags/example_branch_labels.py
[2024-03-07T18:28:04.310+0000] {logging_mixin.py:188} INFO - [2024-03-07T18:28:04.309+0000] {dag.py:3047} INFO - Sync 1 DAGs
[2024-03-07T18:28:04.379+0000] {logging_mixin.py:188} INFO - [2024-03-07T18:28:04.378+0000] {dag.py:3834} INFO - Setting next_dagrun for example_branch_labels to 2024-03-06 00:00:00+00:00, run_after=2024-03-07 00:00:00+00:00
[2024-03-07T18:28:04.439+0000] {processor.py:183} INFO - Processing /home/airflow/.local/lib/python3.11/site-packages/airflow/example_dags/example_branch_labels.py took 0.262 seconds
[2024-03-07T18:28:36.973+0000] {processor.py:161} INFO - Started process (PID=1750) to work on /home/airflow/.local/lib/python3.11/site-packages/airflow/example_dags/example_branch_labels.py
[2024-03-07T18:28:36.987+0000] {processor.py:830} INFO - Processing file /home/airflow/.local/lib/python3.11/site-packages/airflow/example_dags/example_branch_labels.py for tasks to queue
[2024-03-07T18:28:37.013+0000] {logging_mixin.py:188} INFO - [2024-03-07T18:28:36.994+0000] {dagbag.py:540} INFO - Filling up the DagBag from /home/airflow/.local/lib/python3.11/site-packages/airflow/example_dags/example_branch_labels.py
[2024-03-07T18:28:37.060+0000] {processor.py:840} INFO - DAG(s) 'example_branch_labels' retrieved from /home/airflow/.local/lib/python3.11/site-packages/airflow/example_dags/example_branch_labels.py
[2024-03-07T18:28:37.122+0000] {logging_mixin.py:188} INFO - [2024-03-07T18:28:37.121+0000] {dag.py:3047} INFO - Sync 1 DAGs
[2024-03-07T18:28:37.466+0000] {logging_mixin.py:188} INFO - [2024-03-07T18:28:37.464+0000] {dag.py:3834} INFO - Setting next_dagrun for example_branch_labels to 2024-03-06 00:00:00+00:00, run_after=2024-03-07 00:00:00+00:00
[2024-03-07T18:28:37.624+0000] {processor.py:183} INFO - Processing /home/airflow/.local/lib/python3.11/site-packages/airflow/example_dags/example_branch_labels.py took 0.683 seconds
[2024-03-07T18:29:08.084+0000] {processor.py:161} INFO - Started process (PID=1809) to work on /home/airflow/.local/lib/python3.11/site-packages/airflow/example_dags/example_branch_labels.py
[2024-03-07T18:29:08.089+0000] {processor.py:830} INFO - Processing file /home/airflow/.local/lib/python3.11/site-packages/airflow/example_dags/example_branch_labels.py for tasks to queue
[2024-03-07T18:29:08.096+0000] {logging_mixin.py:188} INFO - [2024-03-07T18:29:08.095+0000] {dagbag.py:540} INFO - Filling up the DagBag from /home/airflow/.local/lib/python3.11/site-packages/airflow/example_dags/example_branch_labels.py
[2024-03-07T18:29:08.122+0000] {processor.py:840} INFO - DAG(s) 'example_branch_labels' retrieved from /home/airflow/.local/lib/python3.11/site-packages/airflow/example_dags/example_branch_labels.py
[2024-03-07T18:29:08.261+0000] {logging_mixin.py:188} INFO - [2024-03-07T18:29:08.246+0000] {dag.py:3047} INFO - Sync 1 DAGs
[2024-03-07T18:29:08.387+0000] {logging_mixin.py:188} INFO - [2024-03-07T18:29:08.386+0000] {dag.py:3834} INFO - Setting next_dagrun for example_branch_labels to 2024-03-06 00:00:00+00:00, run_after=2024-03-07 00:00:00+00:00
[2024-03-07T18:29:08.467+0000] {processor.py:183} INFO - Processing /home/airflow/.local/lib/python3.11/site-packages/airflow/example_dags/example_branch_labels.py took 0.396 seconds
