[2024-03-07T18:13:21.842+0000] {processor.py:161} INFO - Started process (PID=81) to work on /home/airflow/.local/lib/python3.11/site-packages/airflow/example_dags/example_time_delta_sensor_async.py
[2024-03-07T18:13:21.851+0000] {processor.py:830} INFO - Processing file /home/airflow/.local/lib/python3.11/site-packages/airflow/example_dags/example_time_delta_sensor_async.py for tasks to queue
[2024-03-07T18:13:21.867+0000] {logging_mixin.py:188} INFO - [2024-03-07T18:13:21.866+0000] {dagbag.py:540} INFO - Filling up the DagBag from /home/airflow/.local/lib/python3.11/site-packages/airflow/example_dags/example_time_delta_sensor_async.py
[2024-03-07T18:13:21.910+0000] {processor.py:840} INFO - DAG(s) 'example_time_delta_sensor_async' retrieved from /home/airflow/.local/lib/python3.11/site-packages/airflow/example_dags/example_time_delta_sensor_async.py
[2024-03-07T18:13:22.100+0000] {logging_mixin.py:188} INFO - [2024-03-07T18:13:22.099+0000] {dag.py:3047} INFO - Sync 1 DAGs
[2024-03-07T18:13:22.253+0000] {logging_mixin.py:188} INFO - [2024-03-07T18:13:22.252+0000] {dag.py:3834} INFO - Setting next_dagrun for example_time_delta_sensor_async to None, run_after=None
[2024-03-07T18:13:22.466+0000] {processor.py:183} INFO - Processing /home/airflow/.local/lib/python3.11/site-packages/airflow/example_dags/example_time_delta_sensor_async.py took 0.643 seconds
[2024-03-07T18:13:52.750+0000] {processor.py:161} INFO - Started process (PID=139) to work on /home/airflow/.local/lib/python3.11/site-packages/airflow/example_dags/example_time_delta_sensor_async.py
[2024-03-07T18:13:52.756+0000] {processor.py:830} INFO - Processing file /home/airflow/.local/lib/python3.11/site-packages/airflow/example_dags/example_time_delta_sensor_async.py for tasks to queue
[2024-03-07T18:13:52.769+0000] {logging_mixin.py:188} INFO - [2024-03-07T18:13:52.768+0000] {dagbag.py:540} INFO - Filling up the DagBag from /home/airflow/.local/lib/python3.11/site-packages/airflow/example_dags/example_time_delta_sensor_async.py
[2024-03-07T18:13:52.799+0000] {processor.py:840} INFO - DAG(s) 'example_time_delta_sensor_async' retrieved from /home/airflow/.local/lib/python3.11/site-packages/airflow/example_dags/example_time_delta_sensor_async.py
[2024-03-07T18:13:52.875+0000] {logging_mixin.py:188} INFO - [2024-03-07T18:13:52.875+0000] {dag.py:3047} INFO - Sync 1 DAGs
[2024-03-07T18:13:52.932+0000] {logging_mixin.py:188} INFO - [2024-03-07T18:13:52.930+0000] {dag.py:3834} INFO - Setting next_dagrun for example_time_delta_sensor_async to None, run_after=None
[2024-03-07T18:13:53.034+0000] {processor.py:183} INFO - Processing /home/airflow/.local/lib/python3.11/site-packages/airflow/example_dags/example_time_delta_sensor_async.py took 0.299 seconds
[2024-03-07T18:14:23.639+0000] {processor.py:161} INFO - Started process (PID=197) to work on /home/airflow/.local/lib/python3.11/site-packages/airflow/example_dags/example_time_delta_sensor_async.py
[2024-03-07T18:14:23.648+0000] {processor.py:830} INFO - Processing file /home/airflow/.local/lib/python3.11/site-packages/airflow/example_dags/example_time_delta_sensor_async.py for tasks to queue
[2024-03-07T18:14:23.666+0000] {logging_mixin.py:188} INFO - [2024-03-07T18:14:23.664+0000] {dagbag.py:540} INFO - Filling up the DagBag from /home/airflow/.local/lib/python3.11/site-packages/airflow/example_dags/example_time_delta_sensor_async.py
[2024-03-07T18:14:23.702+0000] {processor.py:840} INFO - DAG(s) 'example_time_delta_sensor_async' retrieved from /home/airflow/.local/lib/python3.11/site-packages/airflow/example_dags/example_time_delta_sensor_async.py
[2024-03-07T18:14:23.836+0000] {logging_mixin.py:188} INFO - [2024-03-07T18:14:23.835+0000] {dag.py:3047} INFO - Sync 1 DAGs
[2024-03-07T18:14:23.916+0000] {logging_mixin.py:188} INFO - [2024-03-07T18:14:23.915+0000] {dag.py:3834} INFO - Setting next_dagrun for example_time_delta_sensor_async to None, run_after=None
[2024-03-07T18:14:24.183+0000] {processor.py:183} INFO - Processing /home/airflow/.local/lib/python3.11/site-packages/airflow/example_dags/example_time_delta_sensor_async.py took 0.559 seconds
[2024-03-07T18:14:55.719+0000] {processor.py:161} INFO - Started process (PID=254) to work on /home/airflow/.local/lib/python3.11/site-packages/airflow/example_dags/example_time_delta_sensor_async.py
[2024-03-07T18:14:55.723+0000] {processor.py:830} INFO - Processing file /home/airflow/.local/lib/python3.11/site-packages/airflow/example_dags/example_time_delta_sensor_async.py for tasks to queue
[2024-03-07T18:14:55.730+0000] {logging_mixin.py:188} INFO - [2024-03-07T18:14:55.728+0000] {dagbag.py:540} INFO - Filling up the DagBag from /home/airflow/.local/lib/python3.11/site-packages/airflow/example_dags/example_time_delta_sensor_async.py
[2024-03-07T18:14:55.745+0000] {processor.py:840} INFO - DAG(s) 'example_time_delta_sensor_async' retrieved from /home/airflow/.local/lib/python3.11/site-packages/airflow/example_dags/example_time_delta_sensor_async.py
[2024-03-07T18:14:55.780+0000] {logging_mixin.py:188} INFO - [2024-03-07T18:14:55.779+0000] {dag.py:3047} INFO - Sync 1 DAGs
[2024-03-07T18:14:55.821+0000] {logging_mixin.py:188} INFO - [2024-03-07T18:14:55.820+0000] {dag.py:3834} INFO - Setting next_dagrun for example_time_delta_sensor_async to None, run_after=None
[2024-03-07T18:14:56.027+0000] {processor.py:183} INFO - Processing /home/airflow/.local/lib/python3.11/site-packages/airflow/example_dags/example_time_delta_sensor_async.py took 0.318 seconds
[2024-03-07T18:15:30.832+0000] {processor.py:161} INFO - Started process (PID=313) to work on /home/airflow/.local/lib/python3.11/site-packages/airflow/example_dags/example_time_delta_sensor_async.py
[2024-03-07T18:15:30.836+0000] {processor.py:830} INFO - Processing file /home/airflow/.local/lib/python3.11/site-packages/airflow/example_dags/example_time_delta_sensor_async.py for tasks to queue
[2024-03-07T18:15:30.853+0000] {logging_mixin.py:188} INFO - [2024-03-07T18:15:30.851+0000] {dagbag.py:540} INFO - Filling up the DagBag from /home/airflow/.local/lib/python3.11/site-packages/airflow/example_dags/example_time_delta_sensor_async.py
[2024-03-07T18:15:30.876+0000] {processor.py:840} INFO - DAG(s) 'example_time_delta_sensor_async' retrieved from /home/airflow/.local/lib/python3.11/site-packages/airflow/example_dags/example_time_delta_sensor_async.py
[2024-03-07T18:15:31.722+0000] {logging_mixin.py:188} INFO - [2024-03-07T18:15:31.721+0000] {dag.py:3047} INFO - Sync 1 DAGs
[2024-03-07T18:15:31.813+0000] {logging_mixin.py:188} INFO - [2024-03-07T18:15:31.812+0000] {dag.py:3834} INFO - Setting next_dagrun for example_time_delta_sensor_async to None, run_after=None
[2024-03-07T18:15:31.949+0000] {processor.py:183} INFO - Processing /home/airflow/.local/lib/python3.11/site-packages/airflow/example_dags/example_time_delta_sensor_async.py took 1.135 seconds
[2024-03-07T18:16:02.540+0000] {processor.py:161} INFO - Started process (PID=371) to work on /home/airflow/.local/lib/python3.11/site-packages/airflow/example_dags/example_time_delta_sensor_async.py
[2024-03-07T18:16:02.542+0000] {processor.py:830} INFO - Processing file /home/airflow/.local/lib/python3.11/site-packages/airflow/example_dags/example_time_delta_sensor_async.py for tasks to queue
[2024-03-07T18:16:02.548+0000] {logging_mixin.py:188} INFO - [2024-03-07T18:16:02.547+0000] {dagbag.py:540} INFO - Filling up the DagBag from /home/airflow/.local/lib/python3.11/site-packages/airflow/example_dags/example_time_delta_sensor_async.py
[2024-03-07T18:16:02.560+0000] {processor.py:840} INFO - DAG(s) 'example_time_delta_sensor_async' retrieved from /home/airflow/.local/lib/python3.11/site-packages/airflow/example_dags/example_time_delta_sensor_async.py
[2024-03-07T18:16:02.614+0000] {logging_mixin.py:188} INFO - [2024-03-07T18:16:02.613+0000] {dag.py:3047} INFO - Sync 1 DAGs
[2024-03-07T18:16:02.644+0000] {logging_mixin.py:188} INFO - [2024-03-07T18:16:02.644+0000] {dag.py:3834} INFO - Setting next_dagrun for example_time_delta_sensor_async to None, run_after=None
[2024-03-07T18:16:02.700+0000] {processor.py:183} INFO - Processing /home/airflow/.local/lib/python3.11/site-packages/airflow/example_dags/example_time_delta_sensor_async.py took 0.168 seconds
[2024-03-07T18:16:33.037+0000] {processor.py:161} INFO - Started process (PID=429) to work on /home/airflow/.local/lib/python3.11/site-packages/airflow/example_dags/example_time_delta_sensor_async.py
[2024-03-07T18:16:33.040+0000] {processor.py:830} INFO - Processing file /home/airflow/.local/lib/python3.11/site-packages/airflow/example_dags/example_time_delta_sensor_async.py for tasks to queue
[2024-03-07T18:16:33.047+0000] {logging_mixin.py:188} INFO - [2024-03-07T18:16:33.046+0000] {dagbag.py:540} INFO - Filling up the DagBag from /home/airflow/.local/lib/python3.11/site-packages/airflow/example_dags/example_time_delta_sensor_async.py
[2024-03-07T18:16:33.059+0000] {processor.py:840} INFO - DAG(s) 'example_time_delta_sensor_async' retrieved from /home/airflow/.local/lib/python3.11/site-packages/airflow/example_dags/example_time_delta_sensor_async.py
[2024-03-07T18:16:33.118+0000] {logging_mixin.py:188} INFO - [2024-03-07T18:16:33.118+0000] {dag.py:3047} INFO - Sync 1 DAGs
[2024-03-07T18:16:33.149+0000] {logging_mixin.py:188} INFO - [2024-03-07T18:16:33.148+0000] {dag.py:3834} INFO - Setting next_dagrun for example_time_delta_sensor_async to None, run_after=None
[2024-03-07T18:16:33.207+0000] {processor.py:183} INFO - Processing /home/airflow/.local/lib/python3.11/site-packages/airflow/example_dags/example_time_delta_sensor_async.py took 0.174 seconds
[2024-03-07T18:17:03.685+0000] {processor.py:161} INFO - Started process (PID=487) to work on /home/airflow/.local/lib/python3.11/site-packages/airflow/example_dags/example_time_delta_sensor_async.py
[2024-03-07T18:17:03.687+0000] {processor.py:830} INFO - Processing file /home/airflow/.local/lib/python3.11/site-packages/airflow/example_dags/example_time_delta_sensor_async.py for tasks to queue
[2024-03-07T18:17:03.692+0000] {logging_mixin.py:188} INFO - [2024-03-07T18:17:03.691+0000] {dagbag.py:540} INFO - Filling up the DagBag from /home/airflow/.local/lib/python3.11/site-packages/airflow/example_dags/example_time_delta_sensor_async.py
[2024-03-07T18:17:03.704+0000] {processor.py:840} INFO - DAG(s) 'example_time_delta_sensor_async' retrieved from /home/airflow/.local/lib/python3.11/site-packages/airflow/example_dags/example_time_delta_sensor_async.py
[2024-03-07T18:17:03.755+0000] {logging_mixin.py:188} INFO - [2024-03-07T18:17:03.754+0000] {dag.py:3047} INFO - Sync 1 DAGs
[2024-03-07T18:17:03.794+0000] {logging_mixin.py:188} INFO - [2024-03-07T18:17:03.793+0000] {dag.py:3834} INFO - Setting next_dagrun for example_time_delta_sensor_async to None, run_after=None
[2024-03-07T18:17:03.860+0000] {processor.py:183} INFO - Processing /home/airflow/.local/lib/python3.11/site-packages/airflow/example_dags/example_time_delta_sensor_async.py took 0.181 seconds
[2024-03-07T18:17:34.169+0000] {processor.py:161} INFO - Started process (PID=544) to work on /home/airflow/.local/lib/python3.11/site-packages/airflow/example_dags/example_time_delta_sensor_async.py
[2024-03-07T18:17:34.172+0000] {processor.py:830} INFO - Processing file /home/airflow/.local/lib/python3.11/site-packages/airflow/example_dags/example_time_delta_sensor_async.py for tasks to queue
[2024-03-07T18:17:34.177+0000] {logging_mixin.py:188} INFO - [2024-03-07T18:17:34.176+0000] {dagbag.py:540} INFO - Filling up the DagBag from /home/airflow/.local/lib/python3.11/site-packages/airflow/example_dags/example_time_delta_sensor_async.py
[2024-03-07T18:17:34.192+0000] {processor.py:840} INFO - DAG(s) 'example_time_delta_sensor_async' retrieved from /home/airflow/.local/lib/python3.11/site-packages/airflow/example_dags/example_time_delta_sensor_async.py
[2024-03-07T18:17:34.264+0000] {logging_mixin.py:188} INFO - [2024-03-07T18:17:34.264+0000] {dag.py:3047} INFO - Sync 1 DAGs
[2024-03-07T18:17:34.303+0000] {logging_mixin.py:188} INFO - [2024-03-07T18:17:34.302+0000] {dag.py:3834} INFO - Setting next_dagrun for example_time_delta_sensor_async to None, run_after=None
[2024-03-07T18:17:34.383+0000] {processor.py:183} INFO - Processing /home/airflow/.local/lib/python3.11/site-packages/airflow/example_dags/example_time_delta_sensor_async.py took 0.219 seconds
[2024-03-07T18:18:04.635+0000] {processor.py:161} INFO - Started process (PID=602) to work on /home/airflow/.local/lib/python3.11/site-packages/airflow/example_dags/example_time_delta_sensor_async.py
[2024-03-07T18:18:04.637+0000] {processor.py:830} INFO - Processing file /home/airflow/.local/lib/python3.11/site-packages/airflow/example_dags/example_time_delta_sensor_async.py for tasks to queue
[2024-03-07T18:18:04.642+0000] {logging_mixin.py:188} INFO - [2024-03-07T18:18:04.641+0000] {dagbag.py:540} INFO - Filling up the DagBag from /home/airflow/.local/lib/python3.11/site-packages/airflow/example_dags/example_time_delta_sensor_async.py
[2024-03-07T18:18:04.651+0000] {processor.py:840} INFO - DAG(s) 'example_time_delta_sensor_async' retrieved from /home/airflow/.local/lib/python3.11/site-packages/airflow/example_dags/example_time_delta_sensor_async.py
[2024-03-07T18:18:04.707+0000] {logging_mixin.py:188} INFO - [2024-03-07T18:18:04.707+0000] {dag.py:3047} INFO - Sync 1 DAGs
[2024-03-07T18:18:04.744+0000] {logging_mixin.py:188} INFO - [2024-03-07T18:18:04.743+0000] {dag.py:3834} INFO - Setting next_dagrun for example_time_delta_sensor_async to None, run_after=None
[2024-03-07T18:18:04.807+0000] {processor.py:183} INFO - Processing /home/airflow/.local/lib/python3.11/site-packages/airflow/example_dags/example_time_delta_sensor_async.py took 0.176 seconds
[2024-03-07T18:18:35.071+0000] {processor.py:161} INFO - Started process (PID=660) to work on /home/airflow/.local/lib/python3.11/site-packages/airflow/example_dags/example_time_delta_sensor_async.py
[2024-03-07T18:18:35.074+0000] {processor.py:830} INFO - Processing file /home/airflow/.local/lib/python3.11/site-packages/airflow/example_dags/example_time_delta_sensor_async.py for tasks to queue
[2024-03-07T18:18:35.080+0000] {logging_mixin.py:188} INFO - [2024-03-07T18:18:35.079+0000] {dagbag.py:540} INFO - Filling up the DagBag from /home/airflow/.local/lib/python3.11/site-packages/airflow/example_dags/example_time_delta_sensor_async.py
[2024-03-07T18:18:35.090+0000] {processor.py:840} INFO - DAG(s) 'example_time_delta_sensor_async' retrieved from /home/airflow/.local/lib/python3.11/site-packages/airflow/example_dags/example_time_delta_sensor_async.py
[2024-03-07T18:18:35.140+0000] {logging_mixin.py:188} INFO - [2024-03-07T18:18:35.139+0000] {dag.py:3047} INFO - Sync 1 DAGs
[2024-03-07T18:18:35.172+0000] {logging_mixin.py:188} INFO - [2024-03-07T18:18:35.171+0000] {dag.py:3834} INFO - Setting next_dagrun for example_time_delta_sensor_async to None, run_after=None
[2024-03-07T18:18:35.231+0000] {processor.py:183} INFO - Processing /home/airflow/.local/lib/python3.11/site-packages/airflow/example_dags/example_time_delta_sensor_async.py took 0.165 seconds
[2024-03-07T18:19:05.378+0000] {processor.py:161} INFO - Started process (PID=718) to work on /home/airflow/.local/lib/python3.11/site-packages/airflow/example_dags/example_time_delta_sensor_async.py
[2024-03-07T18:19:05.381+0000] {processor.py:830} INFO - Processing file /home/airflow/.local/lib/python3.11/site-packages/airflow/example_dags/example_time_delta_sensor_async.py for tasks to queue
[2024-03-07T18:19:05.386+0000] {logging_mixin.py:188} INFO - [2024-03-07T18:19:05.385+0000] {dagbag.py:540} INFO - Filling up the DagBag from /home/airflow/.local/lib/python3.11/site-packages/airflow/example_dags/example_time_delta_sensor_async.py
[2024-03-07T18:19:05.395+0000] {processor.py:840} INFO - DAG(s) 'example_time_delta_sensor_async' retrieved from /home/airflow/.local/lib/python3.11/site-packages/airflow/example_dags/example_time_delta_sensor_async.py
[2024-03-07T18:19:05.440+0000] {logging_mixin.py:188} INFO - [2024-03-07T18:19:05.439+0000] {dag.py:3047} INFO - Sync 1 DAGs
[2024-03-07T18:19:05.468+0000] {logging_mixin.py:188} INFO - [2024-03-07T18:19:05.467+0000] {dag.py:3834} INFO - Setting next_dagrun for example_time_delta_sensor_async to None, run_after=None
[2024-03-07T18:19:05.516+0000] {processor.py:183} INFO - Processing /home/airflow/.local/lib/python3.11/site-packages/airflow/example_dags/example_time_delta_sensor_async.py took 0.143 seconds
[2024-03-07T18:19:36.645+0000] {processor.py:161} INFO - Started process (PID=777) to work on /home/airflow/.local/lib/python3.11/site-packages/airflow/example_dags/example_time_delta_sensor_async.py
[2024-03-07T18:19:36.647+0000] {processor.py:830} INFO - Processing file /home/airflow/.local/lib/python3.11/site-packages/airflow/example_dags/example_time_delta_sensor_async.py for tasks to queue
[2024-03-07T18:19:36.651+0000] {logging_mixin.py:188} INFO - [2024-03-07T18:19:36.650+0000] {dagbag.py:540} INFO - Filling up the DagBag from /home/airflow/.local/lib/python3.11/site-packages/airflow/example_dags/example_time_delta_sensor_async.py
[2024-03-07T18:19:36.660+0000] {processor.py:840} INFO - DAG(s) 'example_time_delta_sensor_async' retrieved from /home/airflow/.local/lib/python3.11/site-packages/airflow/example_dags/example_time_delta_sensor_async.py
[2024-03-07T18:19:36.701+0000] {logging_mixin.py:188} INFO - [2024-03-07T18:19:36.701+0000] {dag.py:3047} INFO - Sync 1 DAGs
[2024-03-07T18:19:36.728+0000] {logging_mixin.py:188} INFO - [2024-03-07T18:19:36.727+0000] {dag.py:3834} INFO - Setting next_dagrun for example_time_delta_sensor_async to None, run_after=None
[2024-03-07T18:19:36.778+0000] {processor.py:183} INFO - Processing /home/airflow/.local/lib/python3.11/site-packages/airflow/example_dags/example_time_delta_sensor_async.py took 0.139 seconds
[2024-03-07T18:20:07.580+0000] {processor.py:161} INFO - Started process (PID=835) to work on /home/airflow/.local/lib/python3.11/site-packages/airflow/example_dags/example_time_delta_sensor_async.py
[2024-03-07T18:20:07.582+0000] {processor.py:830} INFO - Processing file /home/airflow/.local/lib/python3.11/site-packages/airflow/example_dags/example_time_delta_sensor_async.py for tasks to queue
[2024-03-07T18:20:07.586+0000] {logging_mixin.py:188} INFO - [2024-03-07T18:20:07.586+0000] {dagbag.py:540} INFO - Filling up the DagBag from /home/airflow/.local/lib/python3.11/site-packages/airflow/example_dags/example_time_delta_sensor_async.py
[2024-03-07T18:20:07.594+0000] {processor.py:840} INFO - DAG(s) 'example_time_delta_sensor_async' retrieved from /home/airflow/.local/lib/python3.11/site-packages/airflow/example_dags/example_time_delta_sensor_async.py
[2024-03-07T18:20:07.636+0000] {logging_mixin.py:188} INFO - [2024-03-07T18:20:07.636+0000] {dag.py:3047} INFO - Sync 1 DAGs
[2024-03-07T18:20:07.662+0000] {logging_mixin.py:188} INFO - [2024-03-07T18:20:07.661+0000] {dag.py:3834} INFO - Setting next_dagrun for example_time_delta_sensor_async to None, run_after=None
[2024-03-07T18:20:07.714+0000] {processor.py:183} INFO - Processing /home/airflow/.local/lib/python3.11/site-packages/airflow/example_dags/example_time_delta_sensor_async.py took 0.139 seconds
[2024-03-07T18:20:38.627+0000] {processor.py:161} INFO - Started process (PID=892) to work on /home/airflow/.local/lib/python3.11/site-packages/airflow/example_dags/example_time_delta_sensor_async.py
[2024-03-07T18:20:38.629+0000] {processor.py:830} INFO - Processing file /home/airflow/.local/lib/python3.11/site-packages/airflow/example_dags/example_time_delta_sensor_async.py for tasks to queue
[2024-03-07T18:20:38.634+0000] {logging_mixin.py:188} INFO - [2024-03-07T18:20:38.633+0000] {dagbag.py:540} INFO - Filling up the DagBag from /home/airflow/.local/lib/python3.11/site-packages/airflow/example_dags/example_time_delta_sensor_async.py
[2024-03-07T18:20:38.647+0000] {processor.py:840} INFO - DAG(s) 'example_time_delta_sensor_async' retrieved from /home/airflow/.local/lib/python3.11/site-packages/airflow/example_dags/example_time_delta_sensor_async.py
[2024-03-07T18:20:38.811+0000] {logging_mixin.py:188} INFO - [2024-03-07T18:20:38.807+0000] {dag.py:3047} INFO - Sync 1 DAGs
[2024-03-07T18:20:38.908+0000] {logging_mixin.py:188} INFO - [2024-03-07T18:20:38.904+0000] {dag.py:3834} INFO - Setting next_dagrun for example_time_delta_sensor_async to None, run_after=None
[2024-03-07T18:20:39.032+0000] {processor.py:183} INFO - Processing /home/airflow/.local/lib/python3.11/site-packages/airflow/example_dags/example_time_delta_sensor_async.py took 0.409 seconds
[2024-03-07T18:21:10.122+0000] {processor.py:161} INFO - Started process (PID=955) to work on /home/airflow/.local/lib/python3.11/site-packages/airflow/example_dags/example_time_delta_sensor_async.py
[2024-03-07T18:21:10.124+0000] {processor.py:830} INFO - Processing file /home/airflow/.local/lib/python3.11/site-packages/airflow/example_dags/example_time_delta_sensor_async.py for tasks to queue
[2024-03-07T18:21:10.128+0000] {logging_mixin.py:188} INFO - [2024-03-07T18:21:10.127+0000] {dagbag.py:540} INFO - Filling up the DagBag from /home/airflow/.local/lib/python3.11/site-packages/airflow/example_dags/example_time_delta_sensor_async.py
[2024-03-07T18:21:10.136+0000] {processor.py:840} INFO - DAG(s) 'example_time_delta_sensor_async' retrieved from /home/airflow/.local/lib/python3.11/site-packages/airflow/example_dags/example_time_delta_sensor_async.py
[2024-03-07T18:21:10.179+0000] {logging_mixin.py:188} INFO - [2024-03-07T18:21:10.178+0000] {dag.py:3047} INFO - Sync 1 DAGs
[2024-03-07T18:21:10.204+0000] {logging_mixin.py:188} INFO - [2024-03-07T18:21:10.203+0000] {dag.py:3834} INFO - Setting next_dagrun for example_time_delta_sensor_async to None, run_after=None
[2024-03-07T18:21:10.260+0000] {processor.py:183} INFO - Processing /home/airflow/.local/lib/python3.11/site-packages/airflow/example_dags/example_time_delta_sensor_async.py took 0.143 seconds
[2024-03-07T18:21:43.989+0000] {processor.py:161} INFO - Started process (PID=1013) to work on /home/airflow/.local/lib/python3.11/site-packages/airflow/example_dags/example_time_delta_sensor_async.py
[2024-03-07T18:21:43.992+0000] {processor.py:830} INFO - Processing file /home/airflow/.local/lib/python3.11/site-packages/airflow/example_dags/example_time_delta_sensor_async.py for tasks to queue
[2024-03-07T18:21:43.995+0000] {logging_mixin.py:188} INFO - [2024-03-07T18:21:43.995+0000] {dagbag.py:540} INFO - Filling up the DagBag from /home/airflow/.local/lib/python3.11/site-packages/airflow/example_dags/example_time_delta_sensor_async.py
[2024-03-07T18:21:44.006+0000] {processor.py:840} INFO - DAG(s) 'example_time_delta_sensor_async' retrieved from /home/airflow/.local/lib/python3.11/site-packages/airflow/example_dags/example_time_delta_sensor_async.py
[2024-03-07T18:21:44.059+0000] {logging_mixin.py:188} INFO - [2024-03-07T18:21:44.057+0000] {dag.py:3047} INFO - Sync 1 DAGs
[2024-03-07T18:21:44.102+0000] {logging_mixin.py:188} INFO - [2024-03-07T18:21:44.101+0000] {dag.py:3834} INFO - Setting next_dagrun for example_time_delta_sensor_async to None, run_after=None
[2024-03-07T18:21:44.152+0000] {processor.py:183} INFO - Processing /home/airflow/.local/lib/python3.11/site-packages/airflow/example_dags/example_time_delta_sensor_async.py took 0.169 seconds
[2024-03-07T18:22:14.988+0000] {processor.py:161} INFO - Started process (PID=1071) to work on /home/airflow/.local/lib/python3.11/site-packages/airflow/example_dags/example_time_delta_sensor_async.py
[2024-03-07T18:22:14.990+0000] {processor.py:830} INFO - Processing file /home/airflow/.local/lib/python3.11/site-packages/airflow/example_dags/example_time_delta_sensor_async.py for tasks to queue
[2024-03-07T18:22:14.995+0000] {logging_mixin.py:188} INFO - [2024-03-07T18:22:14.994+0000] {dagbag.py:540} INFO - Filling up the DagBag from /home/airflow/.local/lib/python3.11/site-packages/airflow/example_dags/example_time_delta_sensor_async.py
[2024-03-07T18:22:15.004+0000] {processor.py:840} INFO - DAG(s) 'example_time_delta_sensor_async' retrieved from /home/airflow/.local/lib/python3.11/site-packages/airflow/example_dags/example_time_delta_sensor_async.py
[2024-03-07T18:22:15.049+0000] {logging_mixin.py:188} INFO - [2024-03-07T18:22:15.049+0000] {dag.py:3047} INFO - Sync 1 DAGs
[2024-03-07T18:22:15.081+0000] {logging_mixin.py:188} INFO - [2024-03-07T18:22:15.081+0000] {dag.py:3834} INFO - Setting next_dagrun for example_time_delta_sensor_async to None, run_after=None
[2024-03-07T18:22:15.140+0000] {processor.py:183} INFO - Processing /home/airflow/.local/lib/python3.11/site-packages/airflow/example_dags/example_time_delta_sensor_async.py took 0.157 seconds
[2024-03-07T18:22:47.640+0000] {processor.py:161} INFO - Started process (PID=1130) to work on /home/airflow/.local/lib/python3.11/site-packages/airflow/example_dags/example_time_delta_sensor_async.py
[2024-03-07T18:22:47.642+0000] {processor.py:830} INFO - Processing file /home/airflow/.local/lib/python3.11/site-packages/airflow/example_dags/example_time_delta_sensor_async.py for tasks to queue
[2024-03-07T18:22:47.646+0000] {logging_mixin.py:188} INFO - [2024-03-07T18:22:47.645+0000] {dagbag.py:540} INFO - Filling up the DagBag from /home/airflow/.local/lib/python3.11/site-packages/airflow/example_dags/example_time_delta_sensor_async.py
[2024-03-07T18:22:47.654+0000] {processor.py:840} INFO - DAG(s) 'example_time_delta_sensor_async' retrieved from /home/airflow/.local/lib/python3.11/site-packages/airflow/example_dags/example_time_delta_sensor_async.py
[2024-03-07T18:22:47.698+0000] {logging_mixin.py:188} INFO - [2024-03-07T18:22:47.697+0000] {dag.py:3047} INFO - Sync 1 DAGs
[2024-03-07T18:22:47.725+0000] {logging_mixin.py:188} INFO - [2024-03-07T18:22:47.724+0000] {dag.py:3834} INFO - Setting next_dagrun for example_time_delta_sensor_async to None, run_after=None
[2024-03-07T18:22:47.780+0000] {processor.py:183} INFO - Processing /home/airflow/.local/lib/python3.11/site-packages/airflow/example_dags/example_time_delta_sensor_async.py took 0.145 seconds
[2024-03-07T18:23:19.015+0000] {processor.py:161} INFO - Started process (PID=1188) to work on /home/airflow/.local/lib/python3.11/site-packages/airflow/example_dags/example_time_delta_sensor_async.py
[2024-03-07T18:23:19.017+0000] {processor.py:830} INFO - Processing file /home/airflow/.local/lib/python3.11/site-packages/airflow/example_dags/example_time_delta_sensor_async.py for tasks to queue
[2024-03-07T18:23:19.021+0000] {logging_mixin.py:188} INFO - [2024-03-07T18:23:19.021+0000] {dagbag.py:540} INFO - Filling up the DagBag from /home/airflow/.local/lib/python3.11/site-packages/airflow/example_dags/example_time_delta_sensor_async.py
[2024-03-07T18:23:19.032+0000] {processor.py:840} INFO - DAG(s) 'example_time_delta_sensor_async' retrieved from /home/airflow/.local/lib/python3.11/site-packages/airflow/example_dags/example_time_delta_sensor_async.py
[2024-03-07T18:23:19.083+0000] {logging_mixin.py:188} INFO - [2024-03-07T18:23:19.082+0000] {dag.py:3047} INFO - Sync 1 DAGs
[2024-03-07T18:23:19.109+0000] {logging_mixin.py:188} INFO - [2024-03-07T18:23:19.109+0000] {dag.py:3834} INFO - Setting next_dagrun for example_time_delta_sensor_async to None, run_after=None
[2024-03-07T18:23:19.166+0000] {processor.py:183} INFO - Processing /home/airflow/.local/lib/python3.11/site-packages/airflow/example_dags/example_time_delta_sensor_async.py took 0.156 seconds
[2024-03-07T18:23:50.241+0000] {processor.py:161} INFO - Started process (PID=1247) to work on /home/airflow/.local/lib/python3.11/site-packages/airflow/example_dags/example_time_delta_sensor_async.py
[2024-03-07T18:23:50.243+0000] {processor.py:830} INFO - Processing file /home/airflow/.local/lib/python3.11/site-packages/airflow/example_dags/example_time_delta_sensor_async.py for tasks to queue
[2024-03-07T18:23:50.246+0000] {logging_mixin.py:188} INFO - [2024-03-07T18:23:50.246+0000] {dagbag.py:540} INFO - Filling up the DagBag from /home/airflow/.local/lib/python3.11/site-packages/airflow/example_dags/example_time_delta_sensor_async.py
[2024-03-07T18:23:50.255+0000] {processor.py:840} INFO - DAG(s) 'example_time_delta_sensor_async' retrieved from /home/airflow/.local/lib/python3.11/site-packages/airflow/example_dags/example_time_delta_sensor_async.py
[2024-03-07T18:23:50.298+0000] {logging_mixin.py:188} INFO - [2024-03-07T18:23:50.297+0000] {dag.py:3047} INFO - Sync 1 DAGs
[2024-03-07T18:23:50.323+0000] {logging_mixin.py:188} INFO - [2024-03-07T18:23:50.322+0000] {dag.py:3834} INFO - Setting next_dagrun for example_time_delta_sensor_async to None, run_after=None
[2024-03-07T18:23:50.387+0000] {processor.py:183} INFO - Processing /home/airflow/.local/lib/python3.11/site-packages/airflow/example_dags/example_time_delta_sensor_async.py took 0.152 seconds
[2024-03-07T18:24:22.418+0000] {processor.py:161} INFO - Started process (PID=1305) to work on /home/airflow/.local/lib/python3.11/site-packages/airflow/example_dags/example_time_delta_sensor_async.py
[2024-03-07T18:24:22.420+0000] {processor.py:830} INFO - Processing file /home/airflow/.local/lib/python3.11/site-packages/airflow/example_dags/example_time_delta_sensor_async.py for tasks to queue
[2024-03-07T18:24:22.424+0000] {logging_mixin.py:188} INFO - [2024-03-07T18:24:22.424+0000] {dagbag.py:540} INFO - Filling up the DagBag from /home/airflow/.local/lib/python3.11/site-packages/airflow/example_dags/example_time_delta_sensor_async.py
[2024-03-07T18:24:22.433+0000] {processor.py:840} INFO - DAG(s) 'example_time_delta_sensor_async' retrieved from /home/airflow/.local/lib/python3.11/site-packages/airflow/example_dags/example_time_delta_sensor_async.py
[2024-03-07T18:24:22.477+0000] {logging_mixin.py:188} INFO - [2024-03-07T18:24:22.476+0000] {dag.py:3047} INFO - Sync 1 DAGs
[2024-03-07T18:24:22.512+0000] {logging_mixin.py:188} INFO - [2024-03-07T18:24:22.512+0000] {dag.py:3834} INFO - Setting next_dagrun for example_time_delta_sensor_async to None, run_after=None
[2024-03-07T18:24:22.576+0000] {processor.py:183} INFO - Processing /home/airflow/.local/lib/python3.11/site-packages/airflow/example_dags/example_time_delta_sensor_async.py took 0.165 seconds
[2024-03-07T18:24:53.980+0000] {processor.py:161} INFO - Started process (PID=1363) to work on /home/airflow/.local/lib/python3.11/site-packages/airflow/example_dags/example_time_delta_sensor_async.py
[2024-03-07T18:24:53.982+0000] {processor.py:830} INFO - Processing file /home/airflow/.local/lib/python3.11/site-packages/airflow/example_dags/example_time_delta_sensor_async.py for tasks to queue
[2024-03-07T18:24:53.988+0000] {logging_mixin.py:188} INFO - [2024-03-07T18:24:53.987+0000] {dagbag.py:540} INFO - Filling up the DagBag from /home/airflow/.local/lib/python3.11/site-packages/airflow/example_dags/example_time_delta_sensor_async.py
[2024-03-07T18:24:53.996+0000] {processor.py:840} INFO - DAG(s) 'example_time_delta_sensor_async' retrieved from /home/airflow/.local/lib/python3.11/site-packages/airflow/example_dags/example_time_delta_sensor_async.py
[2024-03-07T18:24:54.042+0000] {logging_mixin.py:188} INFO - [2024-03-07T18:24:54.041+0000] {dag.py:3047} INFO - Sync 1 DAGs
[2024-03-07T18:24:54.077+0000] {logging_mixin.py:188} INFO - [2024-03-07T18:24:54.076+0000] {dag.py:3834} INFO - Setting next_dagrun for example_time_delta_sensor_async to None, run_after=None
[2024-03-07T18:24:54.139+0000] {processor.py:183} INFO - Processing /home/airflow/.local/lib/python3.11/site-packages/airflow/example_dags/example_time_delta_sensor_async.py took 0.164 seconds
[2024-03-07T18:25:26.531+0000] {processor.py:161} INFO - Started process (PID=1422) to work on /home/airflow/.local/lib/python3.11/site-packages/airflow/example_dags/example_time_delta_sensor_async.py
[2024-03-07T18:25:26.533+0000] {processor.py:830} INFO - Processing file /home/airflow/.local/lib/python3.11/site-packages/airflow/example_dags/example_time_delta_sensor_async.py for tasks to queue
[2024-03-07T18:25:26.537+0000] {logging_mixin.py:188} INFO - [2024-03-07T18:25:26.536+0000] {dagbag.py:540} INFO - Filling up the DagBag from /home/airflow/.local/lib/python3.11/site-packages/airflow/example_dags/example_time_delta_sensor_async.py
[2024-03-07T18:25:26.545+0000] {processor.py:840} INFO - DAG(s) 'example_time_delta_sensor_async' retrieved from /home/airflow/.local/lib/python3.11/site-packages/airflow/example_dags/example_time_delta_sensor_async.py
[2024-03-07T18:25:26.587+0000] {logging_mixin.py:188} INFO - [2024-03-07T18:25:26.586+0000] {dag.py:3047} INFO - Sync 1 DAGs
[2024-03-07T18:25:26.610+0000] {logging_mixin.py:188} INFO - [2024-03-07T18:25:26.610+0000] {dag.py:3834} INFO - Setting next_dagrun for example_time_delta_sensor_async to None, run_after=None
[2024-03-07T18:25:26.661+0000] {processor.py:183} INFO - Processing /home/airflow/.local/lib/python3.11/site-packages/airflow/example_dags/example_time_delta_sensor_async.py took 0.135 seconds
[2024-03-07T18:25:58.361+0000] {processor.py:161} INFO - Started process (PID=1479) to work on /home/airflow/.local/lib/python3.11/site-packages/airflow/example_dags/example_time_delta_sensor_async.py
[2024-03-07T18:25:58.364+0000] {processor.py:830} INFO - Processing file /home/airflow/.local/lib/python3.11/site-packages/airflow/example_dags/example_time_delta_sensor_async.py for tasks to queue
[2024-03-07T18:25:58.369+0000] {logging_mixin.py:188} INFO - [2024-03-07T18:25:58.368+0000] {dagbag.py:540} INFO - Filling up the DagBag from /home/airflow/.local/lib/python3.11/site-packages/airflow/example_dags/example_time_delta_sensor_async.py
[2024-03-07T18:25:58.382+0000] {processor.py:840} INFO - DAG(s) 'example_time_delta_sensor_async' retrieved from /home/airflow/.local/lib/python3.11/site-packages/airflow/example_dags/example_time_delta_sensor_async.py
[2024-03-07T18:25:58.452+0000] {logging_mixin.py:188} INFO - [2024-03-07T18:25:58.451+0000] {dag.py:3047} INFO - Sync 1 DAGs
[2024-03-07T18:25:58.493+0000] {logging_mixin.py:188} INFO - [2024-03-07T18:25:58.492+0000] {dag.py:3834} INFO - Setting next_dagrun for example_time_delta_sensor_async to None, run_after=None
[2024-03-07T18:25:58.563+0000] {processor.py:183} INFO - Processing /home/airflow/.local/lib/python3.11/site-packages/airflow/example_dags/example_time_delta_sensor_async.py took 0.208 seconds
[2024-03-07T18:26:29.969+0000] {processor.py:161} INFO - Started process (PID=1537) to work on /home/airflow/.local/lib/python3.11/site-packages/airflow/example_dags/example_time_delta_sensor_async.py
[2024-03-07T18:26:29.971+0000] {processor.py:830} INFO - Processing file /home/airflow/.local/lib/python3.11/site-packages/airflow/example_dags/example_time_delta_sensor_async.py for tasks to queue
[2024-03-07T18:26:29.975+0000] {logging_mixin.py:188} INFO - [2024-03-07T18:26:29.974+0000] {dagbag.py:540} INFO - Filling up the DagBag from /home/airflow/.local/lib/python3.11/site-packages/airflow/example_dags/example_time_delta_sensor_async.py
[2024-03-07T18:26:29.984+0000] {processor.py:840} INFO - DAG(s) 'example_time_delta_sensor_async' retrieved from /home/airflow/.local/lib/python3.11/site-packages/airflow/example_dags/example_time_delta_sensor_async.py
[2024-03-07T18:26:30.031+0000] {logging_mixin.py:188} INFO - [2024-03-07T18:26:30.030+0000] {dag.py:3047} INFO - Sync 1 DAGs
[2024-03-07T18:26:30.059+0000] {logging_mixin.py:188} INFO - [2024-03-07T18:26:30.058+0000] {dag.py:3834} INFO - Setting next_dagrun for example_time_delta_sensor_async to None, run_after=None
[2024-03-07T18:26:30.134+0000] {processor.py:183} INFO - Processing /home/airflow/.local/lib/python3.11/site-packages/airflow/example_dags/example_time_delta_sensor_async.py took 0.171 seconds
[2024-03-07T18:27:02.404+0000] {processor.py:161} INFO - Started process (PID=1595) to work on /home/airflow/.local/lib/python3.11/site-packages/airflow/example_dags/example_time_delta_sensor_async.py
[2024-03-07T18:27:02.406+0000] {processor.py:830} INFO - Processing file /home/airflow/.local/lib/python3.11/site-packages/airflow/example_dags/example_time_delta_sensor_async.py for tasks to queue
[2024-03-07T18:27:02.411+0000] {logging_mixin.py:188} INFO - [2024-03-07T18:27:02.411+0000] {dagbag.py:540} INFO - Filling up the DagBag from /home/airflow/.local/lib/python3.11/site-packages/airflow/example_dags/example_time_delta_sensor_async.py
[2024-03-07T18:27:02.423+0000] {processor.py:840} INFO - DAG(s) 'example_time_delta_sensor_async' retrieved from /home/airflow/.local/lib/python3.11/site-packages/airflow/example_dags/example_time_delta_sensor_async.py
[2024-03-07T18:27:02.477+0000] {logging_mixin.py:188} INFO - [2024-03-07T18:27:02.477+0000] {dag.py:3047} INFO - Sync 1 DAGs
[2024-03-07T18:27:02.508+0000] {logging_mixin.py:188} INFO - [2024-03-07T18:27:02.507+0000] {dag.py:3834} INFO - Setting next_dagrun for example_time_delta_sensor_async to None, run_after=None
[2024-03-07T18:27:02.562+0000] {processor.py:183} INFO - Processing /home/airflow/.local/lib/python3.11/site-packages/airflow/example_dags/example_time_delta_sensor_async.py took 0.164 seconds
[2024-03-07T18:27:35.189+0000] {processor.py:161} INFO - Started process (PID=1652) to work on /home/airflow/.local/lib/python3.11/site-packages/airflow/example_dags/example_time_delta_sensor_async.py
[2024-03-07T18:27:35.191+0000] {processor.py:830} INFO - Processing file /home/airflow/.local/lib/python3.11/site-packages/airflow/example_dags/example_time_delta_sensor_async.py for tasks to queue
[2024-03-07T18:27:35.197+0000] {logging_mixin.py:188} INFO - [2024-03-07T18:27:35.196+0000] {dagbag.py:540} INFO - Filling up the DagBag from /home/airflow/.local/lib/python3.11/site-packages/airflow/example_dags/example_time_delta_sensor_async.py
[2024-03-07T18:27:35.207+0000] {processor.py:840} INFO - DAG(s) 'example_time_delta_sensor_async' retrieved from /home/airflow/.local/lib/python3.11/site-packages/airflow/example_dags/example_time_delta_sensor_async.py
[2024-03-07T18:27:35.370+0000] {logging_mixin.py:188} INFO - [2024-03-07T18:27:35.369+0000] {dag.py:3047} INFO - Sync 1 DAGs
[2024-03-07T18:27:35.401+0000] {logging_mixin.py:188} INFO - [2024-03-07T18:27:35.400+0000] {dag.py:3834} INFO - Setting next_dagrun for example_time_delta_sensor_async to None, run_after=None
[2024-03-07T18:27:35.458+0000] {processor.py:183} INFO - Processing /home/airflow/.local/lib/python3.11/site-packages/airflow/example_dags/example_time_delta_sensor_async.py took 0.275 seconds
[2024-03-07T18:28:07.829+0000] {processor.py:161} INFO - Started process (PID=1710) to work on /home/airflow/.local/lib/python3.11/site-packages/airflow/example_dags/example_time_delta_sensor_async.py
[2024-03-07T18:28:07.831+0000] {processor.py:830} INFO - Processing file /home/airflow/.local/lib/python3.11/site-packages/airflow/example_dags/example_time_delta_sensor_async.py for tasks to queue
[2024-03-07T18:28:07.835+0000] {logging_mixin.py:188} INFO - [2024-03-07T18:28:07.834+0000] {dagbag.py:540} INFO - Filling up the DagBag from /home/airflow/.local/lib/python3.11/site-packages/airflow/example_dags/example_time_delta_sensor_async.py
[2024-03-07T18:28:07.843+0000] {processor.py:840} INFO - DAG(s) 'example_time_delta_sensor_async' retrieved from /home/airflow/.local/lib/python3.11/site-packages/airflow/example_dags/example_time_delta_sensor_async.py
[2024-03-07T18:28:07.883+0000] {logging_mixin.py:188} INFO - [2024-03-07T18:28:07.883+0000] {dag.py:3047} INFO - Sync 1 DAGs
[2024-03-07T18:28:07.920+0000] {logging_mixin.py:188} INFO - [2024-03-07T18:28:07.920+0000] {dag.py:3834} INFO - Setting next_dagrun for example_time_delta_sensor_async to None, run_after=None
[2024-03-07T18:28:07.982+0000] {processor.py:183} INFO - Processing /home/airflow/.local/lib/python3.11/site-packages/airflow/example_dags/example_time_delta_sensor_async.py took 0.161 seconds
[2024-03-07T18:28:39.832+0000] {processor.py:161} INFO - Started process (PID=1767) to work on /home/airflow/.local/lib/python3.11/site-packages/airflow/example_dags/example_time_delta_sensor_async.py
[2024-03-07T18:28:39.834+0000] {processor.py:830} INFO - Processing file /home/airflow/.local/lib/python3.11/site-packages/airflow/example_dags/example_time_delta_sensor_async.py for tasks to queue
[2024-03-07T18:28:39.839+0000] {logging_mixin.py:188} INFO - [2024-03-07T18:28:39.838+0000] {dagbag.py:540} INFO - Filling up the DagBag from /home/airflow/.local/lib/python3.11/site-packages/airflow/example_dags/example_time_delta_sensor_async.py
[2024-03-07T18:28:39.847+0000] {processor.py:840} INFO - DAG(s) 'example_time_delta_sensor_async' retrieved from /home/airflow/.local/lib/python3.11/site-packages/airflow/example_dags/example_time_delta_sensor_async.py
[2024-03-07T18:28:39.894+0000] {logging_mixin.py:188} INFO - [2024-03-07T18:28:39.893+0000] {dag.py:3047} INFO - Sync 1 DAGs
[2024-03-07T18:28:39.923+0000] {logging_mixin.py:188} INFO - [2024-03-07T18:28:39.922+0000] {dag.py:3834} INFO - Setting next_dagrun for example_time_delta_sensor_async to None, run_after=None
[2024-03-07T18:28:39.988+0000] {processor.py:183} INFO - Processing /home/airflow/.local/lib/python3.11/site-packages/airflow/example_dags/example_time_delta_sensor_async.py took 0.161 seconds
[2024-03-07T18:29:10.988+0000] {processor.py:161} INFO - Started process (PID=1827) to work on /home/airflow/.local/lib/python3.11/site-packages/airflow/example_dags/example_time_delta_sensor_async.py
[2024-03-07T18:29:10.990+0000] {processor.py:830} INFO - Processing file /home/airflow/.local/lib/python3.11/site-packages/airflow/example_dags/example_time_delta_sensor_async.py for tasks to queue
[2024-03-07T18:29:10.994+0000] {logging_mixin.py:188} INFO - [2024-03-07T18:29:10.993+0000] {dagbag.py:540} INFO - Filling up the DagBag from /home/airflow/.local/lib/python3.11/site-packages/airflow/example_dags/example_time_delta_sensor_async.py
[2024-03-07T18:29:11.002+0000] {processor.py:840} INFO - DAG(s) 'example_time_delta_sensor_async' retrieved from /home/airflow/.local/lib/python3.11/site-packages/airflow/example_dags/example_time_delta_sensor_async.py
[2024-03-07T18:29:11.045+0000] {logging_mixin.py:188} INFO - [2024-03-07T18:29:11.044+0000] {dag.py:3047} INFO - Sync 1 DAGs
[2024-03-07T18:29:11.077+0000] {logging_mixin.py:188} INFO - [2024-03-07T18:29:11.076+0000] {dag.py:3834} INFO - Setting next_dagrun for example_time_delta_sensor_async to None, run_after=None
[2024-03-07T18:29:11.142+0000] {processor.py:183} INFO - Processing /home/airflow/.local/lib/python3.11/site-packages/airflow/example_dags/example_time_delta_sensor_async.py took 0.160 seconds
