[2024-03-07T18:13:20.405+0000] {processor.py:161} INFO - Started process (PID=79) to work on /home/airflow/.local/lib/python3.11/site-packages/airflow/example_dags/tutorial.py
[2024-03-07T18:13:20.444+0000] {processor.py:830} INFO - Processing file /home/airflow/.local/lib/python3.11/site-packages/airflow/example_dags/tutorial.py for tasks to queue
[2024-03-07T18:13:20.468+0000] {logging_mixin.py:188} INFO - [2024-03-07T18:13:20.465+0000] {dagbag.py:540} INFO - Filling up the DagBag from /home/airflow/.local/lib/python3.11/site-packages/airflow/example_dags/tutorial.py
[2024-03-07T18:13:20.550+0000] {processor.py:840} INFO - DAG(s) 'tutorial' retrieved from /home/airflow/.local/lib/python3.11/site-packages/airflow/example_dags/tutorial.py
[2024-03-07T18:13:20.754+0000] {logging_mixin.py:188} INFO - [2024-03-07T18:13:20.753+0000] {dag.py:3047} INFO - Sync 1 DAGs
[2024-03-07T18:13:21.121+0000] {logging_mixin.py:188} INFO - [2024-03-07T18:13:21.120+0000] {dag.py:3834} INFO - Setting next_dagrun for tutorial to 2024-03-06 00:00:00+00:00, run_after=2024-03-07 00:00:00+00:00
[2024-03-07T18:13:21.457+0000] {processor.py:183} INFO - Processing /home/airflow/.local/lib/python3.11/site-packages/airflow/example_dags/tutorial.py took 1.071 seconds
[2024-03-07T18:13:52.013+0000] {processor.py:161} INFO - Started process (PID=137) to work on /home/airflow/.local/lib/python3.11/site-packages/airflow/example_dags/tutorial.py
[2024-03-07T18:13:52.018+0000] {processor.py:830} INFO - Processing file /home/airflow/.local/lib/python3.11/site-packages/airflow/example_dags/tutorial.py for tasks to queue
[2024-03-07T18:13:52.031+0000] {logging_mixin.py:188} INFO - [2024-03-07T18:13:52.023+0000] {dagbag.py:540} INFO - Filling up the DagBag from /home/airflow/.local/lib/python3.11/site-packages/airflow/example_dags/tutorial.py
[2024-03-07T18:13:52.060+0000] {processor.py:840} INFO - DAG(s) 'tutorial' retrieved from /home/airflow/.local/lib/python3.11/site-packages/airflow/example_dags/tutorial.py
[2024-03-07T18:13:52.154+0000] {logging_mixin.py:188} INFO - [2024-03-07T18:13:52.153+0000] {dag.py:3047} INFO - Sync 1 DAGs
[2024-03-07T18:13:52.289+0000] {logging_mixin.py:188} INFO - [2024-03-07T18:13:52.286+0000] {dag.py:3834} INFO - Setting next_dagrun for tutorial to 2024-03-06 00:00:00+00:00, run_after=2024-03-07 00:00:00+00:00
[2024-03-07T18:13:52.514+0000] {processor.py:183} INFO - Processing /home/airflow/.local/lib/python3.11/site-packages/airflow/example_dags/tutorial.py took 0.530 seconds
[2024-03-07T18:14:22.898+0000] {processor.py:161} INFO - Started process (PID=195) to work on /home/airflow/.local/lib/python3.11/site-packages/airflow/example_dags/tutorial.py
[2024-03-07T18:14:22.901+0000] {processor.py:830} INFO - Processing file /home/airflow/.local/lib/python3.11/site-packages/airflow/example_dags/tutorial.py for tasks to queue
[2024-03-07T18:14:22.910+0000] {logging_mixin.py:188} INFO - [2024-03-07T18:14:22.908+0000] {dagbag.py:540} INFO - Filling up the DagBag from /home/airflow/.local/lib/python3.11/site-packages/airflow/example_dags/tutorial.py
[2024-03-07T18:14:22.933+0000] {processor.py:840} INFO - DAG(s) 'tutorial' retrieved from /home/airflow/.local/lib/python3.11/site-packages/airflow/example_dags/tutorial.py
[2024-03-07T18:14:23.071+0000] {logging_mixin.py:188} INFO - [2024-03-07T18:14:23.070+0000] {dag.py:3047} INFO - Sync 1 DAGs
[2024-03-07T18:14:23.248+0000] {logging_mixin.py:188} INFO - [2024-03-07T18:14:23.247+0000] {dag.py:3834} INFO - Setting next_dagrun for tutorial to 2024-03-06 00:00:00+00:00, run_after=2024-03-07 00:00:00+00:00
[2024-03-07T18:14:23.413+0000] {processor.py:183} INFO - Processing /home/airflow/.local/lib/python3.11/site-packages/airflow/example_dags/tutorial.py took 0.523 seconds
[2024-03-07T18:14:55.119+0000] {processor.py:161} INFO - Started process (PID=252) to work on /home/airflow/.local/lib/python3.11/site-packages/airflow/example_dags/tutorial.py
[2024-03-07T18:14:55.127+0000] {processor.py:830} INFO - Processing file /home/airflow/.local/lib/python3.11/site-packages/airflow/example_dags/tutorial.py for tasks to queue
[2024-03-07T18:14:55.150+0000] {logging_mixin.py:188} INFO - [2024-03-07T18:14:55.144+0000] {dagbag.py:540} INFO - Filling up the DagBag from /home/airflow/.local/lib/python3.11/site-packages/airflow/example_dags/tutorial.py
[2024-03-07T18:14:55.191+0000] {processor.py:840} INFO - DAG(s) 'tutorial' retrieved from /home/airflow/.local/lib/python3.11/site-packages/airflow/example_dags/tutorial.py
[2024-03-07T18:14:55.270+0000] {logging_mixin.py:188} INFO - [2024-03-07T18:14:55.268+0000] {dag.py:3047} INFO - Sync 1 DAGs
[2024-03-07T18:14:55.465+0000] {logging_mixin.py:188} INFO - [2024-03-07T18:14:55.464+0000] {dag.py:3834} INFO - Setting next_dagrun for tutorial to 2024-03-06 00:00:00+00:00, run_after=2024-03-07 00:00:00+00:00
[2024-03-07T18:14:55.587+0000] {processor.py:183} INFO - Processing /home/airflow/.local/lib/python3.11/site-packages/airflow/example_dags/tutorial.py took 0.506 seconds
[2024-03-07T18:15:29.627+0000] {processor.py:161} INFO - Started process (PID=311) to work on /home/airflow/.local/lib/python3.11/site-packages/airflow/example_dags/tutorial.py
[2024-03-07T18:15:29.634+0000] {processor.py:830} INFO - Processing file /home/airflow/.local/lib/python3.11/site-packages/airflow/example_dags/tutorial.py for tasks to queue
[2024-03-07T18:15:29.645+0000] {logging_mixin.py:188} INFO - [2024-03-07T18:15:29.640+0000] {dagbag.py:540} INFO - Filling up the DagBag from /home/airflow/.local/lib/python3.11/site-packages/airflow/example_dags/tutorial.py
[2024-03-07T18:15:29.671+0000] {processor.py:840} INFO - DAG(s) 'tutorial' retrieved from /home/airflow/.local/lib/python3.11/site-packages/airflow/example_dags/tutorial.py
[2024-03-07T18:15:30.352+0000] {logging_mixin.py:188} INFO - [2024-03-07T18:15:30.351+0000] {dag.py:3047} INFO - Sync 1 DAGs
[2024-03-07T18:15:30.572+0000] {logging_mixin.py:188} INFO - [2024-03-07T18:15:30.568+0000] {dag.py:3834} INFO - Setting next_dagrun for tutorial to 2024-03-06 00:00:00+00:00, run_after=2024-03-07 00:00:00+00:00
[2024-03-07T18:15:30.697+0000] {processor.py:183} INFO - Processing /home/airflow/.local/lib/python3.11/site-packages/airflow/example_dags/tutorial.py took 1.084 seconds
[2024-03-07T18:16:01.489+0000] {processor.py:161} INFO - Started process (PID=369) to work on /home/airflow/.local/lib/python3.11/site-packages/airflow/example_dags/tutorial.py
[2024-03-07T18:16:01.492+0000] {processor.py:830} INFO - Processing file /home/airflow/.local/lib/python3.11/site-packages/airflow/example_dags/tutorial.py for tasks to queue
[2024-03-07T18:16:01.499+0000] {logging_mixin.py:188} INFO - [2024-03-07T18:16:01.498+0000] {dagbag.py:540} INFO - Filling up the DagBag from /home/airflow/.local/lib/python3.11/site-packages/airflow/example_dags/tutorial.py
[2024-03-07T18:16:01.516+0000] {processor.py:840} INFO - DAG(s) 'tutorial' retrieved from /home/airflow/.local/lib/python3.11/site-packages/airflow/example_dags/tutorial.py
[2024-03-07T18:16:01.584+0000] {logging_mixin.py:188} INFO - [2024-03-07T18:16:01.583+0000] {dag.py:3047} INFO - Sync 1 DAGs
[2024-03-07T18:16:01.644+0000] {logging_mixin.py:188} INFO - [2024-03-07T18:16:01.644+0000] {dag.py:3834} INFO - Setting next_dagrun for tutorial to 2024-03-06 00:00:00+00:00, run_after=2024-03-07 00:00:00+00:00
[2024-03-07T18:16:01.708+0000] {processor.py:183} INFO - Processing /home/airflow/.local/lib/python3.11/site-packages/airflow/example_dags/tutorial.py took 0.229 seconds
[2024-03-07T18:16:32.002+0000] {processor.py:161} INFO - Started process (PID=427) to work on /home/airflow/.local/lib/python3.11/site-packages/airflow/example_dags/tutorial.py
[2024-03-07T18:16:32.004+0000] {processor.py:830} INFO - Processing file /home/airflow/.local/lib/python3.11/site-packages/airflow/example_dags/tutorial.py for tasks to queue
[2024-03-07T18:16:32.009+0000] {logging_mixin.py:188} INFO - [2024-03-07T18:16:32.009+0000] {dagbag.py:540} INFO - Filling up the DagBag from /home/airflow/.local/lib/python3.11/site-packages/airflow/example_dags/tutorial.py
[2024-03-07T18:16:32.026+0000] {processor.py:840} INFO - DAG(s) 'tutorial' retrieved from /home/airflow/.local/lib/python3.11/site-packages/airflow/example_dags/tutorial.py
[2024-03-07T18:16:32.086+0000] {logging_mixin.py:188} INFO - [2024-03-07T18:16:32.086+0000] {dag.py:3047} INFO - Sync 1 DAGs
[2024-03-07T18:16:32.162+0000] {logging_mixin.py:188} INFO - [2024-03-07T18:16:32.162+0000] {dag.py:3834} INFO - Setting next_dagrun for tutorial to 2024-03-06 00:00:00+00:00, run_after=2024-03-07 00:00:00+00:00
[2024-03-07T18:16:32.230+0000] {processor.py:183} INFO - Processing /home/airflow/.local/lib/python3.11/site-packages/airflow/example_dags/tutorial.py took 0.235 seconds
[2024-03-07T18:17:02.379+0000] {processor.py:161} INFO - Started process (PID=485) to work on /home/airflow/.local/lib/python3.11/site-packages/airflow/example_dags/tutorial.py
[2024-03-07T18:17:02.382+0000] {processor.py:830} INFO - Processing file /home/airflow/.local/lib/python3.11/site-packages/airflow/example_dags/tutorial.py for tasks to queue
[2024-03-07T18:17:02.387+0000] {logging_mixin.py:188} INFO - [2024-03-07T18:17:02.386+0000] {dagbag.py:540} INFO - Filling up the DagBag from /home/airflow/.local/lib/python3.11/site-packages/airflow/example_dags/tutorial.py
[2024-03-07T18:17:02.404+0000] {processor.py:840} INFO - DAG(s) 'tutorial' retrieved from /home/airflow/.local/lib/python3.11/site-packages/airflow/example_dags/tutorial.py
[2024-03-07T18:17:02.459+0000] {logging_mixin.py:188} INFO - [2024-03-07T18:17:02.458+0000] {dag.py:3047} INFO - Sync 1 DAGs
[2024-03-07T18:17:02.520+0000] {logging_mixin.py:188} INFO - [2024-03-07T18:17:02.519+0000] {dag.py:3834} INFO - Setting next_dagrun for tutorial to 2024-03-06 00:00:00+00:00, run_after=2024-03-07 00:00:00+00:00
[2024-03-07T18:17:02.582+0000] {processor.py:183} INFO - Processing /home/airflow/.local/lib/python3.11/site-packages/airflow/example_dags/tutorial.py took 0.211 seconds
[2024-03-07T18:17:32.869+0000] {processor.py:161} INFO - Started process (PID=542) to work on /home/airflow/.local/lib/python3.11/site-packages/airflow/example_dags/tutorial.py
[2024-03-07T18:17:32.872+0000] {processor.py:830} INFO - Processing file /home/airflow/.local/lib/python3.11/site-packages/airflow/example_dags/tutorial.py for tasks to queue
[2024-03-07T18:17:32.876+0000] {logging_mixin.py:188} INFO - [2024-03-07T18:17:32.875+0000] {dagbag.py:540} INFO - Filling up the DagBag from /home/airflow/.local/lib/python3.11/site-packages/airflow/example_dags/tutorial.py
[2024-03-07T18:17:32.888+0000] {processor.py:840} INFO - DAG(s) 'tutorial' retrieved from /home/airflow/.local/lib/python3.11/site-packages/airflow/example_dags/tutorial.py
[2024-03-07T18:17:32.933+0000] {logging_mixin.py:188} INFO - [2024-03-07T18:17:32.932+0000] {dag.py:3047} INFO - Sync 1 DAGs
[2024-03-07T18:17:32.983+0000] {logging_mixin.py:188} INFO - [2024-03-07T18:17:32.983+0000] {dag.py:3834} INFO - Setting next_dagrun for tutorial to 2024-03-06 00:00:00+00:00, run_after=2024-03-07 00:00:00+00:00
[2024-03-07T18:17:33.040+0000] {processor.py:183} INFO - Processing /home/airflow/.local/lib/python3.11/site-packages/airflow/example_dags/tutorial.py took 0.180 seconds
[2024-03-07T18:18:03.356+0000] {processor.py:161} INFO - Started process (PID=600) to work on /home/airflow/.local/lib/python3.11/site-packages/airflow/example_dags/tutorial.py
[2024-03-07T18:18:03.358+0000] {processor.py:830} INFO - Processing file /home/airflow/.local/lib/python3.11/site-packages/airflow/example_dags/tutorial.py for tasks to queue
[2024-03-07T18:18:03.362+0000] {logging_mixin.py:188} INFO - [2024-03-07T18:18:03.361+0000] {dagbag.py:540} INFO - Filling up the DagBag from /home/airflow/.local/lib/python3.11/site-packages/airflow/example_dags/tutorial.py
[2024-03-07T18:18:03.373+0000] {processor.py:840} INFO - DAG(s) 'tutorial' retrieved from /home/airflow/.local/lib/python3.11/site-packages/airflow/example_dags/tutorial.py
[2024-03-07T18:18:03.419+0000] {logging_mixin.py:188} INFO - [2024-03-07T18:18:03.418+0000] {dag.py:3047} INFO - Sync 1 DAGs
[2024-03-07T18:18:03.467+0000] {logging_mixin.py:188} INFO - [2024-03-07T18:18:03.466+0000] {dag.py:3834} INFO - Setting next_dagrun for tutorial to 2024-03-06 00:00:00+00:00, run_after=2024-03-07 00:00:00+00:00
[2024-03-07T18:18:03.523+0000] {processor.py:183} INFO - Processing /home/airflow/.local/lib/python3.11/site-packages/airflow/example_dags/tutorial.py took 0.172 seconds
[2024-03-07T18:18:33.746+0000] {processor.py:161} INFO - Started process (PID=658) to work on /home/airflow/.local/lib/python3.11/site-packages/airflow/example_dags/tutorial.py
[2024-03-07T18:18:33.748+0000] {processor.py:830} INFO - Processing file /home/airflow/.local/lib/python3.11/site-packages/airflow/example_dags/tutorial.py for tasks to queue
[2024-03-07T18:18:33.752+0000] {logging_mixin.py:188} INFO - [2024-03-07T18:18:33.751+0000] {dagbag.py:540} INFO - Filling up the DagBag from /home/airflow/.local/lib/python3.11/site-packages/airflow/example_dags/tutorial.py
[2024-03-07T18:18:33.762+0000] {processor.py:840} INFO - DAG(s) 'tutorial' retrieved from /home/airflow/.local/lib/python3.11/site-packages/airflow/example_dags/tutorial.py
[2024-03-07T18:18:33.804+0000] {logging_mixin.py:188} INFO - [2024-03-07T18:18:33.803+0000] {dag.py:3047} INFO - Sync 1 DAGs
[2024-03-07T18:18:33.892+0000] {logging_mixin.py:188} INFO - [2024-03-07T18:18:33.891+0000] {dag.py:3834} INFO - Setting next_dagrun for tutorial to 2024-03-06 00:00:00+00:00, run_after=2024-03-07 00:00:00+00:00
[2024-03-07T18:18:33.943+0000] {processor.py:183} INFO - Processing /home/airflow/.local/lib/python3.11/site-packages/airflow/example_dags/tutorial.py took 0.202 seconds
[2024-03-07T18:19:05.037+0000] {processor.py:161} INFO - Started process (PID=716) to work on /home/airflow/.local/lib/python3.11/site-packages/airflow/example_dags/tutorial.py
[2024-03-07T18:19:05.040+0000] {processor.py:830} INFO - Processing file /home/airflow/.local/lib/python3.11/site-packages/airflow/example_dags/tutorial.py for tasks to queue
[2024-03-07T18:19:05.044+0000] {logging_mixin.py:188} INFO - [2024-03-07T18:19:05.043+0000] {dagbag.py:540} INFO - Filling up the DagBag from /home/airflow/.local/lib/python3.11/site-packages/airflow/example_dags/tutorial.py
[2024-03-07T18:19:05.058+0000] {processor.py:840} INFO - DAG(s) 'tutorial' retrieved from /home/airflow/.local/lib/python3.11/site-packages/airflow/example_dags/tutorial.py
[2024-03-07T18:19:05.105+0000] {logging_mixin.py:188} INFO - [2024-03-07T18:19:05.105+0000] {dag.py:3047} INFO - Sync 1 DAGs
[2024-03-07T18:19:05.151+0000] {logging_mixin.py:188} INFO - [2024-03-07T18:19:05.151+0000] {dag.py:3834} INFO - Setting next_dagrun for tutorial to 2024-03-06 00:00:00+00:00, run_after=2024-03-07 00:00:00+00:00
[2024-03-07T18:19:05.205+0000] {processor.py:183} INFO - Processing /home/airflow/.local/lib/python3.11/site-packages/airflow/example_dags/tutorial.py took 0.172 seconds
[2024-03-07T18:19:36.388+0000] {processor.py:161} INFO - Started process (PID=775) to work on /home/airflow/.local/lib/python3.11/site-packages/airflow/example_dags/tutorial.py
[2024-03-07T18:19:36.390+0000] {processor.py:830} INFO - Processing file /home/airflow/.local/lib/python3.11/site-packages/airflow/example_dags/tutorial.py for tasks to queue
[2024-03-07T18:19:36.395+0000] {logging_mixin.py:188} INFO - [2024-03-07T18:19:36.394+0000] {dagbag.py:540} INFO - Filling up the DagBag from /home/airflow/.local/lib/python3.11/site-packages/airflow/example_dags/tutorial.py
[2024-03-07T18:19:36.409+0000] {processor.py:840} INFO - DAG(s) 'tutorial' retrieved from /home/airflow/.local/lib/python3.11/site-packages/airflow/example_dags/tutorial.py
[2024-03-07T18:19:36.462+0000] {logging_mixin.py:188} INFO - [2024-03-07T18:19:36.461+0000] {dag.py:3047} INFO - Sync 1 DAGs
[2024-03-07T18:19:36.520+0000] {logging_mixin.py:188} INFO - [2024-03-07T18:19:36.520+0000] {dag.py:3834} INFO - Setting next_dagrun for tutorial to 2024-03-06 00:00:00+00:00, run_after=2024-03-07 00:00:00+00:00
[2024-03-07T18:19:36.571+0000] {processor.py:183} INFO - Processing /home/airflow/.local/lib/python3.11/site-packages/airflow/example_dags/tutorial.py took 0.189 seconds
[2024-03-07T18:20:07.328+0000] {processor.py:161} INFO - Started process (PID=833) to work on /home/airflow/.local/lib/python3.11/site-packages/airflow/example_dags/tutorial.py
[2024-03-07T18:20:07.331+0000] {processor.py:830} INFO - Processing file /home/airflow/.local/lib/python3.11/site-packages/airflow/example_dags/tutorial.py for tasks to queue
[2024-03-07T18:20:07.337+0000] {logging_mixin.py:188} INFO - [2024-03-07T18:20:07.336+0000] {dagbag.py:540} INFO - Filling up the DagBag from /home/airflow/.local/lib/python3.11/site-packages/airflow/example_dags/tutorial.py
[2024-03-07T18:20:07.350+0000] {processor.py:840} INFO - DAG(s) 'tutorial' retrieved from /home/airflow/.local/lib/python3.11/site-packages/airflow/example_dags/tutorial.py
[2024-03-07T18:20:07.405+0000] {logging_mixin.py:188} INFO - [2024-03-07T18:20:07.404+0000] {dag.py:3047} INFO - Sync 1 DAGs
[2024-03-07T18:20:07.464+0000] {logging_mixin.py:188} INFO - [2024-03-07T18:20:07.463+0000] {dag.py:3834} INFO - Setting next_dagrun for tutorial to 2024-03-06 00:00:00+00:00, run_after=2024-03-07 00:00:00+00:00
[2024-03-07T18:20:07.516+0000] {processor.py:183} INFO - Processing /home/airflow/.local/lib/python3.11/site-packages/airflow/example_dags/tutorial.py took 0.196 seconds
[2024-03-07T18:20:38.139+0000] {processor.py:161} INFO - Started process (PID=890) to work on /home/airflow/.local/lib/python3.11/site-packages/airflow/example_dags/tutorial.py
[2024-03-07T18:20:38.141+0000] {processor.py:830} INFO - Processing file /home/airflow/.local/lib/python3.11/site-packages/airflow/example_dags/tutorial.py for tasks to queue
[2024-03-07T18:20:38.146+0000] {logging_mixin.py:188} INFO - [2024-03-07T18:20:38.145+0000] {dagbag.py:540} INFO - Filling up the DagBag from /home/airflow/.local/lib/python3.11/site-packages/airflow/example_dags/tutorial.py
[2024-03-07T18:20:38.159+0000] {processor.py:840} INFO - DAG(s) 'tutorial' retrieved from /home/airflow/.local/lib/python3.11/site-packages/airflow/example_dags/tutorial.py
[2024-03-07T18:20:38.204+0000] {logging_mixin.py:188} INFO - [2024-03-07T18:20:38.203+0000] {dag.py:3047} INFO - Sync 1 DAGs
[2024-03-07T18:20:38.257+0000] {logging_mixin.py:188} INFO - [2024-03-07T18:20:38.257+0000] {dag.py:3834} INFO - Setting next_dagrun for tutorial to 2024-03-06 00:00:00+00:00, run_after=2024-03-07 00:00:00+00:00
[2024-03-07T18:20:38.330+0000] {processor.py:183} INFO - Processing /home/airflow/.local/lib/python3.11/site-packages/airflow/example_dags/tutorial.py took 0.198 seconds
[2024-03-07T18:21:09.380+0000] {processor.py:161} INFO - Started process (PID=951) to work on /home/airflow/.local/lib/python3.11/site-packages/airflow/example_dags/tutorial.py
[2024-03-07T18:21:09.382+0000] {processor.py:830} INFO - Processing file /home/airflow/.local/lib/python3.11/site-packages/airflow/example_dags/tutorial.py for tasks to queue
[2024-03-07T18:21:09.386+0000] {logging_mixin.py:188} INFO - [2024-03-07T18:21:09.385+0000] {dagbag.py:540} INFO - Filling up the DagBag from /home/airflow/.local/lib/python3.11/site-packages/airflow/example_dags/tutorial.py
[2024-03-07T18:21:09.398+0000] {processor.py:840} INFO - DAG(s) 'tutorial' retrieved from /home/airflow/.local/lib/python3.11/site-packages/airflow/example_dags/tutorial.py
[2024-03-07T18:21:09.526+0000] {logging_mixin.py:188} INFO - [2024-03-07T18:21:09.525+0000] {dag.py:3047} INFO - Sync 1 DAGs
[2024-03-07T18:21:09.705+0000] {logging_mixin.py:188} INFO - [2024-03-07T18:21:09.704+0000] {dag.py:3834} INFO - Setting next_dagrun for tutorial to 2024-03-06 00:00:00+00:00, run_after=2024-03-07 00:00:00+00:00
[2024-03-07T18:21:09.791+0000] {processor.py:183} INFO - Processing /home/airflow/.local/lib/python3.11/site-packages/airflow/example_dags/tutorial.py took 0.416 seconds
[2024-03-07T18:21:43.732+0000] {processor.py:161} INFO - Started process (PID=1011) to work on /home/airflow/.local/lib/python3.11/site-packages/airflow/example_dags/tutorial.py
[2024-03-07T18:21:43.738+0000] {processor.py:830} INFO - Processing file /home/airflow/.local/lib/python3.11/site-packages/airflow/example_dags/tutorial.py for tasks to queue
[2024-03-07T18:21:43.744+0000] {logging_mixin.py:188} INFO - [2024-03-07T18:21:43.743+0000] {dagbag.py:540} INFO - Filling up the DagBag from /home/airflow/.local/lib/python3.11/site-packages/airflow/example_dags/tutorial.py
[2024-03-07T18:21:43.760+0000] {processor.py:840} INFO - DAG(s) 'tutorial' retrieved from /home/airflow/.local/lib/python3.11/site-packages/airflow/example_dags/tutorial.py
[2024-03-07T18:21:43.798+0000] {logging_mixin.py:188} INFO - [2024-03-07T18:21:43.798+0000] {dag.py:3047} INFO - Sync 1 DAGs
[2024-03-07T18:21:43.846+0000] {logging_mixin.py:188} INFO - [2024-03-07T18:21:43.845+0000] {dag.py:3834} INFO - Setting next_dagrun for tutorial to 2024-03-06 00:00:00+00:00, run_after=2024-03-07 00:00:00+00:00
[2024-03-07T18:21:43.903+0000] {processor.py:183} INFO - Processing /home/airflow/.local/lib/python3.11/site-packages/airflow/example_dags/tutorial.py took 0.190 seconds
[2024-03-07T18:22:14.722+0000] {processor.py:161} INFO - Started process (PID=1069) to work on /home/airflow/.local/lib/python3.11/site-packages/airflow/example_dags/tutorial.py
[2024-03-07T18:22:14.725+0000] {processor.py:830} INFO - Processing file /home/airflow/.local/lib/python3.11/site-packages/airflow/example_dags/tutorial.py for tasks to queue
[2024-03-07T18:22:14.730+0000] {logging_mixin.py:188} INFO - [2024-03-07T18:22:14.729+0000] {dagbag.py:540} INFO - Filling up the DagBag from /home/airflow/.local/lib/python3.11/site-packages/airflow/example_dags/tutorial.py
[2024-03-07T18:22:14.740+0000] {processor.py:840} INFO - DAG(s) 'tutorial' retrieved from /home/airflow/.local/lib/python3.11/site-packages/airflow/example_dags/tutorial.py
[2024-03-07T18:22:14.781+0000] {logging_mixin.py:188} INFO - [2024-03-07T18:22:14.780+0000] {dag.py:3047} INFO - Sync 1 DAGs
[2024-03-07T18:22:14.864+0000] {logging_mixin.py:188} INFO - [2024-03-07T18:22:14.863+0000] {dag.py:3834} INFO - Setting next_dagrun for tutorial to 2024-03-06 00:00:00+00:00, run_after=2024-03-07 00:00:00+00:00
[2024-03-07T18:22:14.921+0000] {processor.py:183} INFO - Processing /home/airflow/.local/lib/python3.11/site-packages/airflow/example_dags/tutorial.py took 0.205 seconds
[2024-03-07T18:22:47.391+0000] {processor.py:161} INFO - Started process (PID=1128) to work on /home/airflow/.local/lib/python3.11/site-packages/airflow/example_dags/tutorial.py
[2024-03-07T18:22:47.394+0000] {processor.py:830} INFO - Processing file /home/airflow/.local/lib/python3.11/site-packages/airflow/example_dags/tutorial.py for tasks to queue
[2024-03-07T18:22:47.399+0000] {logging_mixin.py:188} INFO - [2024-03-07T18:22:47.398+0000] {dagbag.py:540} INFO - Filling up the DagBag from /home/airflow/.local/lib/python3.11/site-packages/airflow/example_dags/tutorial.py
[2024-03-07T18:22:47.413+0000] {processor.py:840} INFO - DAG(s) 'tutorial' retrieved from /home/airflow/.local/lib/python3.11/site-packages/airflow/example_dags/tutorial.py
[2024-03-07T18:22:47.459+0000] {logging_mixin.py:188} INFO - [2024-03-07T18:22:47.458+0000] {dag.py:3047} INFO - Sync 1 DAGs
[2024-03-07T18:22:47.505+0000] {logging_mixin.py:188} INFO - [2024-03-07T18:22:47.505+0000] {dag.py:3834} INFO - Setting next_dagrun for tutorial to 2024-03-06 00:00:00+00:00, run_after=2024-03-07 00:00:00+00:00
[2024-03-07T18:22:47.557+0000] {processor.py:183} INFO - Processing /home/airflow/.local/lib/python3.11/site-packages/airflow/example_dags/tutorial.py took 0.171 seconds
[2024-03-07T18:23:18.505+0000] {processor.py:161} INFO - Started process (PID=1186) to work on /home/airflow/.local/lib/python3.11/site-packages/airflow/example_dags/tutorial.py
[2024-03-07T18:23:18.508+0000] {processor.py:830} INFO - Processing file /home/airflow/.local/lib/python3.11/site-packages/airflow/example_dags/tutorial.py for tasks to queue
[2024-03-07T18:23:18.512+0000] {logging_mixin.py:188} INFO - [2024-03-07T18:23:18.511+0000] {dagbag.py:540} INFO - Filling up the DagBag from /home/airflow/.local/lib/python3.11/site-packages/airflow/example_dags/tutorial.py
[2024-03-07T18:23:18.524+0000] {processor.py:840} INFO - DAG(s) 'tutorial' retrieved from /home/airflow/.local/lib/python3.11/site-packages/airflow/example_dags/tutorial.py
[2024-03-07T18:23:18.569+0000] {logging_mixin.py:188} INFO - [2024-03-07T18:23:18.568+0000] {dag.py:3047} INFO - Sync 1 DAGs
[2024-03-07T18:23:18.634+0000] {logging_mixin.py:188} INFO - [2024-03-07T18:23:18.634+0000] {dag.py:3834} INFO - Setting next_dagrun for tutorial to 2024-03-06 00:00:00+00:00, run_after=2024-03-07 00:00:00+00:00
[2024-03-07T18:23:18.697+0000] {processor.py:183} INFO - Processing /home/airflow/.local/lib/python3.11/site-packages/airflow/example_dags/tutorial.py took 0.196 seconds
[2024-03-07T18:23:49.890+0000] {processor.py:161} INFO - Started process (PID=1245) to work on /home/airflow/.local/lib/python3.11/site-packages/airflow/example_dags/tutorial.py
[2024-03-07T18:23:49.893+0000] {processor.py:830} INFO - Processing file /home/airflow/.local/lib/python3.11/site-packages/airflow/example_dags/tutorial.py for tasks to queue
[2024-03-07T18:23:49.897+0000] {logging_mixin.py:188} INFO - [2024-03-07T18:23:49.896+0000] {dagbag.py:540} INFO - Filling up the DagBag from /home/airflow/.local/lib/python3.11/site-packages/airflow/example_dags/tutorial.py
[2024-03-07T18:23:49.914+0000] {processor.py:840} INFO - DAG(s) 'tutorial' retrieved from /home/airflow/.local/lib/python3.11/site-packages/airflow/example_dags/tutorial.py
[2024-03-07T18:23:49.970+0000] {logging_mixin.py:188} INFO - [2024-03-07T18:23:49.969+0000] {dag.py:3047} INFO - Sync 1 DAGs
[2024-03-07T18:23:50.043+0000] {logging_mixin.py:188} INFO - [2024-03-07T18:23:50.042+0000] {dag.py:3834} INFO - Setting next_dagrun for tutorial to 2024-03-06 00:00:00+00:00, run_after=2024-03-07 00:00:00+00:00
[2024-03-07T18:23:50.154+0000] {processor.py:183} INFO - Processing /home/airflow/.local/lib/python3.11/site-packages/airflow/example_dags/tutorial.py took 0.269 seconds
[2024-03-07T18:24:22.140+0000] {processor.py:161} INFO - Started process (PID=1303) to work on /home/airflow/.local/lib/python3.11/site-packages/airflow/example_dags/tutorial.py
[2024-03-07T18:24:22.143+0000] {processor.py:830} INFO - Processing file /home/airflow/.local/lib/python3.11/site-packages/airflow/example_dags/tutorial.py for tasks to queue
[2024-03-07T18:24:22.149+0000] {logging_mixin.py:188} INFO - [2024-03-07T18:24:22.148+0000] {dagbag.py:540} INFO - Filling up the DagBag from /home/airflow/.local/lib/python3.11/site-packages/airflow/example_dags/tutorial.py
[2024-03-07T18:24:22.165+0000] {processor.py:840} INFO - DAG(s) 'tutorial' retrieved from /home/airflow/.local/lib/python3.11/site-packages/airflow/example_dags/tutorial.py
[2024-03-07T18:24:22.211+0000] {logging_mixin.py:188} INFO - [2024-03-07T18:24:22.210+0000] {dag.py:3047} INFO - Sync 1 DAGs
[2024-03-07T18:24:22.281+0000] {logging_mixin.py:188} INFO - [2024-03-07T18:24:22.280+0000] {dag.py:3834} INFO - Setting next_dagrun for tutorial to 2024-03-06 00:00:00+00:00, run_after=2024-03-07 00:00:00+00:00
[2024-03-07T18:24:22.356+0000] {processor.py:183} INFO - Processing /home/airflow/.local/lib/python3.11/site-packages/airflow/example_dags/tutorial.py took 0.222 seconds
[2024-03-07T18:24:53.684+0000] {processor.py:161} INFO - Started process (PID=1361) to work on /home/airflow/.local/lib/python3.11/site-packages/airflow/example_dags/tutorial.py
[2024-03-07T18:24:53.688+0000] {processor.py:830} INFO - Processing file /home/airflow/.local/lib/python3.11/site-packages/airflow/example_dags/tutorial.py for tasks to queue
[2024-03-07T18:24:53.694+0000] {logging_mixin.py:188} INFO - [2024-03-07T18:24:53.693+0000] {dagbag.py:540} INFO - Filling up the DagBag from /home/airflow/.local/lib/python3.11/site-packages/airflow/example_dags/tutorial.py
[2024-03-07T18:24:53.705+0000] {processor.py:840} INFO - DAG(s) 'tutorial' retrieved from /home/airflow/.local/lib/python3.11/site-packages/airflow/example_dags/tutorial.py
[2024-03-07T18:24:53.771+0000] {logging_mixin.py:188} INFO - [2024-03-07T18:24:53.770+0000] {dag.py:3047} INFO - Sync 1 DAGs
[2024-03-07T18:24:53.829+0000] {logging_mixin.py:188} INFO - [2024-03-07T18:24:53.828+0000] {dag.py:3834} INFO - Setting next_dagrun for tutorial to 2024-03-06 00:00:00+00:00, run_after=2024-03-07 00:00:00+00:00
[2024-03-07T18:24:53.902+0000] {processor.py:183} INFO - Processing /home/airflow/.local/lib/python3.11/site-packages/airflow/example_dags/tutorial.py took 0.223 seconds
[2024-03-07T18:25:26.034+0000] {processor.py:161} INFO - Started process (PID=1420) to work on /home/airflow/.local/lib/python3.11/site-packages/airflow/example_dags/tutorial.py
[2024-03-07T18:25:26.037+0000] {processor.py:830} INFO - Processing file /home/airflow/.local/lib/python3.11/site-packages/airflow/example_dags/tutorial.py for tasks to queue
[2024-03-07T18:25:26.042+0000] {logging_mixin.py:188} INFO - [2024-03-07T18:25:26.041+0000] {dagbag.py:540} INFO - Filling up the DagBag from /home/airflow/.local/lib/python3.11/site-packages/airflow/example_dags/tutorial.py
[2024-03-07T18:25:26.056+0000] {processor.py:840} INFO - DAG(s) 'tutorial' retrieved from /home/airflow/.local/lib/python3.11/site-packages/airflow/example_dags/tutorial.py
[2024-03-07T18:25:26.109+0000] {logging_mixin.py:188} INFO - [2024-03-07T18:25:26.108+0000] {dag.py:3047} INFO - Sync 1 DAGs
[2024-03-07T18:25:26.166+0000] {logging_mixin.py:188} INFO - [2024-03-07T18:25:26.165+0000] {dag.py:3834} INFO - Setting next_dagrun for tutorial to 2024-03-06 00:00:00+00:00, run_after=2024-03-07 00:00:00+00:00
[2024-03-07T18:25:26.222+0000] {processor.py:183} INFO - Processing /home/airflow/.local/lib/python3.11/site-packages/airflow/example_dags/tutorial.py took 0.193 seconds
[2024-03-07T18:25:58.060+0000] {processor.py:161} INFO - Started process (PID=1477) to work on /home/airflow/.local/lib/python3.11/site-packages/airflow/example_dags/tutorial.py
[2024-03-07T18:25:58.062+0000] {processor.py:830} INFO - Processing file /home/airflow/.local/lib/python3.11/site-packages/airflow/example_dags/tutorial.py for tasks to queue
[2024-03-07T18:25:58.067+0000] {logging_mixin.py:188} INFO - [2024-03-07T18:25:58.066+0000] {dagbag.py:540} INFO - Filling up the DagBag from /home/airflow/.local/lib/python3.11/site-packages/airflow/example_dags/tutorial.py
[2024-03-07T18:25:58.079+0000] {processor.py:840} INFO - DAG(s) 'tutorial' retrieved from /home/airflow/.local/lib/python3.11/site-packages/airflow/example_dags/tutorial.py
[2024-03-07T18:25:58.163+0000] {logging_mixin.py:188} INFO - [2024-03-07T18:25:58.163+0000] {dag.py:3047} INFO - Sync 1 DAGs
[2024-03-07T18:25:58.233+0000] {logging_mixin.py:188} INFO - [2024-03-07T18:25:58.233+0000] {dag.py:3834} INFO - Setting next_dagrun for tutorial to 2024-03-06 00:00:00+00:00, run_after=2024-03-07 00:00:00+00:00
[2024-03-07T18:25:58.289+0000] {processor.py:183} INFO - Processing /home/airflow/.local/lib/python3.11/site-packages/airflow/example_dags/tutorial.py took 0.234 seconds
[2024-03-07T18:26:29.652+0000] {processor.py:161} INFO - Started process (PID=1535) to work on /home/airflow/.local/lib/python3.11/site-packages/airflow/example_dags/tutorial.py
[2024-03-07T18:26:29.655+0000] {processor.py:830} INFO - Processing file /home/airflow/.local/lib/python3.11/site-packages/airflow/example_dags/tutorial.py for tasks to queue
[2024-03-07T18:26:29.661+0000] {logging_mixin.py:188} INFO - [2024-03-07T18:26:29.660+0000] {dagbag.py:540} INFO - Filling up the DagBag from /home/airflow/.local/lib/python3.11/site-packages/airflow/example_dags/tutorial.py
[2024-03-07T18:26:29.694+0000] {processor.py:840} INFO - DAG(s) 'tutorial' retrieved from /home/airflow/.local/lib/python3.11/site-packages/airflow/example_dags/tutorial.py
[2024-03-07T18:26:29.786+0000] {logging_mixin.py:188} INFO - [2024-03-07T18:26:29.785+0000] {dag.py:3047} INFO - Sync 1 DAGs
[2024-03-07T18:26:29.841+0000] {logging_mixin.py:188} INFO - [2024-03-07T18:26:29.840+0000] {dag.py:3834} INFO - Setting next_dagrun for tutorial to 2024-03-06 00:00:00+00:00, run_after=2024-03-07 00:00:00+00:00
[2024-03-07T18:26:29.899+0000] {processor.py:183} INFO - Processing /home/airflow/.local/lib/python3.11/site-packages/airflow/example_dags/tutorial.py took 0.253 seconds
[2024-03-07T18:27:02.162+0000] {processor.py:161} INFO - Started process (PID=1593) to work on /home/airflow/.local/lib/python3.11/site-packages/airflow/example_dags/tutorial.py
[2024-03-07T18:27:02.164+0000] {processor.py:830} INFO - Processing file /home/airflow/.local/lib/python3.11/site-packages/airflow/example_dags/tutorial.py for tasks to queue
[2024-03-07T18:27:02.169+0000] {logging_mixin.py:188} INFO - [2024-03-07T18:27:02.168+0000] {dagbag.py:540} INFO - Filling up the DagBag from /home/airflow/.local/lib/python3.11/site-packages/airflow/example_dags/tutorial.py
[2024-03-07T18:27:02.180+0000] {processor.py:840} INFO - DAG(s) 'tutorial' retrieved from /home/airflow/.local/lib/python3.11/site-packages/airflow/example_dags/tutorial.py
[2024-03-07T18:27:02.232+0000] {logging_mixin.py:188} INFO - [2024-03-07T18:27:02.232+0000] {dag.py:3047} INFO - Sync 1 DAGs
[2024-03-07T18:27:02.288+0000] {logging_mixin.py:188} INFO - [2024-03-07T18:27:02.287+0000] {dag.py:3834} INFO - Setting next_dagrun for tutorial to 2024-03-06 00:00:00+00:00, run_after=2024-03-07 00:00:00+00:00
[2024-03-07T18:27:02.343+0000] {processor.py:183} INFO - Processing /home/airflow/.local/lib/python3.11/site-packages/airflow/example_dags/tutorial.py took 0.186 seconds
[2024-03-07T18:27:34.801+0000] {processor.py:161} INFO - Started process (PID=1650) to work on /home/airflow/.local/lib/python3.11/site-packages/airflow/example_dags/tutorial.py
[2024-03-07T18:27:34.803+0000] {processor.py:830} INFO - Processing file /home/airflow/.local/lib/python3.11/site-packages/airflow/example_dags/tutorial.py for tasks to queue
[2024-03-07T18:27:34.808+0000] {logging_mixin.py:188} INFO - [2024-03-07T18:27:34.807+0000] {dagbag.py:540} INFO - Filling up the DagBag from /home/airflow/.local/lib/python3.11/site-packages/airflow/example_dags/tutorial.py
[2024-03-07T18:27:34.819+0000] {processor.py:840} INFO - DAG(s) 'tutorial' retrieved from /home/airflow/.local/lib/python3.11/site-packages/airflow/example_dags/tutorial.py
[2024-03-07T18:27:34.858+0000] {logging_mixin.py:188} INFO - [2024-03-07T18:27:34.857+0000] {dag.py:3047} INFO - Sync 1 DAGs
[2024-03-07T18:27:34.904+0000] {logging_mixin.py:188} INFO - [2024-03-07T18:27:34.904+0000] {dag.py:3834} INFO - Setting next_dagrun for tutorial to 2024-03-06 00:00:00+00:00, run_after=2024-03-07 00:00:00+00:00
[2024-03-07T18:27:34.960+0000] {processor.py:183} INFO - Processing /home/airflow/.local/lib/python3.11/site-packages/airflow/example_dags/tutorial.py took 0.163 seconds
[2024-03-07T18:28:07.572+0000] {processor.py:161} INFO - Started process (PID=1708) to work on /home/airflow/.local/lib/python3.11/site-packages/airflow/example_dags/tutorial.py
[2024-03-07T18:28:07.574+0000] {processor.py:830} INFO - Processing file /home/airflow/.local/lib/python3.11/site-packages/airflow/example_dags/tutorial.py for tasks to queue
[2024-03-07T18:28:07.577+0000] {logging_mixin.py:188} INFO - [2024-03-07T18:28:07.577+0000] {dagbag.py:540} INFO - Filling up the DagBag from /home/airflow/.local/lib/python3.11/site-packages/airflow/example_dags/tutorial.py
[2024-03-07T18:28:07.587+0000] {processor.py:840} INFO - DAG(s) 'tutorial' retrieved from /home/airflow/.local/lib/python3.11/site-packages/airflow/example_dags/tutorial.py
[2024-03-07T18:28:07.624+0000] {logging_mixin.py:188} INFO - [2024-03-07T18:28:07.624+0000] {dag.py:3047} INFO - Sync 1 DAGs
[2024-03-07T18:28:07.685+0000] {logging_mixin.py:188} INFO - [2024-03-07T18:28:07.684+0000] {dag.py:3834} INFO - Setting next_dagrun for tutorial to 2024-03-06 00:00:00+00:00, run_after=2024-03-07 00:00:00+00:00
[2024-03-07T18:28:07.741+0000] {processor.py:183} INFO - Processing /home/airflow/.local/lib/python3.11/site-packages/airflow/example_dags/tutorial.py took 0.174 seconds
[2024-03-07T18:28:39.764+0000] {processor.py:161} INFO - Started process (PID=1766) to work on /home/airflow/.local/lib/python3.11/site-packages/airflow/example_dags/tutorial.py
[2024-03-07T18:28:39.767+0000] {processor.py:830} INFO - Processing file /home/airflow/.local/lib/python3.11/site-packages/airflow/example_dags/tutorial.py for tasks to queue
[2024-03-07T18:28:39.772+0000] {logging_mixin.py:188} INFO - [2024-03-07T18:28:39.771+0000] {dagbag.py:540} INFO - Filling up the DagBag from /home/airflow/.local/lib/python3.11/site-packages/airflow/example_dags/tutorial.py
[2024-03-07T18:28:39.785+0000] {processor.py:840} INFO - DAG(s) 'tutorial' retrieved from /home/airflow/.local/lib/python3.11/site-packages/airflow/example_dags/tutorial.py
[2024-03-07T18:28:39.837+0000] {logging_mixin.py:188} INFO - [2024-03-07T18:28:39.836+0000] {dag.py:3047} INFO - Sync 1 DAGs
[2024-03-07T18:28:39.892+0000] {logging_mixin.py:188} INFO - [2024-03-07T18:28:39.891+0000] {dag.py:3834} INFO - Setting next_dagrun for tutorial to 2024-03-06 00:00:00+00:00, run_after=2024-03-07 00:00:00+00:00
[2024-03-07T18:28:39.947+0000] {processor.py:183} INFO - Processing /home/airflow/.local/lib/python3.11/site-packages/airflow/example_dags/tutorial.py took 0.190 seconds
[2024-03-07T18:29:10.759+0000] {processor.py:161} INFO - Started process (PID=1825) to work on /home/airflow/.local/lib/python3.11/site-packages/airflow/example_dags/tutorial.py
[2024-03-07T18:29:10.761+0000] {processor.py:830} INFO - Processing file /home/airflow/.local/lib/python3.11/site-packages/airflow/example_dags/tutorial.py for tasks to queue
[2024-03-07T18:29:10.766+0000] {logging_mixin.py:188} INFO - [2024-03-07T18:29:10.765+0000] {dagbag.py:540} INFO - Filling up the DagBag from /home/airflow/.local/lib/python3.11/site-packages/airflow/example_dags/tutorial.py
[2024-03-07T18:29:10.776+0000] {processor.py:840} INFO - DAG(s) 'tutorial' retrieved from /home/airflow/.local/lib/python3.11/site-packages/airflow/example_dags/tutorial.py
[2024-03-07T18:29:10.815+0000] {logging_mixin.py:188} INFO - [2024-03-07T18:29:10.815+0000] {dag.py:3047} INFO - Sync 1 DAGs
[2024-03-07T18:29:10.868+0000] {logging_mixin.py:188} INFO - [2024-03-07T18:29:10.868+0000] {dag.py:3834} INFO - Setting next_dagrun for tutorial to 2024-03-06 00:00:00+00:00, run_after=2024-03-07 00:00:00+00:00
[2024-03-07T18:29:10.920+0000] {processor.py:183} INFO - Processing /home/airflow/.local/lib/python3.11/site-packages/airflow/example_dags/tutorial.py took 0.166 seconds
