[2024-03-07T18:13:23.821+0000] {processor.py:161} INFO - Started process (PID=85) to work on /home/airflow/.local/lib/python3.11/site-packages/airflow/example_dags/tutorial_taskflow_api_virtualenv.py
[2024-03-07T18:13:23.825+0000] {processor.py:830} INFO - Processing file /home/airflow/.local/lib/python3.11/site-packages/airflow/example_dags/tutorial_taskflow_api_virtualenv.py for tasks to queue
[2024-03-07T18:13:23.834+0000] {logging_mixin.py:188} INFO - [2024-03-07T18:13:23.833+0000] {dagbag.py:540} INFO - Filling up the DagBag from /home/airflow/.local/lib/python3.11/site-packages/airflow/example_dags/tutorial_taskflow_api_virtualenv.py
[2024-03-07T18:13:23.922+0000] {processor.py:840} INFO - DAG(s) 'tutorial_taskflow_api_virtualenv' retrieved from /home/airflow/.local/lib/python3.11/site-packages/airflow/example_dags/tutorial_taskflow_api_virtualenv.py
[2024-03-07T18:13:24.700+0000] {logging_mixin.py:188} INFO - [2024-03-07T18:13:24.699+0000] {dag.py:3047} INFO - Sync 1 DAGs
[2024-03-07T18:13:24.808+0000] {logging_mixin.py:188} INFO - [2024-03-07T18:13:24.808+0000] {dag.py:3834} INFO - Setting next_dagrun for tutorial_taskflow_api_virtualenv to None, run_after=None
[2024-03-07T18:13:24.984+0000] {processor.py:183} INFO - Processing /home/airflow/.local/lib/python3.11/site-packages/airflow/example_dags/tutorial_taskflow_api_virtualenv.py took 1.187 seconds
[2024-03-07T18:13:55.200+0000] {processor.py:161} INFO - Started process (PID=143) to work on /home/airflow/.local/lib/python3.11/site-packages/airflow/example_dags/tutorial_taskflow_api_virtualenv.py
[2024-03-07T18:13:55.203+0000] {processor.py:830} INFO - Processing file /home/airflow/.local/lib/python3.11/site-packages/airflow/example_dags/tutorial_taskflow_api_virtualenv.py for tasks to queue
[2024-03-07T18:13:55.217+0000] {logging_mixin.py:188} INFO - [2024-03-07T18:13:55.213+0000] {dagbag.py:540} INFO - Filling up the DagBag from /home/airflow/.local/lib/python3.11/site-packages/airflow/example_dags/tutorial_taskflow_api_virtualenv.py
[2024-03-07T18:13:55.279+0000] {processor.py:840} INFO - DAG(s) 'tutorial_taskflow_api_virtualenv' retrieved from /home/airflow/.local/lib/python3.11/site-packages/airflow/example_dags/tutorial_taskflow_api_virtualenv.py
[2024-03-07T18:13:55.390+0000] {logging_mixin.py:188} INFO - [2024-03-07T18:13:55.389+0000] {dag.py:3047} INFO - Sync 1 DAGs
[2024-03-07T18:13:55.484+0000] {logging_mixin.py:188} INFO - [2024-03-07T18:13:55.483+0000] {dag.py:3834} INFO - Setting next_dagrun for tutorial_taskflow_api_virtualenv to None, run_after=None
[2024-03-07T18:13:55.670+0000] {processor.py:183} INFO - Processing /home/airflow/.local/lib/python3.11/site-packages/airflow/example_dags/tutorial_taskflow_api_virtualenv.py took 0.487 seconds
[2024-03-07T18:14:26.564+0000] {processor.py:161} INFO - Started process (PID=201) to work on /home/airflow/.local/lib/python3.11/site-packages/airflow/example_dags/tutorial_taskflow_api_virtualenv.py
[2024-03-07T18:14:26.568+0000] {processor.py:830} INFO - Processing file /home/airflow/.local/lib/python3.11/site-packages/airflow/example_dags/tutorial_taskflow_api_virtualenv.py for tasks to queue
[2024-03-07T18:14:26.587+0000] {logging_mixin.py:188} INFO - [2024-03-07T18:14:26.585+0000] {dagbag.py:540} INFO - Filling up the DagBag from /home/airflow/.local/lib/python3.11/site-packages/airflow/example_dags/tutorial_taskflow_api_virtualenv.py
[2024-03-07T18:14:26.682+0000] {processor.py:840} INFO - DAG(s) 'tutorial_taskflow_api_virtualenv' retrieved from /home/airflow/.local/lib/python3.11/site-packages/airflow/example_dags/tutorial_taskflow_api_virtualenv.py
[2024-03-07T18:14:26.894+0000] {logging_mixin.py:188} INFO - [2024-03-07T18:14:26.893+0000] {dag.py:3047} INFO - Sync 1 DAGs
[2024-03-07T18:14:27.070+0000] {logging_mixin.py:188} INFO - [2024-03-07T18:14:27.069+0000] {dag.py:3834} INFO - Setting next_dagrun for tutorial_taskflow_api_virtualenv to None, run_after=None
[2024-03-07T18:14:27.302+0000] {processor.py:183} INFO - Processing /home/airflow/.local/lib/python3.11/site-packages/airflow/example_dags/tutorial_taskflow_api_virtualenv.py took 0.764 seconds
[2024-03-07T18:14:57.659+0000] {processor.py:161} INFO - Started process (PID=258) to work on /home/airflow/.local/lib/python3.11/site-packages/airflow/example_dags/tutorial_taskflow_api_virtualenv.py
[2024-03-07T18:14:57.663+0000] {processor.py:830} INFO - Processing file /home/airflow/.local/lib/python3.11/site-packages/airflow/example_dags/tutorial_taskflow_api_virtualenv.py for tasks to queue
[2024-03-07T18:14:57.670+0000] {logging_mixin.py:188} INFO - [2024-03-07T18:14:57.668+0000] {dagbag.py:540} INFO - Filling up the DagBag from /home/airflow/.local/lib/python3.11/site-packages/airflow/example_dags/tutorial_taskflow_api_virtualenv.py
[2024-03-07T18:14:57.717+0000] {processor.py:840} INFO - DAG(s) 'tutorial_taskflow_api_virtualenv' retrieved from /home/airflow/.local/lib/python3.11/site-packages/airflow/example_dags/tutorial_taskflow_api_virtualenv.py
[2024-03-07T18:14:57.765+0000] {logging_mixin.py:188} INFO - [2024-03-07T18:14:57.764+0000] {dag.py:3047} INFO - Sync 1 DAGs
[2024-03-07T18:14:57.836+0000] {logging_mixin.py:188} INFO - [2024-03-07T18:14:57.835+0000] {dag.py:3834} INFO - Setting next_dagrun for tutorial_taskflow_api_virtualenv to None, run_after=None
[2024-03-07T18:14:58.031+0000] {processor.py:183} INFO - Processing /home/airflow/.local/lib/python3.11/site-packages/airflow/example_dags/tutorial_taskflow_api_virtualenv.py took 0.379 seconds
[2024-03-07T18:15:34.571+0000] {processor.py:161} INFO - Started process (PID=317) to work on /home/airflow/.local/lib/python3.11/site-packages/airflow/example_dags/tutorial_taskflow_api_virtualenv.py
[2024-03-07T18:15:34.575+0000] {processor.py:830} INFO - Processing file /home/airflow/.local/lib/python3.11/site-packages/airflow/example_dags/tutorial_taskflow_api_virtualenv.py for tasks to queue
[2024-03-07T18:15:34.589+0000] {logging_mixin.py:188} INFO - [2024-03-07T18:15:34.583+0000] {dagbag.py:540} INFO - Filling up the DagBag from /home/airflow/.local/lib/python3.11/site-packages/airflow/example_dags/tutorial_taskflow_api_virtualenv.py
[2024-03-07T18:15:34.666+0000] {processor.py:840} INFO - DAG(s) 'tutorial_taskflow_api_virtualenv' retrieved from /home/airflow/.local/lib/python3.11/site-packages/airflow/example_dags/tutorial_taskflow_api_virtualenv.py
[2024-03-07T18:15:35.325+0000] {logging_mixin.py:188} INFO - [2024-03-07T18:15:35.324+0000] {dag.py:3047} INFO - Sync 1 DAGs
[2024-03-07T18:15:35.403+0000] {logging_mixin.py:188} INFO - [2024-03-07T18:15:35.402+0000] {dag.py:3834} INFO - Setting next_dagrun for tutorial_taskflow_api_virtualenv to None, run_after=None
[2024-03-07T18:15:35.531+0000] {processor.py:183} INFO - Processing /home/airflow/.local/lib/python3.11/site-packages/airflow/example_dags/tutorial_taskflow_api_virtualenv.py took 0.977 seconds
[2024-03-07T18:16:06.186+0000] {processor.py:161} INFO - Started process (PID=375) to work on /home/airflow/.local/lib/python3.11/site-packages/airflow/example_dags/tutorial_taskflow_api_virtualenv.py
[2024-03-07T18:16:06.189+0000] {processor.py:830} INFO - Processing file /home/airflow/.local/lib/python3.11/site-packages/airflow/example_dags/tutorial_taskflow_api_virtualenv.py for tasks to queue
[2024-03-07T18:16:06.196+0000] {logging_mixin.py:188} INFO - [2024-03-07T18:16:06.195+0000] {dagbag.py:540} INFO - Filling up the DagBag from /home/airflow/.local/lib/python3.11/site-packages/airflow/example_dags/tutorial_taskflow_api_virtualenv.py
[2024-03-07T18:16:06.224+0000] {processor.py:840} INFO - DAG(s) 'tutorial_taskflow_api_virtualenv' retrieved from /home/airflow/.local/lib/python3.11/site-packages/airflow/example_dags/tutorial_taskflow_api_virtualenv.py
[2024-03-07T18:16:06.288+0000] {logging_mixin.py:188} INFO - [2024-03-07T18:16:06.287+0000] {dag.py:3047} INFO - Sync 1 DAGs
[2024-03-07T18:16:06.329+0000] {logging_mixin.py:188} INFO - [2024-03-07T18:16:06.329+0000] {dag.py:3834} INFO - Setting next_dagrun for tutorial_taskflow_api_virtualenv to None, run_after=None
[2024-03-07T18:16:06.391+0000] {processor.py:183} INFO - Processing /home/airflow/.local/lib/python3.11/site-packages/airflow/example_dags/tutorial_taskflow_api_virtualenv.py took 0.217 seconds
[2024-03-07T18:16:36.644+0000] {processor.py:161} INFO - Started process (PID=433) to work on /home/airflow/.local/lib/python3.11/site-packages/airflow/example_dags/tutorial_taskflow_api_virtualenv.py
[2024-03-07T18:16:36.646+0000] {processor.py:830} INFO - Processing file /home/airflow/.local/lib/python3.11/site-packages/airflow/example_dags/tutorial_taskflow_api_virtualenv.py for tasks to queue
[2024-03-07T18:16:36.652+0000] {logging_mixin.py:188} INFO - [2024-03-07T18:16:36.650+0000] {dagbag.py:540} INFO - Filling up the DagBag from /home/airflow/.local/lib/python3.11/site-packages/airflow/example_dags/tutorial_taskflow_api_virtualenv.py
[2024-03-07T18:16:36.673+0000] {processor.py:840} INFO - DAG(s) 'tutorial_taskflow_api_virtualenv' retrieved from /home/airflow/.local/lib/python3.11/site-packages/airflow/example_dags/tutorial_taskflow_api_virtualenv.py
[2024-03-07T18:16:36.722+0000] {logging_mixin.py:188} INFO - [2024-03-07T18:16:36.721+0000] {dag.py:3047} INFO - Sync 1 DAGs
[2024-03-07T18:16:36.754+0000] {logging_mixin.py:188} INFO - [2024-03-07T18:16:36.753+0000] {dag.py:3834} INFO - Setting next_dagrun for tutorial_taskflow_api_virtualenv to None, run_after=None
[2024-03-07T18:16:36.818+0000] {processor.py:183} INFO - Processing /home/airflow/.local/lib/python3.11/site-packages/airflow/example_dags/tutorial_taskflow_api_virtualenv.py took 0.180 seconds
[2024-03-07T18:17:07.290+0000] {processor.py:161} INFO - Started process (PID=491) to work on /home/airflow/.local/lib/python3.11/site-packages/airflow/example_dags/tutorial_taskflow_api_virtualenv.py
[2024-03-07T18:17:08.059+0000] {processor.py:830} INFO - Processing file /home/airflow/.local/lib/python3.11/site-packages/airflow/example_dags/tutorial_taskflow_api_virtualenv.py for tasks to queue
[2024-03-07T18:17:08.066+0000] {logging_mixin.py:188} INFO - [2024-03-07T18:17:08.065+0000] {dagbag.py:540} INFO - Filling up the DagBag from /home/airflow/.local/lib/python3.11/site-packages/airflow/example_dags/tutorial_taskflow_api_virtualenv.py
[2024-03-07T18:17:08.116+0000] {processor.py:840} INFO - DAG(s) 'tutorial_taskflow_api_virtualenv' retrieved from /home/airflow/.local/lib/python3.11/site-packages/airflow/example_dags/tutorial_taskflow_api_virtualenv.py
[2024-03-07T18:17:08.196+0000] {logging_mixin.py:188} INFO - [2024-03-07T18:17:08.195+0000] {dag.py:3047} INFO - Sync 1 DAGs
[2024-03-07T18:17:08.232+0000] {logging_mixin.py:188} INFO - [2024-03-07T18:17:08.231+0000] {dag.py:3834} INFO - Setting next_dagrun for tutorial_taskflow_api_virtualenv to None, run_after=None
[2024-03-07T18:17:08.290+0000] {processor.py:183} INFO - Processing /home/airflow/.local/lib/python3.11/site-packages/airflow/example_dags/tutorial_taskflow_api_virtualenv.py took 1.007 seconds
[2024-03-07T18:17:38.591+0000] {processor.py:161} INFO - Started process (PID=554) to work on /home/airflow/.local/lib/python3.11/site-packages/airflow/example_dags/tutorial_taskflow_api_virtualenv.py
[2024-03-07T18:17:38.593+0000] {processor.py:830} INFO - Processing file /home/airflow/.local/lib/python3.11/site-packages/airflow/example_dags/tutorial_taskflow_api_virtualenv.py for tasks to queue
[2024-03-07T18:17:38.597+0000] {logging_mixin.py:188} INFO - [2024-03-07T18:17:38.596+0000] {dagbag.py:540} INFO - Filling up the DagBag from /home/airflow/.local/lib/python3.11/site-packages/airflow/example_dags/tutorial_taskflow_api_virtualenv.py
[2024-03-07T18:17:38.620+0000] {processor.py:840} INFO - DAG(s) 'tutorial_taskflow_api_virtualenv' retrieved from /home/airflow/.local/lib/python3.11/site-packages/airflow/example_dags/tutorial_taskflow_api_virtualenv.py
[2024-03-07T18:17:38.677+0000] {logging_mixin.py:188} INFO - [2024-03-07T18:17:38.676+0000] {dag.py:3047} INFO - Sync 1 DAGs
[2024-03-07T18:17:38.718+0000] {logging_mixin.py:188} INFO - [2024-03-07T18:17:38.718+0000] {dag.py:3834} INFO - Setting next_dagrun for tutorial_taskflow_api_virtualenv to None, run_after=None
[2024-03-07T18:17:38.778+0000] {processor.py:183} INFO - Processing /home/airflow/.local/lib/python3.11/site-packages/airflow/example_dags/tutorial_taskflow_api_virtualenv.py took 0.192 seconds
[2024-03-07T18:18:09.018+0000] {processor.py:161} INFO - Started process (PID=612) to work on /home/airflow/.local/lib/python3.11/site-packages/airflow/example_dags/tutorial_taskflow_api_virtualenv.py
[2024-03-07T18:18:09.022+0000] {processor.py:830} INFO - Processing file /home/airflow/.local/lib/python3.11/site-packages/airflow/example_dags/tutorial_taskflow_api_virtualenv.py for tasks to queue
[2024-03-07T18:18:09.028+0000] {logging_mixin.py:188} INFO - [2024-03-07T18:18:09.027+0000] {dagbag.py:540} INFO - Filling up the DagBag from /home/airflow/.local/lib/python3.11/site-packages/airflow/example_dags/tutorial_taskflow_api_virtualenv.py
[2024-03-07T18:18:09.052+0000] {processor.py:840} INFO - DAG(s) 'tutorial_taskflow_api_virtualenv' retrieved from /home/airflow/.local/lib/python3.11/site-packages/airflow/example_dags/tutorial_taskflow_api_virtualenv.py
[2024-03-07T18:18:09.111+0000] {logging_mixin.py:188} INFO - [2024-03-07T18:18:09.110+0000] {dag.py:3047} INFO - Sync 1 DAGs
[2024-03-07T18:18:09.150+0000] {logging_mixin.py:188} INFO - [2024-03-07T18:18:09.149+0000] {dag.py:3834} INFO - Setting next_dagrun for tutorial_taskflow_api_virtualenv to None, run_after=None
[2024-03-07T18:18:09.206+0000] {processor.py:183} INFO - Processing /home/airflow/.local/lib/python3.11/site-packages/airflow/example_dags/tutorial_taskflow_api_virtualenv.py took 0.194 seconds
[2024-03-07T18:18:39.410+0000] {processor.py:161} INFO - Started process (PID=670) to work on /home/airflow/.local/lib/python3.11/site-packages/airflow/example_dags/tutorial_taskflow_api_virtualenv.py
[2024-03-07T18:18:39.413+0000] {processor.py:830} INFO - Processing file /home/airflow/.local/lib/python3.11/site-packages/airflow/example_dags/tutorial_taskflow_api_virtualenv.py for tasks to queue
[2024-03-07T18:18:39.422+0000] {logging_mixin.py:188} INFO - [2024-03-07T18:18:39.421+0000] {dagbag.py:540} INFO - Filling up the DagBag from /home/airflow/.local/lib/python3.11/site-packages/airflow/example_dags/tutorial_taskflow_api_virtualenv.py
[2024-03-07T18:18:39.451+0000] {processor.py:840} INFO - DAG(s) 'tutorial_taskflow_api_virtualenv' retrieved from /home/airflow/.local/lib/python3.11/site-packages/airflow/example_dags/tutorial_taskflow_api_virtualenv.py
[2024-03-07T18:18:39.503+0000] {logging_mixin.py:188} INFO - [2024-03-07T18:18:39.503+0000] {dag.py:3047} INFO - Sync 1 DAGs
[2024-03-07T18:18:39.534+0000] {logging_mixin.py:188} INFO - [2024-03-07T18:18:39.534+0000] {dag.py:3834} INFO - Setting next_dagrun for tutorial_taskflow_api_virtualenv to None, run_after=None
[2024-03-07T18:18:39.590+0000] {processor.py:183} INFO - Processing /home/airflow/.local/lib/python3.11/site-packages/airflow/example_dags/tutorial_taskflow_api_virtualenv.py took 0.193 seconds
[2024-03-07T18:19:09.713+0000] {processor.py:161} INFO - Started process (PID=729) to work on /home/airflow/.local/lib/python3.11/site-packages/airflow/example_dags/tutorial_taskflow_api_virtualenv.py
[2024-03-07T18:19:09.715+0000] {processor.py:830} INFO - Processing file /home/airflow/.local/lib/python3.11/site-packages/airflow/example_dags/tutorial_taskflow_api_virtualenv.py for tasks to queue
[2024-03-07T18:19:09.720+0000] {logging_mixin.py:188} INFO - [2024-03-07T18:19:09.719+0000] {dagbag.py:540} INFO - Filling up the DagBag from /home/airflow/.local/lib/python3.11/site-packages/airflow/example_dags/tutorial_taskflow_api_virtualenv.py
[2024-03-07T18:19:09.746+0000] {processor.py:840} INFO - DAG(s) 'tutorial_taskflow_api_virtualenv' retrieved from /home/airflow/.local/lib/python3.11/site-packages/airflow/example_dags/tutorial_taskflow_api_virtualenv.py
[2024-03-07T18:19:09.794+0000] {logging_mixin.py:188} INFO - [2024-03-07T18:19:09.794+0000] {dag.py:3047} INFO - Sync 1 DAGs
[2024-03-07T18:19:09.818+0000] {logging_mixin.py:188} INFO - [2024-03-07T18:19:09.818+0000] {dag.py:3834} INFO - Setting next_dagrun for tutorial_taskflow_api_virtualenv to None, run_after=None
[2024-03-07T18:19:09.881+0000] {processor.py:183} INFO - Processing /home/airflow/.local/lib/python3.11/site-packages/airflow/example_dags/tutorial_taskflow_api_virtualenv.py took 0.176 seconds
[2024-03-07T18:19:40.190+0000] {processor.py:161} INFO - Started process (PID=787) to work on /home/airflow/.local/lib/python3.11/site-packages/airflow/example_dags/tutorial_taskflow_api_virtualenv.py
[2024-03-07T18:19:40.192+0000] {processor.py:830} INFO - Processing file /home/airflow/.local/lib/python3.11/site-packages/airflow/example_dags/tutorial_taskflow_api_virtualenv.py for tasks to queue
[2024-03-07T18:19:40.205+0000] {logging_mixin.py:188} INFO - [2024-03-07T18:19:40.205+0000] {dagbag.py:540} INFO - Filling up the DagBag from /home/airflow/.local/lib/python3.11/site-packages/airflow/example_dags/tutorial_taskflow_api_virtualenv.py
[2024-03-07T18:19:40.226+0000] {processor.py:840} INFO - DAG(s) 'tutorial_taskflow_api_virtualenv' retrieved from /home/airflow/.local/lib/python3.11/site-packages/airflow/example_dags/tutorial_taskflow_api_virtualenv.py
[2024-03-07T18:19:40.268+0000] {logging_mixin.py:188} INFO - [2024-03-07T18:19:40.268+0000] {dag.py:3047} INFO - Sync 1 DAGs
[2024-03-07T18:19:40.296+0000] {logging_mixin.py:188} INFO - [2024-03-07T18:19:40.296+0000] {dag.py:3834} INFO - Setting next_dagrun for tutorial_taskflow_api_virtualenv to None, run_after=None
[2024-03-07T18:19:40.361+0000] {processor.py:183} INFO - Processing /home/airflow/.local/lib/python3.11/site-packages/airflow/example_dags/tutorial_taskflow_api_virtualenv.py took 0.176 seconds
[2024-03-07T18:20:11.096+0000] {processor.py:161} INFO - Started process (PID=844) to work on /home/airflow/.local/lib/python3.11/site-packages/airflow/example_dags/tutorial_taskflow_api_virtualenv.py
[2024-03-07T18:20:11.100+0000] {processor.py:830} INFO - Processing file /home/airflow/.local/lib/python3.11/site-packages/airflow/example_dags/tutorial_taskflow_api_virtualenv.py for tasks to queue
[2024-03-07T18:20:11.104+0000] {logging_mixin.py:188} INFO - [2024-03-07T18:20:11.103+0000] {dagbag.py:540} INFO - Filling up the DagBag from /home/airflow/.local/lib/python3.11/site-packages/airflow/example_dags/tutorial_taskflow_api_virtualenv.py
[2024-03-07T18:20:11.125+0000] {processor.py:840} INFO - DAG(s) 'tutorial_taskflow_api_virtualenv' retrieved from /home/airflow/.local/lib/python3.11/site-packages/airflow/example_dags/tutorial_taskflow_api_virtualenv.py
[2024-03-07T18:20:11.171+0000] {logging_mixin.py:188} INFO - [2024-03-07T18:20:11.170+0000] {dag.py:3047} INFO - Sync 1 DAGs
[2024-03-07T18:20:11.199+0000] {logging_mixin.py:188} INFO - [2024-03-07T18:20:11.198+0000] {dag.py:3834} INFO - Setting next_dagrun for tutorial_taskflow_api_virtualenv to None, run_after=None
[2024-03-07T18:20:11.259+0000] {processor.py:183} INFO - Processing /home/airflow/.local/lib/python3.11/site-packages/airflow/example_dags/tutorial_taskflow_api_virtualenv.py took 0.170 seconds
[2024-03-07T18:20:41.431+0000] {processor.py:161} INFO - Started process (PID=902) to work on /home/airflow/.local/lib/python3.11/site-packages/airflow/example_dags/tutorial_taskflow_api_virtualenv.py
[2024-03-07T18:20:41.433+0000] {processor.py:830} INFO - Processing file /home/airflow/.local/lib/python3.11/site-packages/airflow/example_dags/tutorial_taskflow_api_virtualenv.py for tasks to queue
[2024-03-07T18:20:41.437+0000] {logging_mixin.py:188} INFO - [2024-03-07T18:20:41.436+0000] {dagbag.py:540} INFO - Filling up the DagBag from /home/airflow/.local/lib/python3.11/site-packages/airflow/example_dags/tutorial_taskflow_api_virtualenv.py
[2024-03-07T18:20:41.461+0000] {processor.py:840} INFO - DAG(s) 'tutorial_taskflow_api_virtualenv' retrieved from /home/airflow/.local/lib/python3.11/site-packages/airflow/example_dags/tutorial_taskflow_api_virtualenv.py
[2024-03-07T18:20:41.513+0000] {logging_mixin.py:188} INFO - [2024-03-07T18:20:41.513+0000] {dag.py:3047} INFO - Sync 1 DAGs
[2024-03-07T18:20:41.545+0000] {logging_mixin.py:188} INFO - [2024-03-07T18:20:41.544+0000] {dag.py:3834} INFO - Setting next_dagrun for tutorial_taskflow_api_virtualenv to None, run_after=None
[2024-03-07T18:20:41.635+0000] {processor.py:183} INFO - Processing /home/airflow/.local/lib/python3.11/site-packages/airflow/example_dags/tutorial_taskflow_api_virtualenv.py took 0.209 seconds
[2024-03-07T18:21:12.006+0000] {processor.py:161} INFO - Started process (PID=959) to work on /home/airflow/.local/lib/python3.11/site-packages/airflow/example_dags/tutorial_taskflow_api_virtualenv.py
[2024-03-07T18:21:12.008+0000] {processor.py:830} INFO - Processing file /home/airflow/.local/lib/python3.11/site-packages/airflow/example_dags/tutorial_taskflow_api_virtualenv.py for tasks to queue
[2024-03-07T18:21:12.013+0000] {logging_mixin.py:188} INFO - [2024-03-07T18:21:12.011+0000] {dagbag.py:540} INFO - Filling up the DagBag from /home/airflow/.local/lib/python3.11/site-packages/airflow/example_dags/tutorial_taskflow_api_virtualenv.py
[2024-03-07T18:21:12.031+0000] {processor.py:840} INFO - DAG(s) 'tutorial_taskflow_api_virtualenv' retrieved from /home/airflow/.local/lib/python3.11/site-packages/airflow/example_dags/tutorial_taskflow_api_virtualenv.py
[2024-03-07T18:21:12.070+0000] {logging_mixin.py:188} INFO - [2024-03-07T18:21:12.070+0000] {dag.py:3047} INFO - Sync 1 DAGs
[2024-03-07T18:21:12.098+0000] {logging_mixin.py:188} INFO - [2024-03-07T18:21:12.097+0000] {dag.py:3834} INFO - Setting next_dagrun for tutorial_taskflow_api_virtualenv to None, run_after=None
[2024-03-07T18:21:12.151+0000] {processor.py:183} INFO - Processing /home/airflow/.local/lib/python3.11/site-packages/airflow/example_dags/tutorial_taskflow_api_virtualenv.py took 0.150 seconds
[2024-03-07T18:21:45.481+0000] {processor.py:161} INFO - Started process (PID=1017) to work on /home/airflow/.local/lib/python3.11/site-packages/airflow/example_dags/tutorial_taskflow_api_virtualenv.py
[2024-03-07T18:21:45.488+0000] {processor.py:830} INFO - Processing file /home/airflow/.local/lib/python3.11/site-packages/airflow/example_dags/tutorial_taskflow_api_virtualenv.py for tasks to queue
[2024-03-07T18:21:45.500+0000] {logging_mixin.py:188} INFO - [2024-03-07T18:21:45.496+0000] {dagbag.py:540} INFO - Filling up the DagBag from /home/airflow/.local/lib/python3.11/site-packages/airflow/example_dags/tutorial_taskflow_api_virtualenv.py
[2024-03-07T18:21:45.541+0000] {processor.py:840} INFO - DAG(s) 'tutorial_taskflow_api_virtualenv' retrieved from /home/airflow/.local/lib/python3.11/site-packages/airflow/example_dags/tutorial_taskflow_api_virtualenv.py
[2024-03-07T18:21:45.683+0000] {logging_mixin.py:188} INFO - [2024-03-07T18:21:45.682+0000] {dag.py:3047} INFO - Sync 1 DAGs
[2024-03-07T18:21:45.778+0000] {logging_mixin.py:188} INFO - [2024-03-07T18:21:45.777+0000] {dag.py:3834} INFO - Setting next_dagrun for tutorial_taskflow_api_virtualenv to None, run_after=None
[2024-03-07T18:21:45.900+0000] {processor.py:183} INFO - Processing /home/airflow/.local/lib/python3.11/site-packages/airflow/example_dags/tutorial_taskflow_api_virtualenv.py took 0.456 seconds
[2024-03-07T18:22:16.337+0000] {processor.py:161} INFO - Started process (PID=1075) to work on /home/airflow/.local/lib/python3.11/site-packages/airflow/example_dags/tutorial_taskflow_api_virtualenv.py
[2024-03-07T18:22:16.340+0000] {processor.py:830} INFO - Processing file /home/airflow/.local/lib/python3.11/site-packages/airflow/example_dags/tutorial_taskflow_api_virtualenv.py for tasks to queue
[2024-03-07T18:22:16.345+0000] {logging_mixin.py:188} INFO - [2024-03-07T18:22:16.344+0000] {dagbag.py:540} INFO - Filling up the DagBag from /home/airflow/.local/lib/python3.11/site-packages/airflow/example_dags/tutorial_taskflow_api_virtualenv.py
[2024-03-07T18:22:16.368+0000] {processor.py:840} INFO - DAG(s) 'tutorial_taskflow_api_virtualenv' retrieved from /home/airflow/.local/lib/python3.11/site-packages/airflow/example_dags/tutorial_taskflow_api_virtualenv.py
[2024-03-07T18:22:16.414+0000] {logging_mixin.py:188} INFO - [2024-03-07T18:22:16.413+0000] {dag.py:3047} INFO - Sync 1 DAGs
[2024-03-07T18:22:16.445+0000] {logging_mixin.py:188} INFO - [2024-03-07T18:22:16.444+0000] {dag.py:3834} INFO - Setting next_dagrun for tutorial_taskflow_api_virtualenv to None, run_after=None
[2024-03-07T18:22:16.503+0000] {processor.py:183} INFO - Processing /home/airflow/.local/lib/python3.11/site-packages/airflow/example_dags/tutorial_taskflow_api_virtualenv.py took 0.174 seconds
[2024-03-07T18:22:48.408+0000] {processor.py:161} INFO - Started process (PID=1134) to work on /home/airflow/.local/lib/python3.11/site-packages/airflow/example_dags/tutorial_taskflow_api_virtualenv.py
[2024-03-07T18:22:48.412+0000] {processor.py:830} INFO - Processing file /home/airflow/.local/lib/python3.11/site-packages/airflow/example_dags/tutorial_taskflow_api_virtualenv.py for tasks to queue
[2024-03-07T18:22:48.420+0000] {logging_mixin.py:188} INFO - [2024-03-07T18:22:48.417+0000] {dagbag.py:540} INFO - Filling up the DagBag from /home/airflow/.local/lib/python3.11/site-packages/airflow/example_dags/tutorial_taskflow_api_virtualenv.py
[2024-03-07T18:22:48.443+0000] {processor.py:840} INFO - DAG(s) 'tutorial_taskflow_api_virtualenv' retrieved from /home/airflow/.local/lib/python3.11/site-packages/airflow/example_dags/tutorial_taskflow_api_virtualenv.py
[2024-03-07T18:22:48.488+0000] {logging_mixin.py:188} INFO - [2024-03-07T18:22:48.488+0000] {dag.py:3047} INFO - Sync 1 DAGs
[2024-03-07T18:22:48.520+0000] {logging_mixin.py:188} INFO - [2024-03-07T18:22:48.519+0000] {dag.py:3834} INFO - Setting next_dagrun for tutorial_taskflow_api_virtualenv to None, run_after=None
[2024-03-07T18:22:48.573+0000] {processor.py:183} INFO - Processing /home/airflow/.local/lib/python3.11/site-packages/airflow/example_dags/tutorial_taskflow_api_virtualenv.py took 0.174 seconds
[2024-03-07T18:23:19.814+0000] {processor.py:161} INFO - Started process (PID=1192) to work on /home/airflow/.local/lib/python3.11/site-packages/airflow/example_dags/tutorial_taskflow_api_virtualenv.py
[2024-03-07T18:23:19.816+0000] {processor.py:830} INFO - Processing file /home/airflow/.local/lib/python3.11/site-packages/airflow/example_dags/tutorial_taskflow_api_virtualenv.py for tasks to queue
[2024-03-07T18:23:19.820+0000] {logging_mixin.py:188} INFO - [2024-03-07T18:23:19.819+0000] {dagbag.py:540} INFO - Filling up the DagBag from /home/airflow/.local/lib/python3.11/site-packages/airflow/example_dags/tutorial_taskflow_api_virtualenv.py
[2024-03-07T18:23:19.840+0000] {processor.py:840} INFO - DAG(s) 'tutorial_taskflow_api_virtualenv' retrieved from /home/airflow/.local/lib/python3.11/site-packages/airflow/example_dags/tutorial_taskflow_api_virtualenv.py
[2024-03-07T18:23:19.889+0000] {logging_mixin.py:188} INFO - [2024-03-07T18:23:19.888+0000] {dag.py:3047} INFO - Sync 1 DAGs
[2024-03-07T18:23:19.934+0000] {logging_mixin.py:188} INFO - [2024-03-07T18:23:19.933+0000] {dag.py:3834} INFO - Setting next_dagrun for tutorial_taskflow_api_virtualenv to None, run_after=None
[2024-03-07T18:23:19.986+0000] {processor.py:183} INFO - Processing /home/airflow/.local/lib/python3.11/site-packages/airflow/example_dags/tutorial_taskflow_api_virtualenv.py took 0.177 seconds
[2024-03-07T18:23:50.740+0000] {processor.py:161} INFO - Started process (PID=1251) to work on /home/airflow/.local/lib/python3.11/site-packages/airflow/example_dags/tutorial_taskflow_api_virtualenv.py
[2024-03-07T18:23:50.742+0000] {processor.py:830} INFO - Processing file /home/airflow/.local/lib/python3.11/site-packages/airflow/example_dags/tutorial_taskflow_api_virtualenv.py for tasks to queue
[2024-03-07T18:23:50.746+0000] {logging_mixin.py:188} INFO - [2024-03-07T18:23:50.745+0000] {dagbag.py:540} INFO - Filling up the DagBag from /home/airflow/.local/lib/python3.11/site-packages/airflow/example_dags/tutorial_taskflow_api_virtualenv.py
[2024-03-07T18:23:50.771+0000] {processor.py:840} INFO - DAG(s) 'tutorial_taskflow_api_virtualenv' retrieved from /home/airflow/.local/lib/python3.11/site-packages/airflow/example_dags/tutorial_taskflow_api_virtualenv.py
[2024-03-07T18:23:50.823+0000] {logging_mixin.py:188} INFO - [2024-03-07T18:23:50.822+0000] {dag.py:3047} INFO - Sync 1 DAGs
[2024-03-07T18:23:50.854+0000] {logging_mixin.py:188} INFO - [2024-03-07T18:23:50.854+0000] {dag.py:3834} INFO - Setting next_dagrun for tutorial_taskflow_api_virtualenv to None, run_after=None
[2024-03-07T18:23:50.907+0000] {processor.py:183} INFO - Processing /home/airflow/.local/lib/python3.11/site-packages/airflow/example_dags/tutorial_taskflow_api_virtualenv.py took 0.174 seconds
[2024-03-07T18:24:22.930+0000] {processor.py:161} INFO - Started process (PID=1309) to work on /home/airflow/.local/lib/python3.11/site-packages/airflow/example_dags/tutorial_taskflow_api_virtualenv.py
[2024-03-07T18:24:22.933+0000] {processor.py:830} INFO - Processing file /home/airflow/.local/lib/python3.11/site-packages/airflow/example_dags/tutorial_taskflow_api_virtualenv.py for tasks to queue
[2024-03-07T18:24:22.937+0000] {logging_mixin.py:188} INFO - [2024-03-07T18:24:22.936+0000] {dagbag.py:540} INFO - Filling up the DagBag from /home/airflow/.local/lib/python3.11/site-packages/airflow/example_dags/tutorial_taskflow_api_virtualenv.py
[2024-03-07T18:24:22.957+0000] {processor.py:840} INFO - DAG(s) 'tutorial_taskflow_api_virtualenv' retrieved from /home/airflow/.local/lib/python3.11/site-packages/airflow/example_dags/tutorial_taskflow_api_virtualenv.py
[2024-03-07T18:24:23.006+0000] {logging_mixin.py:188} INFO - [2024-03-07T18:24:23.006+0000] {dag.py:3047} INFO - Sync 1 DAGs
[2024-03-07T18:24:23.044+0000] {logging_mixin.py:188} INFO - [2024-03-07T18:24:23.043+0000] {dag.py:3834} INFO - Setting next_dagrun for tutorial_taskflow_api_virtualenv to None, run_after=None
[2024-03-07T18:24:23.111+0000] {processor.py:183} INFO - Processing /home/airflow/.local/lib/python3.11/site-packages/airflow/example_dags/tutorial_taskflow_api_virtualenv.py took 0.187 seconds
[2024-03-07T18:24:54.484+0000] {processor.py:161} INFO - Started process (PID=1367) to work on /home/airflow/.local/lib/python3.11/site-packages/airflow/example_dags/tutorial_taskflow_api_virtualenv.py
[2024-03-07T18:24:54.487+0000] {processor.py:830} INFO - Processing file /home/airflow/.local/lib/python3.11/site-packages/airflow/example_dags/tutorial_taskflow_api_virtualenv.py for tasks to queue
[2024-03-07T18:24:54.491+0000] {logging_mixin.py:188} INFO - [2024-03-07T18:24:54.490+0000] {dagbag.py:540} INFO - Filling up the DagBag from /home/airflow/.local/lib/python3.11/site-packages/airflow/example_dags/tutorial_taskflow_api_virtualenv.py
[2024-03-07T18:24:54.508+0000] {processor.py:840} INFO - DAG(s) 'tutorial_taskflow_api_virtualenv' retrieved from /home/airflow/.local/lib/python3.11/site-packages/airflow/example_dags/tutorial_taskflow_api_virtualenv.py
[2024-03-07T18:24:54.547+0000] {logging_mixin.py:188} INFO - [2024-03-07T18:24:54.546+0000] {dag.py:3047} INFO - Sync 1 DAGs
[2024-03-07T18:24:54.579+0000] {logging_mixin.py:188} INFO - [2024-03-07T18:24:54.578+0000] {dag.py:3834} INFO - Setting next_dagrun for tutorial_taskflow_api_virtualenv to None, run_after=None
[2024-03-07T18:24:54.626+0000] {processor.py:183} INFO - Processing /home/airflow/.local/lib/python3.11/site-packages/airflow/example_dags/tutorial_taskflow_api_virtualenv.py took 0.146 seconds
[2024-03-07T18:25:27.275+0000] {processor.py:161} INFO - Started process (PID=1426) to work on /home/airflow/.local/lib/python3.11/site-packages/airflow/example_dags/tutorial_taskflow_api_virtualenv.py
[2024-03-07T18:25:27.278+0000] {processor.py:830} INFO - Processing file /home/airflow/.local/lib/python3.11/site-packages/airflow/example_dags/tutorial_taskflow_api_virtualenv.py for tasks to queue
[2024-03-07T18:25:27.283+0000] {logging_mixin.py:188} INFO - [2024-03-07T18:25:27.282+0000] {dagbag.py:540} INFO - Filling up the DagBag from /home/airflow/.local/lib/python3.11/site-packages/airflow/example_dags/tutorial_taskflow_api_virtualenv.py
[2024-03-07T18:25:27.303+0000] {processor.py:840} INFO - DAG(s) 'tutorial_taskflow_api_virtualenv' retrieved from /home/airflow/.local/lib/python3.11/site-packages/airflow/example_dags/tutorial_taskflow_api_virtualenv.py
[2024-03-07T18:25:27.354+0000] {logging_mixin.py:188} INFO - [2024-03-07T18:25:27.353+0000] {dag.py:3047} INFO - Sync 1 DAGs
[2024-03-07T18:25:27.385+0000] {logging_mixin.py:188} INFO - [2024-03-07T18:25:27.385+0000] {dag.py:3834} INFO - Setting next_dagrun for tutorial_taskflow_api_virtualenv to None, run_after=None
[2024-03-07T18:25:27.451+0000] {processor.py:183} INFO - Processing /home/airflow/.local/lib/python3.11/site-packages/airflow/example_dags/tutorial_taskflow_api_virtualenv.py took 0.181 seconds
[2024-03-07T18:25:58.952+0000] {processor.py:161} INFO - Started process (PID=1483) to work on /home/airflow/.local/lib/python3.11/site-packages/airflow/example_dags/tutorial_taskflow_api_virtualenv.py
[2024-03-07T18:25:58.954+0000] {processor.py:830} INFO - Processing file /home/airflow/.local/lib/python3.11/site-packages/airflow/example_dags/tutorial_taskflow_api_virtualenv.py for tasks to queue
[2024-03-07T18:25:58.958+0000] {logging_mixin.py:188} INFO - [2024-03-07T18:25:58.957+0000] {dagbag.py:540} INFO - Filling up the DagBag from /home/airflow/.local/lib/python3.11/site-packages/airflow/example_dags/tutorial_taskflow_api_virtualenv.py
[2024-03-07T18:25:58.983+0000] {processor.py:840} INFO - DAG(s) 'tutorial_taskflow_api_virtualenv' retrieved from /home/airflow/.local/lib/python3.11/site-packages/airflow/example_dags/tutorial_taskflow_api_virtualenv.py
[2024-03-07T18:25:59.032+0000] {logging_mixin.py:188} INFO - [2024-03-07T18:25:59.032+0000] {dag.py:3047} INFO - Sync 1 DAGs
[2024-03-07T18:25:59.068+0000] {logging_mixin.py:188} INFO - [2024-03-07T18:25:59.067+0000] {dag.py:3834} INFO - Setting next_dagrun for tutorial_taskflow_api_virtualenv to None, run_after=None
[2024-03-07T18:25:59.141+0000] {processor.py:183} INFO - Processing /home/airflow/.local/lib/python3.11/site-packages/airflow/example_dags/tutorial_taskflow_api_virtualenv.py took 0.197 seconds
[2024-03-07T18:26:30.790+0000] {processor.py:161} INFO - Started process (PID=1541) to work on /home/airflow/.local/lib/python3.11/site-packages/airflow/example_dags/tutorial_taskflow_api_virtualenv.py
[2024-03-07T18:26:30.792+0000] {processor.py:830} INFO - Processing file /home/airflow/.local/lib/python3.11/site-packages/airflow/example_dags/tutorial_taskflow_api_virtualenv.py for tasks to queue
[2024-03-07T18:26:30.798+0000] {logging_mixin.py:188} INFO - [2024-03-07T18:26:30.797+0000] {dagbag.py:540} INFO - Filling up the DagBag from /home/airflow/.local/lib/python3.11/site-packages/airflow/example_dags/tutorial_taskflow_api_virtualenv.py
[2024-03-07T18:26:30.818+0000] {processor.py:840} INFO - DAG(s) 'tutorial_taskflow_api_virtualenv' retrieved from /home/airflow/.local/lib/python3.11/site-packages/airflow/example_dags/tutorial_taskflow_api_virtualenv.py
[2024-03-07T18:26:30.862+0000] {logging_mixin.py:188} INFO - [2024-03-07T18:26:30.862+0000] {dag.py:3047} INFO - Sync 1 DAGs
[2024-03-07T18:26:30.901+0000] {logging_mixin.py:188} INFO - [2024-03-07T18:26:30.901+0000] {dag.py:3834} INFO - Setting next_dagrun for tutorial_taskflow_api_virtualenv to None, run_after=None
[2024-03-07T18:26:30.956+0000] {processor.py:183} INFO - Processing /home/airflow/.local/lib/python3.11/site-packages/airflow/example_dags/tutorial_taskflow_api_virtualenv.py took 0.174 seconds
[2024-03-07T18:27:02.915+0000] {processor.py:161} INFO - Started process (PID=1599) to work on /home/airflow/.local/lib/python3.11/site-packages/airflow/example_dags/tutorial_taskflow_api_virtualenv.py
[2024-03-07T18:27:02.918+0000] {processor.py:830} INFO - Processing file /home/airflow/.local/lib/python3.11/site-packages/airflow/example_dags/tutorial_taskflow_api_virtualenv.py for tasks to queue
[2024-03-07T18:27:02.922+0000] {logging_mixin.py:188} INFO - [2024-03-07T18:27:02.921+0000] {dagbag.py:540} INFO - Filling up the DagBag from /home/airflow/.local/lib/python3.11/site-packages/airflow/example_dags/tutorial_taskflow_api_virtualenv.py
[2024-03-07T18:27:02.941+0000] {processor.py:840} INFO - DAG(s) 'tutorial_taskflow_api_virtualenv' retrieved from /home/airflow/.local/lib/python3.11/site-packages/airflow/example_dags/tutorial_taskflow_api_virtualenv.py
[2024-03-07T18:27:02.979+0000] {logging_mixin.py:188} INFO - [2024-03-07T18:27:02.979+0000] {dag.py:3047} INFO - Sync 1 DAGs
[2024-03-07T18:27:03.003+0000] {logging_mixin.py:188} INFO - [2024-03-07T18:27:03.002+0000] {dag.py:3834} INFO - Setting next_dagrun for tutorial_taskflow_api_virtualenv to None, run_after=None
[2024-03-07T18:27:03.059+0000] {processor.py:183} INFO - Processing /home/airflow/.local/lib/python3.11/site-packages/airflow/example_dags/tutorial_taskflow_api_virtualenv.py took 0.148 seconds
[2024-03-07T18:27:35.803+0000] {processor.py:161} INFO - Started process (PID=1656) to work on /home/airflow/.local/lib/python3.11/site-packages/airflow/example_dags/tutorial_taskflow_api_virtualenv.py
[2024-03-07T18:27:35.805+0000] {processor.py:830} INFO - Processing file /home/airflow/.local/lib/python3.11/site-packages/airflow/example_dags/tutorial_taskflow_api_virtualenv.py for tasks to queue
[2024-03-07T18:27:35.810+0000] {logging_mixin.py:188} INFO - [2024-03-07T18:27:35.809+0000] {dagbag.py:540} INFO - Filling up the DagBag from /home/airflow/.local/lib/python3.11/site-packages/airflow/example_dags/tutorial_taskflow_api_virtualenv.py
[2024-03-07T18:27:35.834+0000] {processor.py:840} INFO - DAG(s) 'tutorial_taskflow_api_virtualenv' retrieved from /home/airflow/.local/lib/python3.11/site-packages/airflow/example_dags/tutorial_taskflow_api_virtualenv.py
[2024-03-07T18:27:35.884+0000] {logging_mixin.py:188} INFO - [2024-03-07T18:27:35.884+0000] {dag.py:3047} INFO - Sync 1 DAGs
[2024-03-07T18:27:35.912+0000] {logging_mixin.py:188} INFO - [2024-03-07T18:27:35.911+0000] {dag.py:3834} INFO - Setting next_dagrun for tutorial_taskflow_api_virtualenv to None, run_after=None
[2024-03-07T18:27:35.970+0000] {processor.py:183} INFO - Processing /home/airflow/.local/lib/python3.11/site-packages/airflow/example_dags/tutorial_taskflow_api_virtualenv.py took 0.172 seconds
[2024-03-07T18:28:10.143+0000] {processor.py:161} INFO - Started process (PID=1714) to work on /home/airflow/.local/lib/python3.11/site-packages/airflow/example_dags/tutorial_taskflow_api_virtualenv.py
[2024-03-07T18:28:10.146+0000] {processor.py:830} INFO - Processing file /home/airflow/.local/lib/python3.11/site-packages/airflow/example_dags/tutorial_taskflow_api_virtualenv.py for tasks to queue
[2024-03-07T18:28:10.153+0000] {logging_mixin.py:188} INFO - [2024-03-07T18:28:10.151+0000] {dagbag.py:540} INFO - Filling up the DagBag from /home/airflow/.local/lib/python3.11/site-packages/airflow/example_dags/tutorial_taskflow_api_virtualenv.py
[2024-03-07T18:28:10.179+0000] {processor.py:840} INFO - DAG(s) 'tutorial_taskflow_api_virtualenv' retrieved from /home/airflow/.local/lib/python3.11/site-packages/airflow/example_dags/tutorial_taskflow_api_virtualenv.py
[2024-03-07T18:28:10.246+0000] {logging_mixin.py:188} INFO - [2024-03-07T18:28:10.244+0000] {dag.py:3047} INFO - Sync 1 DAGs
[2024-03-07T18:28:10.337+0000] {logging_mixin.py:188} INFO - [2024-03-07T18:28:10.336+0000] {dag.py:3834} INFO - Setting next_dagrun for tutorial_taskflow_api_virtualenv to None, run_after=None
[2024-03-07T18:28:10.489+0000] {processor.py:183} INFO - Processing /home/airflow/.local/lib/python3.11/site-packages/airflow/example_dags/tutorial_taskflow_api_virtualenv.py took 0.355 seconds
[2024-03-07T18:28:40.597+0000] {processor.py:161} INFO - Started process (PID=1772) to work on /home/airflow/.local/lib/python3.11/site-packages/airflow/example_dags/tutorial_taskflow_api_virtualenv.py
[2024-03-07T18:28:40.600+0000] {processor.py:830} INFO - Processing file /home/airflow/.local/lib/python3.11/site-packages/airflow/example_dags/tutorial_taskflow_api_virtualenv.py for tasks to queue
[2024-03-07T18:28:40.605+0000] {logging_mixin.py:188} INFO - [2024-03-07T18:28:40.604+0000] {dagbag.py:540} INFO - Filling up the DagBag from /home/airflow/.local/lib/python3.11/site-packages/airflow/example_dags/tutorial_taskflow_api_virtualenv.py
[2024-03-07T18:28:40.633+0000] {processor.py:840} INFO - DAG(s) 'tutorial_taskflow_api_virtualenv' retrieved from /home/airflow/.local/lib/python3.11/site-packages/airflow/example_dags/tutorial_taskflow_api_virtualenv.py
[2024-03-07T18:28:40.697+0000] {logging_mixin.py:188} INFO - [2024-03-07T18:28:40.696+0000] {dag.py:3047} INFO - Sync 1 DAGs
[2024-03-07T18:28:40.732+0000] {logging_mixin.py:188} INFO - [2024-03-07T18:28:40.731+0000] {dag.py:3834} INFO - Setting next_dagrun for tutorial_taskflow_api_virtualenv to None, run_after=None
[2024-03-07T18:28:40.790+0000] {processor.py:183} INFO - Processing /home/airflow/.local/lib/python3.11/site-packages/airflow/example_dags/tutorial_taskflow_api_virtualenv.py took 0.203 seconds
[2024-03-07T18:29:11.488+0000] {processor.py:161} INFO - Started process (PID=1831) to work on /home/airflow/.local/lib/python3.11/site-packages/airflow/example_dags/tutorial_taskflow_api_virtualenv.py
[2024-03-07T18:29:11.491+0000] {processor.py:830} INFO - Processing file /home/airflow/.local/lib/python3.11/site-packages/airflow/example_dags/tutorial_taskflow_api_virtualenv.py for tasks to queue
[2024-03-07T18:29:11.496+0000] {logging_mixin.py:188} INFO - [2024-03-07T18:29:11.495+0000] {dagbag.py:540} INFO - Filling up the DagBag from /home/airflow/.local/lib/python3.11/site-packages/airflow/example_dags/tutorial_taskflow_api_virtualenv.py
[2024-03-07T18:29:11.517+0000] {processor.py:840} INFO - DAG(s) 'tutorial_taskflow_api_virtualenv' retrieved from /home/airflow/.local/lib/python3.11/site-packages/airflow/example_dags/tutorial_taskflow_api_virtualenv.py
[2024-03-07T18:29:11.566+0000] {logging_mixin.py:188} INFO - [2024-03-07T18:29:11.566+0000] {dag.py:3047} INFO - Sync 1 DAGs
[2024-03-07T18:29:11.602+0000] {logging_mixin.py:188} INFO - [2024-03-07T18:29:11.601+0000] {dag.py:3834} INFO - Setting next_dagrun for tutorial_taskflow_api_virtualenv to None, run_after=None
[2024-03-07T18:29:11.656+0000] {processor.py:183} INFO - Processing /home/airflow/.local/lib/python3.11/site-packages/airflow/example_dags/tutorial_taskflow_api_virtualenv.py took 0.174 seconds
