[2024-03-07T18:13:28.761+0000] {processor.py:161} INFO - Started process (PID=92) to work on /home/airflow/.local/lib/python3.11/site-packages/airflow/example_dags/tutorial_taskflow_api.py
[2024-03-07T18:13:28.766+0000] {processor.py:830} INFO - Processing file /home/airflow/.local/lib/python3.11/site-packages/airflow/example_dags/tutorial_taskflow_api.py for tasks to queue
[2024-03-07T18:13:28.771+0000] {logging_mixin.py:188} INFO - [2024-03-07T18:13:28.770+0000] {dagbag.py:540} INFO - Filling up the DagBag from /home/airflow/.local/lib/python3.11/site-packages/airflow/example_dags/tutorial_taskflow_api.py
[2024-03-07T18:13:28.799+0000] {processor.py:840} INFO - DAG(s) 'tutorial_taskflow_api' retrieved from /home/airflow/.local/lib/python3.11/site-packages/airflow/example_dags/tutorial_taskflow_api.py
[2024-03-07T18:13:28.912+0000] {logging_mixin.py:188} INFO - [2024-03-07T18:13:28.911+0000] {dag.py:3047} INFO - Sync 1 DAGs
[2024-03-07T18:13:28.972+0000] {logging_mixin.py:188} INFO - [2024-03-07T18:13:28.971+0000] {dag.py:3834} INFO - Setting next_dagrun for tutorial_taskflow_api to None, run_after=None
[2024-03-07T18:13:29.110+0000] {processor.py:183} INFO - Processing /home/airflow/.local/lib/python3.11/site-packages/airflow/example_dags/tutorial_taskflow_api.py took 0.359 seconds
[2024-03-07T18:13:59.655+0000] {processor.py:161} INFO - Started process (PID=150) to work on /home/airflow/.local/lib/python3.11/site-packages/airflow/example_dags/tutorial_taskflow_api.py
[2024-03-07T18:13:59.660+0000] {processor.py:830} INFO - Processing file /home/airflow/.local/lib/python3.11/site-packages/airflow/example_dags/tutorial_taskflow_api.py for tasks to queue
[2024-03-07T18:13:59.673+0000] {logging_mixin.py:188} INFO - [2024-03-07T18:13:59.671+0000] {dagbag.py:540} INFO - Filling up the DagBag from /home/airflow/.local/lib/python3.11/site-packages/airflow/example_dags/tutorial_taskflow_api.py
[2024-03-07T18:13:59.709+0000] {processor.py:840} INFO - DAG(s) 'tutorial_taskflow_api' retrieved from /home/airflow/.local/lib/python3.11/site-packages/airflow/example_dags/tutorial_taskflow_api.py
[2024-03-07T18:13:59.781+0000] {logging_mixin.py:188} INFO - [2024-03-07T18:13:59.780+0000] {dag.py:3047} INFO - Sync 1 DAGs
[2024-03-07T18:13:59.828+0000] {logging_mixin.py:188} INFO - [2024-03-07T18:13:59.827+0000] {dag.py:3834} INFO - Setting next_dagrun for tutorial_taskflow_api to None, run_after=None
[2024-03-07T18:13:59.911+0000] {processor.py:183} INFO - Processing /home/airflow/.local/lib/python3.11/site-packages/airflow/example_dags/tutorial_taskflow_api.py took 0.270 seconds
[2024-03-07T18:14:31.672+0000] {processor.py:161} INFO - Started process (PID=208) to work on /home/airflow/.local/lib/python3.11/site-packages/airflow/example_dags/tutorial_taskflow_api.py
[2024-03-07T18:14:31.679+0000] {processor.py:830} INFO - Processing file /home/airflow/.local/lib/python3.11/site-packages/airflow/example_dags/tutorial_taskflow_api.py for tasks to queue
[2024-03-07T18:14:31.718+0000] {logging_mixin.py:188} INFO - [2024-03-07T18:14:31.716+0000] {dagbag.py:540} INFO - Filling up the DagBag from /home/airflow/.local/lib/python3.11/site-packages/airflow/example_dags/tutorial_taskflow_api.py
[2024-03-07T18:14:31.756+0000] {processor.py:840} INFO - DAG(s) 'tutorial_taskflow_api' retrieved from /home/airflow/.local/lib/python3.11/site-packages/airflow/example_dags/tutorial_taskflow_api.py
[2024-03-07T18:14:31.950+0000] {logging_mixin.py:188} INFO - [2024-03-07T18:14:31.949+0000] {dag.py:3047} INFO - Sync 1 DAGs
[2024-03-07T18:14:32.054+0000] {logging_mixin.py:188} INFO - [2024-03-07T18:14:32.049+0000] {dag.py:3834} INFO - Setting next_dagrun for tutorial_taskflow_api to None, run_after=None
[2024-03-07T18:14:32.364+0000] {processor.py:183} INFO - Processing /home/airflow/.local/lib/python3.11/site-packages/airflow/example_dags/tutorial_taskflow_api.py took 0.707 seconds
[2024-03-07T18:15:02.904+0000] {processor.py:161} INFO - Started process (PID=265) to work on /home/airflow/.local/lib/python3.11/site-packages/airflow/example_dags/tutorial_taskflow_api.py
[2024-03-07T18:15:02.908+0000] {processor.py:830} INFO - Processing file /home/airflow/.local/lib/python3.11/site-packages/airflow/example_dags/tutorial_taskflow_api.py for tasks to queue
[2024-03-07T18:15:02.915+0000] {logging_mixin.py:188} INFO - [2024-03-07T18:15:02.913+0000] {dagbag.py:540} INFO - Filling up the DagBag from /home/airflow/.local/lib/python3.11/site-packages/airflow/example_dags/tutorial_taskflow_api.py
[2024-03-07T18:15:02.969+0000] {processor.py:840} INFO - DAG(s) 'tutorial_taskflow_api' retrieved from /home/airflow/.local/lib/python3.11/site-packages/airflow/example_dags/tutorial_taskflow_api.py
[2024-03-07T18:15:03.104+0000] {logging_mixin.py:188} INFO - [2024-03-07T18:15:03.103+0000] {dag.py:3047} INFO - Sync 1 DAGs
[2024-03-07T18:15:03.222+0000] {logging_mixin.py:188} INFO - [2024-03-07T18:15:03.221+0000] {dag.py:3834} INFO - Setting next_dagrun for tutorial_taskflow_api to None, run_after=None
[2024-03-07T18:15:03.334+0000] {processor.py:183} INFO - Processing /home/airflow/.local/lib/python3.11/site-packages/airflow/example_dags/tutorial_taskflow_api.py took 0.444 seconds
[2024-03-07T18:15:39.001+0000] {processor.py:161} INFO - Started process (PID=330) to work on /home/airflow/.local/lib/python3.11/site-packages/airflow/example_dags/tutorial_taskflow_api.py
[2024-03-07T18:15:39.006+0000] {processor.py:830} INFO - Processing file /home/airflow/.local/lib/python3.11/site-packages/airflow/example_dags/tutorial_taskflow_api.py for tasks to queue
[2024-03-07T18:15:39.010+0000] {logging_mixin.py:188} INFO - [2024-03-07T18:15:39.010+0000] {dagbag.py:540} INFO - Filling up the DagBag from /home/airflow/.local/lib/python3.11/site-packages/airflow/example_dags/tutorial_taskflow_api.py
[2024-03-07T18:15:39.038+0000] {processor.py:840} INFO - DAG(s) 'tutorial_taskflow_api' retrieved from /home/airflow/.local/lib/python3.11/site-packages/airflow/example_dags/tutorial_taskflow_api.py
[2024-03-07T18:15:39.791+0000] {logging_mixin.py:188} INFO - [2024-03-07T18:15:39.789+0000] {dag.py:3047} INFO - Sync 1 DAGs
[2024-03-07T18:15:39.865+0000] {logging_mixin.py:188} INFO - [2024-03-07T18:15:39.864+0000] {dag.py:3834} INFO - Setting next_dagrun for tutorial_taskflow_api to None, run_after=None
[2024-03-07T18:15:40.020+0000] {processor.py:183} INFO - Processing /home/airflow/.local/lib/python3.11/site-packages/airflow/example_dags/tutorial_taskflow_api.py took 1.028 seconds
[2024-03-07T18:16:10.413+0000] {processor.py:161} INFO - Started process (PID=388) to work on /home/airflow/.local/lib/python3.11/site-packages/airflow/example_dags/tutorial_taskflow_api.py
[2024-03-07T18:16:10.416+0000] {processor.py:830} INFO - Processing file /home/airflow/.local/lib/python3.11/site-packages/airflow/example_dags/tutorial_taskflow_api.py for tasks to queue
[2024-03-07T18:16:10.420+0000] {logging_mixin.py:188} INFO - [2024-03-07T18:16:10.419+0000] {dagbag.py:540} INFO - Filling up the DagBag from /home/airflow/.local/lib/python3.11/site-packages/airflow/example_dags/tutorial_taskflow_api.py
[2024-03-07T18:16:10.432+0000] {processor.py:840} INFO - DAG(s) 'tutorial_taskflow_api' retrieved from /home/airflow/.local/lib/python3.11/site-packages/airflow/example_dags/tutorial_taskflow_api.py
[2024-03-07T18:16:10.476+0000] {logging_mixin.py:188} INFO - [2024-03-07T18:16:10.476+0000] {dag.py:3047} INFO - Sync 1 DAGs
[2024-03-07T18:16:10.499+0000] {logging_mixin.py:188} INFO - [2024-03-07T18:16:10.498+0000] {dag.py:3834} INFO - Setting next_dagrun for tutorial_taskflow_api to None, run_after=None
[2024-03-07T18:16:10.556+0000] {processor.py:183} INFO - Processing /home/airflow/.local/lib/python3.11/site-packages/airflow/example_dags/tutorial_taskflow_api.py took 0.149 seconds
[2024-03-07T18:16:41.408+0000] {processor.py:161} INFO - Started process (PID=446) to work on /home/airflow/.local/lib/python3.11/site-packages/airflow/example_dags/tutorial_taskflow_api.py
[2024-03-07T18:16:41.411+0000] {processor.py:830} INFO - Processing file /home/airflow/.local/lib/python3.11/site-packages/airflow/example_dags/tutorial_taskflow_api.py for tasks to queue
[2024-03-07T18:16:41.418+0000] {logging_mixin.py:188} INFO - [2024-03-07T18:16:41.417+0000] {dagbag.py:540} INFO - Filling up the DagBag from /home/airflow/.local/lib/python3.11/site-packages/airflow/example_dags/tutorial_taskflow_api.py
[2024-03-07T18:16:41.439+0000] {processor.py:840} INFO - DAG(s) 'tutorial_taskflow_api' retrieved from /home/airflow/.local/lib/python3.11/site-packages/airflow/example_dags/tutorial_taskflow_api.py
[2024-03-07T18:16:41.490+0000] {logging_mixin.py:188} INFO - [2024-03-07T18:16:41.489+0000] {dag.py:3047} INFO - Sync 1 DAGs
[2024-03-07T18:16:41.518+0000] {logging_mixin.py:188} INFO - [2024-03-07T18:16:41.517+0000] {dag.py:3834} INFO - Setting next_dagrun for tutorial_taskflow_api to None, run_after=None
[2024-03-07T18:16:41.576+0000] {processor.py:183} INFO - Processing /home/airflow/.local/lib/python3.11/site-packages/airflow/example_dags/tutorial_taskflow_api.py took 0.178 seconds
[2024-03-07T18:17:11.885+0000] {processor.py:161} INFO - Started process (PID=503) to work on /home/airflow/.local/lib/python3.11/site-packages/airflow/example_dags/tutorial_taskflow_api.py
[2024-03-07T18:17:11.887+0000] {processor.py:830} INFO - Processing file /home/airflow/.local/lib/python3.11/site-packages/airflow/example_dags/tutorial_taskflow_api.py for tasks to queue
[2024-03-07T18:17:11.892+0000] {logging_mixin.py:188} INFO - [2024-03-07T18:17:11.891+0000] {dagbag.py:540} INFO - Filling up the DagBag from /home/airflow/.local/lib/python3.11/site-packages/airflow/example_dags/tutorial_taskflow_api.py
[2024-03-07T18:17:11.906+0000] {processor.py:840} INFO - DAG(s) 'tutorial_taskflow_api' retrieved from /home/airflow/.local/lib/python3.11/site-packages/airflow/example_dags/tutorial_taskflow_api.py
[2024-03-07T18:17:11.962+0000] {logging_mixin.py:188} INFO - [2024-03-07T18:17:11.961+0000] {dag.py:3047} INFO - Sync 1 DAGs
[2024-03-07T18:17:11.990+0000] {logging_mixin.py:188} INFO - [2024-03-07T18:17:11.989+0000] {dag.py:3834} INFO - Setting next_dagrun for tutorial_taskflow_api to None, run_after=None
[2024-03-07T18:17:12.058+0000] {processor.py:183} INFO - Processing /home/airflow/.local/lib/python3.11/site-packages/airflow/example_dags/tutorial_taskflow_api.py took 0.180 seconds
[2024-03-07T18:17:42.715+0000] {processor.py:161} INFO - Started process (PID=561) to work on /home/airflow/.local/lib/python3.11/site-packages/airflow/example_dags/tutorial_taskflow_api.py
[2024-03-07T18:17:42.717+0000] {processor.py:830} INFO - Processing file /home/airflow/.local/lib/python3.11/site-packages/airflow/example_dags/tutorial_taskflow_api.py for tasks to queue
[2024-03-07T18:17:42.723+0000] {logging_mixin.py:188} INFO - [2024-03-07T18:17:42.722+0000] {dagbag.py:540} INFO - Filling up the DagBag from /home/airflow/.local/lib/python3.11/site-packages/airflow/example_dags/tutorial_taskflow_api.py
[2024-03-07T18:17:42.739+0000] {processor.py:840} INFO - DAG(s) 'tutorial_taskflow_api' retrieved from /home/airflow/.local/lib/python3.11/site-packages/airflow/example_dags/tutorial_taskflow_api.py
[2024-03-07T18:17:42.803+0000] {logging_mixin.py:188} INFO - [2024-03-07T18:17:42.802+0000] {dag.py:3047} INFO - Sync 1 DAGs
[2024-03-07T18:17:42.848+0000] {logging_mixin.py:188} INFO - [2024-03-07T18:17:42.847+0000] {dag.py:3834} INFO - Setting next_dagrun for tutorial_taskflow_api to None, run_after=None
[2024-03-07T18:17:42.909+0000] {processor.py:183} INFO - Processing /home/airflow/.local/lib/python3.11/site-packages/airflow/example_dags/tutorial_taskflow_api.py took 0.202 seconds
[2024-03-07T18:18:13.500+0000] {processor.py:161} INFO - Started process (PID=619) to work on /home/airflow/.local/lib/python3.11/site-packages/airflow/example_dags/tutorial_taskflow_api.py
[2024-03-07T18:18:13.503+0000] {processor.py:830} INFO - Processing file /home/airflow/.local/lib/python3.11/site-packages/airflow/example_dags/tutorial_taskflow_api.py for tasks to queue
[2024-03-07T18:18:13.509+0000] {logging_mixin.py:188} INFO - [2024-03-07T18:18:13.508+0000] {dagbag.py:540} INFO - Filling up the DagBag from /home/airflow/.local/lib/python3.11/site-packages/airflow/example_dags/tutorial_taskflow_api.py
[2024-03-07T18:18:13.534+0000] {processor.py:840} INFO - DAG(s) 'tutorial_taskflow_api' retrieved from /home/airflow/.local/lib/python3.11/site-packages/airflow/example_dags/tutorial_taskflow_api.py
[2024-03-07T18:18:13.591+0000] {logging_mixin.py:188} INFO - [2024-03-07T18:18:13.590+0000] {dag.py:3047} INFO - Sync 1 DAGs
[2024-03-07T18:18:13.623+0000] {logging_mixin.py:188} INFO - [2024-03-07T18:18:13.622+0000] {dag.py:3834} INFO - Setting next_dagrun for tutorial_taskflow_api to None, run_after=None
[2024-03-07T18:18:13.685+0000] {processor.py:183} INFO - Processing /home/airflow/.local/lib/python3.11/site-packages/airflow/example_dags/tutorial_taskflow_api.py took 0.192 seconds
[2024-03-07T18:18:44.473+0000] {processor.py:161} INFO - Started process (PID=677) to work on /home/airflow/.local/lib/python3.11/site-packages/airflow/example_dags/tutorial_taskflow_api.py
[2024-03-07T18:18:44.475+0000] {processor.py:830} INFO - Processing file /home/airflow/.local/lib/python3.11/site-packages/airflow/example_dags/tutorial_taskflow_api.py for tasks to queue
[2024-03-07T18:18:44.480+0000] {logging_mixin.py:188} INFO - [2024-03-07T18:18:44.479+0000] {dagbag.py:540} INFO - Filling up the DagBag from /home/airflow/.local/lib/python3.11/site-packages/airflow/example_dags/tutorial_taskflow_api.py
[2024-03-07T18:18:44.493+0000] {processor.py:840} INFO - DAG(s) 'tutorial_taskflow_api' retrieved from /home/airflow/.local/lib/python3.11/site-packages/airflow/example_dags/tutorial_taskflow_api.py
[2024-03-07T18:18:44.545+0000] {logging_mixin.py:188} INFO - [2024-03-07T18:18:44.544+0000] {dag.py:3047} INFO - Sync 1 DAGs
[2024-03-07T18:18:44.576+0000] {logging_mixin.py:188} INFO - [2024-03-07T18:18:44.576+0000] {dag.py:3834} INFO - Setting next_dagrun for tutorial_taskflow_api to None, run_after=None
[2024-03-07T18:18:44.627+0000] {processor.py:183} INFO - Processing /home/airflow/.local/lib/python3.11/site-packages/airflow/example_dags/tutorial_taskflow_api.py took 0.158 seconds
[2024-03-07T18:19:14.793+0000] {processor.py:161} INFO - Started process (PID=736) to work on /home/airflow/.local/lib/python3.11/site-packages/airflow/example_dags/tutorial_taskflow_api.py
[2024-03-07T18:19:14.796+0000] {processor.py:830} INFO - Processing file /home/airflow/.local/lib/python3.11/site-packages/airflow/example_dags/tutorial_taskflow_api.py for tasks to queue
[2024-03-07T18:19:14.800+0000] {logging_mixin.py:188} INFO - [2024-03-07T18:19:14.799+0000] {dagbag.py:540} INFO - Filling up the DagBag from /home/airflow/.local/lib/python3.11/site-packages/airflow/example_dags/tutorial_taskflow_api.py
[2024-03-07T18:19:14.813+0000] {processor.py:840} INFO - DAG(s) 'tutorial_taskflow_api' retrieved from /home/airflow/.local/lib/python3.11/site-packages/airflow/example_dags/tutorial_taskflow_api.py
[2024-03-07T18:19:14.861+0000] {logging_mixin.py:188} INFO - [2024-03-07T18:19:14.860+0000] {dag.py:3047} INFO - Sync 1 DAGs
[2024-03-07T18:19:14.887+0000] {logging_mixin.py:188} INFO - [2024-03-07T18:19:14.886+0000] {dag.py:3834} INFO - Setting next_dagrun for tutorial_taskflow_api to None, run_after=None
[2024-03-07T18:19:14.936+0000] {processor.py:183} INFO - Processing /home/airflow/.local/lib/python3.11/site-packages/airflow/example_dags/tutorial_taskflow_api.py took 0.148 seconds
[2024-03-07T18:19:45.366+0000] {processor.py:161} INFO - Started process (PID=794) to work on /home/airflow/.local/lib/python3.11/site-packages/airflow/example_dags/tutorial_taskflow_api.py
[2024-03-07T18:19:45.368+0000] {processor.py:830} INFO - Processing file /home/airflow/.local/lib/python3.11/site-packages/airflow/example_dags/tutorial_taskflow_api.py for tasks to queue
[2024-03-07T18:19:45.372+0000] {logging_mixin.py:188} INFO - [2024-03-07T18:19:45.371+0000] {dagbag.py:540} INFO - Filling up the DagBag from /home/airflow/.local/lib/python3.11/site-packages/airflow/example_dags/tutorial_taskflow_api.py
[2024-03-07T18:19:45.383+0000] {processor.py:840} INFO - DAG(s) 'tutorial_taskflow_api' retrieved from /home/airflow/.local/lib/python3.11/site-packages/airflow/example_dags/tutorial_taskflow_api.py
[2024-03-07T18:19:45.424+0000] {logging_mixin.py:188} INFO - [2024-03-07T18:19:45.424+0000] {dag.py:3047} INFO - Sync 1 DAGs
[2024-03-07T18:19:45.454+0000] {logging_mixin.py:188} INFO - [2024-03-07T18:19:45.453+0000] {dag.py:3834} INFO - Setting next_dagrun for tutorial_taskflow_api to None, run_after=None
[2024-03-07T18:19:45.503+0000] {processor.py:183} INFO - Processing /home/airflow/.local/lib/python3.11/site-packages/airflow/example_dags/tutorial_taskflow_api.py took 0.142 seconds
[2024-03-07T18:20:16.207+0000] {processor.py:161} INFO - Started process (PID=851) to work on /home/airflow/.local/lib/python3.11/site-packages/airflow/example_dags/tutorial_taskflow_api.py
[2024-03-07T18:20:16.210+0000] {processor.py:830} INFO - Processing file /home/airflow/.local/lib/python3.11/site-packages/airflow/example_dags/tutorial_taskflow_api.py for tasks to queue
[2024-03-07T18:20:16.214+0000] {logging_mixin.py:188} INFO - [2024-03-07T18:20:16.213+0000] {dagbag.py:540} INFO - Filling up the DagBag from /home/airflow/.local/lib/python3.11/site-packages/airflow/example_dags/tutorial_taskflow_api.py
[2024-03-07T18:20:16.225+0000] {processor.py:840} INFO - DAG(s) 'tutorial_taskflow_api' retrieved from /home/airflow/.local/lib/python3.11/site-packages/airflow/example_dags/tutorial_taskflow_api.py
[2024-03-07T18:20:16.267+0000] {logging_mixin.py:188} INFO - [2024-03-07T18:20:16.266+0000] {dag.py:3047} INFO - Sync 1 DAGs
[2024-03-07T18:20:16.292+0000] {logging_mixin.py:188} INFO - [2024-03-07T18:20:16.292+0000] {dag.py:3834} INFO - Setting next_dagrun for tutorial_taskflow_api to None, run_after=None
[2024-03-07T18:20:16.339+0000] {processor.py:183} INFO - Processing /home/airflow/.local/lib/python3.11/site-packages/airflow/example_dags/tutorial_taskflow_api.py took 0.136 seconds
[2024-03-07T18:20:46.438+0000] {processor.py:161} INFO - Started process (PID=909) to work on /home/airflow/.local/lib/python3.11/site-packages/airflow/example_dags/tutorial_taskflow_api.py
[2024-03-07T18:20:46.441+0000] {processor.py:830} INFO - Processing file /home/airflow/.local/lib/python3.11/site-packages/airflow/example_dags/tutorial_taskflow_api.py for tasks to queue
[2024-03-07T18:20:46.446+0000] {logging_mixin.py:188} INFO - [2024-03-07T18:20:46.445+0000] {dagbag.py:540} INFO - Filling up the DagBag from /home/airflow/.local/lib/python3.11/site-packages/airflow/example_dags/tutorial_taskflow_api.py
[2024-03-07T18:20:46.458+0000] {processor.py:840} INFO - DAG(s) 'tutorial_taskflow_api' retrieved from /home/airflow/.local/lib/python3.11/site-packages/airflow/example_dags/tutorial_taskflow_api.py
[2024-03-07T18:20:46.522+0000] {logging_mixin.py:188} INFO - [2024-03-07T18:20:46.522+0000] {dag.py:3047} INFO - Sync 1 DAGs
[2024-03-07T18:20:46.568+0000] {logging_mixin.py:188} INFO - [2024-03-07T18:20:46.567+0000] {dag.py:3834} INFO - Setting next_dagrun for tutorial_taskflow_api to None, run_after=None
[2024-03-07T18:20:46.624+0000] {processor.py:183} INFO - Processing /home/airflow/.local/lib/python3.11/site-packages/airflow/example_dags/tutorial_taskflow_api.py took 0.192 seconds
[2024-03-07T18:21:17.559+0000] {processor.py:161} INFO - Started process (PID=966) to work on /home/airflow/.local/lib/python3.11/site-packages/airflow/example_dags/tutorial_taskflow_api.py
[2024-03-07T18:21:17.562+0000] {processor.py:830} INFO - Processing file /home/airflow/.local/lib/python3.11/site-packages/airflow/example_dags/tutorial_taskflow_api.py for tasks to queue
[2024-03-07T18:21:17.567+0000] {logging_mixin.py:188} INFO - [2024-03-07T18:21:17.566+0000] {dagbag.py:540} INFO - Filling up the DagBag from /home/airflow/.local/lib/python3.11/site-packages/airflow/example_dags/tutorial_taskflow_api.py
[2024-03-07T18:21:17.583+0000] {processor.py:840} INFO - DAG(s) 'tutorial_taskflow_api' retrieved from /home/airflow/.local/lib/python3.11/site-packages/airflow/example_dags/tutorial_taskflow_api.py
[2024-03-07T18:21:17.634+0000] {logging_mixin.py:188} INFO - [2024-03-07T18:21:17.634+0000] {dag.py:3047} INFO - Sync 1 DAGs
[2024-03-07T18:21:17.669+0000] {logging_mixin.py:188} INFO - [2024-03-07T18:21:17.668+0000] {dag.py:3834} INFO - Setting next_dagrun for tutorial_taskflow_api to None, run_after=None
[2024-03-07T18:21:17.730+0000] {processor.py:183} INFO - Processing /home/airflow/.local/lib/python3.11/site-packages/airflow/example_dags/tutorial_taskflow_api.py took 0.176 seconds
[2024-03-07T18:21:48.525+0000] {processor.py:161} INFO - Started process (PID=1024) to work on /home/airflow/.local/lib/python3.11/site-packages/airflow/example_dags/tutorial_taskflow_api.py
[2024-03-07T18:21:48.528+0000] {processor.py:830} INFO - Processing file /home/airflow/.local/lib/python3.11/site-packages/airflow/example_dags/tutorial_taskflow_api.py for tasks to queue
[2024-03-07T18:21:48.533+0000] {logging_mixin.py:188} INFO - [2024-03-07T18:21:48.532+0000] {dagbag.py:540} INFO - Filling up the DagBag from /home/airflow/.local/lib/python3.11/site-packages/airflow/example_dags/tutorial_taskflow_api.py
[2024-03-07T18:21:48.545+0000] {processor.py:840} INFO - DAG(s) 'tutorial_taskflow_api' retrieved from /home/airflow/.local/lib/python3.11/site-packages/airflow/example_dags/tutorial_taskflow_api.py
[2024-03-07T18:21:48.585+0000] {logging_mixin.py:188} INFO - [2024-03-07T18:21:48.585+0000] {dag.py:3047} INFO - Sync 1 DAGs
[2024-03-07T18:21:48.606+0000] {logging_mixin.py:188} INFO - [2024-03-07T18:21:48.605+0000] {dag.py:3834} INFO - Setting next_dagrun for tutorial_taskflow_api to None, run_after=None
[2024-03-07T18:21:48.659+0000] {processor.py:183} INFO - Processing /home/airflow/.local/lib/python3.11/site-packages/airflow/example_dags/tutorial_taskflow_api.py took 0.141 seconds
[2024-03-07T18:22:19.449+0000] {processor.py:161} INFO - Started process (PID=1082) to work on /home/airflow/.local/lib/python3.11/site-packages/airflow/example_dags/tutorial_taskflow_api.py
[2024-03-07T18:22:19.451+0000] {processor.py:830} INFO - Processing file /home/airflow/.local/lib/python3.11/site-packages/airflow/example_dags/tutorial_taskflow_api.py for tasks to queue
[2024-03-07T18:22:19.455+0000] {logging_mixin.py:188} INFO - [2024-03-07T18:22:19.454+0000] {dagbag.py:540} INFO - Filling up the DagBag from /home/airflow/.local/lib/python3.11/site-packages/airflow/example_dags/tutorial_taskflow_api.py
[2024-03-07T18:22:19.467+0000] {processor.py:840} INFO - DAG(s) 'tutorial_taskflow_api' retrieved from /home/airflow/.local/lib/python3.11/site-packages/airflow/example_dags/tutorial_taskflow_api.py
[2024-03-07T18:22:19.519+0000] {logging_mixin.py:188} INFO - [2024-03-07T18:22:19.518+0000] {dag.py:3047} INFO - Sync 1 DAGs
[2024-03-07T18:22:19.545+0000] {logging_mixin.py:188} INFO - [2024-03-07T18:22:19.545+0000] {dag.py:3834} INFO - Setting next_dagrun for tutorial_taskflow_api to None, run_after=None
[2024-03-07T18:22:19.595+0000] {processor.py:183} INFO - Processing /home/airflow/.local/lib/python3.11/site-packages/airflow/example_dags/tutorial_taskflow_api.py took 0.151 seconds
[2024-03-07T18:22:51.243+0000] {processor.py:161} INFO - Started process (PID=1141) to work on /home/airflow/.local/lib/python3.11/site-packages/airflow/example_dags/tutorial_taskflow_api.py
[2024-03-07T18:22:51.245+0000] {processor.py:830} INFO - Processing file /home/airflow/.local/lib/python3.11/site-packages/airflow/example_dags/tutorial_taskflow_api.py for tasks to queue
[2024-03-07T18:22:51.250+0000] {logging_mixin.py:188} INFO - [2024-03-07T18:22:51.249+0000] {dagbag.py:540} INFO - Filling up the DagBag from /home/airflow/.local/lib/python3.11/site-packages/airflow/example_dags/tutorial_taskflow_api.py
[2024-03-07T18:22:51.262+0000] {processor.py:840} INFO - DAG(s) 'tutorial_taskflow_api' retrieved from /home/airflow/.local/lib/python3.11/site-packages/airflow/example_dags/tutorial_taskflow_api.py
[2024-03-07T18:22:51.305+0000] {logging_mixin.py:188} INFO - [2024-03-07T18:22:51.305+0000] {dag.py:3047} INFO - Sync 1 DAGs
[2024-03-07T18:22:51.329+0000] {logging_mixin.py:188} INFO - [2024-03-07T18:22:51.328+0000] {dag.py:3834} INFO - Setting next_dagrun for tutorial_taskflow_api to None, run_after=None
[2024-03-07T18:22:51.376+0000] {processor.py:183} INFO - Processing /home/airflow/.local/lib/python3.11/site-packages/airflow/example_dags/tutorial_taskflow_api.py took 0.140 seconds
[2024-03-07T18:23:21.906+0000] {processor.py:161} INFO - Started process (PID=1199) to work on /home/airflow/.local/lib/python3.11/site-packages/airflow/example_dags/tutorial_taskflow_api.py
[2024-03-07T18:23:21.909+0000] {processor.py:830} INFO - Processing file /home/airflow/.local/lib/python3.11/site-packages/airflow/example_dags/tutorial_taskflow_api.py for tasks to queue
[2024-03-07T18:23:21.914+0000] {logging_mixin.py:188} INFO - [2024-03-07T18:23:21.913+0000] {dagbag.py:540} INFO - Filling up the DagBag from /home/airflow/.local/lib/python3.11/site-packages/airflow/example_dags/tutorial_taskflow_api.py
[2024-03-07T18:23:21.929+0000] {processor.py:840} INFO - DAG(s) 'tutorial_taskflow_api' retrieved from /home/airflow/.local/lib/python3.11/site-packages/airflow/example_dags/tutorial_taskflow_api.py
[2024-03-07T18:23:21.978+0000] {logging_mixin.py:188} INFO - [2024-03-07T18:23:21.978+0000] {dag.py:3047} INFO - Sync 1 DAGs
[2024-03-07T18:23:22.005+0000] {logging_mixin.py:188} INFO - [2024-03-07T18:23:22.005+0000] {dag.py:3834} INFO - Setting next_dagrun for tutorial_taskflow_api to None, run_after=None
[2024-03-07T18:23:22.091+0000] {processor.py:183} INFO - Processing /home/airflow/.local/lib/python3.11/site-packages/airflow/example_dags/tutorial_taskflow_api.py took 0.192 seconds
[2024-03-07T18:23:53.021+0000] {processor.py:161} INFO - Started process (PID=1258) to work on /home/airflow/.local/lib/python3.11/site-packages/airflow/example_dags/tutorial_taskflow_api.py
[2024-03-07T18:23:53.024+0000] {processor.py:830} INFO - Processing file /home/airflow/.local/lib/python3.11/site-packages/airflow/example_dags/tutorial_taskflow_api.py for tasks to queue
[2024-03-07T18:23:53.029+0000] {logging_mixin.py:188} INFO - [2024-03-07T18:23:53.028+0000] {dagbag.py:540} INFO - Filling up the DagBag from /home/airflow/.local/lib/python3.11/site-packages/airflow/example_dags/tutorial_taskflow_api.py
[2024-03-07T18:23:53.046+0000] {processor.py:840} INFO - DAG(s) 'tutorial_taskflow_api' retrieved from /home/airflow/.local/lib/python3.11/site-packages/airflow/example_dags/tutorial_taskflow_api.py
[2024-03-07T18:23:53.103+0000] {logging_mixin.py:188} INFO - [2024-03-07T18:23:53.101+0000] {dag.py:3047} INFO - Sync 1 DAGs
[2024-03-07T18:23:53.130+0000] {logging_mixin.py:188} INFO - [2024-03-07T18:23:53.129+0000] {dag.py:3834} INFO - Setting next_dagrun for tutorial_taskflow_api to None, run_after=None
[2024-03-07T18:23:53.192+0000] {processor.py:183} INFO - Processing /home/airflow/.local/lib/python3.11/site-packages/airflow/example_dags/tutorial_taskflow_api.py took 0.175 seconds
[2024-03-07T18:24:25.584+0000] {processor.py:161} INFO - Started process (PID=1316) to work on /home/airflow/.local/lib/python3.11/site-packages/airflow/example_dags/tutorial_taskflow_api.py
[2024-03-07T18:24:25.587+0000] {processor.py:830} INFO - Processing file /home/airflow/.local/lib/python3.11/site-packages/airflow/example_dags/tutorial_taskflow_api.py for tasks to queue
[2024-03-07T18:24:25.592+0000] {logging_mixin.py:188} INFO - [2024-03-07T18:24:25.591+0000] {dagbag.py:540} INFO - Filling up the DagBag from /home/airflow/.local/lib/python3.11/site-packages/airflow/example_dags/tutorial_taskflow_api.py
[2024-03-07T18:24:25.608+0000] {processor.py:840} INFO - DAG(s) 'tutorial_taskflow_api' retrieved from /home/airflow/.local/lib/python3.11/site-packages/airflow/example_dags/tutorial_taskflow_api.py
[2024-03-07T18:24:25.661+0000] {logging_mixin.py:188} INFO - [2024-03-07T18:24:25.660+0000] {dag.py:3047} INFO - Sync 1 DAGs
[2024-03-07T18:24:25.699+0000] {logging_mixin.py:188} INFO - [2024-03-07T18:24:25.698+0000] {dag.py:3834} INFO - Setting next_dagrun for tutorial_taskflow_api to None, run_after=None
[2024-03-07T18:24:25.773+0000] {processor.py:183} INFO - Processing /home/airflow/.local/lib/python3.11/site-packages/airflow/example_dags/tutorial_taskflow_api.py took 0.195 seconds
[2024-03-07T18:24:56.547+0000] {processor.py:161} INFO - Started process (PID=1374) to work on /home/airflow/.local/lib/python3.11/site-packages/airflow/example_dags/tutorial_taskflow_api.py
[2024-03-07T18:24:56.550+0000] {processor.py:830} INFO - Processing file /home/airflow/.local/lib/python3.11/site-packages/airflow/example_dags/tutorial_taskflow_api.py for tasks to queue
[2024-03-07T18:24:56.555+0000] {logging_mixin.py:188} INFO - [2024-03-07T18:24:56.554+0000] {dagbag.py:540} INFO - Filling up the DagBag from /home/airflow/.local/lib/python3.11/site-packages/airflow/example_dags/tutorial_taskflow_api.py
[2024-03-07T18:24:56.567+0000] {processor.py:840} INFO - DAG(s) 'tutorial_taskflow_api' retrieved from /home/airflow/.local/lib/python3.11/site-packages/airflow/example_dags/tutorial_taskflow_api.py
[2024-03-07T18:24:56.616+0000] {logging_mixin.py:188} INFO - [2024-03-07T18:24:56.615+0000] {dag.py:3047} INFO - Sync 1 DAGs
[2024-03-07T18:24:56.657+0000] {logging_mixin.py:188} INFO - [2024-03-07T18:24:56.656+0000] {dag.py:3834} INFO - Setting next_dagrun for tutorial_taskflow_api to None, run_after=None
[2024-03-07T18:24:56.743+0000] {processor.py:183} INFO - Processing /home/airflow/.local/lib/python3.11/site-packages/airflow/example_dags/tutorial_taskflow_api.py took 0.202 seconds
[2024-03-07T18:25:28.708+0000] {processor.py:161} INFO - Started process (PID=1434) to work on /home/airflow/.local/lib/python3.11/site-packages/airflow/example_dags/tutorial_taskflow_api.py
[2024-03-07T18:25:28.711+0000] {processor.py:830} INFO - Processing file /home/airflow/.local/lib/python3.11/site-packages/airflow/example_dags/tutorial_taskflow_api.py for tasks to queue
[2024-03-07T18:25:28.721+0000] {logging_mixin.py:188} INFO - [2024-03-07T18:25:28.720+0000] {dagbag.py:540} INFO - Filling up the DagBag from /home/airflow/.local/lib/python3.11/site-packages/airflow/example_dags/tutorial_taskflow_api.py
[2024-03-07T18:25:28.739+0000] {processor.py:840} INFO - DAG(s) 'tutorial_taskflow_api' retrieved from /home/airflow/.local/lib/python3.11/site-packages/airflow/example_dags/tutorial_taskflow_api.py
[2024-03-07T18:25:28.823+0000] {logging_mixin.py:188} INFO - [2024-03-07T18:25:28.822+0000] {dag.py:3047} INFO - Sync 1 DAGs
[2024-03-07T18:25:28.888+0000] {logging_mixin.py:188} INFO - [2024-03-07T18:25:28.887+0000] {dag.py:3834} INFO - Setting next_dagrun for tutorial_taskflow_api to None, run_after=None
[2024-03-07T18:25:28.981+0000] {processor.py:183} INFO - Processing /home/airflow/.local/lib/python3.11/site-packages/airflow/example_dags/tutorial_taskflow_api.py took 0.280 seconds
[2024-03-07T18:26:00.404+0000] {processor.py:161} INFO - Started process (PID=1491) to work on /home/airflow/.local/lib/python3.11/site-packages/airflow/example_dags/tutorial_taskflow_api.py
[2024-03-07T18:26:00.406+0000] {processor.py:830} INFO - Processing file /home/airflow/.local/lib/python3.11/site-packages/airflow/example_dags/tutorial_taskflow_api.py for tasks to queue
[2024-03-07T18:26:00.411+0000] {logging_mixin.py:188} INFO - [2024-03-07T18:26:00.410+0000] {dagbag.py:540} INFO - Filling up the DagBag from /home/airflow/.local/lib/python3.11/site-packages/airflow/example_dags/tutorial_taskflow_api.py
[2024-03-07T18:26:00.424+0000] {processor.py:840} INFO - DAG(s) 'tutorial_taskflow_api' retrieved from /home/airflow/.local/lib/python3.11/site-packages/airflow/example_dags/tutorial_taskflow_api.py
[2024-03-07T18:26:00.466+0000] {logging_mixin.py:188} INFO - [2024-03-07T18:26:00.465+0000] {dag.py:3047} INFO - Sync 1 DAGs
[2024-03-07T18:26:00.496+0000] {logging_mixin.py:188} INFO - [2024-03-07T18:26:00.496+0000] {dag.py:3834} INFO - Setting next_dagrun for tutorial_taskflow_api to None, run_after=None
[2024-03-07T18:26:00.548+0000] {processor.py:183} INFO - Processing /home/airflow/.local/lib/python3.11/site-packages/airflow/example_dags/tutorial_taskflow_api.py took 0.148 seconds
[2024-03-07T18:26:31.906+0000] {processor.py:161} INFO - Started process (PID=1548) to work on /home/airflow/.local/lib/python3.11/site-packages/airflow/example_dags/tutorial_taskflow_api.py
[2024-03-07T18:26:31.908+0000] {processor.py:830} INFO - Processing file /home/airflow/.local/lib/python3.11/site-packages/airflow/example_dags/tutorial_taskflow_api.py for tasks to queue
[2024-03-07T18:26:31.912+0000] {logging_mixin.py:188} INFO - [2024-03-07T18:26:31.911+0000] {dagbag.py:540} INFO - Filling up the DagBag from /home/airflow/.local/lib/python3.11/site-packages/airflow/example_dags/tutorial_taskflow_api.py
[2024-03-07T18:26:31.924+0000] {processor.py:840} INFO - DAG(s) 'tutorial_taskflow_api' retrieved from /home/airflow/.local/lib/python3.11/site-packages/airflow/example_dags/tutorial_taskflow_api.py
[2024-03-07T18:26:31.967+0000] {logging_mixin.py:188} INFO - [2024-03-07T18:26:31.966+0000] {dag.py:3047} INFO - Sync 1 DAGs
[2024-03-07T18:26:31.992+0000] {logging_mixin.py:188} INFO - [2024-03-07T18:26:31.991+0000] {dag.py:3834} INFO - Setting next_dagrun for tutorial_taskflow_api to None, run_after=None
[2024-03-07T18:26:32.048+0000] {processor.py:183} INFO - Processing /home/airflow/.local/lib/python3.11/site-packages/airflow/example_dags/tutorial_taskflow_api.py took 0.147 seconds
[2024-03-07T18:27:04.128+0000] {processor.py:161} INFO - Started process (PID=1606) to work on /home/airflow/.local/lib/python3.11/site-packages/airflow/example_dags/tutorial_taskflow_api.py
[2024-03-07T18:27:04.135+0000] {processor.py:830} INFO - Processing file /home/airflow/.local/lib/python3.11/site-packages/airflow/example_dags/tutorial_taskflow_api.py for tasks to queue
[2024-03-07T18:27:04.149+0000] {logging_mixin.py:188} INFO - [2024-03-07T18:27:04.148+0000] {dagbag.py:540} INFO - Filling up the DagBag from /home/airflow/.local/lib/python3.11/site-packages/airflow/example_dags/tutorial_taskflow_api.py
[2024-03-07T18:27:04.183+0000] {processor.py:840} INFO - DAG(s) 'tutorial_taskflow_api' retrieved from /home/airflow/.local/lib/python3.11/site-packages/airflow/example_dags/tutorial_taskflow_api.py
[2024-03-07T18:27:04.233+0000] {logging_mixin.py:188} INFO - [2024-03-07T18:27:04.232+0000] {dag.py:3047} INFO - Sync 1 DAGs
[2024-03-07T18:27:04.266+0000] {logging_mixin.py:188} INFO - [2024-03-07T18:27:04.266+0000] {dag.py:3834} INFO - Setting next_dagrun for tutorial_taskflow_api to None, run_after=None
[2024-03-07T18:27:04.322+0000] {processor.py:183} INFO - Processing /home/airflow/.local/lib/python3.11/site-packages/airflow/example_dags/tutorial_taskflow_api.py took 0.225 seconds
[2024-03-07T18:27:36.823+0000] {processor.py:161} INFO - Started process (PID=1663) to work on /home/airflow/.local/lib/python3.11/site-packages/airflow/example_dags/tutorial_taskflow_api.py
[2024-03-07T18:27:36.825+0000] {processor.py:830} INFO - Processing file /home/airflow/.local/lib/python3.11/site-packages/airflow/example_dags/tutorial_taskflow_api.py for tasks to queue
[2024-03-07T18:27:36.829+0000] {logging_mixin.py:188} INFO - [2024-03-07T18:27:36.828+0000] {dagbag.py:540} INFO - Filling up the DagBag from /home/airflow/.local/lib/python3.11/site-packages/airflow/example_dags/tutorial_taskflow_api.py
[2024-03-07T18:27:36.841+0000] {processor.py:840} INFO - DAG(s) 'tutorial_taskflow_api' retrieved from /home/airflow/.local/lib/python3.11/site-packages/airflow/example_dags/tutorial_taskflow_api.py
[2024-03-07T18:27:36.880+0000] {logging_mixin.py:188} INFO - [2024-03-07T18:27:36.880+0000] {dag.py:3047} INFO - Sync 1 DAGs
[2024-03-07T18:27:36.904+0000] {logging_mixin.py:188} INFO - [2024-03-07T18:27:36.904+0000] {dag.py:3834} INFO - Setting next_dagrun for tutorial_taskflow_api to None, run_after=None
[2024-03-07T18:27:36.953+0000] {processor.py:183} INFO - Processing /home/airflow/.local/lib/python3.11/site-packages/airflow/example_dags/tutorial_taskflow_api.py took 0.135 seconds
[2024-03-07T18:28:11.374+0000] {processor.py:161} INFO - Started process (PID=1721) to work on /home/airflow/.local/lib/python3.11/site-packages/airflow/example_dags/tutorial_taskflow_api.py
[2024-03-07T18:28:11.377+0000] {processor.py:830} INFO - Processing file /home/airflow/.local/lib/python3.11/site-packages/airflow/example_dags/tutorial_taskflow_api.py for tasks to queue
[2024-03-07T18:28:11.381+0000] {logging_mixin.py:188} INFO - [2024-03-07T18:28:11.380+0000] {dagbag.py:540} INFO - Filling up the DagBag from /home/airflow/.local/lib/python3.11/site-packages/airflow/example_dags/tutorial_taskflow_api.py
[2024-03-07T18:28:11.395+0000] {processor.py:840} INFO - DAG(s) 'tutorial_taskflow_api' retrieved from /home/airflow/.local/lib/python3.11/site-packages/airflow/example_dags/tutorial_taskflow_api.py
[2024-03-07T18:28:11.436+0000] {logging_mixin.py:188} INFO - [2024-03-07T18:28:11.435+0000] {dag.py:3047} INFO - Sync 1 DAGs
[2024-03-07T18:28:11.467+0000] {logging_mixin.py:188} INFO - [2024-03-07T18:28:11.466+0000] {dag.py:3834} INFO - Setting next_dagrun for tutorial_taskflow_api to None, run_after=None
[2024-03-07T18:28:11.526+0000] {processor.py:183} INFO - Processing /home/airflow/.local/lib/python3.11/site-packages/airflow/example_dags/tutorial_taskflow_api.py took 0.158 seconds
[2024-03-07T18:28:41.762+0000] {processor.py:161} INFO - Started process (PID=1779) to work on /home/airflow/.local/lib/python3.11/site-packages/airflow/example_dags/tutorial_taskflow_api.py
[2024-03-07T18:28:41.766+0000] {processor.py:830} INFO - Processing file /home/airflow/.local/lib/python3.11/site-packages/airflow/example_dags/tutorial_taskflow_api.py for tasks to queue
[2024-03-07T18:28:41.770+0000] {logging_mixin.py:188} INFO - [2024-03-07T18:28:41.769+0000] {dagbag.py:540} INFO - Filling up the DagBag from /home/airflow/.local/lib/python3.11/site-packages/airflow/example_dags/tutorial_taskflow_api.py
[2024-03-07T18:28:41.786+0000] {processor.py:840} INFO - DAG(s) 'tutorial_taskflow_api' retrieved from /home/airflow/.local/lib/python3.11/site-packages/airflow/example_dags/tutorial_taskflow_api.py
[2024-03-07T18:28:41.834+0000] {logging_mixin.py:188} INFO - [2024-03-07T18:28:41.833+0000] {dag.py:3047} INFO - Sync 1 DAGs
[2024-03-07T18:28:41.866+0000] {logging_mixin.py:188} INFO - [2024-03-07T18:28:41.866+0000] {dag.py:3834} INFO - Setting next_dagrun for tutorial_taskflow_api to None, run_after=None
[2024-03-07T18:28:41.937+0000] {processor.py:183} INFO - Processing /home/airflow/.local/lib/python3.11/site-packages/airflow/example_dags/tutorial_taskflow_api.py took 0.182 seconds
[2024-03-07T18:29:12.493+0000] {processor.py:161} INFO - Started process (PID=1838) to work on /home/airflow/.local/lib/python3.11/site-packages/airflow/example_dags/tutorial_taskflow_api.py
[2024-03-07T18:29:12.496+0000] {processor.py:830} INFO - Processing file /home/airflow/.local/lib/python3.11/site-packages/airflow/example_dags/tutorial_taskflow_api.py for tasks to queue
[2024-03-07T18:29:12.500+0000] {logging_mixin.py:188} INFO - [2024-03-07T18:29:12.499+0000] {dagbag.py:540} INFO - Filling up the DagBag from /home/airflow/.local/lib/python3.11/site-packages/airflow/example_dags/tutorial_taskflow_api.py
[2024-03-07T18:29:12.511+0000] {processor.py:840} INFO - DAG(s) 'tutorial_taskflow_api' retrieved from /home/airflow/.local/lib/python3.11/site-packages/airflow/example_dags/tutorial_taskflow_api.py
[2024-03-07T18:29:12.551+0000] {logging_mixin.py:188} INFO - [2024-03-07T18:29:12.550+0000] {dag.py:3047} INFO - Sync 1 DAGs
[2024-03-07T18:29:12.575+0000] {logging_mixin.py:188} INFO - [2024-03-07T18:29:12.574+0000] {dag.py:3834} INFO - Setting next_dagrun for tutorial_taskflow_api to None, run_after=None
[2024-03-07T18:29:12.621+0000] {processor.py:183} INFO - Processing /home/airflow/.local/lib/python3.11/site-packages/airflow/example_dags/tutorial_taskflow_api.py took 0.132 seconds
