[2024-03-07T18:13:28.469+0000] {processor.py:161} INFO - Started process (PID=91) to work on /home/airflow/.local/lib/python3.11/site-packages/airflow/example_dags/tutorial_objectstorage.py
[2024-03-07T18:13:28.472+0000] {processor.py:830} INFO - Processing file /home/airflow/.local/lib/python3.11/site-packages/airflow/example_dags/tutorial_objectstorage.py for tasks to queue
[2024-03-07T18:13:28.483+0000] {logging_mixin.py:188} INFO - [2024-03-07T18:13:28.481+0000] {dagbag.py:540} INFO - Filling up the DagBag from /home/airflow/.local/lib/python3.11/site-packages/airflow/example_dags/tutorial_objectstorage.py
[2024-03-07T18:13:28.524+0000] {processor.py:840} INFO - DAG(s) 'tutorial_objectstorage' retrieved from /home/airflow/.local/lib/python3.11/site-packages/airflow/example_dags/tutorial_objectstorage.py
[2024-03-07T18:13:28.619+0000] {logging_mixin.py:188} INFO - [2024-03-07T18:13:28.618+0000] {dag.py:3047} INFO - Sync 1 DAGs
[2024-03-07T18:13:28.684+0000] {logging_mixin.py:188} INFO - [2024-03-07T18:13:28.683+0000] {dag.py:3834} INFO - Setting next_dagrun for tutorial_objectstorage to None, run_after=None
[2024-03-07T18:13:28.793+0000] {processor.py:183} INFO - Processing /home/airflow/.local/lib/python3.11/site-packages/airflow/example_dags/tutorial_objectstorage.py took 0.343 seconds
[2024-03-07T18:13:59.235+0000] {processor.py:161} INFO - Started process (PID=149) to work on /home/airflow/.local/lib/python3.11/site-packages/airflow/example_dags/tutorial_objectstorage.py
[2024-03-07T18:13:59.239+0000] {processor.py:830} INFO - Processing file /home/airflow/.local/lib/python3.11/site-packages/airflow/example_dags/tutorial_objectstorage.py for tasks to queue
[2024-03-07T18:13:59.246+0000] {logging_mixin.py:188} INFO - [2024-03-07T18:13:59.244+0000] {dagbag.py:540} INFO - Filling up the DagBag from /home/airflow/.local/lib/python3.11/site-packages/airflow/example_dags/tutorial_objectstorage.py
[2024-03-07T18:13:59.268+0000] {processor.py:840} INFO - DAG(s) 'tutorial_objectstorage' retrieved from /home/airflow/.local/lib/python3.11/site-packages/airflow/example_dags/tutorial_objectstorage.py
[2024-03-07T18:13:59.333+0000] {logging_mixin.py:188} INFO - [2024-03-07T18:13:59.332+0000] {dag.py:3047} INFO - Sync 1 DAGs
[2024-03-07T18:13:59.386+0000] {logging_mixin.py:188} INFO - [2024-03-07T18:13:59.385+0000] {dag.py:3834} INFO - Setting next_dagrun for tutorial_objectstorage to None, run_after=None
[2024-03-07T18:13:59.509+0000] {processor.py:183} INFO - Processing /home/airflow/.local/lib/python3.11/site-packages/airflow/example_dags/tutorial_objectstorage.py took 0.284 seconds
[2024-03-07T18:14:30.201+0000] {processor.py:161} INFO - Started process (PID=207) to work on /home/airflow/.local/lib/python3.11/site-packages/airflow/example_dags/tutorial_objectstorage.py
[2024-03-07T18:14:30.204+0000] {processor.py:830} INFO - Processing file /home/airflow/.local/lib/python3.11/site-packages/airflow/example_dags/tutorial_objectstorage.py for tasks to queue
[2024-03-07T18:14:30.218+0000] {logging_mixin.py:188} INFO - [2024-03-07T18:14:30.217+0000] {dagbag.py:540} INFO - Filling up the DagBag from /home/airflow/.local/lib/python3.11/site-packages/airflow/example_dags/tutorial_objectstorage.py
[2024-03-07T18:14:30.244+0000] {processor.py:840} INFO - DAG(s) 'tutorial_objectstorage' retrieved from /home/airflow/.local/lib/python3.11/site-packages/airflow/example_dags/tutorial_objectstorage.py
[2024-03-07T18:14:30.352+0000] {logging_mixin.py:188} INFO - [2024-03-07T18:14:30.349+0000] {dag.py:3047} INFO - Sync 1 DAGs
[2024-03-07T18:14:31.711+0000] {logging_mixin.py:188} INFO - [2024-03-07T18:14:31.710+0000] {dag.py:3834} INFO - Setting next_dagrun for tutorial_objectstorage to None, run_after=None
[2024-03-07T18:14:31.976+0000] {processor.py:183} INFO - Processing /home/airflow/.local/lib/python3.11/site-packages/airflow/example_dags/tutorial_objectstorage.py took 1.791 seconds
[2024-03-07T18:15:02.313+0000] {processor.py:161} INFO - Started process (PID=264) to work on /home/airflow/.local/lib/python3.11/site-packages/airflow/example_dags/tutorial_objectstorage.py
[2024-03-07T18:15:02.317+0000] {processor.py:830} INFO - Processing file /home/airflow/.local/lib/python3.11/site-packages/airflow/example_dags/tutorial_objectstorage.py for tasks to queue
[2024-03-07T18:15:02.329+0000] {logging_mixin.py:188} INFO - [2024-03-07T18:15:02.328+0000] {dagbag.py:540} INFO - Filling up the DagBag from /home/airflow/.local/lib/python3.11/site-packages/airflow/example_dags/tutorial_objectstorage.py
[2024-03-07T18:15:02.356+0000] {processor.py:840} INFO - DAG(s) 'tutorial_objectstorage' retrieved from /home/airflow/.local/lib/python3.11/site-packages/airflow/example_dags/tutorial_objectstorage.py
[2024-03-07T18:15:02.417+0000] {logging_mixin.py:188} INFO - [2024-03-07T18:15:02.416+0000] {dag.py:3047} INFO - Sync 1 DAGs
[2024-03-07T18:15:02.508+0000] {logging_mixin.py:188} INFO - [2024-03-07T18:15:02.508+0000] {dag.py:3834} INFO - Setting next_dagrun for tutorial_objectstorage to None, run_after=None
[2024-03-07T18:15:02.698+0000] {processor.py:183} INFO - Processing /home/airflow/.local/lib/python3.11/site-packages/airflow/example_dags/tutorial_objectstorage.py took 0.398 seconds
[2024-03-07T18:15:38.740+0000] {processor.py:161} INFO - Started process (PID=329) to work on /home/airflow/.local/lib/python3.11/site-packages/airflow/example_dags/tutorial_objectstorage.py
[2024-03-07T18:15:38.743+0000] {processor.py:830} INFO - Processing file /home/airflow/.local/lib/python3.11/site-packages/airflow/example_dags/tutorial_objectstorage.py for tasks to queue
[2024-03-07T18:15:38.755+0000] {logging_mixin.py:188} INFO - [2024-03-07T18:15:38.754+0000] {dagbag.py:540} INFO - Filling up the DagBag from /home/airflow/.local/lib/python3.11/site-packages/airflow/example_dags/tutorial_objectstorage.py
[2024-03-07T18:15:38.815+0000] {processor.py:840} INFO - DAG(s) 'tutorial_objectstorage' retrieved from /home/airflow/.local/lib/python3.11/site-packages/airflow/example_dags/tutorial_objectstorage.py
[2024-03-07T18:15:39.388+0000] {logging_mixin.py:188} INFO - [2024-03-07T18:15:39.387+0000] {dag.py:3047} INFO - Sync 1 DAGs
[2024-03-07T18:15:39.460+0000] {logging_mixin.py:188} INFO - [2024-03-07T18:15:39.459+0000] {dag.py:3834} INFO - Setting next_dagrun for tutorial_objectstorage to None, run_after=None
[2024-03-07T18:15:39.691+0000] {processor.py:183} INFO - Processing /home/airflow/.local/lib/python3.11/site-packages/airflow/example_dags/tutorial_objectstorage.py took 0.962 seconds
[2024-03-07T18:16:10.410+0000] {processor.py:161} INFO - Started process (PID=387) to work on /home/airflow/.local/lib/python3.11/site-packages/airflow/example_dags/tutorial_objectstorage.py
[2024-03-07T18:16:10.413+0000] {processor.py:830} INFO - Processing file /home/airflow/.local/lib/python3.11/site-packages/airflow/example_dags/tutorial_objectstorage.py for tasks to queue
[2024-03-07T18:16:10.417+0000] {logging_mixin.py:188} INFO - [2024-03-07T18:16:10.416+0000] {dagbag.py:540} INFO - Filling up the DagBag from /home/airflow/.local/lib/python3.11/site-packages/airflow/example_dags/tutorial_objectstorage.py
[2024-03-07T18:16:10.431+0000] {processor.py:840} INFO - DAG(s) 'tutorial_objectstorage' retrieved from /home/airflow/.local/lib/python3.11/site-packages/airflow/example_dags/tutorial_objectstorage.py
[2024-03-07T18:16:10.472+0000] {logging_mixin.py:188} INFO - [2024-03-07T18:16:10.472+0000] {dag.py:3047} INFO - Sync 1 DAGs
[2024-03-07T18:16:10.499+0000] {logging_mixin.py:188} INFO - [2024-03-07T18:16:10.499+0000] {dag.py:3834} INFO - Setting next_dagrun for tutorial_objectstorage to None, run_after=None
[2024-03-07T18:16:10.553+0000] {processor.py:183} INFO - Processing /home/airflow/.local/lib/python3.11/site-packages/airflow/example_dags/tutorial_objectstorage.py took 0.149 seconds
[2024-03-07T18:16:41.407+0000] {processor.py:161} INFO - Started process (PID=445) to work on /home/airflow/.local/lib/python3.11/site-packages/airflow/example_dags/tutorial_objectstorage.py
[2024-03-07T18:16:41.412+0000] {processor.py:830} INFO - Processing file /home/airflow/.local/lib/python3.11/site-packages/airflow/example_dags/tutorial_objectstorage.py for tasks to queue
[2024-03-07T18:16:41.419+0000] {logging_mixin.py:188} INFO - [2024-03-07T18:16:41.418+0000] {dagbag.py:540} INFO - Filling up the DagBag from /home/airflow/.local/lib/python3.11/site-packages/airflow/example_dags/tutorial_objectstorage.py
[2024-03-07T18:16:41.440+0000] {processor.py:840} INFO - DAG(s) 'tutorial_objectstorage' retrieved from /home/airflow/.local/lib/python3.11/site-packages/airflow/example_dags/tutorial_objectstorage.py
[2024-03-07T18:16:41.498+0000] {logging_mixin.py:188} INFO - [2024-03-07T18:16:41.497+0000] {dag.py:3047} INFO - Sync 1 DAGs
[2024-03-07T18:16:41.531+0000] {logging_mixin.py:188} INFO - [2024-03-07T18:16:41.531+0000] {dag.py:3834} INFO - Setting next_dagrun for tutorial_objectstorage to None, run_after=None
[2024-03-07T18:16:41.591+0000] {processor.py:183} INFO - Processing /home/airflow/.local/lib/python3.11/site-packages/airflow/example_dags/tutorial_objectstorage.py took 0.191 seconds
[2024-03-07T18:17:11.878+0000] {processor.py:161} INFO - Started process (PID=502) to work on /home/airflow/.local/lib/python3.11/site-packages/airflow/example_dags/tutorial_objectstorage.py
[2024-03-07T18:17:11.881+0000] {processor.py:830} INFO - Processing file /home/airflow/.local/lib/python3.11/site-packages/airflow/example_dags/tutorial_objectstorage.py for tasks to queue
[2024-03-07T18:17:11.887+0000] {logging_mixin.py:188} INFO - [2024-03-07T18:17:11.886+0000] {dagbag.py:540} INFO - Filling up the DagBag from /home/airflow/.local/lib/python3.11/site-packages/airflow/example_dags/tutorial_objectstorage.py
[2024-03-07T18:17:11.903+0000] {processor.py:840} INFO - DAG(s) 'tutorial_objectstorage' retrieved from /home/airflow/.local/lib/python3.11/site-packages/airflow/example_dags/tutorial_objectstorage.py
[2024-03-07T18:17:11.962+0000] {logging_mixin.py:188} INFO - [2024-03-07T18:17:11.961+0000] {dag.py:3047} INFO - Sync 1 DAGs
[2024-03-07T18:17:11.996+0000] {logging_mixin.py:188} INFO - [2024-03-07T18:17:11.995+0000] {dag.py:3834} INFO - Setting next_dagrun for tutorial_objectstorage to None, run_after=None
[2024-03-07T18:17:12.070+0000] {processor.py:183} INFO - Processing /home/airflow/.local/lib/python3.11/site-packages/airflow/example_dags/tutorial_objectstorage.py took 0.199 seconds
[2024-03-07T18:17:42.715+0000] {processor.py:161} INFO - Started process (PID=560) to work on /home/airflow/.local/lib/python3.11/site-packages/airflow/example_dags/tutorial_objectstorage.py
[2024-03-07T18:17:42.717+0000] {processor.py:830} INFO - Processing file /home/airflow/.local/lib/python3.11/site-packages/airflow/example_dags/tutorial_objectstorage.py for tasks to queue
[2024-03-07T18:17:42.723+0000] {logging_mixin.py:188} INFO - [2024-03-07T18:17:42.722+0000] {dagbag.py:540} INFO - Filling up the DagBag from /home/airflow/.local/lib/python3.11/site-packages/airflow/example_dags/tutorial_objectstorage.py
[2024-03-07T18:17:42.738+0000] {processor.py:840} INFO - DAG(s) 'tutorial_objectstorage' retrieved from /home/airflow/.local/lib/python3.11/site-packages/airflow/example_dags/tutorial_objectstorage.py
[2024-03-07T18:17:42.809+0000] {logging_mixin.py:188} INFO - [2024-03-07T18:17:42.807+0000] {dag.py:3047} INFO - Sync 1 DAGs
[2024-03-07T18:17:42.851+0000] {logging_mixin.py:188} INFO - [2024-03-07T18:17:42.851+0000] {dag.py:3834} INFO - Setting next_dagrun for tutorial_objectstorage to None, run_after=None
[2024-03-07T18:17:42.916+0000] {processor.py:183} INFO - Processing /home/airflow/.local/lib/python3.11/site-packages/airflow/example_dags/tutorial_objectstorage.py took 0.209 seconds
[2024-03-07T18:18:13.500+0000] {processor.py:161} INFO - Started process (PID=618) to work on /home/airflow/.local/lib/python3.11/site-packages/airflow/example_dags/tutorial_objectstorage.py
[2024-03-07T18:18:13.504+0000] {processor.py:830} INFO - Processing file /home/airflow/.local/lib/python3.11/site-packages/airflow/example_dags/tutorial_objectstorage.py for tasks to queue
[2024-03-07T18:18:13.515+0000] {logging_mixin.py:188} INFO - [2024-03-07T18:18:13.514+0000] {dagbag.py:540} INFO - Filling up the DagBag from /home/airflow/.local/lib/python3.11/site-packages/airflow/example_dags/tutorial_objectstorage.py
[2024-03-07T18:18:13.543+0000] {processor.py:840} INFO - DAG(s) 'tutorial_objectstorage' retrieved from /home/airflow/.local/lib/python3.11/site-packages/airflow/example_dags/tutorial_objectstorage.py
[2024-03-07T18:18:13.597+0000] {logging_mixin.py:188} INFO - [2024-03-07T18:18:13.596+0000] {dag.py:3047} INFO - Sync 1 DAGs
[2024-03-07T18:18:13.626+0000] {logging_mixin.py:188} INFO - [2024-03-07T18:18:13.625+0000] {dag.py:3834} INFO - Setting next_dagrun for tutorial_objectstorage to None, run_after=None
[2024-03-07T18:18:13.681+0000] {processor.py:183} INFO - Processing /home/airflow/.local/lib/python3.11/site-packages/airflow/example_dags/tutorial_objectstorage.py took 0.188 seconds
[2024-03-07T18:18:44.471+0000] {processor.py:161} INFO - Started process (PID=676) to work on /home/airflow/.local/lib/python3.11/site-packages/airflow/example_dags/tutorial_objectstorage.py
[2024-03-07T18:18:44.473+0000] {processor.py:830} INFO - Processing file /home/airflow/.local/lib/python3.11/site-packages/airflow/example_dags/tutorial_objectstorage.py for tasks to queue
[2024-03-07T18:18:44.478+0000] {logging_mixin.py:188} INFO - [2024-03-07T18:18:44.477+0000] {dagbag.py:540} INFO - Filling up the DagBag from /home/airflow/.local/lib/python3.11/site-packages/airflow/example_dags/tutorial_objectstorage.py
[2024-03-07T18:18:44.491+0000] {processor.py:840} INFO - DAG(s) 'tutorial_objectstorage' retrieved from /home/airflow/.local/lib/python3.11/site-packages/airflow/example_dags/tutorial_objectstorage.py
[2024-03-07T18:18:44.539+0000] {logging_mixin.py:188} INFO - [2024-03-07T18:18:44.539+0000] {dag.py:3047} INFO - Sync 1 DAGs
[2024-03-07T18:18:44.575+0000] {logging_mixin.py:188} INFO - [2024-03-07T18:18:44.574+0000] {dag.py:3834} INFO - Setting next_dagrun for tutorial_objectstorage to None, run_after=None
[2024-03-07T18:18:44.629+0000] {processor.py:183} INFO - Processing /home/airflow/.local/lib/python3.11/site-packages/airflow/example_dags/tutorial_objectstorage.py took 0.165 seconds
[2024-03-07T18:19:14.794+0000] {processor.py:161} INFO - Started process (PID=735) to work on /home/airflow/.local/lib/python3.11/site-packages/airflow/example_dags/tutorial_objectstorage.py
[2024-03-07T18:19:14.796+0000] {processor.py:830} INFO - Processing file /home/airflow/.local/lib/python3.11/site-packages/airflow/example_dags/tutorial_objectstorage.py for tasks to queue
[2024-03-07T18:19:14.801+0000] {logging_mixin.py:188} INFO - [2024-03-07T18:19:14.800+0000] {dagbag.py:540} INFO - Filling up the DagBag from /home/airflow/.local/lib/python3.11/site-packages/airflow/example_dags/tutorial_objectstorage.py
[2024-03-07T18:19:14.815+0000] {processor.py:840} INFO - DAG(s) 'tutorial_objectstorage' retrieved from /home/airflow/.local/lib/python3.11/site-packages/airflow/example_dags/tutorial_objectstorage.py
[2024-03-07T18:19:14.862+0000] {logging_mixin.py:188} INFO - [2024-03-07T18:19:14.861+0000] {dag.py:3047} INFO - Sync 1 DAGs
[2024-03-07T18:19:14.888+0000] {logging_mixin.py:188} INFO - [2024-03-07T18:19:14.887+0000] {dag.py:3834} INFO - Setting next_dagrun for tutorial_objectstorage to None, run_after=None
[2024-03-07T18:19:14.945+0000] {processor.py:183} INFO - Processing /home/airflow/.local/lib/python3.11/site-packages/airflow/example_dags/tutorial_objectstorage.py took 0.156 seconds
[2024-03-07T18:19:45.110+0000] {processor.py:161} INFO - Started process (PID=793) to work on /home/airflow/.local/lib/python3.11/site-packages/airflow/example_dags/tutorial_objectstorage.py
[2024-03-07T18:19:45.112+0000] {processor.py:830} INFO - Processing file /home/airflow/.local/lib/python3.11/site-packages/airflow/example_dags/tutorial_objectstorage.py for tasks to queue
[2024-03-07T18:19:45.117+0000] {logging_mixin.py:188} INFO - [2024-03-07T18:19:45.116+0000] {dagbag.py:540} INFO - Filling up the DagBag from /home/airflow/.local/lib/python3.11/site-packages/airflow/example_dags/tutorial_objectstorage.py
[2024-03-07T18:19:45.129+0000] {processor.py:840} INFO - DAG(s) 'tutorial_objectstorage' retrieved from /home/airflow/.local/lib/python3.11/site-packages/airflow/example_dags/tutorial_objectstorage.py
[2024-03-07T18:19:45.177+0000] {logging_mixin.py:188} INFO - [2024-03-07T18:19:45.176+0000] {dag.py:3047} INFO - Sync 1 DAGs
[2024-03-07T18:19:45.207+0000] {logging_mixin.py:188} INFO - [2024-03-07T18:19:45.207+0000] {dag.py:3834} INFO - Setting next_dagrun for tutorial_objectstorage to None, run_after=None
[2024-03-07T18:19:45.289+0000] {processor.py:183} INFO - Processing /home/airflow/.local/lib/python3.11/site-packages/airflow/example_dags/tutorial_objectstorage.py took 0.183 seconds
[2024-03-07T18:20:15.984+0000] {processor.py:161} INFO - Started process (PID=850) to work on /home/airflow/.local/lib/python3.11/site-packages/airflow/example_dags/tutorial_objectstorage.py
[2024-03-07T18:20:15.986+0000] {processor.py:830} INFO - Processing file /home/airflow/.local/lib/python3.11/site-packages/airflow/example_dags/tutorial_objectstorage.py for tasks to queue
[2024-03-07T18:20:15.990+0000] {logging_mixin.py:188} INFO - [2024-03-07T18:20:15.989+0000] {dagbag.py:540} INFO - Filling up the DagBag from /home/airflow/.local/lib/python3.11/site-packages/airflow/example_dags/tutorial_objectstorage.py
[2024-03-07T18:20:16.001+0000] {processor.py:840} INFO - DAG(s) 'tutorial_objectstorage' retrieved from /home/airflow/.local/lib/python3.11/site-packages/airflow/example_dags/tutorial_objectstorage.py
[2024-03-07T18:20:16.042+0000] {logging_mixin.py:188} INFO - [2024-03-07T18:20:16.041+0000] {dag.py:3047} INFO - Sync 1 DAGs
[2024-03-07T18:20:16.065+0000] {logging_mixin.py:188} INFO - [2024-03-07T18:20:16.064+0000] {dag.py:3834} INFO - Setting next_dagrun for tutorial_objectstorage to None, run_after=None
[2024-03-07T18:20:16.133+0000] {processor.py:183} INFO - Processing /home/airflow/.local/lib/python3.11/site-packages/airflow/example_dags/tutorial_objectstorage.py took 0.154 seconds
[2024-03-07T18:20:46.400+0000] {processor.py:161} INFO - Started process (PID=908) to work on /home/airflow/.local/lib/python3.11/site-packages/airflow/example_dags/tutorial_objectstorage.py
[2024-03-07T18:20:46.403+0000] {processor.py:830} INFO - Processing file /home/airflow/.local/lib/python3.11/site-packages/airflow/example_dags/tutorial_objectstorage.py for tasks to queue
[2024-03-07T18:20:46.410+0000] {logging_mixin.py:188} INFO - [2024-03-07T18:20:46.409+0000] {dagbag.py:540} INFO - Filling up the DagBag from /home/airflow/.local/lib/python3.11/site-packages/airflow/example_dags/tutorial_objectstorage.py
[2024-03-07T18:20:46.427+0000] {processor.py:840} INFO - DAG(s) 'tutorial_objectstorage' retrieved from /home/airflow/.local/lib/python3.11/site-packages/airflow/example_dags/tutorial_objectstorage.py
[2024-03-07T18:20:46.470+0000] {logging_mixin.py:188} INFO - [2024-03-07T18:20:46.469+0000] {dag.py:3047} INFO - Sync 1 DAGs
[2024-03-07T18:20:46.496+0000] {logging_mixin.py:188} INFO - [2024-03-07T18:20:46.496+0000] {dag.py:3834} INFO - Setting next_dagrun for tutorial_objectstorage to None, run_after=None
[2024-03-07T18:20:46.557+0000] {processor.py:183} INFO - Processing /home/airflow/.local/lib/python3.11/site-packages/airflow/example_dags/tutorial_objectstorage.py took 0.180 seconds
[2024-03-07T18:21:17.313+0000] {processor.py:161} INFO - Started process (PID=965) to work on /home/airflow/.local/lib/python3.11/site-packages/airflow/example_dags/tutorial_objectstorage.py
[2024-03-07T18:21:17.316+0000] {processor.py:830} INFO - Processing file /home/airflow/.local/lib/python3.11/site-packages/airflow/example_dags/tutorial_objectstorage.py for tasks to queue
[2024-03-07T18:21:17.322+0000] {logging_mixin.py:188} INFO - [2024-03-07T18:21:17.321+0000] {dagbag.py:540} INFO - Filling up the DagBag from /home/airflow/.local/lib/python3.11/site-packages/airflow/example_dags/tutorial_objectstorage.py
[2024-03-07T18:21:17.338+0000] {processor.py:840} INFO - DAG(s) 'tutorial_objectstorage' retrieved from /home/airflow/.local/lib/python3.11/site-packages/airflow/example_dags/tutorial_objectstorage.py
[2024-03-07T18:21:17.380+0000] {logging_mixin.py:188} INFO - [2024-03-07T18:21:17.380+0000] {dag.py:3047} INFO - Sync 1 DAGs
[2024-03-07T18:21:17.415+0000] {logging_mixin.py:188} INFO - [2024-03-07T18:21:17.414+0000] {dag.py:3834} INFO - Setting next_dagrun for tutorial_objectstorage to None, run_after=None
[2024-03-07T18:21:17.473+0000] {processor.py:183} INFO - Processing /home/airflow/.local/lib/python3.11/site-packages/airflow/example_dags/tutorial_objectstorage.py took 0.171 seconds
[2024-03-07T18:21:48.274+0000] {processor.py:161} INFO - Started process (PID=1023) to work on /home/airflow/.local/lib/python3.11/site-packages/airflow/example_dags/tutorial_objectstorage.py
[2024-03-07T18:21:48.276+0000] {processor.py:830} INFO - Processing file /home/airflow/.local/lib/python3.11/site-packages/airflow/example_dags/tutorial_objectstorage.py for tasks to queue
[2024-03-07T18:21:48.281+0000] {logging_mixin.py:188} INFO - [2024-03-07T18:21:48.280+0000] {dagbag.py:540} INFO - Filling up the DagBag from /home/airflow/.local/lib/python3.11/site-packages/airflow/example_dags/tutorial_objectstorage.py
[2024-03-07T18:21:48.297+0000] {processor.py:840} INFO - DAG(s) 'tutorial_objectstorage' retrieved from /home/airflow/.local/lib/python3.11/site-packages/airflow/example_dags/tutorial_objectstorage.py
[2024-03-07T18:21:48.340+0000] {logging_mixin.py:188} INFO - [2024-03-07T18:21:48.339+0000] {dag.py:3047} INFO - Sync 1 DAGs
[2024-03-07T18:21:48.374+0000] {logging_mixin.py:188} INFO - [2024-03-07T18:21:48.373+0000] {dag.py:3834} INFO - Setting next_dagrun for tutorial_objectstorage to None, run_after=None
[2024-03-07T18:21:48.430+0000] {processor.py:183} INFO - Processing /home/airflow/.local/lib/python3.11/site-packages/airflow/example_dags/tutorial_objectstorage.py took 0.162 seconds
[2024-03-07T18:22:19.236+0000] {processor.py:161} INFO - Started process (PID=1081) to work on /home/airflow/.local/lib/python3.11/site-packages/airflow/example_dags/tutorial_objectstorage.py
[2024-03-07T18:22:19.239+0000] {processor.py:830} INFO - Processing file /home/airflow/.local/lib/python3.11/site-packages/airflow/example_dags/tutorial_objectstorage.py for tasks to queue
[2024-03-07T18:22:19.243+0000] {logging_mixin.py:188} INFO - [2024-03-07T18:22:19.242+0000] {dagbag.py:540} INFO - Filling up the DagBag from /home/airflow/.local/lib/python3.11/site-packages/airflow/example_dags/tutorial_objectstorage.py
[2024-03-07T18:22:19.255+0000] {processor.py:840} INFO - DAG(s) 'tutorial_objectstorage' retrieved from /home/airflow/.local/lib/python3.11/site-packages/airflow/example_dags/tutorial_objectstorage.py
[2024-03-07T18:22:19.294+0000] {logging_mixin.py:188} INFO - [2024-03-07T18:22:19.293+0000] {dag.py:3047} INFO - Sync 1 DAGs
[2024-03-07T18:22:19.320+0000] {logging_mixin.py:188} INFO - [2024-03-07T18:22:19.319+0000] {dag.py:3834} INFO - Setting next_dagrun for tutorial_objectstorage to None, run_after=None
[2024-03-07T18:22:19.372+0000] {processor.py:183} INFO - Processing /home/airflow/.local/lib/python3.11/site-packages/airflow/example_dags/tutorial_objectstorage.py took 0.141 seconds
[2024-03-07T18:22:51.040+0000] {processor.py:161} INFO - Started process (PID=1140) to work on /home/airflow/.local/lib/python3.11/site-packages/airflow/example_dags/tutorial_objectstorage.py
[2024-03-07T18:22:51.042+0000] {processor.py:830} INFO - Processing file /home/airflow/.local/lib/python3.11/site-packages/airflow/example_dags/tutorial_objectstorage.py for tasks to queue
[2024-03-07T18:22:51.046+0000] {logging_mixin.py:188} INFO - [2024-03-07T18:22:51.045+0000] {dagbag.py:540} INFO - Filling up the DagBag from /home/airflow/.local/lib/python3.11/site-packages/airflow/example_dags/tutorial_objectstorage.py
[2024-03-07T18:22:51.057+0000] {processor.py:840} INFO - DAG(s) 'tutorial_objectstorage' retrieved from /home/airflow/.local/lib/python3.11/site-packages/airflow/example_dags/tutorial_objectstorage.py
[2024-03-07T18:22:51.098+0000] {logging_mixin.py:188} INFO - [2024-03-07T18:22:51.097+0000] {dag.py:3047} INFO - Sync 1 DAGs
[2024-03-07T18:22:51.121+0000] {logging_mixin.py:188} INFO - [2024-03-07T18:22:51.120+0000] {dag.py:3834} INFO - Setting next_dagrun for tutorial_objectstorage to None, run_after=None
[2024-03-07T18:22:51.172+0000] {processor.py:183} INFO - Processing /home/airflow/.local/lib/python3.11/site-packages/airflow/example_dags/tutorial_objectstorage.py took 0.136 seconds
[2024-03-07T18:23:21.688+0000] {processor.py:161} INFO - Started process (PID=1198) to work on /home/airflow/.local/lib/python3.11/site-packages/airflow/example_dags/tutorial_objectstorage.py
[2024-03-07T18:23:21.690+0000] {processor.py:830} INFO - Processing file /home/airflow/.local/lib/python3.11/site-packages/airflow/example_dags/tutorial_objectstorage.py for tasks to queue
[2024-03-07T18:23:21.694+0000] {logging_mixin.py:188} INFO - [2024-03-07T18:23:21.693+0000] {dagbag.py:540} INFO - Filling up the DagBag from /home/airflow/.local/lib/python3.11/site-packages/airflow/example_dags/tutorial_objectstorage.py
[2024-03-07T18:23:21.709+0000] {processor.py:840} INFO - DAG(s) 'tutorial_objectstorage' retrieved from /home/airflow/.local/lib/python3.11/site-packages/airflow/example_dags/tutorial_objectstorage.py
[2024-03-07T18:23:21.746+0000] {logging_mixin.py:188} INFO - [2024-03-07T18:23:21.746+0000] {dag.py:3047} INFO - Sync 1 DAGs
[2024-03-07T18:23:21.769+0000] {logging_mixin.py:188} INFO - [2024-03-07T18:23:21.768+0000] {dag.py:3834} INFO - Setting next_dagrun for tutorial_objectstorage to None, run_after=None
[2024-03-07T18:23:21.819+0000] {processor.py:183} INFO - Processing /home/airflow/.local/lib/python3.11/site-packages/airflow/example_dags/tutorial_objectstorage.py took 0.136 seconds
[2024-03-07T18:23:52.785+0000] {processor.py:161} INFO - Started process (PID=1257) to work on /home/airflow/.local/lib/python3.11/site-packages/airflow/example_dags/tutorial_objectstorage.py
[2024-03-07T18:23:52.787+0000] {processor.py:830} INFO - Processing file /home/airflow/.local/lib/python3.11/site-packages/airflow/example_dags/tutorial_objectstorage.py for tasks to queue
[2024-03-07T18:23:52.791+0000] {logging_mixin.py:188} INFO - [2024-03-07T18:23:52.790+0000] {dagbag.py:540} INFO - Filling up the DagBag from /home/airflow/.local/lib/python3.11/site-packages/airflow/example_dags/tutorial_objectstorage.py
[2024-03-07T18:23:52.803+0000] {processor.py:840} INFO - DAG(s) 'tutorial_objectstorage' retrieved from /home/airflow/.local/lib/python3.11/site-packages/airflow/example_dags/tutorial_objectstorage.py
[2024-03-07T18:23:52.840+0000] {logging_mixin.py:188} INFO - [2024-03-07T18:23:52.839+0000] {dag.py:3047} INFO - Sync 1 DAGs
[2024-03-07T18:23:52.867+0000] {logging_mixin.py:188} INFO - [2024-03-07T18:23:52.867+0000] {dag.py:3834} INFO - Setting next_dagrun for tutorial_objectstorage to None, run_after=None
[2024-03-07T18:23:52.941+0000] {processor.py:183} INFO - Processing /home/airflow/.local/lib/python3.11/site-packages/airflow/example_dags/tutorial_objectstorage.py took 0.161 seconds
[2024-03-07T18:24:25.413+0000] {processor.py:161} INFO - Started process (PID=1315) to work on /home/airflow/.local/lib/python3.11/site-packages/airflow/example_dags/tutorial_objectstorage.py
[2024-03-07T18:24:25.415+0000] {processor.py:830} INFO - Processing file /home/airflow/.local/lib/python3.11/site-packages/airflow/example_dags/tutorial_objectstorage.py for tasks to queue
[2024-03-07T18:24:25.420+0000] {logging_mixin.py:188} INFO - [2024-03-07T18:24:25.419+0000] {dagbag.py:540} INFO - Filling up the DagBag from /home/airflow/.local/lib/python3.11/site-packages/airflow/example_dags/tutorial_objectstorage.py
[2024-03-07T18:24:25.433+0000] {processor.py:840} INFO - DAG(s) 'tutorial_objectstorage' retrieved from /home/airflow/.local/lib/python3.11/site-packages/airflow/example_dags/tutorial_objectstorage.py
[2024-03-07T18:24:25.473+0000] {logging_mixin.py:188} INFO - [2024-03-07T18:24:25.472+0000] {dag.py:3047} INFO - Sync 1 DAGs
[2024-03-07T18:24:25.510+0000] {logging_mixin.py:188} INFO - [2024-03-07T18:24:25.509+0000] {dag.py:3834} INFO - Setting next_dagrun for tutorial_objectstorage to None, run_after=None
[2024-03-07T18:24:25.575+0000] {processor.py:183} INFO - Processing /home/airflow/.local/lib/python3.11/site-packages/airflow/example_dags/tutorial_objectstorage.py took 0.167 seconds
[2024-03-07T18:24:56.361+0000] {processor.py:161} INFO - Started process (PID=1373) to work on /home/airflow/.local/lib/python3.11/site-packages/airflow/example_dags/tutorial_objectstorage.py
[2024-03-07T18:24:56.363+0000] {processor.py:830} INFO - Processing file /home/airflow/.local/lib/python3.11/site-packages/airflow/example_dags/tutorial_objectstorage.py for tasks to queue
[2024-03-07T18:24:56.368+0000] {logging_mixin.py:188} INFO - [2024-03-07T18:24:56.366+0000] {dagbag.py:540} INFO - Filling up the DagBag from /home/airflow/.local/lib/python3.11/site-packages/airflow/example_dags/tutorial_objectstorage.py
[2024-03-07T18:24:56.380+0000] {processor.py:840} INFO - DAG(s) 'tutorial_objectstorage' retrieved from /home/airflow/.local/lib/python3.11/site-packages/airflow/example_dags/tutorial_objectstorage.py
[2024-03-07T18:24:56.431+0000] {logging_mixin.py:188} INFO - [2024-03-07T18:24:56.431+0000] {dag.py:3047} INFO - Sync 1 DAGs
[2024-03-07T18:24:56.464+0000] {logging_mixin.py:188} INFO - [2024-03-07T18:24:56.463+0000] {dag.py:3834} INFO - Setting next_dagrun for tutorial_objectstorage to None, run_after=None
[2024-03-07T18:24:56.531+0000] {processor.py:183} INFO - Processing /home/airflow/.local/lib/python3.11/site-packages/airflow/example_dags/tutorial_objectstorage.py took 0.176 seconds
[2024-03-07T18:25:28.405+0000] {processor.py:161} INFO - Started process (PID=1433) to work on /home/airflow/.local/lib/python3.11/site-packages/airflow/example_dags/tutorial_objectstorage.py
[2024-03-07T18:25:28.409+0000] {processor.py:830} INFO - Processing file /home/airflow/.local/lib/python3.11/site-packages/airflow/example_dags/tutorial_objectstorage.py for tasks to queue
[2024-03-07T18:25:28.415+0000] {logging_mixin.py:188} INFO - [2024-03-07T18:25:28.414+0000] {dagbag.py:540} INFO - Filling up the DagBag from /home/airflow/.local/lib/python3.11/site-packages/airflow/example_dags/tutorial_objectstorage.py
[2024-03-07T18:25:28.433+0000] {processor.py:840} INFO - DAG(s) 'tutorial_objectstorage' retrieved from /home/airflow/.local/lib/python3.11/site-packages/airflow/example_dags/tutorial_objectstorage.py
[2024-03-07T18:25:28.488+0000] {logging_mixin.py:188} INFO - [2024-03-07T18:25:28.487+0000] {dag.py:3047} INFO - Sync 1 DAGs
[2024-03-07T18:25:28.532+0000] {logging_mixin.py:188} INFO - [2024-03-07T18:25:28.531+0000] {dag.py:3834} INFO - Setting next_dagrun for tutorial_objectstorage to None, run_after=None
[2024-03-07T18:25:28.604+0000] {processor.py:183} INFO - Processing /home/airflow/.local/lib/python3.11/site-packages/airflow/example_dags/tutorial_objectstorage.py took 0.206 seconds
[2024-03-07T18:26:00.176+0000] {processor.py:161} INFO - Started process (PID=1490) to work on /home/airflow/.local/lib/python3.11/site-packages/airflow/example_dags/tutorial_objectstorage.py
[2024-03-07T18:26:00.178+0000] {processor.py:830} INFO - Processing file /home/airflow/.local/lib/python3.11/site-packages/airflow/example_dags/tutorial_objectstorage.py for tasks to queue
[2024-03-07T18:26:00.183+0000] {logging_mixin.py:188} INFO - [2024-03-07T18:26:00.182+0000] {dagbag.py:540} INFO - Filling up the DagBag from /home/airflow/.local/lib/python3.11/site-packages/airflow/example_dags/tutorial_objectstorage.py
[2024-03-07T18:26:00.195+0000] {processor.py:840} INFO - DAG(s) 'tutorial_objectstorage' retrieved from /home/airflow/.local/lib/python3.11/site-packages/airflow/example_dags/tutorial_objectstorage.py
[2024-03-07T18:26:00.243+0000] {logging_mixin.py:188} INFO - [2024-03-07T18:26:00.242+0000] {dag.py:3047} INFO - Sync 1 DAGs
[2024-03-07T18:26:00.273+0000] {logging_mixin.py:188} INFO - [2024-03-07T18:26:00.273+0000] {dag.py:3834} INFO - Setting next_dagrun for tutorial_objectstorage to None, run_after=None
[2024-03-07T18:26:00.328+0000] {processor.py:183} INFO - Processing /home/airflow/.local/lib/python3.11/site-packages/airflow/example_dags/tutorial_objectstorage.py took 0.160 seconds
[2024-03-07T18:26:31.852+0000] {processor.py:161} INFO - Started process (PID=1547) to work on /home/airflow/.local/lib/python3.11/site-packages/airflow/example_dags/tutorial_objectstorage.py
[2024-03-07T18:26:31.854+0000] {processor.py:830} INFO - Processing file /home/airflow/.local/lib/python3.11/site-packages/airflow/example_dags/tutorial_objectstorage.py for tasks to queue
[2024-03-07T18:26:31.859+0000] {logging_mixin.py:188} INFO - [2024-03-07T18:26:31.858+0000] {dagbag.py:540} INFO - Filling up the DagBag from /home/airflow/.local/lib/python3.11/site-packages/airflow/example_dags/tutorial_objectstorage.py
[2024-03-07T18:26:31.871+0000] {processor.py:840} INFO - DAG(s) 'tutorial_objectstorage' retrieved from /home/airflow/.local/lib/python3.11/site-packages/airflow/example_dags/tutorial_objectstorage.py
[2024-03-07T18:26:31.917+0000] {logging_mixin.py:188} INFO - [2024-03-07T18:26:31.916+0000] {dag.py:3047} INFO - Sync 1 DAGs
[2024-03-07T18:26:31.941+0000] {logging_mixin.py:188} INFO - [2024-03-07T18:26:31.941+0000] {dag.py:3834} INFO - Setting next_dagrun for tutorial_objectstorage to None, run_after=None
[2024-03-07T18:26:31.989+0000] {processor.py:183} INFO - Processing /home/airflow/.local/lib/python3.11/site-packages/airflow/example_dags/tutorial_objectstorage.py took 0.143 seconds
[2024-03-07T18:27:03.696+0000] {processor.py:161} INFO - Started process (PID=1605) to work on /home/airflow/.local/lib/python3.11/site-packages/airflow/example_dags/tutorial_objectstorage.py
[2024-03-07T18:27:03.699+0000] {processor.py:830} INFO - Processing file /home/airflow/.local/lib/python3.11/site-packages/airflow/example_dags/tutorial_objectstorage.py for tasks to queue
[2024-03-07T18:27:03.703+0000] {logging_mixin.py:188} INFO - [2024-03-07T18:27:03.702+0000] {dagbag.py:540} INFO - Filling up the DagBag from /home/airflow/.local/lib/python3.11/site-packages/airflow/example_dags/tutorial_objectstorage.py
[2024-03-07T18:27:03.715+0000] {processor.py:840} INFO - DAG(s) 'tutorial_objectstorage' retrieved from /home/airflow/.local/lib/python3.11/site-packages/airflow/example_dags/tutorial_objectstorage.py
[2024-03-07T18:27:03.800+0000] {logging_mixin.py:188} INFO - [2024-03-07T18:27:03.789+0000] {dag.py:3047} INFO - Sync 1 DAGs
[2024-03-07T18:27:03.973+0000] {logging_mixin.py:188} INFO - [2024-03-07T18:27:03.972+0000] {dag.py:3834} INFO - Setting next_dagrun for tutorial_objectstorage to None, run_after=None
[2024-03-07T18:27:04.075+0000] {processor.py:183} INFO - Processing /home/airflow/.local/lib/python3.11/site-packages/airflow/example_dags/tutorial_objectstorage.py took 0.385 seconds
[2024-03-07T18:27:36.625+0000] {processor.py:161} INFO - Started process (PID=1662) to work on /home/airflow/.local/lib/python3.11/site-packages/airflow/example_dags/tutorial_objectstorage.py
[2024-03-07T18:27:36.627+0000] {processor.py:830} INFO - Processing file /home/airflow/.local/lib/python3.11/site-packages/airflow/example_dags/tutorial_objectstorage.py for tasks to queue
[2024-03-07T18:27:36.632+0000] {logging_mixin.py:188} INFO - [2024-03-07T18:27:36.631+0000] {dagbag.py:540} INFO - Filling up the DagBag from /home/airflow/.local/lib/python3.11/site-packages/airflow/example_dags/tutorial_objectstorage.py
[2024-03-07T18:27:36.645+0000] {processor.py:840} INFO - DAG(s) 'tutorial_objectstorage' retrieved from /home/airflow/.local/lib/python3.11/site-packages/airflow/example_dags/tutorial_objectstorage.py
[2024-03-07T18:27:36.690+0000] {logging_mixin.py:188} INFO - [2024-03-07T18:27:36.689+0000] {dag.py:3047} INFO - Sync 1 DAGs
[2024-03-07T18:27:36.722+0000] {logging_mixin.py:188} INFO - [2024-03-07T18:27:36.722+0000] {dag.py:3834} INFO - Setting next_dagrun for tutorial_objectstorage to None, run_after=None
[2024-03-07T18:27:36.778+0000] {processor.py:183} INFO - Processing /home/airflow/.local/lib/python3.11/site-packages/airflow/example_dags/tutorial_objectstorage.py took 0.158 seconds
[2024-03-07T18:28:11.148+0000] {processor.py:161} INFO - Started process (PID=1720) to work on /home/airflow/.local/lib/python3.11/site-packages/airflow/example_dags/tutorial_objectstorage.py
[2024-03-07T18:28:11.150+0000] {processor.py:830} INFO - Processing file /home/airflow/.local/lib/python3.11/site-packages/airflow/example_dags/tutorial_objectstorage.py for tasks to queue
[2024-03-07T18:28:11.154+0000] {logging_mixin.py:188} INFO - [2024-03-07T18:28:11.153+0000] {dagbag.py:540} INFO - Filling up the DagBag from /home/airflow/.local/lib/python3.11/site-packages/airflow/example_dags/tutorial_objectstorage.py
[2024-03-07T18:28:11.169+0000] {processor.py:840} INFO - DAG(s) 'tutorial_objectstorage' retrieved from /home/airflow/.local/lib/python3.11/site-packages/airflow/example_dags/tutorial_objectstorage.py
[2024-03-07T18:28:11.214+0000] {logging_mixin.py:188} INFO - [2024-03-07T18:28:11.214+0000] {dag.py:3047} INFO - Sync 1 DAGs
[2024-03-07T18:28:11.244+0000] {logging_mixin.py:188} INFO - [2024-03-07T18:28:11.243+0000] {dag.py:3834} INFO - Setting next_dagrun for tutorial_objectstorage to None, run_after=None
[2024-03-07T18:28:11.299+0000] {processor.py:183} INFO - Processing /home/airflow/.local/lib/python3.11/site-packages/airflow/example_dags/tutorial_objectstorage.py took 0.156 seconds
[2024-03-07T18:28:41.485+0000] {processor.py:161} INFO - Started process (PID=1778) to work on /home/airflow/.local/lib/python3.11/site-packages/airflow/example_dags/tutorial_objectstorage.py
[2024-03-07T18:28:41.487+0000] {processor.py:830} INFO - Processing file /home/airflow/.local/lib/python3.11/site-packages/airflow/example_dags/tutorial_objectstorage.py for tasks to queue
[2024-03-07T18:28:41.491+0000] {logging_mixin.py:188} INFO - [2024-03-07T18:28:41.490+0000] {dagbag.py:540} INFO - Filling up the DagBag from /home/airflow/.local/lib/python3.11/site-packages/airflow/example_dags/tutorial_objectstorage.py
[2024-03-07T18:28:41.504+0000] {processor.py:840} INFO - DAG(s) 'tutorial_objectstorage' retrieved from /home/airflow/.local/lib/python3.11/site-packages/airflow/example_dags/tutorial_objectstorage.py
[2024-03-07T18:28:41.570+0000] {logging_mixin.py:188} INFO - [2024-03-07T18:28:41.569+0000] {dag.py:3047} INFO - Sync 1 DAGs
[2024-03-07T18:28:41.598+0000] {logging_mixin.py:188} INFO - [2024-03-07T18:28:41.598+0000] {dag.py:3834} INFO - Setting next_dagrun for tutorial_objectstorage to None, run_after=None
[2024-03-07T18:28:41.657+0000] {processor.py:183} INFO - Processing /home/airflow/.local/lib/python3.11/site-packages/airflow/example_dags/tutorial_objectstorage.py took 0.178 seconds
[2024-03-07T18:29:12.282+0000] {processor.py:161} INFO - Started process (PID=1837) to work on /home/airflow/.local/lib/python3.11/site-packages/airflow/example_dags/tutorial_objectstorage.py
[2024-03-07T18:29:12.285+0000] {processor.py:830} INFO - Processing file /home/airflow/.local/lib/python3.11/site-packages/airflow/example_dags/tutorial_objectstorage.py for tasks to queue
[2024-03-07T18:29:12.289+0000] {logging_mixin.py:188} INFO - [2024-03-07T18:29:12.288+0000] {dagbag.py:540} INFO - Filling up the DagBag from /home/airflow/.local/lib/python3.11/site-packages/airflow/example_dags/tutorial_objectstorage.py
[2024-03-07T18:29:12.301+0000] {processor.py:840} INFO - DAG(s) 'tutorial_objectstorage' retrieved from /home/airflow/.local/lib/python3.11/site-packages/airflow/example_dags/tutorial_objectstorage.py
[2024-03-07T18:29:12.344+0000] {logging_mixin.py:188} INFO - [2024-03-07T18:29:12.343+0000] {dag.py:3047} INFO - Sync 1 DAGs
[2024-03-07T18:29:12.367+0000] {logging_mixin.py:188} INFO - [2024-03-07T18:29:12.367+0000] {dag.py:3834} INFO - Setting next_dagrun for tutorial_objectstorage to None, run_after=None
[2024-03-07T18:29:12.420+0000] {processor.py:183} INFO - Processing /home/airflow/.local/lib/python3.11/site-packages/airflow/example_dags/tutorial_objectstorage.py took 0.143 seconds
